<?xml version="1.0" encoding="UTF-8"?>
<testsuites name="Regression" time="2649" tests="8" failures="1" errors="0">
   <testsuite name="Regression" tests="8" failures="1" errors="0" time="2649" timestamp="2018-09-29 10:40:08" hostname="Trang Nguyen - 192.168.1.8" id="Test Suites/Regression">
      <properties>
         <property name="deviceName" value=""/>
         <property name="devicePlatform" value=""/>
         <property name="logFolder" value="E:\\BeautytapAutomation\\beautytapAuto\\Beautytap\\Reports\\Regression\\20180929_104005"/>
         <property name="logFiles" value="E:\\BeautytapAutomation\\beautytapAuto\\Beautytap\\Reports\\Regression\\20180929_104005\\execution0.log"/>
         <property name="attachments" value="E:\\BeautytapAutomation\\beautytapAuto\\Beautytap\\Reports\\Regression\\20180929_104005\\1538192625778.png, E:\\BeautytapAutomation\\beautytapAuto\\Beautytap\\Reports\\Regression\\20180929_104005\\1538192626099.png, E:\\BeautytapAutomation\\beautytapAuto\\Beautytap\\Reports\\Regression\\20180929_104005\\1538192705095.png, E:\\BeautytapAutomation\\beautytapAuto\\Beautytap\\Reports\\Regression\\20180929_104005\\1538192705413.png, E:\\BeautytapAutomation\\beautytapAuto\\Beautytap\\Reports\\Regression\\20180929_104005\\1538192957232.png, E:\\BeautytapAutomation\\beautytapAuto\\Beautytap\\Reports\\Regression\\20180929_104005\\1538193033765.png, E:\\BeautytapAutomation\\beautytapAuto\\Beautytap\\Reports\\Regression\\20180929_104005\\1538193215823.png, E:\\BeautytapAutomation\\beautytapAuto\\Beautytap\\Reports\\Regression\\20180929_104005\\1538193359026.png, E:\\BeautytapAutomation\\beautytapAuto\\Beautytap\\Reports\\Regression\\20180929_104005\\1538193395914.png, E:\\BeautytapAutomation\\beautytapAuto\\Beautytap\\Reports\\Regression\\20180929_104005\\1538193494983.png, E:\\BeautytapAutomation\\beautytapAuto\\Beautytap\\Reports\\Regression\\20180929_104005\\1538193564332.png, E:\\BeautytapAutomation\\beautytapAuto\\Beautytap\\Reports\\Regression\\20180929_104005\\1538193598903.png, E:\\BeautytapAutomation\\beautytapAuto\\Beautytap\\Reports\\Regression\\20180929_104005\\1538193612951.png, E:\\BeautytapAutomation\\beautytapAuto\\Beautytap\\Reports\\Regression\\20180929_104005\\1538193633035.png, E:\\BeautytapAutomation\\beautytapAuto\\Beautytap\\Reports\\Regression\\20180929_104005\\1538193737591.png, E:\\BeautytapAutomation\\beautytapAuto\\Beautytap\\Reports\\Regression\\20180929_104005\\1538193938777.png, E:\\BeautytapAutomation\\beautytapAuto\\Beautytap\\Reports\\Regression\\20180929_104005\\1538193963097.png, E:\\BeautytapAutomation\\beautytapAuto\\Beautytap\\Reports\\Regression\\20180929_104005\\1538194088059.png, E:\\BeautytapAutomation\\beautytapAuto\\Beautytap\\Reports\\Regression\\20180929_104005\\1538194153942.png, E:\\BeautytapAutomation\\beautytapAuto\\Beautytap\\Reports\\Regression\\20180929_104005\\1538194232983.png, E:\\BeautytapAutomation\\beautytapAuto\\Beautytap\\Reports\\Regression\\20180929_104005\\1538194286947.png, E:\\BeautytapAutomation\\beautytapAuto\\Beautytap\\Reports\\Regression\\20180929_104005\\1538194316807.png, E:\\BeautytapAutomation\\beautytapAuto\\Beautytap\\Reports\\Regression\\20180929_104005\\1538194469580.png, E:\\BeautytapAutomation\\beautytapAuto\\Beautytap\\Reports\\Regression\\20180929_104005\\1538194791153.png"/>
         <property name="hostName" value="Trang Nguyen - 192.168.1.8"/>
         <property name="os" value="Windows 10 64bit"/>
         <property name="katalonVersion" value="5.5.0.1"/>
         <property name="browser" value="Chrome 69.0.3497.100"/>
         <property name="hostAddress" value="192.168.1.8"/>
         <property name="sessionId" value="82b549cb95ba50801ebbf815e2c0b18d"/>
         <property name="seleniumVersion" value="3.7.1"/>
         <property name="proxyInformation" value="ProxyInformation{proxyOption=NO_PROXY, proxyServerType=HTTP, password=, proxyServerAddress=, proxyServerPort=0}"/>
         <property name="platform" value="Windows 10"/>
      </properties>
      <testcase name="Test Cases/SignUp_Login_ResetPass/TC01_SignUp_Login_ResetPassword_Via_Email" classname="Test Cases/SignUp_Login_ResetPass/TC01_SignUp_Login_ResetPassword_Via_Email" status="PASSED">
         <system-out><![CDATA[2018-09-29 10:40:09 - [TEST_CASE][PASSED] - Test Cases/SignUp_Login_ResetPass/TC01_SignUp_Login_ResetPassword_Via_Email: Test Cases/SignUp_Login_ResetPass/TC01_SignUp_Login_ResetPassword_Via_Email

2018-09-29 10:40:10 - [TEST_STEP][PASSED] - Statement - r_string = new java.lang.Math().random().toString().substring(2, 8): null

2018-09-29 10:40:10 - [TEST_STEP][PASSED] - Statement - username = "auto" + r_string: null

2018-09-29 10:40:10 - [TEST_STEP][PASSED] - Statement - email = username + "@mailinator.com": null

2018-09-29 10:40:10 - [TEST_STEP][PASSED] - Statement - password = "123456": null

2018-09-29 10:40:10 - [TEST_STEP][PASSED] - Statement - newpassword = "test123": null

2018-09-29 10:40:10 - [TEST_STEP][PASSED] - Statement - name = "Auto User " + r_string: null

2018-09-29 10:40:10 - [TEST_STEP][PASSED] - Statement - birthday = "01/01/1990": null

2018-09-29 10:40:10 - [TEST_STEP][PASSED] - Statement - activation_subject = SITE_TITLE + " Activate your account": null

2018-09-29 10:40:11 - [TEST_STEP][PASSED] - Statement - resetpass_subject = SITE_TITLE + " Password Reset": null

2018-09-29 10:40:11 - [TEST_STEP][PASSED] - beautytap.GeneralAction.openBeautytap: beautytap.GeneralAction.openBeautytap is PASSED

2018-09-29 10:40:30 - [MESSAGE][PASSED] - Browser is opened with url: 'https://stage.beautytap.com'

2018-09-29 10:40:31 - [MESSAGE][PASSED] - Current window maximized

2018-09-29 10:40:34 - [MESSAGE][PASSED] - Refresh successfully

2018-09-29 10:40:34 - [MESSAGE][PASSED] - Wait for page load successfully

2018-09-29 10:40:34 - [MESSAGE][PASSED] - beautytap.GeneralAction.openBeautytap is PASSED

2018-09-29 10:40:34 - [TEST_STEP][PASSED] - beautytap.GeneralAction.clickNavigationMenu: beautytap.GeneralAction.clickNavigationMenu is PASSED

2018-09-29 10:40:37 - [MESSAGE][PASSED] - Object: 'Object Repository/Page_General/link_signup' is clicked on

2018-09-29 10:40:37 - [MESSAGE][PASSED] - Wait for page load successfully

2018-09-29 10:40:37 - [MESSAGE][PASSED] - beautytap.GeneralAction.clickNavigationMenu is PASSED

2018-09-29 10:40:37 - [TEST_STEP][PASSED] - beautytap.GeneralAction.signup: beautytap.GeneralAction.signup is PASSED

2018-09-29 10:40:37 - [MESSAGE][PASSED] - Keys 'auto614336' sent to object: 'Object Repository/Page_Signup/txt_username'

2018-09-29 10:40:38 - [MESSAGE][PASSED] - Keys 'auto614336@mailinator.com' sent to object: 'Object Repository/Page_Signup/txt_email'

2018-09-29 10:40:38 - [MESSAGE][PASSED] - Keys '123456' sent to object: 'Object Repository/Page_Signup/txt_password'

2018-09-29 10:40:38 - [MESSAGE][PASSED] - Keys 'Auto User 614336' sent to object: 'Object Repository/Page_Signup/txt_name'

2018-09-29 10:40:39 - [MESSAGE][PASSED] - Keys '01/01/1990' sent to object: 'Object Repository/Page_Signup/txt_birthday'

2018-09-29 10:40:39 - [MESSAGE][PASSED] - Object: 'Object Repository/Page_Signup/btn_signup' is clicked on

2018-09-29 10:40:39 - [MESSAGE][PASSED] - Wait for page load successfully

2018-09-29 10:40:39 - [MESSAGE][PASSED] - beautytap.GeneralAction.signup is PASSED

2018-09-29 10:40:39 - [TEST_STEP][PASSED] - verifyElementPresent: Object 'Object Repository/Page_Signup/lbl_sucessMessage' is present

2018-09-29 10:40:44 - [MESSAGE][PASSED] - Object 'Object Repository/Page_Signup/lbl_sucessMessage' is present

2018-09-29 10:40:44 - [TEST_STEP][PASSED] - beautytap.GeneralAction.openMailBox: beautytap.GeneralAction.openMailBox is PASSED

2018-09-29 10:40:48 - [MESSAGE][PASSED] - Navigate to 'https://www.mailinator.com' successfully

2018-09-29 10:40:48 - [MESSAGE][PASSED] - Wait for page load successfully

2018-09-29 10:40:48 - [MESSAGE][PASSED] - Keys 'auto614336' sent to object: 'Object Repository/Page_mailinator/txt_email'

2018-09-29 10:40:50 - [MESSAGE][PASSED] - Object: 'Object Repository/Page_mailinator/btn_go' is clicked on

2018-09-29 10:40:50 - [MESSAGE][PASSED] - Wait for page load successfully

2018-09-29 10:40:55 - [MESSAGE][PASSED] - Delayed 5 second(s)

2018-09-29 10:40:55 - [MESSAGE][PASSED] - beautytap.GeneralAction.openMailBox is PASSED

2018-09-29 10:40:55 - [TEST_STEP][PASSED] - beautytap.GeneralAction.verifyEmailExist: beautytap.GeneralAction.verifyEmailExist is PASSED

2018-09-29 10:40:55 - [MESSAGE][PASSED] - Object '' is present

2018-09-29 10:40:55 - [MESSAGE][PASSED] - beautytap.GeneralAction.verifyEmailExist is PASSED

2018-09-29 10:40:55 - [TEST_STEP][PASSED] - beautytap.GeneralAction.openEmail: beautytap.GeneralAction.openEmail is PASSED

2018-09-29 10:40:55 - [MESSAGE][PASSED] - Object: '' is clicked on

2018-09-29 10:40:55 - [MESSAGE][PASSED] - beautytap.GeneralAction.openEmail is PASSED

2018-09-29 10:40:55 - [TEST_STEP][PASSED] - beautytap.GeneralAction.clickEmailLink: beautytap.GeneralAction.clickEmailLink is PASSED

2018-09-29 10:40:56 - [MESSAGE][PASSED] - Text of object '' is: 'https://stage.beautytap.com/activate/VnxVuVqlUev6z3H9rkOqB3npaoZ70SCh/'

2018-09-29 10:41:09 - [MESSAGE][PASSED] - Navigate to 'https://stage.beautytap.com/activate/VnxVuVqlUev6z3H9rkOqB3npaoZ70SCh/' successfully

2018-09-29 10:41:09 - [MESSAGE][PASSED] - beautytap.GeneralAction.clickEmailLink is PASSED

2018-09-29 10:41:09 - [TEST_STEP][PASSED] - waitForPageLoad: Wait for page load successfully

2018-09-29 10:41:09 - [MESSAGE][PASSED] - Wait for page load successfully

2018-09-29 10:41:09 - [TEST_STEP][PASSED] - verifyElementPresent: Object 'Object Repository/Page_General/lbl_activeSuccessMessage' is present

2018-09-29 10:41:09 - [MESSAGE][PASSED] - Object 'Object Repository/Page_General/lbl_activeSuccessMessage' is present

2018-09-29 10:41:09 - [TEST_STEP][PASSED] - beautytap.GeneralAction.clickNavigationMenu: beautytap.GeneralAction.clickNavigationMenu is PASSED

2018-09-29 10:41:12 - [MESSAGE][PASSED] - Object: 'Object Repository/Page_General/link_login' is clicked on

2018-09-29 10:41:12 - [MESSAGE][PASSED] - Wait for page load successfully

2018-09-29 10:41:12 - [MESSAGE][PASSED] - beautytap.GeneralAction.clickNavigationMenu is PASSED

2018-09-29 10:41:12 - [TEST_STEP][PASSED] - beautytap.GeneralAction.login: beautytap.GeneralAction.login is PASSED

2018-09-29 10:41:12 - [MESSAGE][PASSED] - Text of object 'Object Repository/Page_login/txt_username' is cleared

2018-09-29 10:41:12 - [MESSAGE][PASSED] - Keys 'auto614336' sent to object: 'Object Repository/Page_login/txt_username'

2018-09-29 10:41:12 - [MESSAGE][PASSED] - Text of object 'Object Repository/Page_login/txt_password' is cleared

2018-09-29 10:41:12 - [MESSAGE][PASSED] - Keys '123456' sent to object: 'Object Repository/Page_login/txt_password'

2018-09-29 10:41:13 - [MESSAGE][PASSED] - Object: 'Object Repository/Page_login/btn_login' is clicked on

2018-09-29 10:41:13 - [MESSAGE][PASSED] - Wait for page load successfully

2018-09-29 10:41:13 - [MESSAGE][PASSED] - beautytap.GeneralAction.login is PASSED

2018-09-29 10:41:13 - [TEST_STEP][PASSED] - verifyElementPresent: Object 'Object Repository/Page_General/link_avatar' is present

2018-09-29 10:41:22 - [MESSAGE][PASSED] - Object 'Object Repository/Page_General/link_avatar' is present

2018-09-29 10:41:22 - [TEST_STEP][PASSED] - beautytap.GeneralAction.logout: beautytap.GeneralAction.logout is PASSED

2018-09-29 10:41:22 - [MESSAGE][PASSED] - Object: 'Object Repository/Page_General/link_avatar' is clicked on

2018-09-29 10:41:22 - [MESSAGE][PASSED] - Object 'Object Repository/Page_General/menu_logout' is present

2018-09-29 10:41:23 - [MESSAGE][PASSED] - Object: 'Object Repository/Page_General/menu_logout' is clicked on

2018-09-29 10:41:23 - [MESSAGE][PASSED] - Wait for page load successfully

2018-09-29 10:41:23 - [MESSAGE][PASSED] - beautytap.GeneralAction.logout is PASSED

2018-09-29 10:41:23 - [TEST_STEP][PASSED] - beautytap.GeneralAction.clickNavigationMenu: beautytap.GeneralAction.clickNavigationMenu is PASSED

2018-09-29 10:41:30 - [MESSAGE][PASSED] - Object: 'Object Repository/Page_General/link_login' is clicked on

2018-09-29 10:41:30 - [MESSAGE][PASSED] - Wait for page load successfully

2018-09-29 10:41:30 - [MESSAGE][PASSED] - beautytap.GeneralAction.clickNavigationMenu is PASSED

2018-09-29 10:41:30 - [TEST_STEP][PASSED] - beautytap.GeneralAction.login: beautytap.GeneralAction.login is PASSED

2018-09-29 10:41:30 - [MESSAGE][PASSED] - Text of object 'Object Repository/Page_login/txt_username' is cleared

2018-09-29 10:41:31 - [MESSAGE][PASSED] - Keys 'auto614336@mailinator.com' sent to object: 'Object Repository/Page_login/txt_username'

2018-09-29 10:41:31 - [MESSAGE][PASSED] - Text of object 'Object Repository/Page_login/txt_password' is cleared

2018-09-29 10:41:31 - [MESSAGE][PASSED] - Keys '123456' sent to object: 'Object Repository/Page_login/txt_password'

2018-09-29 10:41:31 - [MESSAGE][PASSED] - Object: 'Object Repository/Page_login/btn_login' is clicked on

2018-09-29 10:41:31 - [MESSAGE][PASSED] - Wait for page load successfully

2018-09-29 10:41:31 - [MESSAGE][PASSED] - beautytap.GeneralAction.login is PASSED

2018-09-29 10:41:31 - [TEST_STEP][PASSED] - verifyElementPresent: Object 'Object Repository/Page_General/link_avatar' is present

2018-09-29 10:41:39 - [MESSAGE][PASSED] - Object 'Object Repository/Page_General/link_avatar' is present

2018-09-29 10:41:39 - [TEST_STEP][PASSED] - beautytap.GeneralAction.logout: beautytap.GeneralAction.logout is PASSED

2018-09-29 10:41:40 - [MESSAGE][PASSED] - Object: 'Object Repository/Page_General/link_avatar' is clicked on

2018-09-29 10:41:40 - [MESSAGE][PASSED] - Object 'Object Repository/Page_General/menu_logout' is present

2018-09-29 10:41:41 - [MESSAGE][PASSED] - Object: 'Object Repository/Page_General/menu_logout' is clicked on

2018-09-29 10:41:41 - [MESSAGE][PASSED] - Wait for page load successfully

2018-09-29 10:41:41 - [MESSAGE][PASSED] - beautytap.GeneralAction.logout is PASSED

2018-09-29 10:41:41 - [TEST_STEP][PASSED] - beautytap.GeneralAction.clickNavigationMenu: beautytap.GeneralAction.clickNavigationMenu is PASSED

2018-09-29 10:41:47 - [MESSAGE][PASSED] - Object: 'Object Repository/Page_General/link_login' is clicked on

2018-09-29 10:41:47 - [MESSAGE][PASSED] - Wait for page load successfully

2018-09-29 10:41:47 - [MESSAGE][PASSED] - beautytap.GeneralAction.clickNavigationMenu is PASSED

2018-09-29 10:41:47 - [TEST_STEP][PASSED] - click: Object: 'Object Repository/Page_Login/link_forgotPassword' is clicked on

2018-09-29 10:41:50 - [MESSAGE][PASSED] - Object: 'Object Repository/Page_Login/link_forgotPassword' is clicked on

2018-09-29 10:41:50 - [TEST_STEP][PASSED] - sendKeys: Keys 'auto614336' sent to object: 'Object Repository/Page_ForgotPassword/txt_usernameOrEmail'

2018-09-29 10:41:50 - [MESSAGE][PASSED] - Keys 'auto614336' sent to object: 'Object Repository/Page_ForgotPassword/txt_usernameOrEmail'

2018-09-29 10:41:50 - [TEST_STEP][PASSED] - click: Object: 'Object Repository/Page_ForgotPassword/btn_forgotPassword' is clicked on

2018-09-29 10:41:50 - [MESSAGE][PASSED] - Object: 'Object Repository/Page_ForgotPassword/btn_forgotPassword' is clicked on

2018-09-29 10:41:50 - [TEST_STEP][PASSED] - verifyElementPresent: Object 'Object Repository/Page_ForgotPassword/lbl_sucessMessage' is present

2018-09-29 10:41:54 - [MESSAGE][PASSED] - Object 'Object Repository/Page_ForgotPassword/lbl_sucessMessage' is present

2018-09-29 10:41:54 - [TEST_STEP][PASSED] - beautytap.GeneralAction.openMailBox: beautytap.GeneralAction.openMailBox is PASSED

2018-09-29 10:41:55 - [MESSAGE][PASSED] - Navigate to 'https://www.mailinator.com' successfully

2018-09-29 10:41:55 - [MESSAGE][PASSED] - Wait for page load successfully

2018-09-29 10:41:55 - [MESSAGE][PASSED] - Keys 'auto614336' sent to object: 'Object Repository/Page_mailinator/txt_email'

2018-09-29 10:41:56 - [MESSAGE][PASSED] - Object: 'Object Repository/Page_mailinator/btn_go' is clicked on

2018-09-29 10:41:56 - [MESSAGE][PASSED] - Wait for page load successfully

2018-09-29 10:42:01 - [MESSAGE][PASSED] - Delayed 5 second(s)

2018-09-29 10:42:01 - [MESSAGE][PASSED] - beautytap.GeneralAction.openMailBox is PASSED

2018-09-29 10:42:01 - [TEST_STEP][PASSED] - beautytap.GeneralAction.verifyEmailExist: beautytap.GeneralAction.verifyEmailExist is PASSED

2018-09-29 10:42:02 - [MESSAGE][PASSED] - Object '' is present

2018-09-29 10:42:02 - [MESSAGE][PASSED] - beautytap.GeneralAction.verifyEmailExist is PASSED

2018-09-29 10:42:02 - [TEST_STEP][PASSED] - beautytap.GeneralAction.openEmail: beautytap.GeneralAction.openEmail is PASSED

2018-09-29 10:42:02 - [MESSAGE][PASSED] - Object: '' is clicked on

2018-09-29 10:42:02 - [MESSAGE][PASSED] - beautytap.GeneralAction.openEmail is PASSED

2018-09-29 10:42:02 - [TEST_STEP][PASSED] - beautytap.GeneralAction.clickEmailLink: beautytap.GeneralAction.clickEmailLink is PASSED

2018-09-29 10:42:02 - [MESSAGE][PASSED] - Text of object '' is: 'https://stage.beautytap.com/wp-login.php?action=rp&key=PBgYMmnXG47oV9LCt2kA&login=auto614336'

2018-09-29 10:42:06 - [MESSAGE][PASSED] - Navigate to 'https://stage.beautytap.com/wp-login.php?action=rp&key=PBgYMmnXG47oV9LCt2kA&login=auto614336' successfully

2018-09-29 10:42:06 - [MESSAGE][PASSED] - beautytap.GeneralAction.clickEmailLink is PASSED

2018-09-29 10:42:06 - [TEST_STEP][PASSED] - delay: Delayed 20 second(s)

2018-09-29 10:42:26 - [MESSAGE][PASSED] - Delayed 20 second(s)

2018-09-29 10:42:26 - [TEST_STEP][PASSED] - clearText: Text of object 'Object Repository/Page_ForgotPassword/txt_newPassword' is cleared

2018-09-29 10:42:26 - [MESSAGE][PASSED] - Text of object 'Object Repository/Page_ForgotPassword/txt_newPassword' is cleared

2018-09-29 10:42:26 - [TEST_STEP][PASSED] - sendKeys: Keys 'test123' sent to object: 'Object Repository/Page_ForgotPassword/txt_newPassword'

2018-09-29 10:42:26 - [MESSAGE][PASSED] - Keys 'test123' sent to object: 'Object Repository/Page_ForgotPassword/txt_newPassword'

2018-09-29 10:42:26 - [TEST_STEP][PASSED] - click: Object: 'Object Repository/Page_ForgotPassword/btn_resetPassword' is clicked on

2018-09-29 10:42:31 - [MESSAGE][PASSED] - Object: 'Object Repository/Page_ForgotPassword/btn_resetPassword' is clicked on

2018-09-29 10:42:31 - [TEST_STEP][PASSED] - verifyElementPresent: Object 'Object Repository/Page_ForgotPassword/lbl_resetPasswordMessage' is present

2018-09-29 10:42:31 - [MESSAGE][PASSED] - Object 'Object Repository/Page_ForgotPassword/lbl_resetPasswordMessage' is present

2018-09-29 10:42:31 - [TEST_STEP][PASSED] - beautytap.GeneralAction.clickNavigationMenu: beautytap.GeneralAction.clickNavigationMenu is PASSED

2018-09-29 10:42:33 - [MESSAGE][PASSED] - Object: 'Object Repository/Page_General/link_login' is clicked on

2018-09-29 10:42:33 - [MESSAGE][PASSED] - Wait for page load successfully

2018-09-29 10:42:33 - [MESSAGE][PASSED] - beautytap.GeneralAction.clickNavigationMenu is PASSED

2018-09-29 10:42:34 - [TEST_STEP][PASSED] - beautytap.GeneralAction.login: beautytap.GeneralAction.login is PASSED

2018-09-29 10:42:34 - [MESSAGE][PASSED] - Text of object 'Object Repository/Page_login/txt_username' is cleared

2018-09-29 10:42:34 - [MESSAGE][PASSED] - Keys 'auto614336' sent to object: 'Object Repository/Page_login/txt_username'

2018-09-29 10:42:34 - [MESSAGE][PASSED] - Text of object 'Object Repository/Page_login/txt_password' is cleared

2018-09-29 10:42:34 - [MESSAGE][PASSED] - Keys '123456' sent to object: 'Object Repository/Page_login/txt_password'

2018-09-29 10:42:34 - [MESSAGE][PASSED] - Object: 'Object Repository/Page_login/btn_login' is clicked on

2018-09-29 10:42:34 - [MESSAGE][PASSED] - Wait for page load successfully

2018-09-29 10:42:34 - [MESSAGE][PASSED] - beautytap.GeneralAction.login is PASSED

2018-09-29 10:42:34 - [TEST_STEP][PASSED] - verifyElementText: Actual text and expected text of test object 'Object Repository/Page_Login/lbl_errorMessage' are matched.

2018-09-29 10:42:35 - [MESSAGE][PASSED] - Actual text and expected text of test object 'Object Repository/Page_Login/lbl_errorMessage' are matched.

2018-09-29 10:42:35 - [TEST_STEP][PASSED] - beautytap.GeneralAction.login: beautytap.GeneralAction.login is PASSED

2018-09-29 10:42:35 - [MESSAGE][PASSED] - Text of object 'Object Repository/Page_login/txt_username' is cleared

2018-09-29 10:42:35 - [MESSAGE][PASSED] - Keys 'auto614336' sent to object: 'Object Repository/Page_login/txt_username'

2018-09-29 10:42:35 - [MESSAGE][PASSED] - Text of object 'Object Repository/Page_login/txt_password' is cleared

2018-09-29 10:42:35 - [MESSAGE][PASSED] - Keys 'test123' sent to object: 'Object Repository/Page_login/txt_password'

2018-09-29 10:42:35 - [MESSAGE][PASSED] - Object: 'Object Repository/Page_login/btn_login' is clicked on

2018-09-29 10:42:35 - [MESSAGE][PASSED] - Wait for page load successfully

2018-09-29 10:42:35 - [MESSAGE][PASSED] - beautytap.GeneralAction.login is PASSED

2018-09-29 10:42:35 - [TEST_STEP][PASSED] - verifyElementPresent: Object 'Object Repository/Page_General/link_avatar' is present

2018-09-29 10:42:44 - [MESSAGE][PASSED] - Object 'Object Repository/Page_General/link_avatar' is present

2018-09-29 10:42:44 - [TEST_STEP][PASSED] - beautytap.GeneralAction.logout: beautytap.GeneralAction.logout is PASSED

2018-09-29 10:42:44 - [MESSAGE][PASSED] - Object: 'Object Repository/Page_General/link_avatar' is clicked on

2018-09-29 10:42:45 - [MESSAGE][PASSED] - Object 'Object Repository/Page_General/menu_logout' is present

2018-09-29 10:42:45 - [MESSAGE][PASSED] - Object: 'Object Repository/Page_General/menu_logout' is clicked on

2018-09-29 10:42:45 - [MESSAGE][PASSED] - Wait for page load successfully

2018-09-29 10:42:45 - [MESSAGE][PASSED] - beautytap.GeneralAction.logout is PASSED

2018-09-29 10:42:45 - [TEST_STEP][PASSED] - beautytap.GeneralAction.clickNavigationMenu: beautytap.GeneralAction.clickNavigationMenu is PASSED

2018-09-29 10:42:52 - [MESSAGE][PASSED] - Object: 'Object Repository/Page_General/link_login' is clicked on

2018-09-29 10:42:52 - [MESSAGE][PASSED] - Wait for page load successfully

2018-09-29 10:42:52 - [MESSAGE][PASSED] - beautytap.GeneralAction.clickNavigationMenu is PASSED

2018-09-29 10:42:52 - [TEST_STEP][PASSED] - beautytap.GeneralAction.login: beautytap.GeneralAction.login is PASSED

2018-09-29 10:42:52 - [MESSAGE][PASSED] - Text of object 'Object Repository/Page_login/txt_username' is cleared

2018-09-29 10:42:52 - [MESSAGE][PASSED] - Keys 'auto614336@mailinator.com' sent to object: 'Object Repository/Page_login/txt_username'

2018-09-29 10:42:52 - [MESSAGE][PASSED] - Text of object 'Object Repository/Page_login/txt_password' is cleared

2018-09-29 10:42:53 - [MESSAGE][PASSED] - Keys 'test123' sent to object: 'Object Repository/Page_login/txt_password'

2018-09-29 10:42:53 - [MESSAGE][PASSED] - Object: 'Object Repository/Page_login/btn_login' is clicked on

2018-09-29 10:42:53 - [MESSAGE][PASSED] - Wait for page load successfully

2018-09-29 10:42:53 - [MESSAGE][PASSED] - beautytap.GeneralAction.login is PASSED

2018-09-29 10:42:53 - [TEST_STEP][PASSED] - verifyElementPresent: Object 'Object Repository/Page_General/link_avatar' is present

2018-09-29 10:43:01 - [MESSAGE][PASSED] - Object 'Object Repository/Page_General/link_avatar' is present

2018-09-29 10:43:01 - [TEST_STEP][PASSED] - beautytap.GeneralAction.logout: beautytap.GeneralAction.logout is PASSED

2018-09-29 10:43:01 - [MESSAGE][PASSED] - Object: 'Object Repository/Page_General/link_avatar' is clicked on

2018-09-29 10:43:01 - [MESSAGE][PASSED] - Object 'Object Repository/Page_General/menu_logout' is present

2018-09-29 10:43:02 - [MESSAGE][PASSED] - Object: 'Object Repository/Page_General/menu_logout' is clicked on

2018-09-29 10:43:02 - [MESSAGE][PASSED] - Wait for page load successfully

2018-09-29 10:43:03 - [MESSAGE][PASSED] - Browser is closed

2018-09-29 10:43:03 - [MESSAGE][PASSED] - beautytap.GeneralAction.logout is PASSED]]></system-out>
         <system-err><![CDATA[]]></system-err>
      </testcase>
      <testcase name="Test Cases/SignUp_Login_ResetPass/TC02_SignUp_Login_ViaFacebookEmail_NewUser_OldUser" classname="Test Cases/SignUp_Login_ResetPass/TC02_SignUp_Login_ViaFacebookEmail_NewUser_OldUser" status="PASSED">
         <system-out><![CDATA[2018-09-29 10:43:05 - [TEST_CASE][PASSED] - Test Cases/SignUp_Login_ResetPass/TC02_SignUp_Login_ViaFacebookEmail_NewUser_OldUser: Test Cases/SignUp_Login_ResetPass/TC02_SignUp_Login_ViaFacebookEmail_NewUser_OldUser

2018-09-29 10:43:05 - [TEST_STEP][PASSED] - beautytap.AdminAction.deleteUser: beautytap.AdminAction.deleteUser is PASSED

2018-09-29 10:43:12 - [MESSAGE][PASSED] - Browser is opened with url: 'https://stage.beautytap.com/login'

2018-09-29 10:43:13 - [MESSAGE][PASSED] - Current window maximized

2018-09-29 10:43:14 - [MESSAGE][PASSED] - Text of object 'Object Repository/Page_login/txt_username' is cleared

2018-09-29 10:43:14 - [MESSAGE][PASSED] - Keys 'mrwhite' sent to object: 'Object Repository/Page_login/txt_username'

2018-09-29 10:43:14 - [MESSAGE][PASSED] - Text of object 'Object Repository/Page_login/txt_password' is cleared

2018-09-29 10:43:14 - [MESSAGE][PASSED] - Keys 'kgySM$Im' sent to object: 'Object Repository/Page_login/txt_password'

2018-09-29 10:43:14 - [MESSAGE][PASSED] - Object: 'Object Repository/Page_login/btn_login' is clicked on

2018-09-29 10:43:14 - [MESSAGE][PASSED] - Wait for page load successfully

2018-09-29 10:43:14 - [MESSAGE][PASSED] - Wait for page load successfully

2018-09-29 10:43:27 - [MESSAGE][PASSED] - Navigate to 'https://stage.beautytap.com/admin' successfully

2018-09-29 10:43:27 - [MESSAGE][PASSED] - Wait for page load successfully

2018-09-29 10:43:34 - [MESSAGE][PASSED] - Object: 'Object Repository/Page_Admin/menu_users' is clicked on

2018-09-29 10:43:34 - [MESSAGE][PASSED] - Wait for page load successfully

2018-09-29 10:43:34 - [MESSAGE][PASSED] - Text of object 'Object Repository/Page_Admin/txt_searchUser' is cleared

2018-09-29 10:43:35 - [MESSAGE][PASSED] - Keys 'g5.posiba@gmail.com' sent to object: 'Object Repository/Page_Admin/txt_searchUser'

2018-09-29 10:43:38 - [MESSAGE][PASSED] - Object: 'Object Repository/Page_Admin/btn_searchUser' is clicked on

2018-09-29 10:43:38 - [MESSAGE][PASSED] - Wait for page load successfully

2018-09-29 10:43:38 - [MESSAGE][PASSED] - Text of object '' is: 'g5.posiba@gmail.com'

2018-09-29 10:43:38 - [MESSAGE][PASSED] - Attribute 'id' of object '' is: 'user-64405'

2018-09-29 10:43:38 - [MESSAGE][PASSED] - Object: '' is hovered

2018-09-29 10:43:43 - [MESSAGE][PASSED] - Delayed 5 second(s)

2018-09-29 10:43:45 - [MESSAGE][PASSED] - Object: '' is clicked on

2018-09-29 10:43:46 - [MESSAGE][FAILED] - No alert found
[[ATTACHMENT|E:\\BeautytapAutomation\\beautytapAuto\\Beautytap\\Reports\\Regression\\20180929_104005\\1538192625778.png]]

2018-09-29 10:43:46 - [MESSAGE][FAILED] - Unable to accept alert (Root cause: No alert found)
[[ATTACHMENT|E:\\BeautytapAutomation\\beautytapAuto\\Beautytap\\Reports\\Regression\\20180929_104005\\1538192626099.png]]

2018-09-29 10:43:47 - [MESSAGE][PASSED] - Browser is closed

2018-09-29 10:43:47 - [MESSAGE][PASSED] - beautytap.AdminAction.deleteUser is PASSED

2018-09-29 10:43:47 - [TEST_STEP][PASSED] - beautytap.GeneralAction.openBeautytap: beautytap.GeneralAction.openBeautytap is PASSED

2018-09-29 10:44:01 - [MESSAGE][PASSED] - Browser is opened with url: 'https://stage.beautytap.com'

2018-09-29 10:44:02 - [MESSAGE][PASSED] - Current window maximized

2018-09-29 10:44:06 - [MESSAGE][PASSED] - Refresh successfully

2018-09-29 10:44:06 - [MESSAGE][PASSED] - Wait for page load successfully

2018-09-29 10:44:06 - [MESSAGE][PASSED] - beautytap.GeneralAction.openBeautytap is PASSED

2018-09-29 10:44:06 - [TEST_STEP][PASSED] - beautytap.GeneralAction.clickNavigationMenu: beautytap.GeneralAction.clickNavigationMenu is PASSED

2018-09-29 10:44:09 - [MESSAGE][PASSED] - Object: 'Object Repository/Page_General/link_signup' is clicked on

2018-09-29 10:44:09 - [MESSAGE][PASSED] - Wait for page load successfully

2018-09-29 10:44:09 - [MESSAGE][PASSED] - beautytap.GeneralAction.clickNavigationMenu is PASSED

2018-09-29 10:44:09 - [TEST_STEP][PASSED] - beautytap.GeneralAction.signupViaFacebook: beautytap.GeneralAction.signupViaFacebook is PASSED

2018-09-29 10:44:09 - [MESSAGE][PASSED] - Object: 'Object Repository/Page_Signup/btn_signupFB' is clicked on

2018-09-29 10:44:10 - [MESSAGE][PASSED] - Switched to window with index: '1'

2018-09-29 10:44:12 - [MESSAGE][PASSED] - Keys 'g5.posiba@gmail.com' sent to object: 'Object Repository/Popup_FacebookLogin/txt_email'

2018-09-29 10:44:12 - [MESSAGE][PASSED] - Keys 'posiba123' sent to object: 'Object Repository/Popup_FacebookLogin/txt_password'

2018-09-29 10:44:13 - [MESSAGE][PASSED] - Object: 'Object Repository/Popup_FacebookLogin/btn_login' is clicked on

2018-09-29 10:44:15 - [MESSAGE][WARNING] - Cannot take screenshot

2018-09-29 10:44:15 - [MESSAGE][FAILED] - Unable to get text of object 'Object Repository/Popup_FacebookLogin/btn_confirmPermission' (Root cause: org.openqa.selenium.NoSuchWindowException: no such window: window was already closed
  (Session info: chrome=69.0.3497.100)
  (Driver info: chromedriver=2.35.528161 (5b82f2d2aae0ca24b877009200ced9065a772e73),platform=Windows NT 10.0.17134 x86_64) (WARNING: The server did not provide any stacktrace information)
Command duration or timeout: 0 milliseconds
Build info: version: '3.7.1', revision: '8a0099a', time: '2017-11-06T21:07:36.161Z'
System info: host: 'DESKTOP-G1UHP65', ip: '192.168.1.8', os.name: 'Windows 10', os.arch: 'amd64', os.version: '10.0', java.version: '1.8.0_102'
Driver info: com.kms.katalon.selenium.driver.CChromeDriver
Capabilities {acceptInsecureCerts: false, acceptSslCerts: false, applicationCacheEnabled: false, browserConnectionEnabled: false, browserName: chrome, chrome: {chromedriverVersion: 2.35.528161 (5b82f2d2aae0ca..., userDataDir: C:\Users\TRANGN~1\AppData\L...}, cssSelectorsEnabled: true, databaseEnabled: false, handlesAlerts: true, hasTouchScreen: false, javascriptEnabled: true, locationContextEnabled: true, mobileEmulationEnabled: false, nativeEvents: true, networkConnectionEnabled: false, pageLoadStrategy: normal, platform: XP, platformName: XP, rotatable: false, setWindowRect: true, takesHeapSnapshot: true, takesScreenshot: true, unexpectedAlertBehaviour: , unhandledPromptBehavior: , version: 69.0.3497.100, webStorageEnabled: true}
Session ID: ed3d0768a25471153040703545fc0959
*** Element info: {Using=xpath, value=//button[contains(@class,'layerConfirm') and contains(@name,'CONFIRM')]})

2018-09-29 10:44:15 - [MESSAGE][PASSED] - Switched to window with index: '0'

2018-09-29 10:44:30 - [MESSAGE][PASSED] - Delayed 15 second(s)

2018-09-29 10:44:30 - [MESSAGE][PASSED] - Wait for page load successfully

2018-09-29 10:44:30 - [MESSAGE][PASSED] - beautytap.GeneralAction.signupViaFacebook is PASSED

2018-09-29 10:44:30 - [TEST_STEP][PASSED] - verifyElementPresent: Object 'Object Repository/Page_General/link_avatar' is present

2018-09-29 10:44:30 - [MESSAGE][PASSED] - Object 'Object Repository/Page_General/link_avatar' is present

2018-09-29 10:44:30 - [TEST_STEP][PASSED] - beautytap.GeneralAction.logout: beautytap.GeneralAction.logout is PASSED

2018-09-29 10:44:30 - [MESSAGE][PASSED] - Object: 'Object Repository/Page_General/link_avatar' is clicked on

2018-09-29 10:44:31 - [MESSAGE][PASSED] - Object 'Object Repository/Page_General/menu_logout' is present

2018-09-29 10:44:31 - [MESSAGE][PASSED] - Object: 'Object Repository/Page_General/menu_logout' is clicked on

2018-09-29 10:44:31 - [MESSAGE][PASSED] - Wait for page load successfully

2018-09-29 10:44:32 - [MESSAGE][PASSED] - Browser is closed

2018-09-29 10:44:32 - [MESSAGE][PASSED] - beautytap.GeneralAction.logout is PASSED

2018-09-29 10:44:32 - [TEST_STEP][PASSED] - beautytap.AdminAction.deleteUser: beautytap.AdminAction.deleteUser is PASSED

2018-09-29 10:44:39 - [MESSAGE][PASSED] - Browser is opened with url: 'https://stage.beautytap.com/login'

2018-09-29 10:44:40 - [MESSAGE][PASSED] - Current window maximized

2018-09-29 10:44:40 - [MESSAGE][PASSED] - Text of object 'Object Repository/Page_login/txt_username' is cleared

2018-09-29 10:44:40 - [MESSAGE][PASSED] - Keys 'mrwhite' sent to object: 'Object Repository/Page_login/txt_username'

2018-09-29 10:44:40 - [MESSAGE][PASSED] - Text of object 'Object Repository/Page_login/txt_password' is cleared

2018-09-29 10:44:40 - [MESSAGE][PASSED] - Keys 'kgySM$Im' sent to object: 'Object Repository/Page_login/txt_password'

2018-09-29 10:44:41 - [MESSAGE][PASSED] - Object: 'Object Repository/Page_login/btn_login' is clicked on

2018-09-29 10:44:41 - [MESSAGE][PASSED] - Wait for page load successfully

2018-09-29 10:44:41 - [MESSAGE][PASSED] - Wait for page load successfully

2018-09-29 10:44:48 - [MESSAGE][PASSED] - Navigate to 'https://stage.beautytap.com/admin' successfully

2018-09-29 10:44:48 - [MESSAGE][PASSED] - Wait for page load successfully

2018-09-29 10:44:54 - [MESSAGE][PASSED] - Object: 'Object Repository/Page_Admin/menu_users' is clicked on

2018-09-29 10:44:54 - [MESSAGE][PASSED] - Wait for page load successfully

2018-09-29 10:44:54 - [MESSAGE][PASSED] - Text of object 'Object Repository/Page_Admin/txt_searchUser' is cleared

2018-09-29 10:44:54 - [MESSAGE][PASSED] - Keys 'g5.posiba@gmail.com' sent to object: 'Object Repository/Page_Admin/txt_searchUser'

2018-09-29 10:44:57 - [MESSAGE][PASSED] - Object: 'Object Repository/Page_Admin/btn_searchUser' is clicked on

2018-09-29 10:44:57 - [MESSAGE][PASSED] - Wait for page load successfully

2018-09-29 10:44:57 - [MESSAGE][PASSED] - Text of object '' is: 'g5.posiba@gmail.com'

2018-09-29 10:44:57 - [MESSAGE][PASSED] - Attribute 'id' of object '' is: 'user-64405'

2018-09-29 10:44:57 - [MESSAGE][PASSED] - Object: '' is hovered

2018-09-29 10:45:02 - [MESSAGE][PASSED] - Delayed 5 second(s)

2018-09-29 10:45:05 - [MESSAGE][PASSED] - Object: '' is clicked on

2018-09-29 10:45:05 - [MESSAGE][FAILED] - No alert found
[[ATTACHMENT|E:\\BeautytapAutomation\\beautytapAuto\\Beautytap\\Reports\\Regression\\20180929_104005\\1538192705095.png]]

2018-09-29 10:45:05 - [MESSAGE][FAILED] - Unable to accept alert (Root cause: No alert found)
[[ATTACHMENT|E:\\BeautytapAutomation\\beautytapAuto\\Beautytap\\Reports\\Regression\\20180929_104005\\1538192705413.png]]

2018-09-29 10:45:06 - [MESSAGE][PASSED] - Browser is closed

2018-09-29 10:45:06 - [MESSAGE][PASSED] - beautytap.AdminAction.deleteUser is PASSED

2018-09-29 10:45:06 - [TEST_STEP][PASSED] - beautytap.GeneralAction.openBeautytap: beautytap.GeneralAction.openBeautytap is PASSED

2018-09-29 10:45:19 - [MESSAGE][PASSED] - Browser is opened with url: 'https://stage.beautytap.com'

2018-09-29 10:45:20 - [MESSAGE][PASSED] - Current window maximized

2018-09-29 10:45:24 - [MESSAGE][PASSED] - Refresh successfully

2018-09-29 10:45:24 - [MESSAGE][PASSED] - Wait for page load successfully

2018-09-29 10:45:24 - [MESSAGE][PASSED] - beautytap.GeneralAction.openBeautytap is PASSED

2018-09-29 10:45:24 - [TEST_STEP][PASSED] - beautytap.GeneralAction.clickNavigationMenu: beautytap.GeneralAction.clickNavigationMenu is PASSED

2018-09-29 10:45:26 - [MESSAGE][PASSED] - Object: 'Object Repository/Page_General/link_login' is clicked on

2018-09-29 10:45:26 - [MESSAGE][PASSED] - Wait for page load successfully

2018-09-29 10:45:26 - [MESSAGE][PASSED] - beautytap.GeneralAction.clickNavigationMenu is PASSED

2018-09-29 10:45:26 - [TEST_STEP][PASSED] - beautytap.GeneralAction.login: beautytap.GeneralAction.login is PASSED

2018-09-29 10:45:27 - [MESSAGE][PASSED] - Object: 'Object Repository/Page_Login/btn_loginFB' is clicked on

2018-09-29 10:45:27 - [MESSAGE][PASSED] - Switched to window with index: '1'

2018-09-29 10:45:29 - [MESSAGE][PASSED] - Object 'Object Repository/Popup_FacebookLogin/txt_email' is visible

2018-09-29 10:45:29 - [MESSAGE][PASSED] - Keys 'g5.posiba@gmail.com' sent to object: 'Object Repository/Popup_FacebookLogin/txt_email'

2018-09-29 10:45:29 - [MESSAGE][PASSED] - Keys 'posiba123' sent to object: 'Object Repository/Popup_FacebookLogin/txt_password'

2018-09-29 10:45:31 - [MESSAGE][PASSED] - Object: 'Object Repository/Popup_FacebookLogin/btn_login' is clicked on

2018-09-29 10:45:31 - [MESSAGE][PASSED] - Switched to window with index: '0'

2018-09-29 10:45:31 - [MESSAGE][PASSED] - Wait for page load successfully

2018-09-29 10:45:31 - [MESSAGE][PASSED] - beautytap.GeneralAction.login is PASSED

2018-09-29 10:45:31 - [TEST_STEP][PASSED] - verifyElementPresent: Object 'Object Repository/Page_General/link_avatar' is present

2018-09-29 10:45:40 - [MESSAGE][PASSED] - Object 'Object Repository/Page_General/link_avatar' is present

2018-09-29 10:45:40 - [TEST_STEP][PASSED] - beautytap.GeneralAction.logout: beautytap.GeneralAction.logout is PASSED

2018-09-29 10:45:40 - [MESSAGE][PASSED] - Object: 'Object Repository/Page_General/link_avatar' is clicked on

2018-09-29 10:45:40 - [MESSAGE][PASSED] - Object 'Object Repository/Page_General/menu_logout' is present

2018-09-29 10:45:41 - [MESSAGE][PASSED] - Object: 'Object Repository/Page_General/menu_logout' is clicked on

2018-09-29 10:45:41 - [MESSAGE][PASSED] - Wait for page load successfully

2018-09-29 10:45:42 - [MESSAGE][PASSED] - Browser is closed

2018-09-29 10:45:42 - [MESSAGE][PASSED] - beautytap.GeneralAction.logout is PASSED

2018-09-29 10:45:42 - [TEST_STEP][PASSED] - beautytap.GeneralAction.openBeautytap: beautytap.GeneralAction.openBeautytap is PASSED

2018-09-29 10:45:54 - [MESSAGE][PASSED] - Browser is opened with url: 'https://stage.beautytap.com'

2018-09-29 10:45:56 - [MESSAGE][PASSED] - Current window maximized

2018-09-29 10:46:00 - [MESSAGE][PASSED] - Refresh successfully

2018-09-29 10:46:00 - [MESSAGE][PASSED] - Wait for page load successfully

2018-09-29 10:46:00 - [MESSAGE][PASSED] - beautytap.GeneralAction.openBeautytap is PASSED

2018-09-29 10:46:00 - [TEST_STEP][PASSED] - beautytap.GeneralAction.clickNavigationMenu: beautytap.GeneralAction.clickNavigationMenu is PASSED

2018-09-29 10:46:02 - [MESSAGE][PASSED] - Object: 'Object Repository/Page_General/link_signup' is clicked on

2018-09-29 10:46:02 - [MESSAGE][PASSED] - Wait for page load successfully

2018-09-29 10:46:02 - [MESSAGE][PASSED] - beautytap.GeneralAction.clickNavigationMenu is PASSED

2018-09-29 10:46:02 - [TEST_STEP][PASSED] - beautytap.GeneralAction.signupViaFacebook: beautytap.GeneralAction.signupViaFacebook is PASSED

2018-09-29 10:46:03 - [MESSAGE][PASSED] - Object: 'Object Repository/Page_Signup/btn_signupFB' is clicked on

2018-09-29 10:46:03 - [MESSAGE][PASSED] - Switched to window with index: '1'

2018-09-29 10:46:05 - [MESSAGE][PASSED] - Keys 'g5.posiba@gmail.com' sent to object: 'Object Repository/Popup_FacebookLogin/txt_email'

2018-09-29 10:46:05 - [MESSAGE][PASSED] - Keys 'posiba123' sent to object: 'Object Repository/Popup_FacebookLogin/txt_password'

2018-09-29 10:46:07 - [MESSAGE][PASSED] - Object: 'Object Repository/Popup_FacebookLogin/btn_login' is clicked on

2018-09-29 10:46:09 - [MESSAGE][WARNING] - Cannot take screenshot

2018-09-29 10:46:09 - [MESSAGE][FAILED] - Unable to get text of object 'Object Repository/Popup_FacebookLogin/btn_confirmPermission' (Root cause: org.openqa.selenium.NoSuchWindowException: no such window: window was already closed
  (Session info: chrome=69.0.3497.100)
  (Driver info: chromedriver=2.35.528161 (5b82f2d2aae0ca24b877009200ced9065a772e73),platform=Windows NT 10.0.17134 x86_64) (WARNING: The server did not provide any stacktrace information)
Command duration or timeout: 0 milliseconds
Build info: version: '3.7.1', revision: '8a0099a', time: '2017-11-06T21:07:36.161Z'
System info: host: 'DESKTOP-G1UHP65', ip: '192.168.1.8', os.name: 'Windows 10', os.arch: 'amd64', os.version: '10.0', java.version: '1.8.0_102'
Driver info: com.kms.katalon.selenium.driver.CChromeDriver
Capabilities {acceptInsecureCerts: false, acceptSslCerts: false, applicationCacheEnabled: false, browserConnectionEnabled: false, browserName: chrome, chrome: {chromedriverVersion: 2.35.528161 (5b82f2d2aae0ca..., userDataDir: C:\Users\TRANGN~1\AppData\L...}, cssSelectorsEnabled: true, databaseEnabled: false, handlesAlerts: true, hasTouchScreen: false, javascriptEnabled: true, locationContextEnabled: true, mobileEmulationEnabled: false, nativeEvents: true, networkConnectionEnabled: false, pageLoadStrategy: normal, platform: XP, platformName: XP, rotatable: false, setWindowRect: true, takesHeapSnapshot: true, takesScreenshot: true, unexpectedAlertBehaviour: , unhandledPromptBehavior: , version: 69.0.3497.100, webStorageEnabled: true}
Session ID: 595447d6d5c2f8ebc5b1e2f254a24a16
*** Element info: {Using=xpath, value=//button[contains(@class,'layerConfirm') and contains(@name,'CONFIRM')]})

2018-09-29 10:46:09 - [MESSAGE][PASSED] - Switched to window with index: '0'

2018-09-29 10:46:24 - [MESSAGE][PASSED] - Delayed 15 second(s)

2018-09-29 10:46:24 - [MESSAGE][PASSED] - Wait for page load successfully

2018-09-29 10:46:24 - [MESSAGE][PASSED] - beautytap.GeneralAction.signupViaFacebook is PASSED

2018-09-29 10:46:24 - [TEST_STEP][PASSED] - verifyElementPresent: Object 'Object Repository/Page_General/link_avatar' is present

2018-09-29 10:46:24 - [MESSAGE][PASSED] - Object 'Object Repository/Page_General/link_avatar' is present

2018-09-29 10:46:24 - [TEST_STEP][PASSED] - beautytap.GeneralAction.logout: beautytap.GeneralAction.logout is PASSED

2018-09-29 10:46:24 - [MESSAGE][PASSED] - Object: 'Object Repository/Page_General/link_avatar' is clicked on

2018-09-29 10:46:24 - [MESSAGE][PASSED] - Object 'Object Repository/Page_General/menu_logout' is present

2018-09-29 10:46:24 - [MESSAGE][PASSED] - Object: 'Object Repository/Page_General/menu_logout' is clicked on

2018-09-29 10:46:24 - [MESSAGE][PASSED] - Wait for page load successfully

2018-09-29 10:46:25 - [MESSAGE][PASSED] - Browser is closed

2018-09-29 10:46:25 - [MESSAGE][PASSED] - beautytap.GeneralAction.logout is PASSED

2018-09-29 10:46:25 - [TEST_STEP][PASSED] - beautytap.GeneralAction.openBeautytap: beautytap.GeneralAction.openBeautytap is PASSED

2018-09-29 10:46:36 - [MESSAGE][PASSED] - Browser is opened with url: 'https://stage.beautytap.com'

2018-09-29 10:46:37 - [MESSAGE][PASSED] - Current window maximized

2018-09-29 10:46:42 - [MESSAGE][PASSED] - Refresh successfully

2018-09-29 10:46:42 - [MESSAGE][PASSED] - Wait for page load successfully

2018-09-29 10:46:42 - [MESSAGE][PASSED] - beautytap.GeneralAction.openBeautytap is PASSED

2018-09-29 10:46:42 - [TEST_STEP][PASSED] - beautytap.GeneralAction.clickNavigationMenu: beautytap.GeneralAction.clickNavigationMenu is PASSED

2018-09-29 10:46:45 - [MESSAGE][PASSED] - Object: 'Object Repository/Page_General/link_login' is clicked on

2018-09-29 10:46:45 - [MESSAGE][PASSED] - Wait for page load successfully

2018-09-29 10:46:45 - [MESSAGE][PASSED] - beautytap.GeneralAction.clickNavigationMenu is PASSED

2018-09-29 10:46:45 - [TEST_STEP][PASSED] - beautytap.GeneralAction.login: beautytap.GeneralAction.login is PASSED

2018-09-29 10:46:45 - [MESSAGE][PASSED] - Object: 'Object Repository/Page_Login/btn_loginFB' is clicked on

2018-09-29 10:46:45 - [MESSAGE][PASSED] - Switched to window with index: '1'

2018-09-29 10:46:47 - [MESSAGE][PASSED] - Object 'Object Repository/Popup_FacebookLogin/txt_email' is visible

2018-09-29 10:46:47 - [MESSAGE][PASSED] - Keys 'g5.posiba@gmail.com' sent to object: 'Object Repository/Popup_FacebookLogin/txt_email'

2018-09-29 10:46:48 - [MESSAGE][PASSED] - Keys 'posiba123' sent to object: 'Object Repository/Popup_FacebookLogin/txt_password'

2018-09-29 10:46:49 - [MESSAGE][PASSED] - Object: 'Object Repository/Popup_FacebookLogin/btn_login' is clicked on

2018-09-29 10:46:49 - [MESSAGE][PASSED] - Switched to window with index: '0'

2018-09-29 10:46:49 - [MESSAGE][PASSED] - Wait for page load successfully

2018-09-29 10:46:49 - [MESSAGE][PASSED] - beautytap.GeneralAction.login is PASSED

2018-09-29 10:46:49 - [TEST_STEP][PASSED] - verifyElementPresent: Object 'Object Repository/Page_General/link_avatar' is present

2018-09-29 10:46:58 - [MESSAGE][PASSED] - Object 'Object Repository/Page_General/link_avatar' is present

2018-09-29 10:46:58 - [TEST_STEP][PASSED] - beautytap.GeneralAction.logout: beautytap.GeneralAction.logout is PASSED

2018-09-29 10:46:59 - [MESSAGE][PASSED] - Object: 'Object Repository/Page_General/link_avatar' is clicked on

2018-09-29 10:46:59 - [MESSAGE][PASSED] - Object 'Object Repository/Page_General/menu_logout' is present

2018-09-29 10:46:59 - [MESSAGE][PASSED] - Object: 'Object Repository/Page_General/menu_logout' is clicked on

2018-09-29 10:46:59 - [MESSAGE][PASSED] - Wait for page load successfully

2018-09-29 10:47:00 - [MESSAGE][PASSED] - Browser is closed

2018-09-29 10:47:00 - [MESSAGE][PASSED] - beautytap.GeneralAction.logout is PASSED]]></system-out>
         <system-err><![CDATA[]]></system-err>
      </testcase>
      <testcase name="Test Cases/Shop/TC07_BuyProduct_EarnPendingPoint_EarnRedeemablePoint" classname="Test Cases/Shop/TC07_BuyProduct_EarnPendingPoint_EarnRedeemablePoint" status="PASSED">
         <system-out><![CDATA[2018-09-29 10:47:02 - [TEST_CASE][PASSED] - Test Cases/Shop/TC07_BuyProduct_EarnPendingPoint_EarnRedeemablePoint: Test Cases/Shop/TC07_BuyProduct_EarnPendingPoint_EarnRedeemablePoint

2018-09-29 10:47:03 - [TEST_STEP][PASSED] - Statement - username = USER_EMAIL: null

2018-09-29 10:47:03 - [TEST_STEP][PASSED] - Statement - password = USER_PASSWORD: null

2018-09-29 10:47:03 - [TEST_STEP][PASSED] - Statement - productName = SIMPLE_PRODUCT: null

2018-09-29 10:47:03 - [TEST_STEP][PASSED] - Statement - price = SIMPLE_PRODUCT_PRICE: null

2018-09-29 10:47:03 - [TEST_STEP][PASSED] - Statement - quantity = 3: null

2018-09-29 10:47:03 - [TEST_STEP][PASSED] - Statement - shippingLabel = FREE_SHIPPING_LABEL: null

2018-09-29 10:47:03 - [TEST_STEP][PASSED] - Statement - shippingPrice = 0: null

2018-09-29 10:47:03 - [TEST_STEP][PASSED] - Statement - subtotal = CustomKeywords.beautytap.ShopAction.calculateTotal(quantity, price): beautytap.ShopAction.calculateTotal is PASSED

2018-09-29 10:47:03 - [MESSAGE][PASSED] - beautytap.ShopAction.calculateTotal is PASSED

2018-09-29 10:47:03 - [TEST_STEP][PASSED] - Statement - total = subtotal + shippingPrice: null

2018-09-29 10:47:03 - [TEST_STEP][PASSED] - Statement - products = new org.json.JSONArray((((((([{"productname":" + productName) + ","variation":"","quantity":") + quantity) + ","price":") + price) + "}])): null

2018-09-29 10:47:03 - [TEST_STEP][PASSED] - Statement - billingInformation = new org.json.JSONObject((({"firstname":"Test","lastname":"Automation","country":"United States (US)","address":"123 Testing","city":"New York","state":"New York","zip":"90012","email":" + username) + "})): null

2018-09-29 10:47:03 - [TEST_STEP][PASSED] - Statement - paymentMethod = "PayPal": null

2018-09-29 10:47:03 - [TEST_STEP][PASSED] - beautytap.GeneralAction.openBeautytap: beautytap.GeneralAction.openBeautytap is PASSED

2018-09-29 10:47:13 - [MESSAGE][PASSED] - Browser is opened with url: 'https://stage.beautytap.com'

2018-09-29 10:47:14 - [MESSAGE][PASSED] - Current window maximized

2018-09-29 10:47:18 - [MESSAGE][PASSED] - Refresh successfully

2018-09-29 10:47:18 - [MESSAGE][PASSED] - Wait for page load successfully

2018-09-29 10:47:18 - [MESSAGE][PASSED] - beautytap.GeneralAction.openBeautytap is PASSED

2018-09-29 10:47:18 - [TEST_STEP][PASSED] - beautytap.GeneralAction.clickNavigationMenu: beautytap.GeneralAction.clickNavigationMenu is PASSED

2018-09-29 10:47:21 - [MESSAGE][PASSED] - Object: 'Object Repository/Page_General/link_login' is clicked on

2018-09-29 10:47:21 - [MESSAGE][PASSED] - Wait for page load successfully

2018-09-29 10:47:21 - [MESSAGE][PASSED] - beautytap.GeneralAction.clickNavigationMenu is PASSED

2018-09-29 10:47:21 - [TEST_STEP][PASSED] - beautytap.GeneralAction.login: beautytap.GeneralAction.login is PASSED

2018-09-29 10:47:21 - [MESSAGE][PASSED] - Text of object 'Object Repository/Page_login/txt_username' is cleared

2018-09-29 10:47:21 - [MESSAGE][PASSED] - Keys 'trang2408@mailinator.com' sent to object: 'Object Repository/Page_login/txt_username'

2018-09-29 10:47:21 - [MESSAGE][PASSED] - Text of object 'Object Repository/Page_login/txt_password' is cleared

2018-09-29 10:47:21 - [MESSAGE][PASSED] - Keys '123456' sent to object: 'Object Repository/Page_login/txt_password'

2018-09-29 10:47:22 - [MESSAGE][PASSED] - Object: 'Object Repository/Page_login/btn_login' is clicked on

2018-09-29 10:47:22 - [MESSAGE][PASSED] - Wait for page load successfully

2018-09-29 10:47:22 - [MESSAGE][PASSED] - beautytap.GeneralAction.login is PASSED

2018-09-29 10:47:22 - [TEST_STEP][PASSED] - beautytap.GeneralAction.selectProfileMenu: beautytap.GeneralAction.selectProfileMenu is PASSED

2018-09-29 10:47:30 - [MESSAGE][PASSED] - Object: 'Object Repository/Page_General/link_avatar' is clicked on

2018-09-29 10:47:32 - [MESSAGE][PASSED] - Delayed 2 second(s)

2018-09-29 10:47:35 - [MESSAGE][PASSED] - Object: '' is clicked on

2018-09-29 10:47:35 - [MESSAGE][PASSED] - Wait for page load successfully

2018-09-29 10:47:35 - [MESSAGE][PASSED] - beautytap.GeneralAction.selectProfileMenu is PASSED

2018-09-29 10:47:35 - [TEST_STEP][PASSED] - Statement - objReward = CustomKeywords.beautytap.ShopAction.getRewardDetails(): beautytap.ShopAction.getRewardDetails is PASSED

2018-09-29 10:47:35 - [MESSAGE][PASSED] - Text of object '' is: '1.1 x Rewards Multiplier!'

2018-09-29 10:47:35 - [MESSAGE][PASSED] - Text of object '' is: '1.1 x Rewards Multiplier!'

2018-09-29 10:47:35 - [MESSAGE][PASSED] - Text of object '' is: '7579.23'

2018-09-29 10:47:36 - [MESSAGE][PASSED] - Text of object '' is: '3162.38'

2018-09-29 10:47:36 - [MESSAGE][PASSED] - Text of object '' is: '4789.23'

2018-09-29 10:47:36 - [MESSAGE][PASSED] - Text of object '' is: '$255.00'

2018-09-29 10:47:36 - [MESSAGE][PASSED] - Text of object '' is: 'Beauty Bae'

2018-09-29 10:47:36 - [MESSAGE][PASSED] - beautytap.ShopAction.getRewardDetails is PASSED

2018-09-29 10:47:36 - [TEST_STEP][PASSED] - Statement - multiplier = java.lang.Float.parseFloat(objReward.get("multiplier")): null

2018-09-29 10:47:36 - [TEST_STEP][PASSED] - Statement - currentlevel = objReward.get("currentlevel"): null

2018-09-29 10:47:36 - [TEST_STEP][PASSED] - Statement - lifetime = java.lang.Float.parseFloat(objReward.get("lifetime")): null

2018-09-29 10:47:36 - [TEST_STEP][PASSED] - Statement - pending = java.lang.Float.parseFloat(objReward.get("pending")): null

2018-09-29 10:47:36 - [TEST_STEP][PASSED] - Statement - redeemable = java.lang.Float.parseFloat(objReward.get("redeemable")): null

2018-09-29 10:47:36 - [TEST_STEP][PASSED] - Statement - pointvalue = java.lang.Float.parseFloat(objReward.get("pointvalue")): null

2018-09-29 10:47:36 - [TEST_STEP][PASSED] - Statement - rewardEarned = java.lang.Float.parseFloat(java.lang.String.format("%.2f", multiplier * subtotal)): null

2018-09-29 10:47:36 - [TEST_STEP][PASSED] - Statement - notificationMessage = "You received " + rewardEarned + " redeemable points": null

2018-09-29 10:47:36 - [TEST_STEP][PASSED] - beautytap.ShopAction.globalSearch: beautytap.ShopAction.globalSearch is PASSED

2018-09-29 10:47:37 - [MESSAGE][PASSED] - Object: 'Object Repository/Page_General/icon_search' is clicked on

2018-09-29 10:47:42 - [MESSAGE][PASSED] - Delayed 5 second(s)

2018-09-29 10:47:42 - [MESSAGE][PASSED] - Text of object 'Object Repository/Page_General/txt_search' is cleared

2018-09-29 10:47:42 - [MESSAGE][PASSED] - Keys 'CONTROL + v' sent to object: 'Object Repository/Page_General/txt_search'

2018-09-29 10:47:44 - [MESSAGE][PASSED] - Object 'Object Repository/Page_General/div_searchResult' is present

2018-09-29 10:47:44 - [MESSAGE][PASSED] - beautytap.ShopAction.globalSearch is PASSED

2018-09-29 10:47:44 - [TEST_STEP][PASSED] - beautytap.ShopAction.selectProductOnSearchResult: beautytap.ShopAction.selectProductOnSearchResult is PASSED

2018-09-29 10:47:51 - [MESSAGE][PASSED] - Object: '' is clicked on

2018-09-29 10:47:51 - [MESSAGE][PASSED] - Wait for page load successfully

2018-09-29 10:47:51 - [MESSAGE][PASSED] - beautytap.ShopAction.selectProductOnSearchResult is PASSED

2018-09-29 10:47:51 - [TEST_STEP][PASSED] - beautytap.ShopAction.addProductToCart: beautytap.ShopAction.addProductToCart is PASSED

2018-09-29 10:47:51 - [MESSAGE][PASSED] - Text of object 'Object Repository/Page_Shop/txt_quantity' is cleared

2018-09-29 10:47:51 - [MESSAGE][PASSED] - Keys '3' sent to object: 'Object Repository/Page_Shop/txt_quantity'

2018-09-29 10:47:51 - [MESSAGE][PASSED] - Object: 'Object Repository/Page_Shop/btn_addToCart' is clicked on

2018-09-29 10:47:51 - [MESSAGE][PASSED] - Wait for page load successfully

2018-09-29 10:47:56 - [MESSAGE][PASSED] - Object 'Object Repository/Page_Shop/lbl_message' is present

2018-09-29 10:47:56 - [MESSAGE][PASSED] - beautytap.ShopAction.addProductToCart is PASSED

2018-09-29 10:47:56 - [TEST_STEP][PASSED] - beautytap.ShopAction.goToCart: beautytap.ShopAction.goToCart is PASSED

2018-09-29 10:47:56 - [MESSAGE][PASSED] - Object 'Object Repository/Page_General/icon_cart' is present

2018-09-29 10:48:01 - [MESSAGE][PASSED] - Object: 'Object Repository/Page_General/icon_cart' is clicked on

2018-09-29 10:48:01 - [MESSAGE][PASSED] - Wait for page load successfully

2018-09-29 10:48:01 - [MESSAGE][PASSED] - beautytap.ShopAction.goToCart is PASSED

2018-09-29 10:48:01 - [TEST_STEP][PASSED] - beautytap.ShopAction.processToCheckout: beautytap.ShopAction.processToCheckout is PASSED

2018-09-29 10:48:06 - [MESSAGE][PASSED] - Object: 'Object Repository/Page_Cart/btn_checkout' is clicked on

2018-09-29 10:48:06 - [MESSAGE][PASSED] - Wait for page load successfully

2018-09-29 10:48:06 - [MESSAGE][PASSED] - beautytap.ShopAction.processToCheckout is PASSED

2018-09-29 10:48:06 - [TEST_STEP][PASSED] - beautytap.ShopAction.fillCustomerInformation: beautytap.ShopAction.fillCustomerInformation is PASSED

2018-09-29 10:48:06 - [MESSAGE][PASSED] - Text of object 'Object Repository/Page_Checkout/txt_billingFirstName' is cleared

2018-09-29 10:48:06 - [MESSAGE][PASSED] - Keys 'Test' sent to object: 'Object Repository/Page_Checkout/txt_billingFirstName'

2018-09-29 10:48:06 - [MESSAGE][PASSED] - Text of object 'Object Repository/Page_Checkout/txt_billingLastName' is cleared

2018-09-29 10:48:06 - [MESSAGE][PASSED] - Keys 'Automation' sent to object: 'Object Repository/Page_Checkout/txt_billingLastName'

2018-09-29 10:48:07 - [MESSAGE][PASSED] - All options with label 'United States (US)' are selected in object 'Object Repository/Page_Checkout/drop_billingCountry' 

2018-09-29 10:48:12 - [MESSAGE][PASSED] - Delayed 5 second(s)

2018-09-29 10:48:12 - [MESSAGE][PASSED] - Text of object 'Object Repository/Page_Checkout/txt_billingAddress' is cleared

2018-09-29 10:48:12 - [MESSAGE][PASSED] - Keys '123 Testing' sent to object: 'Object Repository/Page_Checkout/txt_billingAddress'

2018-09-29 10:48:12 - [MESSAGE][PASSED] - Text of object 'Object Repository/Page_Checkout/txt_billingCity' is cleared

2018-09-29 10:48:12 - [MESSAGE][PASSED] - Keys 'New York' sent to object: 'Object Repository/Page_Checkout/txt_billingCity'

2018-09-29 10:48:13 - [MESSAGE][PASSED] - All options with label 'New York' are selected in object 'Object Repository/Page_Checkout/drop_billingState' 

2018-09-29 10:48:13 - [MESSAGE][PASSED] - Text of object 'Object Repository/Page_Checkout/txt_billingZip' is cleared

2018-09-29 10:48:13 - [MESSAGE][PASSED] - Keys '90012' sent to object: 'Object Repository/Page_Checkout/txt_billingZip'

2018-09-29 10:48:13 - [MESSAGE][PASSED] - Text of object 'Object Repository/Page_Checkout/txt_billingEmail' is cleared

2018-09-29 10:48:14 - [MESSAGE][PASSED] - Keys 'trang2408@mailinator.com' sent to object: 'Object Repository/Page_Checkout/txt_billingEmail'

2018-09-29 10:48:14 - [MESSAGE][PASSED] - Object 'Object Repository/Page_Checkout/chk_shipToDifferentAddress' is un-checked

2018-09-29 10:48:14 - [MESSAGE][PASSED] - Text of object 'Object Repository/Page_Checkout/txt_orderNote' is cleared

2018-09-29 10:48:14 - [MESSAGE][PASSED] - Keys 'TC07' sent to object: 'Object Repository/Page_Checkout/txt_orderNote'

2018-09-29 10:48:14 - [MESSAGE][PASSED] - Object 'Object Repository/Page_Checkout/radio_creditCard' is checked

2018-09-29 10:48:19 - [MESSAGE][PASSED] - Delayed 5 second(s)

2018-09-29 10:48:19 - [MESSAGE][PASSED] - beautytap.ShopAction.fillCustomerInformation is PASSED

2018-09-29 10:48:19 - [TEST_STEP][PASSED] - beautytap.ShopAction.VerifyOrderDetailsOnCheckout: Keyword VerifyOrderDetailsOnCheckout is Passed

2018-09-29 10:48:19 - [MESSAGE][PASSED] - Object '' is present

2018-09-29 10:48:19 - [MESSAGE][PASSED] - Text of object '' is: '$95.40'

2018-09-29 10:48:19 - [MESSAGE][PASSED] - Text of object '' is: 'Free shipping for orders over $60
Why does shipping take this long?'

2018-09-29 10:48:19 - [MESSAGE][PASSED] - Text of object '' is: '$95.40'

2018-09-29 10:48:19 - [MESSAGE][PASSED] - Keyword VerifyOrderDetailsOnCheckout is Passed

2018-09-29 10:48:19 - [TEST_STEP][PASSED] - beautytap.ShopAction.VerifyRewardEarned: Keyword VerifyRewardEarned is Passed

2018-09-29 10:48:20 - [MESSAGE][PASSED] - Text of object '' is: 'Status: Beauty Bae ( $95.4 x Rewards Multiplier )'

2018-09-29 10:48:20 - [MESSAGE][PASSED] - Text of object '' is: 'Status: Beauty Bae ( $95.4 x Rewards Multiplier )'

2018-09-29 10:48:20 - [MESSAGE][PASSED] - Text of object '' is: 'Status: Beauty Bae ( $95.4 x Rewards Multiplier )'

2018-09-29 10:48:20 - [MESSAGE][PASSED] - Text of object '' is: 'Multiplier: $95.4 x 1.1'

2018-09-29 10:48:20 - [MESSAGE][PASSED] - Text of object '' is: 'Multiplier: $95.4 x 1.1'

2018-09-29 10:48:20 - [MESSAGE][PASSED] - Text of object '' is: '104.9 Points!'

2018-09-29 10:48:20 - [MESSAGE][PASSED] - Text of object '' is: '104.9 Points!'

2018-09-29 10:48:20 - [MESSAGE][PASSED] - Text of object '' is: 'Multiplier: $95.4 x 1.1'

2018-09-29 10:48:20 - [MESSAGE][PASSED] - Text of object '' is: 'Multiplier: $95.4 x 1.1'

2018-09-29 10:48:20 - [MESSAGE][PASSED] - Text of object '' is: 'Multiplier: $95.4 x 1.1'

2018-09-29 10:48:20 - [MESSAGE][PASSED] - Keyword VerifyRewardEarned is Passed

2018-09-29 10:48:20 - [TEST_STEP][PASSED] - beautytap.ShopAction.checkoutViaPaypal: beautytap.ShopAction.checkoutViaPaypal is PASSED

2018-09-29 10:48:20 - [MESSAGE][PASSED] - Object 'Object Repository/Page_Checkout/radio_paypal' is checked

2018-09-29 10:48:25 - [MESSAGE][PASSED] - Delayed 5 second(s)

2018-09-29 10:48:25 - [MESSAGE][PASSED] - Object 'Object Repository/Page_Checkout/chk_terms' is checked

2018-09-29 10:48:26 - [MESSAGE][PASSED] - Object: 'Object Repository/Page_Checkout/btn_placeOrder' is clicked on

2018-09-29 10:48:32 - [MESSAGE][PASSED] - Object 'Object Repository/Page_Paypal/txt_email' is present

2018-09-29 10:48:33 - [MESSAGE][PASSED] - Text of object 'Object Repository/Page_Paypal/txt_email' is cleared

2018-09-29 10:48:33 - [MESSAGE][PASSED] - Keys 'g1.posiba@gmail.com' sent to object: 'Object Repository/Page_Paypal/txt_email'

2018-09-29 10:48:33 - [MESSAGE][PASSED] - Text of object 'Object Repository/Page_Paypal/txt_password' is cleared

2018-09-29 10:48:33 - [MESSAGE][PASSED] - Keys 'Tr@ng99%' sent to object: 'Object Repository/Page_Paypal/txt_password'

2018-09-29 10:48:45 - [MESSAGE][PASSED] - Object: 'Object Repository/Page_Paypal/btn_login' is clicked on

2018-09-29 10:48:47 - [MESSAGE][PASSED] - Object 'Object Repository/Page_Paypal/btn_payNow' is present

2018-09-29 10:48:52 - [MESSAGE][PASSED] - Delayed 5 second(s)

2018-09-29 10:48:53 - [MESSAGE][PASSED] - Object: 'Object Repository/Page_Paypal/btn_payNow' is clicked on

2018-09-29 10:49:11 - [MESSAGE][PASSED] - Object 'Object Repository/Page_Checkout/lbl_orderReceived' is present

2018-09-29 10:49:11 - [MESSAGE][PASSED] - beautytap.ShopAction.checkoutViaPaypal is PASSED

2018-09-29 10:49:11 - [TEST_STEP][PASSED] - beautytap.ShopAction.VerifyOrderReceivedDetails: Keyword VerifyOrderReceivedDetails is Passed

2018-09-29 10:49:11 - [MESSAGE][PASSED] - Object '' is present

2018-09-29 10:49:12 - [MESSAGE][PASSED] - Text of object '' is: '$95.40'

2018-09-29 10:49:12 - [MESSAGE][PASSED] - Text of object '' is: 'Free shipping for orders over $60'

2018-09-29 10:49:17 - [MESSAGE][WARNING] - com.kms.katalon.core.webui.exception.WebElementNotFoundException: Web element with id: '' located by 'By.xpath: //th[text()='Shipping:']/parent::tr/td/span' not found
[[ATTACHMENT|E:\\BeautytapAutomation\\beautytapAuto\\Beautytap\\Reports\\Regression\\20180929_104005\\1538192957232.png]]

2018-09-29 10:49:17 - [MESSAGE][PASSED] - Text of object '' is: 'PayPal'

2018-09-29 10:49:17 - [MESSAGE][PASSED] - Text of object '' is: '$95.40'

2018-09-29 10:49:17 - [MESSAGE][PASSED] - Keyword VerifyOrderReceivedDetails is Passed

2018-09-29 10:49:17 - [TEST_STEP][PASSED] - beautytap.ShopAction.VerifyRewardEarned: Keyword VerifyRewardEarned is Passed

2018-09-29 10:49:17 - [MESSAGE][PASSED] - Text of object '' is: 'Status: Beauty Bae ( $95.40 x Rewards Multiplier )'

2018-09-29 10:49:17 - [MESSAGE][PASSED] - Text of object '' is: 'Status: Beauty Bae ( $95.40 x Rewards Multiplier )'

2018-09-29 10:49:17 - [MESSAGE][PASSED] - Text of object '' is: 'Status: Beauty Bae ( $95.40 x Rewards Multiplier )'

2018-09-29 10:49:17 - [MESSAGE][PASSED] - Text of object '' is: 'Multiplier: $95.40 x 1.1'

2018-09-29 10:49:17 - [MESSAGE][PASSED] - Text of object '' is: 'Multiplier: $95.40 x 1.1'

2018-09-29 10:49:17 - [MESSAGE][PASSED] - Text of object '' is: '104.9 Points!'

2018-09-29 10:49:18 - [MESSAGE][PASSED] - Text of object '' is: '104.9 Points!'

2018-09-29 10:49:18 - [MESSAGE][PASSED] - Text of object '' is: 'Multiplier: $95.40 x 1.1'

2018-09-29 10:49:18 - [MESSAGE][PASSED] - Text of object '' is: 'Multiplier: $95.40 x 1.1'

2018-09-29 10:49:18 - [MESSAGE][PASSED] - Text of object '' is: 'Multiplier: $95.40 x 1.1'

2018-09-29 10:49:18 - [MESSAGE][PASSED] - Keyword VerifyRewardEarned is Passed

2018-09-29 10:49:18 - [TEST_STEP][PASSED] - Statement - orderInfo = CustomKeywords.beautytap.ShopAction.getOrderInfoOnOrderReceived(): beautytap.ShopAction.getOrderInfoOnOrderReceived is PASSED

2018-09-29 10:49:18 - [MESSAGE][PASSED] - Text of object '' is: '137085'

2018-09-29 10:49:18 - [MESSAGE][PASSED] - Text of object '' is: 'September 28, 2018'

2018-09-29 10:49:18 - [MESSAGE][PASSED] - beautytap.ShopAction.getOrderInfoOnOrderReceived is PASSED

2018-09-29 10:49:18 - [TEST_STEP][PASSED] - Statement - orderNumber = orderInfo.get("ordernumber"): null

2018-09-29 10:49:18 - [TEST_STEP][PASSED] - Statement - orderDate = orderInfo.get("date"): null

2018-09-29 10:49:18 - [TEST_STEP][PASSED] - Statement - completeOrderSubject = "Your " + SITE_TITLE + " order from " + orderDate + " is complete": null

2018-09-29 10:49:18 - [TEST_STEP][PASSED] - Statement - completeOrderSubject = completeOrderSubject.replace("[", "").replace("]", ""): null

2018-09-29 10:49:18 - [TEST_STEP][PASSED] - beautytap.GeneralAction.selectProfileMenu: beautytap.GeneralAction.selectProfileMenu is PASSED

2018-09-29 10:49:18 - [MESSAGE][PASSED] - Object: 'Object Repository/Page_General/link_avatar' is clicked on

2018-09-29 10:49:20 - [MESSAGE][PASSED] - Delayed 2 second(s)

2018-09-29 10:49:24 - [MESSAGE][PASSED] - Object: '' is clicked on

2018-09-29 10:49:24 - [MESSAGE][PASSED] - Wait for page load successfully

2018-09-29 10:49:24 - [MESSAGE][PASSED] - beautytap.GeneralAction.selectProfileMenu is PASSED

2018-09-29 10:49:24 - [TEST_STEP][PASSED] - Statement - newPending = java.lang.Float.parseFloat(java.lang.String.format("%.2f", pending + rewardEarned)): null

2018-09-29 10:49:24 - [TEST_STEP][PASSED] - beautytap.ShopAction.VerifyRewardPointsDetails: Keyword VerifyRewardPoints is Passed

2018-09-29 10:49:24 - [MESSAGE][PASSED] - Text of object '' is: '7579.23'

2018-09-29 10:49:24 - [MESSAGE][PASSED] - Text of object '' is: '3267.32'

2018-09-29 10:49:24 - [MESSAGE][PASSED] - Text of object '' is: '4789.23'

2018-09-29 10:49:24 - [MESSAGE][PASSED] - Text of object '' is: '$255.00'

2018-09-29 10:49:24 - [MESSAGE][PASSED] - Keyword VerifyRewardPoints is Passed

2018-09-29 10:49:24 - [TEST_STEP][PASSED] - beautytap.ShopAction.VerifyRewardHistory: Keyword VerifyRewardHistory is Passed

2018-09-29 10:49:25 - [MESSAGE][PASSED] - Object '' is present

2018-09-29 10:49:25 - [MESSAGE][PASSED] - Text of object '' is: ''

2018-09-29 10:49:25 - [MESSAGE][PASSED] - Text of object '' is: '$95.40'

2018-09-29 10:49:25 - [MESSAGE][PASSED] - Text of object '' is: '1.1'

2018-09-29 10:49:25 - [MESSAGE][PASSED] - Text of object '' is: '0.00'

2018-09-29 10:49:25 - [MESSAGE][PASSED] - Text of object '' is: '4789.23'

2018-09-29 10:49:25 - [MESSAGE][PASSED] - Keyword VerifyRewardHistory is Passed

2018-09-29 10:49:25 - [TEST_STEP][PASSED] - beautytap.ShopAction.VerifyRewardHistory: Keyword VerifyRewardHistory is Passed

2018-09-29 10:49:25 - [MESSAGE][PASSED] - Object '' is present

2018-09-29 10:49:25 - [MESSAGE][PASSED] - Text of object '' is: ''

2018-09-29 10:49:25 - [MESSAGE][PASSED] - Text of object '' is: '$95.40'

2018-09-29 10:49:25 - [MESSAGE][PASSED] - Text of object '' is: '1.1'

2018-09-29 10:49:26 - [MESSAGE][PASSED] - Text of object '' is: '0.00'

2018-09-29 10:49:26 - [MESSAGE][PASSED] - Text of object '' is: '4789.23'

2018-09-29 10:49:26 - [MESSAGE][PASSED] - Keyword VerifyRewardHistory is Passed

2018-09-29 10:49:26 - [TEST_STEP][PASSED] - beautytap.GeneralAction.logout: beautytap.GeneralAction.logout is PASSED

2018-09-29 10:49:26 - [MESSAGE][PASSED] - Object: 'Object Repository/Page_General/link_avatar' is clicked on

2018-09-29 10:49:26 - [MESSAGE][PASSED] - Object 'Object Repository/Page_General/menu_logout' is present

2018-09-29 10:49:27 - [MESSAGE][PASSED] - Object: 'Object Repository/Page_General/menu_logout' is clicked on

2018-09-29 10:49:27 - [MESSAGE][PASSED] - Wait for page load successfully

2018-09-29 10:49:27 - [MESSAGE][PASSED] - beautytap.GeneralAction.logout is PASSED

2018-09-29 10:49:27 - [TEST_STEP][PASSED] - beautytap.GeneralAction.clickNavigationMenu: beautytap.GeneralAction.clickNavigationMenu is PASSED

2018-09-29 10:49:35 - [MESSAGE][PASSED] - Object: 'Object Repository/Page_General/link_login' is clicked on

2018-09-29 10:49:35 - [MESSAGE][PASSED] - Wait for page load successfully

2018-09-29 10:49:35 - [MESSAGE][PASSED] - beautytap.GeneralAction.clickNavigationMenu is PASSED

2018-09-29 10:49:35 - [TEST_STEP][PASSED] - beautytap.GeneralAction.login: beautytap.GeneralAction.login is PASSED

2018-09-29 10:49:35 - [MESSAGE][PASSED] - Text of object 'Object Repository/Page_login/txt_username' is cleared

2018-09-29 10:49:35 - [MESSAGE][PASSED] - Keys 'mrwhite' sent to object: 'Object Repository/Page_login/txt_username'

2018-09-29 10:49:35 - [MESSAGE][PASSED] - Text of object 'Object Repository/Page_login/txt_password' is cleared

2018-09-29 10:49:35 - [MESSAGE][PASSED] - Keys 'kgySM$Im' sent to object: 'Object Repository/Page_login/txt_password'

2018-09-29 10:49:35 - [MESSAGE][PASSED] - Object: 'Object Repository/Page_login/btn_login' is clicked on

2018-09-29 10:49:35 - [MESSAGE][PASSED] - Wait for page load successfully

2018-09-29 10:49:35 - [MESSAGE][PASSED] - beautytap.GeneralAction.login is PASSED

2018-09-29 10:49:35 - [TEST_STEP][PASSED] - navigateToUrl: Navigate to 'https://stage.beautytap.com/admin' successfully

2018-09-29 10:49:42 - [MESSAGE][PASSED] - Navigate to 'https://stage.beautytap.com/admin' successfully

2018-09-29 10:49:42 - [TEST_STEP][PASSED] - beautytap.AdminAction.changeOrderStatus: beautytap.AdminAction.changeOrderStatus is PASSED

2018-09-29 10:49:50 - [MESSAGE][PASSED] - Object: '' is clicked on

2018-09-29 10:49:50 - [MESSAGE][PASSED] - Wait for page load successfully

2018-09-29 10:49:55 - [MESSAGE][PASSED] - Object: '' is clicked on

2018-09-29 10:49:55 - [MESSAGE][PASSED] - Wait for page load successfully

2018-09-29 10:49:55 - [MESSAGE][PASSED] - Text of object 'Object Repository/Page_Admin/txt_searchOrder' is cleared

2018-09-29 10:49:55 - [MESSAGE][PASSED] - Keys '137085' sent to object: 'Object Repository/Page_Admin/txt_searchOrder'

2018-09-29 10:49:59 - [MESSAGE][PASSED] - Object: 'Object Repository/Page_Admin/btn_searchOrder' is clicked on

2018-09-29 10:49:59 - [MESSAGE][PASSED] - Wait for page load successfully

2018-09-29 10:50:05 - [MESSAGE][PASSED] - Object: '' is clicked on

2018-09-29 10:50:05 - [MESSAGE][PASSED] - Wait for page load successfully

2018-09-29 10:50:06 - [MESSAGE][PASSED] - All options with label 'Completed' are selected in object 'Object Repository/Page_Admin/drop_orderStatus' 

2018-09-29 10:50:06 - [MESSAGE][PASSED] - Object: 'Object Repository/Page_Admin/btn_saveOrder' is clicked on

2018-09-29 10:50:17 - [MESSAGE][PASSED] - Object 'Object Repository/Page_Admin/lbl_orderUpdatedMessage' is present

2018-09-29 10:50:17 - [MESSAGE][PASSED] - beautytap.AdminAction.changeOrderStatus is PASSED

2018-09-29 10:50:17 - [TEST_STEP][PASSED] - beautytap.GeneralAction.openMailBox: beautytap.GeneralAction.openMailBox is PASSED

2018-09-29 10:50:20 - [MESSAGE][PASSED] - Navigate to 'https://www.mailinator.com' successfully

2018-09-29 10:50:20 - [MESSAGE][PASSED] - Wait for page load successfully

2018-09-29 10:50:21 - [MESSAGE][PASSED] - Keys 'trang2408@mailinator.com' sent to object: 'Object Repository/Page_mailinator/txt_email'

2018-09-29 10:50:22 - [MESSAGE][PASSED] - Object: 'Object Repository/Page_mailinator/btn_go' is clicked on

2018-09-29 10:50:22 - [MESSAGE][PASSED] - Wait for page load successfully

2018-09-29 10:50:27 - [MESSAGE][PASSED] - Delayed 5 second(s)

2018-09-29 10:50:27 - [MESSAGE][PASSED] - beautytap.GeneralAction.openMailBox is PASSED

2018-09-29 10:50:27 - [TEST_STEP][PASSED] - beautytap.GeneralAction.verifyEmailExist: beautytap.GeneralAction.verifyEmailExist is PASSED

2018-09-29 10:50:27 - [MESSAGE][PASSED] - Object '' is present

2018-09-29 10:50:27 - [MESSAGE][PASSED] - beautytap.GeneralAction.verifyEmailExist is PASSED

2018-09-29 10:50:27 - [TEST_STEP][PASSED] - beautytap.GeneralAction.openEmail: beautytap.GeneralAction.openEmail is PASSED

2018-09-29 10:50:27 - [MESSAGE][PASSED] - Object: '' is clicked on

2018-09-29 10:50:27 - [MESSAGE][PASSED] - beautytap.GeneralAction.openEmail is PASSED

2018-09-29 10:50:27 - [TEST_STEP][PASSED] - beautytap.ShopAction.VerifyOrderCompleteEmail: Keyword VerifyOrderCompleteEmail is Passed

2018-09-29 10:50:28 - [MESSAGE][PASSED] - Object '' is present

2018-09-29 10:50:28 - [MESSAGE][PASSED] - Text of object '' is: 'La Muse Correct Care Complete Cushion SPF50+'

2018-09-29 10:50:28 - [MESSAGE][PASSED] - Text of object '' is: '3'

2018-09-29 10:50:28 - [MESSAGE][PASSED] - Text of object '' is: '$95.40'

2018-09-29 10:50:28 - [MESSAGE][PASSED] - Text of object '' is: '$95.40'

2018-09-29 10:50:28 - [MESSAGE][PASSED] - Text of object '' is: 'Free shipping for orders over $60'

2018-09-29 10:50:34 - [MESSAGE][WARNING] - com.kms.katalon.core.webui.exception.WebElementNotFoundException: Web element with id: '' located by 'By.xpath: //th[text()='Shipping:']/parent::tr/td/span' not found
[[ATTACHMENT|E:\\BeautytapAutomation\\beautytapAuto\\Beautytap\\Reports\\Regression\\20180929_104005\\1538193033765.png]]

2018-09-29 10:50:34 - [MESSAGE][PASSED] - Text of object '' is: 'PayPal'

2018-09-29 10:50:34 - [MESSAGE][PASSED] - Text of object '' is: '104.94'

2018-09-29 10:50:34 - [MESSAGE][PASSED] - Text of object '' is: '$95.40'

2018-09-29 10:50:34 - [MESSAGE][PASSED] - Keyword VerifyOrderCompleteEmail is Passed

2018-09-29 10:50:34 - [TEST_STEP][PASSED] - closeBrowser: Browser is closed

2018-09-29 10:50:35 - [MESSAGE][PASSED] - Browser is closed

2018-09-29 10:50:35 - [TEST_STEP][PASSED] - beautytap.GeneralAction.openBeautytap: beautytap.GeneralAction.openBeautytap is PASSED

2018-09-29 10:50:50 - [MESSAGE][PASSED] - Browser is opened with url: 'https://stage.beautytap.com'

2018-09-29 10:50:51 - [MESSAGE][PASSED] - Current window maximized

2018-09-29 10:50:54 - [MESSAGE][PASSED] - Refresh successfully

2018-09-29 10:50:54 - [MESSAGE][PASSED] - Wait for page load successfully

2018-09-29 10:50:54 - [MESSAGE][PASSED] - beautytap.GeneralAction.openBeautytap is PASSED

2018-09-29 10:50:54 - [TEST_STEP][PASSED] - beautytap.GeneralAction.clickNavigationMenu: beautytap.GeneralAction.clickNavigationMenu is PASSED

2018-09-29 10:50:57 - [MESSAGE][PASSED] - Object: 'Object Repository/Page_General/link_login' is clicked on

2018-09-29 10:50:57 - [MESSAGE][PASSED] - Wait for page load successfully

2018-09-29 10:50:57 - [MESSAGE][PASSED] - beautytap.GeneralAction.clickNavigationMenu is PASSED

2018-09-29 10:50:57 - [TEST_STEP][PASSED] - beautytap.GeneralAction.login: beautytap.GeneralAction.login is PASSED

2018-09-29 10:50:57 - [MESSAGE][PASSED] - Text of object 'Object Repository/Page_login/txt_username' is cleared

2018-09-29 10:50:57 - [MESSAGE][PASSED] - Keys 'trang2408@mailinator.com' sent to object: 'Object Repository/Page_login/txt_username'

2018-09-29 10:50:57 - [MESSAGE][PASSED] - Text of object 'Object Repository/Page_login/txt_password' is cleared

2018-09-29 10:50:57 - [MESSAGE][PASSED] - Keys '123456' sent to object: 'Object Repository/Page_login/txt_password'

2018-09-29 10:50:58 - [MESSAGE][PASSED] - Object: 'Object Repository/Page_login/btn_login' is clicked on

2018-09-29 10:50:58 - [MESSAGE][PASSED] - Wait for page load successfully

2018-09-29 10:50:58 - [MESSAGE][PASSED] - beautytap.GeneralAction.login is PASSED

2018-09-29 10:50:58 - [TEST_STEP][PASSED] - beautytap.GeneralAction.VerifyNotificationText: Keyword VerifyNotificationText is Passed

2018-09-29 10:51:06 - [MESSAGE][PASSED] - Object: 'Object Repository/Page_General/link_notificationIcon' is clicked on

2018-09-29 10:51:11 - [MESSAGE][PASSED] - Delayed 5 second(s)

2018-09-29 10:51:11 - [MESSAGE][PASSED] - Text of object '' is: 'You received 104.94 redeemable points'

2018-09-29 10:51:11 - [MESSAGE][PASSED] - Keyword VerifyNotificationText is Passed

2018-09-29 10:51:11 - [TEST_STEP][PASSED] - beautytap.GeneralAction.selectProfileMenu: beautytap.GeneralAction.selectProfileMenu is PASSED

2018-09-29 10:51:11 - [MESSAGE][PASSED] - Object: 'Object Repository/Page_General/link_avatar' is clicked on

2018-09-29 10:51:13 - [MESSAGE][PASSED] - Delayed 2 second(s)

2018-09-29 10:51:17 - [MESSAGE][PASSED] - Object: '' is clicked on

2018-09-29 10:51:17 - [MESSAGE][PASSED] - Wait for page load successfully

2018-09-29 10:51:17 - [MESSAGE][PASSED] - beautytap.GeneralAction.selectProfileMenu is PASSED

2018-09-29 10:51:17 - [TEST_STEP][PASSED] - Statement - newLifetime = java.lang.Float.parseFloat(java.lang.String.format("%.2f", lifetime + rewardEarned)): null

2018-09-29 10:51:17 - [TEST_STEP][PASSED] - Statement - newRedeemable = java.lang.Float.parseFloat(java.lang.String.format("%.2f", redeemable + rewardEarned)): null

2018-09-29 10:51:17 - [TEST_STEP][PASSED] - Statement - newPointValue = CustomKeywords.beautytap.ShopAction.calculateLoyaltyPointValue(newRedeemable): beautytap.ShopAction.calculateLoyaltyPointValue is PASSED

2018-09-29 10:51:17 - [MESSAGE][PASSED] - beautytap.ShopAction.calculateLoyaltyPointValue is PASSED

2018-09-29 10:51:17 - [TEST_STEP][PASSED] - beautytap.ShopAction.VerifyRewardPointsDetails: Keyword VerifyRewardPoints is Passed

2018-09-29 10:51:17 - [MESSAGE][PASSED] - Text of object '' is: '7684.17'

2018-09-29 10:51:17 - [MESSAGE][PASSED] - Text of object '' is: '3162.38'

2018-09-29 10:51:17 - [MESSAGE][PASSED] - Text of object '' is: '4894.17'

2018-09-29 10:51:17 - [MESSAGE][PASSED] - Text of object '' is: '$259.00'

2018-09-29 10:51:17 - [MESSAGE][PASSED] - Keyword VerifyRewardPoints is Passed

2018-09-29 10:51:17 - [TEST_STEP][PASSED] - beautytap.ShopAction.VerifyRewardHistory: Keyword VerifyRewardHistory is Passed

2018-09-29 10:51:17 - [MESSAGE][PASSED] - Object '' is present

2018-09-29 10:51:17 - [MESSAGE][PASSED] - Text of object '' is: ''

2018-09-29 10:51:17 - [MESSAGE][PASSED] - Text of object '' is: '$95.40'

2018-09-29 10:51:17 - [MESSAGE][PASSED] - Text of object '' is: '1.1'

2018-09-29 10:51:17 - [MESSAGE][PASSED] - Text of object '' is: '104.94'

2018-09-29 10:51:17 - [MESSAGE][PASSED] - Text of object '' is: '4894.17'

2018-09-29 10:51:17 - [MESSAGE][PASSED] - Keyword VerifyRewardHistory is Passed

2018-09-29 10:51:17 - [TEST_STEP][PASSED] - beautytap.GeneralAction.logout: beautytap.GeneralAction.logout is PASSED

2018-09-29 10:51:17 - [MESSAGE][PASSED] - Object: 'Object Repository/Page_General/link_avatar' is clicked on

2018-09-29 10:51:18 - [MESSAGE][PASSED] - Object 'Object Repository/Page_General/menu_logout' is present

2018-09-29 10:51:18 - [MESSAGE][PASSED] - Object: 'Object Repository/Page_General/menu_logout' is clicked on

2018-09-29 10:51:18 - [MESSAGE][PASSED] - Wait for page load successfully

2018-09-29 10:51:19 - [MESSAGE][PASSED] - Browser is closed

2018-09-29 10:51:19 - [MESSAGE][PASSED] - beautytap.GeneralAction.logout is PASSED]]></system-out>
         <system-err><![CDATA[]]></system-err>
      </testcase>
      <testcase name="Test Cases/Shop/TC08_BuyProduct_UsingRewardPoint" classname="Test Cases/Shop/TC08_BuyProduct_UsingRewardPoint" status="PASSED">
         <system-out><![CDATA[2018-09-29 10:51:21 - [TEST_CASE][PASSED] - Test Cases/Shop/TC08_BuyProduct_UsingRewardPoint: Test Cases/Shop/TC08_BuyProduct_UsingRewardPoint

2018-09-29 10:51:21 - [TEST_STEP][PASSED] - Statement - username = USER_EMAIL: null

2018-09-29 10:51:21 - [TEST_STEP][PASSED] - Statement - password = USER_PASSWORD: null

2018-09-29 10:51:21 - [TEST_STEP][PASSED] - Statement - productName = SIMPLE_PRODUCT: null

2018-09-29 10:51:21 - [TEST_STEP][PASSED] - Statement - price = SIMPLE_PRODUCT_PRICE: null

2018-09-29 10:51:21 - [TEST_STEP][PASSED] - Statement - quantity = 3: null

2018-09-29 10:51:21 - [TEST_STEP][PASSED] - Statement - shippingLabel = FREE_SHIPPING_LABEL: null

2018-09-29 10:51:21 - [TEST_STEP][PASSED] - Statement - shippingPrice = 0: null

2018-09-29 10:51:21 - [TEST_STEP][PASSED] - Statement - pointUsed = 60: null

2018-09-29 10:51:21 - [TEST_STEP][PASSED] - Statement - pointValueUsed = 2: null

2018-09-29 10:51:21 - [TEST_STEP][PASSED] - Statement - subtotal = CustomKeywords.beautytap.ShopAction.calculateTotal(quantity, price): beautytap.ShopAction.calculateTotal is PASSED

2018-09-29 10:51:21 - [MESSAGE][PASSED] - beautytap.ShopAction.calculateTotal is PASSED

2018-09-29 10:51:21 - [TEST_STEP][PASSED] - Statement - subtotalApplyReward = java.lang.Float.parseFloat(java.lang.String.format("%.2f", subtotal - pointValueUsed)): null

2018-09-29 10:51:21 - [TEST_STEP][PASSED] - Statement - total = java.lang.Float.parseFloat(java.lang.String.format("%.2f", subtotal - pointValueUsed + shippingPrice)): null

2018-09-29 10:51:22 - [TEST_STEP][PASSED] - Statement - products = new org.json.JSONArray((((((([{"productname":" + productName) + ","variation":"","quantity":") + quantity) + ","price":") + price) + "}])): null

2018-09-29 10:51:22 - [TEST_STEP][PASSED] - Statement - billingInformation = new org.json.JSONObject((({"firstname":"Test","lastname":"Automation","country":"United States (US)","address":"123 Testing","city":"New York","state":"New York","zip":"90012","email":" + username) + "})): null

2018-09-29 10:51:22 - [TEST_STEP][PASSED] - Statement - paymentMethod = "PayPal": null

2018-09-29 10:51:22 - [TEST_STEP][PASSED] - beautytap.GeneralAction.openBeautytap: beautytap.GeneralAction.openBeautytap is PASSED

2018-09-29 10:51:34 - [MESSAGE][PASSED] - Browser is opened with url: 'https://stage.beautytap.com'

2018-09-29 10:51:35 - [MESSAGE][PASSED] - Current window maximized

2018-09-29 10:51:38 - [MESSAGE][PASSED] - Refresh successfully

2018-09-29 10:51:38 - [MESSAGE][PASSED] - Wait for page load successfully

2018-09-29 10:51:38 - [MESSAGE][PASSED] - beautytap.GeneralAction.openBeautytap is PASSED

2018-09-29 10:51:38 - [TEST_STEP][PASSED] - beautytap.GeneralAction.clickNavigationMenu: beautytap.GeneralAction.clickNavigationMenu is PASSED

2018-09-29 10:51:41 - [MESSAGE][PASSED] - Object: 'Object Repository/Page_General/link_login' is clicked on

2018-09-29 10:51:41 - [MESSAGE][PASSED] - Wait for page load successfully

2018-09-29 10:51:41 - [MESSAGE][PASSED] - beautytap.GeneralAction.clickNavigationMenu is PASSED

2018-09-29 10:51:41 - [TEST_STEP][PASSED] - beautytap.GeneralAction.login: beautytap.GeneralAction.login is PASSED

2018-09-29 10:51:41 - [MESSAGE][PASSED] - Text of object 'Object Repository/Page_login/txt_username' is cleared

2018-09-29 10:51:41 - [MESSAGE][PASSED] - Keys 'trang2408@mailinator.com' sent to object: 'Object Repository/Page_login/txt_username'

2018-09-29 10:51:41 - [MESSAGE][PASSED] - Text of object 'Object Repository/Page_login/txt_password' is cleared

2018-09-29 10:51:41 - [MESSAGE][PASSED] - Keys '123456' sent to object: 'Object Repository/Page_login/txt_password'

2018-09-29 10:51:42 - [MESSAGE][PASSED] - Object: 'Object Repository/Page_login/btn_login' is clicked on

2018-09-29 10:51:42 - [MESSAGE][PASSED] - Wait for page load successfully

2018-09-29 10:51:42 - [MESSAGE][PASSED] - beautytap.GeneralAction.login is PASSED

2018-09-29 10:51:42 - [TEST_STEP][PASSED] - beautytap.GeneralAction.selectProfileMenu: beautytap.GeneralAction.selectProfileMenu is PASSED

2018-09-29 10:51:50 - [MESSAGE][PASSED] - Object: 'Object Repository/Page_General/link_avatar' is clicked on

2018-09-29 10:51:52 - [MESSAGE][PASSED] - Delayed 2 second(s)

2018-09-29 10:51:55 - [MESSAGE][PASSED] - Object: '' is clicked on

2018-09-29 10:51:55 - [MESSAGE][PASSED] - Wait for page load successfully

2018-09-29 10:51:55 - [MESSAGE][PASSED] - beautytap.GeneralAction.selectProfileMenu is PASSED

2018-09-29 10:51:55 - [TEST_STEP][PASSED] - Statement - objReward = CustomKeywords.beautytap.ShopAction.getRewardDetails(): beautytap.ShopAction.getRewardDetails is PASSED

2018-09-29 10:51:55 - [MESSAGE][PASSED] - Text of object '' is: '1.1 x Rewards Multiplier!'

2018-09-29 10:51:55 - [MESSAGE][PASSED] - Text of object '' is: '1.1 x Rewards Multiplier!'

2018-09-29 10:51:55 - [MESSAGE][PASSED] - Text of object '' is: '7684.17'

2018-09-29 10:51:55 - [MESSAGE][PASSED] - Text of object '' is: '3162.38'

2018-09-29 10:51:55 - [MESSAGE][PASSED] - Text of object '' is: '4894.17'

2018-09-29 10:51:55 - [MESSAGE][PASSED] - Text of object '' is: '$259.00'

2018-09-29 10:51:55 - [MESSAGE][PASSED] - Text of object '' is: 'Beauty Bae'

2018-09-29 10:51:55 - [MESSAGE][PASSED] - beautytap.ShopAction.getRewardDetails is PASSED

2018-09-29 10:51:55 - [TEST_STEP][PASSED] - Statement - multiplier = java.lang.Float.parseFloat(objReward.get("multiplier")): null

2018-09-29 10:51:55 - [TEST_STEP][PASSED] - Statement - currentlevel = objReward.get("currentlevel"): null

2018-09-29 10:51:55 - [TEST_STEP][PASSED] - Statement - lifetime = java.lang.Float.parseFloat(objReward.get("lifetime")): null

2018-09-29 10:51:55 - [TEST_STEP][PASSED] - Statement - pending = java.lang.Float.parseFloat(objReward.get("pending")): null

2018-09-29 10:51:55 - [TEST_STEP][PASSED] - Statement - redeemable = java.lang.Float.parseFloat(objReward.get("redeemable")): null

2018-09-29 10:51:55 - [TEST_STEP][PASSED] - Statement - pointvalue = java.lang.Float.parseFloat(objReward.get("pointvalue")): null

2018-09-29 10:51:55 - [TEST_STEP][PASSED] - Statement - rewardEarned = java.lang.Float.parseFloat(java.lang.String.format("%.2f", multiplier * subtotal - pointValueUsed)): null

2018-09-29 10:51:55 - [TEST_STEP][PASSED] - beautytap.ShopAction.globalSearch: beautytap.ShopAction.globalSearch is PASSED

2018-09-29 10:51:55 - [MESSAGE][PASSED] - Object: 'Object Repository/Page_General/icon_search' is clicked on

2018-09-29 10:52:00 - [MESSAGE][PASSED] - Delayed 5 second(s)

2018-09-29 10:52:00 - [MESSAGE][PASSED] - Text of object 'Object Repository/Page_General/txt_search' is cleared

2018-09-29 10:52:00 - [MESSAGE][PASSED] - Keys 'CONTROL + v' sent to object: 'Object Repository/Page_General/txt_search'

2018-09-29 10:52:02 - [MESSAGE][PASSED] - Object 'Object Repository/Page_General/div_searchResult' is present

2018-09-29 10:52:02 - [MESSAGE][PASSED] - beautytap.ShopAction.globalSearch is PASSED

2018-09-29 10:52:02 - [TEST_STEP][PASSED] - beautytap.ShopAction.selectProductOnSearchResult: beautytap.ShopAction.selectProductOnSearchResult is PASSED

2018-09-29 10:52:09 - [MESSAGE][PASSED] - Object: '' is clicked on

2018-09-29 10:52:09 - [MESSAGE][PASSED] - Wait for page load successfully

2018-09-29 10:52:09 - [MESSAGE][PASSED] - beautytap.ShopAction.selectProductOnSearchResult is PASSED

2018-09-29 10:52:09 - [TEST_STEP][PASSED] - beautytap.ShopAction.addProductToCart: beautytap.ShopAction.addProductToCart is PASSED

2018-09-29 10:52:09 - [MESSAGE][PASSED] - Text of object 'Object Repository/Page_Shop/txt_quantity' is cleared

2018-09-29 10:52:09 - [MESSAGE][PASSED] - Keys '3' sent to object: 'Object Repository/Page_Shop/txt_quantity'

2018-09-29 10:52:09 - [MESSAGE][PASSED] - Object: 'Object Repository/Page_Shop/btn_addToCart' is clicked on

2018-09-29 10:52:09 - [MESSAGE][PASSED] - Wait for page load successfully

2018-09-29 10:52:14 - [MESSAGE][PASSED] - Object 'Object Repository/Page_Shop/lbl_message' is present

2018-09-29 10:52:14 - [MESSAGE][PASSED] - beautytap.ShopAction.addProductToCart is PASSED

2018-09-29 10:52:14 - [TEST_STEP][PASSED] - beautytap.ShopAction.goToCart: beautytap.ShopAction.goToCart is PASSED

2018-09-29 10:52:14 - [MESSAGE][PASSED] - Object 'Object Repository/Page_General/icon_cart' is present

2018-09-29 10:52:19 - [MESSAGE][PASSED] - Object: 'Object Repository/Page_General/icon_cart' is clicked on

2018-09-29 10:52:19 - [MESSAGE][PASSED] - Wait for page load successfully

2018-09-29 10:52:19 - [MESSAGE][PASSED] - beautytap.ShopAction.goToCart is PASSED

2018-09-29 10:52:19 - [TEST_STEP][PASSED] - beautytap.ShopAction.processToCheckout: beautytap.ShopAction.processToCheckout is PASSED

2018-09-29 10:52:23 - [MESSAGE][PASSED] - Object: 'Object Repository/Page_Cart/btn_checkout' is clicked on

2018-09-29 10:52:23 - [MESSAGE][PASSED] - Wait for page load successfully

2018-09-29 10:52:23 - [MESSAGE][PASSED] - beautytap.ShopAction.processToCheckout is PASSED

2018-09-29 10:52:23 - [TEST_STEP][PASSED] - beautytap.ShopAction.applyLoyaltyRewardPoint: beautytap.ShopAction.applyLoyaltyRewardPoint is PASSED

2018-09-29 10:52:23 - [MESSAGE][PASSED] - Object: 'Object Repository/Page_Checkout/link_clickToRedeem' is clicked on

2018-09-29 10:52:23 - [MESSAGE][PASSED] - Object '' is checked

2018-09-29 10:52:23 - [MESSAGE][PASSED] - Object: 'Object Repository/Page_Checkout/btn_applyReward' is clicked on

2018-09-29 10:52:24 - [MESSAGE][PASSED] - Object '' is present

2018-09-29 10:52:24 - [MESSAGE][PASSED] - beautytap.ShopAction.applyLoyaltyRewardPoint is PASSED

2018-09-29 10:52:24 - [TEST_STEP][PASSED] - beautytap.ShopAction.fillCustomerInformation: beautytap.ShopAction.fillCustomerInformation is PASSED

2018-09-29 10:52:24 - [MESSAGE][PASSED] - Text of object 'Object Repository/Page_Checkout/txt_billingFirstName' is cleared

2018-09-29 10:52:24 - [MESSAGE][PASSED] - Keys 'Test' sent to object: 'Object Repository/Page_Checkout/txt_billingFirstName'

2018-09-29 10:52:24 - [MESSAGE][PASSED] - Text of object 'Object Repository/Page_Checkout/txt_billingLastName' is cleared

2018-09-29 10:52:24 - [MESSAGE][PASSED] - Keys 'Automation' sent to object: 'Object Repository/Page_Checkout/txt_billingLastName'

2018-09-29 10:52:24 - [MESSAGE][PASSED] - All options with label 'United States (US)' are selected in object 'Object Repository/Page_Checkout/drop_billingCountry' 

2018-09-29 10:52:29 - [MESSAGE][PASSED] - Delayed 5 second(s)

2018-09-29 10:52:29 - [MESSAGE][PASSED] - Text of object 'Object Repository/Page_Checkout/txt_billingAddress' is cleared

2018-09-29 10:52:30 - [MESSAGE][PASSED] - Keys '123 Testing' sent to object: 'Object Repository/Page_Checkout/txt_billingAddress'

2018-09-29 10:52:30 - [MESSAGE][PASSED] - Text of object 'Object Repository/Page_Checkout/txt_billingCity' is cleared

2018-09-29 10:52:30 - [MESSAGE][PASSED] - Keys 'New York' sent to object: 'Object Repository/Page_Checkout/txt_billingCity'

2018-09-29 10:52:30 - [MESSAGE][PASSED] - All options with label 'New York' are selected in object 'Object Repository/Page_Checkout/drop_billingState' 

2018-09-29 10:52:30 - [MESSAGE][PASSED] - Text of object 'Object Repository/Page_Checkout/txt_billingZip' is cleared

2018-09-29 10:52:30 - [MESSAGE][PASSED] - Keys '90012' sent to object: 'Object Repository/Page_Checkout/txt_billingZip'

2018-09-29 10:52:30 - [MESSAGE][PASSED] - Text of object 'Object Repository/Page_Checkout/txt_billingEmail' is cleared

2018-09-29 10:52:31 - [MESSAGE][PASSED] - Keys 'trang2408@mailinator.com' sent to object: 'Object Repository/Page_Checkout/txt_billingEmail'

2018-09-29 10:52:31 - [MESSAGE][PASSED] - Object 'Object Repository/Page_Checkout/chk_shipToDifferentAddress' is un-checked

2018-09-29 10:52:31 - [MESSAGE][PASSED] - Text of object 'Object Repository/Page_Checkout/txt_orderNote' is cleared

2018-09-29 10:52:32 - [MESSAGE][PASSED] - Keys 'TC08_checkout with reward' sent to object: 'Object Repository/Page_Checkout/txt_orderNote'

2018-09-29 10:52:32 - [MESSAGE][PASSED] - Object 'Object Repository/Page_Checkout/radio_creditCard' is checked

2018-09-29 10:52:37 - [MESSAGE][PASSED] - Delayed 5 second(s)

2018-09-29 10:52:37 - [MESSAGE][PASSED] - beautytap.ShopAction.fillCustomerInformation is PASSED

2018-09-29 10:52:37 - [TEST_STEP][PASSED] - beautytap.ShopAction.VerifyOrderDetailsOnCheckout: Keyword VerifyOrderDetailsOnCheckout is Passed

2018-09-29 10:52:37 - [MESSAGE][PASSED] - Object '' is present

2018-09-29 10:52:37 - [MESSAGE][PASSED] - Text of object '' is: '$95.40'

2018-09-29 10:52:37 - [MESSAGE][PASSED] - Text of object '' is: '60 points used'

2018-09-29 10:52:37 - [MESSAGE][PASSED] - Text of object '' is: '60 points used'

2018-09-29 10:52:37 - [MESSAGE][PASSED] - Text of object '' is: '$2.00'

2018-09-29 10:52:37 - [MESSAGE][PASSED] - Text of object '' is: 'Free shipping for orders over $60
Why does shipping take this long?'

2018-09-29 10:52:37 - [MESSAGE][PASSED] - Text of object '' is: '$93.40'

2018-09-29 10:52:37 - [MESSAGE][PASSED] - Keyword VerifyOrderDetailsOnCheckout is Passed

2018-09-29 10:52:37 - [TEST_STEP][PASSED] - beautytap.ShopAction.VerifyRewardEarned: Keyword VerifyRewardEarned is Passed

2018-09-29 10:52:37 - [MESSAGE][PASSED] - Text of object '' is: 'Status: Beauty Bae ( $93.4 x Rewards Multiplier )'

2018-09-29 10:52:37 - [MESSAGE][PASSED] - Text of object '' is: 'Status: Beauty Bae ( $93.4 x Rewards Multiplier )'

2018-09-29 10:52:37 - [MESSAGE][PASSED] - Text of object '' is: 'Status: Beauty Bae ( $93.4 x Rewards Multiplier )'

2018-09-29 10:52:37 - [MESSAGE][PASSED] - Text of object '' is: 'Multiplier: $93.4 x 1.1'

2018-09-29 10:52:37 - [MESSAGE][PASSED] - Text of object '' is: 'Multiplier: $93.4 x 1.1'

2018-09-29 10:52:37 - [MESSAGE][PASSED] - Text of object '' is: '102.7 Points!'

2018-09-29 10:52:37 - [MESSAGE][PASSED] - Text of object '' is: '102.7 Points!'

2018-09-29 10:52:37 - [MESSAGE][PASSED] - Text of object '' is: 'Multiplier: $93.4 x 1.1'

2018-09-29 10:52:37 - [MESSAGE][PASSED] - Text of object '' is: 'Multiplier: $93.4 x 1.1'

2018-09-29 10:52:37 - [MESSAGE][PASSED] - Text of object '' is: 'Multiplier: $93.4 x 1.1'

2018-09-29 10:52:37 - [MESSAGE][PASSED] - Keyword VerifyRewardEarned is Passed

2018-09-29 10:52:37 - [TEST_STEP][PASSED] - beautytap.ShopAction.checkoutViaPaypal: beautytap.ShopAction.checkoutViaPaypal is PASSED

2018-09-29 10:52:38 - [MESSAGE][PASSED] - Object 'Object Repository/Page_Checkout/radio_paypal' is checked

2018-09-29 10:52:43 - [MESSAGE][PASSED] - Delayed 5 second(s)

2018-09-29 10:52:43 - [MESSAGE][PASSED] - Object 'Object Repository/Page_Checkout/chk_terms' is checked

2018-09-29 10:52:43 - [MESSAGE][PASSED] - Object: 'Object Repository/Page_Checkout/btn_placeOrder' is clicked on

2018-09-29 10:52:49 - [MESSAGE][PASSED] - Object 'Object Repository/Page_Paypal/txt_email' is present

2018-09-29 10:52:49 - [MESSAGE][PASSED] - Text of object 'Object Repository/Page_Paypal/txt_email' is cleared

2018-09-29 10:52:50 - [MESSAGE][PASSED] - Keys 'g1.posiba@gmail.com' sent to object: 'Object Repository/Page_Paypal/txt_email'

2018-09-29 10:52:50 - [MESSAGE][PASSED] - Text of object 'Object Repository/Page_Paypal/txt_password' is cleared

2018-09-29 10:52:50 - [MESSAGE][PASSED] - Keys 'Tr@ng99%' sent to object: 'Object Repository/Page_Paypal/txt_password'

2018-09-29 10:53:04 - [MESSAGE][PASSED] - Object: 'Object Repository/Page_Paypal/btn_login' is clicked on

2018-09-29 10:53:07 - [MESSAGE][PASSED] - Object 'Object Repository/Page_Paypal/btn_payNow' is present

2018-09-29 10:53:12 - [MESSAGE][PASSED] - Delayed 5 second(s)

2018-09-29 10:53:12 - [MESSAGE][PASSED] - Object: 'Object Repository/Page_Paypal/btn_payNow' is clicked on

2018-09-29 10:53:30 - [MESSAGE][PASSED] - Object 'Object Repository/Page_Checkout/lbl_orderReceived' is present

2018-09-29 10:53:30 - [MESSAGE][PASSED] - beautytap.ShopAction.checkoutViaPaypal is PASSED

2018-09-29 10:53:30 - [TEST_STEP][PASSED] - beautytap.ShopAction.VerifyOrderReceivedDetails: Keyword VerifyOrderReceivedDetails is Passed

2018-09-29 10:53:30 - [MESSAGE][PASSED] - Object '' is present

2018-09-29 10:53:30 - [MESSAGE][PASSED] - Text of object '' is: '$95.40'

2018-09-29 10:53:30 - [MESSAGE][PASSED] - Text of object '' is: '60 points used'

2018-09-29 10:53:30 - [MESSAGE][PASSED] - Text of object '' is: '60 points used'

2018-09-29 10:53:30 - [MESSAGE][PASSED] - Text of object '' is: '$2.00'

2018-09-29 10:53:30 - [MESSAGE][PASSED] - Text of object '' is: 'Free shipping for orders over $60'

2018-09-29 10:53:36 - [MESSAGE][WARNING] - com.kms.katalon.core.webui.exception.WebElementNotFoundException: Web element with id: '' located by 'By.xpath: //th[text()='Shipping:']/parent::tr/td/span' not found
[[ATTACHMENT|E:\\BeautytapAutomation\\beautytapAuto\\Beautytap\\Reports\\Regression\\20180929_104005\\1538193215823.png]]

2018-09-29 10:53:36 - [MESSAGE][PASSED] - Text of object '' is: 'PayPal'

2018-09-29 10:53:36 - [MESSAGE][PASSED] - Text of object '' is: '$93.40'

2018-09-29 10:53:36 - [MESSAGE][PASSED] - Keyword VerifyOrderReceivedDetails is Passed

2018-09-29 10:53:36 - [TEST_STEP][PASSED] - Statement - orderInfo = CustomKeywords.beautytap.ShopAction.getOrderInfoOnOrderReceived(): beautytap.ShopAction.getOrderInfoOnOrderReceived is PASSED

2018-09-29 10:53:36 - [MESSAGE][PASSED] - Text of object '' is: '137089'

2018-09-29 10:53:36 - [MESSAGE][PASSED] - Text of object '' is: 'September 28, 2018'

2018-09-29 10:53:36 - [MESSAGE][PASSED] - beautytap.ShopAction.getOrderInfoOnOrderReceived is PASSED

2018-09-29 10:53:36 - [TEST_STEP][PASSED] - Statement - orderNumber = orderInfo.get("ordernumber"): null

2018-09-29 10:53:36 - [TEST_STEP][PASSED] - beautytap.ShopAction.VerifyRewardEarned: Keyword VerifyRewardEarned is Passed

2018-09-29 10:53:36 - [MESSAGE][PASSED] - Text of object '' is: 'Status: Beauty Bae ( $93.40 x Rewards Multiplier )'

2018-09-29 10:53:36 - [MESSAGE][PASSED] - Text of object '' is: 'Status: Beauty Bae ( $93.40 x Rewards Multiplier )'

2018-09-29 10:53:36 - [MESSAGE][PASSED] - Text of object '' is: 'Status: Beauty Bae ( $93.40 x Rewards Multiplier )'

2018-09-29 10:53:36 - [MESSAGE][PASSED] - Text of object '' is: 'Multiplier: $93.40 x 1.1'

2018-09-29 10:53:36 - [MESSAGE][PASSED] - Text of object '' is: 'Multiplier: $93.40 x 1.1'

2018-09-29 10:53:36 - [MESSAGE][PASSED] - Text of object '' is: '102.7 Points!'

2018-09-29 10:53:36 - [MESSAGE][PASSED] - Text of object '' is: '102.7 Points!'

2018-09-29 10:53:36 - [MESSAGE][PASSED] - Text of object '' is: 'Multiplier: $93.40 x 1.1'

2018-09-29 10:53:36 - [MESSAGE][PASSED] - Text of object '' is: 'Multiplier: $93.40 x 1.1'

2018-09-29 10:53:36 - [MESSAGE][PASSED] - Text of object '' is: 'Multiplier: $93.40 x 1.1'

2018-09-29 10:53:36 - [MESSAGE][PASSED] - Keyword VerifyRewardEarned is Passed

2018-09-29 10:53:36 - [TEST_STEP][PASSED] - beautytap.GeneralAction.selectProfileMenu: beautytap.GeneralAction.selectProfileMenu is PASSED

2018-09-29 10:53:36 - [MESSAGE][PASSED] - Object: 'Object Repository/Page_General/link_avatar' is clicked on

2018-09-29 10:53:38 - [MESSAGE][PASSED] - Delayed 2 second(s)

2018-09-29 10:53:42 - [MESSAGE][PASSED] - Object: '' is clicked on

2018-09-29 10:53:42 - [MESSAGE][PASSED] - Wait for page load successfully

2018-09-29 10:53:42 - [MESSAGE][PASSED] - beautytap.GeneralAction.selectProfileMenu is PASSED

2018-09-29 10:53:42 - [TEST_STEP][PASSED] - Statement - newPending = java.lang.Float.parseFloat(java.lang.String.format("%.2f", pending + rewardEarned)): null

2018-09-29 10:53:42 - [TEST_STEP][PASSED] - Statement - newRedeemable = java.lang.Float.parseFloat(java.lang.String.format("%.2f", redeemable - pointUsed)): null

2018-09-29 10:53:42 - [TEST_STEP][PASSED] - Statement - newPointValue = CustomKeywords.beautytap.ShopAction.calculateLoyaltyPointValue(newRedeemable): beautytap.ShopAction.calculateLoyaltyPointValue is PASSED

2018-09-29 10:53:42 - [MESSAGE][PASSED] - beautytap.ShopAction.calculateLoyaltyPointValue is PASSED

2018-09-29 10:53:42 - [TEST_STEP][PASSED] - beautytap.ShopAction.VerifyRewardPointsDetails: Keyword VerifyRewardPoints is Passed

2018-09-29 10:53:42 - [MESSAGE][PASSED] - Text of object '' is: '7684.17'

2018-09-29 10:53:42 - [MESSAGE][PASSED] - Text of object '' is: '3265.12'

2018-09-29 10:53:42 - [MESSAGE][PASSED] - Text of object '' is: '4834.17'

2018-09-29 10:53:42 - [MESSAGE][PASSED] - Text of object '' is: '$257.00'

2018-09-29 10:53:42 - [MESSAGE][PASSED] - Keyword VerifyRewardPoints is Passed

2018-09-29 10:53:42 - [TEST_STEP][PASSED] - beautytap.ShopAction.VerifyRewardHistory: Keyword VerifyRewardHistory is Passed

2018-09-29 10:53:42 - [MESSAGE][PASSED] - Object '' is present

2018-09-29 10:53:42 - [MESSAGE][PASSED] - Text of object '' is: '60'

2018-09-29 10:53:42 - [MESSAGE][PASSED] - Text of object '' is: '60'

2018-09-29 10:53:42 - [MESSAGE][PASSED] - Text of object '' is: '$93.40'

2018-09-29 10:53:42 - [MESSAGE][PASSED] - Text of object '' is: '1.1'

2018-09-29 10:53:42 - [MESSAGE][PASSED] - Text of object '' is: '-60.00'

2018-09-29 10:53:42 - [MESSAGE][PASSED] - Text of object '' is: '4834.17'

2018-09-29 10:53:42 - [MESSAGE][PASSED] - Keyword VerifyRewardHistory is Passed

2018-09-29 10:53:42 - [TEST_STEP][PASSED] - beautytap.ShopAction.VerifyRewardHistory: Keyword VerifyRewardHistory is Passed

2018-09-29 10:53:42 - [MESSAGE][PASSED] - Object '' is present

2018-09-29 10:53:42 - [MESSAGE][PASSED] - Text of object '' is: '60'

2018-09-29 10:53:43 - [MESSAGE][PASSED] - Text of object '' is: '60'

2018-09-29 10:53:43 - [MESSAGE][PASSED] - Text of object '' is: '$93.40'

2018-09-29 10:53:43 - [MESSAGE][PASSED] - Text of object '' is: '1.1'

2018-09-29 10:53:43 - [MESSAGE][PASSED] - Text of object '' is: '0.00'

2018-09-29 10:53:43 - [MESSAGE][PASSED] - Text of object '' is: '4834.17'

2018-09-29 10:53:43 - [MESSAGE][PASSED] - Keyword VerifyRewardHistory is Passed

2018-09-29 10:53:43 - [TEST_STEP][PASSED] - beautytap.GeneralAction.logout: beautytap.GeneralAction.logout is PASSED

2018-09-29 10:53:43 - [MESSAGE][PASSED] - Object: 'Object Repository/Page_General/link_avatar' is clicked on

2018-09-29 10:53:43 - [MESSAGE][PASSED] - Object 'Object Repository/Page_General/menu_logout' is present

2018-09-29 10:53:43 - [MESSAGE][PASSED] - Object: 'Object Repository/Page_General/menu_logout' is clicked on

2018-09-29 10:53:43 - [MESSAGE][PASSED] - Wait for page load successfully

2018-09-29 10:53:43 - [MESSAGE][PASSED] - beautytap.GeneralAction.logout is PASSED

2018-09-29 10:53:43 - [TEST_STEP][PASSED] - beautytap.GeneralAction.clickNavigationMenu: beautytap.GeneralAction.clickNavigationMenu is PASSED

2018-09-29 10:53:51 - [MESSAGE][PASSED] - Object: 'Object Repository/Page_General/link_login' is clicked on

2018-09-29 10:53:51 - [MESSAGE][PASSED] - Wait for page load successfully

2018-09-29 10:53:51 - [MESSAGE][PASSED] - beautytap.GeneralAction.clickNavigationMenu is PASSED

2018-09-29 10:53:51 - [TEST_STEP][PASSED] - beautytap.GeneralAction.login: beautytap.GeneralAction.login is PASSED

2018-09-29 10:53:51 - [MESSAGE][PASSED] - Text of object 'Object Repository/Page_login/txt_username' is cleared

2018-09-29 10:53:51 - [MESSAGE][PASSED] - Keys 'mrwhite' sent to object: 'Object Repository/Page_login/txt_username'

2018-09-29 10:53:51 - [MESSAGE][PASSED] - Text of object 'Object Repository/Page_login/txt_password' is cleared

2018-09-29 10:53:52 - [MESSAGE][PASSED] - Keys 'kgySM$Im' sent to object: 'Object Repository/Page_login/txt_password'

2018-09-29 10:53:52 - [MESSAGE][PASSED] - Object: 'Object Repository/Page_login/btn_login' is clicked on

2018-09-29 10:53:52 - [MESSAGE][PASSED] - Wait for page load successfully

2018-09-29 10:53:52 - [MESSAGE][PASSED] - beautytap.GeneralAction.login is PASSED

2018-09-29 10:53:52 - [TEST_STEP][PASSED] - navigateToUrl: Navigate to 'https://stage.beautytap.com/admin' successfully

2018-09-29 10:53:59 - [MESSAGE][PASSED] - Navigate to 'https://stage.beautytap.com/admin' successfully

2018-09-29 10:53:59 - [TEST_STEP][PASSED] - beautytap.AdminAction.changeOrderStatus: beautytap.AdminAction.changeOrderStatus is PASSED

2018-09-29 10:54:08 - [MESSAGE][PASSED] - Object: '' is clicked on

2018-09-29 10:54:08 - [MESSAGE][PASSED] - Wait for page load successfully

2018-09-29 10:54:13 - [MESSAGE][PASSED] - Object: '' is clicked on

2018-09-29 10:54:13 - [MESSAGE][PASSED] - Wait for page load successfully

2018-09-29 10:54:14 - [MESSAGE][PASSED] - Text of object 'Object Repository/Page_Admin/txt_searchOrder' is cleared

2018-09-29 10:54:14 - [MESSAGE][PASSED] - Keys '137089' sent to object: 'Object Repository/Page_Admin/txt_searchOrder'

2018-09-29 10:54:17 - [MESSAGE][PASSED] - Object: 'Object Repository/Page_Admin/btn_searchOrder' is clicked on

2018-09-29 10:54:18 - [MESSAGE][PASSED] - Wait for page load successfully

2018-09-29 10:54:24 - [MESSAGE][PASSED] - Object: '' is clicked on

2018-09-29 10:54:24 - [MESSAGE][PASSED] - Wait for page load successfully

2018-09-29 10:54:24 - [MESSAGE][PASSED] - All options with label 'Completed' are selected in object 'Object Repository/Page_Admin/drop_orderStatus' 

2018-09-29 10:54:24 - [MESSAGE][PASSED] - Object: 'Object Repository/Page_Admin/btn_saveOrder' is clicked on

2018-09-29 10:54:35 - [MESSAGE][PASSED] - Object 'Object Repository/Page_Admin/lbl_orderUpdatedMessage' is present

2018-09-29 10:54:35 - [MESSAGE][PASSED] - beautytap.AdminAction.changeOrderStatus is PASSED

2018-09-29 10:54:35 - [TEST_STEP][PASSED] - closeBrowser: Browser is closed

2018-09-29 10:54:36 - [MESSAGE][PASSED] - Browser is closed

2018-09-29 10:54:36 - [TEST_STEP][PASSED] - beautytap.GeneralAction.openBeautytap: beautytap.GeneralAction.openBeautytap is PASSED

2018-09-29 10:54:52 - [MESSAGE][PASSED] - Browser is opened with url: 'https://stage.beautytap.com'

2018-09-29 10:54:53 - [MESSAGE][PASSED] - Current window maximized

2018-09-29 10:54:57 - [MESSAGE][PASSED] - Refresh successfully

2018-09-29 10:54:57 - [MESSAGE][PASSED] - Wait for page load successfully

2018-09-29 10:54:57 - [MESSAGE][PASSED] - beautytap.GeneralAction.openBeautytap is PASSED

2018-09-29 10:54:57 - [TEST_STEP][PASSED] - beautytap.GeneralAction.clickNavigationMenu: beautytap.GeneralAction.clickNavigationMenu is PASSED

2018-09-29 10:54:59 - [MESSAGE][PASSED] - Object: 'Object Repository/Page_General/link_login' is clicked on

2018-09-29 10:54:59 - [MESSAGE][PASSED] - Wait for page load successfully

2018-09-29 10:54:59 - [MESSAGE][PASSED] - beautytap.GeneralAction.clickNavigationMenu is PASSED

2018-09-29 10:54:59 - [TEST_STEP][PASSED] - beautytap.GeneralAction.login: beautytap.GeneralAction.login is PASSED

2018-09-29 10:54:59 - [MESSAGE][PASSED] - Text of object 'Object Repository/Page_login/txt_username' is cleared

2018-09-29 10:54:59 - [MESSAGE][PASSED] - Keys 'trang2408@mailinator.com' sent to object: 'Object Repository/Page_login/txt_username'

2018-09-29 10:54:59 - [MESSAGE][PASSED] - Text of object 'Object Repository/Page_login/txt_password' is cleared

2018-09-29 10:54:59 - [MESSAGE][PASSED] - Keys '123456' sent to object: 'Object Repository/Page_login/txt_password'

2018-09-29 10:55:00 - [MESSAGE][PASSED] - Object: 'Object Repository/Page_login/btn_login' is clicked on

2018-09-29 10:55:00 - [MESSAGE][PASSED] - Wait for page load successfully

2018-09-29 10:55:00 - [MESSAGE][PASSED] - beautytap.GeneralAction.login is PASSED

2018-09-29 10:55:00 - [TEST_STEP][PASSED] - beautytap.GeneralAction.selectProfileMenu: beautytap.GeneralAction.selectProfileMenu is PASSED

2018-09-29 10:55:08 - [MESSAGE][PASSED] - Object: 'Object Repository/Page_General/link_avatar' is clicked on

2018-09-29 10:55:10 - [MESSAGE][PASSED] - Delayed 2 second(s)

2018-09-29 10:55:13 - [MESSAGE][PASSED] - Object: '' is clicked on

2018-09-29 10:55:13 - [MESSAGE][PASSED] - Wait for page load successfully

2018-09-29 10:55:13 - [MESSAGE][PASSED] - beautytap.GeneralAction.selectProfileMenu is PASSED

2018-09-29 10:55:13 - [TEST_STEP][PASSED] - Statement - newLifetime = java.lang.Float.parseFloat(java.lang.String.format("%.2f", lifetime + rewardEarned)): null

2018-09-29 10:55:13 - [TEST_STEP][PASSED] - Statement - newRedeemable = java.lang.Float.parseFloat(java.lang.String.format("%.2f", newRedeemable + rewardEarned)): null

2018-09-29 10:55:13 - [TEST_STEP][PASSED] - Statement - newPointValue = CustomKeywords.beautytap.ShopAction.calculateLoyaltyPointValue(newRedeemable): beautytap.ShopAction.calculateLoyaltyPointValue is PASSED

2018-09-29 10:55:13 - [MESSAGE][PASSED] - beautytap.ShopAction.calculateLoyaltyPointValue is PASSED

2018-09-29 10:55:13 - [TEST_STEP][PASSED] - beautytap.ShopAction.VerifyRewardPointsDetails: Keyword VerifyRewardPoints is Passed

2018-09-29 10:55:13 - [MESSAGE][PASSED] - Text of object '' is: '7786.91'

2018-09-29 10:55:13 - [MESSAGE][PASSED] - Text of object '' is: '3162.38'

2018-09-29 10:55:13 - [MESSAGE][PASSED] - Text of object '' is: '4936.91'

2018-09-29 10:55:13 - [MESSAGE][PASSED] - Text of object '' is: '$260.00'

2018-09-29 10:55:13 - [MESSAGE][PASSED] - Keyword VerifyRewardPoints is Passed

2018-09-29 10:55:13 - [TEST_STEP][PASSED] - beautytap.ShopAction.VerifyRewardHistory: Keyword VerifyRewardHistory is Passed

2018-09-29 10:55:13 - [MESSAGE][PASSED] - Object '' is present

2018-09-29 10:55:14 - [MESSAGE][PASSED] - Text of object '' is: '60'

2018-09-29 10:55:14 - [MESSAGE][PASSED] - Text of object '' is: '60'

2018-09-29 10:55:14 - [MESSAGE][PASSED] - Text of object '' is: '$93.40'

2018-09-29 10:55:14 - [MESSAGE][PASSED] - Text of object '' is: '1.1'

2018-09-29 10:55:14 - [MESSAGE][PASSED] - Text of object '' is: '102.74'

2018-09-29 10:55:14 - [MESSAGE][PASSED] - Text of object '' is: '4936.91'

2018-09-29 10:55:14 - [MESSAGE][PASSED] - Keyword VerifyRewardHistory is Passed

2018-09-29 10:55:14 - [TEST_STEP][PASSED] - beautytap.GeneralAction.logout: beautytap.GeneralAction.logout is PASSED

2018-09-29 10:55:14 - [MESSAGE][PASSED] - Object: 'Object Repository/Page_General/link_avatar' is clicked on

2018-09-29 10:55:14 - [MESSAGE][PASSED] - Object 'Object Repository/Page_General/menu_logout' is present

2018-09-29 10:55:14 - [MESSAGE][PASSED] - Object: 'Object Repository/Page_General/menu_logout' is clicked on

2018-09-29 10:55:14 - [MESSAGE][PASSED] - Wait for page load successfully

2018-09-29 10:55:15 - [MESSAGE][PASSED] - Browser is closed

2018-09-29 10:55:15 - [MESSAGE][PASSED] - beautytap.GeneralAction.logout is PASSED]]></system-out>
         <system-err><![CDATA[]]></system-err>
      </testcase>
      <testcase name="Test Cases/Shop/TC03_Search_SimpleProduct_Sale_Creditcard_LessThan60_Normal" classname="Test Cases/Shop/TC03_Search_SimpleProduct_Sale_Creditcard_LessThan60_Normal" status="PASSED">
         <system-out><![CDATA[2018-09-29 10:55:17 - [TEST_CASE][PASSED] - Test Cases/Shop/TC03_Search_SimpleProduct_Sale_Creditcard_LessThan60_Normal: Test Cases/Shop/TC03_Search_SimpleProduct_Sale_Creditcard_LessThan60_Normal

2018-09-29 10:55:18 - [TEST_STEP][PASSED] - Statement - productName = SIMPLE_SALE_PRODUCT: null

2018-09-29 10:55:18 - [TEST_STEP][PASSED] - Statement - searchName = productName.substring(0, productName.indexOf("/")): null

2018-09-29 10:55:18 - [TEST_STEP][PASSED] - Statement - saleprice = SIMPLE_SALE_PRICE: null

2018-09-29 10:55:18 - [TEST_STEP][PASSED] - Statement - regularprice = SIMPLE_SALE_REGULAR_PRICE: null

2018-09-29 10:55:18 - [TEST_STEP][PASSED] - Statement - r_string = new java.lang.Math().random().toString().substring(2, 8): null

2018-09-29 10:55:18 - [TEST_STEP][PASSED] - Statement - email = "auto" + r_string + "@mailinator.com": null

2018-09-29 10:55:18 - [TEST_STEP][PASSED] - Statement - orderNote = "auto" + r_string + "Order": null

2018-09-29 10:55:18 - [TEST_STEP][PASSED] - Statement - currentNumberItemInCart = <not implemented yet for class: org.codehaus.groovy.ast.expr.EmptyExpression>: null

2018-09-29 10:55:18 - [TEST_STEP][PASSED] - Statement - quantity = 1: null

2018-09-29 10:55:18 - [TEST_STEP][PASSED] - Statement - subtotal = CustomKeywords.beautytap.ShopAction.calculateTotal(quantity, saleprice): beautytap.ShopAction.calculateTotal is PASSED

2018-09-29 10:55:18 - [MESSAGE][PASSED] - beautytap.ShopAction.calculateTotal is PASSED

2018-09-29 10:55:18 - [TEST_STEP][PASSED] - Statement - total = subtotal + SHIPPING_PRICE: null

2018-09-29 10:55:18 - [TEST_STEP][PASSED] - Statement - total = CustomKeywords.beautytap.ShopAction.calculateTotal(1, total): beautytap.ShopAction.calculateTotal is PASSED

2018-09-29 10:55:18 - [MESSAGE][PASSED] - beautytap.ShopAction.calculateTotal is PASSED

2018-09-29 10:55:18 - [TEST_STEP][PASSED] - Statement - products = new org.json.JSONArray((((((([{"productname":" + productName) + ","variation":"","quantity":") + quantity) + ","price":") + saleprice) + "}])): null

2018-09-29 10:55:18 - [TEST_STEP][PASSED] - Statement - billingInformation = new org.json.JSONObject((({"firstname":"Test","lastname":"Automation","country":"United States (US)","address":"123 Testing","city":"New York","state":"New York","zip":"90012","email":" + email) + "})): null

2018-09-29 10:55:18 - [TEST_STEP][PASSED] - Statement - shippingLabel = SHIPPING_LABEL: null

2018-09-29 10:55:18 - [TEST_STEP][PASSED] - Statement - shippingPrice = SHIPPING_PRICE: null

2018-09-29 10:55:18 - [TEST_STEP][PASSED] - Statement - shippingType = "normal": null

2018-09-29 10:55:18 - [TEST_STEP][PASSED] - Statement - paymentMethod = "Credit Card Payment": null

2018-09-29 10:55:18 - [TEST_STEP][PASSED] - beautytap.GeneralAction.openBeautytap: beautytap.GeneralAction.openBeautytap is PASSED

2018-09-29 10:55:36 - [MESSAGE][PASSED] - Browser is opened with url: 'https://stage.beautytap.com'

2018-09-29 10:55:37 - [MESSAGE][PASSED] - Current window maximized

2018-09-29 10:55:40 - [MESSAGE][PASSED] - Refresh successfully

2018-09-29 10:55:40 - [MESSAGE][PASSED] - Wait for page load successfully

2018-09-29 10:55:40 - [MESSAGE][PASSED] - beautytap.GeneralAction.openBeautytap is PASSED

2018-09-29 10:55:40 - [TEST_STEP][PASSED] - beautytap.ShopAction.globalSearch: beautytap.ShopAction.globalSearch is PASSED

2018-09-29 10:55:40 - [MESSAGE][PASSED] - Object: 'Object Repository/Page_General/icon_search' is clicked on

2018-09-29 10:55:45 - [MESSAGE][PASSED] - Delayed 5 second(s)

2018-09-29 10:55:46 - [MESSAGE][PASSED] - Text of object 'Object Repository/Page_General/txt_search' is cleared

2018-09-29 10:55:46 - [MESSAGE][PASSED] - Keys 'CONTROL + v' sent to object: 'Object Repository/Page_General/txt_search'

2018-09-29 10:55:48 - [MESSAGE][PASSED] - Object 'Object Repository/Page_General/div_searchResult' is present

2018-09-29 10:55:48 - [MESSAGE][PASSED] - beautytap.ShopAction.globalSearch is PASSED

2018-09-29 10:55:48 - [TEST_STEP][PASSED] - beautytap.ShopAction.VerifyProductOnSearchResult: Keyword VerifyProductOnSearchResult is Passed

2018-09-29 10:55:48 - [MESSAGE][PASSED] - Object '' is present

2018-09-29 10:55:48 - [MESSAGE][PASSED] - Text of object '' is: '$12.50'

2018-09-29 10:55:48 - [MESSAGE][PASSED] - Get CSS 'color' value on '' successfully: 'rgba(195, 195, 195, 1)'.

2018-09-29 10:55:48 - [MESSAGE][PASSED] - Get CSS 'color' value on '' successfully: 'rgba(195, 195, 195, 1)'.

2018-09-29 10:55:48 - [MESSAGE][PASSED] - Text of object '' is: '$11.99'

2018-09-29 10:55:48 - [MESSAGE][PASSED] - Get CSS 'color' value on '' successfully: 'rgba(255, 35, 134, 1)'.

2018-09-29 10:55:48 - [MESSAGE][PASSED] - Get CSS 'color' value on '' successfully: 'rgba(255, 35, 134, 1)'.

2018-09-29 10:55:48 - [MESSAGE][PASSED] - Keyword VerifyProductOnSearchResult is Passed

2018-09-29 10:55:48 - [TEST_STEP][PASSED] - beautytap.ShopAction.selectProductOnSearchResult: beautytap.ShopAction.selectProductOnSearchResult is PASSED

2018-09-29 10:55:53 - [MESSAGE][PASSED] - Object: '' is clicked on

2018-09-29 10:55:53 - [MESSAGE][PASSED] - Wait for page load successfully

2018-09-29 10:55:53 - [MESSAGE][PASSED] - beautytap.ShopAction.selectProductOnSearchResult is PASSED

2018-09-29 10:55:53 - [TEST_STEP][PASSED] - beautytap.ShopAction.VerifyProductDetails: Keyword VerifyProductDetails is Passed

2018-09-29 10:55:53 - [MESSAGE][PASSED] - Text of object '' is: 'Innisfree Perfect UV Protection Cream SPF50+/PA+++ (Long-Lasting For Oily Skin) 50ml'

2018-09-29 10:55:53 - [MESSAGE][PASSED] - Text of object '' is: '$12.50'

2018-09-29 10:55:53 - [MESSAGE][PASSED] - Get CSS 'color' value on '' successfully: 'rgba(195, 195, 195, 1)'.

2018-09-29 10:55:53 - [MESSAGE][PASSED] - Text of object '' is: '$11.99'

2018-09-29 10:55:53 - [MESSAGE][PASSED] - Get CSS 'color' value on '' successfully: 'rgba(255, 35, 134, 1)'.

2018-09-29 10:55:53 - [MESSAGE][PASSED] - Keyword VerifyProductDetails is Passed

2018-09-29 10:55:53 - [TEST_STEP][PASSED] - Statement - currentNumberItemInCart = CustomKeywords.beautytap.ShopAction.getNumberItemInCart(): beautytap.ShopAction.getNumberItemInCart is PASSED

2018-09-29 10:55:59 - [MESSAGE][WARNING] - com.kms.katalon.core.webui.exception.WebElementNotFoundException: Web element with id: '' located by 'By.xpath: //div[@class='header-right-top pull-right']/a[@class='shop-cart']/span[@class='number-cart']' not found
[[ATTACHMENT|E:\\BeautytapAutomation\\beautytapAuto\\Beautytap\\Reports\\Regression\\20180929_104005\\1538193359026.png]]

2018-09-29 10:55:59 - [MESSAGE][PASSED] - beautytap.ShopAction.getNumberItemInCart is PASSED

2018-09-29 10:55:59 - [TEST_STEP][PASSED] - beautytap.ShopAction.addProductToCart: beautytap.ShopAction.addProductToCart is PASSED

2018-09-29 10:55:59 - [MESSAGE][PASSED] - Text of object 'Object Repository/Page_Shop/txt_quantity' is cleared

2018-09-29 10:55:59 - [MESSAGE][PASSED] - Keys '1' sent to object: 'Object Repository/Page_Shop/txt_quantity'

2018-09-29 10:55:59 - [MESSAGE][PASSED] - Object: 'Object Repository/Page_Shop/btn_addToCart' is clicked on

2018-09-29 10:55:59 - [MESSAGE][PASSED] - Wait for page load successfully

2018-09-29 10:56:04 - [MESSAGE][PASSED] - Object 'Object Repository/Page_Shop/lbl_message' is present

2018-09-29 10:56:04 - [MESSAGE][PASSED] - beautytap.ShopAction.addProductToCart is PASSED

2018-09-29 10:56:04 - [TEST_STEP][PASSED] - beautytap.ShopAction.VerifyNumberItemInCart: Keyword VerifyNumberItemInCart is Passed, Number item in cart is 1, expected is 1

2018-09-29 10:56:04 - [MESSAGE][PASSED] - Object '' is present

2018-09-29 10:56:04 - [MESSAGE][PASSED] - Text of object '' is: '1'

2018-09-29 10:56:04 - [MESSAGE][PASSED] - Keyword VerifyNumberItemInCart is Passed, Number item in cart is 1, expected is 1

2018-09-29 10:56:04 - [TEST_STEP][PASSED] - beautytap.ShopAction.VerifyProductIsAddedToCart: beautytap.ShopAction.VerifyProductIsAddedToCart is PASSED

2018-09-29 10:56:36 - [MESSAGE][WARNING] - com.kms.katalon.core.webui.exception.WebElementNotFoundException: Web element with id: '' located by 'By.xpath: //div[@class='woocommerce-message' and contains(text(),'Innisfree Perfect UV Protection Cream SPF50+/PA+++ (Long-Lasting For Oily Skin) 50ml have been added to your cart.')]' not found
[[ATTACHMENT|E:\\BeautytapAutomation\\beautytapAuto\\Beautytap\\Reports\\Regression\\20180929_104005\\1538193395914.png]]

2018-09-29 10:56:36 - [MESSAGE][PASSED] - beautytap.ShopAction.VerifyProductIsAddedToCart is PASSED

2018-09-29 10:56:36 - [TEST_STEP][PASSED] - beautytap.ShopAction.goToCart: beautytap.ShopAction.goToCart is PASSED

2018-09-29 10:56:36 - [MESSAGE][PASSED] - Object 'Object Repository/Page_General/icon_cart' is present

2018-09-29 10:56:40 - [MESSAGE][PASSED] - Object: 'Object Repository/Page_General/icon_cart' is clicked on

2018-09-29 10:56:40 - [MESSAGE][PASSED] - Wait for page load successfully

2018-09-29 10:56:40 - [MESSAGE][PASSED] - beautytap.ShopAction.goToCart is PASSED

2018-09-29 10:56:40 - [TEST_STEP][PASSED] - beautytap.ShopAction.VerifyProductInCart: Keyword VerifyProductInCart is Passed

2018-09-29 10:56:40 - [MESSAGE][PASSED] - Object '' is present

2018-09-29 10:56:40 - [MESSAGE][PASSED] - Object '' is present

2018-09-29 10:56:40 - [MESSAGE][PASSED] - Text of object '' is: '$11.99'

2018-09-29 10:56:40 - [MESSAGE][PASSED] - Attribute 'value' of object '' is: '1'

2018-09-29 10:56:41 - [MESSAGE][PASSED] - Text of object '' is: '$11.99'

2018-09-29 10:56:41 - [MESSAGE][PASSED] - Keyword VerifyProductInCart is Passed

2018-09-29 10:56:41 - [TEST_STEP][PASSED] - beautytap.ShopAction.processToCheckout: beautytap.ShopAction.processToCheckout is PASSED

2018-09-29 10:56:46 - [MESSAGE][PASSED] - Object: 'Object Repository/Page_Cart/btn_checkout' is clicked on

2018-09-29 10:56:46 - [MESSAGE][PASSED] - Wait for page load successfully

2018-09-29 10:56:46 - [MESSAGE][PASSED] - beautytap.ShopAction.processToCheckout is PASSED

2018-09-29 10:56:46 - [TEST_STEP][PASSED] - beautytap.ShopAction.fillCustomerInformation: beautytap.ShopAction.fillCustomerInformation is PASSED

2018-09-29 10:56:46 - [MESSAGE][PASSED] - Text of object 'Object Repository/Page_Checkout/txt_billingFirstName' is cleared

2018-09-29 10:56:47 - [MESSAGE][PASSED] - Keys 'Test' sent to object: 'Object Repository/Page_Checkout/txt_billingFirstName'

2018-09-29 10:56:47 - [MESSAGE][PASSED] - Text of object 'Object Repository/Page_Checkout/txt_billingLastName' is cleared

2018-09-29 10:56:47 - [MESSAGE][PASSED] - Keys 'Automation' sent to object: 'Object Repository/Page_Checkout/txt_billingLastName'

2018-09-29 10:56:47 - [MESSAGE][PASSED] - All options with label 'United States (US)' are selected in object 'Object Repository/Page_Checkout/drop_billingCountry' 

2018-09-29 10:56:52 - [MESSAGE][PASSED] - Delayed 5 second(s)

2018-09-29 10:56:52 - [MESSAGE][PASSED] - Text of object 'Object Repository/Page_Checkout/txt_billingAddress' is cleared

2018-09-29 10:56:53 - [MESSAGE][PASSED] - Keys '123 Testing' sent to object: 'Object Repository/Page_Checkout/txt_billingAddress'

2018-09-29 10:56:53 - [MESSAGE][PASSED] - Text of object 'Object Repository/Page_Checkout/txt_billingCity' is cleared

2018-09-29 10:56:53 - [MESSAGE][PASSED] - Keys 'New York' sent to object: 'Object Repository/Page_Checkout/txt_billingCity'

2018-09-29 10:56:53 - [MESSAGE][PASSED] - All options with label 'New York' are selected in object 'Object Repository/Page_Checkout/drop_billingState' 

2018-09-29 10:56:53 - [MESSAGE][PASSED] - Text of object 'Object Repository/Page_Checkout/txt_billingZip' is cleared

2018-09-29 10:56:53 - [MESSAGE][PASSED] - Keys '90012' sent to object: 'Object Repository/Page_Checkout/txt_billingZip'

2018-09-29 10:56:53 - [MESSAGE][PASSED] - Text of object 'Object Repository/Page_Checkout/txt_billingEmail' is cleared

2018-09-29 10:56:54 - [MESSAGE][PASSED] - Keys 'auto553892@mailinator.com' sent to object: 'Object Repository/Page_Checkout/txt_billingEmail'

2018-09-29 10:56:54 - [MESSAGE][PASSED] - Object 'Object Repository/Page_Checkout/chk_shipToDifferentAddress' is un-checked

2018-09-29 10:56:54 - [MESSAGE][PASSED] - Text of object 'Object Repository/Page_Checkout/txt_orderNote' is cleared

2018-09-29 10:56:54 - [MESSAGE][PASSED] - Keys 'auto553892Order' sent to object: 'Object Repository/Page_Checkout/txt_orderNote'

2018-09-29 10:56:54 - [MESSAGE][PASSED] - Object 'Object Repository/Page_Checkout/radio_creditCard' is checked

2018-09-29 10:56:59 - [MESSAGE][PASSED] - Delayed 5 second(s)

2018-09-29 10:56:59 - [MESSAGE][PASSED] - beautytap.ShopAction.fillCustomerInformation is PASSED

2018-09-29 10:56:59 - [TEST_STEP][PASSED] - beautytap.ShopAction.VerifyOrderDetailsOnCheckout: Keyword VerifyOrderDetailsOnCheckout is Passed

2018-09-29 10:56:59 - [MESSAGE][PASSED] - Object '' is present

2018-09-29 10:57:00 - [MESSAGE][PASSED] - Text of object '' is: '$11.99'

2018-09-29 10:57:00 - [MESSAGE][PASSED] - Object '' has attribute 'checked'

2018-09-29 10:57:00 - [MESSAGE][PASSED] - Text of object '' is: '($12.50) Pantos (est. 14-25 working days including processing): $12.50'

2018-09-29 10:57:00 - [MESSAGE][PASSED] - Text of object '' is: '$12.50'

2018-09-29 10:57:00 - [MESSAGE][PASSED] - Text of object '' is: '$24.49'

2018-09-29 10:57:00 - [MESSAGE][PASSED] - Keyword VerifyOrderDetailsOnCheckout is Passed

2018-09-29 10:57:00 - [TEST_STEP][PASSED] - beautytap.ShopAction.checkoutViaCreditCard: beautytap.ShopAction.checkoutViaCreditCard is PASSED

2018-09-29 10:57:00 - [MESSAGE][PASSED] - Object 'Object Repository/Page_Checkout/radio_creditCard' is checked

2018-09-29 10:57:10 - [MESSAGE][PASSED] - Delayed 10 second(s)

2018-09-29 10:57:10 - [MESSAGE][PASSED] - Text of object 'Object Repository/Page_Checkout/txt_cardNumber' is cleared

2018-09-29 10:57:10 - [MESSAGE][PASSED] - Keys '4032036248443549' sent to object: 'Object Repository/Page_Checkout/txt_cardNumber'

2018-09-29 10:57:10 - [MESSAGE][PASSED] - All options with label 'Visa' are selected in object 'Object Repository/Page_Checkout/drop_cardType' 

2018-09-29 10:57:10 - [MESSAGE][PASSED] - All options with label '07' are selected in object 'Object Repository/Page_Checkout/drop_expirationMonth' 

2018-09-29 10:57:11 - [MESSAGE][PASSED] - All options with label '2023' are selected in object 'Object Repository/Page_Checkout/drop_expirationYear' 

2018-09-29 10:57:11 - [MESSAGE][PASSED] - Text of object 'Object Repository/Page_Checkout/txt_cardCVV' is cleared

2018-09-29 10:57:11 - [MESSAGE][PASSED] - Keys '123' sent to object: 'Object Repository/Page_Checkout/txt_cardCVV'

2018-09-29 10:57:11 - [MESSAGE][PASSED] - Object 'Object Repository/Page_Checkout/chk_terms' is checked

2018-09-29 10:57:11 - [MESSAGE][PASSED] - Object: 'Object Repository/Page_Checkout/btn_placeOrder' is clicked on

2018-09-29 10:57:23 - [MESSAGE][PASSED] - Object 'Object Repository/Page_Checkout/lbl_orderReceived' is present

2018-09-29 10:57:23 - [MESSAGE][PASSED] - beautytap.ShopAction.checkoutViaCreditCard is PASSED

2018-09-29 10:57:23 - [TEST_STEP][PASSED] - beautytap.ShopAction.VerifyOrderReceivedDetails: Keyword VerifyOrderReceivedDetails is Passed

2018-09-29 10:57:23 - [MESSAGE][PASSED] - Object '' is present

2018-09-29 10:57:23 - [MESSAGE][PASSED] - Text of object '' is: '$11.99'

2018-09-29 10:57:23 - [MESSAGE][PASSED] - Text of object '' is: '$12.50 via ($12.50) Pantos (est. 14-25 working days including processing)'

2018-09-29 10:57:23 - [MESSAGE][PASSED] - Object '' is present

2018-09-29 10:57:23 - [MESSAGE][PASSED] - Text of object '' is: '$12.50'

2018-09-29 10:57:23 - [MESSAGE][PASSED] - Text of object '' is: 'Credit Card Payment'

2018-09-29 10:57:23 - [MESSAGE][PASSED] - Text of object '' is: '$24.49'

2018-09-29 10:57:23 - [MESSAGE][PASSED] - Keyword VerifyOrderReceivedDetails is Passed

2018-09-29 10:57:23 - [TEST_STEP][PASSED] - closeBrowser: Browser is closed

2018-09-29 10:57:24 - [MESSAGE][PASSED] - Browser is closed]]></system-out>
         <system-err><![CDATA[]]></system-err>
      </testcase>
      <testcase name="Test Cases/Shop/TC04_Search_VariationProduct_NotSale_AmazonPay_GreaterThan200" classname="Test Cases/Shop/TC04_Search_VariationProduct_NotSale_AmazonPay_GreaterThan200" status="PASSED">
         <system-out><![CDATA[2018-09-29 10:57:26 - [TEST_CASE][PASSED] - Test Cases/Shop/TC04_Search_VariationProduct_NotSale_AmazonPay_GreaterThan200: Test Cases/Shop/TC04_Search_VariationProduct_NotSale_AmazonPay_GreaterThan200

2018-09-29 10:57:26 - [TEST_STEP][PASSED] - Statement - productName = VARIATION_PRODUCT: null

2018-09-29 10:57:26 - [TEST_STEP][PASSED] - Statement - price = VARIATION_PRICE1: null

2018-09-29 10:57:26 - [TEST_STEP][PASSED] - Statement - variation = VARIATION_NAME1: null

2018-09-29 10:57:26 - [TEST_STEP][PASSED] - Statement - r_string = new java.lang.Math().random().toString().substring(2, 8): null

2018-09-29 10:57:26 - [TEST_STEP][PASSED] - Statement - email = "auto" + r_string + "@mailinator.com": null

2018-09-29 10:57:26 - [TEST_STEP][PASSED] - Statement - orderNote = "auto" + r_string + "Order": null

2018-09-29 10:57:26 - [TEST_STEP][PASSED] - Statement - currentNumberItemInCart = <not implemented yet for class: org.codehaus.groovy.ast.expr.EmptyExpression>: null

2018-09-29 10:57:26 - [TEST_STEP][PASSED] - Statement - quantity = 8: null

2018-09-29 10:57:26 - [TEST_STEP][PASSED] - Statement - subtotal = CustomKeywords.beautytap.ShopAction.calculateTotal(quantity, price): beautytap.ShopAction.calculateTotal is PASSED

2018-09-29 10:57:26 - [MESSAGE][PASSED] - beautytap.ShopAction.calculateTotal is PASSED

2018-09-29 10:57:26 - [TEST_STEP][PASSED] - Statement - total = subtotal: null

2018-09-29 10:57:26 - [TEST_STEP][PASSED] - Statement - total = CustomKeywords.beautytap.ShopAction.calculateTotal(1, total): beautytap.ShopAction.calculateTotal is PASSED

2018-09-29 10:57:26 - [MESSAGE][PASSED] - beautytap.ShopAction.calculateTotal is PASSED

2018-09-29 10:57:26 - [TEST_STEP][PASSED] - Statement - products = new org.json.JSONArray((((((((([{"productname":" + productName) + ","variation":") + variation) + ","quantity":") + quantity) + ","price":") + price) + "}])): null

2018-09-29 10:57:26 - [TEST_STEP][PASSED] - Statement - billingInformation = new org.json.JSONObject((({"firstname":"Test","lastname":"Automation","country":"United States (US)","address":"123 Testing","city":"New York","state":"New York","zip":"90012","email":" + email) + "})): null

2018-09-29 10:57:26 - [TEST_STEP][PASSED] - Statement - shippingLabel = FREE_EMS_SHIPPING_LABEL: null

2018-09-29 10:57:26 - [TEST_STEP][PASSED] - Statement - shippingPrice = 0: null

2018-09-29 10:57:26 - [TEST_STEP][PASSED] - Statement - shippingType = "freeEMS": null

2018-09-29 10:57:26 - [TEST_STEP][PASSED] - Statement - paymentMethod = "Amazon Pay": null

2018-09-29 10:57:26 - [TEST_STEP][PASSED] - beautytap.GeneralAction.openBeautytap: beautytap.GeneralAction.openBeautytap is PASSED

2018-09-29 10:57:48 - [MESSAGE][PASSED] - Browser is opened with url: 'https://stage.beautytap.com'

2018-09-29 10:57:49 - [MESSAGE][PASSED] - Current window maximized

2018-09-29 10:57:53 - [MESSAGE][PASSED] - Refresh successfully

2018-09-29 10:57:53 - [MESSAGE][PASSED] - Wait for page load successfully

2018-09-29 10:57:53 - [MESSAGE][PASSED] - beautytap.GeneralAction.openBeautytap is PASSED

2018-09-29 10:57:53 - [TEST_STEP][PASSED] - beautytap.ShopAction.globalSearch: beautytap.ShopAction.globalSearch is PASSED

2018-09-29 10:57:53 - [MESSAGE][PASSED] - Object: 'Object Repository/Page_General/icon_search' is clicked on

2018-09-29 10:57:58 - [MESSAGE][PASSED] - Delayed 5 second(s)

2018-09-29 10:57:58 - [MESSAGE][PASSED] - Text of object 'Object Repository/Page_General/txt_search' is cleared

2018-09-29 10:57:58 - [MESSAGE][PASSED] - Keys 'CONTROL + v' sent to object: 'Object Repository/Page_General/txt_search'

2018-09-29 10:58:00 - [MESSAGE][PASSED] - Object 'Object Repository/Page_General/div_searchResult' is present

2018-09-29 10:58:00 - [MESSAGE][PASSED] - beautytap.ShopAction.globalSearch is PASSED

2018-09-29 10:58:00 - [TEST_STEP][PASSED] - beautytap.ShopAction.VerifyProductOnSearchResult: Keyword VerifyProductOnSearchResult is Passed

2018-09-29 10:58:00 - [MESSAGE][PASSED] - Object '' is present

2018-09-29 10:58:00 - [MESSAGE][PASSED] - Text of object '' is: '$26.70'

2018-09-29 10:58:00 - [MESSAGE][PASSED] - Get CSS 'color' value on '' successfully: 'rgba(255, 35, 134, 1)'.

2018-09-29 10:58:00 - [MESSAGE][PASSED] - Get CSS 'color' value on '' successfully: 'rgba(255, 35, 134, 1)'.

2018-09-29 10:58:00 - [MESSAGE][PASSED] - Keyword VerifyProductOnSearchResult is Passed

2018-09-29 10:58:00 - [TEST_STEP][PASSED] - beautytap.ShopAction.selectProductOnSearchResult: beautytap.ShopAction.selectProductOnSearchResult is PASSED

2018-09-29 10:58:07 - [MESSAGE][PASSED] - Object: '' is clicked on

2018-09-29 10:58:07 - [MESSAGE][PASSED] - Wait for page load successfully

2018-09-29 10:58:07 - [MESSAGE][PASSED] - beautytap.ShopAction.selectProductOnSearchResult is PASSED

2018-09-29 10:58:07 - [TEST_STEP][PASSED] - beautytap.ShopAction.selectProductVariation: beautytap.ShopAction.selectProductVariation is PASSED

2018-09-29 10:58:07 - [MESSAGE][PASSED] - Object: 'Object Repository/Page_Shop/drop_chooseOption' is clicked on

2018-09-29 10:58:08 - [MESSAGE][PASSED] - Delayed 1 second(s)

2018-09-29 10:58:08 - [MESSAGE][PASSED] - Object: '' is clicked on

2018-09-29 10:58:08 - [MESSAGE][PASSED] - beautytap.ShopAction.selectProductVariation is PASSED

2018-09-29 10:58:08 - [TEST_STEP][PASSED] - beautytap.ShopAction.VerifyProductDetails: Keyword VerifyProductDetails is Passed

2018-09-29 10:58:08 - [MESSAGE][PASSED] - Text of object '' is: 'MeloMELI Unicorn Heart Lake Cushion  2 Choices'

2018-09-29 10:58:09 - [MESSAGE][PASSED] - All options with label 'Vanilla Beige' are selected in object 'Object Repository/Page_Shop/drop_chooseOption' 

2018-09-29 10:58:09 - [MESSAGE][PASSED] - Text of object '' is: '$26.70'

2018-09-29 10:58:09 - [MESSAGE][PASSED] - Get CSS 'color' value on '' successfully: 'rgba(255, 35, 134, 1)'.

2018-09-29 10:58:09 - [MESSAGE][PASSED] - Keyword VerifyProductDetails is Passed

2018-09-29 10:58:09 - [TEST_STEP][PASSED] - Statement - currentNumberItemInCart = CustomKeywords.beautytap.ShopAction.getNumberItemInCart(): beautytap.ShopAction.getNumberItemInCart is PASSED

2018-09-29 10:58:15 - [MESSAGE][WARNING] - com.kms.katalon.core.webui.exception.WebElementNotFoundException: Web element with id: '' located by 'By.xpath: //div[@class='header-right-top pull-right']/a[@class='shop-cart']/span[@class='number-cart']' not found
[[ATTACHMENT|E:\\BeautytapAutomation\\beautytapAuto\\Beautytap\\Reports\\Regression\\20180929_104005\\1538193494983.png]]

2018-09-29 10:58:15 - [MESSAGE][PASSED] - beautytap.ShopAction.getNumberItemInCart is PASSED

2018-09-29 10:58:15 - [TEST_STEP][PASSED] - beautytap.ShopAction.addProductToCart: beautytap.ShopAction.addProductToCart is PASSED

2018-09-29 10:58:15 - [MESSAGE][PASSED] - Text of object 'Object Repository/Page_Shop/txt_quantity' is cleared

2018-09-29 10:58:15 - [MESSAGE][PASSED] - Keys '8' sent to object: 'Object Repository/Page_Shop/txt_quantity'

2018-09-29 10:58:15 - [MESSAGE][PASSED] - Object: 'Object Repository/Page_Shop/btn_addToCart' is clicked on

2018-09-29 10:58:15 - [MESSAGE][PASSED] - Wait for page load successfully

2018-09-29 10:58:20 - [MESSAGE][PASSED] - Object 'Object Repository/Page_Shop/lbl_message' is present

2018-09-29 10:58:20 - [MESSAGE][PASSED] - beautytap.ShopAction.addProductToCart is PASSED

2018-09-29 10:58:20 - [TEST_STEP][PASSED] - beautytap.ShopAction.VerifyNumberItemInCart: Keyword VerifyNumberItemInCart is Passed, Number item in cart is 8, expected is 8

2018-09-29 10:58:20 - [MESSAGE][PASSED] - Object '' is present

2018-09-29 10:58:21 - [MESSAGE][PASSED] - Text of object '' is: '8'

2018-09-29 10:58:21 - [MESSAGE][PASSED] - Keyword VerifyNumberItemInCart is Passed, Number item in cart is 8, expected is 8

2018-09-29 10:58:21 - [TEST_STEP][PASSED] - beautytap.ShopAction.VerifyProductIsAddedToCart: beautytap.ShopAction.VerifyProductIsAddedToCart is PASSED

2018-09-29 10:58:21 - [MESSAGE][PASSED] - Object '' is present

2018-09-29 10:58:21 - [MESSAGE][PASSED] - beautytap.ShopAction.VerifyProductIsAddedToCart is PASSED

2018-09-29 10:58:21 - [TEST_STEP][PASSED] - beautytap.ShopAction.goToCart: beautytap.ShopAction.goToCart is PASSED

2018-09-29 10:58:21 - [MESSAGE][PASSED] - Object 'Object Repository/Page_General/icon_cart' is present

2018-09-29 10:58:25 - [MESSAGE][PASSED] - Object: 'Object Repository/Page_General/icon_cart' is clicked on

2018-09-29 10:58:25 - [MESSAGE][PASSED] - Wait for page load successfully

2018-09-29 10:58:25 - [MESSAGE][PASSED] - beautytap.ShopAction.goToCart is PASSED

2018-09-29 10:58:25 - [TEST_STEP][PASSED] - beautytap.ShopAction.VerifyProductInCart: Keyword VerifyProductInCart is Passed

2018-09-29 10:58:25 - [MESSAGE][PASSED] - Object '' is present

2018-09-29 10:58:25 - [MESSAGE][PASSED] - Object '' is present

2018-09-29 10:58:25 - [MESSAGE][PASSED] - Text of object '' is: '$26.70'

2018-09-29 10:58:25 - [MESSAGE][PASSED] - Attribute 'value' of object '' is: '8'

2018-09-29 10:58:25 - [MESSAGE][PASSED] - Text of object '' is: '$213.60'

2018-09-29 10:58:25 - [MESSAGE][PASSED] - Keyword VerifyProductInCart is Passed

2018-09-29 10:58:25 - [TEST_STEP][PASSED] - beautytap.ShopAction.processToCheckout: beautytap.ShopAction.processToCheckout is PASSED

2018-09-29 10:58:29 - [MESSAGE][PASSED] - Object: 'Object Repository/Page_Cart/btn_checkout' is clicked on

2018-09-29 10:58:29 - [MESSAGE][PASSED] - Wait for page load successfully

2018-09-29 10:58:29 - [MESSAGE][PASSED] - beautytap.ShopAction.processToCheckout is PASSED

2018-09-29 10:58:29 - [TEST_STEP][PASSED] - beautytap.ShopAction.loginAmazonPay: beautytap.ShopAction.loginAmazonPay is PASSED

2018-09-29 10:58:29 - [MESSAGE][PASSED] - Object: 'Object Repository/Page_Checkout/btn_amazonPay' is clicked on

2018-09-29 10:58:29 - [MESSAGE][PASSED] - Switched to window with index: '1'

2018-09-29 10:58:31 - [MESSAGE][PASSED] - Object 'Object Repository/Popup_Amazon/txt_email' is present

2018-09-29 10:58:31 - [MESSAGE][PASSED] - Text of object 'Object Repository/Popup_Amazon/txt_email' is cleared

2018-09-29 10:58:31 - [MESSAGE][PASSED] - Keys 'amazontest1503@yopmail.com' sent to object: 'Object Repository/Popup_Amazon/txt_email'

2018-09-29 10:58:31 - [MESSAGE][PASSED] - Text of object 'Object Repository/Popup_Amazon/txt_password' is cleared

2018-09-29 10:58:31 - [MESSAGE][PASSED] - Keys '123456' sent to object: 'Object Repository/Popup_Amazon/txt_password'

2018-09-29 10:58:34 - [MESSAGE][PASSED] - Object: 'Object Repository/Popup_Amazon/btn_signin' is clicked on

2018-09-29 10:58:34 - [MESSAGE][PASSED] - Switched to window with index: '0'

2018-09-29 10:59:04 - [MESSAGE][PASSED] - Delayed 30 second(s)

2018-09-29 10:59:04 - [MESSAGE][PASSED] - beautytap.ShopAction.loginAmazonPay is PASSED

2018-09-29 10:59:04 - [TEST_STEP][PASSED] - beautytap.ShopAction.VerifyOrderDetailsOnCheckout: Keyword VerifyOrderDetailsOnCheckout is Passed

2018-09-29 10:59:04 - [MESSAGE][PASSED] - Object '' is present

2018-09-29 10:59:04 - [MESSAGE][PASSED] - Text of object '' is: '$213.60'

2018-09-29 10:59:04 - [MESSAGE][PASSED] - Text of object '' is: 'Free EMS shipping (over $200)
Why does shipping take this long?'

2018-09-29 10:59:04 - [MESSAGE][PASSED] - Text of object '' is: '$213.60'

2018-09-29 10:59:04 - [MESSAGE][PASSED] - Keyword VerifyOrderDetailsOnCheckout is Passed

2018-09-29 10:59:04 - [TEST_STEP][PASSED] - beautytap.ShopAction.checkoutViaAmazonPay: beautytap.ShopAction.checkoutViaAmazonPay is PASSED

2018-09-29 10:59:05 - [MESSAGE][PASSED] - Object 'Object Repository/Page_Checkout/chk_terms' is clickable

2018-09-29 10:59:05 - [MESSAGE][PASSED] - Object 'Object Repository/Page_Checkout/chk_terms' is checked

2018-09-29 10:59:05 - [MESSAGE][PASSED] - Object: 'Object Repository/Page_Checkout/btn_placeOrder' is clicked on

2018-09-29 10:59:19 - [MESSAGE][PASSED] - Object 'Object Repository/Page_Checkout/lbl_orderReceived' is present

2018-09-29 10:59:19 - [MESSAGE][PASSED] - beautytap.ShopAction.checkoutViaAmazonPay is PASSED

2018-09-29 10:59:19 - [TEST_STEP][PASSED] - beautytap.ShopAction.VerifyOrderReceivedDetails: Keyword VerifyOrderReceivedDetails is Passed

2018-09-29 10:59:19 - [MESSAGE][PASSED] - Object '' is present

2018-09-29 10:59:19 - [MESSAGE][PASSED] - Text of object '' is: '$213.60'

2018-09-29 10:59:19 - [MESSAGE][PASSED] - Text of object '' is: 'Free EMS shipping (over $200)'

2018-09-29 10:59:24 - [MESSAGE][WARNING] - com.kms.katalon.core.webui.exception.WebElementNotFoundException: Web element with id: '' located by 'By.xpath: //th[text()='Shipping:']/parent::tr/td/span' not found
[[ATTACHMENT|E:\\BeautytapAutomation\\beautytapAuto\\Beautytap\\Reports\\Regression\\20180929_104005\\1538193564332.png]]

2018-09-29 10:59:24 - [MESSAGE][PASSED] - Text of object '' is: 'Amazon Pay'

2018-09-29 10:59:24 - [MESSAGE][PASSED] - Text of object '' is: '$213.60'

2018-09-29 10:59:24 - [MESSAGE][PASSED] - Keyword VerifyOrderReceivedDetails is Passed

2018-09-29 10:59:24 - [TEST_STEP][PASSED] - closeBrowser: Browser is closed

2018-09-29 10:59:25 - [MESSAGE][PASSED] - Browser is closed]]></system-out>
         <system-err><![CDATA[]]></system-err>
      </testcase>
      <testcase name="Test Cases/Shop/TC05_Browse_SimpleProduct_NotSale_PayPal_GreaterThan60LessThan200" classname="Test Cases/Shop/TC05_Browse_SimpleProduct_NotSale_PayPal_GreaterThan60LessThan200" status="PASSED">
         <system-out><![CDATA[2018-09-29 10:59:27 - [TEST_CASE][PASSED] - Test Cases/Shop/TC05_Browse_SimpleProduct_NotSale_PayPal_GreaterThan60LessThan200: Test Cases/Shop/TC05_Browse_SimpleProduct_NotSale_PayPal_GreaterThan60LessThan200

2018-09-29 10:59:27 - [TEST_STEP][PASSED] - Statement - productName = SIMPLE_PRODUCT: null

2018-09-29 10:59:27 - [TEST_STEP][PASSED] - Statement - price = SIMPLE_PRODUCT_PRICE: null

2018-09-29 10:59:27 - [TEST_STEP][PASSED] - Statement - r_string = new java.lang.Math().random().toString().substring(2, 8): null

2018-09-29 10:59:27 - [TEST_STEP][PASSED] - Statement - email = "auto" + r_string + "@mailinator.com": null

2018-09-29 10:59:27 - [TEST_STEP][PASSED] - Statement - orderNote = "auto" + r_string + "Order": null

2018-09-29 10:59:27 - [TEST_STEP][PASSED] - Statement - currentNumberItemInCart = <not implemented yet for class: org.codehaus.groovy.ast.expr.EmptyExpression>: null

2018-09-29 10:59:27 - [TEST_STEP][PASSED] - Statement - quantity = 3: null

2018-09-29 10:59:27 - [TEST_STEP][PASSED] - Statement - subtotal = CustomKeywords.beautytap.ShopAction.calculateTotal(quantity, price): beautytap.ShopAction.calculateTotal is PASSED

2018-09-29 10:59:27 - [MESSAGE][PASSED] - beautytap.ShopAction.calculateTotal is PASSED

2018-09-29 10:59:27 - [TEST_STEP][PASSED] - Statement - total = subtotal: null

2018-09-29 10:59:28 - [TEST_STEP][PASSED] - Statement - total = CustomKeywords.beautytap.ShopAction.calculateTotal(1, total): beautytap.ShopAction.calculateTotal is PASSED

2018-09-29 10:59:28 - [MESSAGE][PASSED] - beautytap.ShopAction.calculateTotal is PASSED

2018-09-29 10:59:28 - [TEST_STEP][PASSED] - Statement - products = new org.json.JSONArray((((((([{"productname":" + productName) + ","variation":"","quantity":") + quantity) + ","price":") + price) + "}])): null

2018-09-29 10:59:28 - [TEST_STEP][PASSED] - Statement - billingInformation = new org.json.JSONObject((({"firstname":"Test","lastname":"Automation","country":"United States (US)","address":"123 Testing","city":"New York","state":"New York","zip":"90012","email":" + email) + "})): null

2018-09-29 10:59:28 - [TEST_STEP][PASSED] - Statement - shippingLabel = FREE_SHIPPING_LABEL: null

2018-09-29 10:59:28 - [TEST_STEP][PASSED] - Statement - shippingPrice = 0: null

2018-09-29 10:59:28 - [TEST_STEP][PASSED] - Statement - shippingType = "free": null

2018-09-29 10:59:28 - [TEST_STEP][PASSED] - Statement - paymentMethod = "PayPal": null

2018-09-29 10:59:28 - [TEST_STEP][PASSED] - Statement - category = "What's New": null

2018-09-29 10:59:28 - [TEST_STEP][PASSED] - beautytap.GeneralAction.openBeautytap: beautytap.GeneralAction.openBeautytap is PASSED

2018-09-29 10:59:41 - [MESSAGE][PASSED] - Browser is opened with url: 'https://stage.beautytap.com'

2018-09-29 10:59:42 - [MESSAGE][PASSED] - Current window maximized

2018-09-29 10:59:45 - [MESSAGE][PASSED] - Refresh successfully

2018-09-29 10:59:45 - [MESSAGE][PASSED] - Wait for page load successfully

2018-09-29 10:59:45 - [MESSAGE][PASSED] - beautytap.GeneralAction.openBeautytap is PASSED

2018-09-29 10:59:45 - [TEST_STEP][PASSED] - beautytap.ShopAction.selectCategory: beautytap.ShopAction.selectCategory is PASSED

2018-09-29 10:59:53 - [MESSAGE][PASSED] - Object: '' is clicked on

2018-09-29 10:59:53 - [MESSAGE][PASSED] - Wait for page load successfully

2018-09-29 10:59:53 - [MESSAGE][PASSED] - beautytap.ShopAction.selectCategory is PASSED

2018-09-29 10:59:53 - [TEST_STEP][PASSED] - beautytap.ShopAction.findProductOnProductList: beautytap.ShopAction.findProductOnProductList is PASSED

2018-09-29 10:59:53 - [MESSAGE][PASSED] - Text of object '' is: '77'

2018-09-29 10:59:59 - [MESSAGE][WARNING] - com.kms.katalon.core.webui.exception.WebElementNotFoundException: Web element with id: '' located by 'By.xpath: //a[text()='La Muse Correct Care Complete Cushion SPF50+']' not found
[[ATTACHMENT|E:\\BeautytapAutomation\\beautytapAuto\\Beautytap\\Reports\\Regression\\20180929_104005\\1538193598903.png]]

2018-09-29 11:00:07 - [MESSAGE][PASSED] - Object: '' is clicked on

2018-09-29 11:00:07 - [MESSAGE][PASSED] - Wait for page load successfully

2018-09-29 11:00:13 - [MESSAGE][WARNING] - com.kms.katalon.core.webui.exception.WebElementNotFoundException: Web element with id: '' located by 'By.xpath: //a[text()='La Muse Correct Care Complete Cushion SPF50+']' not found
[[ATTACHMENT|E:\\BeautytapAutomation\\beautytapAuto\\Beautytap\\Reports\\Regression\\20180929_104005\\1538193612951.png]]

2018-09-29 11:00:21 - [MESSAGE][PASSED] - Object: '' is clicked on

2018-09-29 11:00:21 - [MESSAGE][PASSED] - Wait for page load successfully

2018-09-29 11:00:22 - [MESSAGE][PASSED] - Object '' is present

2018-09-29 11:00:22 - [MESSAGE][PASSED] - beautytap.ShopAction.findProductOnProductList is PASSED

2018-09-29 11:00:22 - [TEST_STEP][PASSED] - beautytap.ShopAction.VerifyProductOnProductList: Keyword VerifyProductOnProductList is Passed

2018-09-29 11:00:22 - [MESSAGE][PASSED] - Object '' is present

2018-09-29 11:00:22 - [MESSAGE][PASSED] - Text of object '' is: '$31.80'

2018-09-29 11:00:22 - [MESSAGE][PASSED] - Get CSS 'color' value on '' successfully: 'rgba(255, 35, 134, 1)'.

2018-09-29 11:00:22 - [MESSAGE][PASSED] - Get CSS 'color' value on '' successfully: 'rgba(255, 35, 134, 1)'.

2018-09-29 11:00:22 - [MESSAGE][PASSED] - Keyword VerifyProductOnProductList is Passed

2018-09-29 11:00:22 - [TEST_STEP][PASSED] - beautytap.ShopAction.selectProductOnProductList: beautytap.ShopAction.selectProductOnProductList is PASSED

2018-09-29 11:00:27 - [MESSAGE][PASSED] - Object: '' is clicked on

2018-09-29 11:00:27 - [MESSAGE][PASSED] - Wait for page load successfully

2018-09-29 11:00:27 - [MESSAGE][PASSED] - beautytap.ShopAction.selectProductOnProductList is PASSED

2018-09-29 11:00:27 - [TEST_STEP][PASSED] - beautytap.ShopAction.VerifyProductDetails: Keyword VerifyProductDetails is Passed

2018-09-29 11:00:27 - [MESSAGE][PASSED] - Text of object '' is: 'La Muse Correct Care Complete Cushion SPF50+'

2018-09-29 11:00:27 - [MESSAGE][PASSED] - Text of object '' is: '$31.80'

2018-09-29 11:00:27 - [MESSAGE][PASSED] - Get CSS 'color' value on '' successfully: 'rgba(255, 35, 134, 1)'.

2018-09-29 11:00:27 - [MESSAGE][PASSED] - Keyword VerifyProductDetails is Passed

2018-09-29 11:00:27 - [TEST_STEP][PASSED] - Statement - currentNumberItemInCart = CustomKeywords.beautytap.ShopAction.getNumberItemInCart(): beautytap.ShopAction.getNumberItemInCart is PASSED

2018-09-29 11:00:33 - [MESSAGE][WARNING] - com.kms.katalon.core.webui.exception.WebElementNotFoundException: Web element with id: '' located by 'By.xpath: //div[@class='header-right-top pull-right']/a[@class='shop-cart']/span[@class='number-cart']' not found
[[ATTACHMENT|E:\\BeautytapAutomation\\beautytapAuto\\Beautytap\\Reports\\Regression\\20180929_104005\\1538193633035.png]]

2018-09-29 11:00:33 - [MESSAGE][PASSED] - beautytap.ShopAction.getNumberItemInCart is PASSED

2018-09-29 11:00:33 - [TEST_STEP][PASSED] - beautytap.ShopAction.addProductToCart: beautytap.ShopAction.addProductToCart is PASSED

2018-09-29 11:00:33 - [MESSAGE][PASSED] - Text of object 'Object Repository/Page_Shop/txt_quantity' is cleared

2018-09-29 11:00:33 - [MESSAGE][PASSED] - Keys '3' sent to object: 'Object Repository/Page_Shop/txt_quantity'

2018-09-29 11:00:33 - [MESSAGE][PASSED] - Object: 'Object Repository/Page_Shop/btn_addToCart' is clicked on

2018-09-29 11:00:33 - [MESSAGE][PASSED] - Wait for page load successfully

2018-09-29 11:00:38 - [MESSAGE][PASSED] - Object 'Object Repository/Page_Shop/lbl_message' is present

2018-09-29 11:00:38 - [MESSAGE][PASSED] - beautytap.ShopAction.addProductToCart is PASSED

2018-09-29 11:00:38 - [TEST_STEP][PASSED] - beautytap.ShopAction.VerifyNumberItemInCart: Keyword VerifyNumberItemInCart is Passed, Number item in cart is 3, expected is 3

2018-09-29 11:00:38 - [MESSAGE][PASSED] - Object '' is present

2018-09-29 11:00:38 - [MESSAGE][PASSED] - Text of object '' is: '3'

2018-09-29 11:00:38 - [MESSAGE][PASSED] - Keyword VerifyNumberItemInCart is Passed, Number item in cart is 3, expected is 3

2018-09-29 11:00:38 - [TEST_STEP][PASSED] - beautytap.ShopAction.VerifyProductIsAddedToCart: beautytap.ShopAction.VerifyProductIsAddedToCart is PASSED

2018-09-29 11:00:38 - [MESSAGE][PASSED] - Object '' is present

2018-09-29 11:00:38 - [MESSAGE][PASSED] - beautytap.ShopAction.VerifyProductIsAddedToCart is PASSED

2018-09-29 11:00:38 - [TEST_STEP][PASSED] - beautytap.ShopAction.goToCart: beautytap.ShopAction.goToCart is PASSED

2018-09-29 11:00:38 - [MESSAGE][PASSED] - Object 'Object Repository/Page_General/icon_cart' is present

2018-09-29 11:01:01 - [MESSAGE][PASSED] - Object: 'Object Repository/Page_General/icon_cart' is clicked on

2018-09-29 11:01:01 - [MESSAGE][PASSED] - Wait for page load successfully

2018-09-29 11:01:01 - [MESSAGE][PASSED] - beautytap.ShopAction.goToCart is PASSED

2018-09-29 11:01:01 - [TEST_STEP][PASSED] - beautytap.ShopAction.VerifyProductInCart: Keyword VerifyProductInCart is Passed

2018-09-29 11:01:01 - [MESSAGE][PASSED] - Object '' is present

2018-09-29 11:01:01 - [MESSAGE][PASSED] - Object '' is present

2018-09-29 11:01:01 - [MESSAGE][PASSED] - Text of object '' is: '$31.80'

2018-09-29 11:01:01 - [MESSAGE][PASSED] - Attribute 'value' of object '' is: '3'

2018-09-29 11:01:01 - [MESSAGE][PASSED] - Text of object '' is: '$95.40'

2018-09-29 11:01:01 - [MESSAGE][PASSED] - Keyword VerifyProductInCart is Passed

2018-09-29 11:01:01 - [TEST_STEP][PASSED] - beautytap.ShopAction.processToCheckout: beautytap.ShopAction.processToCheckout is PASSED

2018-09-29 11:01:05 - [MESSAGE][PASSED] - Object: 'Object Repository/Page_Cart/btn_checkout' is clicked on

2018-09-29 11:01:05 - [MESSAGE][PASSED] - Wait for page load successfully

2018-09-29 11:01:05 - [MESSAGE][PASSED] - beautytap.ShopAction.processToCheckout is PASSED

2018-09-29 11:01:05 - [TEST_STEP][PASSED] - beautytap.ShopAction.fillCustomerInformation: beautytap.ShopAction.fillCustomerInformation is PASSED

2018-09-29 11:01:05 - [MESSAGE][PASSED] - Text of object 'Object Repository/Page_Checkout/txt_billingFirstName' is cleared

2018-09-29 11:01:05 - [MESSAGE][PASSED] - Keys 'Test' sent to object: 'Object Repository/Page_Checkout/txt_billingFirstName'

2018-09-29 11:01:05 - [MESSAGE][PASSED] - Text of object 'Object Repository/Page_Checkout/txt_billingLastName' is cleared

2018-09-29 11:01:06 - [MESSAGE][PASSED] - Keys 'Automation' sent to object: 'Object Repository/Page_Checkout/txt_billingLastName'

2018-09-29 11:01:06 - [MESSAGE][PASSED] - All options with label 'United States (US)' are selected in object 'Object Repository/Page_Checkout/drop_billingCountry' 

2018-09-29 11:01:11 - [MESSAGE][PASSED] - Delayed 5 second(s)

2018-09-29 11:01:11 - [MESSAGE][PASSED] - Text of object 'Object Repository/Page_Checkout/txt_billingAddress' is cleared

2018-09-29 11:01:11 - [MESSAGE][PASSED] - Keys '123 Testing' sent to object: 'Object Repository/Page_Checkout/txt_billingAddress'

2018-09-29 11:01:12 - [MESSAGE][PASSED] - Text of object 'Object Repository/Page_Checkout/txt_billingCity' is cleared

2018-09-29 11:01:12 - [MESSAGE][PASSED] - Keys 'New York' sent to object: 'Object Repository/Page_Checkout/txt_billingCity'

2018-09-29 11:01:12 - [MESSAGE][PASSED] - All options with label 'New York' are selected in object 'Object Repository/Page_Checkout/drop_billingState' 

2018-09-29 11:01:12 - [MESSAGE][PASSED] - Text of object 'Object Repository/Page_Checkout/txt_billingZip' is cleared

2018-09-29 11:01:12 - [MESSAGE][PASSED] - Keys '90012' sent to object: 'Object Repository/Page_Checkout/txt_billingZip'

2018-09-29 11:01:12 - [MESSAGE][PASSED] - Text of object 'Object Repository/Page_Checkout/txt_billingEmail' is cleared

2018-09-29 11:01:13 - [MESSAGE][PASSED] - Keys 'auto471818@mailinator.com' sent to object: 'Object Repository/Page_Checkout/txt_billingEmail'

2018-09-29 11:01:13 - [MESSAGE][PASSED] - Object 'Object Repository/Page_Checkout/chk_shipToDifferentAddress' is un-checked

2018-09-29 11:01:13 - [MESSAGE][PASSED] - Text of object 'Object Repository/Page_Checkout/txt_orderNote' is cleared

2018-09-29 11:01:13 - [MESSAGE][PASSED] - Keys 'auto471818Order' sent to object: 'Object Repository/Page_Checkout/txt_orderNote'

2018-09-29 11:01:13 - [MESSAGE][PASSED] - Object 'Object Repository/Page_Checkout/radio_creditCard' is checked

2018-09-29 11:01:18 - [MESSAGE][PASSED] - Delayed 5 second(s)

2018-09-29 11:01:18 - [MESSAGE][PASSED] - beautytap.ShopAction.fillCustomerInformation is PASSED

2018-09-29 11:01:18 - [TEST_STEP][PASSED] - beautytap.ShopAction.VerifyOrderDetailsOnCheckout: Keyword VerifyOrderDetailsOnCheckout is Passed

2018-09-29 11:01:18 - [MESSAGE][PASSED] - Object '' is present

2018-09-29 11:01:18 - [MESSAGE][PASSED] - Text of object '' is: '$95.40'

2018-09-29 11:01:19 - [MESSAGE][PASSED] - Text of object '' is: 'Free shipping for orders over $60
Why does shipping take this long?'

2018-09-29 11:01:19 - [MESSAGE][PASSED] - Text of object '' is: '$95.40'

2018-09-29 11:01:19 - [MESSAGE][PASSED] - Keyword VerifyOrderDetailsOnCheckout is Passed

2018-09-29 11:01:19 - [TEST_STEP][PASSED] - beautytap.ShopAction.checkoutViaPaypal: beautytap.ShopAction.checkoutViaPaypal is PASSED

2018-09-29 11:01:19 - [MESSAGE][PASSED] - Object 'Object Repository/Page_Checkout/radio_paypal' is checked

2018-09-29 11:01:24 - [MESSAGE][PASSED] - Delayed 5 second(s)

2018-09-29 11:01:24 - [MESSAGE][PASSED] - Object 'Object Repository/Page_Checkout/chk_terms' is checked

2018-09-29 11:01:24 - [MESSAGE][PASSED] - Object: 'Object Repository/Page_Checkout/btn_placeOrder' is clicked on

2018-09-29 11:01:30 - [MESSAGE][PASSED] - Object 'Object Repository/Page_Paypal/txt_email' is present

2018-09-29 11:01:31 - [MESSAGE][PASSED] - Text of object 'Object Repository/Page_Paypal/txt_email' is cleared

2018-09-29 11:01:31 - [MESSAGE][PASSED] - Keys 'g1.posiba@gmail.com' sent to object: 'Object Repository/Page_Paypal/txt_email'

2018-09-29 11:01:31 - [MESSAGE][PASSED] - Text of object 'Object Repository/Page_Paypal/txt_password' is cleared

2018-09-29 11:01:31 - [MESSAGE][PASSED] - Keys 'Tr@ng99%' sent to object: 'Object Repository/Page_Paypal/txt_password'

2018-09-29 11:01:44 - [MESSAGE][PASSED] - Object: 'Object Repository/Page_Paypal/btn_login' is clicked on

2018-09-29 11:01:47 - [MESSAGE][PASSED] - Object 'Object Repository/Page_Paypal/btn_payNow' is present

2018-09-29 11:01:52 - [MESSAGE][PASSED] - Delayed 5 second(s)

2018-09-29 11:01:52 - [MESSAGE][PASSED] - Object: 'Object Repository/Page_Paypal/btn_payNow' is clicked on

2018-09-29 11:02:12 - [MESSAGE][PASSED] - Object 'Object Repository/Page_Checkout/lbl_orderReceived' is present

2018-09-29 11:02:12 - [MESSAGE][PASSED] - beautytap.ShopAction.checkoutViaPaypal is PASSED

2018-09-29 11:02:12 - [TEST_STEP][PASSED] - beautytap.ShopAction.VerifyOrderReceivedDetails: Keyword VerifyOrderReceivedDetails is Passed

2018-09-29 11:02:12 - [MESSAGE][PASSED] - Object '' is present

2018-09-29 11:02:12 - [MESSAGE][PASSED] - Text of object '' is: '$95.40'

2018-09-29 11:02:12 - [MESSAGE][PASSED] - Text of object '' is: 'Free shipping for orders over $60'

2018-09-29 11:02:17 - [MESSAGE][WARNING] - com.kms.katalon.core.webui.exception.WebElementNotFoundException: Web element with id: '' located by 'By.xpath: //th[text()='Shipping:']/parent::tr/td/span' not found
[[ATTACHMENT|E:\\BeautytapAutomation\\beautytapAuto\\Beautytap\\Reports\\Regression\\20180929_104005\\1538193737591.png]]

2018-09-29 11:02:17 - [MESSAGE][PASSED] - Text of object '' is: 'PayPal'

2018-09-29 11:02:17 - [MESSAGE][PASSED] - Text of object '' is: '$95.40'

2018-09-29 11:02:17 - [MESSAGE][PASSED] - Keyword VerifyOrderReceivedDetails is Passed

2018-09-29 11:02:17 - [TEST_STEP][PASSED] - closeBrowser: Browser is closed

2018-09-29 11:02:18 - [MESSAGE][PASSED] - Browser is closed]]></system-out>
         <system-err><![CDATA[]]></system-err>
      </testcase>
      <testcase name="Test Cases/Shop/TC06_Browse_VariationProduct_Sale_AmazonPayAtCart_LessThan60_EMS" classname="Test Cases/Shop/TC06_Browse_VariationProduct_Sale_AmazonPayAtCart_LessThan60_EMS" status="PASSED">
         <system-out><![CDATA[2018-09-29 11:02:21 - [TEST_CASE][PASSED] - Test Cases/Shop/TC06_Browse_VariationProduct_Sale_AmazonPayAtCart_LessThan60_EMS: Test Cases/Shop/TC06_Browse_VariationProduct_Sale_AmazonPayAtCart_LessThan60_EMS

2018-09-29 11:02:21 - [TEST_STEP][PASSED] - Statement - productName = VARIATION_SALE_PRODUCT: null

2018-09-29 11:02:21 - [TEST_STEP][PASSED] - Statement - saleprice = VARIATION_SALE_PRICE1: null

2018-09-29 11:02:21 - [TEST_STEP][PASSED] - Statement - redularprice = VARIATION_SALE_REGULAR_PRICE1: null

2018-09-29 11:02:21 - [TEST_STEP][PASSED] - Statement - variation = VARIATION_SALE_NAME1: null

2018-09-29 11:02:21 - [TEST_STEP][PASSED] - Statement - r_string = new java.lang.Math().random().toString().substring(2, 8): null

2018-09-29 11:02:21 - [TEST_STEP][PASSED] - Statement - email = "auto" + r_string + "@mailinator.com": null

2018-09-29 11:02:21 - [TEST_STEP][PASSED] - Statement - orderNote = "auto" + r_string + "Order": null

2018-09-29 11:02:21 - [TEST_STEP][PASSED] - Statement - currentNumberItemInCart = <not implemented yet for class: org.codehaus.groovy.ast.expr.EmptyExpression>: null

2018-09-29 11:02:21 - [TEST_STEP][PASSED] - Statement - quantity = 5: null

2018-09-29 11:02:21 - [TEST_STEP][PASSED] - Statement - shippingLabel = EMS_SHIPPING_LABEL: null

2018-09-29 11:02:21 - [TEST_STEP][PASSED] - Statement - shippingPrice = EMS_SHIPPING_PRICE: null

2018-09-29 11:02:21 - [TEST_STEP][PASSED] - Statement - subtotal = CustomKeywords.beautytap.ShopAction.calculateTotal(quantity, saleprice): beautytap.ShopAction.calculateTotal is PASSED

2018-09-29 11:02:21 - [MESSAGE][PASSED] - beautytap.ShopAction.calculateTotal is PASSED

2018-09-29 11:02:21 - [TEST_STEP][PASSED] - Statement - total = subtotal + shippingPrice: null

2018-09-29 11:02:21 - [TEST_STEP][PASSED] - Statement - total = CustomKeywords.beautytap.ShopAction.calculateTotal(1, total): beautytap.ShopAction.calculateTotal is PASSED

2018-09-29 11:02:21 - [MESSAGE][PASSED] - beautytap.ShopAction.calculateTotal is PASSED

2018-09-29 11:02:21 - [TEST_STEP][PASSED] - Statement - products = new org.json.JSONArray((((((((([{"productname":" + productName) + ","variation":") + variation) + ","quantity":") + quantity) + ","price":") + saleprice) + "}])): null

2018-09-29 11:02:21 - [TEST_STEP][PASSED] - Statement - billingInformation = new org.json.JSONObject((({"firstname":"Test","lastname":"Automation","country":"United States (US)","address":"123 Testing","city":"New York","state":"New York","zip":"90012","email":" + email) + "})): null

2018-09-29 11:02:21 - [TEST_STEP][PASSED] - Statement - shippingType = "EMS": null

2018-09-29 11:02:21 - [TEST_STEP][PASSED] - Statement - paymentMethod = "Amazon Pay": null

2018-09-29 11:02:21 - [TEST_STEP][PASSED] - Statement - category = "Brands": null

2018-09-29 11:02:21 - [TEST_STEP][PASSED] - Statement - subcategory = "Innisfree": null

2018-09-29 11:02:21 - [TEST_STEP][PASSED] - beautytap.GeneralAction.openBeautytap: beautytap.GeneralAction.openBeautytap is PASSED

2018-09-29 11:03:34 - [MESSAGE][PASSED] - Browser is opened with url: 'https://stage.beautytap.com'

2018-09-29 11:03:35 - [MESSAGE][PASSED] - Current window maximized

2018-09-29 11:04:54 - [MESSAGE][PASSED] - Refresh successfully

2018-09-29 11:04:54 - [MESSAGE][PASSED] - Wait for page load successfully

2018-09-29 11:04:54 - [MESSAGE][PASSED] - beautytap.GeneralAction.openBeautytap is PASSED

2018-09-29 11:04:54 - [TEST_STEP][PASSED] - beautytap.ShopAction.selectCategory: beautytap.ShopAction.selectCategory is PASSED

2018-09-29 11:04:54 - [MESSAGE][PASSED] - Object: '' is clicked on

2018-09-29 11:04:56 - [MESSAGE][PASSED] - Delayed 2 second(s)

2018-09-29 11:05:33 - [MESSAGE][PASSED] - Object: '' is clicked on

2018-09-29 11:05:33 - [MESSAGE][PASSED] - Wait for page load successfully

2018-09-29 11:05:33 - [MESSAGE][PASSED] - beautytap.ShopAction.selectCategory is PASSED

2018-09-29 11:05:33 - [TEST_STEP][PASSED] - beautytap.ShopAction.findProductOnProductList: beautytap.ShopAction.findProductOnProductList is PASSED

2018-09-29 11:05:33 - [MESSAGE][PASSED] - Text of object '' is: '3'

2018-09-29 11:05:39 - [MESSAGE][WARNING] - com.kms.katalon.core.webui.exception.WebElementNotFoundException: Web element with id: '' located by 'By.xpath: //a[text()='Innisfree Eye Contouring Stick Round Shape 0.7g']' not found
[[ATTACHMENT|E:\\BeautytapAutomation\\beautytapAuto\\Beautytap\\Reports\\Regression\\20180929_104005\\1538193938777.png]]

2018-09-29 11:05:48 - [MESSAGE][PASSED] - Object: '' is clicked on

2018-09-29 11:05:48 - [MESSAGE][PASSED] - Wait for page load successfully

2018-09-29 11:05:48 - [MESSAGE][PASSED] - Object '' is present

2018-09-29 11:05:48 - [MESSAGE][PASSED] - beautytap.ShopAction.findProductOnProductList is PASSED

2018-09-29 11:05:48 - [TEST_STEP][PASSED] - beautytap.ShopAction.VerifyProductOnProductList: Keyword VerifyProductOnProductList is Passed

2018-09-29 11:05:48 - [MESSAGE][PASSED] - Object '' is present

2018-09-29 11:05:48 - [MESSAGE][PASSED] - Text of object '' is: '$4.95'

2018-09-29 11:05:48 - [MESSAGE][PASSED] - Get CSS 'color' value on '' successfully: 'rgba(255, 35, 134, 1)'.

2018-09-29 11:05:48 - [MESSAGE][PASSED] - Get CSS 'color' value on '' successfully: 'rgba(255, 35, 134, 1)'.

2018-09-29 11:05:48 - [MESSAGE][PASSED] - Text of object '' is: '$6.50'

2018-09-29 11:05:48 - [MESSAGE][PASSED] - Get CSS 'color' value on '' successfully: 'rgba(255, 35, 134, 1)'.

2018-09-29 11:05:48 - [MESSAGE][PASSED] - Get CSS 'color' value on '' successfully: 'rgba(255, 35, 134, 1)'.

2018-09-29 11:05:48 - [MESSAGE][PASSED] - Keyword VerifyProductOnProductList is Passed

2018-09-29 11:05:48 - [TEST_STEP][PASSED] - beautytap.ShopAction.selectProductOnProductList: beautytap.ShopAction.selectProductOnProductList is PASSED

2018-09-29 11:05:55 - [MESSAGE][PASSED] - Object: '' is clicked on

2018-09-29 11:05:55 - [MESSAGE][PASSED] - Wait for page load successfully

2018-09-29 11:05:55 - [MESSAGE][PASSED] - beautytap.ShopAction.selectProductOnProductList is PASSED

2018-09-29 11:05:55 - [TEST_STEP][PASSED] - beautytap.ShopAction.selectProductVariation: beautytap.ShopAction.selectProductVariation is PASSED

2018-09-29 11:05:55 - [MESSAGE][PASSED] - Object: 'Object Repository/Page_Shop/drop_chooseOption' is clicked on

2018-09-29 11:05:56 - [MESSAGE][PASSED] - Delayed 1 second(s)

2018-09-29 11:05:56 - [MESSAGE][PASSED] - Object: '' is clicked on

2018-09-29 11:05:56 - [MESSAGE][PASSED] - beautytap.ShopAction.selectProductVariation is PASSED

2018-09-29 11:05:56 - [TEST_STEP][PASSED] - beautytap.ShopAction.VerifyProductDetails: Keyword VerifyProductDetails is Passed

2018-09-29 11:05:57 - [MESSAGE][PASSED] - Text of object '' is: 'Innisfree Eye Contouring Stick Round Shape 0.7g'

2018-09-29 11:05:57 - [MESSAGE][PASSED] - All options with label '5' are selected in object 'Object Repository/Page_Shop/drop_chooseOption' 

2018-09-29 11:05:57 - [MESSAGE][PASSED] - Text of object '' is: '$6.50'

2018-09-29 11:05:57 - [MESSAGE][PASSED] - Get CSS 'color' value on '' successfully: 'rgba(195, 195, 195, 1)'.

2018-09-29 11:05:57 - [MESSAGE][PASSED] - Text of object '' is: '$4.95'

2018-09-29 11:05:57 - [MESSAGE][PASSED] - Get CSS 'color' value on '' successfully: 'rgba(255, 35, 134, 1)'.

2018-09-29 11:05:57 - [MESSAGE][PASSED] - Keyword VerifyProductDetails is Passed

2018-09-29 11:05:57 - [TEST_STEP][PASSED] - Statement - currentNumberItemInCart = CustomKeywords.beautytap.ShopAction.getNumberItemInCart(): beautytap.ShopAction.getNumberItemInCart is PASSED

2018-09-29 11:06:03 - [MESSAGE][WARNING] - com.kms.katalon.core.webui.exception.WebElementNotFoundException: Web element with id: '' located by 'By.xpath: //div[@class='header-right-top pull-right']/a[@class='shop-cart']/span[@class='number-cart']' not found
[[ATTACHMENT|E:\\BeautytapAutomation\\beautytapAuto\\Beautytap\\Reports\\Regression\\20180929_104005\\1538193963097.png]]

2018-09-29 11:06:03 - [MESSAGE][PASSED] - beautytap.ShopAction.getNumberItemInCart is PASSED

2018-09-29 11:06:03 - [TEST_STEP][PASSED] - beautytap.ShopAction.addProductToCart: beautytap.ShopAction.addProductToCart is PASSED

2018-09-29 11:06:03 - [MESSAGE][PASSED] - Text of object 'Object Repository/Page_Shop/txt_quantity' is cleared

2018-09-29 11:06:03 - [MESSAGE][PASSED] - Keys '5' sent to object: 'Object Repository/Page_Shop/txt_quantity'

2018-09-29 11:06:03 - [MESSAGE][PASSED] - Object: 'Object Repository/Page_Shop/btn_addToCart' is clicked on

2018-09-29 11:06:03 - [MESSAGE][PASSED] - Wait for page load successfully

2018-09-29 11:06:08 - [MESSAGE][PASSED] - Object 'Object Repository/Page_Shop/lbl_message' is present

2018-09-29 11:06:08 - [MESSAGE][PASSED] - beautytap.ShopAction.addProductToCart is PASSED

2018-09-29 11:06:08 - [TEST_STEP][PASSED] - beautytap.ShopAction.VerifyNumberItemInCart: Keyword VerifyNumberItemInCart is Passed, Number item in cart is 5, expected is 5

2018-09-29 11:06:08 - [MESSAGE][PASSED] - Object '' is present

2018-09-29 11:06:09 - [MESSAGE][PASSED] - Text of object '' is: '5'

2018-09-29 11:06:09 - [MESSAGE][PASSED] - Keyword VerifyNumberItemInCart is Passed, Number item in cart is 5, expected is 5

2018-09-29 11:06:09 - [TEST_STEP][PASSED] - beautytap.ShopAction.VerifyProductIsAddedToCart: beautytap.ShopAction.VerifyProductIsAddedToCart is PASSED

2018-09-29 11:06:09 - [MESSAGE][PASSED] - Object '' is present

2018-09-29 11:06:09 - [MESSAGE][PASSED] - beautytap.ShopAction.VerifyProductIsAddedToCart is PASSED

2018-09-29 11:06:09 - [TEST_STEP][PASSED] - beautytap.ShopAction.goToCart: beautytap.ShopAction.goToCart is PASSED

2018-09-29 11:06:09 - [MESSAGE][PASSED] - Object 'Object Repository/Page_General/icon_cart' is present

2018-09-29 11:06:16 - [MESSAGE][PASSED] - Object: 'Object Repository/Page_General/icon_cart' is clicked on

2018-09-29 11:06:16 - [MESSAGE][PASSED] - Wait for page load successfully

2018-09-29 11:06:16 - [MESSAGE][PASSED] - beautytap.ShopAction.goToCart is PASSED

2018-09-29 11:06:16 - [TEST_STEP][PASSED] - beautytap.ShopAction.VerifyProductInCart: Keyword VerifyProductInCart is Passed

2018-09-29 11:06:16 - [MESSAGE][PASSED] - Object '' is present

2018-09-29 11:06:16 - [MESSAGE][PASSED] - Object '' is present

2018-09-29 11:06:16 - [MESSAGE][PASSED] - Text of object '' is: '$4.95'

2018-09-29 11:06:16 - [MESSAGE][PASSED] - Attribute 'value' of object '' is: '5'

2018-09-29 11:06:16 - [MESSAGE][PASSED] - Text of object '' is: '$24.75'

2018-09-29 11:06:16 - [MESSAGE][PASSED] - Keyword VerifyProductInCart is Passed

2018-09-29 11:06:16 - [TEST_STEP][PASSED] - beautytap.ShopAction.loginAmazonPay: beautytap.ShopAction.loginAmazonPay is PASSED

2018-09-29 11:06:17 - [MESSAGE][PASSED] - Object: 'Object Repository/Page_Cart/btn_payWithAmazon' is clicked on

2018-09-29 11:06:17 - [MESSAGE][PASSED] - Switched to window with index: '1'

2018-09-29 11:06:19 - [MESSAGE][PASSED] - Object 'Object Repository/Popup_Amazon/txt_email' is present

2018-09-29 11:06:19 - [MESSAGE][PASSED] - Text of object 'Object Repository/Popup_Amazon/txt_email' is cleared

2018-09-29 11:06:19 - [MESSAGE][PASSED] - Keys 'amazontest1503@yopmail.com' sent to object: 'Object Repository/Popup_Amazon/txt_email'

2018-09-29 11:06:19 - [MESSAGE][PASSED] - Text of object 'Object Repository/Popup_Amazon/txt_password' is cleared

2018-09-29 11:06:19 - [MESSAGE][PASSED] - Keys '123456' sent to object: 'Object Repository/Popup_Amazon/txt_password'

2018-09-29 11:06:22 - [MESSAGE][PASSED] - Object: 'Object Repository/Popup_Amazon/btn_signin' is clicked on

2018-09-29 11:06:22 - [MESSAGE][PASSED] - Switched to window with index: '0'

2018-09-29 11:06:52 - [MESSAGE][PASSED] - Delayed 30 second(s)

2018-09-29 11:06:52 - [MESSAGE][PASSED] - beautytap.ShopAction.loginAmazonPay is PASSED

2018-09-29 11:06:52 - [TEST_STEP][PASSED] - beautytap.ShopAction.selectShipping: beautytap.ShopAction.selectShipping is PASSED

2018-09-29 11:06:52 - [MESSAGE][PASSED] - Object '' is checked

2018-09-29 11:06:57 - [MESSAGE][PASSED] - Delayed 5 second(s)

2018-09-29 11:06:57 - [MESSAGE][PASSED] - beautytap.ShopAction.selectShipping is PASSED

2018-09-29 11:06:57 - [TEST_STEP][PASSED] - beautytap.ShopAction.VerifyOrderDetailsOnCheckout: Keyword VerifyOrderDetailsOnCheckout is Passed

2018-09-29 11:06:57 - [MESSAGE][PASSED] - Object '' is present

2018-09-29 11:06:57 - [MESSAGE][PASSED] - Text of object '' is: '$24.75'

2018-09-29 11:06:57 - [MESSAGE][PASSED] - Object '' has attribute 'checked'

2018-09-29 11:06:57 - [MESSAGE][PASSED] - Text of object '' is: '($25) - EMS Express shipping (est. 10-14 working days delivery including processing): $25.00'

2018-09-29 11:06:58 - [MESSAGE][PASSED] - Text of object '' is: '$25.00'

2018-09-29 11:06:58 - [MESSAGE][PASSED] - Text of object '' is: '$49.75'

2018-09-29 11:06:58 - [MESSAGE][PASSED] - Keyword VerifyOrderDetailsOnCheckout is Passed

2018-09-29 11:06:58 - [TEST_STEP][PASSED] - beautytap.ShopAction.checkoutViaAmazonPay: beautytap.ShopAction.checkoutViaAmazonPay is PASSED

2018-09-29 11:06:58 - [MESSAGE][PASSED] - Object 'Object Repository/Page_Checkout/chk_terms' is clickable

2018-09-29 11:06:58 - [MESSAGE][PASSED] - Object 'Object Repository/Page_Checkout/chk_terms' is checked

2018-09-29 11:06:58 - [MESSAGE][PASSED] - Object: 'Object Repository/Page_Checkout/btn_placeOrder' is clicked on

2018-09-29 11:07:10 - [MESSAGE][PASSED] - Object 'Object Repository/Page_Checkout/lbl_orderReceived' is present

2018-09-29 11:07:10 - [MESSAGE][PASSED] - beautytap.ShopAction.checkoutViaAmazonPay is PASSED

2018-09-29 11:07:10 - [TEST_STEP][PASSED] - beautytap.ShopAction.VerifyOrderReceivedDetails: Keyword VerifyOrderReceivedDetails is Passed

2018-09-29 11:07:10 - [MESSAGE][PASSED] - Object '' is present

2018-09-29 11:07:10 - [MESSAGE][PASSED] - Text of object '' is: '$24.75'

2018-09-29 11:07:10 - [MESSAGE][PASSED] - Text of object '' is: '$25.00 via ($25) - EMS Express shipping (est. 10-14 working days delivery including processing)'

2018-09-29 11:07:10 - [MESSAGE][PASSED] - Object '' is present

2018-09-29 11:07:10 - [MESSAGE][PASSED] - Text of object '' is: '$25.00'

2018-09-29 11:07:11 - [MESSAGE][PASSED] - Text of object '' is: 'Amazon Pay'

2018-09-29 11:07:11 - [MESSAGE][PASSED] - Text of object '' is: '$49.75'

2018-09-29 11:07:11 - [MESSAGE][PASSED] - Keyword VerifyOrderReceivedDetails is Passed

2018-09-29 11:07:11 - [TEST_STEP][PASSED] - closeBrowser: Browser is closed

2018-09-29 11:07:11 - [MESSAGE][PASSED] - Browser is closed]]></system-out>
         <system-err><![CDATA[]]></system-err>
      </testcase>
      <testcase name="Test Cases/Shop/TC09_ScheduleSale_LimitStock_SimpleProduct" classname="Test Cases/Shop/TC09_ScheduleSale_LimitStock_SimpleProduct" status="FAILED">
         <failure type="FAILED" message="Unable to click on object 'Object Repository/Page_General/icon_cart' (Root cause: org.openqa.selenium.TimeoutException: timeout
  (Session info: chrome=69.0.3497.100)
  (Driver info: chromedriver=2.35.528161 (5b82f2d2aae0ca24b877009200ced9065a772e73),platform=Windows NT 10.0.17134 x86_64) (WARNING: The server did not provide any stacktrace information)
Command duration or timeout: 0 milliseconds
Build info: version: '3.7.1', revision: '8a0099a', time: '2017-11-06T21:07:36.161Z'
System info: host: 'DESKTOP-G1UHP65', ip: '192.168.1.8', os.name: 'Windows 10', os.arch: 'amd64', os.version: '10.0', java.version: '1.8.0_102'
Driver info: com.kms.katalon.selenium.driver.CChromeDriver
Capabilities {acceptInsecureCerts: false, acceptSslCerts: false, applicationCacheEnabled: false, browserConnectionEnabled: false, browserName: chrome, chrome: {chromedriverVersion: 2.35.528161 (5b82f2d2aae0ca..., userDataDir: C:\Users\TRANGN~1\AppData\L...}, cssSelectorsEnabled: true, databaseEnabled: false, handlesAlerts: true, hasTouchScreen: false, javascriptEnabled: true, locationContextEnabled: true, mobileEmulationEnabled: false, nativeEvents: true, networkConnectionEnabled: false, pageLoadStrategy: normal, platform: XP, platformName: XP, rotatable: false, setWindowRect: true, takesHeapSnapshot: true, takesScreenshot: true, unexpectedAlertBehaviour: , unhandledPromptBehavior: , version: 69.0.3497.100, webStorageEnabled: true}
Session ID: 82b549cb95ba50801ebbf815e2c0b18d)"/>
         <system-out><![CDATA[2018-09-29 11:07:14 - [TEST_CASE][FAILED] - Test Cases/Shop/TC09_ScheduleSale_LimitStock_SimpleProduct: Test Cases/Shop/TC09_ScheduleSale_LimitStock_SimpleProduct FAILED because (of) Unable to click on object 'Object Repository/Page_General/icon_cart' (Root cause: org.openqa.selenium.TimeoutException: timeout
  (Session info: chrome=69.0.3497.100)
  (Driver info: chromedriver=2.35.528161 (5b82f2d2aae0ca24b877009200ced9065a772e73),platform=Windows NT 10.0.17134 x86_64) (WARNING: The server did not provide any stacktrace information)
Command duration or timeout: 0 milliseconds
Build info: version: '3.7.1', revision: '8a0099a', time: '2017-11-06T21:07:36.161Z'
System info: host: 'DESKTOP-G1UHP65', ip: '192.168.1.8', os.name: 'Windows 10', os.arch: 'amd64', os.version: '10.0', java.version: '1.8.0_102'
Driver info: com.kms.katalon.selenium.driver.CChromeDriver
Capabilities {acceptInsecureCerts: false, acceptSslCerts: false, applicationCacheEnabled: false, browserConnectionEnabled: false, browserName: chrome, chrome: {chromedriverVersion: 2.35.528161 (5b82f2d2aae0ca..., userDataDir: C:\Users\TRANGN~1\AppData\L...}, cssSelectorsEnabled: true, databaseEnabled: false, handlesAlerts: true, hasTouchScreen: false, javascriptEnabled: true, locationContextEnabled: true, mobileEmulationEnabled: false, nativeEvents: true, networkConnectionEnabled: false, pageLoadStrategy: normal, platform: XP, platformName: XP, rotatable: false, setWindowRect: true, takesHeapSnapshot: true, takesScreenshot: true, unexpectedAlertBehaviour: , unhandledPromptBehavior: , version: 69.0.3497.100, webStorageEnabled: true}
Session ID: 82b549cb95ba50801ebbf815e2c0b18d)

2018-09-29 11:07:14 - [TEST_STEP][PASSED] - Statement - productName = SCHEDULE_SIMPLE_PRODUCT: null

2018-09-29 11:07:14 - [TEST_STEP][PASSED] - Statement - regularPrice = SCHEDULE_REGULAR_PRICE: null

2018-09-29 11:07:14 - [TEST_STEP][PASSED] - Statement - salePrice = SCHEDULE_SALE_PRICE: null

2018-09-29 11:07:14 - [TEST_STEP][PASSED] - Statement - quantity = 6: null

2018-09-29 11:07:14 - [TEST_STEP][PASSED] - Statement - subtotalRegular = CustomKeywords.beautytap.ShopAction.calculateTotal(quantity, regularPrice): beautytap.ShopAction.calculateTotal is PASSED

2018-09-29 11:07:14 - [MESSAGE][PASSED] - beautytap.ShopAction.calculateTotal is PASSED

2018-09-29 11:07:14 - [TEST_STEP][PASSED] - Statement - subtotalSale = CustomKeywords.beautytap.ShopAction.calculateTotal(1, salePrice): beautytap.ShopAction.calculateTotal is PASSED

2018-09-29 11:07:14 - [MESSAGE][PASSED] - beautytap.ShopAction.calculateTotal is PASSED

2018-09-29 11:07:14 - [TEST_STEP][PASSED] - Statement - shippingType = "free": null

2018-09-29 11:07:14 - [TEST_STEP][PASSED] - Statement - shippingLabel = FREE_SHIPPING_LABEL: null

2018-09-29 11:07:14 - [TEST_STEP][PASSED] - Statement - shippingTypeSale = "normal": null

2018-09-29 11:07:14 - [TEST_STEP][PASSED] - Statement - shippingLabelSale = SHIPPING_LABEL: null

2018-09-29 11:07:14 - [TEST_STEP][PASSED] - Statement - shippingPriceSale = SHIPPING_PRICE: null

2018-09-29 11:07:14 - [TEST_STEP][PASSED] - Statement - totalSale = java.lang.Float.parseFloat(java.lang.String.format("%.2f", subtotalSale + shippingPriceSale)): null

2018-09-29 11:07:14 - [TEST_STEP][PASSED] - Statement - schedulTimeout = 300: null

2018-09-29 11:07:14 - [TEST_STEP][PASSED] - Statement - limitStockSchedule = "yes": null

2018-09-29 11:07:14 - [TEST_STEP][PASSED] - Statement - variation = new org.json.JSONArray(): null

2018-09-29 11:07:14 - [TEST_STEP][PASSED] - Statement - scheduleDelay = 3: null

2018-09-29 11:07:14 - [TEST_STEP][PASSED] - Statement - scheduleDuration = 3: null

2018-09-29 11:07:14 - [TEST_STEP][PASSED] - Statement - paymentMethod = "Amazon Pay": null

2018-09-29 11:07:14 - [TEST_STEP][PASSED] - beautytap.GeneralAction.openBeautytap: beautytap.GeneralAction.openBeautytap is PASSED

2018-09-29 11:07:22 - [MESSAGE][PASSED] - Browser is opened with url: 'https://stage.beautytap.com/wp-admin'

2018-09-29 11:07:23 - [MESSAGE][PASSED] - Current window maximized

2018-09-29 11:07:25 - [MESSAGE][PASSED] - Refresh successfully

2018-09-29 11:07:25 - [MESSAGE][PASSED] - Wait for page load successfully

2018-09-29 11:07:25 - [MESSAGE][PASSED] - beautytap.GeneralAction.openBeautytap is PASSED

2018-09-29 11:07:25 - [TEST_STEP][PASSED] - beautytap.GeneralAction.login: beautytap.GeneralAction.login is PASSED

2018-09-29 11:07:25 - [MESSAGE][PASSED] - Text of object 'Object Repository/Page_login/txt_username' is cleared

2018-09-29 11:07:25 - [MESSAGE][PASSED] - Keys 'mrwhite' sent to object: 'Object Repository/Page_login/txt_username'

2018-09-29 11:07:25 - [MESSAGE][PASSED] - Text of object 'Object Repository/Page_login/txt_password' is cleared

2018-09-29 11:07:26 - [MESSAGE][PASSED] - Keys 'kgySM$Im' sent to object: 'Object Repository/Page_login/txt_password'

2018-09-29 11:07:32 - [MESSAGE][PASSED] - Object: 'Object Repository/Page_login/btn_login' is clicked on

2018-09-29 11:07:32 - [MESSAGE][PASSED] - Wait for page load successfully

2018-09-29 11:07:32 - [MESSAGE][PASSED] - beautytap.GeneralAction.login is PASSED

2018-09-29 11:07:32 - [TEST_STEP][PASSED] - beautytap.AdminAction.selectAdminMenu: beautytap.AdminAction.selectAdminMenu is PASSED

2018-09-29 11:07:39 - [MESSAGE][PASSED] - Object: '' is clicked on

2018-09-29 11:07:39 - [MESSAGE][PASSED] - Wait for page load successfully

2018-09-29 11:07:39 - [MESSAGE][PASSED] - beautytap.AdminAction.selectAdminMenu is PASSED

2018-09-29 11:07:39 - [TEST_STEP][PASSED] - Statement - datetime = CustomKeywords.beautytap.ShopAction.generateScheduleDateTime(TIMEZONE, scheduleDelay, scheduleDuration): beautytap.ShopAction.generateScheduleDateTime is PASSED

2018-09-29 11:07:39 - [MESSAGE][PASSED] - beautytap.ShopAction.generateScheduleDateTime is PASSED

2018-09-29 11:07:39 - [TEST_STEP][PASSED] - Statement - startDate = datetime.get("startdate"): null

2018-09-29 11:07:39 - [TEST_STEP][PASSED] - Statement - endDate = datetime.get("enddate"): null

2018-09-29 11:07:39 - [TEST_STEP][PASSED] - beautytap.AdminAction.scheduleSaleProduct: beautytap.AdminAction.scheduleSaleProduct is PASSED

2018-09-29 11:07:39 - [MESSAGE][PASSED] - Text of object 'Object Repository/Page_Admin/txt_searchProduct' is cleared

2018-09-29 11:07:40 - [MESSAGE][PASSED] - Keys 'PURITO Defence Barrier pH Cleanser 150ml' sent to object: 'Object Repository/Page_Admin/txt_searchProduct'

2018-09-29 11:07:44 - [MESSAGE][PASSED] - Object: 'Object Repository/Page_Admin/btn_searchProduct' is clicked on

2018-09-29 11:07:52 - [MESSAGE][PASSED] - Object: '' is clicked on

2018-09-29 11:08:02 - [MESSAGE][PASSED] - Delayed 10 second(s)

2018-09-29 11:08:08 - [MESSAGE][WARNING] - com.kms.katalon.core.webui.exception.WebElementNotFoundException: Web element with id: 'Object Repository/Page_Admin/link_schedule' located by 'By.xpath: //a[@class='sale_schedule' and text()='Schedule' and not(@style='display: none;')]' not found
[[ATTACHMENT|E:\\BeautytapAutomation\\beautytapAuto\\Beautytap\\Reports\\Regression\\20180929_104005\\1538194088059.png]]

2018-09-29 11:08:08 - [MESSAGE][PASSED] - Text of object 'Object Repository/Page_Admin/txt_salePrice' is cleared

2018-09-29 11:08:08 - [MESSAGE][PASSED] - Keys '10.8' sent to object: 'Object Repository/Page_Admin/txt_salePrice'

2018-09-29 11:08:08 - [MESSAGE][PASSED] - Text of object 'Object Repository/Page_Admin/txt_salePriceDateFrom' is cleared

2018-09-29 11:08:09 - [MESSAGE][PASSED] - Keys '2018-09-29 04:10:39' sent to object: 'Object Repository/Page_Admin/txt_salePriceDateFrom'

2018-09-29 11:08:09 - [MESSAGE][PASSED] - Text of object 'Object Repository/Page_Admin/txt_salePriceDateTo' is cleared

2018-09-29 11:08:09 - [MESSAGE][PASSED] - Keys '2018-09-29 04:13:39' sent to object: 'Object Repository/Page_Admin/txt_salePriceDateTo'

2018-09-29 11:08:09 - [MESSAGE][PASSED] - Object 'Object Repository/Page_Admin/chk_soldIndividualScheduled' is checked

2018-09-29 11:08:10 - [MESSAGE][PASSED] - Object: 'Object Repository/Page_Admin/txt_productName' is focused

2018-09-29 11:08:20 - [MESSAGE][PASSED] - Delayed 10 second(s)

2018-09-29 11:08:20 - [MESSAGE][PASSED] - Object: 'Object Repository/Page_Admin/btn_updateProduct' is clicked on

2018-09-29 11:08:31 - [MESSAGE][PASSED] - Object 'Object Repository/Page_Admin/lbl_productUpdatedMessage' is present

2018-09-29 11:08:31 - [MESSAGE][PASSED] - Wait for page load successfully

2018-09-29 11:08:31 - [MESSAGE][PASSED] - beautytap.AdminAction.scheduleSaleProduct is PASSED

2018-09-29 11:08:31 - [TEST_STEP][PASSED] - closeBrowser: Browser is closed

2018-09-29 11:08:32 - [MESSAGE][PASSED] - Browser is closed

2018-09-29 11:08:32 - [TEST_STEP][PASSED] - beautytap.GeneralAction.openBeautytap: beautytap.GeneralAction.openBeautytap is PASSED

2018-09-29 11:08:45 - [MESSAGE][PASSED] - Browser is opened with url: 'https://stage.beautytap.com'

2018-09-29 11:08:46 - [MESSAGE][PASSED] - Current window maximized

2018-09-29 11:08:49 - [MESSAGE][PASSED] - Refresh successfully

2018-09-29 11:08:49 - [MESSAGE][PASSED] - Wait for page load successfully

2018-09-29 11:08:49 - [MESSAGE][PASSED] - beautytap.GeneralAction.openBeautytap is PASSED

2018-09-29 11:08:49 - [TEST_STEP][PASSED] - beautytap.ShopAction.globalSearch: beautytap.ShopAction.globalSearch is PASSED

2018-09-29 11:08:50 - [MESSAGE][PASSED] - Object: 'Object Repository/Page_General/icon_search' is clicked on

2018-09-29 11:08:55 - [MESSAGE][PASSED] - Delayed 5 second(s)

2018-09-29 11:08:55 - [MESSAGE][PASSED] - Text of object 'Object Repository/Page_General/txt_search' is cleared

2018-09-29 11:08:55 - [MESSAGE][PASSED] - Keys 'CONTROL + v' sent to object: 'Object Repository/Page_General/txt_search'

2018-09-29 11:08:56 - [MESSAGE][PASSED] - Object 'Object Repository/Page_General/div_searchResult' is present

2018-09-29 11:08:56 - [MESSAGE][PASSED] - beautytap.ShopAction.globalSearch is PASSED

2018-09-29 11:08:56 - [TEST_STEP][PASSED] - beautytap.ShopAction.VerifyProductOnSearchResult: Keyword VerifyProductOnSearchResult is Passed

2018-09-29 11:08:56 - [MESSAGE][PASSED] - Object '' is present

2018-09-29 11:08:56 - [MESSAGE][PASSED] - Text of object '' is: '$12.80'

2018-09-29 11:08:56 - [MESSAGE][PASSED] - Get CSS 'color' value on '' successfully: 'rgba(255, 35, 134, 1)'.

2018-09-29 11:08:57 - [MESSAGE][PASSED] - Get CSS 'color' value on '' successfully: 'rgba(255, 35, 134, 1)'.

2018-09-29 11:08:57 - [MESSAGE][PASSED] - Keyword VerifyProductOnSearchResult is Passed

2018-09-29 11:08:57 - [TEST_STEP][PASSED] - beautytap.ShopAction.selectProductOnSearchResult: beautytap.ShopAction.selectProductOnSearchResult is PASSED

2018-09-29 11:09:02 - [MESSAGE][PASSED] - Object: '' is clicked on

2018-09-29 11:09:02 - [MESSAGE][PASSED] - Wait for page load successfully

2018-09-29 11:09:02 - [MESSAGE][PASSED] - beautytap.ShopAction.selectProductOnSearchResult is PASSED

2018-09-29 11:09:02 - [TEST_STEP][PASSED] - beautytap.ShopAction.VerifyProductDetails: Keyword VerifyProductDetails is Passed

2018-09-29 11:09:02 - [MESSAGE][PASSED] - Text of object '' is: 'PURITO Defence Barrier pH Cleanser 150ml'

2018-09-29 11:09:02 - [MESSAGE][PASSED] - Text of object '' is: '$12.80'

2018-09-29 11:09:02 - [MESSAGE][PASSED] - Get CSS 'color' value on '' successfully: 'rgba(255, 35, 134, 1)'.

2018-09-29 11:09:02 - [MESSAGE][PASSED] - Keyword VerifyProductDetails is Passed

2018-09-29 11:09:02 - [TEST_STEP][PASSED] - beautytap.ShopAction.selectCategory: beautytap.ShopAction.selectCategory is PASSED

2018-09-29 11:09:08 - [MESSAGE][PASSED] - Object: '' is clicked on

2018-09-29 11:09:08 - [MESSAGE][PASSED] - Wait for page load successfully

2018-09-29 11:09:08 - [MESSAGE][PASSED] - beautytap.ShopAction.selectCategory is PASSED

2018-09-29 11:09:08 - [TEST_STEP][PASSED] - beautytap.ShopAction.findProductOnProductList: beautytap.ShopAction.findProductOnProductList is PASSED

2018-09-29 11:09:08 - [MESSAGE][PASSED] - Text of object '' is: '77'

2018-09-29 11:09:14 - [MESSAGE][WARNING] - com.kms.katalon.core.webui.exception.WebElementNotFoundException: Web element with id: '' located by 'By.xpath: //a[text()='PURITO Defence Barrier pH Cleanser 150ml']' not found
[[ATTACHMENT|E:\\BeautytapAutomation\\beautytapAuto\\Beautytap\\Reports\\Regression\\20180929_104005\\1538194153942.png]]

2018-09-29 11:09:22 - [MESSAGE][PASSED] - Object: '' is clicked on

2018-09-29 11:09:22 - [MESSAGE][PASSED] - Wait for page load successfully

2018-09-29 11:09:22 - [MESSAGE][PASSED] - Object '' is present

2018-09-29 11:09:22 - [MESSAGE][PASSED] - beautytap.ShopAction.findProductOnProductList is PASSED

2018-09-29 11:09:22 - [TEST_STEP][PASSED] - beautytap.ShopAction.VerifyProductOnProductList: Keyword VerifyProductOnProductList is Passed

2018-09-29 11:09:22 - [MESSAGE][PASSED] - Object '' is present

2018-09-29 11:09:22 - [MESSAGE][PASSED] - Text of object '' is: '$12.80'

2018-09-29 11:09:22 - [MESSAGE][PASSED] - Get CSS 'color' value on '' successfully: 'rgba(255, 35, 134, 1)'.

2018-09-29 11:09:22 - [MESSAGE][PASSED] - Get CSS 'color' value on '' successfully: 'rgba(255, 35, 134, 1)'.

2018-09-29 11:09:22 - [MESSAGE][PASSED] - Keyword VerifyProductOnProductList is Passed

2018-09-29 11:09:22 - [TEST_STEP][PASSED] - beautytap.ShopAction.selectProductOnProductList: beautytap.ShopAction.selectProductOnProductList is PASSED

2018-09-29 11:09:27 - [MESSAGE][PASSED] - Object: '' is clicked on

2018-09-29 11:09:27 - [MESSAGE][PASSED] - Wait for page load successfully

2018-09-29 11:09:27 - [MESSAGE][PASSED] - beautytap.ShopAction.selectProductOnProductList is PASSED

2018-09-29 11:09:27 - [TEST_STEP][PASSED] - beautytap.ShopAction.addProductToCart: beautytap.ShopAction.addProductToCart is PASSED

2018-09-29 11:09:27 - [MESSAGE][PASSED] - Text of object 'Object Repository/Page_Shop/txt_quantity' is cleared

2018-09-29 11:09:27 - [MESSAGE][PASSED] - Keys '6' sent to object: 'Object Repository/Page_Shop/txt_quantity'

2018-09-29 11:09:27 - [MESSAGE][PASSED] - Object: 'Object Repository/Page_Shop/btn_addToCart' is clicked on

2018-09-29 11:09:27 - [MESSAGE][PASSED] - Wait for page load successfully

2018-09-29 11:09:32 - [MESSAGE][PASSED] - Object 'Object Repository/Page_Shop/lbl_message' is present

2018-09-29 11:09:32 - [MESSAGE][PASSED] - beautytap.ShopAction.addProductToCart is PASSED

2018-09-29 11:09:32 - [TEST_STEP][PASSED] - beautytap.ShopAction.goToCart: beautytap.ShopAction.goToCart is PASSED

2018-09-29 11:09:32 - [MESSAGE][PASSED] - Object 'Object Repository/Page_General/icon_cart' is present

2018-09-29 11:09:37 - [MESSAGE][PASSED] - Object: 'Object Repository/Page_General/icon_cart' is clicked on

2018-09-29 11:09:37 - [MESSAGE][PASSED] - Wait for page load successfully

2018-09-29 11:09:37 - [MESSAGE][PASSED] - beautytap.ShopAction.goToCart is PASSED

2018-09-29 11:09:37 - [TEST_STEP][PASSED] - beautytap.ShopAction.VerifyProductInCart: Keyword VerifyProductInCart is Passed

2018-09-29 11:09:37 - [MESSAGE][PASSED] - Object '' is present

2018-09-29 11:09:37 - [MESSAGE][PASSED] - Object '' is present

2018-09-29 11:09:37 - [MESSAGE][PASSED] - Text of object '' is: '$12.80'

2018-09-29 11:09:37 - [MESSAGE][PASSED] - Attribute 'value' of object '' is: '6'

2018-09-29 11:09:37 - [MESSAGE][PASSED] - Text of object '' is: '$76.80'

2018-09-29 11:09:37 - [MESSAGE][PASSED] - Keyword VerifyProductInCart is Passed

2018-09-29 11:09:37 - [TEST_STEP][PASSED] - beautytap.ShopAction.loginAmazonPay: beautytap.ShopAction.loginAmazonPay is PASSED

2018-09-29 11:09:38 - [MESSAGE][PASSED] - Object: 'Object Repository/Page_Cart/btn_payWithAmazon' is clicked on

2018-09-29 11:09:38 - [MESSAGE][PASSED] - Switched to window with index: '1'

2018-09-29 11:09:39 - [MESSAGE][PASSED] - Object 'Object Repository/Popup_Amazon/txt_email' is present

2018-09-29 11:09:40 - [MESSAGE][PASSED] - Text of object 'Object Repository/Popup_Amazon/txt_email' is cleared

2018-09-29 11:09:40 - [MESSAGE][PASSED] - Keys 'amazontest1503@yopmail.com' sent to object: 'Object Repository/Popup_Amazon/txt_email'

2018-09-29 11:09:40 - [MESSAGE][PASSED] - Text of object 'Object Repository/Popup_Amazon/txt_password' is cleared

2018-09-29 11:09:40 - [MESSAGE][PASSED] - Keys '123456' sent to object: 'Object Repository/Popup_Amazon/txt_password'

2018-09-29 11:09:43 - [MESSAGE][PASSED] - Object: 'Object Repository/Popup_Amazon/btn_signin' is clicked on

2018-09-29 11:09:43 - [MESSAGE][PASSED] - Switched to window with index: '0'

2018-09-29 11:10:13 - [MESSAGE][PASSED] - Delayed 30 second(s)

2018-09-29 11:10:13 - [MESSAGE][PASSED] - beautytap.ShopAction.loginAmazonPay is PASSED

2018-09-29 11:10:13 - [TEST_STEP][PASSED] - Statement - productArray = "[{"productname":"" + productName + "","variation":"","quantity":"" + quantity + "","price":"" + regularPrice + ""}]": null

2018-09-29 11:10:13 - [TEST_STEP][PASSED] - Statement - products = new org.json.JSONArray(productArray): null

2018-09-29 11:10:13 - [TEST_STEP][PASSED] - beautytap.ShopAction.VerifyOrderDetailsOnCheckout: Keyword VerifyOrderDetailsOnCheckout is Passed

2018-09-29 11:10:13 - [MESSAGE][PASSED] - Object '' is present

2018-09-29 11:10:14 - [MESSAGE][PASSED] - Text of object '' is: '$76.80'

2018-09-29 11:10:14 - [MESSAGE][PASSED] - Text of object '' is: 'Free shipping for orders over $60
Why does shipping take this long?'

2018-09-29 11:10:14 - [MESSAGE][PASSED] - Text of object '' is: '$76.80'

2018-09-29 11:10:14 - [MESSAGE][PASSED] - Keyword VerifyOrderDetailsOnCheckout is Passed

2018-09-29 11:10:14 - [TEST_STEP][PASSED] - beautytap.ShopAction.checkoutViaAmazonPay: beautytap.ShopAction.checkoutViaAmazonPay is PASSED

2018-09-29 11:10:14 - [MESSAGE][PASSED] - Object 'Object Repository/Page_Checkout/chk_terms' is clickable

2018-09-29 11:10:14 - [MESSAGE][PASSED] - Object 'Object Repository/Page_Checkout/chk_terms' is checked

2018-09-29 11:10:14 - [MESSAGE][PASSED] - Object: 'Object Repository/Page_Checkout/btn_placeOrder' is clicked on

2018-09-29 11:10:27 - [MESSAGE][PASSED] - Object 'Object Repository/Page_Checkout/lbl_orderReceived' is present

2018-09-29 11:10:27 - [MESSAGE][PASSED] - beautytap.ShopAction.checkoutViaAmazonPay is PASSED

2018-09-29 11:10:27 - [TEST_STEP][PASSED] - beautytap.ShopAction.VerifyOrderReceivedDetails: Keyword VerifyOrderReceivedDetails is Passed

2018-09-29 11:10:27 - [MESSAGE][PASSED] - Object '' is present

2018-09-29 11:10:27 - [MESSAGE][PASSED] - Text of object '' is: '$76.80'

2018-09-29 11:10:27 - [MESSAGE][PASSED] - Text of object '' is: 'Free shipping for orders over $60'

2018-09-29 11:10:33 - [MESSAGE][WARNING] - com.kms.katalon.core.webui.exception.WebElementNotFoundException: Web element with id: '' located by 'By.xpath: //th[text()='Shipping:']/parent::tr/td/span' not found
[[ATTACHMENT|E:\\BeautytapAutomation\\beautytapAuto\\Beautytap\\Reports\\Regression\\20180929_104005\\1538194232983.png]]

2018-09-29 11:10:33 - [MESSAGE][PASSED] - Text of object '' is: 'Amazon Pay'

2018-09-29 11:10:33 - [MESSAGE][PASSED] - Text of object '' is: '$76.80'

2018-09-29 11:10:33 - [MESSAGE][PASSED] - Keyword VerifyOrderReceivedDetails is Passed

2018-09-29 11:10:33 - [TEST_STEP][PASSED] - beautytap.ShopAction.waitForSchedule: beautytap.ShopAction.waitForSchedule is PASSED

2018-09-29 11:11:03 - [MESSAGE][PASSED] - Delayed 30 second(s)

2018-09-29 11:11:03 - [MESSAGE][PASSED] - beautytap.ShopAction.waitForSchedule is PASSED

2018-09-29 11:11:03 - [TEST_STEP][PASSED] - beautytap.ShopAction.globalSearch: beautytap.ShopAction.globalSearch is PASSED

2018-09-29 11:11:03 - [MESSAGE][PASSED] - Object: 'Object Repository/Page_General/icon_search' is clicked on

2018-09-29 11:11:08 - [MESSAGE][PASSED] - Delayed 5 second(s)

2018-09-29 11:11:08 - [MESSAGE][PASSED] - Text of object 'Object Repository/Page_General/txt_search' is cleared

2018-09-29 11:11:08 - [MESSAGE][PASSED] - Keys 'CONTROL + v' sent to object: 'Object Repository/Page_General/txt_search'

2018-09-29 11:11:10 - [MESSAGE][PASSED] - Object 'Object Repository/Page_General/div_searchResult' is present

2018-09-29 11:11:10 - [MESSAGE][PASSED] - beautytap.ShopAction.globalSearch is PASSED

2018-09-29 11:11:10 - [TEST_STEP][PASSED] - beautytap.ShopAction.VerifyProductOnSearchResult: Keyword VerifyProductOnSearchResult is Passed

2018-09-29 11:11:10 - [MESSAGE][PASSED] - Object '' is present

2018-09-29 11:11:10 - [MESSAGE][PASSED] - Text of object '' is: '$12.80'

2018-09-29 11:11:10 - [MESSAGE][PASSED] - Get CSS 'color' value on '' successfully: 'rgba(195, 195, 195, 1)'.

2018-09-29 11:11:10 - [MESSAGE][PASSED] - Get CSS 'color' value on '' successfully: 'rgba(195, 195, 195, 1)'.

2018-09-29 11:11:11 - [MESSAGE][PASSED] - Text of object '' is: '$10.80'

2018-09-29 11:11:11 - [MESSAGE][PASSED] - Get CSS 'color' value on '' successfully: 'rgba(255, 35, 134, 1)'.

2018-09-29 11:11:11 - [MESSAGE][PASSED] - Get CSS 'color' value on '' successfully: 'rgba(255, 35, 134, 1)'.

2018-09-29 11:11:11 - [MESSAGE][PASSED] - Keyword VerifyProductOnSearchResult is Passed

2018-09-29 11:11:11 - [TEST_STEP][PASSED] - beautytap.ShopAction.selectProductOnSearchResult: beautytap.ShopAction.selectProductOnSearchResult is PASSED

2018-09-29 11:11:15 - [MESSAGE][PASSED] - Object: '' is clicked on

2018-09-29 11:11:15 - [MESSAGE][PASSED] - Wait for page load successfully

2018-09-29 11:11:15 - [MESSAGE][PASSED] - beautytap.ShopAction.selectProductOnSearchResult is PASSED

2018-09-29 11:11:15 - [TEST_STEP][PASSED] - beautytap.ShopAction.VerifyProductDetails: Keyword VerifyProductDetails is Passed

2018-09-29 11:11:15 - [MESSAGE][PASSED] - Text of object '' is: 'PURITO Defence Barrier pH Cleanser 150ml'

2018-09-29 11:11:15 - [MESSAGE][PASSED] - Text of object '' is: '$12.80'

2018-09-29 11:11:15 - [MESSAGE][PASSED] - Get CSS 'color' value on '' successfully: 'rgba(195, 195, 195, 1)'.

2018-09-29 11:11:15 - [MESSAGE][PASSED] - Text of object '' is: '$10.80'

2018-09-29 11:11:15 - [MESSAGE][PASSED] - Get CSS 'color' value on '' successfully: 'rgba(255, 35, 134, 1)'.

2018-09-29 11:11:15 - [MESSAGE][PASSED] - Keyword VerifyProductDetails is Passed

2018-09-29 11:11:15 - [TEST_STEP][PASSED] - beautytap.ShopAction.selectCategory: beautytap.ShopAction.selectCategory is PASSED

2018-09-29 11:11:21 - [MESSAGE][PASSED] - Object: '' is clicked on

2018-09-29 11:11:21 - [MESSAGE][PASSED] - Wait for page load successfully

2018-09-29 11:11:21 - [MESSAGE][PASSED] - beautytap.ShopAction.selectCategory is PASSED

2018-09-29 11:11:21 - [TEST_STEP][PASSED] - beautytap.ShopAction.findProductOnProductList: beautytap.ShopAction.findProductOnProductList is PASSED

2018-09-29 11:11:21 - [MESSAGE][PASSED] - Text of object '' is: '77'

2018-09-29 11:11:27 - [MESSAGE][WARNING] - com.kms.katalon.core.webui.exception.WebElementNotFoundException: Web element with id: '' located by 'By.xpath: //a[text()='PURITO Defence Barrier pH Cleanser 150ml']' not found
[[ATTACHMENT|E:\\BeautytapAutomation\\beautytapAuto\\Beautytap\\Reports\\Regression\\20180929_104005\\1538194286947.png]]

2018-09-29 11:11:35 - [MESSAGE][PASSED] - Object: '' is clicked on

2018-09-29 11:11:35 - [MESSAGE][PASSED] - Wait for page load successfully

2018-09-29 11:11:35 - [MESSAGE][PASSED] - Object '' is present

2018-09-29 11:11:35 - [MESSAGE][PASSED] - beautytap.ShopAction.findProductOnProductList is PASSED

2018-09-29 11:11:35 - [TEST_STEP][PASSED] - beautytap.ShopAction.VerifyProductOnProductList: Keyword VerifyProductOnProductList is Passed

2018-09-29 11:11:35 - [MESSAGE][PASSED] - Object '' is present

2018-09-29 11:11:35 - [MESSAGE][PASSED] - Text of object '' is: '$12.80'

2018-09-29 11:11:36 - [MESSAGE][PASSED] - Get CSS 'color' value on '' successfully: 'rgba(195, 195, 195, 1)'.

2018-09-29 11:11:36 - [MESSAGE][PASSED] - Get CSS 'color' value on '' successfully: 'rgba(195, 195, 195, 1)'.

2018-09-29 11:11:36 - [MESSAGE][PASSED] - Text of object '' is: '$10.80'

2018-09-29 11:11:36 - [MESSAGE][PASSED] - Get CSS 'color' value on '' successfully: 'rgba(255, 35, 134, 1)'.

2018-09-29 11:11:36 - [MESSAGE][PASSED] - Get CSS 'color' value on '' successfully: 'rgba(255, 35, 134, 1)'.

2018-09-29 11:11:36 - [MESSAGE][PASSED] - Keyword VerifyProductOnProductList is Passed

2018-09-29 11:11:36 - [TEST_STEP][PASSED] - verifyElementNotPresent: Web element with id: 'Object Repository/Page_Shop/txt_quantity' located by 'By.xpath: //input[@name='quantity']' is not present after '5' second(s)

2018-09-29 11:11:36 - [MESSAGE][PASSED] - Web element with id: 'Object Repository/Page_Shop/txt_quantity' located by 'By.xpath: //input[@name='quantity']' is not present after '5' second(s)

2018-09-29 11:11:36 - [TEST_STEP][PASSED] - beautytap.ShopAction.selectProductOnProductList: beautytap.ShopAction.selectProductOnProductList is PASSED

2018-09-29 11:11:41 - [MESSAGE][PASSED] - Object: '' is clicked on

2018-09-29 11:11:41 - [MESSAGE][PASSED] - Wait for page load successfully

2018-09-29 11:11:41 - [MESSAGE][PASSED] - beautytap.ShopAction.selectProductOnProductList is PASSED

2018-09-29 11:11:41 - [TEST_STEP][PASSED] - beautytap.ShopAction.addProductToCart: beautytap.ShopAction.addProductToCart is PASSED

2018-09-29 11:11:42 - [MESSAGE][PASSED] - Object: 'Object Repository/Page_Shop/btn_addToCart' is clicked on

2018-09-29 11:11:42 - [MESSAGE][PASSED] - Wait for page load successfully

2018-09-29 11:11:47 - [MESSAGE][PASSED] - Object 'Object Repository/Page_Shop/lbl_message' is present

2018-09-29 11:11:47 - [MESSAGE][PASSED] - beautytap.ShopAction.addProductToCart is PASSED

2018-09-29 11:11:47 - [TEST_STEP][PASSED] - beautytap.ShopAction.goToCart: beautytap.ShopAction.goToCart is PASSED

2018-09-29 11:11:47 - [MESSAGE][PASSED] - Object 'Object Repository/Page_General/icon_cart' is present

2018-09-29 11:11:51 - [MESSAGE][PASSED] - Object: 'Object Repository/Page_General/icon_cart' is clicked on

2018-09-29 11:11:51 - [MESSAGE][PASSED] - Wait for page load successfully

2018-09-29 11:11:51 - [MESSAGE][PASSED] - beautytap.ShopAction.goToCart is PASSED

2018-09-29 11:11:51 - [TEST_STEP][PASSED] - beautytap.ShopAction.VerifyProductInCart: Keyword VerifyProductInCart is Passed

2018-09-29 11:11:57 - [MESSAGE][WARNING] - com.kms.katalon.core.webui.exception.WebElementNotFoundException: Web element with id: '' located by 'By.xpath: //a[text()='PURITO Defence Barrier pH Cleanser 150ml']/ancestor::tr/td[5]/div/input' not found
[[ATTACHMENT|E:\\BeautytapAutomation\\beautytapAuto\\Beautytap\\Reports\\Regression\\20180929_104005\\1538194316807.png]]

2018-09-29 11:11:57 - [MESSAGE][PASSED] - Object '' is present

2018-09-29 11:11:57 - [MESSAGE][PASSED] - Text of object '' is: '$10.80'

2018-09-29 11:11:57 - [MESSAGE][PASSED] - Text of object '' is: '1'

2018-09-29 11:11:57 - [MESSAGE][PASSED] - Text of object '' is: '$10.80'

2018-09-29 11:11:57 - [MESSAGE][PASSED] - Keyword VerifyProductInCart is Passed

2018-09-29 11:11:57 - [TEST_STEP][PASSED] - beautytap.ShopAction.processToCheckout: beautytap.ShopAction.processToCheckout is PASSED

2018-09-29 11:12:00 - [MESSAGE][PASSED] - Object: 'Object Repository/Page_Cart/btn_checkout' is clicked on

2018-09-29 11:12:01 - [MESSAGE][PASSED] - Wait for page load successfully

2018-09-29 11:12:01 - [MESSAGE][PASSED] - beautytap.ShopAction.processToCheckout is PASSED

2018-09-29 11:12:01 - [TEST_STEP][PASSED] - beautytap.ShopAction.loginAmazonPay: beautytap.ShopAction.loginAmazonPay is PASSED

2018-09-29 11:12:01 - [MESSAGE][PASSED] - Object: 'Object Repository/Page_Checkout/btn_amazonPay' is clicked on

2018-09-29 11:12:01 - [MESSAGE][PASSED] - Switched to window with index: '1'

2018-09-29 11:12:02 - [MESSAGE][PASSED] - Object 'Object Repository/Popup_Amazon/txt_email' is present

2018-09-29 11:12:02 - [MESSAGE][PASSED] - Text of object 'Object Repository/Popup_Amazon/txt_email' is cleared

2018-09-29 11:12:03 - [MESSAGE][PASSED] - Keys 'amazontest1503@yopmail.com' sent to object: 'Object Repository/Popup_Amazon/txt_email'

2018-09-29 11:12:03 - [MESSAGE][PASSED] - Text of object 'Object Repository/Popup_Amazon/txt_password' is cleared

2018-09-29 11:12:03 - [MESSAGE][PASSED] - Keys '123456' sent to object: 'Object Repository/Popup_Amazon/txt_password'

2018-09-29 11:12:06 - [MESSAGE][PASSED] - Object: 'Object Repository/Popup_Amazon/btn_signin' is clicked on

2018-09-29 11:12:06 - [MESSAGE][PASSED] - Switched to window with index: '0'

2018-09-29 11:12:36 - [MESSAGE][PASSED] - Delayed 30 second(s)

2018-09-29 11:12:36 - [MESSAGE][PASSED] - beautytap.ShopAction.loginAmazonPay is PASSED

2018-09-29 11:12:36 - [TEST_STEP][PASSED] - Statement - productArraySale = "[{"productname":"" + productName + "","variation":"","quantity":"1","price":"" + salePrice + ""}]": null

2018-09-29 11:12:36 - [TEST_STEP][PASSED] - Statement - productSale = new org.json.JSONArray(productArraySale): null

2018-09-29 11:12:36 - [TEST_STEP][PASSED] - beautytap.ShopAction.VerifyOrderDetailsOnCheckout: Keyword VerifyOrderDetailsOnCheckout is Passed

2018-09-29 11:12:36 - [MESSAGE][PASSED] - Object '' is present

2018-09-29 11:12:36 - [MESSAGE][PASSED] - Text of object '' is: '$10.80'

2018-09-29 11:12:36 - [MESSAGE][PASSED] - Object '' has attribute 'checked'

2018-09-29 11:12:36 - [MESSAGE][PASSED] - Text of object '' is: '($12.50) Pantos (est. 14-25 working days including processing): $12.50'

2018-09-29 11:12:36 - [MESSAGE][PASSED] - Text of object '' is: '$12.50'

2018-09-29 11:12:36 - [MESSAGE][PASSED] - Text of object '' is: '$23.30'

2018-09-29 11:12:36 - [MESSAGE][PASSED] - Keyword VerifyOrderDetailsOnCheckout is Passed

2018-09-29 11:12:36 - [TEST_STEP][PASSED] - beautytap.ShopAction.checkoutViaAmazonPay: beautytap.ShopAction.checkoutViaAmazonPay is PASSED

2018-09-29 11:12:36 - [MESSAGE][PASSED] - Object 'Object Repository/Page_Checkout/chk_terms' is clickable

2018-09-29 11:12:37 - [MESSAGE][PASSED] - Object 'Object Repository/Page_Checkout/chk_terms' is checked

2018-09-29 11:12:37 - [MESSAGE][PASSED] - Object: 'Object Repository/Page_Checkout/btn_placeOrder' is clicked on

2018-09-29 11:12:48 - [MESSAGE][PASSED] - Object 'Object Repository/Page_Checkout/lbl_orderReceived' is present

2018-09-29 11:12:48 - [MESSAGE][PASSED] - beautytap.ShopAction.checkoutViaAmazonPay is PASSED

2018-09-29 11:12:48 - [TEST_STEP][PASSED] - beautytap.ShopAction.VerifyOrderReceivedDetails: Keyword VerifyOrderReceivedDetails is Passed

2018-09-29 11:12:48 - [MESSAGE][PASSED] - Object '' is present

2018-09-29 11:12:48 - [MESSAGE][PASSED] - Text of object '' is: '$10.80'

2018-09-29 11:12:48 - [MESSAGE][PASSED] - Text of object '' is: '$12.50 via ($12.50) Pantos (est. 14-25 working days including processing)'

2018-09-29 11:12:48 - [MESSAGE][PASSED] - Object '' is present

2018-09-29 11:12:48 - [MESSAGE][PASSED] - Text of object '' is: '$12.50'

2018-09-29 11:12:48 - [MESSAGE][PASSED] - Text of object '' is: 'Amazon Pay'

2018-09-29 11:12:48 - [MESSAGE][PASSED] - Text of object '' is: '$23.30'

2018-09-29 11:12:48 - [MESSAGE][PASSED] - Keyword VerifyOrderReceivedDetails is Passed

2018-09-29 11:12:48 - [TEST_STEP][PASSED] - beautytap.ShopAction.waitForSchedule: beautytap.ShopAction.waitForSchedule is PASSED

2018-09-29 11:13:18 - [MESSAGE][PASSED] - Delayed 30 second(s)

2018-09-29 11:13:48 - [MESSAGE][PASSED] - Delayed 30 second(s)

2018-09-29 11:13:48 - [MESSAGE][PASSED] - beautytap.ShopAction.waitForSchedule is PASSED

2018-09-29 11:13:48 - [TEST_STEP][PASSED] - beautytap.GeneralAction.openBeautytap: beautytap.GeneralAction.openBeautytap is PASSED

2018-09-29 11:13:48 - [MESSAGE][WARNING] - A browser is already opened. Closing browser and opening a new one

2018-09-29 11:14:01 - [MESSAGE][PASSED] - Browser is opened with url: 'https://stage.beautytap.com'

2018-09-29 11:14:02 - [MESSAGE][PASSED] - Current window maximized

2018-09-29 11:14:06 - [MESSAGE][PASSED] - Refresh successfully

2018-09-29 11:14:06 - [MESSAGE][PASSED] - Wait for page load successfully

2018-09-29 11:14:06 - [MESSAGE][PASSED] - beautytap.GeneralAction.openBeautytap is PASSED

2018-09-29 11:14:06 - [TEST_STEP][PASSED] - beautytap.ShopAction.globalSearch: beautytap.ShopAction.globalSearch is PASSED

2018-09-29 11:14:06 - [MESSAGE][PASSED] - Object: 'Object Repository/Page_General/icon_search' is clicked on

2018-09-29 11:14:11 - [MESSAGE][PASSED] - Delayed 5 second(s)

2018-09-29 11:14:11 - [MESSAGE][PASSED] - Text of object 'Object Repository/Page_General/txt_search' is cleared

2018-09-29 11:14:11 - [MESSAGE][PASSED] - Keys 'CONTROL + v' sent to object: 'Object Repository/Page_General/txt_search'

2018-09-29 11:14:13 - [MESSAGE][PASSED] - Object 'Object Repository/Page_General/div_searchResult' is present

2018-09-29 11:14:13 - [MESSAGE][PASSED] - beautytap.ShopAction.globalSearch is PASSED

2018-09-29 11:14:13 - [TEST_STEP][PASSED] - beautytap.ShopAction.VerifyProductOnSearchResult: Keyword VerifyProductOnSearchResult is Passed

2018-09-29 11:14:13 - [MESSAGE][PASSED] - Object '' is present

2018-09-29 11:14:13 - [MESSAGE][PASSED] - Text of object '' is: '$12.80'

2018-09-29 11:14:13 - [MESSAGE][PASSED] - Get CSS 'color' value on '' successfully: 'rgba(255, 35, 134, 1)'.

2018-09-29 11:14:13 - [MESSAGE][PASSED] - Get CSS 'color' value on '' successfully: 'rgba(255, 35, 134, 1)'.

2018-09-29 11:14:13 - [MESSAGE][PASSED] - Keyword VerifyProductOnSearchResult is Passed

2018-09-29 11:14:13 - [TEST_STEP][PASSED] - beautytap.ShopAction.selectProductOnSearchResult: beautytap.ShopAction.selectProductOnSearchResult is PASSED

2018-09-29 11:14:18 - [MESSAGE][PASSED] - Object: '' is clicked on

2018-09-29 11:14:18 - [MESSAGE][PASSED] - Wait for page load successfully

2018-09-29 11:14:18 - [MESSAGE][PASSED] - beautytap.ShopAction.selectProductOnSearchResult is PASSED

2018-09-29 11:14:18 - [TEST_STEP][PASSED] - beautytap.ShopAction.VerifyProductDetails: Keyword VerifyProductDetails is Passed

2018-09-29 11:14:18 - [MESSAGE][PASSED] - Text of object '' is: 'PURITO Defence Barrier pH Cleanser 150ml'

2018-09-29 11:14:18 - [MESSAGE][PASSED] - Text of object '' is: '$12.80'

2018-09-29 11:14:18 - [MESSAGE][PASSED] - Get CSS 'color' value on '' successfully: 'rgba(255, 35, 134, 1)'.

2018-09-29 11:14:18 - [MESSAGE][PASSED] - Keyword VerifyProductDetails is Passed

2018-09-29 11:14:18 - [TEST_STEP][PASSED] - beautytap.ShopAction.selectCategory: beautytap.ShopAction.selectCategory is PASSED

2018-09-29 11:14:24 - [MESSAGE][PASSED] - Object: '' is clicked on

2018-09-29 11:14:24 - [MESSAGE][PASSED] - Wait for page load successfully

2018-09-29 11:14:24 - [MESSAGE][PASSED] - beautytap.ShopAction.selectCategory is PASSED

2018-09-29 11:14:24 - [TEST_STEP][PASSED] - beautytap.ShopAction.findProductOnProductList: beautytap.ShopAction.findProductOnProductList is PASSED

2018-09-29 11:14:24 - [MESSAGE][PASSED] - Text of object '' is: '77'

2018-09-29 11:14:29 - [MESSAGE][WARNING] - com.kms.katalon.core.webui.exception.WebElementNotFoundException: Web element with id: '' located by 'By.xpath: //a[text()='PURITO Defence Barrier pH Cleanser 150ml']' not found
[[ATTACHMENT|E:\\BeautytapAutomation\\beautytapAuto\\Beautytap\\Reports\\Regression\\20180929_104005\\1538194469580.png]]

2018-09-29 11:14:39 - [MESSAGE][PASSED] - Object: '' is clicked on

2018-09-29 11:14:39 - [MESSAGE][PASSED] - Wait for page load successfully

2018-09-29 11:14:39 - [MESSAGE][PASSED] - Object '' is present

2018-09-29 11:14:39 - [MESSAGE][PASSED] - beautytap.ShopAction.findProductOnProductList is PASSED

2018-09-29 11:14:39 - [TEST_STEP][PASSED] - beautytap.ShopAction.VerifyProductOnProductList: Keyword VerifyProductOnProductList is Passed

2018-09-29 11:14:39 - [MESSAGE][PASSED] - Object '' is present

2018-09-29 11:14:39 - [MESSAGE][PASSED] - Text of object '' is: '$12.80'

2018-09-29 11:14:39 - [MESSAGE][PASSED] - Get CSS 'color' value on '' successfully: 'rgba(255, 35, 134, 1)'.

2018-09-29 11:14:39 - [MESSAGE][PASSED] - Get CSS 'color' value on '' successfully: 'rgba(255, 35, 134, 1)'.

2018-09-29 11:14:39 - [MESSAGE][PASSED] - Keyword VerifyProductOnProductList is Passed

2018-09-29 11:14:39 - [TEST_STEP][PASSED] - beautytap.ShopAction.selectProductOnProductList: beautytap.ShopAction.selectProductOnProductList is PASSED

2018-09-29 11:14:45 - [MESSAGE][PASSED] - Object: '' is clicked on

2018-09-29 11:14:45 - [MESSAGE][PASSED] - Wait for page load successfully

2018-09-29 11:14:45 - [MESSAGE][PASSED] - beautytap.ShopAction.selectProductOnProductList is PASSED

2018-09-29 11:14:45 - [TEST_STEP][PASSED] - beautytap.ShopAction.addProductToCart: beautytap.ShopAction.addProductToCart is PASSED

2018-09-29 11:14:45 - [MESSAGE][PASSED] - Text of object 'Object Repository/Page_Shop/txt_quantity' is cleared

2018-09-29 11:14:45 - [MESSAGE][PASSED] - Keys '6' sent to object: 'Object Repository/Page_Shop/txt_quantity'

2018-09-29 11:14:45 - [MESSAGE][PASSED] - Object: 'Object Repository/Page_Shop/btn_addToCart' is clicked on

2018-09-29 11:14:45 - [MESSAGE][PASSED] - Wait for page load successfully

2018-09-29 11:14:50 - [MESSAGE][PASSED] - Object 'Object Repository/Page_Shop/lbl_message' is present

2018-09-29 11:14:50 - [MESSAGE][PASSED] - beautytap.ShopAction.addProductToCart is PASSED

2018-09-29 11:14:50 - [TEST_STEP][FAILED] - beautytap.ShopAction.goToCart: Unable to click on object 'Object Repository/Page_General/icon_cart' (Root cause: org.openqa.selenium.TimeoutException: timeout
  (Session info: chrome=69.0.3497.100)
  (Driver info: chromedriver=2.35.528161 (5b82f2d2aae0ca24b877009200ced9065a772e73),platform=Windows NT 10.0.17134 x86_64) (WARNING: The server did not provide any stacktrace information)
Command duration or timeout: 0 milliseconds
Build info: version: '3.7.1', revision: '8a0099a', time: '2017-11-06T21:07:36.161Z'
System info: host: 'DESKTOP-G1UHP65', ip: '192.168.1.8', os.name: 'Windows 10', os.arch: 'amd64', os.version: '10.0', java.version: '1.8.0_102'
Driver info: com.kms.katalon.selenium.driver.CChromeDriver
Capabilities {acceptInsecureCerts: false, acceptSslCerts: false, applicationCacheEnabled: false, browserConnectionEnabled: false, browserName: chrome, chrome: {chromedriverVersion: 2.35.528161 (5b82f2d2aae0ca..., userDataDir: C:\Users\TRANGN~1\AppData\L...}, cssSelectorsEnabled: true, databaseEnabled: false, handlesAlerts: true, hasTouchScreen: false, javascriptEnabled: true, locationContextEnabled: true, mobileEmulationEnabled: false, nativeEvents: true, networkConnectionEnabled: false, pageLoadStrategy: normal, platform: XP, platformName: XP, rotatable: false, setWindowRect: true, takesHeapSnapshot: true, takesScreenshot: true, unexpectedAlertBehaviour: , unhandledPromptBehavior: , version: 69.0.3497.100, webStorageEnabled: true}
Session ID: 82b549cb95ba50801ebbf815e2c0b18d)

2018-09-29 11:14:51 - [MESSAGE][PASSED] - Object 'Object Repository/Page_General/icon_cart' is present

2018-09-29 11:24:14 - [MESSAGE][FAILED] - Unable to click on object 'Object Repository/Page_General/icon_cart' (Root cause: org.openqa.selenium.TimeoutException: timeout
  (Session info: chrome=69.0.3497.100)
  (Driver info: chromedriver=2.35.528161 (5b82f2d2aae0ca24b877009200ced9065a772e73),platform=Windows NT 10.0.17134 x86_64) (WARNING: The server did not provide any stacktrace information)
Command duration or timeout: 0 milliseconds
Build info: version: '3.7.1', revision: '8a0099a', time: '2017-11-06T21:07:36.161Z'
System info: host: 'DESKTOP-G1UHP65', ip: '192.168.1.8', os.name: 'Windows 10', os.arch: 'amd64', os.version: '10.0', java.version: '1.8.0_102'
Driver info: com.kms.katalon.selenium.driver.CChromeDriver
Capabilities {acceptInsecureCerts: false, acceptSslCerts: false, applicationCacheEnabled: false, browserConnectionEnabled: false, browserName: chrome, chrome: {chromedriverVersion: 2.35.528161 (5b82f2d2aae0ca..., userDataDir: C:\Users\TRANGN~1\AppData\L...}, cssSelectorsEnabled: true, databaseEnabled: false, handlesAlerts: true, hasTouchScreen: false, javascriptEnabled: true, locationContextEnabled: true, mobileEmulationEnabled: false, nativeEvents: true, networkConnectionEnabled: false, pageLoadStrategy: normal, platform: XP, platformName: XP, rotatable: false, setWindowRect: true, takesHeapSnapshot: true, takesScreenshot: true, unexpectedAlertBehaviour: , unhandledPromptBehavior: , version: 69.0.3497.100, webStorageEnabled: true}
Session ID: 82b549cb95ba50801ebbf815e2c0b18d)
[[ATTACHMENT|E:\\BeautytapAutomation\\beautytapAuto\\Beautytap\\Reports\\Regression\\20180929_104005\\1538194791153.png]]

2018-09-29 11:24:14 - [MESSAGE][FAILED] - Unable to click on object 'Object Repository/Page_General/icon_cart' (Root cause: org.openqa.selenium.TimeoutException: timeout
  (Session info: chrome=69.0.3497.100)
  (Driver info: chromedriver=2.35.528161 (5b82f2d2aae0ca24b877009200ced9065a772e73),platform=Windows NT 10.0.17134 x86_64) (WARNING: The server did not provide any stacktrace information)
Command duration or timeout: 0 milliseconds
Build info: version: '3.7.1', revision: '8a0099a', time: '2017-11-06T21:07:36.161Z'
System info: host: 'DESKTOP-G1UHP65', ip: '192.168.1.8', os.name: 'Windows 10', os.arch: 'amd64', os.version: '10.0', java.version: '1.8.0_102'
Driver info: com.kms.katalon.selenium.driver.CChromeDriver
Capabilities {acceptInsecureCerts: false, acceptSslCerts: false, applicationCacheEnabled: false, browserConnectionEnabled: false, browserName: chrome, chrome: {chromedriverVersion: 2.35.528161 (5b82f2d2aae0ca..., userDataDir: C:\Users\TRANGN~1\AppData\L...}, cssSelectorsEnabled: true, databaseEnabled: false, handlesAlerts: true, hasTouchScreen: false, javascriptEnabled: true, locationContextEnabled: true, mobileEmulationEnabled: false, nativeEvents: true, networkConnectionEnabled: false, pageLoadStrategy: normal, platform: XP, platformName: XP, rotatable: false, setWindowRect: true, takesHeapSnapshot: true, takesScreenshot: true, unexpectedAlertBehaviour: , unhandledPromptBehavior: , version: 69.0.3497.100, webStorageEnabled: true}
Session ID: 82b549cb95ba50801ebbf815e2c0b18d)]]></system-out>
         <system-err><![CDATA[2018-09-29 11:07:14 - [TEST_CASE][FAILED] - Test Cases/Shop/TC09_ScheduleSale_LimitStock_SimpleProduct: Test Cases/Shop/TC09_ScheduleSale_LimitStock_SimpleProduct FAILED because (of) Unable to click on object 'Object Repository/Page_General/icon_cart' (Root cause: org.openqa.selenium.TimeoutException: timeout
  (Session info: chrome=69.0.3497.100)
  (Driver info: chromedriver=2.35.528161 (5b82f2d2aae0ca24b877009200ced9065a772e73),platform=Windows NT 10.0.17134 x86_64) (WARNING: The server did not provide any stacktrace information)
Command duration or timeout: 0 milliseconds
Build info: version: '3.7.1', revision: '8a0099a', time: '2017-11-06T21:07:36.161Z'
System info: host: 'DESKTOP-G1UHP65', ip: '192.168.1.8', os.name: 'Windows 10', os.arch: 'amd64', os.version: '10.0', java.version: '1.8.0_102'
Driver info: com.kms.katalon.selenium.driver.CChromeDriver
Capabilities {acceptInsecureCerts: false, acceptSslCerts: false, applicationCacheEnabled: false, browserConnectionEnabled: false, browserName: chrome, chrome: {chromedriverVersion: 2.35.528161 (5b82f2d2aae0ca..., userDataDir: C:\Users\TRANGN~1\AppData\L...}, cssSelectorsEnabled: true, databaseEnabled: false, handlesAlerts: true, hasTouchScreen: false, javascriptEnabled: true, locationContextEnabled: true, mobileEmulationEnabled: false, nativeEvents: true, networkConnectionEnabled: false, pageLoadStrategy: normal, platform: XP, platformName: XP, rotatable: false, setWindowRect: true, takesHeapSnapshot: true, takesScreenshot: true, unexpectedAlertBehaviour: , unhandledPromptBehavior: , version: 69.0.3497.100, webStorageEnabled: true}
Session ID: 82b549cb95ba50801ebbf815e2c0b18d)]]></system-err>
      </testcase>
      <system-out><![CDATA[2018-09-29 10:40:08 - [TEST_SUITE][FAILED] - Regression: Test Cases/Shop/TC09_ScheduleSale_LimitStock_SimpleProduct FAILED because (of) Unable to click on object 'Object Repository/Page_General/icon_cart' (Root cause: org.openqa.selenium.TimeoutException: timeout
  (Session info: chrome=69.0.3497.100)
  (Driver info: chromedriver=2.35.528161 (5b82f2d2aae0ca24b877009200ced9065a772e73),platform=Windows NT 10.0.17134 x86_64) (WARNING: The server did not provide any stacktrace information)
Command duration or timeout: 0 milliseconds
Build info: version: '3.7.1', revision: '8a0099a', time: '2017-11-06T21:07:36.161Z'
System info: host: 'DESKTOP-G1UHP65', ip: '192.168.1.8', os.name: 'Windows 10', os.arch: 'amd64', os.version: '10.0', java.version: '1.8.0_102'
Driver info: com.kms.katalon.selenium.driver.CChromeDriver
Capabilities {acceptInsecureCerts: false, acceptSslCerts: false, applicationCacheEnabled: false, browserConnectionEnabled: false, browserName: chrome, chrome: {chromedriverVersion: 2.35.528161 (5b82f2d2aae0ca..., userDataDir: C:\Users\TRANGN~1\AppData\L...}, cssSelectorsEnabled: true, databaseEnabled: false, handlesAlerts: true, hasTouchScreen: false, javascriptEnabled: true, locationContextEnabled: true, mobileEmulationEnabled: false, nativeEvents: true, networkConnectionEnabled: false, pageLoadStrategy: normal, platform: XP, platformName: XP, rotatable: false, setWindowRect: true, takesHeapSnapshot: true, takesScreenshot: true, unexpectedAlertBehaviour: , unhandledPromptBehavior: , version: 69.0.3497.100, webStorageEnabled: true}
Session ID: 82b549cb95ba50801ebbf815e2c0b18d)]]></system-out>
      <system-err><![CDATA[2018-09-29 10:40:08 - [TEST_SUITE][FAILED] - Regression: Test Cases/Shop/TC09_ScheduleSale_LimitStock_SimpleProduct FAILED because (of) Unable to click on object 'Object Repository/Page_General/icon_cart' (Root cause: org.openqa.selenium.TimeoutException: timeout
  (Session info: chrome=69.0.3497.100)
  (Driver info: chromedriver=2.35.528161 (5b82f2d2aae0ca24b877009200ced9065a772e73),platform=Windows NT 10.0.17134 x86_64) (WARNING: The server did not provide any stacktrace information)
Command duration or timeout: 0 milliseconds
Build info: version: '3.7.1', revision: '8a0099a', time: '2017-11-06T21:07:36.161Z'
System info: host: 'DESKTOP-G1UHP65', ip: '192.168.1.8', os.name: 'Windows 10', os.arch: 'amd64', os.version: '10.0', java.version: '1.8.0_102'
Driver info: com.kms.katalon.selenium.driver.CChromeDriver
Capabilities {acceptInsecureCerts: false, acceptSslCerts: false, applicationCacheEnabled: false, browserConnectionEnabled: false, browserName: chrome, chrome: {chromedriverVersion: 2.35.528161 (5b82f2d2aae0ca..., userDataDir: C:\Users\TRANGN~1\AppData\L...}, cssSelectorsEnabled: true, databaseEnabled: false, handlesAlerts: true, hasTouchScreen: false, javascriptEnabled: true, locationContextEnabled: true, mobileEmulationEnabled: false, nativeEvents: true, networkConnectionEnabled: false, pageLoadStrategy: normal, platform: XP, platformName: XP, rotatable: false, setWindowRect: true, takesHeapSnapshot: true, takesScreenshot: true, unexpectedAlertBehaviour: , unhandledPromptBehavior: , version: 69.0.3497.100, webStorageEnabled: true}
Session ID: 82b549cb95ba50801ebbf815e2c0b18d)]]></system-err>
   </testsuite>
</testsuites>
