<?xml version="1.0" encoding="UTF-8"?>
<testsuites name="Regression" time="1547" tests="7" failures="1" errors="0">
   <testsuite name="Regression" tests="7" failures="1" errors="0" time="1547" timestamp="2018-09-24 10:50:49" hostname="Trang Nguyen - DESKTOP-G1UHP65" id="Test Suites/Regression">
      <properties>
         <property name="deviceName" value=""/>
         <property name="devicePlatform" value=""/>
         <property name="logFolder" value="E:\\BeautytapAutomation\\beautytapAuto\\Beautytap\\Reports\\Regression\\20180924_105046"/>
         <property name="logFiles" value="E:\\BeautytapAutomation\\beautytapAuto\\Beautytap\\Reports\\Regression\\20180924_105046\\execution0.log"/>
         <property name="attachments" value="E:\\BeautytapAutomation\\beautytapAuto\\Beautytap\\Reports\\Regression\\20180924_105046\\1537761286209.png, E:\\BeautytapAutomation\\beautytapAuto\\Beautytap\\Reports\\Regression\\20180924_105046\\1537761286515.png, E:\\BeautytapAutomation\\beautytapAuto\\Beautytap\\Reports\\Regression\\20180924_105046\\1537761396450.png, E:\\BeautytapAutomation\\beautytapAuto\\Beautytap\\Reports\\Regression\\20180924_105046\\1537761396745.png, E:\\BeautytapAutomation\\beautytapAuto\\Beautytap\\Reports\\Regression\\20180924_105046\\1537761640632.png, E:\\BeautytapAutomation\\beautytapAuto\\Beautytap\\Reports\\Regression\\20180924_105046\\1537761679035.png, E:\\BeautytapAutomation\\beautytapAuto\\Beautytap\\Reports\\Regression\\20180924_105046\\1537761803568.png, E:\\BeautytapAutomation\\beautytapAuto\\Beautytap\\Reports\\Regression\\20180924_105046\\1537761870623.png, E:\\BeautytapAutomation\\beautytapAuto\\Beautytap\\Reports\\Regression\\20180924_105046\\1537761917539.png, E:\\BeautytapAutomation\\beautytapAuto\\Beautytap\\Reports\\Regression\\20180924_105046\\1537761931769.png, E:\\BeautytapAutomation\\beautytapAuto\\Beautytap\\Reports\\Regression\\20180924_105046\\1537761951484.png, E:\\BeautytapAutomation\\beautytapAuto\\Beautytap\\Reports\\Regression\\20180924_105046\\1537762050064.png, E:\\BeautytapAutomation\\beautytapAuto\\Beautytap\\Reports\\Regression\\20180924_105046\\1537762111585.png, E:\\BeautytapAutomation\\beautytapAuto\\Beautytap\\Reports\\Regression\\20180924_105046\\1537762136702.png, E:\\BeautytapAutomation\\beautytapAuto\\Beautytap\\Reports\\Regression\\20180924_105046\\1537762355739.png, E:\\BeautytapAutomation\\beautytapAuto\\Beautytap\\Reports\\Regression\\20180924_105046\\1537762435486.png, E:\\BeautytapAutomation\\beautytapAuto\\Beautytap\\Reports\\Regression\\20180924_105046\\1537762594129.png"/>
         <property name="hostName" value="Trang Nguyen - DESKTOP-G1UHP65"/>
         <property name="os" value="Windows 10 64bit"/>
         <property name="katalonVersion" value="5.5.0.1"/>
         <property name="browser" value="Chrome 69.0.3497.100"/>
         <property name="hostAddress" value="10.0.0.132"/>
         <property name="sessionId" value="cdbdf6982e2afa5f942a5997c7870fa0"/>
         <property name="seleniumVersion" value="3.7.1"/>
         <property name="proxyInformation" value="ProxyInformation{proxyOption=NO_PROXY, proxyServerType=HTTP, password=, proxyServerAddress=, proxyServerPort=0}"/>
         <property name="platform" value="Windows 10"/>
      </properties>
      <testcase name="Test Cases/SignUp_Login_ResetPass/TC01_SignUp_Login_ResetPassword_Via_Email" classname="Test Cases/SignUp_Login_ResetPass/TC01_SignUp_Login_ResetPassword_Via_Email" status="PASSED">
         <system-out><![CDATA[2018-09-24 10:50:50 - [TEST_CASE][PASSED] - Test Cases/SignUp_Login_ResetPass/TC01_SignUp_Login_ResetPassword_Via_Email: Test Cases/SignUp_Login_ResetPass/TC01_SignUp_Login_ResetPassword_Via_Email

2018-09-24 10:50:51 - [TEST_STEP][PASSED] - Statement - r_string = new java.lang.Math().random().toString().substring(2, 8): null

2018-09-24 10:50:51 - [TEST_STEP][PASSED] - Statement - username = "auto" + r_string: null

2018-09-24 10:50:51 - [TEST_STEP][PASSED] - Statement - email = username + "@mailinator.com": null

2018-09-24 10:50:51 - [TEST_STEP][PASSED] - Statement - password = "123456": null

2018-09-24 10:50:51 - [TEST_STEP][PASSED] - Statement - newpassword = "test123": null

2018-09-24 10:50:51 - [TEST_STEP][PASSED] - Statement - name = "Auto User " + r_string: null

2018-09-24 10:50:51 - [TEST_STEP][PASSED] - Statement - birthday = "01/01/1990": null

2018-09-24 10:50:51 - [TEST_STEP][PASSED] - Statement - activation_subject = SITE_TITLE + " Activate your account": null

2018-09-24 10:50:51 - [TEST_STEP][PASSED] - Statement - resetpass_subject = SITE_TITLE + " Password Reset": null

2018-09-24 10:50:51 - [TEST_STEP][PASSED] - beautytap.GeneralAction.openBeautytap: beautytap.GeneralAction.openBeautytap is PASSED

2018-09-24 10:51:27 - [MESSAGE][PASSED] - Browser is opened with url: 'https://stage.beautytap.com'

2018-09-24 10:51:28 - [MESSAGE][PASSED] - Current window maximized

2018-09-24 10:51:32 - [MESSAGE][PASSED] - Refresh successfully

2018-09-24 10:51:32 - [MESSAGE][PASSED] - Wait for page load successfully

2018-09-24 10:51:32 - [MESSAGE][PASSED] - beautytap.GeneralAction.openBeautytap is PASSED

2018-09-24 10:51:32 - [TEST_STEP][PASSED] - beautytap.GeneralAction.clickNavigationMenu: beautytap.GeneralAction.clickNavigationMenu is PASSED

2018-09-24 10:51:35 - [MESSAGE][PASSED] - Object: 'Object Repository/Page_General/link_signup' is clicked on

2018-09-24 10:51:35 - [MESSAGE][PASSED] - Wait for page load successfully

2018-09-24 10:51:35 - [MESSAGE][PASSED] - beautytap.GeneralAction.clickNavigationMenu is PASSED

2018-09-24 10:51:35 - [TEST_STEP][PASSED] - beautytap.GeneralAction.signup: beautytap.GeneralAction.signup is PASSED

2018-09-24 10:51:36 - [MESSAGE][PASSED] - Keys 'auto761206' sent to object: 'Object Repository/Page_Signup/txt_username'

2018-09-24 10:51:36 - [MESSAGE][PASSED] - Keys 'auto761206@mailinator.com' sent to object: 'Object Repository/Page_Signup/txt_email'

2018-09-24 10:51:36 - [MESSAGE][PASSED] - Keys '123456' sent to object: 'Object Repository/Page_Signup/txt_password'

2018-09-24 10:51:37 - [MESSAGE][PASSED] - Keys 'Auto User 761206' sent to object: 'Object Repository/Page_Signup/txt_name'

2018-09-24 10:51:37 - [MESSAGE][PASSED] - Keys '01/01/1990' sent to object: 'Object Repository/Page_Signup/txt_birthday'

2018-09-24 10:51:37 - [MESSAGE][PASSED] - Object: 'Object Repository/Page_Signup/btn_signup' is clicked on

2018-09-24 10:51:37 - [MESSAGE][PASSED] - Wait for page load successfully

2018-09-24 10:51:37 - [MESSAGE][PASSED] - beautytap.GeneralAction.signup is PASSED

2018-09-24 10:51:37 - [TEST_STEP][PASSED] - verifyElementPresent: Object 'Object Repository/Page_Signup/lbl_sucessMessage' is present

2018-09-24 10:51:43 - [MESSAGE][PASSED] - Object 'Object Repository/Page_Signup/lbl_sucessMessage' is present

2018-09-24 10:51:43 - [TEST_STEP][PASSED] - beautytap.GeneralAction.openMailBox: beautytap.GeneralAction.openMailBox is PASSED

2018-09-24 10:51:45 - [MESSAGE][PASSED] - Navigate to 'https://www.mailinator.com' successfully

2018-09-24 10:51:45 - [MESSAGE][PASSED] - Wait for page load successfully

2018-09-24 10:51:45 - [MESSAGE][PASSED] - Keys 'auto761206' sent to object: 'Object Repository/Page_mailinator/txt_email'

2018-09-24 10:51:48 - [MESSAGE][PASSED] - Object: 'Object Repository/Page_mailinator/btn_go' is clicked on

2018-09-24 10:51:48 - [MESSAGE][PASSED] - Wait for page load successfully

2018-09-24 10:51:53 - [MESSAGE][PASSED] - Delayed 5 second(s)

2018-09-24 10:51:53 - [MESSAGE][PASSED] - beautytap.GeneralAction.openMailBox is PASSED

2018-09-24 10:51:53 - [TEST_STEP][PASSED] - beautytap.GeneralAction.verifyEmailExist: beautytap.GeneralAction.verifyEmailExist is PASSED

2018-09-24 10:51:53 - [MESSAGE][PASSED] - Object '' is present

2018-09-24 10:51:53 - [MESSAGE][PASSED] - beautytap.GeneralAction.verifyEmailExist is PASSED

2018-09-24 10:51:53 - [TEST_STEP][PASSED] - beautytap.GeneralAction.openEmail: beautytap.GeneralAction.openEmail is PASSED

2018-09-24 10:51:53 - [MESSAGE][PASSED] - Object: '' is clicked on

2018-09-24 10:51:53 - [MESSAGE][PASSED] - beautytap.GeneralAction.openEmail is PASSED

2018-09-24 10:51:53 - [TEST_STEP][PASSED] - beautytap.GeneralAction.clickEmailLink: beautytap.GeneralAction.clickEmailLink is PASSED

2018-09-24 10:51:54 - [MESSAGE][PASSED] - Text of object '' is: 'https://stage.beautytap.com/activate/c3vTkTQSzmWLtBJXqhbJLmvbnlJrhARe/'

2018-09-24 10:52:08 - [MESSAGE][PASSED] - Navigate to 'https://stage.beautytap.com/activate/c3vTkTQSzmWLtBJXqhbJLmvbnlJrhARe/' successfully

2018-09-24 10:52:08 - [MESSAGE][PASSED] - beautytap.GeneralAction.clickEmailLink is PASSED

2018-09-24 10:52:08 - [TEST_STEP][PASSED] - waitForPageLoad: Wait for page load successfully

2018-09-24 10:52:08 - [MESSAGE][PASSED] - Wait for page load successfully

2018-09-24 10:52:08 - [TEST_STEP][PASSED] - verifyElementPresent: Object 'Object Repository/Page_General/lbl_activeSuccessMessage' is present

2018-09-24 10:52:08 - [MESSAGE][PASSED] - Object 'Object Repository/Page_General/lbl_activeSuccessMessage' is present

2018-09-24 10:52:08 - [TEST_STEP][PASSED] - beautytap.GeneralAction.clickNavigationMenu: beautytap.GeneralAction.clickNavigationMenu is PASSED

2018-09-24 10:52:10 - [MESSAGE][PASSED] - Object: 'Object Repository/Page_General/link_login' is clicked on

2018-09-24 10:52:10 - [MESSAGE][PASSED] - Wait for page load successfully

2018-09-24 10:52:10 - [MESSAGE][PASSED] - beautytap.GeneralAction.clickNavigationMenu is PASSED

2018-09-24 10:52:10 - [TEST_STEP][PASSED] - beautytap.GeneralAction.login: beautytap.GeneralAction.login is PASSED

2018-09-24 10:52:11 - [MESSAGE][PASSED] - Text of object 'Object Repository/Page_login/txt_username' is cleared

2018-09-24 10:52:11 - [MESSAGE][PASSED] - Keys 'auto761206' sent to object: 'Object Repository/Page_login/txt_username'

2018-09-24 10:52:11 - [MESSAGE][PASSED] - Text of object 'Object Repository/Page_login/txt_password' is cleared

2018-09-24 10:52:11 - [MESSAGE][PASSED] - Keys '123456' sent to object: 'Object Repository/Page_login/txt_password'

2018-09-24 10:52:12 - [MESSAGE][PASSED] - Object: 'Object Repository/Page_login/btn_login' is clicked on

2018-09-24 10:52:12 - [MESSAGE][PASSED] - Wait for page load successfully

2018-09-24 10:52:12 - [MESSAGE][PASSED] - beautytap.GeneralAction.login is PASSED

2018-09-24 10:52:12 - [TEST_STEP][PASSED] - verifyElementPresent: Object 'Object Repository/Page_General/link_avatar' is present

2018-09-24 10:52:21 - [MESSAGE][PASSED] - Object 'Object Repository/Page_General/link_avatar' is present

2018-09-24 10:52:21 - [TEST_STEP][PASSED] - beautytap.GeneralAction.logout: beautytap.GeneralAction.logout is PASSED

2018-09-24 10:52:21 - [MESSAGE][PASSED] - Object: 'Object Repository/Page_General/link_avatar' is clicked on

2018-09-24 10:52:21 - [MESSAGE][PASSED] - Object 'Object Repository/Page_General/menu_logout' is present

2018-09-24 10:52:21 - [MESSAGE][PASSED] - Object: 'Object Repository/Page_General/menu_logout' is clicked on

2018-09-24 10:52:21 - [MESSAGE][PASSED] - Wait for page load successfully

2018-09-24 10:52:21 - [MESSAGE][PASSED] - beautytap.GeneralAction.logout is PASSED

2018-09-24 10:52:21 - [TEST_STEP][PASSED] - beautytap.GeneralAction.clickNavigationMenu: beautytap.GeneralAction.clickNavigationMenu is PASSED

2018-09-24 10:52:28 - [MESSAGE][PASSED] - Object: 'Object Repository/Page_General/link_login' is clicked on

2018-09-24 10:52:28 - [MESSAGE][PASSED] - Wait for page load successfully

2018-09-24 10:52:28 - [MESSAGE][PASSED] - beautytap.GeneralAction.clickNavigationMenu is PASSED

2018-09-24 10:52:28 - [TEST_STEP][PASSED] - beautytap.GeneralAction.login: beautytap.GeneralAction.login is PASSED

2018-09-24 10:52:29 - [MESSAGE][PASSED] - Text of object 'Object Repository/Page_login/txt_username' is cleared

2018-09-24 10:52:29 - [MESSAGE][PASSED] - Keys 'auto761206@mailinator.com' sent to object: 'Object Repository/Page_login/txt_username'

2018-09-24 10:52:29 - [MESSAGE][PASSED] - Text of object 'Object Repository/Page_login/txt_password' is cleared

2018-09-24 10:52:29 - [MESSAGE][PASSED] - Keys '123456' sent to object: 'Object Repository/Page_login/txt_password'

2018-09-24 10:52:29 - [MESSAGE][PASSED] - Object: 'Object Repository/Page_login/btn_login' is clicked on

2018-09-24 10:52:29 - [MESSAGE][PASSED] - Wait for page load successfully

2018-09-24 10:52:29 - [MESSAGE][PASSED] - beautytap.GeneralAction.login is PASSED

2018-09-24 10:52:30 - [TEST_STEP][PASSED] - verifyElementPresent: Object 'Object Repository/Page_General/link_avatar' is present

2018-09-24 10:52:38 - [MESSAGE][PASSED] - Object 'Object Repository/Page_General/link_avatar' is present

2018-09-24 10:52:38 - [TEST_STEP][PASSED] - beautytap.GeneralAction.logout: beautytap.GeneralAction.logout is PASSED

2018-09-24 10:52:38 - [MESSAGE][PASSED] - Object: 'Object Repository/Page_General/link_avatar' is clicked on

2018-09-24 10:52:38 - [MESSAGE][PASSED] - Object 'Object Repository/Page_General/menu_logout' is present

2018-09-24 10:52:38 - [MESSAGE][PASSED] - Object: 'Object Repository/Page_General/menu_logout' is clicked on

2018-09-24 10:52:38 - [MESSAGE][PASSED] - Wait for page load successfully

2018-09-24 10:52:38 - [MESSAGE][PASSED] - beautytap.GeneralAction.logout is PASSED

2018-09-24 10:52:38 - [TEST_STEP][PASSED] - beautytap.GeneralAction.clickNavigationMenu: beautytap.GeneralAction.clickNavigationMenu is PASSED

2018-09-24 10:52:45 - [MESSAGE][PASSED] - Object: 'Object Repository/Page_General/link_login' is clicked on

2018-09-24 10:52:45 - [MESSAGE][PASSED] - Wait for page load successfully

2018-09-24 10:52:45 - [MESSAGE][PASSED] - beautytap.GeneralAction.clickNavigationMenu is PASSED

2018-09-24 10:52:45 - [TEST_STEP][PASSED] - click: Object: 'Object Repository/Page_Login/link_forgotPassword' is clicked on

2018-09-24 10:52:48 - [MESSAGE][PASSED] - Object: 'Object Repository/Page_Login/link_forgotPassword' is clicked on

2018-09-24 10:52:48 - [TEST_STEP][PASSED] - sendKeys: Keys 'auto761206' sent to object: 'Object Repository/Page_ForgotPassword/txt_usernameOrEmail'

2018-09-24 10:52:48 - [MESSAGE][PASSED] - Keys 'auto761206' sent to object: 'Object Repository/Page_ForgotPassword/txt_usernameOrEmail'

2018-09-24 10:52:48 - [TEST_STEP][PASSED] - click: Object: 'Object Repository/Page_ForgotPassword/btn_forgotPassword' is clicked on

2018-09-24 10:52:48 - [MESSAGE][PASSED] - Object: 'Object Repository/Page_ForgotPassword/btn_forgotPassword' is clicked on

2018-09-24 10:52:48 - [TEST_STEP][PASSED] - verifyElementPresent: Object 'Object Repository/Page_ForgotPassword/lbl_sucessMessage' is present

2018-09-24 10:52:52 - [MESSAGE][PASSED] - Object 'Object Repository/Page_ForgotPassword/lbl_sucessMessage' is present

2018-09-24 10:52:52 - [TEST_STEP][PASSED] - beautytap.GeneralAction.openMailBox: beautytap.GeneralAction.openMailBox is PASSED

2018-09-24 10:52:53 - [MESSAGE][PASSED] - Navigate to 'https://www.mailinator.com' successfully

2018-09-24 10:52:53 - [MESSAGE][PASSED] - Wait for page load successfully

2018-09-24 10:52:53 - [MESSAGE][PASSED] - Keys 'auto761206' sent to object: 'Object Repository/Page_mailinator/txt_email'

2018-09-24 10:52:55 - [MESSAGE][PASSED] - Object: 'Object Repository/Page_mailinator/btn_go' is clicked on

2018-09-24 10:52:55 - [MESSAGE][PASSED] - Wait for page load successfully

2018-09-24 10:53:00 - [MESSAGE][PASSED] - Delayed 5 second(s)

2018-09-24 10:53:00 - [MESSAGE][PASSED] - beautytap.GeneralAction.openMailBox is PASSED

2018-09-24 10:53:00 - [TEST_STEP][PASSED] - beautytap.GeneralAction.verifyEmailExist: beautytap.GeneralAction.verifyEmailExist is PASSED

2018-09-24 10:53:00 - [MESSAGE][PASSED] - Object '' is present

2018-09-24 10:53:00 - [MESSAGE][PASSED] - beautytap.GeneralAction.verifyEmailExist is PASSED

2018-09-24 10:53:00 - [TEST_STEP][PASSED] - beautytap.GeneralAction.openEmail: beautytap.GeneralAction.openEmail is PASSED

2018-09-24 10:53:01 - [MESSAGE][PASSED] - Object: '' is clicked on

2018-09-24 10:53:01 - [MESSAGE][PASSED] - beautytap.GeneralAction.openEmail is PASSED

2018-09-24 10:53:01 - [TEST_STEP][PASSED] - beautytap.GeneralAction.clickEmailLink: beautytap.GeneralAction.clickEmailLink is PASSED

2018-09-24 10:53:01 - [MESSAGE][PASSED] - Text of object '' is: 'https://stage.beautytap.com/wp-login.php?action=rp&key=Vw3eeCYO6ODiBsjCEGHp&login=auto761206'

2018-09-24 10:53:05 - [MESSAGE][PASSED] - Navigate to 'https://stage.beautytap.com/wp-login.php?action=rp&key=Vw3eeCYO6ODiBsjCEGHp&login=auto761206' successfully

2018-09-24 10:53:05 - [MESSAGE][PASSED] - beautytap.GeneralAction.clickEmailLink is PASSED

2018-09-24 10:53:05 - [TEST_STEP][PASSED] - delay: Delayed 20 second(s)

2018-09-24 10:53:25 - [MESSAGE][PASSED] - Delayed 20 second(s)

2018-09-24 10:53:25 - [TEST_STEP][PASSED] - clearText: Text of object 'Object Repository/Page_ForgotPassword/txt_newPassword' is cleared

2018-09-24 10:53:25 - [MESSAGE][PASSED] - Text of object 'Object Repository/Page_ForgotPassword/txt_newPassword' is cleared

2018-09-24 10:53:25 - [TEST_STEP][PASSED] - sendKeys: Keys 'test123' sent to object: 'Object Repository/Page_ForgotPassword/txt_newPassword'

2018-09-24 10:53:25 - [MESSAGE][PASSED] - Keys 'test123' sent to object: 'Object Repository/Page_ForgotPassword/txt_newPassword'

2018-09-24 10:53:25 - [TEST_STEP][PASSED] - click: Object: 'Object Repository/Page_ForgotPassword/btn_resetPassword' is clicked on

2018-09-24 10:53:30 - [MESSAGE][PASSED] - Object: 'Object Repository/Page_ForgotPassword/btn_resetPassword' is clicked on

2018-09-24 10:53:30 - [TEST_STEP][PASSED] - verifyElementPresent: Object 'Object Repository/Page_ForgotPassword/lbl_resetPasswordMessage' is present

2018-09-24 10:53:30 - [MESSAGE][PASSED] - Object 'Object Repository/Page_ForgotPassword/lbl_resetPasswordMessage' is present

2018-09-24 10:53:30 - [TEST_STEP][PASSED] - beautytap.GeneralAction.clickNavigationMenu: beautytap.GeneralAction.clickNavigationMenu is PASSED

2018-09-24 10:53:33 - [MESSAGE][PASSED] - Object: 'Object Repository/Page_General/link_login' is clicked on

2018-09-24 10:53:33 - [MESSAGE][PASSED] - Wait for page load successfully

2018-09-24 10:53:33 - [MESSAGE][PASSED] - beautytap.GeneralAction.clickNavigationMenu is PASSED

2018-09-24 10:53:33 - [TEST_STEP][PASSED] - beautytap.GeneralAction.login: beautytap.GeneralAction.login is PASSED

2018-09-24 10:53:33 - [MESSAGE][PASSED] - Text of object 'Object Repository/Page_login/txt_username' is cleared

2018-09-24 10:53:34 - [MESSAGE][PASSED] - Keys 'auto761206' sent to object: 'Object Repository/Page_login/txt_username'

2018-09-24 10:53:34 - [MESSAGE][PASSED] - Text of object 'Object Repository/Page_login/txt_password' is cleared

2018-09-24 10:53:34 - [MESSAGE][PASSED] - Keys '123456' sent to object: 'Object Repository/Page_login/txt_password'

2018-09-24 10:53:34 - [MESSAGE][PASSED] - Object: 'Object Repository/Page_login/btn_login' is clicked on

2018-09-24 10:53:34 - [MESSAGE][PASSED] - Wait for page load successfully

2018-09-24 10:53:34 - [MESSAGE][PASSED] - beautytap.GeneralAction.login is PASSED

2018-09-24 10:53:34 - [TEST_STEP][PASSED] - verifyElementText: Actual text and expected text of test object 'Object Repository/Page_Login/lbl_errorMessage' are matched.

2018-09-24 10:53:35 - [MESSAGE][PASSED] - Actual text and expected text of test object 'Object Repository/Page_Login/lbl_errorMessage' are matched.

2018-09-24 10:53:35 - [TEST_STEP][PASSED] - beautytap.GeneralAction.login: beautytap.GeneralAction.login is PASSED

2018-09-24 10:53:35 - [MESSAGE][PASSED] - Text of object 'Object Repository/Page_login/txt_username' is cleared

2018-09-24 10:53:35 - [MESSAGE][PASSED] - Keys 'auto761206' sent to object: 'Object Repository/Page_login/txt_username'

2018-09-24 10:53:35 - [MESSAGE][PASSED] - Text of object 'Object Repository/Page_login/txt_password' is cleared

2018-09-24 10:53:35 - [MESSAGE][PASSED] - Keys 'test123' sent to object: 'Object Repository/Page_login/txt_password'

2018-09-24 10:53:35 - [MESSAGE][PASSED] - Object: 'Object Repository/Page_login/btn_login' is clicked on

2018-09-24 10:53:35 - [MESSAGE][PASSED] - Wait for page load successfully

2018-09-24 10:53:35 - [MESSAGE][PASSED] - beautytap.GeneralAction.login is PASSED

2018-09-24 10:53:35 - [TEST_STEP][PASSED] - verifyElementPresent: Object 'Object Repository/Page_General/link_avatar' is present

2018-09-24 10:53:43 - [MESSAGE][PASSED] - Object 'Object Repository/Page_General/link_avatar' is present

2018-09-24 10:53:43 - [TEST_STEP][PASSED] - beautytap.GeneralAction.logout: beautytap.GeneralAction.logout is PASSED

2018-09-24 10:53:43 - [MESSAGE][PASSED] - Object: 'Object Repository/Page_General/link_avatar' is clicked on

2018-09-24 10:53:43 - [MESSAGE][PASSED] - Object 'Object Repository/Page_General/menu_logout' is present

2018-09-24 10:53:43 - [MESSAGE][PASSED] - Object: 'Object Repository/Page_General/menu_logout' is clicked on

2018-09-24 10:53:43 - [MESSAGE][PASSED] - Wait for page load successfully

2018-09-24 10:53:43 - [MESSAGE][PASSED] - beautytap.GeneralAction.logout is PASSED

2018-09-24 10:53:43 - [TEST_STEP][PASSED] - beautytap.GeneralAction.clickNavigationMenu: beautytap.GeneralAction.clickNavigationMenu is PASSED

2018-09-24 10:53:50 - [MESSAGE][PASSED] - Object: 'Object Repository/Page_General/link_login' is clicked on

2018-09-24 10:53:50 - [MESSAGE][PASSED] - Wait for page load successfully

2018-09-24 10:53:50 - [MESSAGE][PASSED] - beautytap.GeneralAction.clickNavigationMenu is PASSED

2018-09-24 10:53:50 - [TEST_STEP][PASSED] - beautytap.GeneralAction.login: beautytap.GeneralAction.login is PASSED

2018-09-24 10:53:50 - [MESSAGE][PASSED] - Text of object 'Object Repository/Page_login/txt_username' is cleared

2018-09-24 10:53:51 - [MESSAGE][PASSED] - Keys 'auto761206@mailinator.com' sent to object: 'Object Repository/Page_login/txt_username'

2018-09-24 10:53:51 - [MESSAGE][PASSED] - Text of object 'Object Repository/Page_login/txt_password' is cleared

2018-09-24 10:53:51 - [MESSAGE][PASSED] - Keys 'test123' sent to object: 'Object Repository/Page_login/txt_password'

2018-09-24 10:53:51 - [MESSAGE][PASSED] - Object: 'Object Repository/Page_login/btn_login' is clicked on

2018-09-24 10:53:51 - [MESSAGE][PASSED] - Wait for page load successfully

2018-09-24 10:53:51 - [MESSAGE][PASSED] - beautytap.GeneralAction.login is PASSED

2018-09-24 10:53:51 - [TEST_STEP][PASSED] - verifyElementPresent: Object 'Object Repository/Page_General/link_avatar' is present

2018-09-24 10:53:59 - [MESSAGE][PASSED] - Object 'Object Repository/Page_General/link_avatar' is present

2018-09-24 10:53:59 - [TEST_STEP][PASSED] - beautytap.GeneralAction.logout: beautytap.GeneralAction.logout is PASSED

2018-09-24 10:53:59 - [MESSAGE][PASSED] - Object: 'Object Repository/Page_General/link_avatar' is clicked on

2018-09-24 10:53:59 - [MESSAGE][PASSED] - Object 'Object Repository/Page_General/menu_logout' is present

2018-09-24 10:54:00 - [MESSAGE][PASSED] - Object: 'Object Repository/Page_General/menu_logout' is clicked on

2018-09-24 10:54:00 - [MESSAGE][PASSED] - Wait for page load successfully

2018-09-24 10:54:01 - [MESSAGE][PASSED] - Browser is closed

2018-09-24 10:54:01 - [MESSAGE][PASSED] - beautytap.GeneralAction.logout is PASSED]]></system-out>
         <system-err><![CDATA[]]></system-err>
      </testcase>
      <testcase name="Test Cases/SignUp_Login_ResetPass/TC02_SignUp_Login_ViaFacebookEmail_NewUser_OldUser" classname="Test Cases/SignUp_Login_ResetPass/TC02_SignUp_Login_ViaFacebookEmail_NewUser_OldUser" status="PASSED">
         <system-out><![CDATA[2018-09-24 10:54:03 - [TEST_CASE][PASSED] - Test Cases/SignUp_Login_ResetPass/TC02_SignUp_Login_ViaFacebookEmail_NewUser_OldUser: Test Cases/SignUp_Login_ResetPass/TC02_SignUp_Login_ViaFacebookEmail_NewUser_OldUser

2018-09-24 10:54:03 - [TEST_STEP][PASSED] - beautytap.AdminAction.deleteUser: beautytap.AdminAction.deleteUser is PASSED

2018-09-24 10:54:10 - [MESSAGE][PASSED] - Browser is opened with url: 'https://stage.beautytap.com/login'

2018-09-24 10:54:11 - [MESSAGE][PASSED] - Current window maximized

2018-09-24 10:54:11 - [MESSAGE][PASSED] - Text of object 'Object Repository/Page_login/txt_username' is cleared

2018-09-24 10:54:11 - [MESSAGE][PASSED] - Keys 'mrwhite' sent to object: 'Object Repository/Page_login/txt_username'

2018-09-24 10:54:11 - [MESSAGE][PASSED] - Text of object 'Object Repository/Page_login/txt_password' is cleared

2018-09-24 10:54:12 - [MESSAGE][PASSED] - Keys 'kgySM$Im' sent to object: 'Object Repository/Page_login/txt_password'

2018-09-24 10:54:12 - [MESSAGE][PASSED] - Object: 'Object Repository/Page_login/btn_login' is clicked on

2018-09-24 10:54:12 - [MESSAGE][PASSED] - Wait for page load successfully

2018-09-24 10:54:12 - [MESSAGE][PASSED] - Wait for page load successfully

2018-09-24 10:54:25 - [MESSAGE][PASSED] - Navigate to 'https://stage.beautytap.com/admin' successfully

2018-09-24 10:54:25 - [MESSAGE][PASSED] - Wait for page load successfully

2018-09-24 10:54:35 - [MESSAGE][PASSED] - Object: 'Object Repository/Page_Admin/menu_users' is clicked on

2018-09-24 10:54:35 - [MESSAGE][PASSED] - Wait for page load successfully

2018-09-24 10:54:35 - [MESSAGE][PASSED] - Text of object 'Object Repository/Page_Admin/txt_searchUser' is cleared

2018-09-24 10:54:35 - [MESSAGE][PASSED] - Keys 'g5.posiba@gmail.com' sent to object: 'Object Repository/Page_Admin/txt_searchUser'

2018-09-24 10:54:38 - [MESSAGE][PASSED] - Object: 'Object Repository/Page_Admin/btn_searchUser' is clicked on

2018-09-24 10:54:38 - [MESSAGE][PASSED] - Wait for page load successfully

2018-09-24 10:54:38 - [MESSAGE][PASSED] - Text of object '' is: 'g5.posiba@gmail.com'

2018-09-24 10:54:38 - [MESSAGE][PASSED] - Attribute 'id' of object '' is: 'user-64405'

2018-09-24 10:54:39 - [MESSAGE][PASSED] - Object: '' is hovered

2018-09-24 10:54:44 - [MESSAGE][PASSED] - Delayed 5 second(s)

2018-09-24 10:54:46 - [MESSAGE][PASSED] - Object: '' is clicked on

2018-09-24 10:54:46 - [MESSAGE][FAILED] - No alert found
[[ATTACHMENT|E:\\BeautytapAutomation\\beautytapAuto\\Beautytap\\Reports\\Regression\\20180924_105046\\1537761286209.png]]

2018-09-24 10:54:46 - [MESSAGE][FAILED] - Unable to accept alert (Root cause: No alert found)
[[ATTACHMENT|E:\\BeautytapAutomation\\beautytapAuto\\Beautytap\\Reports\\Regression\\20180924_105046\\1537761286515.png]]

2018-09-24 10:54:47 - [MESSAGE][PASSED] - Browser is closed

2018-09-24 10:54:47 - [MESSAGE][PASSED] - beautytap.AdminAction.deleteUser is PASSED

2018-09-24 10:54:47 - [TEST_STEP][PASSED] - beautytap.GeneralAction.openBeautytap: beautytap.GeneralAction.openBeautytap is PASSED

2018-09-24 10:55:25 - [MESSAGE][PASSED] - Browser is opened with url: 'https://stage.beautytap.com'

2018-09-24 10:55:26 - [MESSAGE][PASSED] - Current window maximized

2018-09-24 10:55:29 - [MESSAGE][PASSED] - Refresh successfully

2018-09-24 10:55:29 - [MESSAGE][PASSED] - Wait for page load successfully

2018-09-24 10:55:29 - [MESSAGE][PASSED] - beautytap.GeneralAction.openBeautytap is PASSED

2018-09-24 10:55:29 - [TEST_STEP][PASSED] - beautytap.GeneralAction.clickNavigationMenu: beautytap.GeneralAction.clickNavigationMenu is PASSED

2018-09-24 10:55:33 - [MESSAGE][PASSED] - Object: 'Object Repository/Page_General/link_signup' is clicked on

2018-09-24 10:55:33 - [MESSAGE][PASSED] - Wait for page load successfully

2018-09-24 10:55:33 - [MESSAGE][PASSED] - beautytap.GeneralAction.clickNavigationMenu is PASSED

2018-09-24 10:55:33 - [TEST_STEP][PASSED] - beautytap.GeneralAction.signupViaFacebook: beautytap.GeneralAction.signupViaFacebook is PASSED

2018-09-24 10:55:33 - [MESSAGE][PASSED] - Object: 'Object Repository/Page_Signup/btn_signupFB' is clicked on

2018-09-24 10:55:33 - [MESSAGE][PASSED] - Switched to window with index: '1'

2018-09-24 10:55:35 - [MESSAGE][PASSED] - Keys 'g5.posiba@gmail.com' sent to object: 'Object Repository/Popup_FacebookLogin/txt_email'

2018-09-24 10:55:35 - [MESSAGE][PASSED] - Keys 'posiba123' sent to object: 'Object Repository/Popup_FacebookLogin/txt_password'

2018-09-24 10:55:36 - [MESSAGE][PASSED] - Object: 'Object Repository/Popup_FacebookLogin/btn_login' is clicked on

2018-09-24 10:55:38 - [MESSAGE][WARNING] - Cannot take screenshot

2018-09-24 10:55:38 - [MESSAGE][FAILED] - Unable to get text of object 'Object Repository/Popup_FacebookLogin/btn_confirmPermission' (Root cause: org.openqa.selenium.NoSuchWindowException: no such window: window was already closed
  (Session info: chrome=69.0.3497.100)
  (Driver info: chromedriver=2.35.528161 (5b82f2d2aae0ca24b877009200ced9065a772e73),platform=Windows NT 10.0.17134 x86_64) (WARNING: The server did not provide any stacktrace information)
Command duration or timeout: 0 milliseconds
Build info: version: '3.7.1', revision: '8a0099a', time: '2017-11-06T21:07:36.161Z'
System info: host: 'DESKTOP-G1UHP65', ip: '10.0.0.132', os.name: 'Windows 10', os.arch: 'amd64', os.version: '10.0', java.version: '1.8.0_102'
Driver info: com.kms.katalon.selenium.driver.CChromeDriver
Capabilities {acceptInsecureCerts: false, acceptSslCerts: false, applicationCacheEnabled: false, browserConnectionEnabled: false, browserName: chrome, chrome: {chromedriverVersion: 2.35.528161 (5b82f2d2aae0ca..., userDataDir: C:\Users\TRANGN~1\AppData\L...}, cssSelectorsEnabled: true, databaseEnabled: false, handlesAlerts: true, hasTouchScreen: false, javascriptEnabled: true, locationContextEnabled: true, mobileEmulationEnabled: false, nativeEvents: true, networkConnectionEnabled: false, pageLoadStrategy: normal, platform: XP, platformName: XP, rotatable: false, setWindowRect: true, takesHeapSnapshot: true, takesScreenshot: true, unexpectedAlertBehaviour: , unhandledPromptBehavior: , version: 69.0.3497.100, webStorageEnabled: true}
Session ID: 514ea91303eef50b51e9bf2be0d4605a
*** Element info: {Using=xpath, value=//button[contains(@class,'layerConfirm') and contains(@name,'CONFIRM')]})

2018-09-24 10:55:38 - [MESSAGE][PASSED] - Switched to window with index: '0'

2018-09-24 10:55:53 - [MESSAGE][PASSED] - Delayed 15 second(s)

2018-09-24 10:55:53 - [MESSAGE][PASSED] - Wait for page load successfully

2018-09-24 10:55:53 - [MESSAGE][PASSED] - beautytap.GeneralAction.signupViaFacebook is PASSED

2018-09-24 10:55:53 - [TEST_STEP][PASSED] - verifyElementPresent: Object 'Object Repository/Page_General/link_avatar' is present

2018-09-24 10:55:53 - [MESSAGE][PASSED] - Object 'Object Repository/Page_General/link_avatar' is present

2018-09-24 10:55:53 - [TEST_STEP][PASSED] - beautytap.GeneralAction.logout: beautytap.GeneralAction.logout is PASSED

2018-09-24 10:55:53 - [MESSAGE][PASSED] - Object: 'Object Repository/Page_General/link_avatar' is clicked on

2018-09-24 10:55:53 - [MESSAGE][PASSED] - Object 'Object Repository/Page_General/menu_logout' is present

2018-09-24 10:55:54 - [MESSAGE][PASSED] - Object: 'Object Repository/Page_General/menu_logout' is clicked on

2018-09-24 10:55:54 - [MESSAGE][PASSED] - Wait for page load successfully

2018-09-24 10:55:55 - [MESSAGE][PASSED] - Browser is closed

2018-09-24 10:55:55 - [MESSAGE][PASSED] - beautytap.GeneralAction.logout is PASSED

2018-09-24 10:55:55 - [TEST_STEP][PASSED] - beautytap.AdminAction.deleteUser: beautytap.AdminAction.deleteUser is PASSED

2018-09-24 10:56:05 - [MESSAGE][PASSED] - Browser is opened with url: 'https://stage.beautytap.com/login'

2018-09-24 10:56:06 - [MESSAGE][PASSED] - Current window maximized

2018-09-24 10:56:06 - [MESSAGE][PASSED] - Text of object 'Object Repository/Page_login/txt_username' is cleared

2018-09-24 10:56:06 - [MESSAGE][PASSED] - Keys 'mrwhite' sent to object: 'Object Repository/Page_login/txt_username'

2018-09-24 10:56:06 - [MESSAGE][PASSED] - Text of object 'Object Repository/Page_login/txt_password' is cleared

2018-09-24 10:56:07 - [MESSAGE][PASSED] - Keys 'kgySM$Im' sent to object: 'Object Repository/Page_login/txt_password'

2018-09-24 10:56:07 - [MESSAGE][PASSED] - Object: 'Object Repository/Page_login/btn_login' is clicked on

2018-09-24 10:56:07 - [MESSAGE][PASSED] - Wait for page load successfully

2018-09-24 10:56:07 - [MESSAGE][PASSED] - Wait for page load successfully

2018-09-24 10:56:17 - [MESSAGE][PASSED] - Navigate to 'https://stage.beautytap.com/admin' successfully

2018-09-24 10:56:17 - [MESSAGE][PASSED] - Wait for page load successfully

2018-09-24 10:56:24 - [MESSAGE][PASSED] - Object: 'Object Repository/Page_Admin/menu_users' is clicked on

2018-09-24 10:56:24 - [MESSAGE][PASSED] - Wait for page load successfully

2018-09-24 10:56:24 - [MESSAGE][PASSED] - Text of object 'Object Repository/Page_Admin/txt_searchUser' is cleared

2018-09-24 10:56:24 - [MESSAGE][PASSED] - Keys 'g5.posiba@gmail.com' sent to object: 'Object Repository/Page_Admin/txt_searchUser'

2018-09-24 10:56:28 - [MESSAGE][PASSED] - Object: 'Object Repository/Page_Admin/btn_searchUser' is clicked on

2018-09-24 10:56:28 - [MESSAGE][PASSED] - Wait for page load successfully

2018-09-24 10:56:28 - [MESSAGE][PASSED] - Text of object '' is: 'g5.posiba@gmail.com'

2018-09-24 10:56:28 - [MESSAGE][PASSED] - Attribute 'id' of object '' is: 'user-64405'

2018-09-24 10:56:28 - [MESSAGE][PASSED] - Object: '' is hovered

2018-09-24 10:56:33 - [MESSAGE][PASSED] - Delayed 5 second(s)

2018-09-24 10:56:36 - [MESSAGE][PASSED] - Object: '' is clicked on

2018-09-24 10:56:36 - [MESSAGE][FAILED] - No alert found
[[ATTACHMENT|E:\\BeautytapAutomation\\beautytapAuto\\Beautytap\\Reports\\Regression\\20180924_105046\\1537761396450.png]]

2018-09-24 10:56:37 - [MESSAGE][FAILED] - Unable to accept alert (Root cause: No alert found)
[[ATTACHMENT|E:\\BeautytapAutomation\\beautytapAuto\\Beautytap\\Reports\\Regression\\20180924_105046\\1537761396745.png]]

2018-09-24 10:56:37 - [MESSAGE][PASSED] - Browser is closed

2018-09-24 10:56:37 - [MESSAGE][PASSED] - beautytap.AdminAction.deleteUser is PASSED

2018-09-24 10:56:37 - [TEST_STEP][PASSED] - beautytap.GeneralAction.openBeautytap: beautytap.GeneralAction.openBeautytap is PASSED

2018-09-24 10:57:04 - [MESSAGE][PASSED] - Browser is opened with url: 'https://stage.beautytap.com'

2018-09-24 10:57:05 - [MESSAGE][PASSED] - Current window maximized

2018-09-24 10:57:09 - [MESSAGE][PASSED] - Refresh successfully

2018-09-24 10:57:09 - [MESSAGE][PASSED] - Wait for page load successfully

2018-09-24 10:57:09 - [MESSAGE][PASSED] - beautytap.GeneralAction.openBeautytap is PASSED

2018-09-24 10:57:09 - [TEST_STEP][PASSED] - beautytap.GeneralAction.clickNavigationMenu: beautytap.GeneralAction.clickNavigationMenu is PASSED

2018-09-24 10:57:12 - [MESSAGE][PASSED] - Object: 'Object Repository/Page_General/link_login' is clicked on

2018-09-24 10:57:12 - [MESSAGE][PASSED] - Wait for page load successfully

2018-09-24 10:57:12 - [MESSAGE][PASSED] - beautytap.GeneralAction.clickNavigationMenu is PASSED

2018-09-24 10:57:12 - [TEST_STEP][PASSED] - beautytap.GeneralAction.login: beautytap.GeneralAction.login is PASSED

2018-09-24 10:57:12 - [MESSAGE][PASSED] - Object: 'Object Repository/Page_Login/btn_loginFB' is clicked on

2018-09-24 10:57:12 - [MESSAGE][PASSED] - Switched to window with index: '1'

2018-09-24 10:57:13 - [MESSAGE][PASSED] - Object 'Object Repository/Popup_FacebookLogin/txt_email' is visible

2018-09-24 10:57:14 - [MESSAGE][PASSED] - Keys 'g5.posiba@gmail.com' sent to object: 'Object Repository/Popup_FacebookLogin/txt_email'

2018-09-24 10:57:14 - [MESSAGE][PASSED] - Keys 'posiba123' sent to object: 'Object Repository/Popup_FacebookLogin/txt_password'

2018-09-24 10:57:15 - [MESSAGE][PASSED] - Object: 'Object Repository/Popup_FacebookLogin/btn_login' is clicked on

2018-09-24 10:57:15 - [MESSAGE][PASSED] - Switched to window with index: '0'

2018-09-24 10:57:15 - [MESSAGE][PASSED] - Wait for page load successfully

2018-09-24 10:57:15 - [MESSAGE][PASSED] - beautytap.GeneralAction.login is PASSED

2018-09-24 10:57:15 - [TEST_STEP][PASSED] - verifyElementPresent: Object 'Object Repository/Page_General/link_avatar' is present

2018-09-24 10:57:24 - [MESSAGE][PASSED] - Object 'Object Repository/Page_General/link_avatar' is present

2018-09-24 10:57:24 - [TEST_STEP][PASSED] - beautytap.GeneralAction.logout: beautytap.GeneralAction.logout is PASSED

2018-09-24 10:57:24 - [MESSAGE][PASSED] - Object: 'Object Repository/Page_General/link_avatar' is clicked on

2018-09-24 10:57:24 - [MESSAGE][PASSED] - Object 'Object Repository/Page_General/menu_logout' is present

2018-09-24 10:57:25 - [MESSAGE][PASSED] - Object: 'Object Repository/Page_General/menu_logout' is clicked on

2018-09-24 10:57:25 - [MESSAGE][PASSED] - Wait for page load successfully

2018-09-24 10:57:26 - [MESSAGE][PASSED] - Browser is closed

2018-09-24 10:57:26 - [MESSAGE][PASSED] - beautytap.GeneralAction.logout is PASSED

2018-09-24 10:57:26 - [TEST_STEP][PASSED] - beautytap.GeneralAction.openBeautytap: beautytap.GeneralAction.openBeautytap is PASSED

2018-09-24 10:58:00 - [MESSAGE][PASSED] - Browser is opened with url: 'https://stage.beautytap.com'

2018-09-24 10:58:01 - [MESSAGE][PASSED] - Current window maximized

2018-09-24 10:58:04 - [MESSAGE][PASSED] - Refresh successfully

2018-09-24 10:58:04 - [MESSAGE][PASSED] - Wait for page load successfully

2018-09-24 10:58:04 - [MESSAGE][PASSED] - beautytap.GeneralAction.openBeautytap is PASSED

2018-09-24 10:58:04 - [TEST_STEP][PASSED] - beautytap.GeneralAction.clickNavigationMenu: beautytap.GeneralAction.clickNavigationMenu is PASSED

2018-09-24 10:58:08 - [MESSAGE][PASSED] - Object: 'Object Repository/Page_General/link_signup' is clicked on

2018-09-24 10:58:08 - [MESSAGE][PASSED] - Wait for page load successfully

2018-09-24 10:58:08 - [MESSAGE][PASSED] - beautytap.GeneralAction.clickNavigationMenu is PASSED

2018-09-24 10:58:08 - [TEST_STEP][PASSED] - beautytap.GeneralAction.signupViaFacebook: beautytap.GeneralAction.signupViaFacebook is PASSED

2018-09-24 10:58:08 - [MESSAGE][PASSED] - Object: 'Object Repository/Page_Signup/btn_signupFB' is clicked on

2018-09-24 10:58:08 - [MESSAGE][PASSED] - Switched to window with index: '1'

2018-09-24 10:58:09 - [MESSAGE][PASSED] - Keys 'g5.posiba@gmail.com' sent to object: 'Object Repository/Popup_FacebookLogin/txt_email'

2018-09-24 10:58:10 - [MESSAGE][PASSED] - Keys 'posiba123' sent to object: 'Object Repository/Popup_FacebookLogin/txt_password'

2018-09-24 10:58:11 - [MESSAGE][PASSED] - Object: 'Object Repository/Popup_FacebookLogin/btn_login' is clicked on

2018-09-24 10:58:13 - [MESSAGE][WARNING] - Cannot take screenshot

2018-09-24 10:58:13 - [MESSAGE][FAILED] - Unable to get text of object 'Object Repository/Popup_FacebookLogin/btn_confirmPermission' (Root cause: org.openqa.selenium.NoSuchWindowException: no such window: window was already closed
  (Session info: chrome=69.0.3497.100)
  (Driver info: chromedriver=2.35.528161 (5b82f2d2aae0ca24b877009200ced9065a772e73),platform=Windows NT 10.0.17134 x86_64) (WARNING: The server did not provide any stacktrace information)
Command duration or timeout: 0 milliseconds
Build info: version: '3.7.1', revision: '8a0099a', time: '2017-11-06T21:07:36.161Z'
System info: host: 'DESKTOP-G1UHP65', ip: '10.0.0.132', os.name: 'Windows 10', os.arch: 'amd64', os.version: '10.0', java.version: '1.8.0_102'
Driver info: com.kms.katalon.selenium.driver.CChromeDriver
Capabilities {acceptInsecureCerts: false, acceptSslCerts: false, applicationCacheEnabled: false, browserConnectionEnabled: false, browserName: chrome, chrome: {chromedriverVersion: 2.35.528161 (5b82f2d2aae0ca..., userDataDir: C:\Users\TRANGN~1\AppData\L...}, cssSelectorsEnabled: true, databaseEnabled: false, handlesAlerts: true, hasTouchScreen: false, javascriptEnabled: true, locationContextEnabled: true, mobileEmulationEnabled: false, nativeEvents: true, networkConnectionEnabled: false, pageLoadStrategy: normal, platform: XP, platformName: XP, rotatable: false, setWindowRect: true, takesHeapSnapshot: true, takesScreenshot: true, unexpectedAlertBehaviour: , unhandledPromptBehavior: , version: 69.0.3497.100, webStorageEnabled: true}
Session ID: fe6a6f050a1a5c670dfb966edc9394e0
*** Element info: {Using=xpath, value=//button[contains(@class,'layerConfirm') and contains(@name,'CONFIRM')]})

2018-09-24 10:58:13 - [MESSAGE][PASSED] - Switched to window with index: '0'

2018-09-24 10:58:28 - [MESSAGE][PASSED] - Delayed 15 second(s)

2018-09-24 10:58:28 - [MESSAGE][PASSED] - Wait for page load successfully

2018-09-24 10:58:28 - [MESSAGE][PASSED] - beautytap.GeneralAction.signupViaFacebook is PASSED

2018-09-24 10:58:28 - [TEST_STEP][PASSED] - verifyElementPresent: Object 'Object Repository/Page_General/link_avatar' is present

2018-09-24 10:58:28 - [MESSAGE][PASSED] - Object 'Object Repository/Page_General/link_avatar' is present

2018-09-24 10:58:28 - [TEST_STEP][PASSED] - beautytap.GeneralAction.logout: beautytap.GeneralAction.logout is PASSED

2018-09-24 10:58:28 - [MESSAGE][PASSED] - Object: 'Object Repository/Page_General/link_avatar' is clicked on

2018-09-24 10:58:28 - [MESSAGE][PASSED] - Object 'Object Repository/Page_General/menu_logout' is present

2018-09-24 10:58:29 - [MESSAGE][PASSED] - Object: 'Object Repository/Page_General/menu_logout' is clicked on

2018-09-24 10:58:29 - [MESSAGE][PASSED] - Wait for page load successfully

2018-09-24 10:58:30 - [MESSAGE][PASSED] - Browser is closed

2018-09-24 10:58:30 - [MESSAGE][PASSED] - beautytap.GeneralAction.logout is PASSED

2018-09-24 10:58:30 - [TEST_STEP][PASSED] - beautytap.GeneralAction.openBeautytap: beautytap.GeneralAction.openBeautytap is PASSED

2018-09-24 10:59:13 - [MESSAGE][PASSED] - Browser is opened with url: 'https://stage.beautytap.com'

2018-09-24 10:59:14 - [MESSAGE][PASSED] - Current window maximized

2018-09-24 10:59:18 - [MESSAGE][PASSED] - Refresh successfully

2018-09-24 10:59:18 - [MESSAGE][PASSED] - Wait for page load successfully

2018-09-24 10:59:18 - [MESSAGE][PASSED] - beautytap.GeneralAction.openBeautytap is PASSED

2018-09-24 10:59:18 - [TEST_STEP][PASSED] - beautytap.GeneralAction.clickNavigationMenu: beautytap.GeneralAction.clickNavigationMenu is PASSED

2018-09-24 10:59:21 - [MESSAGE][PASSED] - Object: 'Object Repository/Page_General/link_login' is clicked on

2018-09-24 10:59:21 - [MESSAGE][PASSED] - Wait for page load successfully

2018-09-24 10:59:21 - [MESSAGE][PASSED] - beautytap.GeneralAction.clickNavigationMenu is PASSED

2018-09-24 10:59:21 - [TEST_STEP][PASSED] - beautytap.GeneralAction.login: beautytap.GeneralAction.login is PASSED

2018-09-24 10:59:21 - [MESSAGE][PASSED] - Object: 'Object Repository/Page_Login/btn_loginFB' is clicked on

2018-09-24 10:59:21 - [MESSAGE][PASSED] - Switched to window with index: '1'

2018-09-24 10:59:23 - [MESSAGE][PASSED] - Object 'Object Repository/Popup_FacebookLogin/txt_email' is visible

2018-09-24 10:59:23 - [MESSAGE][PASSED] - Keys 'g5.posiba@gmail.com' sent to object: 'Object Repository/Popup_FacebookLogin/txt_email'

2018-09-24 10:59:23 - [MESSAGE][PASSED] - Keys 'posiba123' sent to object: 'Object Repository/Popup_FacebookLogin/txt_password'

2018-09-24 10:59:25 - [MESSAGE][PASSED] - Object: 'Object Repository/Popup_FacebookLogin/btn_login' is clicked on

2018-09-24 10:59:25 - [MESSAGE][PASSED] - Switched to window with index: '0'

2018-09-24 10:59:25 - [MESSAGE][PASSED] - Wait for page load successfully

2018-09-24 10:59:25 - [MESSAGE][PASSED] - beautytap.GeneralAction.login is PASSED

2018-09-24 10:59:25 - [TEST_STEP][PASSED] - verifyElementPresent: Object 'Object Repository/Page_General/link_avatar' is present

2018-09-24 10:59:37 - [MESSAGE][PASSED] - Object 'Object Repository/Page_General/link_avatar' is present

2018-09-24 10:59:37 - [TEST_STEP][PASSED] - beautytap.GeneralAction.logout: beautytap.GeneralAction.logout is PASSED

2018-09-24 10:59:38 - [MESSAGE][PASSED] - Object: 'Object Repository/Page_General/link_avatar' is clicked on

2018-09-24 10:59:38 - [MESSAGE][PASSED] - Object 'Object Repository/Page_General/menu_logout' is present

2018-09-24 10:59:38 - [MESSAGE][PASSED] - Object: 'Object Repository/Page_General/menu_logout' is clicked on

2018-09-24 10:59:38 - [MESSAGE][PASSED] - Wait for page load successfully

2018-09-24 10:59:39 - [MESSAGE][PASSED] - Browser is closed

2018-09-24 10:59:39 - [MESSAGE][PASSED] - beautytap.GeneralAction.logout is PASSED]]></system-out>
         <system-err><![CDATA[]]></system-err>
      </testcase>
      <testcase name="Test Cases/Shop/TC03_Search_SimpleProduct_Sale_Creditcard_LessThan60_Normal" classname="Test Cases/Shop/TC03_Search_SimpleProduct_Sale_Creditcard_LessThan60_Normal" status="PASSED">
         <system-out><![CDATA[2018-09-24 10:59:42 - [TEST_CASE][PASSED] - Test Cases/Shop/TC03_Search_SimpleProduct_Sale_Creditcard_LessThan60_Normal: Test Cases/Shop/TC03_Search_SimpleProduct_Sale_Creditcard_LessThan60_Normal

2018-09-24 10:59:42 - [TEST_STEP][PASSED] - Statement - productName = SIMPLE_SALE_PRODUCT: null

2018-09-24 10:59:42 - [TEST_STEP][PASSED] - Statement - searchName = productName.substring(0, productName.indexOf("/")): null

2018-09-24 10:59:42 - [TEST_STEP][PASSED] - Statement - saleprice = SIMPLE_SALE_PRICE: null

2018-09-24 10:59:42 - [TEST_STEP][PASSED] - Statement - regularprice = SIMPLE_SALE_REGULAR_PRICE: null

2018-09-24 10:59:42 - [TEST_STEP][PASSED] - Statement - r_string = new java.lang.Math().random().toString().substring(2, 8): null

2018-09-24 10:59:42 - [TEST_STEP][PASSED] - Statement - email = "auto" + r_string + "@mailinator.com": null

2018-09-24 10:59:42 - [TEST_STEP][PASSED] - Statement - orderNote = "auto" + r_string + "Order": null

2018-09-24 10:59:42 - [TEST_STEP][PASSED] - Statement - currentNumberItemInCart = <not implemented yet for class: org.codehaus.groovy.ast.expr.EmptyExpression>: null

2018-09-24 10:59:42 - [TEST_STEP][PASSED] - Statement - quantity = 1: null

2018-09-24 10:59:42 - [TEST_STEP][PASSED] - Statement - subtotal = CustomKeywords.beautytap.ShopAction.calculateTotal(quantity, saleprice): beautytap.ShopAction.calculateTotal is PASSED

2018-09-24 10:59:42 - [MESSAGE][PASSED] - beautytap.ShopAction.calculateTotal is PASSED

2018-09-24 10:59:42 - [TEST_STEP][PASSED] - Statement - total = subtotal + SHIPPING_PRICE: null

2018-09-24 10:59:42 - [TEST_STEP][PASSED] - Statement - total = CustomKeywords.beautytap.ShopAction.calculateTotal(1, total): beautytap.ShopAction.calculateTotal is PASSED

2018-09-24 10:59:42 - [MESSAGE][PASSED] - beautytap.ShopAction.calculateTotal is PASSED

2018-09-24 10:59:42 - [TEST_STEP][PASSED] - Statement - products = new org.json.JSONArray((((((([{"productname":" + productName) + ","variation":"","quantity":") + quantity) + ","price":") + saleprice) + "}])): null

2018-09-24 10:59:42 - [TEST_STEP][PASSED] - Statement - billingInformation = new org.json.JSONObject((({"firstname":"Test","lastname":"Automation","country":"United States (US)","address":"123 Testing","city":"New York","state":"New York","zip":"90012","email":" + email) + "})): null

2018-09-24 10:59:42 - [TEST_STEP][PASSED] - Statement - shippingLabel = SHIPPING_LABEL: null

2018-09-24 10:59:42 - [TEST_STEP][PASSED] - Statement - shippingPrice = SHIPPING_PRICE: null

2018-09-24 10:59:42 - [TEST_STEP][PASSED] - Statement - shippingType = "normal": null

2018-09-24 10:59:42 - [TEST_STEP][PASSED] - Statement - paymentMethod = "Credit Card Payment": null

2018-09-24 10:59:42 - [TEST_STEP][PASSED] - beautytap.GeneralAction.openBeautytap: beautytap.GeneralAction.openBeautytap is PASSED

2018-09-24 11:00:16 - [MESSAGE][PASSED] - Browser is opened with url: 'https://stage.beautytap.com'

2018-09-24 11:00:17 - [MESSAGE][PASSED] - Current window maximized

2018-09-24 11:00:21 - [MESSAGE][PASSED] - Refresh successfully

2018-09-24 11:00:21 - [MESSAGE][PASSED] - Wait for page load successfully

2018-09-24 11:00:21 - [MESSAGE][PASSED] - beautytap.GeneralAction.openBeautytap is PASSED

2018-09-24 11:00:21 - [TEST_STEP][PASSED] - beautytap.ShopAction.globalSearch: beautytap.ShopAction.globalSearch is PASSED

2018-09-24 11:00:22 - [MESSAGE][PASSED] - Object: 'Object Repository/Page_General/icon_search' is clicked on

2018-09-24 11:00:27 - [MESSAGE][PASSED] - Delayed 5 second(s)

2018-09-24 11:00:27 - [MESSAGE][PASSED] - Text of object 'Object Repository/Page_General/txt_search' is cleared

2018-09-24 11:00:27 - [MESSAGE][PASSED] - Keys 'CONTROL + v' sent to object: 'Object Repository/Page_General/txt_search'

2018-09-24 11:00:29 - [MESSAGE][PASSED] - Object 'Object Repository/Page_General/div_searchResult' is present

2018-09-24 11:00:29 - [MESSAGE][PASSED] - beautytap.ShopAction.globalSearch is PASSED

2018-09-24 11:00:29 - [TEST_STEP][PASSED] - beautytap.ShopAction.VerifyProductOnSearchResult: Keyword VerifyProductOnSearchResult is Passed

2018-09-24 11:00:29 - [MESSAGE][PASSED] - Object '' is present

2018-09-24 11:00:30 - [MESSAGE][PASSED] - Text of object '' is: '$12.50'

2018-09-24 11:00:30 - [MESSAGE][PASSED] - Get CSS 'color' value on '' successfully: 'rgba(195, 195, 195, 1)'.

2018-09-24 11:00:30 - [MESSAGE][PASSED] - Get CSS 'color' value on '' successfully: 'rgba(195, 195, 195, 1)'.

2018-09-24 11:00:30 - [MESSAGE][PASSED] - Text of object '' is: '$11.99'

2018-09-24 11:00:30 - [MESSAGE][PASSED] - Get CSS 'color' value on '' successfully: 'rgba(255, 35, 134, 1)'.

2018-09-24 11:00:30 - [MESSAGE][PASSED] - Get CSS 'color' value on '' successfully: 'rgba(255, 35, 134, 1)'.

2018-09-24 11:00:30 - [MESSAGE][PASSED] - Keyword VerifyProductOnSearchResult is Passed

2018-09-24 11:00:30 - [TEST_STEP][PASSED] - beautytap.ShopAction.selectProductOnSearchResult: beautytap.ShopAction.selectProductOnSearchResult is PASSED

2018-09-24 11:00:35 - [MESSAGE][PASSED] - Object: '' is clicked on

2018-09-24 11:00:35 - [MESSAGE][PASSED] - Wait for page load successfully

2018-09-24 11:00:35 - [MESSAGE][PASSED] - beautytap.ShopAction.selectProductOnSearchResult is PASSED

2018-09-24 11:00:35 - [TEST_STEP][PASSED] - beautytap.ShopAction.VerifyProductDetails: Keyword VerifyProductDetails is Passed

2018-09-24 11:00:35 - [MESSAGE][PASSED] - Text of object '' is: 'Innisfree Perfect UV Protection Cream SPF50+/PA+++ (Long-Lasting For Oily Skin) 50ml'

2018-09-24 11:00:35 - [MESSAGE][PASSED] - Text of object '' is: '$12.50'

2018-09-24 11:00:35 - [MESSAGE][PASSED] - Get CSS 'color' value on '' successfully: 'rgba(195, 195, 195, 1)'.

2018-09-24 11:00:35 - [MESSAGE][PASSED] - Text of object '' is: '$11.99'

2018-09-24 11:00:35 - [MESSAGE][PASSED] - Get CSS 'color' value on '' successfully: 'rgba(255, 35, 134, 1)'.

2018-09-24 11:00:35 - [MESSAGE][PASSED] - Keyword VerifyProductDetails is Passed

2018-09-24 11:00:35 - [TEST_STEP][PASSED] - Statement - currentNumberItemInCart = CustomKeywords.beautytap.ShopAction.getNumberItemInCart(): beautytap.ShopAction.getNumberItemInCart is PASSED

2018-09-24 11:00:40 - [MESSAGE][WARNING] - com.kms.katalon.core.webui.exception.WebElementNotFoundException: Web element with id: '' located by 'By.xpath: //div[@class='header-right-top pull-right']/a[@class='shop-cart']/span[@class='number-cart']' not found
[[ATTACHMENT|E:\\BeautytapAutomation\\beautytapAuto\\Beautytap\\Reports\\Regression\\20180924_105046\\1537761640632.png]]

2018-09-24 11:00:40 - [MESSAGE][PASSED] - beautytap.ShopAction.getNumberItemInCart is PASSED

2018-09-24 11:00:40 - [TEST_STEP][PASSED] - beautytap.ShopAction.addProductToCart: beautytap.ShopAction.addProductToCart is PASSED

2018-09-24 11:00:41 - [MESSAGE][PASSED] - Text of object 'Object Repository/Page_Shop/txt_quantity' is cleared

2018-09-24 11:00:41 - [MESSAGE][PASSED] - Keys '1' sent to object: 'Object Repository/Page_Shop/txt_quantity'

2018-09-24 11:00:41 - [MESSAGE][PASSED] - Object: 'Object Repository/Page_Shop/btn_addToCart' is clicked on

2018-09-24 11:00:41 - [MESSAGE][PASSED] - Wait for page load successfully

2018-09-24 11:00:47 - [MESSAGE][PASSED] - Object 'Object Repository/Page_Shop/lbl_message' is present

2018-09-24 11:00:47 - [MESSAGE][PASSED] - beautytap.ShopAction.addProductToCart is PASSED

2018-09-24 11:00:47 - [TEST_STEP][PASSED] - beautytap.ShopAction.VerifyNumberItemInCart: Keyword VerifyNumberItemInCart is Passed, Number item in cart is 1, expected is 1

2018-09-24 11:00:47 - [MESSAGE][PASSED] - Object '' is present

2018-09-24 11:00:47 - [MESSAGE][PASSED] - Text of object '' is: '1'

2018-09-24 11:00:47 - [MESSAGE][PASSED] - Keyword VerifyNumberItemInCart is Passed, Number item in cart is 1, expected is 1

2018-09-24 11:00:47 - [TEST_STEP][PASSED] - beautytap.ShopAction.VerifyProductIsAddedToCart: beautytap.ShopAction.VerifyProductIsAddedToCart is PASSED

2018-09-24 11:01:19 - [MESSAGE][WARNING] - com.kms.katalon.core.webui.exception.WebElementNotFoundException: Web element with id: '' located by 'By.xpath: //div[@class='woocommerce-message' and contains(text(),'Innisfree Perfect UV Protection Cream SPF50+/PA+++ (Long-Lasting For Oily Skin) 50ml have been added to your cart.')]' not found
[[ATTACHMENT|E:\\BeautytapAutomation\\beautytapAuto\\Beautytap\\Reports\\Regression\\20180924_105046\\1537761679035.png]]

2018-09-24 11:01:19 - [MESSAGE][PASSED] - beautytap.ShopAction.VerifyProductIsAddedToCart is PASSED

2018-09-24 11:01:19 - [TEST_STEP][PASSED] - beautytap.ShopAction.goToCart: beautytap.ShopAction.goToCart is PASSED

2018-09-24 11:01:24 - [MESSAGE][PASSED] - Object: 'Object Repository/Page_General/icon_cart' is clicked on

2018-09-24 11:01:24 - [MESSAGE][PASSED] - Wait for page load successfully

2018-09-24 11:01:24 - [MESSAGE][PASSED] - beautytap.ShopAction.goToCart is PASSED

2018-09-24 11:01:24 - [TEST_STEP][PASSED] - beautytap.ShopAction.VerifyProductInCart: Keyword VerifyProductInCart is Passed

2018-09-24 11:01:24 - [MESSAGE][PASSED] - Object '' is present

2018-09-24 11:01:24 - [MESSAGE][PASSED] - Text of object '' is: '$11.99'

2018-09-24 11:01:24 - [MESSAGE][PASSED] - Attribute 'value' of object '' is: '1'

2018-09-24 11:01:24 - [MESSAGE][PASSED] - Text of object '' is: '$11.99'

2018-09-24 11:01:24 - [MESSAGE][PASSED] - Keyword VerifyProductInCart is Passed

2018-09-24 11:01:24 - [TEST_STEP][PASSED] - beautytap.ShopAction.processToCheckout: beautytap.ShopAction.processToCheckout is PASSED

2018-09-24 11:01:29 - [MESSAGE][PASSED] - Object: 'Object Repository/Page_Cart/btn_checkout' is clicked on

2018-09-24 11:01:29 - [MESSAGE][PASSED] - Wait for page load successfully

2018-09-24 11:01:29 - [MESSAGE][PASSED] - beautytap.ShopAction.processToCheckout is PASSED

2018-09-24 11:01:29 - [TEST_STEP][PASSED] - beautytap.ShopAction.fillCustomerInformation: beautytap.ShopAction.fillCustomerInformation is PASSED

2018-09-24 11:01:29 - [MESSAGE][PASSED] - Text of object 'Object Repository/Page_Checkout/txt_billingFirstName' is cleared

2018-09-24 11:01:30 - [MESSAGE][PASSED] - Keys 'Test' sent to object: 'Object Repository/Page_Checkout/txt_billingFirstName'

2018-09-24 11:01:30 - [MESSAGE][PASSED] - Text of object 'Object Repository/Page_Checkout/txt_billingLastName' is cleared

2018-09-24 11:01:30 - [MESSAGE][PASSED] - Keys 'Automation' sent to object: 'Object Repository/Page_Checkout/txt_billingLastName'

2018-09-24 11:01:31 - [MESSAGE][PASSED] - All options with label 'United States (US)' are selected in object 'Object Repository/Page_Checkout/drop_billingCountry' 

2018-09-24 11:01:36 - [MESSAGE][PASSED] - Delayed 5 second(s)

2018-09-24 11:01:36 - [MESSAGE][PASSED] - Text of object 'Object Repository/Page_Checkout/txt_billingAddress' is cleared

2018-09-24 11:01:36 - [MESSAGE][PASSED] - Keys '123 Testing' sent to object: 'Object Repository/Page_Checkout/txt_billingAddress'

2018-09-24 11:01:36 - [MESSAGE][PASSED] - Text of object 'Object Repository/Page_Checkout/txt_billingCity' is cleared

2018-09-24 11:01:36 - [MESSAGE][PASSED] - Keys 'New York' sent to object: 'Object Repository/Page_Checkout/txt_billingCity'

2018-09-24 11:01:37 - [MESSAGE][PASSED] - All options with label 'New York' are selected in object 'Object Repository/Page_Checkout/drop_billingState' 

2018-09-24 11:01:37 - [MESSAGE][PASSED] - Text of object 'Object Repository/Page_Checkout/txt_billingZip' is cleared

2018-09-24 11:01:37 - [MESSAGE][PASSED] - Keys '90012' sent to object: 'Object Repository/Page_Checkout/txt_billingZip'

2018-09-24 11:01:37 - [MESSAGE][PASSED] - Text of object 'Object Repository/Page_Checkout/txt_billingEmail' is cleared

2018-09-24 11:01:38 - [MESSAGE][PASSED] - Keys 'auto031894@mailinator.com' sent to object: 'Object Repository/Page_Checkout/txt_billingEmail'

2018-09-24 11:01:38 - [MESSAGE][PASSED] - Object 'Object Repository/Page_Checkout/chk_shipToDifferentAddress' is un-checked

2018-09-24 11:01:38 - [MESSAGE][PASSED] - Text of object 'Object Repository/Page_Checkout/txt_orderNote' is cleared

2018-09-24 11:01:38 - [MESSAGE][PASSED] - Keys 'auto031894Order' sent to object: 'Object Repository/Page_Checkout/txt_orderNote'

2018-09-24 11:01:38 - [MESSAGE][PASSED] - Object 'Object Repository/Page_Checkout/radio_creditCard' is checked

2018-09-24 11:01:43 - [MESSAGE][PASSED] - Delayed 5 second(s)

2018-09-24 11:01:43 - [MESSAGE][PASSED] - beautytap.ShopAction.fillCustomerInformation is PASSED

2018-09-24 11:01:43 - [TEST_STEP][PASSED] - beautytap.ShopAction.VerifyOrderDetailsOnCheckout: Keyword VerifyOrderDetailsOnCheckout is Passed

2018-09-24 11:01:44 - [MESSAGE][PASSED] - Object '' is present

2018-09-24 11:01:44 - [MESSAGE][PASSED] - Text of object '' is: '$11.99'

2018-09-24 11:01:44 - [MESSAGE][PASSED] - Object '' has attribute 'checked'

2018-09-24 11:01:44 - [MESSAGE][PASSED] - Text of object '' is: '($12.50) Pantos (est. 14-25 working days including processing): $12.50'

2018-09-24 11:01:44 - [MESSAGE][PASSED] - Text of object '' is: '$12.50'

2018-09-24 11:01:44 - [MESSAGE][PASSED] - Text of object '' is: '$24.49'

2018-09-24 11:01:44 - [MESSAGE][PASSED] - Keyword VerifyOrderDetailsOnCheckout is Passed

2018-09-24 11:01:44 - [TEST_STEP][PASSED] - beautytap.ShopAction.checkoutViaCreditCard: beautytap.ShopAction.checkoutViaCreditCard is PASSED

2018-09-24 11:01:44 - [MESSAGE][PASSED] - Object 'Object Repository/Page_Checkout/radio_creditCard' is checked

2018-09-24 11:01:54 - [MESSAGE][PASSED] - Delayed 10 second(s)

2018-09-24 11:01:54 - [MESSAGE][PASSED] - Text of object 'Object Repository/Page_Checkout/txt_cardNumber' is cleared

2018-09-24 11:01:55 - [MESSAGE][PASSED] - Keys '4032036248443549' sent to object: 'Object Repository/Page_Checkout/txt_cardNumber'

2018-09-24 11:01:55 - [MESSAGE][PASSED] - All options with label 'Visa' are selected in object 'Object Repository/Page_Checkout/drop_cardType' 

2018-09-24 11:01:55 - [MESSAGE][PASSED] - All options with label '07' are selected in object 'Object Repository/Page_Checkout/drop_expirationMonth' 

2018-09-24 11:01:55 - [MESSAGE][PASSED] - All options with label '2023' are selected in object 'Object Repository/Page_Checkout/drop_expirationYear' 

2018-09-24 11:01:55 - [MESSAGE][PASSED] - Text of object 'Object Repository/Page_Checkout/txt_cardCVV' is cleared

2018-09-24 11:01:56 - [MESSAGE][PASSED] - Keys '123' sent to object: 'Object Repository/Page_Checkout/txt_cardCVV'

2018-09-24 11:01:56 - [MESSAGE][PASSED] - Object 'Object Repository/Page_Checkout/chk_terms' is checked

2018-09-24 11:01:56 - [MESSAGE][PASSED] - Object: 'Object Repository/Page_Checkout/btn_placeOrder' is clicked on

2018-09-24 11:02:12 - [MESSAGE][PASSED] - Object 'Object Repository/Page_Checkout/lbl_orderReceived' is present

2018-09-24 11:02:12 - [MESSAGE][PASSED] - beautytap.ShopAction.checkoutViaCreditCard is PASSED

2018-09-24 11:02:12 - [TEST_STEP][PASSED] - beautytap.ShopAction.VerifyOrderReceivedDetails: Keyword VerifyOrderReceivedDetails is Passed

2018-09-24 11:02:12 - [MESSAGE][PASSED] - Object '' is present

2018-09-24 11:02:12 - [MESSAGE][PASSED] - Text of object '' is: '$11.99'

2018-09-24 11:02:12 - [MESSAGE][PASSED] - Text of object '' is: '$12.50 via ($12.50) Pantos (est. 14-25 working days including processing)'

2018-09-24 11:02:12 - [MESSAGE][PASSED] - Object '' is present

2018-09-24 11:02:12 - [MESSAGE][PASSED] - Text of object '' is: '$12.50'

2018-09-24 11:02:12 - [MESSAGE][PASSED] - Text of object '' is: 'Credit Card Payment'

2018-09-24 11:02:12 - [MESSAGE][PASSED] - Text of object '' is: '$24.49'

2018-09-24 11:02:12 - [MESSAGE][PASSED] - Keyword VerifyOrderReceivedDetails is Passed

2018-09-24 11:02:12 - [TEST_STEP][PASSED] - closeBrowser: Browser is closed

2018-09-24 11:02:13 - [MESSAGE][PASSED] - Browser is closed]]></system-out>
         <system-err><![CDATA[]]></system-err>
      </testcase>
      <testcase name="Test Cases/Shop/TC04_Search_VariationProduct_NotSale_AmazonPay_GreaterThan200" classname="Test Cases/Shop/TC04_Search_VariationProduct_NotSale_AmazonPay_GreaterThan200" status="PASSED">
         <system-out><![CDATA[2018-09-24 11:02:15 - [TEST_CASE][PASSED] - Test Cases/Shop/TC04_Search_VariationProduct_NotSale_AmazonPay_GreaterThan200: Test Cases/Shop/TC04_Search_VariationProduct_NotSale_AmazonPay_GreaterThan200

2018-09-24 11:02:16 - [TEST_STEP][PASSED] - Statement - productName = VARIATION_PRODUCT: null

2018-09-24 11:02:16 - [TEST_STEP][PASSED] - Statement - price = VARIATION_PRICE1: null

2018-09-24 11:02:16 - [TEST_STEP][PASSED] - Statement - variation = VARIATION_NAME1: null

2018-09-24 11:02:16 - [TEST_STEP][PASSED] - Statement - r_string = new java.lang.Math().random().toString().substring(2, 8): null

2018-09-24 11:02:16 - [TEST_STEP][PASSED] - Statement - email = "auto" + r_string + "@mailinator.com": null

2018-09-24 11:02:16 - [TEST_STEP][PASSED] - Statement - orderNote = "auto" + r_string + "Order": null

2018-09-24 11:02:16 - [TEST_STEP][PASSED] - Statement - currentNumberItemInCart = <not implemented yet for class: org.codehaus.groovy.ast.expr.EmptyExpression>: null

2018-09-24 11:02:16 - [TEST_STEP][PASSED] - Statement - quantity = 8: null

2018-09-24 11:02:16 - [TEST_STEP][PASSED] - Statement - subtotal = CustomKeywords.beautytap.ShopAction.calculateTotal(quantity, price): beautytap.ShopAction.calculateTotal is PASSED

2018-09-24 11:02:16 - [MESSAGE][PASSED] - beautytap.ShopAction.calculateTotal is PASSED

2018-09-24 11:02:16 - [TEST_STEP][PASSED] - Statement - total = subtotal: null

2018-09-24 11:02:16 - [TEST_STEP][PASSED] - Statement - total = CustomKeywords.beautytap.ShopAction.calculateTotal(1, total): beautytap.ShopAction.calculateTotal is PASSED

2018-09-24 11:02:16 - [MESSAGE][PASSED] - beautytap.ShopAction.calculateTotal is PASSED

2018-09-24 11:02:16 - [TEST_STEP][PASSED] - Statement - products = new org.json.JSONArray((((((((([{"productname":" + productName) + ","variation":") + variation) + ","quantity":") + quantity) + ","price":") + price) + "}])): null

2018-09-24 11:02:17 - [TEST_STEP][PASSED] - Statement - billingInformation = new org.json.JSONObject((({"firstname":"Test","lastname":"Automation","country":"United States (US)","address":"123 Testing","city":"New York","state":"New York","zip":"90012","email":" + email) + "})): null

2018-09-24 11:02:17 - [TEST_STEP][PASSED] - Statement - shippingLabel = FREE_EMS_SHIPPING_LABEL: null

2018-09-24 11:02:17 - [TEST_STEP][PASSED] - Statement - shippingPrice = 0: null

2018-09-24 11:02:17 - [TEST_STEP][PASSED] - Statement - shippingType = "freeEMS": null

2018-09-24 11:02:17 - [TEST_STEP][PASSED] - Statement - paymentMethod = "Amazon Pay": null

2018-09-24 11:02:17 - [TEST_STEP][PASSED] - beautytap.GeneralAction.openBeautytap: beautytap.GeneralAction.openBeautytap is PASSED

2018-09-24 11:02:55 - [MESSAGE][PASSED] - Browser is opened with url: 'https://stage.beautytap.com'

2018-09-24 11:02:56 - [MESSAGE][PASSED] - Current window maximized

2018-09-24 11:03:01 - [MESSAGE][PASSED] - Refresh successfully

2018-09-24 11:03:01 - [MESSAGE][PASSED] - Wait for page load successfully

2018-09-24 11:03:01 - [MESSAGE][PASSED] - beautytap.GeneralAction.openBeautytap is PASSED

2018-09-24 11:03:01 - [TEST_STEP][PASSED] - beautytap.ShopAction.globalSearch: beautytap.ShopAction.globalSearch is PASSED

2018-09-24 11:03:01 - [MESSAGE][PASSED] - Object: 'Object Repository/Page_General/icon_search' is clicked on

2018-09-24 11:03:06 - [MESSAGE][PASSED] - Delayed 5 second(s)

2018-09-24 11:03:06 - [MESSAGE][PASSED] - Text of object 'Object Repository/Page_General/txt_search' is cleared

2018-09-24 11:03:06 - [MESSAGE][PASSED] - Keys 'CONTROL + v' sent to object: 'Object Repository/Page_General/txt_search'

2018-09-24 11:03:10 - [MESSAGE][PASSED] - Object 'Object Repository/Page_General/div_searchResult' is present

2018-09-24 11:03:10 - [MESSAGE][PASSED] - beautytap.ShopAction.globalSearch is PASSED

2018-09-24 11:03:10 - [TEST_STEP][PASSED] - beautytap.ShopAction.VerifyProductOnSearchResult: Keyword VerifyProductOnSearchResult is Passed

2018-09-24 11:03:10 - [MESSAGE][PASSED] - Object '' is present

2018-09-24 11:03:10 - [MESSAGE][PASSED] - Text of object '' is: '$26.70'

2018-09-24 11:03:10 - [MESSAGE][PASSED] - Get CSS 'color' value on '' successfully: 'rgba(255, 35, 134, 1)'.

2018-09-24 11:03:10 - [MESSAGE][PASSED] - Get CSS 'color' value on '' successfully: 'rgba(255, 35, 134, 1)'.

2018-09-24 11:03:10 - [MESSAGE][PASSED] - Keyword VerifyProductOnSearchResult is Passed

2018-09-24 11:03:10 - [TEST_STEP][PASSED] - beautytap.ShopAction.selectProductOnSearchResult: beautytap.ShopAction.selectProductOnSearchResult is PASSED

2018-09-24 11:03:16 - [MESSAGE][PASSED] - Object: '' is clicked on

2018-09-24 11:03:16 - [MESSAGE][PASSED] - Wait for page load successfully

2018-09-24 11:03:16 - [MESSAGE][PASSED] - beautytap.ShopAction.selectProductOnSearchResult is PASSED

2018-09-24 11:03:16 - [TEST_STEP][PASSED] - beautytap.ShopAction.selectProductVariation: beautytap.ShopAction.selectProductVariation is PASSED

2018-09-24 11:03:16 - [MESSAGE][PASSED] - Object: 'Object Repository/Page_Shop/drop_chooseOption' is clicked on

2018-09-24 11:03:17 - [MESSAGE][PASSED] - Delayed 1 second(s)

2018-09-24 11:03:17 - [MESSAGE][PASSED] - Object: '' is clicked on

2018-09-24 11:03:17 - [MESSAGE][PASSED] - beautytap.ShopAction.selectProductVariation is PASSED

2018-09-24 11:03:17 - [TEST_STEP][PASSED] - beautytap.ShopAction.VerifyProductDetails: Keyword VerifyProductDetails is Passed

2018-09-24 11:03:17 - [MESSAGE][PASSED] - Text of object '' is: 'MeloMELI Unicorn Heart Lake Cushion  2 Choices'

2018-09-24 11:03:18 - [MESSAGE][PASSED] - All options with label 'Vanilla Beige' are selected in object 'Object Repository/Page_Shop/drop_chooseOption' 

2018-09-24 11:03:18 - [MESSAGE][PASSED] - Text of object '' is: '$26.70'

2018-09-24 11:03:18 - [MESSAGE][PASSED] - Get CSS 'color' value on '' successfully: 'rgba(255, 35, 134, 1)'.

2018-09-24 11:03:18 - [MESSAGE][PASSED] - Keyword VerifyProductDetails is Passed

2018-09-24 11:03:18 - [TEST_STEP][PASSED] - Statement - currentNumberItemInCart = CustomKeywords.beautytap.ShopAction.getNumberItemInCart(): beautytap.ShopAction.getNumberItemInCart is PASSED

2018-09-24 11:03:23 - [MESSAGE][WARNING] - com.kms.katalon.core.webui.exception.WebElementNotFoundException: Web element with id: '' located by 'By.xpath: //div[@class='header-right-top pull-right']/a[@class='shop-cart']/span[@class='number-cart']' not found
[[ATTACHMENT|E:\\BeautytapAutomation\\beautytapAuto\\Beautytap\\Reports\\Regression\\20180924_105046\\1537761803568.png]]

2018-09-24 11:03:23 - [MESSAGE][PASSED] - beautytap.ShopAction.getNumberItemInCart is PASSED

2018-09-24 11:03:23 - [TEST_STEP][PASSED] - beautytap.ShopAction.addProductToCart: beautytap.ShopAction.addProductToCart is PASSED

2018-09-24 11:03:23 - [MESSAGE][PASSED] - Text of object 'Object Repository/Page_Shop/txt_quantity' is cleared

2018-09-24 11:03:24 - [MESSAGE][PASSED] - Keys '8' sent to object: 'Object Repository/Page_Shop/txt_quantity'

2018-09-24 11:03:24 - [MESSAGE][PASSED] - Object: 'Object Repository/Page_Shop/btn_addToCart' is clicked on

2018-09-24 11:03:24 - [MESSAGE][PASSED] - Wait for page load successfully

2018-09-24 11:03:28 - [MESSAGE][PASSED] - Object 'Object Repository/Page_Shop/lbl_message' is present

2018-09-24 11:03:28 - [MESSAGE][PASSED] - beautytap.ShopAction.addProductToCart is PASSED

2018-09-24 11:03:28 - [TEST_STEP][PASSED] - beautytap.ShopAction.VerifyNumberItemInCart: Keyword VerifyNumberItemInCart is Passed, Number item in cart is 8, expected is 8

2018-09-24 11:03:28 - [MESSAGE][PASSED] - Object '' is present

2018-09-24 11:03:28 - [MESSAGE][PASSED] - Text of object '' is: '8'

2018-09-24 11:03:28 - [MESSAGE][PASSED] - Keyword VerifyNumberItemInCart is Passed, Number item in cart is 8, expected is 8

2018-09-24 11:03:28 - [TEST_STEP][PASSED] - beautytap.ShopAction.VerifyProductIsAddedToCart: beautytap.ShopAction.VerifyProductIsAddedToCart is PASSED

2018-09-24 11:03:28 - [MESSAGE][PASSED] - Object '' is present

2018-09-24 11:03:28 - [MESSAGE][PASSED] - beautytap.ShopAction.VerifyProductIsAddedToCart is PASSED

2018-09-24 11:03:28 - [TEST_STEP][PASSED] - beautytap.ShopAction.goToCart: beautytap.ShopAction.goToCart is PASSED

2018-09-24 11:03:33 - [MESSAGE][PASSED] - Object: 'Object Repository/Page_General/icon_cart' is clicked on

2018-09-24 11:03:33 - [MESSAGE][PASSED] - Wait for page load successfully

2018-09-24 11:03:33 - [MESSAGE][PASSED] - beautytap.ShopAction.goToCart is PASSED

2018-09-24 11:03:33 - [TEST_STEP][PASSED] - beautytap.ShopAction.VerifyProductInCart: Keyword VerifyProductInCart is Passed

2018-09-24 11:03:33 - [MESSAGE][PASSED] - Object '' is present

2018-09-24 11:03:33 - [MESSAGE][PASSED] - Text of object '' is: '$26.70'

2018-09-24 11:03:33 - [MESSAGE][PASSED] - Attribute 'value' of object '' is: '8'

2018-09-24 11:03:33 - [MESSAGE][PASSED] - Text of object '' is: '$213.60'

2018-09-24 11:03:33 - [MESSAGE][PASSED] - Keyword VerifyProductInCart is Passed

2018-09-24 11:03:33 - [TEST_STEP][PASSED] - beautytap.ShopAction.processToCheckout: beautytap.ShopAction.processToCheckout is PASSED

2018-09-24 11:03:36 - [MESSAGE][PASSED] - Object: 'Object Repository/Page_Cart/btn_checkout' is clicked on

2018-09-24 11:03:36 - [MESSAGE][PASSED] - Wait for page load successfully

2018-09-24 11:03:36 - [MESSAGE][PASSED] - beautytap.ShopAction.processToCheckout is PASSED

2018-09-24 11:03:36 - [TEST_STEP][PASSED] - beautytap.ShopAction.loginAmazonPay: beautytap.ShopAction.loginAmazonPay is PASSED

2018-09-24 11:03:37 - [MESSAGE][PASSED] - Object: 'Object Repository/Page_Checkout/btn_amazonPay' is clicked on

2018-09-24 11:03:37 - [MESSAGE][PASSED] - Switched to window with index: '1'

2018-09-24 11:03:38 - [MESSAGE][PASSED] - Object 'Object Repository/Popup_Amazon/txt_email' is present

2018-09-24 11:03:38 - [MESSAGE][PASSED] - Text of object 'Object Repository/Popup_Amazon/txt_email' is cleared

2018-09-24 11:03:38 - [MESSAGE][PASSED] - Keys 'amazontest1503@yopmail.com' sent to object: 'Object Repository/Popup_Amazon/txt_email'

2018-09-24 11:03:39 - [MESSAGE][PASSED] - Text of object 'Object Repository/Popup_Amazon/txt_password' is cleared

2018-09-24 11:03:39 - [MESSAGE][PASSED] - Keys '123456' sent to object: 'Object Repository/Popup_Amazon/txt_password'

2018-09-24 11:03:41 - [MESSAGE][PASSED] - Object: 'Object Repository/Popup_Amazon/btn_signin' is clicked on

2018-09-24 11:03:41 - [MESSAGE][PASSED] - Switched to window with index: '0'

2018-09-24 11:04:11 - [MESSAGE][PASSED] - Delayed 30 second(s)

2018-09-24 11:04:11 - [MESSAGE][PASSED] - beautytap.ShopAction.loginAmazonPay is PASSED

2018-09-24 11:04:11 - [TEST_STEP][PASSED] - beautytap.ShopAction.VerifyOrderDetailsOnCheckout: Keyword VerifyOrderDetailsOnCheckout is Passed

2018-09-24 11:04:11 - [MESSAGE][PASSED] - Object '' is present

2018-09-24 11:04:12 - [MESSAGE][PASSED] - Text of object '' is: '$213.60'

2018-09-24 11:04:12 - [MESSAGE][PASSED] - Text of object '' is: 'Free EMS shipping (over $200)
Why does shipping take this long?'

2018-09-24 11:04:12 - [MESSAGE][PASSED] - Text of object '' is: '$213.60'

2018-09-24 11:04:12 - [MESSAGE][PASSED] - Keyword VerifyOrderDetailsOnCheckout is Passed

2018-09-24 11:04:12 - [TEST_STEP][PASSED] - beautytap.ShopAction.checkoutViaAmazonPay: beautytap.ShopAction.checkoutViaAmazonPay is PASSED

2018-09-24 11:04:12 - [MESSAGE][PASSED] - Object 'Object Repository/Page_Checkout/chk_terms' is clickable

2018-09-24 11:04:12 - [MESSAGE][PASSED] - Object 'Object Repository/Page_Checkout/chk_terms' is checked

2018-09-24 11:04:12 - [MESSAGE][PASSED] - Object: 'Object Repository/Page_Checkout/btn_placeOrder' is clicked on

2018-09-24 11:04:25 - [MESSAGE][PASSED] - Object 'Object Repository/Page_Checkout/lbl_orderReceived' is present

2018-09-24 11:04:25 - [MESSAGE][PASSED] - beautytap.ShopAction.checkoutViaAmazonPay is PASSED

2018-09-24 11:04:25 - [TEST_STEP][PASSED] - beautytap.ShopAction.VerifyOrderReceivedDetails: Keyword VerifyOrderReceivedDetails is Passed

2018-09-24 11:04:25 - [MESSAGE][PASSED] - Object '' is present

2018-09-24 11:04:25 - [MESSAGE][PASSED] - Text of object '' is: '$213.60'

2018-09-24 11:04:25 - [MESSAGE][PASSED] - Text of object '' is: 'Free EMS shipping (over $200)'

2018-09-24 11:04:30 - [MESSAGE][WARNING] - com.kms.katalon.core.webui.exception.WebElementNotFoundException: Web element with id: '' located by 'By.xpath: //th[text()='Shipping:']/parent::tr/td/span' not found
[[ATTACHMENT|E:\\BeautytapAutomation\\beautytapAuto\\Beautytap\\Reports\\Regression\\20180924_105046\\1537761870623.png]]

2018-09-24 11:04:30 - [MESSAGE][PASSED] - Text of object '' is: 'Amazon Pay'

2018-09-24 11:04:31 - [MESSAGE][PASSED] - Text of object '' is: '$213.60'

2018-09-24 11:04:31 - [MESSAGE][PASSED] - Keyword VerifyOrderReceivedDetails is Passed

2018-09-24 11:04:31 - [TEST_STEP][PASSED] - closeBrowser: Browser is closed

2018-09-24 11:04:31 - [MESSAGE][PASSED] - Browser is closed]]></system-out>
         <system-err><![CDATA[]]></system-err>
      </testcase>
      <testcase name="Test Cases/Shop/TC05_Browse_SimpleProduct_NotSale_PayPal_GreaterThan60LessThan200" classname="Test Cases/Shop/TC05_Browse_SimpleProduct_NotSale_PayPal_GreaterThan60LessThan200" status="PASSED">
         <system-out><![CDATA[2018-09-24 11:04:33 - [TEST_CASE][PASSED] - Test Cases/Shop/TC05_Browse_SimpleProduct_NotSale_PayPal_GreaterThan60LessThan200: Test Cases/Shop/TC05_Browse_SimpleProduct_NotSale_PayPal_GreaterThan60LessThan200

2018-09-24 11:04:34 - [TEST_STEP][PASSED] - Statement - productName = SIMPLE_PRODUCT: null

2018-09-24 11:04:34 - [TEST_STEP][PASSED] - Statement - price = SIMPLE_PRODUCT_PRICE: null

2018-09-24 11:04:34 - [TEST_STEP][PASSED] - Statement - r_string = new java.lang.Math().random().toString().substring(2, 8): null

2018-09-24 11:04:34 - [TEST_STEP][PASSED] - Statement - email = "auto" + r_string + "@mailinator.com": null

2018-09-24 11:04:34 - [TEST_STEP][PASSED] - Statement - orderNote = "auto" + r_string + "Order": null

2018-09-24 11:04:34 - [TEST_STEP][PASSED] - Statement - currentNumberItemInCart = <not implemented yet for class: org.codehaus.groovy.ast.expr.EmptyExpression>: null

2018-09-24 11:04:34 - [TEST_STEP][PASSED] - Statement - quantity = 3: null

2018-09-24 11:04:34 - [TEST_STEP][PASSED] - Statement - subtotal = CustomKeywords.beautytap.ShopAction.calculateTotal(quantity, price): beautytap.ShopAction.calculateTotal is PASSED

2018-09-24 11:04:34 - [MESSAGE][PASSED] - beautytap.ShopAction.calculateTotal is PASSED

2018-09-24 11:04:34 - [TEST_STEP][PASSED] - Statement - total = subtotal: null

2018-09-24 11:04:34 - [TEST_STEP][PASSED] - Statement - total = CustomKeywords.beautytap.ShopAction.calculateTotal(1, total): beautytap.ShopAction.calculateTotal is PASSED

2018-09-24 11:04:34 - [MESSAGE][PASSED] - beautytap.ShopAction.calculateTotal is PASSED

2018-09-24 11:04:34 - [TEST_STEP][PASSED] - Statement - products = new org.json.JSONArray((((((([{"productname":" + productName) + ","variation":"","quantity":") + quantity) + ","price":") + price) + "}])): null

2018-09-24 11:04:34 - [TEST_STEP][PASSED] - Statement - billingInformation = new org.json.JSONObject((({"firstname":"Test","lastname":"Automation","country":"United States (US)","address":"123 Testing","city":"New York","state":"New York","zip":"90012","email":" + email) + "})): null

2018-09-24 11:04:34 - [TEST_STEP][PASSED] - Statement - shippingLabel = FREE_SHIPPING_LABEL: null

2018-09-24 11:04:34 - [TEST_STEP][PASSED] - Statement - shippingPrice = 0: null

2018-09-24 11:04:34 - [TEST_STEP][PASSED] - Statement - shippingType = "free": null

2018-09-24 11:04:34 - [TEST_STEP][PASSED] - Statement - paymentMethod = "PayPal": null

2018-09-24 11:04:34 - [TEST_STEP][PASSED] - Statement - category = "What's New": null

2018-09-24 11:04:34 - [TEST_STEP][PASSED] - beautytap.GeneralAction.openBeautytap: beautytap.GeneralAction.openBeautytap is PASSED

2018-09-24 11:05:01 - [MESSAGE][PASSED] - Browser is opened with url: 'https://stage.beautytap.com'

2018-09-24 11:05:02 - [MESSAGE][PASSED] - Current window maximized

2018-09-24 11:05:06 - [MESSAGE][PASSED] - Refresh successfully

2018-09-24 11:05:06 - [MESSAGE][PASSED] - Wait for page load successfully

2018-09-24 11:05:06 - [MESSAGE][PASSED] - beautytap.GeneralAction.openBeautytap is PASSED

2018-09-24 11:05:06 - [TEST_STEP][PASSED] - beautytap.ShopAction.selectCategory: beautytap.ShopAction.selectCategory is PASSED

2018-09-24 11:05:12 - [MESSAGE][PASSED] - Object: '' is clicked on

2018-09-24 11:05:12 - [MESSAGE][PASSED] - Wait for page load successfully

2018-09-24 11:05:12 - [MESSAGE][PASSED] - beautytap.ShopAction.selectCategory is PASSED

2018-09-24 11:05:12 - [TEST_STEP][PASSED] - beautytap.ShopAction.findProductOnProductList: beautytap.ShopAction.findProductOnProductList is PASSED

2018-09-24 11:05:12 - [MESSAGE][PASSED] - Text of object '' is: '76'

2018-09-24 11:05:17 - [MESSAGE][WARNING] - com.kms.katalon.core.webui.exception.WebElementNotFoundException: Web element with id: '' located by 'By.xpath: //a[text()='La Muse Correct Care Complete Cushion SPF50+']' not found
[[ATTACHMENT|E:\\BeautytapAutomation\\beautytapAuto\\Beautytap\\Reports\\Regression\\20180924_105046\\1537761917539.png]]

2018-09-24 11:05:26 - [MESSAGE][PASSED] - Object: '' is clicked on

2018-09-24 11:05:26 - [MESSAGE][PASSED] - Wait for page load successfully

2018-09-24 11:05:32 - [MESSAGE][WARNING] - com.kms.katalon.core.webui.exception.WebElementNotFoundException: Web element with id: '' located by 'By.xpath: //a[text()='La Muse Correct Care Complete Cushion SPF50+']' not found
[[ATTACHMENT|E:\\BeautytapAutomation\\beautytapAuto\\Beautytap\\Reports\\Regression\\20180924_105046\\1537761931769.png]]

2018-09-24 11:05:40 - [MESSAGE][PASSED] - Object: '' is clicked on

2018-09-24 11:05:40 - [MESSAGE][PASSED] - Wait for page load successfully

2018-09-24 11:05:40 - [MESSAGE][PASSED] - Object '' is present

2018-09-24 11:05:40 - [MESSAGE][PASSED] - beautytap.ShopAction.findProductOnProductList is PASSED

2018-09-24 11:05:40 - [TEST_STEP][PASSED] - beautytap.ShopAction.VerifyProductOnProductList: Keyword VerifyProductOnProductList is Passed

2018-09-24 11:05:40 - [MESSAGE][PASSED] - Object '' is present

2018-09-24 11:05:40 - [MESSAGE][PASSED] - Text of object '' is: '$31.80'

2018-09-24 11:05:40 - [MESSAGE][PASSED] - Get CSS 'color' value on '' successfully: 'rgba(255, 35, 134, 1)'.

2018-09-24 11:05:40 - [MESSAGE][PASSED] - Get CSS 'color' value on '' successfully: 'rgba(255, 35, 134, 1)'.

2018-09-24 11:05:40 - [MESSAGE][PASSED] - Keyword VerifyProductOnProductList is Passed

2018-09-24 11:05:40 - [TEST_STEP][PASSED] - beautytap.ShopAction.selectProductOnProductList: beautytap.ShopAction.selectProductOnProductList is PASSED

2018-09-24 11:05:46 - [MESSAGE][PASSED] - Object: '' is clicked on

2018-09-24 11:05:46 - [MESSAGE][PASSED] - Wait for page load successfully

2018-09-24 11:05:46 - [MESSAGE][PASSED] - beautytap.ShopAction.selectProductOnProductList is PASSED

2018-09-24 11:05:46 - [TEST_STEP][PASSED] - beautytap.ShopAction.VerifyProductDetails: Keyword VerifyProductDetails is Passed

2018-09-24 11:05:46 - [MESSAGE][PASSED] - Text of object '' is: 'La Muse Correct Care Complete Cushion SPF50+'

2018-09-24 11:05:46 - [MESSAGE][PASSED] - Text of object '' is: '$31.80'

2018-09-24 11:05:46 - [MESSAGE][PASSED] - Get CSS 'color' value on '' successfully: 'rgba(255, 35, 134, 1)'.

2018-09-24 11:05:46 - [MESSAGE][PASSED] - Keyword VerifyProductDetails is Passed

2018-09-24 11:05:46 - [TEST_STEP][PASSED] - Statement - currentNumberItemInCart = CustomKeywords.beautytap.ShopAction.getNumberItemInCart(): beautytap.ShopAction.getNumberItemInCart is PASSED

2018-09-24 11:05:51 - [MESSAGE][WARNING] - com.kms.katalon.core.webui.exception.WebElementNotFoundException: Web element with id: '' located by 'By.xpath: //div[@class='header-right-top pull-right']/a[@class='shop-cart']/span[@class='number-cart']' not found
[[ATTACHMENT|E:\\BeautytapAutomation\\beautytapAuto\\Beautytap\\Reports\\Regression\\20180924_105046\\1537761951484.png]]

2018-09-24 11:05:51 - [MESSAGE][PASSED] - beautytap.ShopAction.getNumberItemInCart is PASSED

2018-09-24 11:05:51 - [TEST_STEP][PASSED] - beautytap.ShopAction.addProductToCart: beautytap.ShopAction.addProductToCart is PASSED

2018-09-24 11:05:51 - [MESSAGE][PASSED] - Text of object 'Object Repository/Page_Shop/txt_quantity' is cleared

2018-09-24 11:05:51 - [MESSAGE][PASSED] - Keys '3' sent to object: 'Object Repository/Page_Shop/txt_quantity'

2018-09-24 11:05:52 - [MESSAGE][PASSED] - Object: 'Object Repository/Page_Shop/btn_addToCart' is clicked on

2018-09-24 11:05:52 - [MESSAGE][PASSED] - Wait for page load successfully

2018-09-24 11:05:56 - [MESSAGE][PASSED] - Object 'Object Repository/Page_Shop/lbl_message' is present

2018-09-24 11:05:56 - [MESSAGE][PASSED] - beautytap.ShopAction.addProductToCart is PASSED

2018-09-24 11:05:56 - [TEST_STEP][PASSED] - beautytap.ShopAction.VerifyNumberItemInCart: Keyword VerifyNumberItemInCart is Passed, Number item in cart is 3, expected is 3

2018-09-24 11:05:56 - [MESSAGE][PASSED] - Object '' is present

2018-09-24 11:05:56 - [MESSAGE][PASSED] - Text of object '' is: '3'

2018-09-24 11:05:56 - [MESSAGE][PASSED] - Keyword VerifyNumberItemInCart is Passed, Number item in cart is 3, expected is 3

2018-09-24 11:05:56 - [TEST_STEP][PASSED] - beautytap.ShopAction.VerifyProductIsAddedToCart: beautytap.ShopAction.VerifyProductIsAddedToCart is PASSED

2018-09-24 11:05:56 - [MESSAGE][PASSED] - Object '' is present

2018-09-24 11:05:56 - [MESSAGE][PASSED] - beautytap.ShopAction.VerifyProductIsAddedToCart is PASSED

2018-09-24 11:05:56 - [TEST_STEP][PASSED] - beautytap.ShopAction.goToCart: beautytap.ShopAction.goToCart is PASSED

2018-09-24 11:06:01 - [MESSAGE][PASSED] - Object: 'Object Repository/Page_General/icon_cart' is clicked on

2018-09-24 11:06:01 - [MESSAGE][PASSED] - Wait for page load successfully

2018-09-24 11:06:01 - [MESSAGE][PASSED] - beautytap.ShopAction.goToCart is PASSED

2018-09-24 11:06:01 - [TEST_STEP][PASSED] - beautytap.ShopAction.VerifyProductInCart: Keyword VerifyProductInCart is Passed

2018-09-24 11:06:01 - [MESSAGE][PASSED] - Object '' is present

2018-09-24 11:06:01 - [MESSAGE][PASSED] - Text of object '' is: '$31.80'

2018-09-24 11:06:01 - [MESSAGE][PASSED] - Attribute 'value' of object '' is: '3'

2018-09-24 11:06:01 - [MESSAGE][PASSED] - Text of object '' is: '$95.40'

2018-09-24 11:06:01 - [MESSAGE][PASSED] - Keyword VerifyProductInCart is Passed

2018-09-24 11:06:01 - [TEST_STEP][PASSED] - beautytap.ShopAction.processToCheckout: beautytap.ShopAction.processToCheckout is PASSED

2018-09-24 11:06:06 - [MESSAGE][PASSED] - Object: 'Object Repository/Page_Cart/btn_checkout' is clicked on

2018-09-24 11:06:06 - [MESSAGE][PASSED] - Wait for page load successfully

2018-09-24 11:06:06 - [MESSAGE][PASSED] - beautytap.ShopAction.processToCheckout is PASSED

2018-09-24 11:06:06 - [TEST_STEP][PASSED] - beautytap.ShopAction.fillCustomerInformation: beautytap.ShopAction.fillCustomerInformation is PASSED

2018-09-24 11:06:06 - [MESSAGE][PASSED] - Text of object 'Object Repository/Page_Checkout/txt_billingFirstName' is cleared

2018-09-24 11:06:06 - [MESSAGE][PASSED] - Keys 'Test' sent to object: 'Object Repository/Page_Checkout/txt_billingFirstName'

2018-09-24 11:06:07 - [MESSAGE][PASSED] - Text of object 'Object Repository/Page_Checkout/txt_billingLastName' is cleared

2018-09-24 11:06:07 - [MESSAGE][PASSED] - Keys 'Automation' sent to object: 'Object Repository/Page_Checkout/txt_billingLastName'

2018-09-24 11:06:07 - [MESSAGE][PASSED] - All options with label 'United States (US)' are selected in object 'Object Repository/Page_Checkout/drop_billingCountry' 

2018-09-24 11:06:12 - [MESSAGE][PASSED] - Delayed 5 second(s)

2018-09-24 11:06:12 - [MESSAGE][PASSED] - Text of object 'Object Repository/Page_Checkout/txt_billingAddress' is cleared

2018-09-24 11:06:12 - [MESSAGE][PASSED] - Keys '123 Testing' sent to object: 'Object Repository/Page_Checkout/txt_billingAddress'

2018-09-24 11:06:12 - [MESSAGE][PASSED] - Text of object 'Object Repository/Page_Checkout/txt_billingCity' is cleared

2018-09-24 11:06:13 - [MESSAGE][PASSED] - Keys 'New York' sent to object: 'Object Repository/Page_Checkout/txt_billingCity'

2018-09-24 11:06:13 - [MESSAGE][PASSED] - All options with label 'New York' are selected in object 'Object Repository/Page_Checkout/drop_billingState' 

2018-09-24 11:06:13 - [MESSAGE][PASSED] - Text of object 'Object Repository/Page_Checkout/txt_billingZip' is cleared

2018-09-24 11:06:13 - [MESSAGE][PASSED] - Keys '90012' sent to object: 'Object Repository/Page_Checkout/txt_billingZip'

2018-09-24 11:06:13 - [MESSAGE][PASSED] - Text of object 'Object Repository/Page_Checkout/txt_billingEmail' is cleared

2018-09-24 11:06:14 - [MESSAGE][PASSED] - Keys 'auto110581@mailinator.com' sent to object: 'Object Repository/Page_Checkout/txt_billingEmail'

2018-09-24 11:06:14 - [MESSAGE][PASSED] - Object 'Object Repository/Page_Checkout/chk_shipToDifferentAddress' is un-checked

2018-09-24 11:06:14 - [MESSAGE][PASSED] - Text of object 'Object Repository/Page_Checkout/txt_orderNote' is cleared

2018-09-24 11:06:15 - [MESSAGE][PASSED] - Keys 'auto110581Order' sent to object: 'Object Repository/Page_Checkout/txt_orderNote'

2018-09-24 11:06:15 - [MESSAGE][PASSED] - Object 'Object Repository/Page_Checkout/radio_creditCard' is checked

2018-09-24 11:06:20 - [MESSAGE][PASSED] - Delayed 5 second(s)

2018-09-24 11:06:20 - [MESSAGE][PASSED] - beautytap.ShopAction.fillCustomerInformation is PASSED

2018-09-24 11:06:20 - [TEST_STEP][PASSED] - beautytap.ShopAction.VerifyOrderDetailsOnCheckout: Keyword VerifyOrderDetailsOnCheckout is Passed

2018-09-24 11:06:20 - [MESSAGE][PASSED] - Object '' is present

2018-09-24 11:06:20 - [MESSAGE][PASSED] - Text of object '' is: '$95.40'

2018-09-24 11:06:20 - [MESSAGE][PASSED] - Text of object '' is: 'Free shipping for orders over $60
Why does shipping take this long?'

2018-09-24 11:06:20 - [MESSAGE][PASSED] - Text of object '' is: '$95.40'

2018-09-24 11:06:20 - [MESSAGE][PASSED] - Keyword VerifyOrderDetailsOnCheckout is Passed

2018-09-24 11:06:20 - [TEST_STEP][PASSED] - beautytap.ShopAction.checkoutViaPaypal: beautytap.ShopAction.checkoutViaPaypal is PASSED

2018-09-24 11:06:20 - [MESSAGE][PASSED] - Object 'Object Repository/Page_Checkout/radio_paypal' is checked

2018-09-24 11:06:25 - [MESSAGE][PASSED] - Delayed 5 second(s)

2018-09-24 11:06:25 - [MESSAGE][PASSED] - Object 'Object Repository/Page_Checkout/chk_terms' is checked

2018-09-24 11:06:25 - [MESSAGE][PASSED] - Object: 'Object Repository/Page_Checkout/btn_placeOrder' is clicked on

2018-09-24 11:06:33 - [MESSAGE][PASSED] - Object 'Object Repository/Page_Paypal/txt_email' is present

2018-09-24 11:06:33 - [MESSAGE][PASSED] - Text of object 'Object Repository/Page_Paypal/txt_email' is cleared

2018-09-24 11:06:33 - [MESSAGE][PASSED] - Keys 'g1.posiba@gmail.com' sent to object: 'Object Repository/Page_Paypal/txt_email'

2018-09-24 11:06:33 - [MESSAGE][PASSED] - Text of object 'Object Repository/Page_Paypal/txt_password' is cleared

2018-09-24 11:06:33 - [MESSAGE][PASSED] - Keys 'Tr@ng99%' sent to object: 'Object Repository/Page_Paypal/txt_password'

2018-09-24 11:06:51 - [MESSAGE][PASSED] - Object: 'Object Repository/Page_Paypal/btn_login' is clicked on

2018-09-24 11:06:59 - [MESSAGE][PASSED] - Object 'Object Repository/Page_Paypal/btn_payNow' is present

2018-09-24 11:07:04 - [MESSAGE][PASSED] - Delayed 5 second(s)

2018-09-24 11:07:04 - [MESSAGE][PASSED] - Object: 'Object Repository/Page_Paypal/btn_payNow' is clicked on

2018-09-24 11:07:24 - [MESSAGE][PASSED] - Object 'Object Repository/Page_Checkout/lbl_orderReceived' is present

2018-09-24 11:07:24 - [MESSAGE][PASSED] - beautytap.ShopAction.checkoutViaPaypal is PASSED

2018-09-24 11:07:24 - [TEST_STEP][PASSED] - beautytap.ShopAction.VerifyOrderReceivedDetails: Keyword VerifyOrderReceivedDetails is Passed

2018-09-24 11:07:24 - [MESSAGE][PASSED] - Object '' is present

2018-09-24 11:07:24 - [MESSAGE][PASSED] - Text of object '' is: '$95.40'

2018-09-24 11:07:24 - [MESSAGE][PASSED] - Text of object '' is: 'Free shipping for orders over $60'

2018-09-24 11:07:30 - [MESSAGE][WARNING] - com.kms.katalon.core.webui.exception.WebElementNotFoundException: Web element with id: '' located by 'By.xpath: //th[text()='Shipping:']/parent::tr/td/span' not found
[[ATTACHMENT|E:\\BeautytapAutomation\\beautytapAuto\\Beautytap\\Reports\\Regression\\20180924_105046\\1537762050064.png]]

2018-09-24 11:07:30 - [MESSAGE][PASSED] - Text of object '' is: 'PayPal'

2018-09-24 11:07:30 - [MESSAGE][PASSED] - Text of object '' is: '$95.40'

2018-09-24 11:07:30 - [MESSAGE][PASSED] - Keyword VerifyOrderReceivedDetails is Passed

2018-09-24 11:07:30 - [TEST_STEP][PASSED] - closeBrowser: Browser is closed

2018-09-24 11:07:31 - [MESSAGE][PASSED] - Browser is closed]]></system-out>
         <system-err><![CDATA[]]></system-err>
      </testcase>
      <testcase name="Test Cases/Shop/TC06_Browse_VariationProduct_Sale_AmazonPayAtCart_LessThan60_EMS" classname="Test Cases/Shop/TC06_Browse_VariationProduct_Sale_AmazonPayAtCart_LessThan60_EMS" status="PASSED">
         <system-out><![CDATA[2018-09-24 11:07:33 - [TEST_CASE][PASSED] - Test Cases/Shop/TC06_Browse_VariationProduct_Sale_AmazonPayAtCart_LessThan60_EMS: Test Cases/Shop/TC06_Browse_VariationProduct_Sale_AmazonPayAtCart_LessThan60_EMS

2018-09-24 11:07:33 - [TEST_STEP][PASSED] - Statement - productName = VARIATION_SALE_PRODUCT: null

2018-09-24 11:07:33 - [TEST_STEP][PASSED] - Statement - saleprice = VARIATION_SALE_PRICE1: null

2018-09-24 11:07:33 - [TEST_STEP][PASSED] - Statement - redularprice = VARIATION_SALE_REGULAR_PRICE1: null

2018-09-24 11:07:33 - [TEST_STEP][PASSED] - Statement - variation = VARIATION_SALE_NAME1: null

2018-09-24 11:07:33 - [TEST_STEP][PASSED] - Statement - r_string = new java.lang.Math().random().toString().substring(2, 8): null

2018-09-24 11:07:33 - [TEST_STEP][PASSED] - Statement - email = "auto" + r_string + "@mailinator.com": null

2018-09-24 11:07:33 - [TEST_STEP][PASSED] - Statement - orderNote = "auto" + r_string + "Order": null

2018-09-24 11:07:33 - [TEST_STEP][PASSED] - Statement - currentNumberItemInCart = <not implemented yet for class: org.codehaus.groovy.ast.expr.EmptyExpression>: null

2018-09-24 11:07:33 - [TEST_STEP][PASSED] - Statement - quantity = 5: null

2018-09-24 11:07:33 - [TEST_STEP][PASSED] - Statement - shippingLabel = EMS_SHIPPING_LABEL: null

2018-09-24 11:07:33 - [TEST_STEP][PASSED] - Statement - shippingPrice = EMS_SHIPPING_PRICE: null

2018-09-24 11:07:33 - [TEST_STEP][PASSED] - Statement - subtotal = CustomKeywords.beautytap.ShopAction.calculateTotal(quantity, saleprice): beautytap.ShopAction.calculateTotal is PASSED

2018-09-24 11:07:33 - [MESSAGE][PASSED] - beautytap.ShopAction.calculateTotal is PASSED

2018-09-24 11:07:33 - [TEST_STEP][PASSED] - Statement - total = subtotal + shippingPrice: null

2018-09-24 11:07:33 - [TEST_STEP][PASSED] - Statement - total = CustomKeywords.beautytap.ShopAction.calculateTotal(1, total): beautytap.ShopAction.calculateTotal is PASSED

2018-09-24 11:07:33 - [MESSAGE][PASSED] - beautytap.ShopAction.calculateTotal is PASSED

2018-09-24 11:07:33 - [TEST_STEP][PASSED] - Statement - products = new org.json.JSONArray((((((((([{"productname":" + productName) + ","variation":") + variation) + ","quantity":") + quantity) + ","price":") + saleprice) + "}])): null

2018-09-24 11:07:33 - [TEST_STEP][PASSED] - Statement - billingInformation = new org.json.JSONObject((({"firstname":"Test","lastname":"Automation","country":"United States (US)","address":"123 Testing","city":"New York","state":"New York","zip":"90012","email":" + email) + "})): null

2018-09-24 11:07:33 - [TEST_STEP][PASSED] - Statement - shippingType = "EMS": null

2018-09-24 11:07:33 - [TEST_STEP][PASSED] - Statement - paymentMethod = "Amazon Pay": null

2018-09-24 11:07:33 - [TEST_STEP][PASSED] - Statement - category = "Brands": null

2018-09-24 11:07:33 - [TEST_STEP][PASSED] - Statement - subcategory = "Innisfree": null

2018-09-24 11:07:33 - [TEST_STEP][PASSED] - beautytap.GeneralAction.openBeautytap: beautytap.GeneralAction.openBeautytap is PASSED

2018-09-24 11:08:09 - [MESSAGE][PASSED] - Browser is opened with url: 'https://stage.beautytap.com'

2018-09-24 11:08:10 - [MESSAGE][PASSED] - Current window maximized

2018-09-24 11:08:14 - [MESSAGE][PASSED] - Refresh successfully

2018-09-24 11:08:14 - [MESSAGE][PASSED] - Wait for page load successfully

2018-09-24 11:08:14 - [MESSAGE][PASSED] - beautytap.GeneralAction.openBeautytap is PASSED

2018-09-24 11:08:14 - [TEST_STEP][PASSED] - beautytap.ShopAction.selectCategory: beautytap.ShopAction.selectCategory is PASSED

2018-09-24 11:08:14 - [MESSAGE][PASSED] - Object: '' is clicked on

2018-09-24 11:08:16 - [MESSAGE][PASSED] - Delayed 2 second(s)

2018-09-24 11:08:26 - [MESSAGE][PASSED] - Object: '' is clicked on

2018-09-24 11:08:26 - [MESSAGE][PASSED] - Wait for page load successfully

2018-09-24 11:08:26 - [MESSAGE][PASSED] - beautytap.ShopAction.selectCategory is PASSED

2018-09-24 11:08:26 - [TEST_STEP][PASSED] - beautytap.ShopAction.findProductOnProductList: beautytap.ShopAction.findProductOnProductList is PASSED

2018-09-24 11:08:26 - [MESSAGE][PASSED] - Text of object '' is: '3'

2018-09-24 11:08:31 - [MESSAGE][WARNING] - com.kms.katalon.core.webui.exception.WebElementNotFoundException: Web element with id: '' located by 'By.xpath: //a[text()='Innisfree Eye Contouring Stick Round Shape 0.7g']' not found
[[ATTACHMENT|E:\\BeautytapAutomation\\beautytapAuto\\Beautytap\\Reports\\Regression\\20180924_105046\\1537762111585.png]]

2018-09-24 11:08:41 - [MESSAGE][PASSED] - Object: '' is clicked on

2018-09-24 11:08:41 - [MESSAGE][PASSED] - Wait for page load successfully

2018-09-24 11:08:41 - [MESSAGE][PASSED] - Object '' is present

2018-09-24 11:08:41 - [MESSAGE][PASSED] - beautytap.ShopAction.findProductOnProductList is PASSED

2018-09-24 11:08:41 - [TEST_STEP][PASSED] - beautytap.ShopAction.VerifyProductOnProductList: Keyword VerifyProductOnProductList is Passed

2018-09-24 11:08:41 - [MESSAGE][PASSED] - Object '' is present

2018-09-24 11:08:41 - [MESSAGE][PASSED] - Text of object '' is: '$4.95'

2018-09-24 11:08:41 - [MESSAGE][PASSED] - Get CSS 'color' value on '' successfully: 'rgba(255, 35, 134, 1)'.

2018-09-24 11:08:41 - [MESSAGE][PASSED] - Get CSS 'color' value on '' successfully: 'rgba(255, 35, 134, 1)'.

2018-09-24 11:08:41 - [MESSAGE][PASSED] - Text of object '' is: '$6.50'

2018-09-24 11:08:41 - [MESSAGE][PASSED] - Get CSS 'color' value on '' successfully: 'rgba(255, 35, 134, 1)'.

2018-09-24 11:08:41 - [MESSAGE][PASSED] - Get CSS 'color' value on '' successfully: 'rgba(255, 35, 134, 1)'.

2018-09-24 11:08:41 - [MESSAGE][PASSED] - Keyword VerifyProductOnProductList is Passed

2018-09-24 11:08:41 - [TEST_STEP][PASSED] - beautytap.ShopAction.selectProductOnProductList: beautytap.ShopAction.selectProductOnProductList is PASSED

2018-09-24 11:08:49 - [MESSAGE][PASSED] - Object: '' is clicked on

2018-09-24 11:08:49 - [MESSAGE][PASSED] - Wait for page load successfully

2018-09-24 11:08:49 - [MESSAGE][PASSED] - beautytap.ShopAction.selectProductOnProductList is PASSED

2018-09-24 11:08:49 - [TEST_STEP][PASSED] - beautytap.ShopAction.selectProductVariation: beautytap.ShopAction.selectProductVariation is PASSED

2018-09-24 11:08:49 - [MESSAGE][PASSED] - Object: 'Object Repository/Page_Shop/drop_chooseOption' is clicked on

2018-09-24 11:08:50 - [MESSAGE][PASSED] - Delayed 1 second(s)

2018-09-24 11:08:50 - [MESSAGE][PASSED] - Object: '' is clicked on

2018-09-24 11:08:50 - [MESSAGE][PASSED] - beautytap.ShopAction.selectProductVariation is PASSED

2018-09-24 11:08:50 - [TEST_STEP][PASSED] - beautytap.ShopAction.VerifyProductDetails: Keyword VerifyProductDetails is Passed

2018-09-24 11:08:50 - [MESSAGE][PASSED] - Text of object '' is: 'Innisfree Eye Contouring Stick Round Shape 0.7g'

2018-09-24 11:08:51 - [MESSAGE][PASSED] - All options with label '5' are selected in object 'Object Repository/Page_Shop/drop_chooseOption' 

2018-09-24 11:08:51 - [MESSAGE][PASSED] - Text of object '' is: '$6.50'

2018-09-24 11:08:51 - [MESSAGE][PASSED] - Get CSS 'color' value on '' successfully: 'rgba(195, 195, 195, 1)'.

2018-09-24 11:08:51 - [MESSAGE][PASSED] - Text of object '' is: '$4.95'

2018-09-24 11:08:51 - [MESSAGE][PASSED] - Get CSS 'color' value on '' successfully: 'rgba(255, 35, 134, 1)'.

2018-09-24 11:08:51 - [MESSAGE][PASSED] - Keyword VerifyProductDetails is Passed

2018-09-24 11:08:51 - [TEST_STEP][PASSED] - Statement - currentNumberItemInCart = CustomKeywords.beautytap.ShopAction.getNumberItemInCart(): beautytap.ShopAction.getNumberItemInCart is PASSED

2018-09-24 11:08:56 - [MESSAGE][WARNING] - com.kms.katalon.core.webui.exception.WebElementNotFoundException: Web element with id: '' located by 'By.xpath: //div[@class='header-right-top pull-right']/a[@class='shop-cart']/span[@class='number-cart']' not found
[[ATTACHMENT|E:\\BeautytapAutomation\\beautytapAuto\\Beautytap\\Reports\\Regression\\20180924_105046\\1537762136702.png]]

2018-09-24 11:08:56 - [MESSAGE][PASSED] - beautytap.ShopAction.getNumberItemInCart is PASSED

2018-09-24 11:08:56 - [TEST_STEP][PASSED] - beautytap.ShopAction.addProductToCart: beautytap.ShopAction.addProductToCart is PASSED

2018-09-24 11:08:57 - [MESSAGE][PASSED] - Text of object 'Object Repository/Page_Shop/txt_quantity' is cleared

2018-09-24 11:08:57 - [MESSAGE][PASSED] - Keys '5' sent to object: 'Object Repository/Page_Shop/txt_quantity'

2018-09-24 11:08:57 - [MESSAGE][PASSED] - Object: 'Object Repository/Page_Shop/btn_addToCart' is clicked on

2018-09-24 11:08:57 - [MESSAGE][PASSED] - Wait for page load successfully

2018-09-24 11:09:03 - [MESSAGE][PASSED] - Object 'Object Repository/Page_Shop/lbl_message' is present

2018-09-24 11:09:03 - [MESSAGE][PASSED] - beautytap.ShopAction.addProductToCart is PASSED

2018-09-24 11:09:03 - [TEST_STEP][PASSED] - beautytap.ShopAction.VerifyNumberItemInCart: Keyword VerifyNumberItemInCart is Passed, Number item in cart is 5, expected is 5

2018-09-24 11:09:03 - [MESSAGE][PASSED] - Object '' is present

2018-09-24 11:09:03 - [MESSAGE][PASSED] - Text of object '' is: '5'

2018-09-24 11:09:03 - [MESSAGE][PASSED] - Keyword VerifyNumberItemInCart is Passed, Number item in cart is 5, expected is 5

2018-09-24 11:09:03 - [TEST_STEP][PASSED] - beautytap.ShopAction.VerifyProductIsAddedToCart: beautytap.ShopAction.VerifyProductIsAddedToCart is PASSED

2018-09-24 11:09:03 - [MESSAGE][PASSED] - Object '' is present

2018-09-24 11:09:03 - [MESSAGE][PASSED] - beautytap.ShopAction.VerifyProductIsAddedToCart is PASSED

2018-09-24 11:09:03 - [TEST_STEP][PASSED] - beautytap.ShopAction.goToCart: beautytap.ShopAction.goToCart is PASSED

2018-09-24 11:09:08 - [MESSAGE][PASSED] - Object: 'Object Repository/Page_General/icon_cart' is clicked on

2018-09-24 11:09:08 - [MESSAGE][PASSED] - Wait for page load successfully

2018-09-24 11:09:08 - [MESSAGE][PASSED] - beautytap.ShopAction.goToCart is PASSED

2018-09-24 11:09:08 - [TEST_STEP][PASSED] - beautytap.ShopAction.VerifyProductInCart: Keyword VerifyProductInCart is Passed

2018-09-24 11:09:08 - [MESSAGE][PASSED] - Object '' is present

2018-09-24 11:09:08 - [MESSAGE][PASSED] - Text of object '' is: '$4.95'

2018-09-24 11:09:09 - [MESSAGE][PASSED] - Attribute 'value' of object '' is: '5'

2018-09-24 11:09:09 - [MESSAGE][PASSED] - Text of object '' is: '$24.75'

2018-09-24 11:09:09 - [MESSAGE][PASSED] - Keyword VerifyProductInCart is Passed

2018-09-24 11:09:09 - [TEST_STEP][PASSED] - beautytap.ShopAction.loginAmazonPay: beautytap.ShopAction.loginAmazonPay is PASSED

2018-09-24 11:09:09 - [MESSAGE][PASSED] - Object: 'Object Repository/Page_Cart/btn_payWithAmazon' is clicked on

2018-09-24 11:09:09 - [MESSAGE][PASSED] - Switched to window with index: '1'

2018-09-24 11:09:11 - [MESSAGE][PASSED] - Object 'Object Repository/Popup_Amazon/txt_email' is present

2018-09-24 11:09:11 - [MESSAGE][PASSED] - Text of object 'Object Repository/Popup_Amazon/txt_email' is cleared

2018-09-24 11:09:11 - [MESSAGE][PASSED] - Keys 'amazontest1503@yopmail.com' sent to object: 'Object Repository/Popup_Amazon/txt_email'

2018-09-24 11:09:11 - [MESSAGE][PASSED] - Text of object 'Object Repository/Popup_Amazon/txt_password' is cleared

2018-09-24 11:09:11 - [MESSAGE][PASSED] - Keys '123456' sent to object: 'Object Repository/Popup_Amazon/txt_password'

2018-09-24 11:09:13 - [MESSAGE][PASSED] - Object: 'Object Repository/Popup_Amazon/btn_signin' is clicked on

2018-09-24 11:09:13 - [MESSAGE][PASSED] - Switched to window with index: '0'

2018-09-24 11:09:43 - [MESSAGE][PASSED] - Delayed 30 second(s)

2018-09-24 11:09:43 - [MESSAGE][PASSED] - beautytap.ShopAction.loginAmazonPay is PASSED

2018-09-24 11:09:43 - [TEST_STEP][PASSED] - beautytap.ShopAction.selectShipping: beautytap.ShopAction.selectShipping is PASSED

2018-09-24 11:09:44 - [MESSAGE][PASSED] - Object '' is checked

2018-09-24 11:09:49 - [MESSAGE][PASSED] - Delayed 5 second(s)

2018-09-24 11:09:49 - [MESSAGE][PASSED] - beautytap.ShopAction.selectShipping is PASSED

2018-09-24 11:09:49 - [TEST_STEP][PASSED] - beautytap.ShopAction.VerifyOrderDetailsOnCheckout: Keyword VerifyOrderDetailsOnCheckout is Passed

2018-09-24 11:09:49 - [MESSAGE][PASSED] - Object '' is present

2018-09-24 11:09:49 - [MESSAGE][PASSED] - Text of object '' is: '$24.75'

2018-09-24 11:09:49 - [MESSAGE][PASSED] - Object '' has attribute 'checked'

2018-09-24 11:09:49 - [MESSAGE][PASSED] - Text of object '' is: '($25) - EMS Express shipping (est. 10-14 working days delivery including processing): $25.00'

2018-09-24 11:09:49 - [MESSAGE][PASSED] - Text of object '' is: '$25.00'

2018-09-24 11:09:49 - [MESSAGE][PASSED] - Text of object '' is: '$49.75'

2018-09-24 11:09:49 - [MESSAGE][PASSED] - Keyword VerifyOrderDetailsOnCheckout is Passed

2018-09-24 11:09:49 - [TEST_STEP][PASSED] - beautytap.ShopAction.checkoutViaAmazonPay: beautytap.ShopAction.checkoutViaAmazonPay is PASSED

2018-09-24 11:09:49 - [MESSAGE][PASSED] - Object 'Object Repository/Page_Checkout/chk_terms' is clickable

2018-09-24 11:09:49 - [MESSAGE][PASSED] - Object 'Object Repository/Page_Checkout/chk_terms' is checked

2018-09-24 11:09:49 - [MESSAGE][PASSED] - Object: 'Object Repository/Page_Checkout/btn_placeOrder' is clicked on

2018-09-24 11:10:03 - [MESSAGE][PASSED] - Object 'Object Repository/Page_Checkout/lbl_orderReceived' is present

2018-09-24 11:10:03 - [MESSAGE][PASSED] - beautytap.ShopAction.checkoutViaAmazonPay is PASSED

2018-09-24 11:10:03 - [TEST_STEP][PASSED] - beautytap.ShopAction.VerifyOrderReceivedDetails: Keyword VerifyOrderReceivedDetails is Passed

2018-09-24 11:10:03 - [MESSAGE][PASSED] - Object '' is present

2018-09-24 11:10:03 - [MESSAGE][PASSED] - Text of object '' is: '$24.75'

2018-09-24 11:10:03 - [MESSAGE][PASSED] - Text of object '' is: '$25.00 via ($25) - EMS Express shipping (est. 10-14 working days delivery including processing)'

2018-09-24 11:10:03 - [MESSAGE][PASSED] - Object '' is present

2018-09-24 11:10:03 - [MESSAGE][PASSED] - Text of object '' is: '$25.00'

2018-09-24 11:10:03 - [MESSAGE][PASSED] - Text of object '' is: 'Amazon Pay'

2018-09-24 11:10:03 - [MESSAGE][PASSED] - Text of object '' is: '$49.75'

2018-09-24 11:10:03 - [MESSAGE][PASSED] - Keyword VerifyOrderReceivedDetails is Passed

2018-09-24 11:10:03 - [TEST_STEP][PASSED] - closeBrowser: Browser is closed

2018-09-24 11:10:04 - [MESSAGE][PASSED] - Browser is closed]]></system-out>
         <system-err><![CDATA[]]></system-err>
      </testcase>
      <testcase name="Test Cases/Shop/TC07_BuyProduct_EarnPendingPoint_EarnRedeemablePoint" classname="Test Cases/Shop/TC07_BuyProduct_EarnPendingPoint_EarnRedeemablePoint" status="PASSED">
         <system-out><![CDATA[2018-09-24 11:10:06 - [TEST_CASE][PASSED] - Test Cases/Shop/TC07_BuyProduct_EarnPendingPoint_EarnRedeemablePoint: Test Cases/Shop/TC07_BuyProduct_EarnPendingPoint_EarnRedeemablePoint

2018-09-24 11:10:07 - [TEST_STEP][PASSED] - Statement - username = USER_EMAIL: null

2018-09-24 11:10:07 - [TEST_STEP][PASSED] - Statement - password = USER_PASSWORD: null

2018-09-24 11:10:07 - [TEST_STEP][PASSED] - Statement - productName = SIMPLE_PRODUCT: null

2018-09-24 11:10:07 - [TEST_STEP][PASSED] - Statement - price = SIMPLE_PRODUCT_PRICE: null

2018-09-24 11:10:07 - [TEST_STEP][PASSED] - Statement - quantity = 3: null

2018-09-24 11:10:07 - [TEST_STEP][PASSED] - Statement - shippingLabel = FREE_SHIPPING_LABEL: null

2018-09-24 11:10:07 - [TEST_STEP][PASSED] - Statement - shippingPrice = 0: null

2018-09-24 11:10:07 - [TEST_STEP][PASSED] - Statement - subtotal = CustomKeywords.beautytap.ShopAction.calculateTotal(quantity, price): beautytap.ShopAction.calculateTotal is PASSED

2018-09-24 11:10:07 - [MESSAGE][PASSED] - beautytap.ShopAction.calculateTotal is PASSED

2018-09-24 11:10:07 - [TEST_STEP][PASSED] - Statement - total = subtotal + shippingPrice: null

2018-09-24 11:10:07 - [TEST_STEP][PASSED] - Statement - products = new org.json.JSONArray((((((([{"productname":" + productName) + ","variation":"","quantity":") + quantity) + ","price":") + price) + "}])): null

2018-09-24 11:10:07 - [TEST_STEP][PASSED] - Statement - billingInformation = new org.json.JSONObject((({"firstname":"Test","lastname":"Automation","country":"United States (US)","address":"123 Testing","city":"New York","state":"New York","zip":"90012","email":" + username) + "})): null

2018-09-24 11:10:07 - [TEST_STEP][PASSED] - Statement - paymentMethod = "PayPal": null

2018-09-24 11:10:07 - [TEST_STEP][PASSED] - beautytap.GeneralAction.openBeautytap: beautytap.GeneralAction.openBeautytap is PASSED

2018-09-24 11:10:32 - [MESSAGE][PASSED] - Browser is opened with url: 'https://stage.beautytap.com'

2018-09-24 11:10:33 - [MESSAGE][PASSED] - Current window maximized

2018-09-24 11:10:36 - [MESSAGE][PASSED] - Refresh successfully

2018-09-24 11:10:36 - [MESSAGE][PASSED] - Wait for page load successfully

2018-09-24 11:10:36 - [MESSAGE][PASSED] - beautytap.GeneralAction.openBeautytap is PASSED

2018-09-24 11:10:36 - [TEST_STEP][PASSED] - beautytap.GeneralAction.clickNavigationMenu: beautytap.GeneralAction.clickNavigationMenu is PASSED

2018-09-24 11:10:39 - [MESSAGE][PASSED] - Object: 'Object Repository/Page_General/link_login' is clicked on

2018-09-24 11:10:39 - [MESSAGE][PASSED] - Wait for page load successfully

2018-09-24 11:10:39 - [MESSAGE][PASSED] - beautytap.GeneralAction.clickNavigationMenu is PASSED

2018-09-24 11:10:39 - [TEST_STEP][PASSED] - beautytap.GeneralAction.login: beautytap.GeneralAction.login is PASSED

2018-09-24 11:10:39 - [MESSAGE][PASSED] - Text of object 'Object Repository/Page_login/txt_username' is cleared

2018-09-24 11:10:39 - [MESSAGE][PASSED] - Keys 'trang2408@mailinator.com' sent to object: 'Object Repository/Page_login/txt_username'

2018-09-24 11:10:39 - [MESSAGE][PASSED] - Text of object 'Object Repository/Page_login/txt_password' is cleared

2018-09-24 11:10:40 - [MESSAGE][PASSED] - Keys '123456' sent to object: 'Object Repository/Page_login/txt_password'

2018-09-24 11:10:40 - [MESSAGE][PASSED] - Object: 'Object Repository/Page_login/btn_login' is clicked on

2018-09-24 11:10:40 - [MESSAGE][PASSED] - Wait for page load successfully

2018-09-24 11:10:40 - [MESSAGE][PASSED] - beautytap.GeneralAction.login is PASSED

2018-09-24 11:10:40 - [TEST_STEP][PASSED] - beautytap.GeneralAction.selectProfileMenu: beautytap.GeneralAction.selectProfileMenu is PASSED

2018-09-24 11:10:48 - [MESSAGE][PASSED] - Object: 'Object Repository/Page_General/link_avatar' is clicked on

2018-09-24 11:10:50 - [MESSAGE][PASSED] - Delayed 2 second(s)

2018-09-24 11:10:54 - [MESSAGE][PASSED] - Object: '' is clicked on

2018-09-24 11:10:54 - [MESSAGE][PASSED] - Wait for page load successfully

2018-09-24 11:10:54 - [MESSAGE][PASSED] - beautytap.GeneralAction.selectProfileMenu is PASSED

2018-09-24 11:10:54 - [TEST_STEP][PASSED] - Statement - objReward = CustomKeywords.beautytap.ShopAction.getRewardDetails(): beautytap.ShopAction.getRewardDetails is PASSED

2018-09-24 11:10:54 - [MESSAGE][PASSED] - Text of object '' is: '1.1 x Rewards Multiplier!'

2018-09-24 11:10:54 - [MESSAGE][PASSED] - Text of object '' is: '1.1 x Rewards Multiplier!'

2018-09-24 11:10:54 - [MESSAGE][PASSED] - Text of object '' is: '5187.61'

2018-09-24 11:10:54 - [MESSAGE][PASSED] - Text of object '' is: '3057.44'

2018-09-24 11:10:54 - [MESSAGE][PASSED] - Text of object '' is: '2997.61'

2018-09-24 11:10:54 - [MESSAGE][PASSED] - Text of object '' is: '$152.00'

2018-09-24 11:10:54 - [MESSAGE][PASSED] - Text of object '' is: 'Beauty Bae'

2018-09-24 11:10:54 - [MESSAGE][PASSED] - beautytap.ShopAction.getRewardDetails is PASSED

2018-09-24 11:10:54 - [TEST_STEP][PASSED] - Statement - multiplier = java.lang.Float.parseFloat(objReward.get("multiplier")): null

2018-09-24 11:10:54 - [TEST_STEP][PASSED] - Statement - currentlevel = objReward.get("currentlevel"): null

2018-09-24 11:10:54 - [TEST_STEP][PASSED] - Statement - lifetime = java.lang.Float.parseFloat(objReward.get("lifetime")): null

2018-09-24 11:10:54 - [TEST_STEP][PASSED] - Statement - pending = java.lang.Float.parseFloat(objReward.get("pending")): null

2018-09-24 11:10:54 - [TEST_STEP][PASSED] - Statement - redeemable = java.lang.Float.parseFloat(objReward.get("redeemable")): null

2018-09-24 11:10:54 - [TEST_STEP][PASSED] - Statement - pointvalue = java.lang.Float.parseFloat(objReward.get("pointvalue")): null

2018-09-24 11:10:54 - [TEST_STEP][PASSED] - Statement - rewardEarned = java.lang.Float.parseFloat(java.lang.String.format("%.2f", multiplier * subtotal)): null

2018-09-24 11:10:54 - [TEST_STEP][PASSED] - Statement - notificationMessage = "You received " + rewardEarned + " redeemable points": null

2018-09-24 11:10:54 - [TEST_STEP][PASSED] - beautytap.ShopAction.globalSearch: beautytap.ShopAction.globalSearch is PASSED

2018-09-24 11:10:54 - [MESSAGE][PASSED] - Object: 'Object Repository/Page_General/icon_search' is clicked on

2018-09-24 11:10:59 - [MESSAGE][PASSED] - Delayed 5 second(s)

2018-09-24 11:10:59 - [MESSAGE][PASSED] - Text of object 'Object Repository/Page_General/txt_search' is cleared

2018-09-24 11:10:59 - [MESSAGE][PASSED] - Keys 'CONTROL + v' sent to object: 'Object Repository/Page_General/txt_search'

2018-09-24 11:11:01 - [MESSAGE][PASSED] - Object 'Object Repository/Page_General/div_searchResult' is present

2018-09-24 11:11:01 - [MESSAGE][PASSED] - beautytap.ShopAction.globalSearch is PASSED

2018-09-24 11:11:01 - [TEST_STEP][PASSED] - beautytap.ShopAction.selectProductOnSearchResult: beautytap.ShopAction.selectProductOnSearchResult is PASSED

2018-09-24 11:11:08 - [MESSAGE][PASSED] - Object: '' is clicked on

2018-09-24 11:11:08 - [MESSAGE][PASSED] - Wait for page load successfully

2018-09-24 11:11:08 - [MESSAGE][PASSED] - beautytap.ShopAction.selectProductOnSearchResult is PASSED

2018-09-24 11:11:08 - [TEST_STEP][PASSED] - beautytap.ShopAction.addProductToCart: beautytap.ShopAction.addProductToCart is PASSED

2018-09-24 11:11:08 - [MESSAGE][PASSED] - Text of object 'Object Repository/Page_Shop/txt_quantity' is cleared

2018-09-24 11:11:08 - [MESSAGE][PASSED] - Keys '3' sent to object: 'Object Repository/Page_Shop/txt_quantity'

2018-09-24 11:11:08 - [MESSAGE][PASSED] - Object: 'Object Repository/Page_Shop/btn_addToCart' is clicked on

2018-09-24 11:11:08 - [MESSAGE][PASSED] - Wait for page load successfully

2018-09-24 11:11:13 - [MESSAGE][PASSED] - Object 'Object Repository/Page_Shop/lbl_message' is present

2018-09-24 11:11:13 - [MESSAGE][PASSED] - beautytap.ShopAction.addProductToCart is PASSED

2018-09-24 11:11:13 - [TEST_STEP][PASSED] - beautytap.ShopAction.goToCart: beautytap.ShopAction.goToCart is PASSED

2018-09-24 11:11:18 - [MESSAGE][PASSED] - Object: 'Object Repository/Page_General/icon_cart' is clicked on

2018-09-24 11:11:18 - [MESSAGE][PASSED] - Wait for page load successfully

2018-09-24 11:11:18 - [MESSAGE][PASSED] - beautytap.ShopAction.goToCart is PASSED

2018-09-24 11:11:18 - [TEST_STEP][PASSED] - beautytap.ShopAction.processToCheckout: beautytap.ShopAction.processToCheckout is PASSED

2018-09-24 11:11:22 - [MESSAGE][PASSED] - Object: 'Object Repository/Page_Cart/btn_checkout' is clicked on

2018-09-24 11:11:22 - [MESSAGE][PASSED] - Wait for page load successfully

2018-09-24 11:11:22 - [MESSAGE][PASSED] - beautytap.ShopAction.processToCheckout is PASSED

2018-09-24 11:11:22 - [TEST_STEP][PASSED] - beautytap.ShopAction.fillCustomerInformation: beautytap.ShopAction.fillCustomerInformation is PASSED

2018-09-24 11:11:22 - [MESSAGE][PASSED] - Text of object 'Object Repository/Page_Checkout/txt_billingFirstName' is cleared

2018-09-24 11:11:23 - [MESSAGE][PASSED] - Keys 'Test' sent to object: 'Object Repository/Page_Checkout/txt_billingFirstName'

2018-09-24 11:11:23 - [MESSAGE][PASSED] - Text of object 'Object Repository/Page_Checkout/txt_billingLastName' is cleared

2018-09-24 11:11:23 - [MESSAGE][PASSED] - Keys 'Automation' sent to object: 'Object Repository/Page_Checkout/txt_billingLastName'

2018-09-24 11:11:23 - [MESSAGE][PASSED] - All options with label 'United States (US)' are selected in object 'Object Repository/Page_Checkout/drop_billingCountry' 

2018-09-24 11:11:28 - [MESSAGE][PASSED] - Delayed 5 second(s)

2018-09-24 11:11:28 - [MESSAGE][PASSED] - Text of object 'Object Repository/Page_Checkout/txt_billingAddress' is cleared

2018-09-24 11:11:28 - [MESSAGE][PASSED] - Keys '123 Testing' sent to object: 'Object Repository/Page_Checkout/txt_billingAddress'

2018-09-24 11:11:29 - [MESSAGE][PASSED] - Text of object 'Object Repository/Page_Checkout/txt_billingCity' is cleared

2018-09-24 11:11:29 - [MESSAGE][PASSED] - Keys 'New York' sent to object: 'Object Repository/Page_Checkout/txt_billingCity'

2018-09-24 11:11:29 - [MESSAGE][PASSED] - All options with label 'New York' are selected in object 'Object Repository/Page_Checkout/drop_billingState' 

2018-09-24 11:11:29 - [MESSAGE][PASSED] - Text of object 'Object Repository/Page_Checkout/txt_billingZip' is cleared

2018-09-24 11:11:29 - [MESSAGE][PASSED] - Keys '90012' sent to object: 'Object Repository/Page_Checkout/txt_billingZip'

2018-09-24 11:11:29 - [MESSAGE][PASSED] - Text of object 'Object Repository/Page_Checkout/txt_billingEmail' is cleared

2018-09-24 11:11:30 - [MESSAGE][PASSED] - Keys 'trang2408@mailinator.com' sent to object: 'Object Repository/Page_Checkout/txt_billingEmail'

2018-09-24 11:11:30 - [MESSAGE][PASSED] - Object 'Object Repository/Page_Checkout/chk_shipToDifferentAddress' is un-checked

2018-09-24 11:11:30 - [MESSAGE][PASSED] - Text of object 'Object Repository/Page_Checkout/txt_orderNote' is cleared

2018-09-24 11:11:30 - [MESSAGE][PASSED] - Keys 'TC07' sent to object: 'Object Repository/Page_Checkout/txt_orderNote'

2018-09-24 11:11:30 - [MESSAGE][PASSED] - Object 'Object Repository/Page_Checkout/radio_creditCard' is checked

2018-09-24 11:11:35 - [MESSAGE][PASSED] - Delayed 5 second(s)

2018-09-24 11:11:35 - [MESSAGE][PASSED] - beautytap.ShopAction.fillCustomerInformation is PASSED

2018-09-24 11:11:35 - [TEST_STEP][PASSED] - beautytap.ShopAction.VerifyOrderDetailsOnCheckout: Keyword VerifyOrderDetailsOnCheckout is Passed

2018-09-24 11:11:35 - [MESSAGE][PASSED] - Object '' is present

2018-09-24 11:11:35 - [MESSAGE][PASSED] - Text of object '' is: '$95.40'

2018-09-24 11:11:35 - [MESSAGE][PASSED] - Text of object '' is: 'Free shipping for orders over $60
Why does shipping take this long?'

2018-09-24 11:11:35 - [MESSAGE][PASSED] - Text of object '' is: '$95.40'

2018-09-24 11:11:35 - [MESSAGE][PASSED] - Keyword VerifyOrderDetailsOnCheckout is Passed

2018-09-24 11:11:35 - [TEST_STEP][PASSED] - beautytap.ShopAction.VerifyRewardEarned: Keyword VerifyRewardEarned is Passed

2018-09-24 11:11:35 - [MESSAGE][PASSED] - Text of object '' is: 'Status: Beauty Bae ( $95.4 x Rewards Multiplier )'

2018-09-24 11:11:35 - [MESSAGE][PASSED] - Text of object '' is: 'Status: Beauty Bae ( $95.4 x Rewards Multiplier )'

2018-09-24 11:11:35 - [MESSAGE][PASSED] - Text of object '' is: 'Status: Beauty Bae ( $95.4 x Rewards Multiplier )'

2018-09-24 11:11:36 - [MESSAGE][PASSED] - Text of object '' is: 'Multiplier: $95.4 x 1.1'

2018-09-24 11:11:36 - [MESSAGE][PASSED] - Text of object '' is: 'Multiplier: $95.4 x 1.1'

2018-09-24 11:11:36 - [MESSAGE][PASSED] - Text of object '' is: '104.9 Points!'

2018-09-24 11:11:36 - [MESSAGE][PASSED] - Text of object '' is: '104.9 Points!'

2018-09-24 11:11:36 - [MESSAGE][PASSED] - Text of object '' is: 'Multiplier: $95.4 x 1.1'

2018-09-24 11:11:36 - [MESSAGE][PASSED] - Text of object '' is: 'Multiplier: $95.4 x 1.1'

2018-09-24 11:11:36 - [MESSAGE][PASSED] - Text of object '' is: 'Multiplier: $95.4 x 1.1'

2018-09-24 11:11:36 - [MESSAGE][PASSED] - Keyword VerifyRewardEarned is Passed

2018-09-24 11:11:36 - [TEST_STEP][PASSED] - beautytap.ShopAction.checkoutViaPaypal: beautytap.ShopAction.checkoutViaPaypal is PASSED

2018-09-24 11:11:36 - [MESSAGE][PASSED] - Object 'Object Repository/Page_Checkout/radio_paypal' is checked

2018-09-24 11:11:41 - [MESSAGE][PASSED] - Delayed 5 second(s)

2018-09-24 11:11:41 - [MESSAGE][PASSED] - Object 'Object Repository/Page_Checkout/chk_terms' is checked

2018-09-24 11:11:41 - [MESSAGE][PASSED] - Object: 'Object Repository/Page_Checkout/btn_placeOrder' is clicked on

2018-09-24 11:11:48 - [MESSAGE][PASSED] - Object 'Object Repository/Page_Paypal/txt_email' is present

2018-09-24 11:11:48 - [MESSAGE][PASSED] - Text of object 'Object Repository/Page_Paypal/txt_email' is cleared

2018-09-24 11:11:48 - [MESSAGE][PASSED] - Keys 'g1.posiba@gmail.com' sent to object: 'Object Repository/Page_Paypal/txt_email'

2018-09-24 11:11:48 - [MESSAGE][PASSED] - Text of object 'Object Repository/Page_Paypal/txt_password' is cleared

2018-09-24 11:11:48 - [MESSAGE][PASSED] - Keys 'Tr@ng99%' sent to object: 'Object Repository/Page_Paypal/txt_password'

2018-09-24 11:12:02 - [MESSAGE][PASSED] - Object: 'Object Repository/Page_Paypal/btn_login' is clicked on

2018-09-24 11:12:06 - [MESSAGE][PASSED] - Object 'Object Repository/Page_Paypal/btn_payNow' is present

2018-09-24 11:12:11 - [MESSAGE][PASSED] - Delayed 5 second(s)

2018-09-24 11:12:11 - [MESSAGE][PASSED] - Object: 'Object Repository/Page_Paypal/btn_payNow' is clicked on

2018-09-24 11:12:30 - [MESSAGE][PASSED] - Object 'Object Repository/Page_Checkout/lbl_orderReceived' is present

2018-09-24 11:12:30 - [MESSAGE][PASSED] - beautytap.ShopAction.checkoutViaPaypal is PASSED

2018-09-24 11:12:30 - [TEST_STEP][PASSED] - beautytap.ShopAction.VerifyOrderReceivedDetails: Keyword VerifyOrderReceivedDetails is Passed

2018-09-24 11:12:30 - [MESSAGE][PASSED] - Object '' is present

2018-09-24 11:12:30 - [MESSAGE][PASSED] - Text of object '' is: '$95.40'

2018-09-24 11:12:30 - [MESSAGE][PASSED] - Text of object '' is: 'Free shipping for orders over $60'

2018-09-24 11:12:36 - [MESSAGE][WARNING] - com.kms.katalon.core.webui.exception.WebElementNotFoundException: Web element with id: '' located by 'By.xpath: //th[text()='Shipping:']/parent::tr/td/span' not found
[[ATTACHMENT|E:\\BeautytapAutomation\\beautytapAuto\\Beautytap\\Reports\\Regression\\20180924_105046\\1537762355739.png]]

2018-09-24 11:12:36 - [MESSAGE][PASSED] - Text of object '' is: 'PayPal'

2018-09-24 11:12:36 - [MESSAGE][PASSED] - Text of object '' is: '$95.40'

2018-09-24 11:12:36 - [MESSAGE][PASSED] - Keyword VerifyOrderReceivedDetails is Passed

2018-09-24 11:12:36 - [TEST_STEP][PASSED] - beautytap.ShopAction.VerifyRewardEarned: Keyword VerifyRewardEarned is Passed

2018-09-24 11:12:36 - [MESSAGE][PASSED] - Text of object '' is: 'Status: Beauty Bae ( $95.40 x Rewards Multiplier )'

2018-09-24 11:12:36 - [MESSAGE][PASSED] - Text of object '' is: 'Status: Beauty Bae ( $95.40 x Rewards Multiplier )'

2018-09-24 11:12:36 - [MESSAGE][PASSED] - Text of object '' is: 'Status: Beauty Bae ( $95.40 x Rewards Multiplier )'

2018-09-24 11:12:36 - [MESSAGE][PASSED] - Text of object '' is: 'Multiplier: $95.40 x 1.1'

2018-09-24 11:12:36 - [MESSAGE][PASSED] - Text of object '' is: 'Multiplier: $95.40 x 1.1'

2018-09-24 11:12:36 - [MESSAGE][PASSED] - Text of object '' is: '104.9 Points!'

2018-09-24 11:12:36 - [MESSAGE][PASSED] - Text of object '' is: '104.9 Points!'

2018-09-24 11:12:36 - [MESSAGE][PASSED] - Text of object '' is: 'Multiplier: $95.40 x 1.1'

2018-09-24 11:12:36 - [MESSAGE][PASSED] - Text of object '' is: 'Multiplier: $95.40 x 1.1'

2018-09-24 11:12:36 - [MESSAGE][PASSED] - Text of object '' is: 'Multiplier: $95.40 x 1.1'

2018-09-24 11:12:36 - [MESSAGE][PASSED] - Keyword VerifyRewardEarned is Passed

2018-09-24 11:12:36 - [TEST_STEP][PASSED] - Statement - orderInfo = CustomKeywords.beautytap.ShopAction.getOrderInfoOnOrderReceived(): beautytap.ShopAction.getOrderInfoOnOrderReceived is PASSED

2018-09-24 11:12:36 - [MESSAGE][PASSED] - Text of object '' is: '136792'

2018-09-24 11:12:36 - [MESSAGE][PASSED] - Text of object '' is: 'September 23, 2018'

2018-09-24 11:12:36 - [MESSAGE][PASSED] - beautytap.ShopAction.getOrderInfoOnOrderReceived is PASSED

2018-09-24 11:12:36 - [TEST_STEP][PASSED] - Statement - orderNumber = orderInfo.get("ordernumber"): null

2018-09-24 11:12:36 - [TEST_STEP][PASSED] - Statement - orderDate = orderInfo.get("date"): null

2018-09-24 11:12:36 - [TEST_STEP][PASSED] - Statement - completeOrderSubject = "Your " + SITE_TITLE + " order from " + orderDate + " is complete": null

2018-09-24 11:12:36 - [TEST_STEP][PASSED] - Statement - completeOrderSubject = completeOrderSubject.replace("[", "").replace("]", ""): null

2018-09-24 11:12:36 - [TEST_STEP][PASSED] - beautytap.GeneralAction.selectProfileMenu: beautytap.GeneralAction.selectProfileMenu is PASSED

2018-09-24 11:12:36 - [MESSAGE][PASSED] - Object: 'Object Repository/Page_General/link_avatar' is clicked on

2018-09-24 11:12:38 - [MESSAGE][PASSED] - Delayed 2 second(s)

2018-09-24 11:12:42 - [MESSAGE][PASSED] - Object: '' is clicked on

2018-09-24 11:12:42 - [MESSAGE][PASSED] - Wait for page load successfully

2018-09-24 11:12:42 - [MESSAGE][PASSED] - beautytap.GeneralAction.selectProfileMenu is PASSED

2018-09-24 11:12:42 - [TEST_STEP][PASSED] - Statement - newPending = java.lang.Float.parseFloat(java.lang.String.format("%.2f", pending + rewardEarned)): null

2018-09-24 11:12:42 - [TEST_STEP][PASSED] - beautytap.ShopAction.VerifyRewardPointsDetails: Keyword VerifyRewardPoints is Passed

2018-09-24 11:12:42 - [MESSAGE][PASSED] - Text of object '' is: '5187.61'

2018-09-24 11:12:42 - [MESSAGE][PASSED] - Text of object '' is: '3162.38'

2018-09-24 11:12:42 - [MESSAGE][PASSED] - Text of object '' is: '2997.61'

2018-09-24 11:12:42 - [MESSAGE][PASSED] - Text of object '' is: '$152.00'

2018-09-24 11:12:42 - [MESSAGE][PASSED] - Keyword VerifyRewardPoints is Passed

2018-09-24 11:12:42 - [TEST_STEP][PASSED] - beautytap.ShopAction.VerifyRewardHistory: Keyword VerifyRewardHistory is Passed

2018-09-24 11:12:42 - [MESSAGE][PASSED] - Object '' is present

2018-09-24 11:12:42 - [MESSAGE][PASSED] - Text of object '' is: ''

2018-09-24 11:12:42 - [MESSAGE][PASSED] - Text of object '' is: '$95.40'

2018-09-24 11:12:42 - [MESSAGE][PASSED] - Text of object '' is: '1.1'

2018-09-24 11:12:42 - [MESSAGE][PASSED] - Text of object '' is: '0.00'

2018-09-24 11:12:42 - [MESSAGE][PASSED] - Text of object '' is: '2997.61'

2018-09-24 11:12:42 - [MESSAGE][PASSED] - Keyword VerifyRewardHistory is Passed

2018-09-24 11:12:42 - [TEST_STEP][PASSED] - beautytap.ShopAction.VerifyRewardHistory: Keyword VerifyRewardHistory is Passed

2018-09-24 11:12:42 - [MESSAGE][PASSED] - Object '' is present

2018-09-24 11:12:42 - [MESSAGE][PASSED] - Text of object '' is: ''

2018-09-24 11:12:42 - [MESSAGE][PASSED] - Text of object '' is: '$95.40'

2018-09-24 11:12:43 - [MESSAGE][PASSED] - Text of object '' is: '1.1'

2018-09-24 11:12:43 - [MESSAGE][PASSED] - Text of object '' is: '0.00'

2018-09-24 11:12:43 - [MESSAGE][PASSED] - Text of object '' is: '2997.61'

2018-09-24 11:12:43 - [MESSAGE][PASSED] - Keyword VerifyRewardHistory is Passed

2018-09-24 11:12:43 - [TEST_STEP][PASSED] - beautytap.GeneralAction.logout: beautytap.GeneralAction.logout is PASSED

2018-09-24 11:12:43 - [MESSAGE][PASSED] - Object: 'Object Repository/Page_General/link_avatar' is clicked on

2018-09-24 11:12:43 - [MESSAGE][PASSED] - Object 'Object Repository/Page_General/menu_logout' is present

2018-09-24 11:12:43 - [MESSAGE][PASSED] - Object: 'Object Repository/Page_General/menu_logout' is clicked on

2018-09-24 11:12:43 - [MESSAGE][PASSED] - Wait for page load successfully

2018-09-24 11:12:43 - [MESSAGE][PASSED] - beautytap.GeneralAction.logout is PASSED

2018-09-24 11:12:43 - [TEST_STEP][PASSED] - beautytap.GeneralAction.clickNavigationMenu: beautytap.GeneralAction.clickNavigationMenu is PASSED

2018-09-24 11:12:52 - [MESSAGE][PASSED] - Object: 'Object Repository/Page_General/link_login' is clicked on

2018-09-24 11:12:52 - [MESSAGE][PASSED] - Wait for page load successfully

2018-09-24 11:12:52 - [MESSAGE][PASSED] - beautytap.GeneralAction.clickNavigationMenu is PASSED

2018-09-24 11:12:52 - [TEST_STEP][PASSED] - beautytap.GeneralAction.login: beautytap.GeneralAction.login is PASSED

2018-09-24 11:12:52 - [MESSAGE][PASSED] - Text of object 'Object Repository/Page_login/txt_username' is cleared

2018-09-24 11:12:52 - [MESSAGE][PASSED] - Keys 'mrwhite' sent to object: 'Object Repository/Page_login/txt_username'

2018-09-24 11:12:52 - [MESSAGE][PASSED] - Text of object 'Object Repository/Page_login/txt_password' is cleared

2018-09-24 11:12:52 - [MESSAGE][PASSED] - Keys 'kgySM$Im' sent to object: 'Object Repository/Page_login/txt_password'

2018-09-24 11:12:52 - [MESSAGE][PASSED] - Object: 'Object Repository/Page_login/btn_login' is clicked on

2018-09-24 11:12:52 - [MESSAGE][PASSED] - Wait for page load successfully

2018-09-24 11:12:52 - [MESSAGE][PASSED] - beautytap.GeneralAction.login is PASSED

2018-09-24 11:12:52 - [TEST_STEP][PASSED] - navigateToUrl: Navigate to 'https://stage.beautytap.com/admin' successfully

2018-09-24 11:13:00 - [MESSAGE][PASSED] - Navigate to 'https://stage.beautytap.com/admin' successfully

2018-09-24 11:13:00 - [TEST_STEP][PASSED] - beautytap.AdminAction.changeOrderStatus: beautytap.AdminAction.changeOrderStatus is PASSED

2018-09-24 11:13:08 - [MESSAGE][PASSED] - Object: '' is clicked on

2018-09-24 11:13:08 - [MESSAGE][PASSED] - Wait for page load successfully

2018-09-24 11:13:14 - [MESSAGE][PASSED] - Object: '' is clicked on

2018-09-24 11:13:14 - [MESSAGE][PASSED] - Wait for page load successfully

2018-09-24 11:13:14 - [MESSAGE][PASSED] - Text of object 'Object Repository/Page_Admin/txt_searchOrder' is cleared

2018-09-24 11:13:14 - [MESSAGE][PASSED] - Keys '136792' sent to object: 'Object Repository/Page_Admin/txt_searchOrder'

2018-09-24 11:13:18 - [MESSAGE][PASSED] - Object: 'Object Repository/Page_Admin/btn_searchOrder' is clicked on

2018-09-24 11:13:18 - [MESSAGE][PASSED] - Wait for page load successfully

2018-09-24 11:13:27 - [MESSAGE][PASSED] - Object: '' is clicked on

2018-09-24 11:13:27 - [MESSAGE][PASSED] - Wait for page load successfully

2018-09-24 11:13:28 - [MESSAGE][PASSED] - All options with label 'Completed' are selected in object 'Object Repository/Page_Admin/drop_orderStatus' 

2018-09-24 11:13:28 - [MESSAGE][PASSED] - Object: 'Object Repository/Page_Admin/btn_saveOrder' is clicked on

2018-09-24 11:13:38 - [MESSAGE][PASSED] - Object 'Object Repository/Page_Admin/lbl_orderUpdatedMessage' is present

2018-09-24 11:13:38 - [MESSAGE][PASSED] - beautytap.AdminAction.changeOrderStatus is PASSED

2018-09-24 11:13:38 - [TEST_STEP][PASSED] - beautytap.GeneralAction.openMailBox: beautytap.GeneralAction.openMailBox is PASSED

2018-09-24 11:13:40 - [MESSAGE][PASSED] - Navigate to 'https://www.mailinator.com' successfully

2018-09-24 11:13:40 - [MESSAGE][PASSED] - Wait for page load successfully

2018-09-24 11:13:40 - [MESSAGE][PASSED] - Keys 'trang2408@mailinator.com' sent to object: 'Object Repository/Page_mailinator/txt_email'

2018-09-24 11:13:44 - [MESSAGE][PASSED] - Object: 'Object Repository/Page_mailinator/btn_go' is clicked on

2018-09-24 11:13:44 - [MESSAGE][PASSED] - Wait for page load successfully

2018-09-24 11:13:49 - [MESSAGE][PASSED] - Delayed 5 second(s)

2018-09-24 11:13:49 - [MESSAGE][PASSED] - beautytap.GeneralAction.openMailBox is PASSED

2018-09-24 11:13:49 - [TEST_STEP][PASSED] - beautytap.GeneralAction.verifyEmailExist: beautytap.GeneralAction.verifyEmailExist is PASSED

2018-09-24 11:13:49 - [MESSAGE][PASSED] - Object '' is present

2018-09-24 11:13:49 - [MESSAGE][PASSED] - beautytap.GeneralAction.verifyEmailExist is PASSED

2018-09-24 11:13:49 - [TEST_STEP][PASSED] - beautytap.GeneralAction.openEmail: beautytap.GeneralAction.openEmail is PASSED

2018-09-24 11:13:49 - [MESSAGE][PASSED] - Object: '' is clicked on

2018-09-24 11:13:49 - [MESSAGE][PASSED] - beautytap.GeneralAction.openEmail is PASSED

2018-09-24 11:13:49 - [TEST_STEP][PASSED] - beautytap.ShopAction.VerifyOrderCompleteEmail: Keyword VerifyOrderCompleteEmail is Passed

2018-09-24 11:13:50 - [MESSAGE][PASSED] - Object '' is present

2018-09-24 11:13:50 - [MESSAGE][PASSED] - Text of object '' is: 'La Muse Correct Care Complete Cushion SPF50+'

2018-09-24 11:13:50 - [MESSAGE][PASSED] - Text of object '' is: '3'

2018-09-24 11:13:50 - [MESSAGE][PASSED] - Text of object '' is: '$95.40'

2018-09-24 11:13:50 - [MESSAGE][PASSED] - Text of object '' is: '$95.40'

2018-09-24 11:13:50 - [MESSAGE][PASSED] - Text of object '' is: 'Free shipping for orders over $60'

2018-09-24 11:13:55 - [MESSAGE][WARNING] - com.kms.katalon.core.webui.exception.WebElementNotFoundException: Web element with id: '' located by 'By.xpath: //th[text()='Shipping:']/parent::tr/td/span' not found
[[ATTACHMENT|E:\\BeautytapAutomation\\beautytapAuto\\Beautytap\\Reports\\Regression\\20180924_105046\\1537762435486.png]]

2018-09-24 11:13:55 - [MESSAGE][PASSED] - Text of object '' is: 'PayPal'

2018-09-24 11:13:55 - [MESSAGE][PASSED] - Text of object '' is: '104.94'

2018-09-24 11:13:55 - [MESSAGE][PASSED] - Text of object '' is: '$95.40'

2018-09-24 11:13:55 - [MESSAGE][PASSED] - Keyword VerifyOrderCompleteEmail is Passed

2018-09-24 11:13:55 - [TEST_STEP][PASSED] - closeBrowser: Browser is closed

2018-09-24 11:13:56 - [MESSAGE][PASSED] - Browser is closed

2018-09-24 11:13:56 - [TEST_STEP][PASSED] - beautytap.GeneralAction.openBeautytap: beautytap.GeneralAction.openBeautytap is PASSED

2018-09-24 11:14:20 - [MESSAGE][PASSED] - Browser is opened with url: 'https://stage.beautytap.com'

2018-09-24 11:14:21 - [MESSAGE][PASSED] - Current window maximized

2018-09-24 11:14:24 - [MESSAGE][PASSED] - Refresh successfully

2018-09-24 11:14:24 - [MESSAGE][PASSED] - Wait for page load successfully

2018-09-24 11:14:24 - [MESSAGE][PASSED] - beautytap.GeneralAction.openBeautytap is PASSED

2018-09-24 11:14:24 - [TEST_STEP][PASSED] - beautytap.GeneralAction.clickNavigationMenu: beautytap.GeneralAction.clickNavigationMenu is PASSED

2018-09-24 11:14:27 - [MESSAGE][PASSED] - Object: 'Object Repository/Page_General/link_login' is clicked on

2018-09-24 11:14:27 - [MESSAGE][PASSED] - Wait for page load successfully

2018-09-24 11:14:27 - [MESSAGE][PASSED] - beautytap.GeneralAction.clickNavigationMenu is PASSED

2018-09-24 11:14:27 - [TEST_STEP][PASSED] - beautytap.GeneralAction.login: beautytap.GeneralAction.login is PASSED

2018-09-24 11:14:27 - [MESSAGE][PASSED] - Text of object 'Object Repository/Page_login/txt_username' is cleared

2018-09-24 11:14:27 - [MESSAGE][PASSED] - Keys 'trang2408@mailinator.com' sent to object: 'Object Repository/Page_login/txt_username'

2018-09-24 11:14:27 - [MESSAGE][PASSED] - Text of object 'Object Repository/Page_login/txt_password' is cleared

2018-09-24 11:14:28 - [MESSAGE][PASSED] - Keys '123456' sent to object: 'Object Repository/Page_login/txt_password'

2018-09-24 11:14:28 - [MESSAGE][PASSED] - Object: 'Object Repository/Page_login/btn_login' is clicked on

2018-09-24 11:14:28 - [MESSAGE][PASSED] - Wait for page load successfully

2018-09-24 11:14:28 - [MESSAGE][PASSED] - beautytap.GeneralAction.login is PASSED

2018-09-24 11:14:28 - [TEST_STEP][PASSED] - beautytap.GeneralAction.VerifyNotificationText: Keyword VerifyNotificationText is Passed

2018-09-24 11:14:36 - [MESSAGE][PASSED] - Object: 'Object Repository/Page_General/link_notificationIcon' is clicked on

2018-09-24 11:14:41 - [MESSAGE][PASSED] - Delayed 5 second(s)

2018-09-24 11:14:41 - [MESSAGE][PASSED] - Text of object '' is: 'You received 104.94 redeemable points'

2018-09-24 11:14:41 - [MESSAGE][PASSED] - Keyword VerifyNotificationText is Passed

2018-09-24 11:14:41 - [TEST_STEP][PASSED] - beautytap.GeneralAction.selectProfileMenu: beautytap.GeneralAction.selectProfileMenu is PASSED

2018-09-24 11:14:41 - [MESSAGE][PASSED] - Object: 'Object Repository/Page_General/link_avatar' is clicked on

2018-09-24 11:14:43 - [MESSAGE][PASSED] - Delayed 2 second(s)

2018-09-24 11:14:47 - [MESSAGE][PASSED] - Object: '' is clicked on

2018-09-24 11:14:47 - [MESSAGE][PASSED] - Wait for page load successfully

2018-09-24 11:14:47 - [MESSAGE][PASSED] - beautytap.GeneralAction.selectProfileMenu is PASSED

2018-09-24 11:14:47 - [TEST_STEP][PASSED] - Statement - newLifetime = java.lang.Float.parseFloat(java.lang.String.format("%.2f", lifetime + rewardEarned)): null

2018-09-24 11:14:47 - [TEST_STEP][PASSED] - Statement - newRedeemable = java.lang.Float.parseFloat(java.lang.String.format("%.2f", redeemable + rewardEarned)): null

2018-09-24 11:14:47 - [TEST_STEP][PASSED] - Statement - newPointValue = CustomKeywords.beautytap.ShopAction.calculateLoyaltyPointValue(newRedeemable): beautytap.ShopAction.calculateLoyaltyPointValue is PASSED

2018-09-24 11:14:47 - [MESSAGE][PASSED] - beautytap.ShopAction.calculateLoyaltyPointValue is PASSED

2018-09-24 11:14:47 - [TEST_STEP][PASSED] - beautytap.ShopAction.VerifyRewardPointsDetails: Keyword VerifyRewardPoints is Passed

2018-09-24 11:14:47 - [MESSAGE][PASSED] - Text of object '' is: '5292.55'

2018-09-24 11:14:47 - [MESSAGE][PASSED] - Text of object '' is: '3057.44'

2018-09-24 11:14:47 - [MESSAGE][PASSED] - Text of object '' is: '3102.55'

2018-09-24 11:14:47 - [MESSAGE][PASSED] - Text of object '' is: '$167.00'

2018-09-24 11:14:47 - [MESSAGE][PASSED] - Keyword VerifyRewardPoints is Passed

2018-09-24 11:14:47 - [TEST_STEP][PASSED] - beautytap.ShopAction.VerifyRewardHistory: Keyword VerifyRewardHistory is Passed

2018-09-24 11:14:47 - [MESSAGE][PASSED] - Object '' is present

2018-09-24 11:14:47 - [MESSAGE][PASSED] - Text of object '' is: ''

2018-09-24 11:14:47 - [MESSAGE][PASSED] - Text of object '' is: '$95.40'

2018-09-24 11:14:47 - [MESSAGE][PASSED] - Text of object '' is: '1.1'

2018-09-24 11:14:47 - [MESSAGE][PASSED] - Text of object '' is: '104.94'

2018-09-24 11:14:47 - [MESSAGE][PASSED] - Text of object '' is: '3102.55'

2018-09-24 11:14:47 - [MESSAGE][PASSED] - Keyword VerifyRewardHistory is Passed

2018-09-24 11:14:47 - [TEST_STEP][PASSED] - beautytap.GeneralAction.logout: beautytap.GeneralAction.logout is PASSED

2018-09-24 11:14:47 - [MESSAGE][PASSED] - Object: 'Object Repository/Page_General/link_avatar' is clicked on

2018-09-24 11:14:47 - [MESSAGE][PASSED] - Object 'Object Repository/Page_General/menu_logout' is present

2018-09-24 11:14:48 - [MESSAGE][PASSED] - Object: 'Object Repository/Page_General/menu_logout' is clicked on

2018-09-24 11:14:48 - [MESSAGE][PASSED] - Wait for page load successfully

2018-09-24 11:14:49 - [MESSAGE][PASSED] - Browser is closed

2018-09-24 11:14:49 - [MESSAGE][PASSED] - beautytap.GeneralAction.logout is PASSED]]></system-out>
         <system-err><![CDATA[]]></system-err>
      </testcase>
      <testcase name="Test Cases/Shop/TC08_BuyProduct_UsingRewardPoint" classname="Test Cases/Shop/TC08_BuyProduct_UsingRewardPoint" status="FAILED">
         <failure type="FAILED" message="Unable to click on object 'Object Repository/Page_Cart/btn_checkout' (Root cause: com.kms.katalon.core.webui.exception.WebElementNotFoundException: Web element with id: 'Object Repository/Page_Cart/btn_checkout' located by 'By.xpath: //div[@class='wc-proceed-to-checkout']/a' not found)"/>
         <system-out><![CDATA[2018-09-24 11:14:51 - [TEST_CASE][FAILED] - Test Cases/Shop/TC08_BuyProduct_UsingRewardPoint: Test Cases/Shop/TC08_BuyProduct_UsingRewardPoint FAILED because (of) Unable to click on object 'Object Repository/Page_Cart/btn_checkout' (Root cause: com.kms.katalon.core.webui.exception.WebElementNotFoundException: Web element with id: 'Object Repository/Page_Cart/btn_checkout' located by 'By.xpath: //div[@class='wc-proceed-to-checkout']/a' not found)

2018-09-24 11:14:51 - [TEST_STEP][PASSED] - Statement - username = USER_EMAIL: null

2018-09-24 11:14:51 - [TEST_STEP][PASSED] - Statement - password = USER_PASSWORD: null

2018-09-24 11:14:51 - [TEST_STEP][PASSED] - Statement - productName = SIMPLE_PRODUCT: null

2018-09-24 11:14:51 - [TEST_STEP][PASSED] - Statement - price = SIMPLE_PRODUCT_PRICE: null

2018-09-24 11:14:51 - [TEST_STEP][PASSED] - Statement - quantity = 3: null

2018-09-24 11:14:51 - [TEST_STEP][PASSED] - Statement - shippingLabel = FREE_SHIPPING_LABEL: null

2018-09-24 11:14:51 - [TEST_STEP][PASSED] - Statement - shippingPrice = 0: null

2018-09-24 11:14:51 - [TEST_STEP][PASSED] - Statement - pointUsed = 60: null

2018-09-24 11:14:51 - [TEST_STEP][PASSED] - Statement - pointValueUsed = 2: null

2018-09-24 11:14:51 - [TEST_STEP][PASSED] - Statement - subtotal = CustomKeywords.beautytap.ShopAction.calculateTotal(quantity, price): beautytap.ShopAction.calculateTotal is PASSED

2018-09-24 11:14:51 - [MESSAGE][PASSED] - beautytap.ShopAction.calculateTotal is PASSED

2018-09-24 11:14:51 - [TEST_STEP][PASSED] - Statement - subtotalApplyReward = java.lang.Float.parseFloat(java.lang.String.format("%.2f", subtotal - pointValueUsed)): null

2018-09-24 11:14:52 - [TEST_STEP][PASSED] - Statement - total = java.lang.Float.parseFloat(java.lang.String.format("%.2f", subtotal - pointValueUsed + shippingPrice)): null

2018-09-24 11:14:52 - [TEST_STEP][PASSED] - Statement - products = new org.json.JSONArray((((((([{"productname":" + productName) + ","variation":"","quantity":") + quantity) + ","price":") + price) + "}])): null

2018-09-24 11:14:52 - [TEST_STEP][PASSED] - Statement - billingInformation = new org.json.JSONObject((({"firstname":"Test","lastname":"Automation","country":"United States (US)","address":"123 Testing","city":"New York","state":"New York","zip":"90012","email":" + username) + "})): null

2018-09-24 11:14:52 - [TEST_STEP][PASSED] - Statement - paymentMethod = "PayPal": null

2018-09-24 11:14:52 - [TEST_STEP][PASSED] - beautytap.GeneralAction.openBeautytap: beautytap.GeneralAction.openBeautytap is PASSED

2018-09-24 11:15:19 - [MESSAGE][PASSED] - Browser is opened with url: 'https://stage.beautytap.com'

2018-09-24 11:15:20 - [MESSAGE][PASSED] - Current window maximized

2018-09-24 11:15:25 - [MESSAGE][PASSED] - Refresh successfully

2018-09-24 11:15:25 - [MESSAGE][PASSED] - Wait for page load successfully

2018-09-24 11:15:25 - [MESSAGE][PASSED] - beautytap.GeneralAction.openBeautytap is PASSED

2018-09-24 11:15:25 - [TEST_STEP][PASSED] - beautytap.GeneralAction.clickNavigationMenu: beautytap.GeneralAction.clickNavigationMenu is PASSED

2018-09-24 11:15:28 - [MESSAGE][PASSED] - Object: 'Object Repository/Page_General/link_login' is clicked on

2018-09-24 11:15:28 - [MESSAGE][PASSED] - Wait for page load successfully

2018-09-24 11:15:28 - [MESSAGE][PASSED] - beautytap.GeneralAction.clickNavigationMenu is PASSED

2018-09-24 11:15:28 - [TEST_STEP][PASSED] - beautytap.GeneralAction.login: beautytap.GeneralAction.login is PASSED

2018-09-24 11:15:28 - [MESSAGE][PASSED] - Text of object 'Object Repository/Page_login/txt_username' is cleared

2018-09-24 11:15:29 - [MESSAGE][PASSED] - Keys 'trang2408@mailinator.com' sent to object: 'Object Repository/Page_login/txt_username'

2018-09-24 11:15:29 - [MESSAGE][PASSED] - Text of object 'Object Repository/Page_login/txt_password' is cleared

2018-09-24 11:15:29 - [MESSAGE][PASSED] - Keys '123456' sent to object: 'Object Repository/Page_login/txt_password'

2018-09-24 11:15:29 - [MESSAGE][PASSED] - Object: 'Object Repository/Page_login/btn_login' is clicked on

2018-09-24 11:15:29 - [MESSAGE][PASSED] - Wait for page load successfully

2018-09-24 11:15:29 - [MESSAGE][PASSED] - beautytap.GeneralAction.login is PASSED

2018-09-24 11:15:29 - [TEST_STEP][PASSED] - beautytap.GeneralAction.selectProfileMenu: beautytap.GeneralAction.selectProfileMenu is PASSED

2018-09-24 11:15:38 - [MESSAGE][PASSED] - Object: 'Object Repository/Page_General/link_avatar' is clicked on

2018-09-24 11:15:40 - [MESSAGE][PASSED] - Delayed 2 second(s)

2018-09-24 11:15:43 - [MESSAGE][PASSED] - Object: '' is clicked on

2018-09-24 11:15:43 - [MESSAGE][PASSED] - Wait for page load successfully

2018-09-24 11:15:43 - [MESSAGE][PASSED] - beautytap.GeneralAction.selectProfileMenu is PASSED

2018-09-24 11:15:43 - [TEST_STEP][PASSED] - Statement - objReward = CustomKeywords.beautytap.ShopAction.getRewardDetails(): beautytap.ShopAction.getRewardDetails is PASSED

2018-09-24 11:15:43 - [MESSAGE][PASSED] - Text of object '' is: '1.1 x Rewards Multiplier!'

2018-09-24 11:15:43 - [MESSAGE][PASSED] - Text of object '' is: '1.1 x Rewards Multiplier!'

2018-09-24 11:15:43 - [MESSAGE][PASSED] - Text of object '' is: '5292.55'

2018-09-24 11:15:43 - [MESSAGE][PASSED] - Text of object '' is: '3057.44'

2018-09-24 11:15:44 - [MESSAGE][PASSED] - Text of object '' is: '3102.55'

2018-09-24 11:15:44 - [MESSAGE][PASSED] - Text of object '' is: '$167.00'

2018-09-24 11:15:44 - [MESSAGE][PASSED] - Text of object '' is: 'Beauty Bae'

2018-09-24 11:15:44 - [MESSAGE][PASSED] - beautytap.ShopAction.getRewardDetails is PASSED

2018-09-24 11:15:44 - [TEST_STEP][PASSED] - Statement - multiplier = java.lang.Float.parseFloat(objReward.get("multiplier")): null

2018-09-24 11:15:44 - [TEST_STEP][PASSED] - Statement - currentlevel = objReward.get("currentlevel"): null

2018-09-24 11:15:44 - [TEST_STEP][PASSED] - Statement - lifetime = java.lang.Float.parseFloat(objReward.get("lifetime")): null

2018-09-24 11:15:44 - [TEST_STEP][PASSED] - Statement - pending = java.lang.Float.parseFloat(objReward.get("pending")): null

2018-09-24 11:15:44 - [TEST_STEP][PASSED] - Statement - redeemable = java.lang.Float.parseFloat(objReward.get("redeemable")): null

2018-09-24 11:15:44 - [TEST_STEP][PASSED] - Statement - pointvalue = java.lang.Float.parseFloat(objReward.get("pointvalue")): null

2018-09-24 11:15:44 - [TEST_STEP][PASSED] - Statement - rewardEarned = java.lang.Float.parseFloat(java.lang.String.format("%.2f", multiplier * subtotal - pointValueUsed)): null

2018-09-24 11:15:44 - [TEST_STEP][PASSED] - beautytap.ShopAction.globalSearch: beautytap.ShopAction.globalSearch is PASSED

2018-09-24 11:15:44 - [MESSAGE][PASSED] - Object: 'Object Repository/Page_General/icon_search' is clicked on

2018-09-24 11:15:49 - [MESSAGE][PASSED] - Delayed 5 second(s)

2018-09-24 11:15:49 - [MESSAGE][PASSED] - Text of object 'Object Repository/Page_General/txt_search' is cleared

2018-09-24 11:15:49 - [MESSAGE][PASSED] - Keys 'CONTROL + v' sent to object: 'Object Repository/Page_General/txt_search'

2018-09-24 11:15:51 - [MESSAGE][PASSED] - Object 'Object Repository/Page_General/div_searchResult' is present

2018-09-24 11:15:51 - [MESSAGE][PASSED] - beautytap.ShopAction.globalSearch is PASSED

2018-09-24 11:15:51 - [TEST_STEP][PASSED] - beautytap.ShopAction.selectProductOnSearchResult: beautytap.ShopAction.selectProductOnSearchResult is PASSED

2018-09-24 11:15:57 - [MESSAGE][PASSED] - Object: '' is clicked on

2018-09-24 11:15:57 - [MESSAGE][PASSED] - Wait for page load successfully

2018-09-24 11:15:57 - [MESSAGE][PASSED] - beautytap.ShopAction.selectProductOnSearchResult is PASSED

2018-09-24 11:15:57 - [TEST_STEP][PASSED] - beautytap.ShopAction.addProductToCart: beautytap.ShopAction.addProductToCart is PASSED

2018-09-24 11:15:57 - [MESSAGE][PASSED] - Text of object 'Object Repository/Page_Shop/txt_quantity' is cleared

2018-09-24 11:15:58 - [MESSAGE][PASSED] - Keys '3' sent to object: 'Object Repository/Page_Shop/txt_quantity'

2018-09-24 11:15:58 - [MESSAGE][PASSED] - Object: 'Object Repository/Page_Shop/btn_addToCart' is clicked on

2018-09-24 11:15:58 - [MESSAGE][PASSED] - Wait for page load successfully

2018-09-24 11:16:02 - [MESSAGE][PASSED] - Object 'Object Repository/Page_Shop/lbl_message' is present

2018-09-24 11:16:02 - [MESSAGE][PASSED] - beautytap.ShopAction.addProductToCart is PASSED

2018-09-24 11:16:02 - [TEST_STEP][PASSED] - beautytap.ShopAction.goToCart: beautytap.ShopAction.goToCart is PASSED

2018-09-24 11:16:03 - [MESSAGE][PASSED] - Object: 'Object Repository/Page_General/icon_cart' is clicked on

2018-09-24 11:16:03 - [MESSAGE][PASSED] - Wait for page load successfully

2018-09-24 11:16:03 - [MESSAGE][PASSED] - beautytap.ShopAction.goToCart is PASSED

2018-09-24 11:16:03 - [TEST_STEP][FAILED] - beautytap.ShopAction.processToCheckout: Unable to click on object 'Object Repository/Page_Cart/btn_checkout' (Root cause: com.kms.katalon.core.webui.exception.WebElementNotFoundException: Web element with id: 'Object Repository/Page_Cart/btn_checkout' located by 'By.xpath: //div[@class='wc-proceed-to-checkout']/a' not found)

2018-09-24 11:16:34 - [MESSAGE][FAILED] - Unable to click on object 'Object Repository/Page_Cart/btn_checkout' (Root cause: com.kms.katalon.core.webui.exception.WebElementNotFoundException: Web element with id: 'Object Repository/Page_Cart/btn_checkout' located by 'By.xpath: //div[@class='wc-proceed-to-checkout']/a' not found)
[[ATTACHMENT|E:\\BeautytapAutomation\\beautytapAuto\\Beautytap\\Reports\\Regression\\20180924_105046\\1537762594129.png]]

2018-09-24 11:16:34 - [MESSAGE][FAILED] - Unable to click on object 'Object Repository/Page_Cart/btn_checkout' (Root cause: com.kms.katalon.core.webui.exception.WebElementNotFoundException: Web element with id: 'Object Repository/Page_Cart/btn_checkout' located by 'By.xpath: //div[@class='wc-proceed-to-checkout']/a' not found)]]></system-out>
         <system-err><![CDATA[2018-09-24 11:14:51 - [TEST_CASE][FAILED] - Test Cases/Shop/TC08_BuyProduct_UsingRewardPoint: Test Cases/Shop/TC08_BuyProduct_UsingRewardPoint FAILED because (of) Unable to click on object 'Object Repository/Page_Cart/btn_checkout' (Root cause: com.kms.katalon.core.webui.exception.WebElementNotFoundException: Web element with id: 'Object Repository/Page_Cart/btn_checkout' located by 'By.xpath: //div[@class='wc-proceed-to-checkout']/a' not found)]]></system-err>
      </testcase>
      <system-out><![CDATA[2018-09-24 10:50:49 - [TEST_SUITE][FAILED] - Regression: Test Cases/Shop/TC08_BuyProduct_UsingRewardPoint FAILED because (of) Unable to click on object 'Object Repository/Page_Cart/btn_checkout' (Root cause: com.kms.katalon.core.webui.exception.WebElementNotFoundException: Web element with id: 'Object Repository/Page_Cart/btn_checkout' located by 'By.xpath: //div[@class='wc-proceed-to-checkout']/a' not found)]]></system-out>
      <system-err><![CDATA[2018-09-24 10:50:49 - [TEST_SUITE][FAILED] - Regression: Test Cases/Shop/TC08_BuyProduct_UsingRewardPoint FAILED because (of) Unable to click on object 'Object Repository/Page_Cart/btn_checkout' (Root cause: com.kms.katalon.core.webui.exception.WebElementNotFoundException: Web element with id: 'Object Repository/Page_Cart/btn_checkout' located by 'By.xpath: //div[@class='wc-proceed-to-checkout']/a' not found)]]></system-err>
   </testsuite>
</testsuites>
