<?xml version="1.0" encoding="UTF-8"?>
<testsuites name="TS1" time="1115" tests="5" failures="1" errors="0">
   <testsuite name="TS1" tests="5" failures="1" errors="0" time="1115" timestamp="2018-09-20 16:52:23" hostname="Trang Nguyen - DESKTOP-G1UHP65" id="Test Suites/TS1">
      <properties>
         <property name="deviceName" value=""/>
         <property name="devicePlatform" value=""/>
         <property name="logFolder" value="E:\\BeautytapAutomation\\beautytapAuto\\Beautytap\\Reports\\TS1\\20180920_165220"/>
         <property name="logFiles" value="E:\\BeautytapAutomation\\beautytapAuto\\Beautytap\\Reports\\TS1\\20180920_165220\\execution0.log"/>
         <property name="attachments" value="E:\\BeautytapAutomation\\beautytapAuto\\Beautytap\\Reports\\TS1\\20180920_165220\\1537437384496.png, E:\\BeautytapAutomation\\beautytapAuto\\Beautytap\\Reports\\TS1\\20180920_165220\\1537437384828.png, E:\\BeautytapAutomation\\beautytapAuto\\Beautytap\\Reports\\TS1\\20180920_165220\\1537437466804.png, E:\\BeautytapAutomation\\beautytapAuto\\Beautytap\\Reports\\TS1\\20180920_165220\\1537437467148.png, E:\\BeautytapAutomation\\beautytapAuto\\Beautytap\\Reports\\TS1\\20180920_165220\\1537437643341.png, E:\\BeautytapAutomation\\beautytapAuto\\Beautytap\\Reports\\TS1\\20180920_165220\\1537437682880.png, E:\\BeautytapAutomation\\beautytapAuto\\Beautytap\\Reports\\TS1\\20180920_165220\\1537437721604.png, E:\\BeautytapAutomation\\beautytapAuto\\Beautytap\\Reports\\TS1\\20180920_165220\\1537437845066.png, E:\\BeautytapAutomation\\beautytapAuto\\Beautytap\\Reports\\TS1\\20180920_165220\\1537437891530.png, E:\\BeautytapAutomation\\beautytapAuto\\Beautytap\\Reports\\TS1\\20180920_165220\\1537437924165.png, E:\\BeautytapAutomation\\beautytapAuto\\Beautytap\\Reports\\TS1\\20180920_165220\\1537437939538.png, E:\\BeautytapAutomation\\beautytapAuto\\Beautytap\\Reports\\TS1\\20180920_165220\\1537437985819.png, E:\\BeautytapAutomation\\beautytapAuto\\Beautytap\\Reports\\TS1\\20180920_165220\\1537438082286.png, E:\\BeautytapAutomation\\beautytapAuto\\Beautytap\\Reports\\TS1\\20180920_165220\\1537438127672.png, E:\\BeautytapAutomation\\beautytapAuto\\Beautytap\\Reports\\TS1\\20180920_165220\\1537438187695.png"/>
         <property name="hostName" value="Trang Nguyen - DESKTOP-G1UHP65"/>
         <property name="os" value="Windows 10 64bit"/>
         <property name="katalonVersion" value="5.5.0.1"/>
         <property name="browser" value="Chrome 69.0.3497.100"/>
         <property name="hostAddress" value="10.0.0.86"/>
         <property name="sessionId" value="5c2b9cca892c711521b5e65548b3a692"/>
         <property name="seleniumVersion" value="3.7.1"/>
         <property name="proxyInformation" value="ProxyInformation{proxyOption=NO_PROXY, proxyServerType=HTTP, password=, proxyServerAddress=, proxyServerPort=0}"/>
         <property name="platform" value="Windows 10"/>
      </properties>
      <testcase name="Test Cases/SignUp_Login_ResetPass/TC01_SignUp_Login_ResetPassword_Via_Email" classname="Test Cases/SignUp_Login_ResetPass/TC01_SignUp_Login_ResetPassword_Via_Email" status="PASSED">
         <system-out><![CDATA[2018-09-20 16:52:24 - [TEST_CASE][PASSED] - Test Cases/SignUp_Login_ResetPass/TC01_SignUp_Login_ResetPassword_Via_Email: Test Cases/SignUp_Login_ResetPass/TC01_SignUp_Login_ResetPassword_Via_Email

2018-09-20 16:52:25 - [TEST_STEP][PASSED] - Statement - r_string = new java.lang.Math().random().toString().substring(2, 8): null

2018-09-20 16:52:25 - [TEST_STEP][PASSED] - Statement - username = "auto" + r_string: null

2018-09-20 16:52:25 - [TEST_STEP][PASSED] - Statement - email = username + "@mailinator.com": null

2018-09-20 16:52:25 - [TEST_STEP][PASSED] - Statement - password = "123456": null

2018-09-20 16:52:25 - [TEST_STEP][PASSED] - Statement - newpassword = "test123": null

2018-09-20 16:52:25 - [TEST_STEP][PASSED] - Statement - name = "Auto User " + r_string: null

2018-09-20 16:52:25 - [TEST_STEP][PASSED] - Statement - birthday = "01/01/1990": null

2018-09-20 16:52:25 - [TEST_STEP][PASSED] - Statement - activation_subject = SITE_TITLE + " Activate your account": null

2018-09-20 16:52:25 - [TEST_STEP][PASSED] - Statement - resetpass_subject = SITE_TITLE + " Password Reset": null

2018-09-20 16:52:25 - [TEST_STEP][PASSED] - beautytap.GeneralAction.openBeautytap: beautytap.GeneralAction.openBeautytap is PASSED

2018-09-20 16:52:52 - [MESSAGE][PASSED] - Browser is opened with url: 'https://stage.beautytap.com'

2018-09-20 16:52:53 - [MESSAGE][PASSED] - Current window maximized

2018-09-20 16:52:58 - [MESSAGE][PASSED] - Refresh successfully

2018-09-20 16:52:58 - [MESSAGE][PASSED] - Wait for page load successfully

2018-09-20 16:52:58 - [MESSAGE][PASSED] - beautytap.GeneralAction.openBeautytap is PASSED

2018-09-20 16:52:58 - [TEST_STEP][PASSED] - beautytap.GeneralAction.clickNavigationMenu: beautytap.GeneralAction.clickNavigationMenu is PASSED

2018-09-20 16:53:02 - [MESSAGE][PASSED] - Object: 'Object Repository/Page_General/link_signup' is clicked on

2018-09-20 16:53:02 - [MESSAGE][PASSED] - Wait for page load successfully

2018-09-20 16:53:02 - [MESSAGE][PASSED] - beautytap.GeneralAction.clickNavigationMenu is PASSED

2018-09-20 16:53:02 - [TEST_STEP][PASSED] - beautytap.GeneralAction.signup: beautytap.GeneralAction.signup is PASSED

2018-09-20 16:53:03 - [MESSAGE][PASSED] - Keys 'auto702757' sent to object: 'Object Repository/Page_Signup/txt_username'

2018-09-20 16:53:03 - [MESSAGE][PASSED] - Keys 'auto702757@mailinator.com' sent to object: 'Object Repository/Page_Signup/txt_email'

2018-09-20 16:53:03 - [MESSAGE][PASSED] - Keys '123456' sent to object: 'Object Repository/Page_Signup/txt_password'

2018-09-20 16:53:04 - [MESSAGE][PASSED] - Keys 'Auto User 702757' sent to object: 'Object Repository/Page_Signup/txt_name'

2018-09-20 16:53:05 - [MESSAGE][PASSED] - Keys '01/01/1990' sent to object: 'Object Repository/Page_Signup/txt_birthday'

2018-09-20 16:53:05 - [MESSAGE][PASSED] - Object: 'Object Repository/Page_Signup/btn_signup' is clicked on

2018-09-20 16:53:06 - [MESSAGE][PASSED] - Wait for page load successfully

2018-09-20 16:53:06 - [MESSAGE][PASSED] - beautytap.GeneralAction.signup is PASSED

2018-09-20 16:53:06 - [TEST_STEP][PASSED] - verifyElementPresent: Object 'Object Repository/Page_Signup/lbl_sucessMessage' is present

2018-09-20 16:53:11 - [MESSAGE][PASSED] - Object 'Object Repository/Page_Signup/lbl_sucessMessage' is present

2018-09-20 16:53:11 - [TEST_STEP][PASSED] - beautytap.GeneralAction.openMailBox: beautytap.GeneralAction.openMailBox is PASSED

2018-09-20 16:53:13 - [MESSAGE][PASSED] - Navigate to 'https://www.mailinator.com' successfully

2018-09-20 16:53:13 - [MESSAGE][PASSED] - Wait for page load successfully

2018-09-20 16:53:13 - [MESSAGE][PASSED] - Keys 'auto702757' sent to object: 'Object Repository/Page_mailinator/txt_email'

2018-09-20 16:53:15 - [MESSAGE][PASSED] - Object: 'Object Repository/Page_mailinator/btn_go' is clicked on

2018-09-20 16:53:15 - [MESSAGE][PASSED] - Wait for page load successfully

2018-09-20 16:53:20 - [MESSAGE][PASSED] - Delayed 5 second(s)

2018-09-20 16:53:20 - [MESSAGE][PASSED] - beautytap.GeneralAction.openMailBox is PASSED

2018-09-20 16:53:20 - [TEST_STEP][PASSED] - beautytap.GeneralAction.verifyEmailExist: beautytap.GeneralAction.verifyEmailExist is PASSED

2018-09-20 16:53:20 - [MESSAGE][PASSED] - Object '' is present

2018-09-20 16:53:20 - [MESSAGE][PASSED] - beautytap.GeneralAction.verifyEmailExist is PASSED

2018-09-20 16:53:20 - [TEST_STEP][PASSED] - beautytap.GeneralAction.openEmail: beautytap.GeneralAction.openEmail is PASSED

2018-09-20 16:53:21 - [MESSAGE][PASSED] - Object: '' is clicked on

2018-09-20 16:53:21 - [MESSAGE][PASSED] - beautytap.GeneralAction.openEmail is PASSED

2018-09-20 16:53:21 - [TEST_STEP][PASSED] - beautytap.GeneralAction.clickEmailLink: beautytap.GeneralAction.clickEmailLink is PASSED

2018-09-20 16:53:22 - [MESSAGE][PASSED] - Text of object '' is: 'https://stage.beautytap.com/activate/4dX3yZ14LJVjGeM5yw4WpTlcEsCeTcvO/'

2018-09-20 16:53:37 - [MESSAGE][PASSED] - Navigate to 'https://stage.beautytap.com/activate/4dX3yZ14LJVjGeM5yw4WpTlcEsCeTcvO/' successfully

2018-09-20 16:53:37 - [MESSAGE][PASSED] - beautytap.GeneralAction.clickEmailLink is PASSED

2018-09-20 16:53:37 - [TEST_STEP][PASSED] - waitForPageLoad: Wait for page load successfully

2018-09-20 16:53:37 - [MESSAGE][PASSED] - Wait for page load successfully

2018-09-20 16:53:37 - [TEST_STEP][PASSED] - verifyElementPresent: Object 'Object Repository/Page_General/lbl_activeSuccessMessage' is present

2018-09-20 16:53:37 - [MESSAGE][PASSED] - Object 'Object Repository/Page_General/lbl_activeSuccessMessage' is present

2018-09-20 16:53:37 - [TEST_STEP][PASSED] - beautytap.GeneralAction.clickNavigationMenu: beautytap.GeneralAction.clickNavigationMenu is PASSED

2018-09-20 16:53:40 - [MESSAGE][PASSED] - Object: 'Object Repository/Page_General/link_login' is clicked on

2018-09-20 16:53:40 - [MESSAGE][PASSED] - Wait for page load successfully

2018-09-20 16:53:40 - [MESSAGE][PASSED] - beautytap.GeneralAction.clickNavigationMenu is PASSED

2018-09-20 16:53:40 - [TEST_STEP][PASSED] - beautytap.GeneralAction.login: beautytap.GeneralAction.login is PASSED

2018-09-20 16:53:40 - [MESSAGE][PASSED] - Text of object 'Object Repository/Page_login/txt_username' is cleared

2018-09-20 16:53:40 - [MESSAGE][PASSED] - Keys 'auto702757' sent to object: 'Object Repository/Page_login/txt_username'

2018-09-20 16:53:40 - [MESSAGE][PASSED] - Text of object 'Object Repository/Page_login/txt_password' is cleared

2018-09-20 16:53:40 - [MESSAGE][PASSED] - Keys '123456' sent to object: 'Object Repository/Page_login/txt_password'

2018-09-20 16:53:40 - [MESSAGE][PASSED] - Object: 'Object Repository/Page_login/btn_login' is clicked on

2018-09-20 16:53:40 - [MESSAGE][PASSED] - Wait for page load successfully

2018-09-20 16:53:40 - [MESSAGE][PASSED] - beautytap.GeneralAction.login is PASSED

2018-09-20 16:53:40 - [TEST_STEP][PASSED] - verifyElementPresent: Object 'Object Repository/Page_General/link_avatar' is present

2018-09-20 16:53:50 - [MESSAGE][PASSED] - Object 'Object Repository/Page_General/link_avatar' is present

2018-09-20 16:53:50 - [TEST_STEP][PASSED] - beautytap.GeneralAction.logout: beautytap.GeneralAction.logout is PASSED

2018-09-20 16:53:50 - [MESSAGE][PASSED] - Object: 'Object Repository/Page_General/link_avatar' is clicked on

2018-09-20 16:53:51 - [MESSAGE][PASSED] - Object 'Object Repository/Page_General/menu_logout' is present

2018-09-20 16:53:51 - [MESSAGE][PASSED] - Object: 'Object Repository/Page_General/menu_logout' is clicked on

2018-09-20 16:53:51 - [MESSAGE][PASSED] - Wait for page load successfully

2018-09-20 16:53:51 - [MESSAGE][PASSED] - beautytap.GeneralAction.logout is PASSED

2018-09-20 16:53:51 - [TEST_STEP][PASSED] - beautytap.GeneralAction.clickNavigationMenu: beautytap.GeneralAction.clickNavigationMenu is PASSED

2018-09-20 16:54:02 - [MESSAGE][PASSED] - Object: 'Object Repository/Page_General/link_login' is clicked on

2018-09-20 16:54:02 - [MESSAGE][PASSED] - Wait for page load successfully

2018-09-20 16:54:02 - [MESSAGE][PASSED] - beautytap.GeneralAction.clickNavigationMenu is PASSED

2018-09-20 16:54:02 - [TEST_STEP][PASSED] - beautytap.GeneralAction.login: beautytap.GeneralAction.login is PASSED

2018-09-20 16:54:02 - [MESSAGE][PASSED] - Text of object 'Object Repository/Page_login/txt_username' is cleared

2018-09-20 16:54:03 - [MESSAGE][PASSED] - Keys 'auto702757@mailinator.com' sent to object: 'Object Repository/Page_login/txt_username'

2018-09-20 16:54:03 - [MESSAGE][PASSED] - Text of object 'Object Repository/Page_login/txt_password' is cleared

2018-09-20 16:54:03 - [MESSAGE][PASSED] - Keys '123456' sent to object: 'Object Repository/Page_login/txt_password'

2018-09-20 16:54:04 - [MESSAGE][PASSED] - Object: 'Object Repository/Page_login/btn_login' is clicked on

2018-09-20 16:54:04 - [MESSAGE][PASSED] - Wait for page load successfully

2018-09-20 16:54:04 - [MESSAGE][PASSED] - beautytap.GeneralAction.login is PASSED

2018-09-20 16:54:04 - [TEST_STEP][PASSED] - verifyElementPresent: Object 'Object Repository/Page_General/link_avatar' is present

2018-09-20 16:54:12 - [MESSAGE][PASSED] - Object 'Object Repository/Page_General/link_avatar' is present

2018-09-20 16:54:12 - [TEST_STEP][PASSED] - beautytap.GeneralAction.logout: beautytap.GeneralAction.logout is PASSED

2018-09-20 16:54:12 - [MESSAGE][PASSED] - Object: 'Object Repository/Page_General/link_avatar' is clicked on

2018-09-20 16:54:12 - [MESSAGE][PASSED] - Object 'Object Repository/Page_General/menu_logout' is present

2018-09-20 16:54:13 - [MESSAGE][PASSED] - Object: 'Object Repository/Page_General/menu_logout' is clicked on

2018-09-20 16:54:13 - [MESSAGE][PASSED] - Wait for page load successfully

2018-09-20 16:54:13 - [MESSAGE][PASSED] - beautytap.GeneralAction.logout is PASSED

2018-09-20 16:54:13 - [TEST_STEP][PASSED] - beautytap.GeneralAction.clickNavigationMenu: beautytap.GeneralAction.clickNavigationMenu is PASSED

2018-09-20 16:54:19 - [MESSAGE][PASSED] - Object: 'Object Repository/Page_General/link_login' is clicked on

2018-09-20 16:54:19 - [MESSAGE][PASSED] - Wait for page load successfully

2018-09-20 16:54:19 - [MESSAGE][PASSED] - beautytap.GeneralAction.clickNavigationMenu is PASSED

2018-09-20 16:54:19 - [TEST_STEP][PASSED] - click: Object: 'Object Repository/Page_Login/link_forgotPassword' is clicked on

2018-09-20 16:54:22 - [MESSAGE][PASSED] - Object: 'Object Repository/Page_Login/link_forgotPassword' is clicked on

2018-09-20 16:54:22 - [TEST_STEP][PASSED] - sendKeys: Keys 'auto702757' sent to object: 'Object Repository/Page_ForgotPassword/txt_usernameOrEmail'

2018-09-20 16:54:22 - [MESSAGE][PASSED] - Keys 'auto702757' sent to object: 'Object Repository/Page_ForgotPassword/txt_usernameOrEmail'

2018-09-20 16:54:22 - [TEST_STEP][PASSED] - click: Object: 'Object Repository/Page_ForgotPassword/btn_forgotPassword' is clicked on

2018-09-20 16:54:23 - [MESSAGE][PASSED] - Object: 'Object Repository/Page_ForgotPassword/btn_forgotPassword' is clicked on

2018-09-20 16:54:23 - [TEST_STEP][PASSED] - verifyElementPresent: Object 'Object Repository/Page_ForgotPassword/lbl_sucessMessage' is present

2018-09-20 16:54:26 - [MESSAGE][PASSED] - Object 'Object Repository/Page_ForgotPassword/lbl_sucessMessage' is present

2018-09-20 16:54:26 - [TEST_STEP][PASSED] - beautytap.GeneralAction.openMailBox: beautytap.GeneralAction.openMailBox is PASSED

2018-09-20 16:54:28 - [MESSAGE][PASSED] - Navigate to 'https://www.mailinator.com' successfully

2018-09-20 16:54:28 - [MESSAGE][PASSED] - Wait for page load successfully

2018-09-20 16:54:28 - [MESSAGE][PASSED] - Keys 'auto702757' sent to object: 'Object Repository/Page_mailinator/txt_email'

2018-09-20 16:54:30 - [MESSAGE][PASSED] - Object: 'Object Repository/Page_mailinator/btn_go' is clicked on

2018-09-20 16:54:30 - [MESSAGE][PASSED] - Wait for page load successfully

2018-09-20 16:54:35 - [MESSAGE][PASSED] - Delayed 5 second(s)

2018-09-20 16:54:35 - [MESSAGE][PASSED] - beautytap.GeneralAction.openMailBox is PASSED

2018-09-20 16:54:35 - [TEST_STEP][PASSED] - beautytap.GeneralAction.verifyEmailExist: beautytap.GeneralAction.verifyEmailExist is PASSED

2018-09-20 16:54:35 - [MESSAGE][PASSED] - Object '' is present

2018-09-20 16:54:35 - [MESSAGE][PASSED] - beautytap.GeneralAction.verifyEmailExist is PASSED

2018-09-20 16:54:35 - [TEST_STEP][PASSED] - beautytap.GeneralAction.openEmail: beautytap.GeneralAction.openEmail is PASSED

2018-09-20 16:54:35 - [MESSAGE][PASSED] - Object: '' is clicked on

2018-09-20 16:54:35 - [MESSAGE][PASSED] - beautytap.GeneralAction.openEmail is PASSED

2018-09-20 16:54:35 - [TEST_STEP][PASSED] - beautytap.GeneralAction.clickEmailLink: beautytap.GeneralAction.clickEmailLink is PASSED

2018-09-20 16:54:36 - [MESSAGE][PASSED] - Text of object '' is: 'https://stage.beautytap.com/wp-login.php?action=rp&key=WYY1LieRiYYOL4ge9325&login=auto702757'

2018-09-20 16:54:41 - [MESSAGE][PASSED] - Navigate to 'https://stage.beautytap.com/wp-login.php?action=rp&key=WYY1LieRiYYOL4ge9325&login=auto702757' successfully

2018-09-20 16:54:41 - [MESSAGE][PASSED] - beautytap.GeneralAction.clickEmailLink is PASSED

2018-09-20 16:54:41 - [TEST_STEP][PASSED] - delay: Delayed 20 second(s)

2018-09-20 16:55:01 - [MESSAGE][PASSED] - Delayed 20 second(s)

2018-09-20 16:55:01 - [TEST_STEP][PASSED] - clearText: Text of object 'Object Repository/Page_ForgotPassword/txt_newPassword' is cleared

2018-09-20 16:55:01 - [MESSAGE][PASSED] - Text of object 'Object Repository/Page_ForgotPassword/txt_newPassword' is cleared

2018-09-20 16:55:01 - [TEST_STEP][PASSED] - sendKeys: Keys 'test123' sent to object: 'Object Repository/Page_ForgotPassword/txt_newPassword'

2018-09-20 16:55:02 - [MESSAGE][PASSED] - Keys 'test123' sent to object: 'Object Repository/Page_ForgotPassword/txt_newPassword'

2018-09-20 16:55:02 - [TEST_STEP][PASSED] - click: Object: 'Object Repository/Page_ForgotPassword/btn_resetPassword' is clicked on

2018-09-20 16:55:08 - [MESSAGE][PASSED] - Object: 'Object Repository/Page_ForgotPassword/btn_resetPassword' is clicked on

2018-09-20 16:55:08 - [TEST_STEP][PASSED] - verifyElementPresent: Object 'Object Repository/Page_ForgotPassword/lbl_resetPasswordMessage' is present

2018-09-20 16:55:08 - [MESSAGE][PASSED] - Object 'Object Repository/Page_ForgotPassword/lbl_resetPasswordMessage' is present

2018-09-20 16:55:08 - [TEST_STEP][PASSED] - beautytap.GeneralAction.clickNavigationMenu: beautytap.GeneralAction.clickNavigationMenu is PASSED

2018-09-20 16:55:11 - [MESSAGE][PASSED] - Object: 'Object Repository/Page_General/link_login' is clicked on

2018-09-20 16:55:11 - [MESSAGE][PASSED] - Wait for page load successfully

2018-09-20 16:55:11 - [MESSAGE][PASSED] - beautytap.GeneralAction.clickNavigationMenu is PASSED

2018-09-20 16:55:11 - [TEST_STEP][PASSED] - beautytap.GeneralAction.login: beautytap.GeneralAction.login is PASSED

2018-09-20 16:55:11 - [MESSAGE][PASSED] - Text of object 'Object Repository/Page_login/txt_username' is cleared

2018-09-20 16:55:11 - [MESSAGE][PASSED] - Keys 'auto702757' sent to object: 'Object Repository/Page_login/txt_username'

2018-09-20 16:55:12 - [MESSAGE][PASSED] - Text of object 'Object Repository/Page_login/txt_password' is cleared

2018-09-20 16:55:12 - [MESSAGE][PASSED] - Keys '123456' sent to object: 'Object Repository/Page_login/txt_password'

2018-09-20 16:55:12 - [MESSAGE][PASSED] - Object: 'Object Repository/Page_login/btn_login' is clicked on

2018-09-20 16:55:12 - [MESSAGE][PASSED] - Wait for page load successfully

2018-09-20 16:55:12 - [MESSAGE][PASSED] - beautytap.GeneralAction.login is PASSED

2018-09-20 16:55:12 - [TEST_STEP][PASSED] - verifyElementText: Actual text and expected text of test object 'Object Repository/Page_Login/lbl_errorMessage' are matched.

2018-09-20 16:55:13 - [MESSAGE][PASSED] - Actual text and expected text of test object 'Object Repository/Page_Login/lbl_errorMessage' are matched.

2018-09-20 16:55:13 - [TEST_STEP][PASSED] - beautytap.GeneralAction.login: beautytap.GeneralAction.login is PASSED

2018-09-20 16:55:13 - [MESSAGE][PASSED] - Text of object 'Object Repository/Page_login/txt_username' is cleared

2018-09-20 16:55:13 - [MESSAGE][PASSED] - Keys 'auto702757' sent to object: 'Object Repository/Page_login/txt_username'

2018-09-20 16:55:13 - [MESSAGE][PASSED] - Text of object 'Object Repository/Page_login/txt_password' is cleared

2018-09-20 16:55:13 - [MESSAGE][PASSED] - Keys 'test123' sent to object: 'Object Repository/Page_login/txt_password'

2018-09-20 16:55:13 - [MESSAGE][PASSED] - Object: 'Object Repository/Page_login/btn_login' is clicked on

2018-09-20 16:55:13 - [MESSAGE][PASSED] - Wait for page load successfully

2018-09-20 16:55:13 - [MESSAGE][PASSED] - beautytap.GeneralAction.login is PASSED

2018-09-20 16:55:13 - [TEST_STEP][PASSED] - verifyElementPresent: Object 'Object Repository/Page_General/link_avatar' is present

2018-09-20 16:55:24 - [MESSAGE][PASSED] - Object 'Object Repository/Page_General/link_avatar' is present

2018-09-20 16:55:24 - [TEST_STEP][PASSED] - beautytap.GeneralAction.logout: beautytap.GeneralAction.logout is PASSED

2018-09-20 16:55:24 - [MESSAGE][PASSED] - Object: 'Object Repository/Page_General/link_avatar' is clicked on

2018-09-20 16:55:24 - [MESSAGE][PASSED] - Object 'Object Repository/Page_General/menu_logout' is present

2018-09-20 16:55:25 - [MESSAGE][PASSED] - Object: 'Object Repository/Page_General/menu_logout' is clicked on

2018-09-20 16:55:25 - [MESSAGE][PASSED] - Wait for page load successfully

2018-09-20 16:55:25 - [MESSAGE][PASSED] - beautytap.GeneralAction.logout is PASSED

2018-09-20 16:55:25 - [TEST_STEP][PASSED] - beautytap.GeneralAction.clickNavigationMenu: beautytap.GeneralAction.clickNavigationMenu is PASSED

2018-09-20 16:55:37 - [MESSAGE][PASSED] - Object: 'Object Repository/Page_General/link_login' is clicked on

2018-09-20 16:55:37 - [MESSAGE][PASSED] - Wait for page load successfully

2018-09-20 16:55:37 - [MESSAGE][PASSED] - beautytap.GeneralAction.clickNavigationMenu is PASSED

2018-09-20 16:55:37 - [TEST_STEP][PASSED] - beautytap.GeneralAction.login: beautytap.GeneralAction.login is PASSED

2018-09-20 16:55:38 - [MESSAGE][PASSED] - Text of object 'Object Repository/Page_login/txt_username' is cleared

2018-09-20 16:55:38 - [MESSAGE][PASSED] - Keys 'auto702757@mailinator.com' sent to object: 'Object Repository/Page_login/txt_username'

2018-09-20 16:55:38 - [MESSAGE][PASSED] - Text of object 'Object Repository/Page_login/txt_password' is cleared

2018-09-20 16:55:38 - [MESSAGE][PASSED] - Keys 'test123' sent to object: 'Object Repository/Page_login/txt_password'

2018-09-20 16:55:38 - [MESSAGE][PASSED] - Object: 'Object Repository/Page_login/btn_login' is clicked on

2018-09-20 16:55:38 - [MESSAGE][PASSED] - Wait for page load successfully

2018-09-20 16:55:38 - [MESSAGE][PASSED] - beautytap.GeneralAction.login is PASSED

2018-09-20 16:55:38 - [TEST_STEP][PASSED] - verifyElementPresent: Object 'Object Repository/Page_General/link_avatar' is present

2018-09-20 16:55:46 - [MESSAGE][PASSED] - Object 'Object Repository/Page_General/link_avatar' is present

2018-09-20 16:55:46 - [TEST_STEP][PASSED] - beautytap.GeneralAction.logout: beautytap.GeneralAction.logout is PASSED

2018-09-20 16:55:47 - [MESSAGE][PASSED] - Object: 'Object Repository/Page_General/link_avatar' is clicked on

2018-09-20 16:55:47 - [MESSAGE][PASSED] - Object 'Object Repository/Page_General/menu_logout' is present

2018-09-20 16:55:47 - [MESSAGE][PASSED] - Object: 'Object Repository/Page_General/menu_logout' is clicked on

2018-09-20 16:55:47 - [MESSAGE][PASSED] - Wait for page load successfully

2018-09-20 16:55:48 - [MESSAGE][PASSED] - Browser is closed

2018-09-20 16:55:48 - [MESSAGE][PASSED] - beautytap.GeneralAction.logout is PASSED]]></system-out>
         <system-err><![CDATA[]]></system-err>
      </testcase>
      <testcase name="Test Cases/SignUp_Login_ResetPass/TC02_SignUp_Login_ViaFacebookEmail_NewUser_OldUser" classname="Test Cases/SignUp_Login_ResetPass/TC02_SignUp_Login_ViaFacebookEmail_NewUser_OldUser" status="PASSED">
         <system-out><![CDATA[2018-09-20 16:55:50 - [TEST_CASE][PASSED] - Test Cases/SignUp_Login_ResetPass/TC02_SignUp_Login_ViaFacebookEmail_NewUser_OldUser: Test Cases/SignUp_Login_ResetPass/TC02_SignUp_Login_ViaFacebookEmail_NewUser_OldUser

2018-09-20 16:55:50 - [TEST_STEP][PASSED] - beautytap.AdminAction.deleteUser: beautytap.AdminAction.deleteUser is PASSED

2018-09-20 16:55:57 - [MESSAGE][PASSED] - Browser is opened with url: 'https://stage.beautytap.com/login'

2018-09-20 16:55:59 - [MESSAGE][PASSED] - Current window maximized

2018-09-20 16:55:59 - [MESSAGE][PASSED] - Text of object 'Object Repository/Page_login/txt_username' is cleared

2018-09-20 16:55:59 - [MESSAGE][PASSED] - Keys 'mrwhite' sent to object: 'Object Repository/Page_login/txt_username'

2018-09-20 16:55:59 - [MESSAGE][PASSED] - Text of object 'Object Repository/Page_login/txt_password' is cleared

2018-09-20 16:55:59 - [MESSAGE][PASSED] - Keys 'kgySM$Im' sent to object: 'Object Repository/Page_login/txt_password'

2018-09-20 16:55:59 - [MESSAGE][PASSED] - Object: 'Object Repository/Page_login/btn_login' is clicked on

2018-09-20 16:55:59 - [MESSAGE][PASSED] - Wait for page load successfully

2018-09-20 16:56:00 - [MESSAGE][PASSED] - Wait for page load successfully

2018-09-20 16:56:07 - [MESSAGE][PASSED] - Navigate to 'https://stage.beautytap.com/admin' successfully

2018-09-20 16:56:07 - [MESSAGE][PASSED] - Wait for page load successfully

2018-09-20 16:56:13 - [MESSAGE][PASSED] - Object: 'Object Repository/Page_Admin/menu_users' is clicked on

2018-09-20 16:56:13 - [MESSAGE][PASSED] - Wait for page load successfully

2018-09-20 16:56:13 - [MESSAGE][PASSED] - Text of object 'Object Repository/Page_Admin/txt_searchUser' is cleared

2018-09-20 16:56:14 - [MESSAGE][PASSED] - Keys 'g5.posiba@gmail.com' sent to object: 'Object Repository/Page_Admin/txt_searchUser'

2018-09-20 16:56:17 - [MESSAGE][PASSED] - Object: 'Object Repository/Page_Admin/btn_searchUser' is clicked on

2018-09-20 16:56:17 - [MESSAGE][PASSED] - Wait for page load successfully

2018-09-20 16:56:17 - [MESSAGE][PASSED] - Text of object '' is: 'g5.posiba@gmail.com'

2018-09-20 16:56:17 - [MESSAGE][PASSED] - Attribute 'id' of object '' is: 'user-64405'

2018-09-20 16:56:17 - [MESSAGE][PASSED] - Object: '' is hovered

2018-09-20 16:56:22 - [MESSAGE][PASSED] - Delayed 5 second(s)

2018-09-20 16:56:24 - [MESSAGE][PASSED] - Object: '' is clicked on

2018-09-20 16:56:24 - [MESSAGE][FAILED] - No alert found
[[ATTACHMENT|E:\\BeautytapAutomation\\beautytapAuto\\Beautytap\\Reports\\TS1\\20180920_165220\\1537437384496.png]]

2018-09-20 16:56:25 - [MESSAGE][FAILED] - Unable to accept alert (Root cause: No alert found)
[[ATTACHMENT|E:\\BeautytapAutomation\\beautytapAuto\\Beautytap\\Reports\\TS1\\20180920_165220\\1537437384828.png]]

2018-09-20 16:56:25 - [MESSAGE][PASSED] - Browser is closed

2018-09-20 16:56:25 - [MESSAGE][PASSED] - beautytap.AdminAction.deleteUser is PASSED

2018-09-20 16:56:25 - [TEST_STEP][PASSED] - beautytap.GeneralAction.openBeautytap: beautytap.GeneralAction.openBeautytap is PASSED

2018-09-20 16:56:38 - [MESSAGE][PASSED] - Browser is opened with url: 'https://stage.beautytap.com'

2018-09-20 16:56:39 - [MESSAGE][PASSED] - Current window maximized

2018-09-20 16:56:44 - [MESSAGE][PASSED] - Refresh successfully

2018-09-20 16:56:44 - [MESSAGE][PASSED] - Wait for page load successfully

2018-09-20 16:56:44 - [MESSAGE][PASSED] - beautytap.GeneralAction.openBeautytap is PASSED

2018-09-20 16:56:44 - [TEST_STEP][PASSED] - beautytap.GeneralAction.clickNavigationMenu: beautytap.GeneralAction.clickNavigationMenu is PASSED

2018-09-20 16:56:47 - [MESSAGE][PASSED] - Object: 'Object Repository/Page_General/link_signup' is clicked on

2018-09-20 16:56:47 - [MESSAGE][PASSED] - Wait for page load successfully

2018-09-20 16:56:47 - [MESSAGE][PASSED] - beautytap.GeneralAction.clickNavigationMenu is PASSED

2018-09-20 16:56:47 - [TEST_STEP][PASSED] - beautytap.GeneralAction.signupViaFacebook: beautytap.GeneralAction.signupViaFacebook is PASSED

2018-09-20 16:56:48 - [MESSAGE][PASSED] - Object: 'Object Repository/Page_Signup/btn_signupFB' is clicked on

2018-09-20 16:56:48 - [MESSAGE][PASSED] - Switched to window with index: '1'

2018-09-20 16:56:49 - [MESSAGE][PASSED] - Keys 'g5.posiba@gmail.com' sent to object: 'Object Repository/Popup_FacebookLogin/txt_email'

2018-09-20 16:56:50 - [MESSAGE][PASSED] - Keys 'posiba123' sent to object: 'Object Repository/Popup_FacebookLogin/txt_password'

2018-09-20 16:56:52 - [MESSAGE][PASSED] - Object: 'Object Repository/Popup_FacebookLogin/btn_login' is clicked on

2018-09-20 16:56:54 - [MESSAGE][WARNING] - Cannot take screenshot

2018-09-20 16:56:54 - [MESSAGE][FAILED] - Unable to get text of object 'Object Repository/Popup_FacebookLogin/btn_confirmPermission' (Root cause: org.openqa.selenium.NoSuchWindowException: no such window: window was already closed
  (Session info: chrome=69.0.3497.100)
  (Driver info: chromedriver=2.35.528161 (5b82f2d2aae0ca24b877009200ced9065a772e73),platform=Windows NT 10.0.17134 x86_64) (WARNING: The server did not provide any stacktrace information)
Command duration or timeout: 0 milliseconds
Build info: version: '3.7.1', revision: '8a0099a', time: '2017-11-06T21:07:36.161Z'
System info: host: 'DESKTOP-G1UHP65', ip: '10.0.0.86', os.name: 'Windows 10', os.arch: 'amd64', os.version: '10.0', java.version: '1.8.0_102'
Driver info: com.kms.katalon.selenium.driver.CChromeDriver
Capabilities {acceptInsecureCerts: false, acceptSslCerts: false, applicationCacheEnabled: false, browserConnectionEnabled: false, browserName: chrome, chrome: {chromedriverVersion: 2.35.528161 (5b82f2d2aae0ca..., userDataDir: C:\Users\TRANGN~1\AppData\L...}, cssSelectorsEnabled: true, databaseEnabled: false, handlesAlerts: true, hasTouchScreen: false, javascriptEnabled: true, locationContextEnabled: true, mobileEmulationEnabled: false, nativeEvents: true, networkConnectionEnabled: false, pageLoadStrategy: normal, platform: XP, platformName: XP, rotatable: false, setWindowRect: true, takesHeapSnapshot: true, takesScreenshot: true, unexpectedAlertBehaviour: , unhandledPromptBehavior: , version: 69.0.3497.100, webStorageEnabled: true}
Session ID: 44a6f6eea29e5f86e661dff848cbc59d
*** Element info: {Using=xpath, value=//button[contains(@class,'layerConfirm') and contains(@name,'CONFIRM')]})

2018-09-20 16:56:54 - [MESSAGE][PASSED] - Switched to window with index: '0'

2018-09-20 16:57:09 - [MESSAGE][PASSED] - Delayed 15 second(s)

2018-09-20 16:57:09 - [MESSAGE][PASSED] - Wait for page load successfully

2018-09-20 16:57:09 - [MESSAGE][PASSED] - beautytap.GeneralAction.signupViaFacebook is PASSED

2018-09-20 16:57:09 - [TEST_STEP][PASSED] - verifyElementPresent: Object 'Object Repository/Page_General/link_avatar' is present

2018-09-20 16:57:09 - [MESSAGE][PASSED] - Object 'Object Repository/Page_General/link_avatar' is present

2018-09-20 16:57:09 - [TEST_STEP][PASSED] - beautytap.GeneralAction.logout: beautytap.GeneralAction.logout is PASSED

2018-09-20 16:57:09 - [MESSAGE][PASSED] - Object: 'Object Repository/Page_General/link_avatar' is clicked on

2018-09-20 16:57:09 - [MESSAGE][PASSED] - Object 'Object Repository/Page_General/menu_logout' is present

2018-09-20 16:57:10 - [MESSAGE][PASSED] - Object: 'Object Repository/Page_General/menu_logout' is clicked on

2018-09-20 16:57:10 - [MESSAGE][PASSED] - Wait for page load successfully

2018-09-20 16:57:11 - [MESSAGE][PASSED] - Browser is closed

2018-09-20 16:57:11 - [MESSAGE][PASSED] - beautytap.GeneralAction.logout is PASSED

2018-09-20 16:57:11 - [TEST_STEP][PASSED] - beautytap.AdminAction.deleteUser: beautytap.AdminAction.deleteUser is PASSED

2018-09-20 16:57:19 - [MESSAGE][PASSED] - Browser is opened with url: 'https://stage.beautytap.com/login'

2018-09-20 16:57:20 - [MESSAGE][PASSED] - Current window maximized

2018-09-20 16:57:21 - [MESSAGE][PASSED] - Text of object 'Object Repository/Page_login/txt_username' is cleared

2018-09-20 16:57:21 - [MESSAGE][PASSED] - Keys 'mrwhite' sent to object: 'Object Repository/Page_login/txt_username'

2018-09-20 16:57:21 - [MESSAGE][PASSED] - Text of object 'Object Repository/Page_login/txt_password' is cleared

2018-09-20 16:57:21 - [MESSAGE][PASSED] - Keys 'kgySM$Im' sent to object: 'Object Repository/Page_login/txt_password'

2018-09-20 16:57:22 - [MESSAGE][PASSED] - Object: 'Object Repository/Page_login/btn_login' is clicked on

2018-09-20 16:57:22 - [MESSAGE][PASSED] - Wait for page load successfully

2018-09-20 16:57:22 - [MESSAGE][PASSED] - Wait for page load successfully

2018-09-20 16:57:29 - [MESSAGE][PASSED] - Navigate to 'https://stage.beautytap.com/admin' successfully

2018-09-20 16:57:29 - [MESSAGE][PASSED] - Wait for page load successfully

2018-09-20 16:57:36 - [MESSAGE][PASSED] - Object: 'Object Repository/Page_Admin/menu_users' is clicked on

2018-09-20 16:57:36 - [MESSAGE][PASSED] - Wait for page load successfully

2018-09-20 16:57:36 - [MESSAGE][PASSED] - Text of object 'Object Repository/Page_Admin/txt_searchUser' is cleared

2018-09-20 16:57:37 - [MESSAGE][PASSED] - Keys 'g5.posiba@gmail.com' sent to object: 'Object Repository/Page_Admin/txt_searchUser'

2018-09-20 16:57:40 - [MESSAGE][PASSED] - Object: 'Object Repository/Page_Admin/btn_searchUser' is clicked on

2018-09-20 16:57:40 - [MESSAGE][PASSED] - Wait for page load successfully

2018-09-20 16:57:40 - [MESSAGE][PASSED] - Text of object '' is: 'g5.posiba@gmail.com'

2018-09-20 16:57:40 - [MESSAGE][PASSED] - Attribute 'id' of object '' is: 'user-64405'

2018-09-20 16:57:40 - [MESSAGE][PASSED] - Object: '' is hovered

2018-09-20 16:57:45 - [MESSAGE][PASSED] - Delayed 5 second(s)

2018-09-20 16:57:46 - [MESSAGE][PASSED] - Object: '' is clicked on

2018-09-20 16:57:47 - [MESSAGE][FAILED] - No alert found
[[ATTACHMENT|E:\\BeautytapAutomation\\beautytapAuto\\Beautytap\\Reports\\TS1\\20180920_165220\\1537437466804.png]]

2018-09-20 16:57:47 - [MESSAGE][FAILED] - Unable to accept alert (Root cause: No alert found)
[[ATTACHMENT|E:\\BeautytapAutomation\\beautytapAuto\\Beautytap\\Reports\\TS1\\20180920_165220\\1537437467148.png]]

2018-09-20 16:57:48 - [MESSAGE][PASSED] - Browser is closed

2018-09-20 16:57:48 - [MESSAGE][PASSED] - beautytap.AdminAction.deleteUser is PASSED

2018-09-20 16:57:48 - [TEST_STEP][PASSED] - beautytap.GeneralAction.openBeautytap: beautytap.GeneralAction.openBeautytap is PASSED

2018-09-20 16:58:06 - [MESSAGE][PASSED] - Browser is opened with url: 'https://stage.beautytap.com'

2018-09-20 16:58:07 - [MESSAGE][PASSED] - Current window maximized

2018-09-20 16:58:13 - [MESSAGE][PASSED] - Refresh successfully

2018-09-20 16:58:13 - [MESSAGE][PASSED] - Wait for page load successfully

2018-09-20 16:58:13 - [MESSAGE][PASSED] - beautytap.GeneralAction.openBeautytap is PASSED

2018-09-20 16:58:13 - [TEST_STEP][PASSED] - beautytap.GeneralAction.clickNavigationMenu: beautytap.GeneralAction.clickNavigationMenu is PASSED

2018-09-20 16:58:16 - [MESSAGE][PASSED] - Object: 'Object Repository/Page_General/link_login' is clicked on

2018-09-20 16:58:16 - [MESSAGE][PASSED] - Wait for page load successfully

2018-09-20 16:58:16 - [MESSAGE][PASSED] - beautytap.GeneralAction.clickNavigationMenu is PASSED

2018-09-20 16:58:16 - [TEST_STEP][PASSED] - beautytap.GeneralAction.login: beautytap.GeneralAction.login is PASSED

2018-09-20 16:58:16 - [MESSAGE][PASSED] - Object: 'Object Repository/Page_Login/btn_loginFB' is clicked on

2018-09-20 16:58:16 - [MESSAGE][PASSED] - Switched to window with index: '1'

2018-09-20 16:58:18 - [MESSAGE][PASSED] - Object 'Object Repository/Popup_FacebookLogin/txt_email' is visible

2018-09-20 16:58:20 - [MESSAGE][PASSED] - Keys 'g5.posiba@gmail.com' sent to object: 'Object Repository/Popup_FacebookLogin/txt_email'

2018-09-20 16:58:20 - [MESSAGE][PASSED] - Keys 'posiba123' sent to object: 'Object Repository/Popup_FacebookLogin/txt_password'

2018-09-20 16:58:21 - [MESSAGE][PASSED] - Object: 'Object Repository/Popup_FacebookLogin/btn_login' is clicked on

2018-09-20 16:58:21 - [MESSAGE][PASSED] - Switched to window with index: '0'

2018-09-20 16:58:21 - [MESSAGE][PASSED] - Wait for page load successfully

2018-09-20 16:58:21 - [MESSAGE][PASSED] - beautytap.GeneralAction.login is PASSED

2018-09-20 16:58:21 - [TEST_STEP][PASSED] - verifyElementPresent: Object 'Object Repository/Page_General/link_avatar' is present

2018-09-20 16:58:30 - [MESSAGE][PASSED] - Object 'Object Repository/Page_General/link_avatar' is present

2018-09-20 16:58:30 - [TEST_STEP][PASSED] - beautytap.GeneralAction.logout: beautytap.GeneralAction.logout is PASSED

2018-09-20 16:58:31 - [MESSAGE][PASSED] - Object: 'Object Repository/Page_General/link_avatar' is clicked on

2018-09-20 16:58:31 - [MESSAGE][PASSED] - Object 'Object Repository/Page_General/menu_logout' is present

2018-09-20 16:58:31 - [MESSAGE][PASSED] - Object: 'Object Repository/Page_General/menu_logout' is clicked on

2018-09-20 16:58:31 - [MESSAGE][PASSED] - Wait for page load successfully

2018-09-20 16:58:32 - [MESSAGE][PASSED] - Browser is closed

2018-09-20 16:58:32 - [MESSAGE][PASSED] - beautytap.GeneralAction.logout is PASSED

2018-09-20 16:58:32 - [TEST_STEP][PASSED] - beautytap.GeneralAction.openBeautytap: beautytap.GeneralAction.openBeautytap is PASSED

2018-09-20 16:58:54 - [MESSAGE][PASSED] - Browser is opened with url: 'https://stage.beautytap.com'

2018-09-20 16:58:55 - [MESSAGE][PASSED] - Current window maximized

2018-09-20 16:59:01 - [MESSAGE][PASSED] - Refresh successfully

2018-09-20 16:59:01 - [MESSAGE][PASSED] - Wait for page load successfully

2018-09-20 16:59:01 - [MESSAGE][PASSED] - beautytap.GeneralAction.openBeautytap is PASSED

2018-09-20 16:59:01 - [TEST_STEP][PASSED] - beautytap.GeneralAction.clickNavigationMenu: beautytap.GeneralAction.clickNavigationMenu is PASSED

2018-09-20 16:59:04 - [MESSAGE][PASSED] - Object: 'Object Repository/Page_General/link_signup' is clicked on

2018-09-20 16:59:04 - [MESSAGE][PASSED] - Wait for page load successfully

2018-09-20 16:59:04 - [MESSAGE][PASSED] - beautytap.GeneralAction.clickNavigationMenu is PASSED

2018-09-20 16:59:04 - [TEST_STEP][PASSED] - beautytap.GeneralAction.signupViaFacebook: beautytap.GeneralAction.signupViaFacebook is PASSED

2018-09-20 16:59:05 - [MESSAGE][PASSED] - Object: 'Object Repository/Page_Signup/btn_signupFB' is clicked on

2018-09-20 16:59:05 - [MESSAGE][PASSED] - Switched to window with index: '1'

2018-09-20 16:59:07 - [MESSAGE][PASSED] - Keys 'g5.posiba@gmail.com' sent to object: 'Object Repository/Popup_FacebookLogin/txt_email'

2018-09-20 16:59:07 - [MESSAGE][PASSED] - Keys 'posiba123' sent to object: 'Object Repository/Popup_FacebookLogin/txt_password'

2018-09-20 16:59:09 - [MESSAGE][PASSED] - Object: 'Object Repository/Popup_FacebookLogin/btn_login' is clicked on

2018-09-20 16:59:11 - [MESSAGE][WARNING] - Cannot take screenshot

2018-09-20 16:59:11 - [MESSAGE][FAILED] - Unable to get text of object 'Object Repository/Popup_FacebookLogin/btn_confirmPermission' (Root cause: org.openqa.selenium.NoSuchWindowException: no such window: window was already closed
  (Session info: chrome=69.0.3497.100)
  (Driver info: chromedriver=2.35.528161 (5b82f2d2aae0ca24b877009200ced9065a772e73),platform=Windows NT 10.0.17134 x86_64) (WARNING: The server did not provide any stacktrace information)
Command duration or timeout: 0 milliseconds
Build info: version: '3.7.1', revision: '8a0099a', time: '2017-11-06T21:07:36.161Z'
System info: host: 'DESKTOP-G1UHP65', ip: '10.0.0.86', os.name: 'Windows 10', os.arch: 'amd64', os.version: '10.0', java.version: '1.8.0_102'
Driver info: com.kms.katalon.selenium.driver.CChromeDriver
Capabilities {acceptInsecureCerts: false, acceptSslCerts: false, applicationCacheEnabled: false, browserConnectionEnabled: false, browserName: chrome, chrome: {chromedriverVersion: 2.35.528161 (5b82f2d2aae0ca..., userDataDir: C:\Users\TRANGN~1\AppData\L...}, cssSelectorsEnabled: true, databaseEnabled: false, handlesAlerts: true, hasTouchScreen: false, javascriptEnabled: true, locationContextEnabled: true, mobileEmulationEnabled: false, nativeEvents: true, networkConnectionEnabled: false, pageLoadStrategy: normal, platform: XP, platformName: XP, rotatable: false, setWindowRect: true, takesHeapSnapshot: true, takesScreenshot: true, unexpectedAlertBehaviour: , unhandledPromptBehavior: , version: 69.0.3497.100, webStorageEnabled: true}
Session ID: 3da1fefd767a269cc91c71fa588de21f
*** Element info: {Using=xpath, value=//button[contains(@class,'layerConfirm') and contains(@name,'CONFIRM')]})

2018-09-20 16:59:11 - [MESSAGE][PASSED] - Switched to window with index: '0'

2018-09-20 16:59:26 - [MESSAGE][PASSED] - Delayed 15 second(s)

2018-09-20 16:59:26 - [MESSAGE][PASSED] - Wait for page load successfully

2018-09-20 16:59:26 - [MESSAGE][PASSED] - beautytap.GeneralAction.signupViaFacebook is PASSED

2018-09-20 16:59:26 - [TEST_STEP][PASSED] - verifyElementPresent: Object 'Object Repository/Page_General/link_avatar' is present

2018-09-20 16:59:26 - [MESSAGE][PASSED] - Object 'Object Repository/Page_General/link_avatar' is present

2018-09-20 16:59:26 - [TEST_STEP][PASSED] - beautytap.GeneralAction.logout: beautytap.GeneralAction.logout is PASSED

2018-09-20 16:59:26 - [MESSAGE][PASSED] - Object: 'Object Repository/Page_General/link_avatar' is clicked on

2018-09-20 16:59:26 - [MESSAGE][PASSED] - Object 'Object Repository/Page_General/menu_logout' is present

2018-09-20 16:59:27 - [MESSAGE][PASSED] - Object: 'Object Repository/Page_General/menu_logout' is clicked on

2018-09-20 16:59:27 - [MESSAGE][PASSED] - Wait for page load successfully

2018-09-20 16:59:27 - [MESSAGE][PASSED] - Browser is closed

2018-09-20 16:59:27 - [MESSAGE][PASSED] - beautytap.GeneralAction.logout is PASSED

2018-09-20 16:59:27 - [TEST_STEP][PASSED] - beautytap.GeneralAction.openBeautytap: beautytap.GeneralAction.openBeautytap is PASSED

2018-09-20 16:59:38 - [MESSAGE][PASSED] - Browser is opened with url: 'https://stage.beautytap.com'

2018-09-20 16:59:39 - [MESSAGE][PASSED] - Current window maximized

2018-09-20 16:59:44 - [MESSAGE][PASSED] - Refresh successfully

2018-09-20 16:59:44 - [MESSAGE][PASSED] - Wait for page load successfully

2018-09-20 16:59:44 - [MESSAGE][PASSED] - beautytap.GeneralAction.openBeautytap is PASSED

2018-09-20 16:59:44 - [TEST_STEP][PASSED] - beautytap.GeneralAction.clickNavigationMenu: beautytap.GeneralAction.clickNavigationMenu is PASSED

2018-09-20 16:59:47 - [MESSAGE][PASSED] - Object: 'Object Repository/Page_General/link_login' is clicked on

2018-09-20 16:59:47 - [MESSAGE][PASSED] - Wait for page load successfully

2018-09-20 16:59:47 - [MESSAGE][PASSED] - beautytap.GeneralAction.clickNavigationMenu is PASSED

2018-09-20 16:59:47 - [TEST_STEP][PASSED] - beautytap.GeneralAction.login: beautytap.GeneralAction.login is PASSED

2018-09-20 16:59:48 - [MESSAGE][PASSED] - Object: 'Object Repository/Page_Login/btn_loginFB' is clicked on

2018-09-20 16:59:48 - [MESSAGE][PASSED] - Switched to window with index: '1'

2018-09-20 16:59:49 - [MESSAGE][PASSED] - Object 'Object Repository/Popup_FacebookLogin/txt_email' is visible

2018-09-20 16:59:50 - [MESSAGE][PASSED] - Keys 'g5.posiba@gmail.com' sent to object: 'Object Repository/Popup_FacebookLogin/txt_email'

2018-09-20 16:59:50 - [MESSAGE][PASSED] - Keys 'posiba123' sent to object: 'Object Repository/Popup_FacebookLogin/txt_password'

2018-09-20 16:59:51 - [MESSAGE][PASSED] - Object: 'Object Repository/Popup_FacebookLogin/btn_login' is clicked on

2018-09-20 16:59:52 - [MESSAGE][PASSED] - Switched to window with index: '0'

2018-09-20 16:59:52 - [MESSAGE][PASSED] - Wait for page load successfully

2018-09-20 16:59:52 - [MESSAGE][PASSED] - beautytap.GeneralAction.login is PASSED

2018-09-20 16:59:52 - [TEST_STEP][PASSED] - verifyElementPresent: Object 'Object Repository/Page_General/link_avatar' is present

2018-09-20 17:00:04 - [MESSAGE][PASSED] - Object 'Object Repository/Page_General/link_avatar' is present

2018-09-20 17:00:04 - [TEST_STEP][PASSED] - beautytap.GeneralAction.logout: beautytap.GeneralAction.logout is PASSED

2018-09-20 17:00:05 - [MESSAGE][PASSED] - Object: 'Object Repository/Page_General/link_avatar' is clicked on

2018-09-20 17:00:05 - [MESSAGE][PASSED] - Object 'Object Repository/Page_General/menu_logout' is present

2018-09-20 17:00:05 - [MESSAGE][PASSED] - Object: 'Object Repository/Page_General/menu_logout' is clicked on

2018-09-20 17:00:06 - [MESSAGE][PASSED] - Wait for page load successfully

2018-09-20 17:00:07 - [MESSAGE][PASSED] - Browser is closed

2018-09-20 17:00:07 - [MESSAGE][PASSED] - beautytap.GeneralAction.logout is PASSED]]></system-out>
         <system-err><![CDATA[]]></system-err>
      </testcase>
      <testcase name="Test Cases/Shop/TC03_Search_SimpleProduct_Sale_Creditcard_LessThan60_Normal" classname="Test Cases/Shop/TC03_Search_SimpleProduct_Sale_Creditcard_LessThan60_Normal" status="PASSED">
         <system-out><![CDATA[2018-09-20 17:00:09 - [TEST_CASE][PASSED] - Test Cases/Shop/TC03_Search_SimpleProduct_Sale_Creditcard_LessThan60_Normal: Test Cases/Shop/TC03_Search_SimpleProduct_Sale_Creditcard_LessThan60_Normal

2018-09-20 17:00:09 - [TEST_STEP][PASSED] - Statement - productName = SIMPLE_SALE_PRODUCT: null

2018-09-20 17:00:09 - [TEST_STEP][PASSED] - Statement - searchName = productName.substring(0, productName.indexOf("/")): null

2018-09-20 17:00:10 - [TEST_STEP][PASSED] - Statement - saleprice = SIMPLE_SALE_PRICE: null

2018-09-20 17:00:10 - [TEST_STEP][PASSED] - Statement - regularprice = SIMPLE_SALE_REGULAR_PRICE: null

2018-09-20 17:00:10 - [TEST_STEP][PASSED] - Statement - r_string = new java.lang.Math().random().toString().substring(2, 8): null

2018-09-20 17:00:10 - [TEST_STEP][PASSED] - Statement - email = "auto" + r_string + "@mailinator.com": null

2018-09-20 17:00:10 - [TEST_STEP][PASSED] - Statement - orderNote = "auto" + r_string + "Order": null

2018-09-20 17:00:10 - [TEST_STEP][PASSED] - Statement - currentNumberItemInCart = <not implemented yet for class: org.codehaus.groovy.ast.expr.EmptyExpression>: null

2018-09-20 17:00:10 - [TEST_STEP][PASSED] - Statement - quantity = 1: null

2018-09-20 17:00:10 - [TEST_STEP][PASSED] - Statement - subtotal = CustomKeywords.beautytap.ShopAction.calculateTotal(quantity, saleprice): beautytap.ShopAction.calculateTotal is PASSED

2018-09-20 17:00:10 - [MESSAGE][PASSED] - beautytap.ShopAction.calculateTotal is PASSED

2018-09-20 17:00:10 - [TEST_STEP][PASSED] - Statement - total = subtotal + SHIPPING_PRICE: null

2018-09-20 17:00:10 - [TEST_STEP][PASSED] - Statement - total = CustomKeywords.beautytap.ShopAction.calculateTotal(1, total): beautytap.ShopAction.calculateTotal is PASSED

2018-09-20 17:00:10 - [MESSAGE][PASSED] - beautytap.ShopAction.calculateTotal is PASSED

2018-09-20 17:00:10 - [TEST_STEP][PASSED] - Statement - products = new org.json.JSONArray((((((([{"productname":" + productName) + ","variation":"","quantity":") + quantity) + ","price":") + saleprice) + "}])): null

2018-09-20 17:00:10 - [TEST_STEP][PASSED] - Statement - billingInformation = new org.json.JSONObject((({"firstname":"Test","lastname":"Automation","country":"United States (US)","address":"123 Testing","city":"New York","state":"New York","zip":"90012","email":" + email) + "})): null

2018-09-20 17:00:10 - [TEST_STEP][PASSED] - Statement - shippingLabel = SHIPPING_LABEL: null

2018-09-20 17:00:10 - [TEST_STEP][PASSED] - Statement - shippingPrice = SHIPPING_PRICE: null

2018-09-20 17:00:10 - [TEST_STEP][PASSED] - Statement - shippingType = "normal": null

2018-09-20 17:00:10 - [TEST_STEP][PASSED] - Statement - paymentMethod = "Credit Card Payment": null

2018-09-20 17:00:10 - [TEST_STEP][PASSED] - beautytap.GeneralAction.openBeautytap: beautytap.GeneralAction.openBeautytap is PASSED

2018-09-20 17:00:27 - [MESSAGE][PASSED] - Browser is opened with url: 'https://stage.beautytap.com'

2018-09-20 17:00:28 - [MESSAGE][PASSED] - Current window maximized

2018-09-20 17:00:32 - [MESSAGE][PASSED] - Refresh successfully

2018-09-20 17:00:32 - [MESSAGE][PASSED] - Wait for page load successfully

2018-09-20 17:00:32 - [MESSAGE][PASSED] - beautytap.GeneralAction.openBeautytap is PASSED

2018-09-20 17:00:32 - [TEST_STEP][PASSED] - beautytap.ShopAction.globalSearch: beautytap.ShopAction.globalSearch is PASSED

2018-09-20 17:00:32 - [MESSAGE][PASSED] - Object: 'Object Repository/Page_General/icon_search' is clicked on

2018-09-20 17:00:37 - [MESSAGE][PASSED] - Delayed 5 second(s)

2018-09-20 17:00:37 - [MESSAGE][PASSED] - Text of object 'Object Repository/Page_General/txt_search' is cleared

2018-09-20 17:00:38 - [MESSAGE][PASSED] - Keys 'CONTROL + v' sent to object: 'Object Repository/Page_General/txt_search'

2018-09-20 17:00:41 - [MESSAGE][PASSED] - Object 'Object Repository/Page_General/div_searchResult' is present

2018-09-20 17:00:41 - [MESSAGE][PASSED] - beautytap.ShopAction.globalSearch is PASSED

2018-09-20 17:00:41 - [TEST_STEP][PASSED] - beautytap.ShopAction.VerifyProductOnSearchResult: beautytap.ShopAction.VerifyProductOnSearchResult is PASSED

2018-09-20 17:00:42 - [MESSAGE][PASSED] - Object '' is present

2018-09-20 17:00:42 - [MESSAGE][PASSED] - Text of object '' is: '$12.50'

2018-09-20 17:00:44 - [MESSAGE][FAILED] - Cannot get CSS 'color' value on ''. (Root cause: org.openqa.selenium.StaleElementReferenceException: stale element reference: element is not attached to the page document
  (Session info: chrome=69.0.3497.100)
  (Driver info: chromedriver=2.35.528161 (5b82f2d2aae0ca24b877009200ced9065a772e73),platform=Windows NT 10.0.17134 x86_64) (WARNING: The server did not provide any stacktrace information)
Command duration or timeout: 0 milliseconds
For documentation on this error, please visit: http://seleniumhq.org/exceptions/stale_element_reference.html
Build info: version: '3.7.1', revision: '8a0099a', time: '2017-11-06T21:07:36.161Z'
System info: host: 'DESKTOP-G1UHP65', ip: '10.0.0.86', os.name: 'Windows 10', os.arch: 'amd64', os.version: '10.0', java.version: '1.8.0_102'
Driver info: com.kms.katalon.selenium.driver.CChromeDriver
Capabilities {acceptInsecureCerts: false, acceptSslCerts: false, applicationCacheEnabled: false, browserConnectionEnabled: false, browserName: chrome, chrome: {chromedriverVersion: 2.35.528161 (5b82f2d2aae0ca..., userDataDir: C:\Users\TRANGN~1\AppData\L...}, cssSelectorsEnabled: true, databaseEnabled: false, handlesAlerts: true, hasTouchScreen: false, javascriptEnabled: true, locationContextEnabled: true, mobileEmulationEnabled: false, nativeEvents: true, networkConnectionEnabled: false, pageLoadStrategy: normal, platform: XP, platformName: XP, rotatable: false, setWindowRect: true, takesHeapSnapshot: true, takesScreenshot: true, unexpectedAlertBehaviour: , unhandledPromptBehavior: , version: 69.0.3497.100, webStorageEnabled: true}
Session ID: 78a14713acac9c356f77313ef7d4ab68)
[[ATTACHMENT|E:\\BeautytapAutomation\\beautytapAuto\\Beautytap\\Reports\\TS1\\20180920_165220\\1537437643341.png]]

2018-09-20 17:00:44 - [MESSAGE][PASSED] - beautytap.ShopAction.VerifyProductOnSearchResult is PASSED

2018-09-20 17:00:44 - [TEST_STEP][PASSED] - beautytap.ShopAction.selectProductOnSearchResult: beautytap.ShopAction.selectProductOnSearchResult is PASSED

2018-09-20 17:00:51 - [MESSAGE][PASSED] - Object: '' is clicked on

2018-09-20 17:00:51 - [MESSAGE][PASSED] - Wait for page load successfully

2018-09-20 17:00:51 - [MESSAGE][PASSED] - beautytap.ShopAction.selectProductOnSearchResult is PASSED

2018-09-20 17:00:51 - [TEST_STEP][PASSED] - beautytap.ShopAction.VerifyProductDetails: Keyword VerifyProductDetails is Passed

2018-09-20 17:00:51 - [MESSAGE][PASSED] - Text of object '' is: 'Innisfree Perfect UV Protection Cream SPF50+/PA+++ (Long-Lasting For Oily Skin) 50ml'

2018-09-20 17:00:51 - [MESSAGE][PASSED] - Text of object '' is: '$12.50'

2018-09-20 17:00:51 - [MESSAGE][PASSED] - Get CSS 'color' value on '' successfully: 'rgba(195, 195, 195, 1)'.

2018-09-20 17:00:51 - [MESSAGE][PASSED] - Text of object '' is: '$11.99'

2018-09-20 17:00:51 - [MESSAGE][PASSED] - Get CSS 'color' value on '' successfully: 'rgba(255, 35, 134, 1)'.

2018-09-20 17:00:51 - [MESSAGE][PASSED] - Keyword VerifyProductDetails is Passed

2018-09-20 17:00:51 - [TEST_STEP][PASSED] - Statement - currentNumberItemInCart = CustomKeywords.beautytap.ShopAction.getNumberItemInCart(): beautytap.ShopAction.getNumberItemInCart is PASSED

2018-09-20 17:01:23 - [MESSAGE][WARNING] - com.kms.katalon.core.webui.exception.WebElementNotFoundException: Web element with id: '' located by 'By.xpath: //div[@class='header-right-top pull-right']/a[@class='shop-cart']/span[@class='number-cart']' not found
[[ATTACHMENT|E:\\BeautytapAutomation\\beautytapAuto\\Beautytap\\Reports\\TS1\\20180920_165220\\1537437682880.png]]

2018-09-20 17:01:23 - [MESSAGE][PASSED] - beautytap.ShopAction.getNumberItemInCart is PASSED

2018-09-20 17:01:23 - [TEST_STEP][PASSED] - beautytap.ShopAction.addProductToCart: beautytap.ShopAction.addProductToCart is PASSED

2018-09-20 17:01:23 - [MESSAGE][PASSED] - Text of object 'Object Repository/Page_Shop/txt_quantity' is cleared

2018-09-20 17:01:23 - [MESSAGE][PASSED] - Keys '1' sent to object: 'Object Repository/Page_Shop/txt_quantity'

2018-09-20 17:01:23 - [MESSAGE][PASSED] - Object: 'Object Repository/Page_Shop/btn_addToCart' is clicked on

2018-09-20 17:01:23 - [MESSAGE][PASSED] - Wait for page load successfully

2018-09-20 17:01:30 - [MESSAGE][PASSED] - Object 'Object Repository/Page_Shop/lbl_message' is present

2018-09-20 17:01:30 - [MESSAGE][PASSED] - beautytap.ShopAction.addProductToCart is PASSED

2018-09-20 17:01:30 - [TEST_STEP][PASSED] - beautytap.ShopAction.VerifyNumberItemInCart: Keyword VerifyNumberItemInCart is Passed, Number item in cart is 1, expected is 1

2018-09-20 17:01:30 - [MESSAGE][PASSED] - Object '' is present

2018-09-20 17:01:30 - [MESSAGE][PASSED] - Text of object '' is: '1'

2018-09-20 17:01:30 - [MESSAGE][PASSED] - Keyword VerifyNumberItemInCart is Passed, Number item in cart is 1, expected is 1

2018-09-20 17:01:30 - [TEST_STEP][PASSED] - beautytap.ShopAction.VerifyProductIsAddedToCart: beautytap.ShopAction.VerifyProductIsAddedToCart is PASSED

2018-09-20 17:02:01 - [MESSAGE][WARNING] - com.kms.katalon.core.webui.exception.WebElementNotFoundException: Web element with id: '' located by 'By.xpath: //div[@class='woocommerce-message' and contains(text(),'Innisfree Perfect UV Protection Cream SPF50+/PA+++ (Long-Lasting For Oily Skin) 50ml have been added to your cart.')]' not found
[[ATTACHMENT|E:\\BeautytapAutomation\\beautytapAuto\\Beautytap\\Reports\\TS1\\20180920_165220\\1537437721604.png]]

2018-09-20 17:02:01 - [MESSAGE][PASSED] - beautytap.ShopAction.VerifyProductIsAddedToCart is PASSED

2018-09-20 17:02:01 - [TEST_STEP][PASSED] - beautytap.ShopAction.goToCart: beautytap.ShopAction.goToCart is PASSED

2018-09-20 17:02:08 - [MESSAGE][PASSED] - Object: 'Object Repository/Page_General/icon_cart' is clicked on

2018-09-20 17:02:08 - [MESSAGE][PASSED] - Wait for page load successfully

2018-09-20 17:02:08 - [MESSAGE][PASSED] - beautytap.ShopAction.goToCart is PASSED

2018-09-20 17:02:08 - [TEST_STEP][PASSED] - beautytap.ShopAction.VerifyProductInCart: Keyword VerifyProductInCart is Passed

2018-09-20 17:02:08 - [MESSAGE][PASSED] - Object '' is present

2018-09-20 17:02:08 - [MESSAGE][PASSED] - Text of object '' is: '$11.99'

2018-09-20 17:02:08 - [MESSAGE][PASSED] - Attribute 'value' of object '' is: '1'

2018-09-20 17:02:08 - [MESSAGE][PASSED] - Text of object '' is: '$11.99'

2018-09-20 17:02:08 - [MESSAGE][PASSED] - Keyword VerifyProductInCart is Passed

2018-09-20 17:02:08 - [TEST_STEP][PASSED] - beautytap.ShopAction.processToCheckout: beautytap.ShopAction.processToCheckout is PASSED

2018-09-20 17:02:15 - [MESSAGE][PASSED] - Object: 'Object Repository/Page_Cart/btn_checkout' is clicked on

2018-09-20 17:02:15 - [MESSAGE][PASSED] - Wait for page load successfully

2018-09-20 17:02:15 - [MESSAGE][PASSED] - beautytap.ShopAction.processToCheckout is PASSED

2018-09-20 17:02:15 - [TEST_STEP][PASSED] - beautytap.ShopAction.fillCustomerInformation: beautytap.ShopAction.fillCustomerInformation is PASSED

2018-09-20 17:02:15 - [MESSAGE][PASSED] - Text of object 'Object Repository/Page_Checkout/txt_billingFirstName' is cleared

2018-09-20 17:02:15 - [MESSAGE][PASSED] - Keys 'Test' sent to object: 'Object Repository/Page_Checkout/txt_billingFirstName'

2018-09-20 17:02:15 - [MESSAGE][PASSED] - Text of object 'Object Repository/Page_Checkout/txt_billingLastName' is cleared

2018-09-20 17:02:15 - [MESSAGE][PASSED] - Keys 'Automation' sent to object: 'Object Repository/Page_Checkout/txt_billingLastName'

2018-09-20 17:02:16 - [MESSAGE][PASSED] - All options with label 'United States (US)' are selected in object 'Object Repository/Page_Checkout/drop_billingCountry' 

2018-09-20 17:02:21 - [MESSAGE][PASSED] - Delayed 5 second(s)

2018-09-20 17:02:21 - [MESSAGE][PASSED] - Text of object 'Object Repository/Page_Checkout/txt_billingAddress' is cleared

2018-09-20 17:02:21 - [MESSAGE][PASSED] - Keys '123 Testing' sent to object: 'Object Repository/Page_Checkout/txt_billingAddress'

2018-09-20 17:02:21 - [MESSAGE][PASSED] - Text of object 'Object Repository/Page_Checkout/txt_billingCity' is cleared

2018-09-20 17:02:22 - [MESSAGE][PASSED] - Keys 'New York' sent to object: 'Object Repository/Page_Checkout/txt_billingCity'

2018-09-20 17:02:22 - [MESSAGE][PASSED] - All options with label 'New York' are selected in object 'Object Repository/Page_Checkout/drop_billingState' 

2018-09-20 17:02:22 - [MESSAGE][PASSED] - Text of object 'Object Repository/Page_Checkout/txt_billingZip' is cleared

2018-09-20 17:02:22 - [MESSAGE][PASSED] - Keys '90012' sent to object: 'Object Repository/Page_Checkout/txt_billingZip'

2018-09-20 17:02:22 - [MESSAGE][PASSED] - Text of object 'Object Repository/Page_Checkout/txt_billingEmail' is cleared

2018-09-20 17:02:23 - [MESSAGE][PASSED] - Keys 'auto605526@mailinator.com' sent to object: 'Object Repository/Page_Checkout/txt_billingEmail'

2018-09-20 17:02:23 - [MESSAGE][PASSED] - Object 'Object Repository/Page_Checkout/chk_shipToDifferentAddress' is un-checked

2018-09-20 17:02:23 - [MESSAGE][PASSED] - Text of object 'Object Repository/Page_Checkout/txt_orderNote' is cleared

2018-09-20 17:02:24 - [MESSAGE][PASSED] - Keys 'auto605526Order' sent to object: 'Object Repository/Page_Checkout/txt_orderNote'

2018-09-20 17:02:24 - [MESSAGE][PASSED] - Object 'Object Repository/Page_Checkout/radio_creditCard' is checked

2018-09-20 17:02:29 - [MESSAGE][PASSED] - Delayed 5 second(s)

2018-09-20 17:02:29 - [MESSAGE][PASSED] - beautytap.ShopAction.fillCustomerInformation is PASSED

2018-09-20 17:02:29 - [TEST_STEP][PASSED] - beautytap.ShopAction.VerifyOrderDetailsOnCheckout: Keyword VerifyOrderDetailsOnCheckout is Passed

2018-09-20 17:02:29 - [MESSAGE][PASSED] - Object '' is present

2018-09-20 17:02:29 - [MESSAGE][PASSED] - Text of object '' is: '$11.99'

2018-09-20 17:02:29 - [MESSAGE][PASSED] - Object '' has attribute 'checked'

2018-09-20 17:02:29 - [MESSAGE][PASSED] - Text of object '' is: '($12.50) Pantos (est. 14-25 working days including processing): $12.50'

2018-09-20 17:02:29 - [MESSAGE][PASSED] - Text of object '' is: '$12.50'

2018-09-20 17:02:29 - [MESSAGE][PASSED] - Text of object '' is: '$24.49'

2018-09-20 17:02:29 - [MESSAGE][PASSED] - Keyword VerifyOrderDetailsOnCheckout is Passed

2018-09-20 17:02:29 - [TEST_STEP][PASSED] - beautytap.ShopAction.checkoutViaCreditCard: beautytap.ShopAction.checkoutViaCreditCard is PASSED

2018-09-20 17:02:29 - [MESSAGE][PASSED] - Object 'Object Repository/Page_Checkout/radio_creditCard' is checked

2018-09-20 17:02:39 - [MESSAGE][PASSED] - Delayed 10 second(s)

2018-09-20 17:02:39 - [MESSAGE][PASSED] - Text of object 'Object Repository/Page_Checkout/txt_cardNumber' is cleared

2018-09-20 17:02:40 - [MESSAGE][PASSED] - Keys '4032036248443549' sent to object: 'Object Repository/Page_Checkout/txt_cardNumber'

2018-09-20 17:02:40 - [MESSAGE][PASSED] - All options with label 'Visa' are selected in object 'Object Repository/Page_Checkout/drop_cardType' 

2018-09-20 17:02:40 - [MESSAGE][PASSED] - All options with label '07' are selected in object 'Object Repository/Page_Checkout/drop_expirationMonth' 

2018-09-20 17:02:40 - [MESSAGE][PASSED] - All options with label '2023' are selected in object 'Object Repository/Page_Checkout/drop_expirationYear' 

2018-09-20 17:02:40 - [MESSAGE][PASSED] - Text of object 'Object Repository/Page_Checkout/txt_cardCVV' is cleared

2018-09-20 17:02:40 - [MESSAGE][PASSED] - Keys '123' sent to object: 'Object Repository/Page_Checkout/txt_cardCVV'

2018-09-20 17:02:41 - [MESSAGE][PASSED] - Object 'Object Repository/Page_Checkout/chk_terms' is checked

2018-09-20 17:02:41 - [MESSAGE][PASSED] - Object: 'Object Repository/Page_Checkout/btn_placeOrder' is clicked on

2018-09-20 17:02:58 - [MESSAGE][PASSED] - Object 'Object Repository/Page_Checkout/lbl_orderReceived' is present

2018-09-20 17:02:58 - [MESSAGE][PASSED] - beautytap.ShopAction.checkoutViaCreditCard is PASSED

2018-09-20 17:02:58 - [TEST_STEP][PASSED] - beautytap.ShopAction.VerifyOrderReceivedDetails: Keyword VerifyOrderReceivedDetails is Passed

2018-09-20 17:02:58 - [MESSAGE][PASSED] - Object '' is present

2018-09-20 17:02:58 - [MESSAGE][PASSED] - Text of object '' is: '$11.99'

2018-09-20 17:02:58 - [MESSAGE][PASSED] - Text of object '' is: '$12.50 via ($12.50) Pantos (est. 14-25 working days including processing)'

2018-09-20 17:02:58 - [MESSAGE][PASSED] - Object '' is present

2018-09-20 17:02:58 - [MESSAGE][PASSED] - Text of object '' is: '$12.50'

2018-09-20 17:02:58 - [MESSAGE][PASSED] - Text of object '' is: 'Credit Card Payment'

2018-09-20 17:02:58 - [MESSAGE][PASSED] - Text of object '' is: '$24.49'

2018-09-20 17:02:58 - [MESSAGE][PASSED] - Keyword VerifyOrderReceivedDetails is Passed

2018-09-20 17:02:58 - [TEST_STEP][PASSED] - closeBrowser: Browser is closed

2018-09-20 17:02:59 - [MESSAGE][PASSED] - Browser is closed]]></system-out>
         <system-err><![CDATA[]]></system-err>
      </testcase>
      <testcase name="Test Cases/Shop/TC04_Search_VariationProduct_NotSale_AmazonPay_GreaterThan200" classname="Test Cases/Shop/TC04_Search_VariationProduct_NotSale_AmazonPay_GreaterThan200" status="FAILED">
         <failure type="FAILED" message="Unable to click on object 'Object Repository/Page_Checkout/btn_amazonPay' (Root cause: com.kms.katalon.core.webui.exception.WebElementNotFoundException: Web element with id: 'Object Repository/Page_Checkout/btn_amazonPay' located by 'By.xpath: //div[@id='pay_with_amazon']/img' not found)"/>
         <system-out><![CDATA[2018-09-20 17:03:01 - [TEST_CASE][FAILED] - Test Cases/Shop/TC04_Search_VariationProduct_NotSale_AmazonPay_GreaterThan200: Test Cases/Shop/TC04_Search_VariationProduct_NotSale_AmazonPay_GreaterThan200 FAILED because (of) Unable to click on object 'Object Repository/Page_Checkout/btn_amazonPay' (Root cause: com.kms.katalon.core.webui.exception.WebElementNotFoundException: Web element with id: 'Object Repository/Page_Checkout/btn_amazonPay' located by 'By.xpath: //div[@id='pay_with_amazon']/img' not found)

2018-09-20 17:03:02 - [TEST_STEP][PASSED] - Statement - productName = VARIATION_PRODUCT: null

2018-09-20 17:03:02 - [TEST_STEP][PASSED] - Statement - price = VARIATION_PRICE1: null

2018-09-20 17:03:02 - [TEST_STEP][PASSED] - Statement - variation = VARIATION_NAME1: null

2018-09-20 17:03:02 - [TEST_STEP][PASSED] - Statement - r_string = new java.lang.Math().random().toString().substring(2, 8): null

2018-09-20 17:03:02 - [TEST_STEP][PASSED] - Statement - email = "auto" + r_string + "@mailinator.com": null

2018-09-20 17:03:02 - [TEST_STEP][PASSED] - Statement - orderNote = "auto" + r_string + "Order": null

2018-09-20 17:03:02 - [TEST_STEP][PASSED] - Statement - currentNumberItemInCart = <not implemented yet for class: org.codehaus.groovy.ast.expr.EmptyExpression>: null

2018-09-20 17:03:02 - [TEST_STEP][PASSED] - Statement - quantity = 8: null

2018-09-20 17:03:02 - [TEST_STEP][PASSED] - Statement - subtotal = CustomKeywords.beautytap.ShopAction.calculateTotal(quantity, price): beautytap.ShopAction.calculateTotal is PASSED

2018-09-20 17:03:02 - [MESSAGE][PASSED] - beautytap.ShopAction.calculateTotal is PASSED

2018-09-20 17:03:02 - [TEST_STEP][PASSED] - Statement - total = subtotal: null

2018-09-20 17:03:02 - [TEST_STEP][PASSED] - Statement - total = CustomKeywords.beautytap.ShopAction.calculateTotal(1, total): beautytap.ShopAction.calculateTotal is PASSED

2018-09-20 17:03:02 - [MESSAGE][PASSED] - beautytap.ShopAction.calculateTotal is PASSED

2018-09-20 17:03:02 - [TEST_STEP][PASSED] - Statement - products = new org.json.JSONArray((((((((([{"productname":" + productName) + ","variation":") + variation) + ","quantity":") + quantity) + ","price":") + price) + "}])): null

2018-09-20 17:03:02 - [TEST_STEP][PASSED] - Statement - billingInformation = new org.json.JSONObject((({"firstname":"Test","lastname":"Automation","country":"United States (US)","address":"123 Testing","city":"New York","state":"New York","zip":"90012","email":" + email) + "})): null

2018-09-20 17:03:02 - [TEST_STEP][PASSED] - Statement - shippingLabel = FREE_EMS_SHIPPING_LABEL: null

2018-09-20 17:03:02 - [TEST_STEP][PASSED] - Statement - shippingPrice = 0: null

2018-09-20 17:03:02 - [TEST_STEP][PASSED] - Statement - shippingType = "freeEMS": null

2018-09-20 17:03:02 - [TEST_STEP][PASSED] - Statement - paymentMethod = "Amazon Pay": null

2018-09-20 17:03:02 - [TEST_STEP][PASSED] - beautytap.GeneralAction.openBeautytap: beautytap.GeneralAction.openBeautytap is PASSED

2018-09-20 17:03:12 - [MESSAGE][PASSED] - Browser is opened with url: 'https://stage.beautytap.com'

2018-09-20 17:03:13 - [MESSAGE][PASSED] - Current window maximized

2018-09-20 17:03:18 - [MESSAGE][PASSED] - Refresh successfully

2018-09-20 17:03:18 - [MESSAGE][PASSED] - Wait for page load successfully

2018-09-20 17:03:18 - [MESSAGE][PASSED] - beautytap.GeneralAction.openBeautytap is PASSED

2018-09-20 17:03:18 - [TEST_STEP][PASSED] - beautytap.ShopAction.globalSearch: beautytap.ShopAction.globalSearch is PASSED

2018-09-20 17:03:18 - [MESSAGE][PASSED] - Object: 'Object Repository/Page_General/icon_search' is clicked on

2018-09-20 17:03:23 - [MESSAGE][PASSED] - Delayed 5 second(s)

2018-09-20 17:03:23 - [MESSAGE][PASSED] - Text of object 'Object Repository/Page_General/txt_search' is cleared

2018-09-20 17:03:23 - [MESSAGE][PASSED] - Keys 'CONTROL + v' sent to object: 'Object Repository/Page_General/txt_search'

2018-09-20 17:03:25 - [MESSAGE][PASSED] - Object 'Object Repository/Page_General/div_searchResult' is present

2018-09-20 17:03:25 - [MESSAGE][PASSED] - beautytap.ShopAction.globalSearch is PASSED

2018-09-20 17:03:25 - [TEST_STEP][PASSED] - beautytap.ShopAction.VerifyProductOnSearchResult: Keyword VerifyProductOnSearchResult is Passed

2018-09-20 17:03:25 - [MESSAGE][PASSED] - Object '' is present

2018-09-20 17:03:25 - [MESSAGE][PASSED] - Text of object '' is: '$26.70'

2018-09-20 17:03:25 - [MESSAGE][PASSED] - Get CSS 'color' value on '' successfully: 'rgba(255, 35, 134, 1)'.

2018-09-20 17:03:25 - [MESSAGE][PASSED] - Get CSS 'color' value on '' successfully: 'rgba(255, 35, 134, 1)'.

2018-09-20 17:03:25 - [MESSAGE][PASSED] - Keyword VerifyProductOnSearchResult is Passed

2018-09-20 17:03:25 - [TEST_STEP][PASSED] - beautytap.ShopAction.selectProductOnSearchResult: beautytap.ShopAction.selectProductOnSearchResult is PASSED

2018-09-20 17:03:31 - [MESSAGE][PASSED] - Object: '' is clicked on

2018-09-20 17:03:31 - [MESSAGE][PASSED] - Wait for page load successfully

2018-09-20 17:03:31 - [MESSAGE][PASSED] - beautytap.ShopAction.selectProductOnSearchResult is PASSED

2018-09-20 17:03:31 - [TEST_STEP][PASSED] - beautytap.ShopAction.selectProductVariation: beautytap.ShopAction.selectProductVariation is PASSED

2018-09-20 17:03:32 - [MESSAGE][PASSED] - Object: 'Object Repository/Page_Shop/drop_chooseOption' is clicked on

2018-09-20 17:03:33 - [MESSAGE][PASSED] - Delayed 1 second(s)

2018-09-20 17:03:33 - [MESSAGE][PASSED] - Object: '' is clicked on

2018-09-20 17:03:33 - [MESSAGE][PASSED] - beautytap.ShopAction.selectProductVariation is PASSED

2018-09-20 17:03:33 - [TEST_STEP][PASSED] - beautytap.ShopAction.VerifyProductDetails: Keyword VerifyProductDetails is Passed

2018-09-20 17:03:33 - [MESSAGE][PASSED] - Text of object '' is: 'MeloMELI Unicorn Heart Lake Cushion  2 Choices'

2018-09-20 17:03:33 - [MESSAGE][PASSED] - All options with label 'Vanilla Beige' are selected in object 'Object Repository/Page_Shop/drop_chooseOption' 

2018-09-20 17:03:33 - [MESSAGE][PASSED] - Text of object '' is: '$26.70'

2018-09-20 17:03:34 - [MESSAGE][PASSED] - Get CSS 'color' value on '' successfully: 'rgba(255, 35, 134, 1)'.

2018-09-20 17:03:34 - [MESSAGE][PASSED] - Keyword VerifyProductDetails is Passed

2018-09-20 17:03:34 - [TEST_STEP][PASSED] - Statement - currentNumberItemInCart = CustomKeywords.beautytap.ShopAction.getNumberItemInCart(): beautytap.ShopAction.getNumberItemInCart is PASSED

2018-09-20 17:04:05 - [MESSAGE][WARNING] - com.kms.katalon.core.webui.exception.WebElementNotFoundException: Web element with id: '' located by 'By.xpath: //div[@class='header-right-top pull-right']/a[@class='shop-cart']/span[@class='number-cart']' not found
[[ATTACHMENT|E:\\BeautytapAutomation\\beautytapAuto\\Beautytap\\Reports\\TS1\\20180920_165220\\1537437845066.png]]

2018-09-20 17:04:05 - [MESSAGE][PASSED] - beautytap.ShopAction.getNumberItemInCart is PASSED

2018-09-20 17:04:05 - [TEST_STEP][PASSED] - beautytap.ShopAction.addProductToCart: beautytap.ShopAction.addProductToCart is PASSED

2018-09-20 17:04:05 - [MESSAGE][PASSED] - Text of object 'Object Repository/Page_Shop/txt_quantity' is cleared

2018-09-20 17:04:05 - [MESSAGE][PASSED] - Keys '8' sent to object: 'Object Repository/Page_Shop/txt_quantity'

2018-09-20 17:04:05 - [MESSAGE][PASSED] - Object: 'Object Repository/Page_Shop/btn_addToCart' is clicked on

2018-09-20 17:04:05 - [MESSAGE][PASSED] - Wait for page load successfully

2018-09-20 17:04:12 - [MESSAGE][PASSED] - Object 'Object Repository/Page_Shop/lbl_message' is present

2018-09-20 17:04:12 - [MESSAGE][PASSED] - beautytap.ShopAction.addProductToCart is PASSED

2018-09-20 17:04:12 - [TEST_STEP][PASSED] - beautytap.ShopAction.VerifyNumberItemInCart: Keyword VerifyNumberItemInCart is Passed, Number item in cart is 8, expected is 8

2018-09-20 17:04:12 - [MESSAGE][PASSED] - Object '' is present

2018-09-20 17:04:12 - [MESSAGE][PASSED] - Text of object '' is: '8'

2018-09-20 17:04:12 - [MESSAGE][PASSED] - Keyword VerifyNumberItemInCart is Passed, Number item in cart is 8, expected is 8

2018-09-20 17:04:12 - [TEST_STEP][PASSED] - beautytap.ShopAction.VerifyProductIsAddedToCart: beautytap.ShopAction.VerifyProductIsAddedToCart is PASSED

2018-09-20 17:04:12 - [MESSAGE][PASSED] - Object '' is present

2018-09-20 17:04:12 - [MESSAGE][PASSED] - beautytap.ShopAction.VerifyProductIsAddedToCart is PASSED

2018-09-20 17:04:12 - [TEST_STEP][PASSED] - beautytap.ShopAction.goToCart: beautytap.ShopAction.goToCart is PASSED

2018-09-20 17:04:17 - [MESSAGE][PASSED] - Object: 'Object Repository/Page_General/icon_cart' is clicked on

2018-09-20 17:04:17 - [MESSAGE][PASSED] - Wait for page load successfully

2018-09-20 17:04:17 - [MESSAGE][PASSED] - beautytap.ShopAction.goToCart is PASSED

2018-09-20 17:04:17 - [TEST_STEP][PASSED] - beautytap.ShopAction.VerifyProductInCart: Keyword VerifyProductInCart is Passed

2018-09-20 17:04:17 - [MESSAGE][PASSED] - Object '' is present

2018-09-20 17:04:17 - [MESSAGE][PASSED] - Text of object '' is: '$26.70'

2018-09-20 17:04:17 - [MESSAGE][PASSED] - Attribute 'value' of object '' is: '8'

2018-09-20 17:04:17 - [MESSAGE][PASSED] - Text of object '' is: '$213.60'

2018-09-20 17:04:17 - [MESSAGE][PASSED] - Keyword VerifyProductInCart is Passed

2018-09-20 17:04:17 - [TEST_STEP][PASSED] - beautytap.ShopAction.processToCheckout: beautytap.ShopAction.processToCheckout is PASSED

2018-09-20 17:04:20 - [MESSAGE][PASSED] - Object: 'Object Repository/Page_Cart/btn_checkout' is clicked on

2018-09-20 17:04:20 - [MESSAGE][PASSED] - Wait for page load successfully

2018-09-20 17:04:20 - [MESSAGE][PASSED] - beautytap.ShopAction.processToCheckout is PASSED

2018-09-20 17:04:20 - [TEST_STEP][FAILED] - beautytap.ShopAction.loginAmazonPay: Unable to click on object 'Object Repository/Page_Checkout/btn_amazonPay' (Root cause: com.kms.katalon.core.webui.exception.WebElementNotFoundException: Web element with id: 'Object Repository/Page_Checkout/btn_amazonPay' located by 'By.xpath: //div[@id='pay_with_amazon']/img' not found)

2018-09-20 17:04:51 - [MESSAGE][FAILED] - Unable to click on object 'Object Repository/Page_Checkout/btn_amazonPay' (Root cause: com.kms.katalon.core.webui.exception.WebElementNotFoundException: Web element with id: 'Object Repository/Page_Checkout/btn_amazonPay' located by 'By.xpath: //div[@id='pay_with_amazon']/img' not found)
[[ATTACHMENT|E:\\BeautytapAutomation\\beautytapAuto\\Beautytap\\Reports\\TS1\\20180920_165220\\1537437891530.png]]

2018-09-20 17:04:51 - [MESSAGE][FAILED] - Unable to click on object 'Object Repository/Page_Checkout/btn_amazonPay' (Root cause: com.kms.katalon.core.webui.exception.WebElementNotFoundException: Web element with id: 'Object Repository/Page_Checkout/btn_amazonPay' located by 'By.xpath: //div[@id='pay_with_amazon']/img' not found)]]></system-out>
         <system-err><![CDATA[2018-09-20 17:03:01 - [TEST_CASE][FAILED] - Test Cases/Shop/TC04_Search_VariationProduct_NotSale_AmazonPay_GreaterThan200: Test Cases/Shop/TC04_Search_VariationProduct_NotSale_AmazonPay_GreaterThan200 FAILED because (of) Unable to click on object 'Object Repository/Page_Checkout/btn_amazonPay' (Root cause: com.kms.katalon.core.webui.exception.WebElementNotFoundException: Web element with id: 'Object Repository/Page_Checkout/btn_amazonPay' located by 'By.xpath: //div[@id='pay_with_amazon']/img' not found)]]></system-err>
      </testcase>
      <testcase name="Test Cases/Shop/TC05_Browse_SimpleProduct_NotSale_PayPal_GreaterThan60LessThan200" classname="Test Cases/Shop/TC05_Browse_SimpleProduct_NotSale_PayPal_GreaterThan60LessThan200" status="PASSED">
         <system-out><![CDATA[2018-09-20 17:04:53 - [TEST_CASE][PASSED] - Test Cases/Shop/TC05_Browse_SimpleProduct_NotSale_PayPal_GreaterThan60LessThan200: Test Cases/Shop/TC05_Browse_SimpleProduct_NotSale_PayPal_GreaterThan60LessThan200

2018-09-20 17:04:54 - [TEST_STEP][PASSED] - Statement - productName = SIMPLE_PRODUCT: null

2018-09-20 17:04:54 - [TEST_STEP][PASSED] - Statement - price = SIMPLE_PRODUCT_PRICE: null

2018-09-20 17:04:54 - [TEST_STEP][PASSED] - Statement - r_string = new java.lang.Math().random().toString().substring(2, 8): null

2018-09-20 17:04:54 - [TEST_STEP][PASSED] - Statement - email = "auto" + r_string + "@mailinator.com": null

2018-09-20 17:04:54 - [TEST_STEP][PASSED] - Statement - orderNote = "auto" + r_string + "Order": null

2018-09-20 17:04:54 - [TEST_STEP][PASSED] - Statement - currentNumberItemInCart = <not implemented yet for class: org.codehaus.groovy.ast.expr.EmptyExpression>: null

2018-09-20 17:04:54 - [TEST_STEP][PASSED] - Statement - quantity = 3: null

2018-09-20 17:04:54 - [TEST_STEP][PASSED] - Statement - subtotal = CustomKeywords.beautytap.ShopAction.calculateTotal(quantity, price): beautytap.ShopAction.calculateTotal is PASSED

2018-09-20 17:04:54 - [MESSAGE][PASSED] - beautytap.ShopAction.calculateTotal is PASSED

2018-09-20 17:04:54 - [TEST_STEP][PASSED] - Statement - total = subtotal: null

2018-09-20 17:04:54 - [TEST_STEP][PASSED] - Statement - total = CustomKeywords.beautytap.ShopAction.calculateTotal(1, total): beautytap.ShopAction.calculateTotal is PASSED

2018-09-20 17:04:54 - [MESSAGE][PASSED] - beautytap.ShopAction.calculateTotal is PASSED

2018-09-20 17:04:54 - [TEST_STEP][PASSED] - Statement - products = new org.json.JSONArray((((((([{"productname":" + productName) + ","variation":"","quantity":") + quantity) + ","price":") + price) + "}])): null

2018-09-20 17:04:54 - [TEST_STEP][PASSED] - Statement - billingInformation = new org.json.JSONObject((({"firstname":"Test","lastname":"Automation","country":"United States (US)","address":"123 Testing","city":"New York","state":"New York","zip":"90012","email":" + email) + "})): null

2018-09-20 17:04:54 - [TEST_STEP][PASSED] - Statement - shippingLabel = FREE_SHIPPING_LABEL: null

2018-09-20 17:04:54 - [TEST_STEP][PASSED] - Statement - shippingPrice = 0: null

2018-09-20 17:04:54 - [TEST_STEP][PASSED] - Statement - shippingType = "free": null

2018-09-20 17:04:54 - [TEST_STEP][PASSED] - Statement - paymentMethod = "PayPal": null

2018-09-20 17:04:54 - [TEST_STEP][PASSED] - Statement - category = "What's New": null

2018-09-20 17:04:54 - [TEST_STEP][PASSED] - beautytap.GeneralAction.openBeautytap: beautytap.GeneralAction.openBeautytap is PASSED

2018-09-20 17:04:54 - [MESSAGE][WARNING] - A browser is already opened. Closing browser and opening a new one

2018-09-20 17:05:06 - [MESSAGE][PASSED] - Browser is opened with url: 'https://stage.beautytap.com'

2018-09-20 17:05:07 - [MESSAGE][PASSED] - Current window maximized

2018-09-20 17:05:12 - [MESSAGE][PASSED] - Refresh successfully

2018-09-20 17:05:12 - [MESSAGE][PASSED] - Wait for page load successfully

2018-09-20 17:05:12 - [MESSAGE][PASSED] - beautytap.GeneralAction.openBeautytap is PASSED

2018-09-20 17:05:12 - [TEST_STEP][PASSED] - beautytap.ShopAction.selectCategory: beautytap.ShopAction.selectCategory is PASSED

2018-09-20 17:05:18 - [MESSAGE][PASSED] - Object: '' is clicked on

2018-09-20 17:05:18 - [MESSAGE][PASSED] - Wait for page load successfully

2018-09-20 17:05:18 - [MESSAGE][PASSED] - beautytap.ShopAction.selectCategory is PASSED

2018-09-20 17:05:18 - [TEST_STEP][PASSED] - beautytap.ShopAction.findProductOnProductList: beautytap.ShopAction.findProductOnProductList is PASSED

2018-09-20 17:05:19 - [MESSAGE][PASSED] - Text of object '' is: '77'

2018-09-20 17:05:24 - [MESSAGE][WARNING] - com.kms.katalon.core.webui.exception.WebElementNotFoundException: Web element with id: '' located by 'By.xpath: //a[text()='La Muse Correct Care Complete Cushion SPF50+']' not found
[[ATTACHMENT|E:\\BeautytapAutomation\\beautytapAuto\\Beautytap\\Reports\\TS1\\20180920_165220\\1537437924165.png]]

2018-09-20 17:05:34 - [MESSAGE][PASSED] - Object: '' is clicked on

2018-09-20 17:05:34 - [MESSAGE][PASSED] - Wait for page load successfully

2018-09-20 17:05:39 - [MESSAGE][WARNING] - com.kms.katalon.core.webui.exception.WebElementNotFoundException: Web element with id: '' located by 'By.xpath: //a[text()='La Muse Correct Care Complete Cushion SPF50+']' not found
[[ATTACHMENT|E:\\BeautytapAutomation\\beautytapAuto\\Beautytap\\Reports\\TS1\\20180920_165220\\1537437939538.png]]

2018-09-20 17:05:48 - [MESSAGE][PASSED] - Object: '' is clicked on

2018-09-20 17:05:48 - [MESSAGE][PASSED] - Wait for page load successfully

2018-09-20 17:05:48 - [MESSAGE][PASSED] - Object '' is present

2018-09-20 17:05:48 - [MESSAGE][PASSED] - beautytap.ShopAction.findProductOnProductList is PASSED

2018-09-20 17:05:48 - [TEST_STEP][PASSED] - beautytap.ShopAction.VerifyProductOnProductList: Keyword VerifyProductOnProductList is Passed

2018-09-20 17:05:48 - [MESSAGE][PASSED] - Object '' is present

2018-09-20 17:05:48 - [MESSAGE][PASSED] - Text of object '' is: '$31.80'

2018-09-20 17:05:48 - [MESSAGE][PASSED] - Get CSS 'color' value on '' successfully: 'rgba(255, 35, 134, 1)'.

2018-09-20 17:05:48 - [MESSAGE][PASSED] - Get CSS 'color' value on '' successfully: 'rgba(255, 35, 134, 1)'.

2018-09-20 17:05:48 - [MESSAGE][PASSED] - Keyword VerifyProductOnProductList is Passed

2018-09-20 17:05:48 - [TEST_STEP][PASSED] - beautytap.ShopAction.selectProductOnProductList: beautytap.ShopAction.selectProductOnProductList is PASSED

2018-09-20 17:05:54 - [MESSAGE][PASSED] - Object: '' is clicked on

2018-09-20 17:05:54 - [MESSAGE][PASSED] - Wait for page load successfully

2018-09-20 17:05:54 - [MESSAGE][PASSED] - beautytap.ShopAction.selectProductOnProductList is PASSED

2018-09-20 17:05:54 - [TEST_STEP][PASSED] - beautytap.ShopAction.VerifyProductDetails: Keyword VerifyProductDetails is Passed

2018-09-20 17:05:54 - [MESSAGE][PASSED] - Text of object '' is: 'La Muse Correct Care Complete Cushion SPF50+'

2018-09-20 17:05:54 - [MESSAGE][PASSED] - Text of object '' is: '$31.80'

2018-09-20 17:05:54 - [MESSAGE][PASSED] - Get CSS 'color' value on '' successfully: 'rgba(255, 35, 134, 1)'.

2018-09-20 17:05:54 - [MESSAGE][PASSED] - Keyword VerifyProductDetails is Passed

2018-09-20 17:05:54 - [TEST_STEP][PASSED] - Statement - currentNumberItemInCart = CustomKeywords.beautytap.ShopAction.getNumberItemInCart(): beautytap.ShopAction.getNumberItemInCart is PASSED

2018-09-20 17:06:26 - [MESSAGE][WARNING] - com.kms.katalon.core.webui.exception.WebElementNotFoundException: Web element with id: '' located by 'By.xpath: //div[@class='header-right-top pull-right']/a[@class='shop-cart']/span[@class='number-cart']' not found
[[ATTACHMENT|E:\\BeautytapAutomation\\beautytapAuto\\Beautytap\\Reports\\TS1\\20180920_165220\\1537437985819.png]]

2018-09-20 17:06:26 - [MESSAGE][PASSED] - beautytap.ShopAction.getNumberItemInCart is PASSED

2018-09-20 17:06:26 - [TEST_STEP][PASSED] - beautytap.ShopAction.addProductToCart: beautytap.ShopAction.addProductToCart is PASSED

2018-09-20 17:06:26 - [MESSAGE][PASSED] - Text of object 'Object Repository/Page_Shop/txt_quantity' is cleared

2018-09-20 17:06:26 - [MESSAGE][PASSED] - Keys '3' sent to object: 'Object Repository/Page_Shop/txt_quantity'

2018-09-20 17:06:26 - [MESSAGE][PASSED] - Object: 'Object Repository/Page_Shop/btn_addToCart' is clicked on

2018-09-20 17:06:26 - [MESSAGE][PASSED] - Wait for page load successfully

2018-09-20 17:06:32 - [MESSAGE][PASSED] - Object 'Object Repository/Page_Shop/lbl_message' is present

2018-09-20 17:06:32 - [MESSAGE][PASSED] - beautytap.ShopAction.addProductToCart is PASSED

2018-09-20 17:06:32 - [TEST_STEP][PASSED] - beautytap.ShopAction.VerifyNumberItemInCart: Keyword VerifyNumberItemInCart is Passed, Number item in cart is 3, expected is 3

2018-09-20 17:06:32 - [MESSAGE][PASSED] - Object '' is present

2018-09-20 17:06:32 - [MESSAGE][PASSED] - Text of object '' is: '3'

2018-09-20 17:06:32 - [MESSAGE][PASSED] - Keyword VerifyNumberItemInCart is Passed, Number item in cart is 3, expected is 3

2018-09-20 17:06:32 - [TEST_STEP][PASSED] - beautytap.ShopAction.VerifyProductIsAddedToCart: beautytap.ShopAction.VerifyProductIsAddedToCart is PASSED

2018-09-20 17:06:32 - [MESSAGE][PASSED] - Object '' is present

2018-09-20 17:06:32 - [MESSAGE][PASSED] - beautytap.ShopAction.VerifyProductIsAddedToCart is PASSED

2018-09-20 17:06:32 - [TEST_STEP][PASSED] - beautytap.ShopAction.goToCart: beautytap.ShopAction.goToCart is PASSED

2018-09-20 17:06:37 - [MESSAGE][PASSED] - Object: 'Object Repository/Page_General/icon_cart' is clicked on

2018-09-20 17:06:37 - [MESSAGE][PASSED] - Wait for page load successfully

2018-09-20 17:06:37 - [MESSAGE][PASSED] - beautytap.ShopAction.goToCart is PASSED

2018-09-20 17:06:37 - [TEST_STEP][PASSED] - beautytap.ShopAction.VerifyProductInCart: Keyword VerifyProductInCart is Passed

2018-09-20 17:06:37 - [MESSAGE][PASSED] - Object '' is present

2018-09-20 17:06:37 - [MESSAGE][PASSED] - Text of object '' is: '$31.80'

2018-09-20 17:06:37 - [MESSAGE][PASSED] - Attribute 'value' of object '' is: '3'

2018-09-20 17:06:37 - [MESSAGE][PASSED] - Text of object '' is: '$95.40'

2018-09-20 17:06:37 - [MESSAGE][PASSED] - Keyword VerifyProductInCart is Passed

2018-09-20 17:06:37 - [TEST_STEP][PASSED] - beautytap.ShopAction.processToCheckout: beautytap.ShopAction.processToCheckout is PASSED

2018-09-20 17:06:41 - [MESSAGE][PASSED] - Object: 'Object Repository/Page_Cart/btn_checkout' is clicked on

2018-09-20 17:06:41 - [MESSAGE][PASSED] - Wait for page load successfully

2018-09-20 17:06:41 - [MESSAGE][PASSED] - beautytap.ShopAction.processToCheckout is PASSED

2018-09-20 17:06:41 - [TEST_STEP][PASSED] - beautytap.ShopAction.fillCustomerInformation: beautytap.ShopAction.fillCustomerInformation is PASSED

2018-09-20 17:06:41 - [MESSAGE][PASSED] - Text of object 'Object Repository/Page_Checkout/txt_billingFirstName' is cleared

2018-09-20 17:06:41 - [MESSAGE][PASSED] - Keys 'Test' sent to object: 'Object Repository/Page_Checkout/txt_billingFirstName'

2018-09-20 17:06:41 - [MESSAGE][PASSED] - Text of object 'Object Repository/Page_Checkout/txt_billingLastName' is cleared

2018-09-20 17:06:42 - [MESSAGE][PASSED] - Keys 'Automation' sent to object: 'Object Repository/Page_Checkout/txt_billingLastName'

2018-09-20 17:06:42 - [MESSAGE][PASSED] - All options with label 'United States (US)' are selected in object 'Object Repository/Page_Checkout/drop_billingCountry' 

2018-09-20 17:06:47 - [MESSAGE][PASSED] - Delayed 5 second(s)

2018-09-20 17:06:47 - [MESSAGE][PASSED] - Text of object 'Object Repository/Page_Checkout/txt_billingAddress' is cleared

2018-09-20 17:06:48 - [MESSAGE][PASSED] - Keys '123 Testing' sent to object: 'Object Repository/Page_Checkout/txt_billingAddress'

2018-09-20 17:06:48 - [MESSAGE][PASSED] - Text of object 'Object Repository/Page_Checkout/txt_billingCity' is cleared

2018-09-20 17:06:48 - [MESSAGE][PASSED] - Keys 'New York' sent to object: 'Object Repository/Page_Checkout/txt_billingCity'

2018-09-20 17:06:48 - [MESSAGE][PASSED] - All options with label 'New York' are selected in object 'Object Repository/Page_Checkout/drop_billingState' 

2018-09-20 17:06:48 - [MESSAGE][PASSED] - Text of object 'Object Repository/Page_Checkout/txt_billingZip' is cleared

2018-09-20 17:06:48 - [MESSAGE][PASSED] - Keys '90012' sent to object: 'Object Repository/Page_Checkout/txt_billingZip'

2018-09-20 17:06:48 - [MESSAGE][PASSED] - Text of object 'Object Repository/Page_Checkout/txt_billingEmail' is cleared

2018-09-20 17:06:49 - [MESSAGE][PASSED] - Keys 'auto089056@mailinator.com' sent to object: 'Object Repository/Page_Checkout/txt_billingEmail'

2018-09-20 17:06:49 - [MESSAGE][PASSED] - Object 'Object Repository/Page_Checkout/chk_shipToDifferentAddress' is un-checked

2018-09-20 17:06:49 - [MESSAGE][PASSED] - Text of object 'Object Repository/Page_Checkout/txt_orderNote' is cleared

2018-09-20 17:06:49 - [MESSAGE][PASSED] - Keys 'auto089056Order' sent to object: 'Object Repository/Page_Checkout/txt_orderNote'

2018-09-20 17:06:49 - [MESSAGE][PASSED] - Object 'Object Repository/Page_Checkout/radio_creditCard' is checked

2018-09-20 17:06:54 - [MESSAGE][PASSED] - Delayed 5 second(s)

2018-09-20 17:06:54 - [MESSAGE][PASSED] - beautytap.ShopAction.fillCustomerInformation is PASSED

2018-09-20 17:06:54 - [TEST_STEP][PASSED] - beautytap.ShopAction.VerifyOrderDetailsOnCheckout: Keyword VerifyOrderDetailsOnCheckout is Passed

2018-09-20 17:06:55 - [MESSAGE][PASSED] - Object '' is present

2018-09-20 17:06:55 - [MESSAGE][PASSED] - Text of object '' is: '$95.40'

2018-09-20 17:06:55 - [MESSAGE][PASSED] - Text of object '' is: 'Free shipping for orders over $60
Why does shipping take this long?'

2018-09-20 17:06:55 - [MESSAGE][PASSED] - Text of object '' is: '$95.40'

2018-09-20 17:06:55 - [MESSAGE][PASSED] - Keyword VerifyOrderDetailsOnCheckout is Passed

2018-09-20 17:06:55 - [TEST_STEP][PASSED] - beautytap.ShopAction.checkoutViaPaypal: beautytap.ShopAction.checkoutViaPaypal is PASSED

2018-09-20 17:06:55 - [MESSAGE][PASSED] - Object 'Object Repository/Page_Checkout/radio_paypal' is checked

2018-09-20 17:07:00 - [MESSAGE][PASSED] - Delayed 5 second(s)

2018-09-20 17:07:00 - [MESSAGE][PASSED] - Object 'Object Repository/Page_Checkout/chk_terms' is checked

2018-09-20 17:07:00 - [MESSAGE][PASSED] - Object: 'Object Repository/Page_Checkout/btn_placeOrder' is clicked on

2018-09-20 17:07:08 - [MESSAGE][PASSED] - Object 'Object Repository/Page_Paypal/txt_email' is present

2018-09-20 17:07:08 - [MESSAGE][PASSED] - Text of object 'Object Repository/Page_Paypal/txt_email' is cleared

2018-09-20 17:07:09 - [MESSAGE][PASSED] - Keys 'g1.posiba@gmail.com' sent to object: 'Object Repository/Page_Paypal/txt_email'

2018-09-20 17:07:09 - [MESSAGE][PASSED] - Text of object 'Object Repository/Page_Paypal/txt_password' is cleared

2018-09-20 17:07:09 - [MESSAGE][PASSED] - Keys 'Tr@ng99%' sent to object: 'Object Repository/Page_Paypal/txt_password'

2018-09-20 17:07:22 - [MESSAGE][PASSED] - Object: 'Object Repository/Page_Paypal/btn_login' is clicked on

2018-09-20 17:07:30 - [MESSAGE][PASSED] - Object 'Object Repository/Page_Paypal/btn_payNow' is present

2018-09-20 17:07:35 - [MESSAGE][PASSED] - Delayed 5 second(s)

2018-09-20 17:07:35 - [MESSAGE][PASSED] - Object: 'Object Repository/Page_Paypal/btn_payNow' is clicked on

2018-09-20 17:07:56 - [MESSAGE][PASSED] - Object 'Object Repository/Page_Checkout/lbl_orderReceived' is present

2018-09-20 17:07:56 - [MESSAGE][PASSED] - beautytap.ShopAction.checkoutViaPaypal is PASSED

2018-09-20 17:07:56 - [TEST_STEP][PASSED] - beautytap.ShopAction.VerifyOrderReceivedDetails: Keyword VerifyOrderReceivedDetails is Passed

2018-09-20 17:07:56 - [MESSAGE][PASSED] - Object '' is present

2018-09-20 17:07:57 - [MESSAGE][PASSED] - Text of object '' is: '$95.40'

2018-09-20 17:07:57 - [MESSAGE][PASSED] - Text of object '' is: 'Free shipping for orders over $60'

2018-09-20 17:08:02 - [MESSAGE][WARNING] - com.kms.katalon.core.webui.exception.WebElementNotFoundException: Web element with id: '' located by 'By.xpath: //th[text()='Shipping:']/parent::tr/td/span' not found
[[ATTACHMENT|E:\\BeautytapAutomation\\beautytapAuto\\Beautytap\\Reports\\TS1\\20180920_165220\\1537438082286.png]]

2018-09-20 17:08:02 - [MESSAGE][PASSED] - Text of object '' is: 'PayPal'

2018-09-20 17:08:02 - [MESSAGE][PASSED] - Text of object '' is: '$95.40'

2018-09-20 17:08:02 - [MESSAGE][PASSED] - Keyword VerifyOrderReceivedDetails is Passed

2018-09-20 17:08:02 - [TEST_STEP][PASSED] - closeBrowser: Browser is closed

2018-09-20 17:08:03 - [MESSAGE][PASSED] - Browser is closed]]></system-out>
         <system-err><![CDATA[]]></system-err>
      </testcase>
      <testcase name="Test Cases/Shop/TC06_Browse_VariationProduct_Sale_AmazonPayAtCart_LessThan60_EMS" classname="Test Cases/Shop/TC06_Browse_VariationProduct_Sale_AmazonPayAtCart_LessThan60_EMS" status="PASSED">
         <system-out><![CDATA[2018-09-20 17:08:05 - [TEST_CASE][PASSED] - Test Cases/Shop/TC06_Browse_VariationProduct_Sale_AmazonPayAtCart_LessThan60_EMS: Test Cases/Shop/TC06_Browse_VariationProduct_Sale_AmazonPayAtCart_LessThan60_EMS

2018-09-20 17:08:05 - [TEST_STEP][PASSED] - Statement - productName = VARIATION_SALE_PRODUCT: null

2018-09-20 17:08:05 - [TEST_STEP][PASSED] - Statement - saleprice = VARIATION_SALE_PRICE1: null

2018-09-20 17:08:05 - [TEST_STEP][PASSED] - Statement - redularprice = VARIATION_SALE_REGULAR_PRICE1: null

2018-09-20 17:08:05 - [TEST_STEP][PASSED] - Statement - variation = VARIATION_SALE_NAME1: null

2018-09-20 17:08:05 - [TEST_STEP][PASSED] - Statement - r_string = new java.lang.Math().random().toString().substring(2, 8): null

2018-09-20 17:08:05 - [TEST_STEP][PASSED] - Statement - email = "auto" + r_string + "@mailinator.com": null

2018-09-20 17:08:05 - [TEST_STEP][PASSED] - Statement - orderNote = "auto" + r_string + "Order": null

2018-09-20 17:08:05 - [TEST_STEP][PASSED] - Statement - currentNumberItemInCart = <not implemented yet for class: org.codehaus.groovy.ast.expr.EmptyExpression>: null

2018-09-20 17:08:06 - [TEST_STEP][PASSED] - Statement - quantity = 5: null

2018-09-20 17:08:06 - [TEST_STEP][PASSED] - Statement - shippingLabel = EMS_SHIPPING_LABEL: null

2018-09-20 17:08:06 - [TEST_STEP][PASSED] - Statement - shippingPrice = EMS_SHIPPING_PRICE: null

2018-09-20 17:08:06 - [TEST_STEP][PASSED] - Statement - subtotal = CustomKeywords.beautytap.ShopAction.calculateTotal(quantity, saleprice): beautytap.ShopAction.calculateTotal is PASSED

2018-09-20 17:08:06 - [MESSAGE][PASSED] - beautytap.ShopAction.calculateTotal is PASSED

2018-09-20 17:08:06 - [TEST_STEP][PASSED] - Statement - total = subtotal + shippingPrice: null

2018-09-20 17:08:06 - [TEST_STEP][PASSED] - Statement - total = CustomKeywords.beautytap.ShopAction.calculateTotal(1, total): beautytap.ShopAction.calculateTotal is PASSED

2018-09-20 17:08:06 - [MESSAGE][PASSED] - beautytap.ShopAction.calculateTotal is PASSED

2018-09-20 17:08:06 - [TEST_STEP][PASSED] - Statement - products = new org.json.JSONArray((((((((([{"productname":" + productName) + ","variation":") + variation) + ","quantity":") + quantity) + ","price":") + saleprice) + "}])): null

2018-09-20 17:08:06 - [TEST_STEP][PASSED] - Statement - billingInformation = new org.json.JSONObject((({"firstname":"Test","lastname":"Automation","country":"United States (US)","address":"123 Testing","city":"New York","state":"New York","zip":"90012","email":" + email) + "})): null

2018-09-20 17:08:06 - [TEST_STEP][PASSED] - Statement - shippingType = "EMS": null

2018-09-20 17:08:06 - [TEST_STEP][PASSED] - Statement - paymentMethod = "Amazon Pay": null

2018-09-20 17:08:06 - [TEST_STEP][PASSED] - Statement - category = "Brands": null

2018-09-20 17:08:06 - [TEST_STEP][PASSED] - Statement - subcategory = "Innisfree": null

2018-09-20 17:08:06 - [TEST_STEP][PASSED] - beautytap.GeneralAction.openBeautytap: beautytap.GeneralAction.openBeautytap is PASSED

2018-09-20 17:08:21 - [MESSAGE][PASSED] - Browser is opened with url: 'https://stage.beautytap.com'

2018-09-20 17:08:22 - [MESSAGE][PASSED] - Current window maximized

2018-09-20 17:08:29 - [MESSAGE][PASSED] - Refresh successfully

2018-09-20 17:08:29 - [MESSAGE][PASSED] - Wait for page load successfully

2018-09-20 17:08:29 - [MESSAGE][PASSED] - beautytap.GeneralAction.openBeautytap is PASSED

2018-09-20 17:08:29 - [TEST_STEP][PASSED] - beautytap.ShopAction.selectCategory: beautytap.ShopAction.selectCategory is PASSED

2018-09-20 17:08:29 - [MESSAGE][PASSED] - Object: '' is clicked on

2018-09-20 17:08:31 - [MESSAGE][PASSED] - Delayed 2 second(s)

2018-09-20 17:08:42 - [MESSAGE][PASSED] - Object: '' is clicked on

2018-09-20 17:08:42 - [MESSAGE][PASSED] - Wait for page load successfully

2018-09-20 17:08:42 - [MESSAGE][PASSED] - beautytap.ShopAction.selectCategory is PASSED

2018-09-20 17:08:42 - [TEST_STEP][PASSED] - beautytap.ShopAction.findProductOnProductList: beautytap.ShopAction.findProductOnProductList is PASSED

2018-09-20 17:08:42 - [MESSAGE][PASSED] - Text of object '' is: '3'

2018-09-20 17:08:47 - [MESSAGE][WARNING] - com.kms.katalon.core.webui.exception.WebElementNotFoundException: Web element with id: '' located by 'By.xpath: //a[text()='Innisfree Eye Contouring Stick Round Shape 0.7g']' not found
[[ATTACHMENT|E:\\BeautytapAutomation\\beautytapAuto\\Beautytap\\Reports\\TS1\\20180920_165220\\1537438127672.png]]

2018-09-20 17:09:06 - [MESSAGE][PASSED] - Object: '' is clicked on

2018-09-20 17:09:06 - [MESSAGE][PASSED] - Wait for page load successfully

2018-09-20 17:09:06 - [MESSAGE][PASSED] - Object '' is present

2018-09-20 17:09:06 - [MESSAGE][PASSED] - beautytap.ShopAction.findProductOnProductList is PASSED

2018-09-20 17:09:06 - [TEST_STEP][PASSED] - beautytap.ShopAction.VerifyProductOnProductList: Keyword VerifyProductOnProductList is Passed

2018-09-20 17:09:06 - [MESSAGE][PASSED] - Object '' is present

2018-09-20 17:09:06 - [MESSAGE][PASSED] - Text of object '' is: '$4.95'

2018-09-20 17:09:06 - [MESSAGE][PASSED] - Get CSS 'color' value on '' successfully: 'rgba(255, 35, 134, 1)'.

2018-09-20 17:09:06 - [MESSAGE][PASSED] - Get CSS 'color' value on '' successfully: 'rgba(255, 35, 134, 1)'.

2018-09-20 17:09:06 - [MESSAGE][PASSED] - Text of object '' is: '$6.50'

2018-09-20 17:09:06 - [MESSAGE][PASSED] - Get CSS 'color' value on '' successfully: 'rgba(255, 35, 134, 1)'.

2018-09-20 17:09:06 - [MESSAGE][PASSED] - Get CSS 'color' value on '' successfully: 'rgba(255, 35, 134, 1)'.

2018-09-20 17:09:06 - [MESSAGE][PASSED] - Keyword VerifyProductOnProductList is Passed

2018-09-20 17:09:06 - [TEST_STEP][PASSED] - beautytap.ShopAction.selectProductOnProductList: beautytap.ShopAction.selectProductOnProductList is PASSED

2018-09-20 17:09:14 - [MESSAGE][PASSED] - Object: '' is clicked on

2018-09-20 17:09:14 - [MESSAGE][PASSED] - Wait for page load successfully

2018-09-20 17:09:14 - [MESSAGE][PASSED] - beautytap.ShopAction.selectProductOnProductList is PASSED

2018-09-20 17:09:14 - [TEST_STEP][PASSED] - beautytap.ShopAction.selectProductVariation: beautytap.ShopAction.selectProductVariation is PASSED

2018-09-20 17:09:14 - [MESSAGE][PASSED] - Object: 'Object Repository/Page_Shop/drop_chooseOption' is clicked on

2018-09-20 17:09:15 - [MESSAGE][PASSED] - Delayed 1 second(s)

2018-09-20 17:09:15 - [MESSAGE][PASSED] - Object: '' is clicked on

2018-09-20 17:09:15 - [MESSAGE][PASSED] - beautytap.ShopAction.selectProductVariation is PASSED

2018-09-20 17:09:15 - [TEST_STEP][PASSED] - beautytap.ShopAction.VerifyProductDetails: Keyword VerifyProductDetails is Passed

2018-09-20 17:09:15 - [MESSAGE][PASSED] - Text of object '' is: 'Innisfree Eye Contouring Stick Round Shape 0.7g'

2018-09-20 17:09:16 - [MESSAGE][PASSED] - All options with label '5' are selected in object 'Object Repository/Page_Shop/drop_chooseOption' 

2018-09-20 17:09:16 - [MESSAGE][PASSED] - Text of object '' is: '$6.50'

2018-09-20 17:09:16 - [MESSAGE][PASSED] - Get CSS 'color' value on '' successfully: 'rgba(195, 195, 195, 1)'.

2018-09-20 17:09:16 - [MESSAGE][PASSED] - Text of object '' is: '$4.95'

2018-09-20 17:09:16 - [MESSAGE][PASSED] - Get CSS 'color' value on '' successfully: 'rgba(255, 35, 134, 1)'.

2018-09-20 17:09:16 - [MESSAGE][PASSED] - Keyword VerifyProductDetails is Passed

2018-09-20 17:09:16 - [TEST_STEP][PASSED] - Statement - currentNumberItemInCart = CustomKeywords.beautytap.ShopAction.getNumberItemInCart(): beautytap.ShopAction.getNumberItemInCart is PASSED

2018-09-20 17:09:48 - [MESSAGE][WARNING] - com.kms.katalon.core.webui.exception.WebElementNotFoundException: Web element with id: '' located by 'By.xpath: //div[@class='header-right-top pull-right']/a[@class='shop-cart']/span[@class='number-cart']' not found
[[ATTACHMENT|E:\\BeautytapAutomation\\beautytapAuto\\Beautytap\\Reports\\TS1\\20180920_165220\\1537438187695.png]]

2018-09-20 17:09:48 - [MESSAGE][PASSED] - beautytap.ShopAction.getNumberItemInCart is PASSED

2018-09-20 17:09:48 - [TEST_STEP][PASSED] - beautytap.ShopAction.addProductToCart: beautytap.ShopAction.addProductToCart is PASSED

2018-09-20 17:09:48 - [MESSAGE][PASSED] - Text of object 'Object Repository/Page_Shop/txt_quantity' is cleared

2018-09-20 17:09:48 - [MESSAGE][PASSED] - Keys '5' sent to object: 'Object Repository/Page_Shop/txt_quantity'

2018-09-20 17:09:48 - [MESSAGE][PASSED] - Object: 'Object Repository/Page_Shop/btn_addToCart' is clicked on

2018-09-20 17:09:48 - [MESSAGE][PASSED] - Wait for page load successfully

2018-09-20 17:09:55 - [MESSAGE][PASSED] - Object 'Object Repository/Page_Shop/lbl_message' is present

2018-09-20 17:09:55 - [MESSAGE][PASSED] - beautytap.ShopAction.addProductToCart is PASSED

2018-09-20 17:09:55 - [TEST_STEP][PASSED] - beautytap.ShopAction.VerifyNumberItemInCart: Keyword VerifyNumberItemInCart is Passed, Number item in cart is 5, expected is 5

2018-09-20 17:09:55 - [MESSAGE][PASSED] - Object '' is present

2018-09-20 17:09:55 - [MESSAGE][PASSED] - Text of object '' is: '5'

2018-09-20 17:09:55 - [MESSAGE][PASSED] - Keyword VerifyNumberItemInCart is Passed, Number item in cart is 5, expected is 5

2018-09-20 17:09:55 - [TEST_STEP][PASSED] - beautytap.ShopAction.VerifyProductIsAddedToCart: beautytap.ShopAction.VerifyProductIsAddedToCart is PASSED

2018-09-20 17:09:55 - [MESSAGE][PASSED] - Object '' is present

2018-09-20 17:09:55 - [MESSAGE][PASSED] - beautytap.ShopAction.VerifyProductIsAddedToCart is PASSED

2018-09-20 17:09:55 - [TEST_STEP][PASSED] - beautytap.ShopAction.goToCart: beautytap.ShopAction.goToCart is PASSED

2018-09-20 17:10:00 - [MESSAGE][PASSED] - Object: 'Object Repository/Page_General/icon_cart' is clicked on

2018-09-20 17:10:00 - [MESSAGE][PASSED] - Wait for page load successfully

2018-09-20 17:10:00 - [MESSAGE][PASSED] - beautytap.ShopAction.goToCart is PASSED

2018-09-20 17:10:00 - [TEST_STEP][PASSED] - beautytap.ShopAction.VerifyProductInCart: Keyword VerifyProductInCart is Passed

2018-09-20 17:10:00 - [MESSAGE][PASSED] - Object '' is present

2018-09-20 17:10:00 - [MESSAGE][PASSED] - Text of object '' is: '$4.95'

2018-09-20 17:10:00 - [MESSAGE][PASSED] - Attribute 'value' of object '' is: '5'

2018-09-20 17:10:00 - [MESSAGE][PASSED] - Text of object '' is: '$24.75'

2018-09-20 17:10:00 - [MESSAGE][PASSED] - Keyword VerifyProductInCart is Passed

2018-09-20 17:10:00 - [TEST_STEP][PASSED] - beautytap.ShopAction.loginAmazonPay: beautytap.ShopAction.loginAmazonPay is PASSED

2018-09-20 17:10:00 - [MESSAGE][PASSED] - Object: 'Object Repository/Page_Cart/btn_payWithAmazon' is clicked on

2018-09-20 17:10:00 - [MESSAGE][PASSED] - Switched to window with index: '1'

2018-09-20 17:10:02 - [MESSAGE][PASSED] - Object 'Object Repository/Popup_Amazon/txt_email' is present

2018-09-20 17:10:02 - [MESSAGE][PASSED] - Text of object 'Object Repository/Popup_Amazon/txt_email' is cleared

2018-09-20 17:10:02 - [MESSAGE][PASSED] - Keys 'amazontest1503@yopmail.com' sent to object: 'Object Repository/Popup_Amazon/txt_email'

2018-09-20 17:10:02 - [MESSAGE][PASSED] - Text of object 'Object Repository/Popup_Amazon/txt_password' is cleared

2018-09-20 17:10:02 - [MESSAGE][PASSED] - Keys '123456' sent to object: 'Object Repository/Popup_Amazon/txt_password'

2018-09-20 17:10:05 - [MESSAGE][PASSED] - Object: 'Object Repository/Popup_Amazon/btn_signin' is clicked on

2018-09-20 17:10:05 - [MESSAGE][PASSED] - Switched to window with index: '0'

2018-09-20 17:10:35 - [MESSAGE][PASSED] - Delayed 30 second(s)

2018-09-20 17:10:35 - [MESSAGE][PASSED] - beautytap.ShopAction.loginAmazonPay is PASSED

2018-09-20 17:10:35 - [TEST_STEP][PASSED] - beautytap.ShopAction.selectShipping: beautytap.ShopAction.selectShipping is PASSED

2018-09-20 17:10:35 - [MESSAGE][PASSED] - Object '' is checked

2018-09-20 17:10:40 - [MESSAGE][PASSED] - Delayed 5 second(s)

2018-09-20 17:10:40 - [MESSAGE][PASSED] - beautytap.ShopAction.selectShipping is PASSED

2018-09-20 17:10:40 - [TEST_STEP][PASSED] - beautytap.ShopAction.VerifyOrderDetailsOnCheckout: Keyword VerifyOrderDetailsOnCheckout is Passed

2018-09-20 17:10:40 - [MESSAGE][PASSED] - Object '' is present

2018-09-20 17:10:40 - [MESSAGE][PASSED] - Text of object '' is: '$24.75'

2018-09-20 17:10:40 - [MESSAGE][PASSED] - Object '' has attribute 'checked'

2018-09-20 17:10:40 - [MESSAGE][PASSED] - Text of object '' is: '($25) - EMS Express shipping (est. 10-14 working days delivery including processing): $25.00'

2018-09-20 17:10:40 - [MESSAGE][PASSED] - Text of object '' is: '$25.00'

2018-09-20 17:10:40 - [MESSAGE][PASSED] - Text of object '' is: '$49.75'

2018-09-20 17:10:40 - [MESSAGE][PASSED] - Keyword VerifyOrderDetailsOnCheckout is Passed

2018-09-20 17:10:40 - [TEST_STEP][PASSED] - beautytap.ShopAction.checkoutViaAmazonPay: beautytap.ShopAction.checkoutViaAmazonPay is PASSED

2018-09-20 17:10:40 - [MESSAGE][PASSED] - Object 'Object Repository/Page_Checkout/chk_terms' is clickable

2018-09-20 17:10:41 - [MESSAGE][PASSED] - Object 'Object Repository/Page_Checkout/chk_terms' is checked

2018-09-20 17:10:41 - [MESSAGE][PASSED] - Object: 'Object Repository/Page_Checkout/btn_placeOrder' is clicked on

2018-09-20 17:10:55 - [MESSAGE][PASSED] - Object 'Object Repository/Page_Checkout/lbl_orderReceived' is present

2018-09-20 17:10:55 - [MESSAGE][PASSED] - beautytap.ShopAction.checkoutViaAmazonPay is PASSED

2018-09-20 17:10:55 - [TEST_STEP][PASSED] - beautytap.ShopAction.VerifyOrderReceivedDetails: Keyword VerifyOrderReceivedDetails is Passed

2018-09-20 17:10:55 - [MESSAGE][PASSED] - Object '' is present

2018-09-20 17:10:55 - [MESSAGE][PASSED] - Text of object '' is: '$24.75'

2018-09-20 17:10:56 - [MESSAGE][PASSED] - Text of object '' is: '$25.00 via ($25) - EMS Express shipping (est. 10-14 working days delivery including processing)'

2018-09-20 17:10:56 - [MESSAGE][PASSED] - Object '' is present

2018-09-20 17:10:56 - [MESSAGE][PASSED] - Text of object '' is: '$25.00'

2018-09-20 17:10:56 - [MESSAGE][PASSED] - Text of object '' is: 'Amazon Pay'

2018-09-20 17:10:56 - [MESSAGE][PASSED] - Text of object '' is: '$49.75'

2018-09-20 17:10:56 - [MESSAGE][PASSED] - Keyword VerifyOrderReceivedDetails is Passed

2018-09-20 17:10:56 - [TEST_STEP][PASSED] - closeBrowser: Browser is closed

2018-09-20 17:10:57 - [MESSAGE][PASSED] - Browser is closed]]></system-out>
         <system-err><![CDATA[]]></system-err>
      </testcase>
      <system-out><![CDATA[2018-09-20 16:52:23 - [TEST_SUITE][FAILED] - TS1: Test Cases/Shop/TC04_Search_VariationProduct_NotSale_AmazonPay_GreaterThan200 FAILED because (of) Unable to click on object 'Object Repository/Page_Checkout/btn_amazonPay' (Root cause: com.kms.katalon.core.webui.exception.WebElementNotFoundException: Web element with id: 'Object Repository/Page_Checkout/btn_amazonPay' located by 'By.xpath: //div[@id='pay_with_amazon']/img' not found)]]></system-out>
      <system-err><![CDATA[2018-09-20 16:52:23 - [TEST_SUITE][FAILED] - TS1: Test Cases/Shop/TC04_Search_VariationProduct_NotSale_AmazonPay_GreaterThan200 FAILED because (of) Unable to click on object 'Object Repository/Page_Checkout/btn_amazonPay' (Root cause: com.kms.katalon.core.webui.exception.WebElementNotFoundException: Web element with id: 'Object Repository/Page_Checkout/btn_amazonPay' located by 'By.xpath: //div[@id='pay_with_amazon']/img' not found)]]></system-err>
   </testsuite>
</testsuites>
