<?xml version="1.0" encoding="UTF-8"?>
<testsuites name="TS1" time="1238" tests="5" failures="1" errors="0">
   <testsuite name="TS1" tests="5" failures="1" errors="0" time="1238" timestamp="2018-08-30 15:46:22" hostname="Trang Nguyen - DESKTOP-G1UHP65" id="Test Suites/TS1">
      <properties>
         <property name="deviceName" value=""/>
         <property name="devicePlatform" value=""/>
         <property name="logFolder" value="E:\\BeautytapAutomation\\beautytapAuto\\Beautytap\\Reports\\TS1\\20180830_154619"/>
         <property name="logFiles" value="E:\\BeautytapAutomation\\beautytapAuto\\Beautytap\\Reports\\TS1\\20180830_154619\\execution0.log"/>
         <property name="attachments" value="E:\\BeautytapAutomation\\beautytapAuto\\Beautytap\\Reports\\TS1\\20180830_154619\\1535619107828.png, E:\\BeautytapAutomation\\beautytapAuto\\Beautytap\\Reports\\TS1\\20180830_154619\\1535619422123.png, E:\\BeautytapAutomation\\beautytapAuto\\Beautytap\\Reports\\TS1\\20180830_154619\\1535619460518.png, E:\\BeautytapAutomation\\beautytapAuto\\Beautytap\\Reports\\TS1\\20180830_154619\\1535619598523.png, E:\\BeautytapAutomation\\beautytapAuto\\Beautytap\\Reports\\TS1\\20180830_154619\\1535619716865.png, E:\\BeautytapAutomation\\beautytapAuto\\Beautytap\\Reports\\TS1\\20180830_154619\\1535619762483.png, E:\\BeautytapAutomation\\beautytapAuto\\Beautytap\\Reports\\TS1\\20180830_154619\\1535619807526.png, E:\\BeautytapAutomation\\beautytapAuto\\Beautytap\\Reports\\TS1\\20180830_154619\\1535619842517.png, E:\\BeautytapAutomation\\beautytapAuto\\Beautytap\\Reports\\TS1\\20180830_154619\\1535619885366.png, E:\\BeautytapAutomation\\beautytapAuto\\Beautytap\\Reports\\TS1\\20180830_154619\\1535619935542.png"/>
         <property name="hostName" value="Trang Nguyen - DESKTOP-G1UHP65"/>
         <property name="os" value="Windows 10 64bit"/>
         <property name="katalonVersion" value="5.5.0.1"/>
         <property name="browser" value="Chrome 68.0.3440.106"/>
         <property name="hostAddress" value="10.0.0.151"/>
         <property name="sessionId" value="b1d481bd80eea8d38978449fd2a72088"/>
         <property name="seleniumVersion" value="3.7.1"/>
         <property name="proxyInformation" value="ProxyInformation{proxyOption=NO_PROXY, proxyServerType=HTTP, password=, proxyServerAddress=, proxyServerPort=0}"/>
         <property name="platform" value="Windows 10"/>
      </properties>
      <testcase name="Test Cases/SignUp_Login_ResetPass/TC01_SignUp_Login_ResetPassword_Via_Email" classname="Test Cases/SignUp_Login_ResetPass/TC01_SignUp_Login_ResetPassword_Via_Email" status="PASSED">
         <system-out><![CDATA[2018-08-30 15:46:22 - [TEST_CASE][PASSED] - Test Cases/SignUp_Login_ResetPass/TC01_SignUp_Login_ResetPassword_Via_Email: Test Cases/SignUp_Login_ResetPass/TC01_SignUp_Login_ResetPassword_Via_Email

2018-08-30 15:46:23 - [TEST_STEP][PASSED] - Statement - r_string = new java.lang.Math().random().toString().substring(2, 8): null

2018-08-30 15:46:23 - [TEST_STEP][PASSED] - Statement - username = "auto" + r_string: null

2018-08-30 15:46:23 - [TEST_STEP][PASSED] - Statement - email = username + "@mailinator.com": null

2018-08-30 15:46:23 - [TEST_STEP][PASSED] - Statement - password = "123456": null

2018-08-30 15:46:23 - [TEST_STEP][PASSED] - Statement - newpassword = "test123": null

2018-08-30 15:46:23 - [TEST_STEP][PASSED] - Statement - name = "Auto User " + r_string: null

2018-08-30 15:46:23 - [TEST_STEP][PASSED] - Statement - birthday = "01/01/1990": null

2018-08-30 15:46:23 - [TEST_STEP][PASSED] - Statement - activation_subject = SITE_TITLE + " Activate your account": null

2018-08-30 15:46:23 - [TEST_STEP][PASSED] - Statement - resetpass_subject = SITE_TITLE + " Password Reset": null

2018-08-30 15:46:23 - [TEST_STEP][PASSED] - beautytap.GeneralAction.openBeautytap: beautytap.GeneralAction.openBeautytap is PASSED

2018-08-30 15:46:44 - [MESSAGE][PASSED] - Browser is opened with url: 'https://stage.beautytap.com'

2018-08-30 15:46:45 - [MESSAGE][PASSED] - Current window maximized

2018-08-30 15:46:49 - [MESSAGE][PASSED] - Refresh successfully

2018-08-30 15:46:49 - [MESSAGE][PASSED] - Wait for page load successfully

2018-08-30 15:46:49 - [MESSAGE][PASSED] - beautytap.GeneralAction.openBeautytap is PASSED

2018-08-30 15:46:49 - [TEST_STEP][PASSED] - beautytap.GeneralAction.clickNavigationMenu: beautytap.GeneralAction.clickNavigationMenu is PASSED

2018-08-30 15:46:53 - [MESSAGE][PASSED] - Object: 'Object Repository/Page_General/link_signup' is clicked on

2018-08-30 15:46:53 - [MESSAGE][PASSED] - Wait for page load successfully

2018-08-30 15:46:53 - [MESSAGE][PASSED] - beautytap.GeneralAction.clickNavigationMenu is PASSED

2018-08-30 15:46:53 - [TEST_STEP][PASSED] - beautytap.GeneralAction.signup: beautytap.GeneralAction.signup is PASSED

2018-08-30 15:46:53 - [MESSAGE][PASSED] - Keys 'auto843602' sent to object: 'Object Repository/Page_Signup/txt_username'

2018-08-30 15:46:53 - [MESSAGE][PASSED] - Keys 'auto843602@mailinator.com' sent to object: 'Object Repository/Page_Signup/txt_email'

2018-08-30 15:46:53 - [MESSAGE][PASSED] - Keys '123456' sent to object: 'Object Repository/Page_Signup/txt_password'

2018-08-30 15:46:54 - [MESSAGE][PASSED] - Keys 'Auto User 843602' sent to object: 'Object Repository/Page_Signup/txt_name'

2018-08-30 15:46:54 - [MESSAGE][PASSED] - Keys '01/01/1990' sent to object: 'Object Repository/Page_Signup/txt_birthday'

2018-08-30 15:46:54 - [MESSAGE][PASSED] - Object: 'Object Repository/Page_Signup/btn_signup' is clicked on

2018-08-30 15:46:54 - [MESSAGE][PASSED] - Wait for page load successfully

2018-08-30 15:46:54 - [MESSAGE][PASSED] - beautytap.GeneralAction.signup is PASSED

2018-08-30 15:46:54 - [TEST_STEP][PASSED] - verifyElementPresent: Object 'Object Repository/Page_Signup/lbl_sucessMessage' is present

2018-08-30 15:46:59 - [MESSAGE][PASSED] - Object 'Object Repository/Page_Signup/lbl_sucessMessage' is present

2018-08-30 15:46:59 - [TEST_STEP][PASSED] - beautytap.GeneralAction.openMailBox: beautytap.GeneralAction.openMailBox is PASSED

2018-08-30 15:47:01 - [MESSAGE][PASSED] - Navigate to 'https://www.mailinator.com' successfully

2018-08-30 15:47:01 - [MESSAGE][PASSED] - Wait for page load successfully

2018-08-30 15:47:01 - [MESSAGE][PASSED] - Keys 'auto843602' sent to object: 'Object Repository/Page_mailinator/txt_email'

2018-08-30 15:47:03 - [MESSAGE][PASSED] - Object: 'Object Repository/Page_mailinator/btn_go' is clicked on

2018-08-30 15:47:03 - [MESSAGE][PASSED] - Wait for page load successfully

2018-08-30 15:47:08 - [MESSAGE][PASSED] - Delayed 5 second(s)

2018-08-30 15:47:08 - [MESSAGE][PASSED] - Object: '' is clicked on

2018-08-30 15:47:08 - [MESSAGE][PASSED] - beautytap.GeneralAction.openMailBox is PASSED

2018-08-30 15:47:08 - [TEST_STEP][PASSED] - beautytap.GeneralAction.verifyEmailExist: beautytap.GeneralAction.verifyEmailExist is PASSED

2018-08-30 15:47:09 - [MESSAGE][PASSED] - Object '' is present

2018-08-30 15:47:09 - [MESSAGE][PASSED] - beautytap.GeneralAction.verifyEmailExist is PASSED

2018-08-30 15:47:09 - [TEST_STEP][PASSED] - beautytap.GeneralAction.openEmail: beautytap.GeneralAction.openEmail is PASSED

2018-08-30 15:47:09 - [MESSAGE][PASSED] - Object: '' is clicked on

2018-08-30 15:47:09 - [MESSAGE][PASSED] - beautytap.GeneralAction.openEmail is PASSED

2018-08-30 15:47:09 - [TEST_STEP][PASSED] - beautytap.GeneralAction.clickEmailLink: beautytap.GeneralAction.clickEmailLink is PASSED

2018-08-30 15:47:09 - [MESSAGE][PASSED] - Text of object '' is: 'https://stage.beautytap.com/activate/cAhrnugjZo4b3YNpcmLZM0YSUbWKlnNP/'

2018-08-30 15:47:23 - [MESSAGE][PASSED] - Navigate to 'https://stage.beautytap.com/activate/cAhrnugjZo4b3YNpcmLZM0YSUbWKlnNP/' successfully

2018-08-30 15:47:23 - [MESSAGE][PASSED] - beautytap.GeneralAction.clickEmailLink is PASSED

2018-08-30 15:47:23 - [TEST_STEP][PASSED] - waitForPageLoad: Wait for page load successfully

2018-08-30 15:47:23 - [MESSAGE][PASSED] - Wait for page load successfully

2018-08-30 15:47:23 - [TEST_STEP][PASSED] - verifyElementPresent: Object 'Object Repository/Page_General/lbl_activeSuccessMessage' is present

2018-08-30 15:47:23 - [MESSAGE][PASSED] - Object 'Object Repository/Page_General/lbl_activeSuccessMessage' is present

2018-08-30 15:47:23 - [TEST_STEP][PASSED] - beautytap.GeneralAction.clickNavigationMenu: beautytap.GeneralAction.clickNavigationMenu is PASSED

2018-08-30 15:47:26 - [MESSAGE][PASSED] - Object: 'Object Repository/Page_General/link_login' is clicked on

2018-08-30 15:47:26 - [MESSAGE][PASSED] - Wait for page load successfully

2018-08-30 15:47:26 - [MESSAGE][PASSED] - beautytap.GeneralAction.clickNavigationMenu is PASSED

2018-08-30 15:47:26 - [TEST_STEP][PASSED] - beautytap.GeneralAction.login: beautytap.GeneralAction.login is PASSED

2018-08-30 15:47:26 - [MESSAGE][PASSED] - Text of object 'Object Repository/Page_login/txt_username' is cleared

2018-08-30 15:47:26 - [MESSAGE][PASSED] - Keys 'auto843602' sent to object: 'Object Repository/Page_login/txt_username'

2018-08-30 15:47:27 - [MESSAGE][PASSED] - Text of object 'Object Repository/Page_login/txt_password' is cleared

2018-08-30 15:47:27 - [MESSAGE][PASSED] - Keys '123456' sent to object: 'Object Repository/Page_login/txt_password'

2018-08-30 15:47:27 - [MESSAGE][PASSED] - Object: 'Object Repository/Page_login/btn_login' is clicked on

2018-08-30 15:47:27 - [MESSAGE][PASSED] - Wait for page load successfully

2018-08-30 15:47:27 - [MESSAGE][PASSED] - beautytap.GeneralAction.login is PASSED

2018-08-30 15:47:27 - [TEST_STEP][PASSED] - verifyElementPresent: Object 'Object Repository/Page_General/link_avatar' is present

2018-08-30 15:47:35 - [MESSAGE][PASSED] - Object 'Object Repository/Page_General/link_avatar' is present

2018-08-30 15:47:35 - [TEST_STEP][PASSED] - beautytap.GeneralAction.logout: beautytap.GeneralAction.logout is PASSED

2018-08-30 15:47:35 - [MESSAGE][PASSED] - Object: 'Object Repository/Page_General/link_avatar' is clicked on

2018-08-30 15:47:36 - [MESSAGE][PASSED] - Object 'Object Repository/Page_General/menu_logout' is present

2018-08-30 15:47:36 - [MESSAGE][PASSED] - Object: 'Object Repository/Page_General/menu_logout' is clicked on

2018-08-30 15:47:36 - [MESSAGE][PASSED] - Wait for page load successfully

2018-08-30 15:47:36 - [MESSAGE][PASSED] - beautytap.GeneralAction.logout is PASSED

2018-08-30 15:47:36 - [TEST_STEP][PASSED] - beautytap.GeneralAction.clickNavigationMenu: beautytap.GeneralAction.clickNavigationMenu is PASSED

2018-08-30 15:47:42 - [MESSAGE][PASSED] - Object: 'Object Repository/Page_General/link_login' is clicked on

2018-08-30 15:47:42 - [MESSAGE][PASSED] - Wait for page load successfully

2018-08-30 15:47:42 - [MESSAGE][PASSED] - beautytap.GeneralAction.clickNavigationMenu is PASSED

2018-08-30 15:47:42 - [TEST_STEP][PASSED] - beautytap.GeneralAction.login: beautytap.GeneralAction.login is PASSED

2018-08-30 15:47:42 - [MESSAGE][PASSED] - Text of object 'Object Repository/Page_login/txt_username' is cleared

2018-08-30 15:47:42 - [MESSAGE][PASSED] - Keys 'auto843602@mailinator.com' sent to object: 'Object Repository/Page_login/txt_username'

2018-08-30 15:47:42 - [MESSAGE][PASSED] - Text of object 'Object Repository/Page_login/txt_password' is cleared

2018-08-30 15:47:42 - [MESSAGE][PASSED] - Keys '123456' sent to object: 'Object Repository/Page_login/txt_password'

2018-08-30 15:47:42 - [MESSAGE][PASSED] - Object: 'Object Repository/Page_login/btn_login' is clicked on

2018-08-30 15:47:43 - [MESSAGE][PASSED] - Wait for page load successfully

2018-08-30 15:47:43 - [MESSAGE][PASSED] - beautytap.GeneralAction.login is PASSED

2018-08-30 15:47:43 - [TEST_STEP][PASSED] - verifyElementPresent: Object 'Object Repository/Page_General/link_avatar' is present

2018-08-30 15:47:50 - [MESSAGE][PASSED] - Object 'Object Repository/Page_General/link_avatar' is present

2018-08-30 15:47:50 - [TEST_STEP][PASSED] - beautytap.GeneralAction.logout: beautytap.GeneralAction.logout is PASSED

2018-08-30 15:47:50 - [MESSAGE][PASSED] - Object: 'Object Repository/Page_General/link_avatar' is clicked on

2018-08-30 15:47:50 - [MESSAGE][PASSED] - Object 'Object Repository/Page_General/menu_logout' is present

2018-08-30 15:47:50 - [MESSAGE][PASSED] - Object: 'Object Repository/Page_General/menu_logout' is clicked on

2018-08-30 15:47:50 - [MESSAGE][PASSED] - Wait for page load successfully

2018-08-30 15:47:50 - [MESSAGE][PASSED] - beautytap.GeneralAction.logout is PASSED

2018-08-30 15:47:50 - [TEST_STEP][PASSED] - beautytap.GeneralAction.clickNavigationMenu: beautytap.GeneralAction.clickNavigationMenu is PASSED

2018-08-30 15:47:57 - [MESSAGE][PASSED] - Object: 'Object Repository/Page_General/link_login' is clicked on

2018-08-30 15:47:57 - [MESSAGE][PASSED] - Wait for page load successfully

2018-08-30 15:47:57 - [MESSAGE][PASSED] - beautytap.GeneralAction.clickNavigationMenu is PASSED

2018-08-30 15:47:57 - [TEST_STEP][PASSED] - click: Object: 'Object Repository/Page_Login/link_forgotPassword' is clicked on

2018-08-30 15:48:00 - [MESSAGE][PASSED] - Object: 'Object Repository/Page_Login/link_forgotPassword' is clicked on

2018-08-30 15:48:00 - [TEST_STEP][PASSED] - sendKeys: Keys 'auto843602' sent to object: 'Object Repository/Page_ForgotPassword/txt_usernameOrEmail'

2018-08-30 15:48:00 - [MESSAGE][PASSED] - Keys 'auto843602' sent to object: 'Object Repository/Page_ForgotPassword/txt_usernameOrEmail'

2018-08-30 15:48:00 - [TEST_STEP][PASSED] - click: Object: 'Object Repository/Page_ForgotPassword/btn_forgotPassword' is clicked on

2018-08-30 15:48:01 - [MESSAGE][PASSED] - Object: 'Object Repository/Page_ForgotPassword/btn_forgotPassword' is clicked on

2018-08-30 15:48:01 - [TEST_STEP][PASSED] - verifyElementPresent: Object 'Object Repository/Page_ForgotPassword/lbl_sucessMessage' is present

2018-08-30 15:48:04 - [MESSAGE][PASSED] - Object 'Object Repository/Page_ForgotPassword/lbl_sucessMessage' is present

2018-08-30 15:48:04 - [TEST_STEP][PASSED] - beautytap.GeneralAction.openMailBox: beautytap.GeneralAction.openMailBox is PASSED

2018-08-30 15:48:05 - [MESSAGE][PASSED] - Navigate to 'https://www.mailinator.com' successfully

2018-08-30 15:48:05 - [MESSAGE][PASSED] - Wait for page load successfully

2018-08-30 15:48:05 - [MESSAGE][PASSED] - Keys 'auto843602' sent to object: 'Object Repository/Page_mailinator/txt_email'

2018-08-30 15:48:07 - [MESSAGE][PASSED] - Object: 'Object Repository/Page_mailinator/btn_go' is clicked on

2018-08-30 15:48:07 - [MESSAGE][PASSED] - Wait for page load successfully

2018-08-30 15:48:12 - [MESSAGE][PASSED] - Delayed 5 second(s)

2018-08-30 15:48:12 - [MESSAGE][PASSED] - Object: '' is clicked on

2018-08-30 15:48:12 - [MESSAGE][PASSED] - beautytap.GeneralAction.openMailBox is PASSED

2018-08-30 15:48:12 - [TEST_STEP][PASSED] - beautytap.GeneralAction.verifyEmailExist: beautytap.GeneralAction.verifyEmailExist is PASSED

2018-08-30 15:48:13 - [MESSAGE][PASSED] - Object '' is present

2018-08-30 15:48:13 - [MESSAGE][PASSED] - beautytap.GeneralAction.verifyEmailExist is PASSED

2018-08-30 15:48:13 - [TEST_STEP][PASSED] - beautytap.GeneralAction.openEmail: beautytap.GeneralAction.openEmail is PASSED

2018-08-30 15:48:13 - [MESSAGE][PASSED] - Object: '' is clicked on

2018-08-30 15:48:13 - [MESSAGE][PASSED] - beautytap.GeneralAction.openEmail is PASSED

2018-08-30 15:48:13 - [TEST_STEP][PASSED] - beautytap.GeneralAction.clickEmailLink: beautytap.GeneralAction.clickEmailLink is PASSED

2018-08-30 15:48:13 - [MESSAGE][PASSED] - Text of object '' is: 'https://stage.beautytap.com/wp-login.php?action=rp&key=EAVkboWKTUM62uKLMi1P&login=auto843602'

2018-08-30 15:48:16 - [MESSAGE][PASSED] - Navigate to 'https://stage.beautytap.com/wp-login.php?action=rp&key=EAVkboWKTUM62uKLMi1P&login=auto843602' successfully

2018-08-30 15:48:16 - [MESSAGE][PASSED] - beautytap.GeneralAction.clickEmailLink is PASSED

2018-08-30 15:48:16 - [TEST_STEP][PASSED] - delay: Delayed 20 second(s)

2018-08-30 15:48:36 - [MESSAGE][PASSED] - Delayed 20 second(s)

2018-08-30 15:48:36 - [TEST_STEP][PASSED] - clearText: Text of object 'Object Repository/Page_ForgotPassword/txt_newPassword' is cleared

2018-08-30 15:48:37 - [MESSAGE][PASSED] - Text of object 'Object Repository/Page_ForgotPassword/txt_newPassword' is cleared

2018-08-30 15:48:37 - [TEST_STEP][PASSED] - sendKeys: Keys 'test123' sent to object: 'Object Repository/Page_ForgotPassword/txt_newPassword'

2018-08-30 15:48:37 - [MESSAGE][PASSED] - Keys 'test123' sent to object: 'Object Repository/Page_ForgotPassword/txt_newPassword'

2018-08-30 15:48:37 - [TEST_STEP][PASSED] - click: Object: 'Object Repository/Page_ForgotPassword/btn_resetPassword' is clicked on

2018-08-30 15:48:42 - [MESSAGE][PASSED] - Object: 'Object Repository/Page_ForgotPassword/btn_resetPassword' is clicked on

2018-08-30 15:48:42 - [TEST_STEP][PASSED] - verifyElementPresent: Object 'Object Repository/Page_ForgotPassword/lbl_resetPasswordMessage' is present

2018-08-30 15:48:42 - [MESSAGE][PASSED] - Object 'Object Repository/Page_ForgotPassword/lbl_resetPasswordMessage' is present

2018-08-30 15:48:42 - [TEST_STEP][PASSED] - beautytap.GeneralAction.clickNavigationMenu: beautytap.GeneralAction.clickNavigationMenu is PASSED

2018-08-30 15:48:46 - [MESSAGE][PASSED] - Object: 'Object Repository/Page_General/link_login' is clicked on

2018-08-30 15:48:46 - [MESSAGE][PASSED] - Wait for page load successfully

2018-08-30 15:48:46 - [MESSAGE][PASSED] - beautytap.GeneralAction.clickNavigationMenu is PASSED

2018-08-30 15:48:46 - [TEST_STEP][PASSED] - beautytap.GeneralAction.login: beautytap.GeneralAction.login is PASSED

2018-08-30 15:48:46 - [MESSAGE][PASSED] - Text of object 'Object Repository/Page_login/txt_username' is cleared

2018-08-30 15:48:46 - [MESSAGE][PASSED] - Keys 'auto843602' sent to object: 'Object Repository/Page_login/txt_username'

2018-08-30 15:48:46 - [MESSAGE][PASSED] - Text of object 'Object Repository/Page_login/txt_password' is cleared

2018-08-30 15:48:47 - [MESSAGE][PASSED] - Keys '123456' sent to object: 'Object Repository/Page_login/txt_password'

2018-08-30 15:48:47 - [MESSAGE][PASSED] - Object: 'Object Repository/Page_login/btn_login' is clicked on

2018-08-30 15:48:47 - [MESSAGE][PASSED] - Wait for page load successfully

2018-08-30 15:48:47 - [MESSAGE][PASSED] - beautytap.GeneralAction.login is PASSED

2018-08-30 15:48:47 - [TEST_STEP][PASSED] - verifyElementText: Actual text and expected text of test object 'Object Repository/Page_Login/lbl_errorMessage' are matched.

2018-08-30 15:48:47 - [MESSAGE][PASSED] - Actual text and expected text of test object 'Object Repository/Page_Login/lbl_errorMessage' are matched.

2018-08-30 15:48:47 - [TEST_STEP][PASSED] - beautytap.GeneralAction.login: beautytap.GeneralAction.login is PASSED

2018-08-30 15:48:47 - [MESSAGE][PASSED] - Text of object 'Object Repository/Page_login/txt_username' is cleared

2018-08-30 15:48:48 - [MESSAGE][PASSED] - Keys 'auto843602' sent to object: 'Object Repository/Page_login/txt_username'

2018-08-30 15:48:48 - [MESSAGE][PASSED] - Text of object 'Object Repository/Page_login/txt_password' is cleared

2018-08-30 15:48:48 - [MESSAGE][PASSED] - Keys 'test123' sent to object: 'Object Repository/Page_login/txt_password'

2018-08-30 15:48:48 - [MESSAGE][PASSED] - Object: 'Object Repository/Page_login/btn_login' is clicked on

2018-08-30 15:48:48 - [MESSAGE][PASSED] - Wait for page load successfully

2018-08-30 15:48:48 - [MESSAGE][PASSED] - beautytap.GeneralAction.login is PASSED

2018-08-30 15:48:48 - [TEST_STEP][PASSED] - verifyElementPresent: Object 'Object Repository/Page_General/link_avatar' is present

2018-08-30 15:48:56 - [MESSAGE][PASSED] - Object 'Object Repository/Page_General/link_avatar' is present

2018-08-30 15:48:56 - [TEST_STEP][PASSED] - beautytap.GeneralAction.logout: beautytap.GeneralAction.logout is PASSED

2018-08-30 15:48:56 - [MESSAGE][PASSED] - Object: 'Object Repository/Page_General/link_avatar' is clicked on

2018-08-30 15:48:56 - [MESSAGE][PASSED] - Object 'Object Repository/Page_General/menu_logout' is present

2018-08-30 15:48:56 - [MESSAGE][PASSED] - Object: 'Object Repository/Page_General/menu_logout' is clicked on

2018-08-30 15:48:56 - [MESSAGE][PASSED] - Wait for page load successfully

2018-08-30 15:48:56 - [MESSAGE][PASSED] - beautytap.GeneralAction.logout is PASSED

2018-08-30 15:48:56 - [TEST_STEP][PASSED] - beautytap.GeneralAction.clickNavigationMenu: beautytap.GeneralAction.clickNavigationMenu is PASSED

2018-08-30 15:49:03 - [MESSAGE][PASSED] - Object: 'Object Repository/Page_General/link_login' is clicked on

2018-08-30 15:49:03 - [MESSAGE][PASSED] - Wait for page load successfully

2018-08-30 15:49:03 - [MESSAGE][PASSED] - beautytap.GeneralAction.clickNavigationMenu is PASSED

2018-08-30 15:49:03 - [TEST_STEP][PASSED] - beautytap.GeneralAction.login: beautytap.GeneralAction.login is PASSED

2018-08-30 15:49:03 - [MESSAGE][PASSED] - Text of object 'Object Repository/Page_login/txt_username' is cleared

2018-08-30 15:49:03 - [MESSAGE][PASSED] - Keys 'auto843602@mailinator.com' sent to object: 'Object Repository/Page_login/txt_username'

2018-08-30 15:49:03 - [MESSAGE][PASSED] - Text of object 'Object Repository/Page_login/txt_password' is cleared

2018-08-30 15:49:04 - [MESSAGE][PASSED] - Keys 'test123' sent to object: 'Object Repository/Page_login/txt_password'

2018-08-30 15:49:04 - [MESSAGE][PASSED] - Object: 'Object Repository/Page_login/btn_login' is clicked on

2018-08-30 15:49:04 - [MESSAGE][PASSED] - Wait for page load successfully

2018-08-30 15:49:04 - [MESSAGE][PASSED] - beautytap.GeneralAction.login is PASSED

2018-08-30 15:49:04 - [TEST_STEP][PASSED] - verifyElementPresent: Object 'Object Repository/Page_General/link_avatar' is present

2018-08-30 15:49:12 - [MESSAGE][PASSED] - Object 'Object Repository/Page_General/link_avatar' is present

2018-08-30 15:49:12 - [TEST_STEP][PASSED] - beautytap.GeneralAction.logout: beautytap.GeneralAction.logout is PASSED

2018-08-30 15:49:12 - [MESSAGE][PASSED] - Object: 'Object Repository/Page_General/link_avatar' is clicked on

2018-08-30 15:49:12 - [MESSAGE][PASSED] - Object 'Object Repository/Page_General/menu_logout' is present

2018-08-30 15:49:12 - [MESSAGE][PASSED] - Object: 'Object Repository/Page_General/menu_logout' is clicked on

2018-08-30 15:49:12 - [MESSAGE][PASSED] - Wait for page load successfully

2018-08-30 15:49:13 - [MESSAGE][PASSED] - Browser is closed

2018-08-30 15:49:13 - [MESSAGE][PASSED] - beautytap.GeneralAction.logout is PASSED]]></system-out>
         <system-err><![CDATA[]]></system-err>
      </testcase>
      <testcase name="Test Cases/SignUp_Login_ResetPass/TC02_SignUp_Login_ViaFacebookEmail_NewUser_OldUser" classname="Test Cases/SignUp_Login_ResetPass/TC02_SignUp_Login_ViaFacebookEmail_NewUser_OldUser" status="PASSED">
         <system-out><![CDATA[2018-08-30 15:49:13 - [TEST_CASE][PASSED] - Test Cases/SignUp_Login_ResetPass/TC02_SignUp_Login_ViaFacebookEmail_NewUser_OldUser: Test Cases/SignUp_Login_ResetPass/TC02_SignUp_Login_ViaFacebookEmail_NewUser_OldUser

2018-08-30 15:49:13 - [TEST_STEP][PASSED] - beautytap.AdminAction.deleteUser: beautytap.AdminAction.deleteUser is PASSED

2018-08-30 15:49:20 - [MESSAGE][PASSED] - Browser is opened with url: 'https://stage.beautytap.com/login'

2018-08-30 15:49:21 - [MESSAGE][PASSED] - Current window maximized

2018-08-30 15:49:21 - [MESSAGE][PASSED] - Text of object 'Object Repository/Page_login/txt_username' is cleared

2018-08-30 15:49:21 - [MESSAGE][PASSED] - Keys 'mrwhite' sent to object: 'Object Repository/Page_login/txt_username'

2018-08-30 15:49:21 - [MESSAGE][PASSED] - Text of object 'Object Repository/Page_login/txt_password' is cleared

2018-08-30 15:49:21 - [MESSAGE][PASSED] - Keys 'kgySM$Im' sent to object: 'Object Repository/Page_login/txt_password'

2018-08-30 15:49:21 - [MESSAGE][PASSED] - Object: 'Object Repository/Page_login/btn_login' is clicked on

2018-08-30 15:49:21 - [MESSAGE][PASSED] - Wait for page load successfully

2018-08-30 15:49:21 - [MESSAGE][PASSED] - Wait for page load successfully

2018-08-30 15:49:28 - [MESSAGE][PASSED] - Navigate to 'https://stage.beautytap.com/admin' successfully

2018-08-30 15:49:28 - [MESSAGE][PASSED] - Wait for page load successfully

2018-08-30 15:49:34 - [MESSAGE][PASSED] - Object: 'Object Repository/Page_Admin/menu_users' is clicked on

2018-08-30 15:49:34 - [MESSAGE][PASSED] - Wait for page load successfully

2018-08-30 15:49:34 - [MESSAGE][PASSED] - Text of object 'Object Repository/Page_Admin/txt_searchBox' is cleared

2018-08-30 15:49:34 - [MESSAGE][PASSED] - Keys 'g5.posiba@gmail.com' sent to object: 'Object Repository/Page_Admin/txt_searchBox'

2018-08-30 15:49:37 - [MESSAGE][PASSED] - Object: 'Object Repository/Page_Admin/btn_searchUser' is clicked on

2018-08-30 15:49:37 - [MESSAGE][PASSED] - Wait for page load successfully

2018-08-30 15:49:37 - [MESSAGE][PASSED] - Text of object '' is: 'g5.posiba@gmail.com'

2018-08-30 15:49:37 - [MESSAGE][PASSED] - Attribute 'id' of object '' is: 'user-64379'

2018-08-30 15:49:37 - [MESSAGE][PASSED] - Object: '' is hovered

2018-08-30 15:49:42 - [MESSAGE][PASSED] - Delayed 5 second(s)

2018-08-30 15:49:42 - [MESSAGE][PASSED] - Object: '' is clicked on

2018-08-30 15:49:42 - [MESSAGE][PASSED] - Alert accepted

2018-08-30 15:49:43 - [MESSAGE][PASSED] - Wait for page load successfully

2018-08-30 15:49:48 - [MESSAGE][PASSED] - Object: 'Object Repository/Page_Admin/btn_confirmDeleteUser' is clicked on

2018-08-30 15:49:49 - [MESSAGE][PASSED] - Wait for page load successfully

2018-08-30 15:49:49 - [MESSAGE][PASSED] - Browser is closed

2018-08-30 15:49:49 - [MESSAGE][PASSED] - beautytap.AdminAction.deleteUser is PASSED

2018-08-30 15:49:49 - [TEST_STEP][PASSED] - beautytap.GeneralAction.openBeautytap: beautytap.GeneralAction.openBeautytap is PASSED

2018-08-30 15:50:06 - [MESSAGE][PASSED] - Browser is opened with url: 'https://stage.beautytap.com'

2018-08-30 15:50:07 - [MESSAGE][PASSED] - Current window maximized

2018-08-30 15:50:10 - [MESSAGE][PASSED] - Refresh successfully

2018-08-30 15:50:10 - [MESSAGE][PASSED] - Wait for page load successfully

2018-08-30 15:50:10 - [MESSAGE][PASSED] - beautytap.GeneralAction.openBeautytap is PASSED

2018-08-30 15:50:10 - [TEST_STEP][PASSED] - beautytap.GeneralAction.clickNavigationMenu: beautytap.GeneralAction.clickNavigationMenu is PASSED

2018-08-30 15:50:13 - [MESSAGE][PASSED] - Object: 'Object Repository/Page_General/link_signup' is clicked on

2018-08-30 15:50:13 - [MESSAGE][PASSED] - Wait for page load successfully

2018-08-30 15:50:13 - [MESSAGE][PASSED] - beautytap.GeneralAction.clickNavigationMenu is PASSED

2018-08-30 15:50:13 - [TEST_STEP][PASSED] - beautytap.GeneralAction.signupViaFacebook: beautytap.GeneralAction.signupViaFacebook is PASSED

2018-08-30 15:50:13 - [MESSAGE][PASSED] - Object: 'Object Repository/Page_Signup/btn_signupFB' is clicked on

2018-08-30 15:50:13 - [MESSAGE][PASSED] - Switched to window with index: '1'

2018-08-30 15:50:15 - [MESSAGE][PASSED] - Keys 'g5.posiba@gmail.com' sent to object: 'Object Repository/Popup_FacebookLogin/txt_email'

2018-08-30 15:50:15 - [MESSAGE][PASSED] - Keys 'posiba123' sent to object: 'Object Repository/Popup_FacebookLogin/txt_password'

2018-08-30 15:50:17 - [MESSAGE][PASSED] - Object: 'Object Repository/Popup_FacebookLogin/btn_login' is clicked on

2018-08-30 15:50:19 - [MESSAGE][WARNING] - Cannot take screenshot

2018-08-30 15:50:19 - [MESSAGE][FAILED] - Unable to get text of object 'Object Repository/Popup_FacebookLogin/btn_confirmPermission' (Root cause: org.openqa.selenium.NoSuchWindowException: no such window: window was already closed
  (Session info: chrome=68.0.3440.106)
  (Driver info: chromedriver=2.35.528161 (5b82f2d2aae0ca24b877009200ced9065a772e73),platform=Windows NT 10.0.17134 x86_64) (WARNING: The server did not provide any stacktrace information)
Command duration or timeout: 0 milliseconds
Build info: version: '3.7.1', revision: '8a0099a', time: '2017-11-06T21:07:36.161Z'
System info: host: 'DESKTOP-G1UHP65', ip: '10.0.0.151', os.name: 'Windows 10', os.arch: 'amd64', os.version: '10.0', java.version: '1.8.0_102'
Driver info: com.kms.katalon.selenium.driver.CChromeDriver
Capabilities {acceptInsecureCerts: false, acceptSslCerts: false, applicationCacheEnabled: false, browserConnectionEnabled: false, browserName: chrome, chrome: {chromedriverVersion: 2.35.528161 (5b82f2d2aae0ca..., userDataDir: C:\Users\TRANGN~1\AppData\L...}, cssSelectorsEnabled: true, databaseEnabled: false, handlesAlerts: true, hasTouchScreen: false, javascriptEnabled: true, locationContextEnabled: true, mobileEmulationEnabled: false, nativeEvents: true, networkConnectionEnabled: false, pageLoadStrategy: normal, platform: XP, platformName: XP, rotatable: false, setWindowRect: true, takesHeapSnapshot: true, takesScreenshot: true, unexpectedAlertBehaviour: , unhandledPromptBehavior: , version: 68.0.3440.106, webStorageEnabled: true}
Session ID: 9a29bd514969ce0bf52ec39ccaa9812c
*** Element info: {Using=xpath, value=//button[contains(@class,'layerConfirm') and contains(@name,'CONFIRM')]})

2018-08-30 15:50:19 - [MESSAGE][PASSED] - Switched to window with index: '0'

2018-08-30 15:50:34 - [MESSAGE][PASSED] - Delayed 15 second(s)

2018-08-30 15:50:40 - [MESSAGE][PASSED] - Wait for page load successfully

2018-08-30 15:50:40 - [MESSAGE][PASSED] - beautytap.GeneralAction.signupViaFacebook is PASSED

2018-08-30 15:50:40 - [TEST_STEP][PASSED] - verifyElementPresent: Object 'Object Repository/Page_General/link_avatar' is present

2018-08-30 15:50:40 - [MESSAGE][PASSED] - Object 'Object Repository/Page_General/link_avatar' is present

2018-08-30 15:50:40 - [TEST_STEP][PASSED] - beautytap.GeneralAction.logout: beautytap.GeneralAction.logout is PASSED

2018-08-30 15:50:40 - [MESSAGE][PASSED] - Object: 'Object Repository/Page_General/link_avatar' is clicked on

2018-08-30 15:50:40 - [MESSAGE][PASSED] - Object 'Object Repository/Page_General/menu_logout' is present

2018-08-30 15:50:40 - [MESSAGE][PASSED] - Object: 'Object Repository/Page_General/menu_logout' is clicked on

2018-08-30 15:50:40 - [MESSAGE][PASSED] - Wait for page load successfully

2018-08-30 15:50:41 - [MESSAGE][PASSED] - Browser is closed

2018-08-30 15:50:41 - [MESSAGE][PASSED] - beautytap.GeneralAction.logout is PASSED

2018-08-30 15:50:41 - [TEST_STEP][PASSED] - beautytap.AdminAction.deleteUser: beautytap.AdminAction.deleteUser is PASSED

2018-08-30 15:50:48 - [MESSAGE][PASSED] - Browser is opened with url: 'https://stage.beautytap.com/login'

2018-08-30 15:50:49 - [MESSAGE][PASSED] - Current window maximized

2018-08-30 15:50:49 - [MESSAGE][PASSED] - Text of object 'Object Repository/Page_login/txt_username' is cleared

2018-08-30 15:50:49 - [MESSAGE][PASSED] - Keys 'mrwhite' sent to object: 'Object Repository/Page_login/txt_username'

2018-08-30 15:50:50 - [MESSAGE][PASSED] - Text of object 'Object Repository/Page_login/txt_password' is cleared

2018-08-30 15:50:50 - [MESSAGE][PASSED] - Keys 'kgySM$Im' sent to object: 'Object Repository/Page_login/txt_password'

2018-08-30 15:50:50 - [MESSAGE][PASSED] - Object: 'Object Repository/Page_login/btn_login' is clicked on

2018-08-30 15:50:50 - [MESSAGE][PASSED] - Wait for page load successfully

2018-08-30 15:50:50 - [MESSAGE][PASSED] - Wait for page load successfully

2018-08-30 15:50:58 - [MESSAGE][PASSED] - Navigate to 'https://stage.beautytap.com/admin' successfully

2018-08-30 15:50:58 - [MESSAGE][PASSED] - Wait for page load successfully

2018-08-30 15:51:04 - [MESSAGE][PASSED] - Object: 'Object Repository/Page_Admin/menu_users' is clicked on

2018-08-30 15:51:04 - [MESSAGE][PASSED] - Wait for page load successfully

2018-08-30 15:51:04 - [MESSAGE][PASSED] - Text of object 'Object Repository/Page_Admin/txt_searchBox' is cleared

2018-08-30 15:51:05 - [MESSAGE][PASSED] - Keys 'g5.posiba@gmail.com' sent to object: 'Object Repository/Page_Admin/txt_searchBox'

2018-08-30 15:51:10 - [MESSAGE][PASSED] - Object: 'Object Repository/Page_Admin/btn_searchUser' is clicked on

2018-08-30 15:51:10 - [MESSAGE][PASSED] - Wait for page load successfully

2018-08-30 15:51:10 - [MESSAGE][PASSED] - Text of object '' is: 'g5.posiba@gmail.com'

2018-08-30 15:51:10 - [MESSAGE][PASSED] - Attribute 'id' of object '' is: 'user-64381'

2018-08-30 15:51:10 - [MESSAGE][PASSED] - Object: '' is hovered

2018-08-30 15:51:15 - [MESSAGE][PASSED] - Delayed 5 second(s)

2018-08-30 15:51:16 - [MESSAGE][PASSED] - Object: '' is clicked on

2018-08-30 15:51:16 - [MESSAGE][PASSED] - Alert accepted

2018-08-30 15:51:16 - [MESSAGE][PASSED] - Wait for page load successfully

2018-08-30 15:51:48 - [MESSAGE][FAILED] - Unable to click on object 'Object Repository/Page_Admin/btn_confirmDeleteUser' (Root cause: com.kms.katalon.core.webui.exception.WebElementNotFoundException: Web element with id: 'Object Repository/Page_Admin/btn_confirmDeleteUser' located by 'By.xpath: //input[@value='Confirm Deletion']' not found)
[[ATTACHMENT|E:\\BeautytapAutomation\\beautytapAuto\\Beautytap\\Reports\\TS1\\20180830_154619\\1535619107828.png]]

2018-08-30 15:51:48 - [MESSAGE][PASSED] - Browser is closed

2018-08-30 15:51:48 - [MESSAGE][PASSED] - beautytap.AdminAction.deleteUser is PASSED

2018-08-30 15:51:48 - [TEST_STEP][PASSED] - beautytap.GeneralAction.openBeautytap: beautytap.GeneralAction.openBeautytap is PASSED

2018-08-30 15:52:28 - [MESSAGE][PASSED] - Browser is opened with url: 'https://stage.beautytap.com'

2018-08-30 15:52:30 - [MESSAGE][PASSED] - Current window maximized

2018-08-30 15:52:53 - [MESSAGE][PASSED] - Refresh successfully

2018-08-30 15:52:53 - [MESSAGE][PASSED] - Wait for page load successfully

2018-08-30 15:52:53 - [MESSAGE][PASSED] - beautytap.GeneralAction.openBeautytap is PASSED

2018-08-30 15:52:53 - [TEST_STEP][PASSED] - beautytap.GeneralAction.clickNavigationMenu: beautytap.GeneralAction.clickNavigationMenu is PASSED

2018-08-30 15:53:14 - [MESSAGE][PASSED] - Object: 'Object Repository/Page_General/link_login' is clicked on

2018-08-30 15:53:14 - [MESSAGE][PASSED] - Wait for page load successfully

2018-08-30 15:53:14 - [MESSAGE][PASSED] - beautytap.GeneralAction.clickNavigationMenu is PASSED

2018-08-30 15:53:14 - [TEST_STEP][PASSED] - beautytap.GeneralAction.login: beautytap.GeneralAction.login is PASSED

2018-08-30 15:53:15 - [MESSAGE][PASSED] - Object: 'Object Repository/Page_Login/btn_loginFB' is clicked on

2018-08-30 15:53:15 - [MESSAGE][PASSED] - Switched to window with index: '1'

2018-08-30 15:53:26 - [MESSAGE][PASSED] - Object 'Object Repository/Popup_FacebookLogin/txt_email' is visible

2018-08-30 15:53:26 - [MESSAGE][PASSED] - Keys 'g5.posiba@gmail.com' sent to object: 'Object Repository/Popup_FacebookLogin/txt_email'

2018-08-30 15:53:26 - [MESSAGE][PASSED] - Keys 'posiba123' sent to object: 'Object Repository/Popup_FacebookLogin/txt_password'

2018-08-30 15:53:28 - [MESSAGE][PASSED] - Object: 'Object Repository/Popup_FacebookLogin/btn_login' is clicked on

2018-08-30 15:53:29 - [MESSAGE][PASSED] - Switched to window with index: '0'

2018-08-30 15:53:29 - [MESSAGE][PASSED] - Wait for page load successfully

2018-08-30 15:53:29 - [MESSAGE][PASSED] - beautytap.GeneralAction.login is PASSED

2018-08-30 15:53:29 - [TEST_STEP][PASSED] - verifyElementPresent: Object 'Object Repository/Page_General/link_avatar' is present

2018-08-30 15:53:44 - [MESSAGE][PASSED] - Object 'Object Repository/Page_General/link_avatar' is present

2018-08-30 15:53:44 - [TEST_STEP][PASSED] - beautytap.GeneralAction.logout: beautytap.GeneralAction.logout is PASSED

2018-08-30 15:53:45 - [MESSAGE][PASSED] - Object: 'Object Repository/Page_General/link_avatar' is clicked on

2018-08-30 15:53:45 - [MESSAGE][PASSED] - Object 'Object Repository/Page_General/menu_logout' is present

2018-08-30 15:53:45 - [MESSAGE][PASSED] - Object: 'Object Repository/Page_General/menu_logout' is clicked on

2018-08-30 15:53:45 - [MESSAGE][PASSED] - Wait for page load successfully

2018-08-30 15:53:46 - [MESSAGE][PASSED] - Browser is closed

2018-08-30 15:53:46 - [MESSAGE][PASSED] - beautytap.GeneralAction.logout is PASSED

2018-08-30 15:53:46 - [TEST_STEP][PASSED] - beautytap.GeneralAction.openBeautytap: beautytap.GeneralAction.openBeautytap is PASSED

2018-08-30 15:54:25 - [MESSAGE][PASSED] - Browser is opened with url: 'https://stage.beautytap.com'

2018-08-30 15:54:26 - [MESSAGE][PASSED] - Current window maximized

2018-08-30 15:54:32 - [MESSAGE][PASSED] - Refresh successfully

2018-08-30 15:54:32 - [MESSAGE][PASSED] - Wait for page load successfully

2018-08-30 15:54:32 - [MESSAGE][PASSED] - beautytap.GeneralAction.openBeautytap is PASSED

2018-08-30 15:54:32 - [TEST_STEP][PASSED] - beautytap.GeneralAction.clickNavigationMenu: beautytap.GeneralAction.clickNavigationMenu is PASSED

2018-08-30 15:54:35 - [MESSAGE][PASSED] - Object: 'Object Repository/Page_General/link_signup' is clicked on

2018-08-30 15:54:35 - [MESSAGE][PASSED] - Wait for page load successfully

2018-08-30 15:54:35 - [MESSAGE][PASSED] - beautytap.GeneralAction.clickNavigationMenu is PASSED

2018-08-30 15:54:35 - [TEST_STEP][PASSED] - beautytap.GeneralAction.signupViaFacebook: beautytap.GeneralAction.signupViaFacebook is PASSED

2018-08-30 15:54:36 - [MESSAGE][PASSED] - Object: 'Object Repository/Page_Signup/btn_signupFB' is clicked on

2018-08-30 15:54:36 - [MESSAGE][PASSED] - Switched to window with index: '1'

2018-08-30 15:54:40 - [MESSAGE][PASSED] - Keys 'g5.posiba@gmail.com' sent to object: 'Object Repository/Popup_FacebookLogin/txt_email'

2018-08-30 15:54:40 - [MESSAGE][PASSED] - Keys 'posiba123' sent to object: 'Object Repository/Popup_FacebookLogin/txt_password'

2018-08-30 15:54:42 - [MESSAGE][PASSED] - Object: 'Object Repository/Popup_FacebookLogin/btn_login' is clicked on

2018-08-30 15:54:44 - [MESSAGE][WARNING] - Cannot take screenshot

2018-08-30 15:54:44 - [MESSAGE][FAILED] - Unable to get text of object 'Object Repository/Popup_FacebookLogin/btn_confirmPermission' (Root cause: org.openqa.selenium.NoSuchWindowException: no such window: window was already closed
  (Session info: chrome=68.0.3440.106)
  (Driver info: chromedriver=2.35.528161 (5b82f2d2aae0ca24b877009200ced9065a772e73),platform=Windows NT 10.0.17134 x86_64) (WARNING: The server did not provide any stacktrace information)
Command duration or timeout: 0 milliseconds
Build info: version: '3.7.1', revision: '8a0099a', time: '2017-11-06T21:07:36.161Z'
System info: host: 'DESKTOP-G1UHP65', ip: '10.0.0.151', os.name: 'Windows 10', os.arch: 'amd64', os.version: '10.0', java.version: '1.8.0_102'
Driver info: com.kms.katalon.selenium.driver.CChromeDriver
Capabilities {acceptInsecureCerts: false, acceptSslCerts: false, applicationCacheEnabled: false, browserConnectionEnabled: false, browserName: chrome, chrome: {chromedriverVersion: 2.35.528161 (5b82f2d2aae0ca..., userDataDir: C:\Users\TRANGN~1\AppData\L...}, cssSelectorsEnabled: true, databaseEnabled: false, handlesAlerts: true, hasTouchScreen: false, javascriptEnabled: true, locationContextEnabled: true, mobileEmulationEnabled: false, nativeEvents: true, networkConnectionEnabled: false, pageLoadStrategy: normal, platform: XP, platformName: XP, rotatable: false, setWindowRect: true, takesHeapSnapshot: true, takesScreenshot: true, unexpectedAlertBehaviour: , unhandledPromptBehavior: , version: 68.0.3440.106, webStorageEnabled: true}
Session ID: 265908fdb120b9e368df0396cb51352b
*** Element info: {Using=xpath, value=//button[contains(@class,'layerConfirm') and contains(@name,'CONFIRM')]})

2018-08-30 15:54:44 - [MESSAGE][PASSED] - Switched to window with index: '0'

2018-08-30 15:54:59 - [MESSAGE][PASSED] - Delayed 15 second(s)

2018-08-30 15:54:59 - [MESSAGE][PASSED] - Wait for page load successfully

2018-08-30 15:54:59 - [MESSAGE][PASSED] - beautytap.GeneralAction.signupViaFacebook is PASSED

2018-08-30 15:54:59 - [TEST_STEP][PASSED] - verifyElementPresent: Object 'Object Repository/Page_General/link_avatar' is present

2018-08-30 15:54:59 - [MESSAGE][PASSED] - Object 'Object Repository/Page_General/link_avatar' is present

2018-08-30 15:54:59 - [TEST_STEP][PASSED] - beautytap.GeneralAction.logout: beautytap.GeneralAction.logout is PASSED

2018-08-30 15:54:59 - [MESSAGE][PASSED] - Object: 'Object Repository/Page_General/link_avatar' is clicked on

2018-08-30 15:54:59 - [MESSAGE][PASSED] - Object 'Object Repository/Page_General/menu_logout' is present

2018-08-30 15:54:59 - [MESSAGE][PASSED] - Object: 'Object Repository/Page_General/menu_logout' is clicked on

2018-08-30 15:54:59 - [MESSAGE][PASSED] - Wait for page load successfully

2018-08-30 15:55:00 - [MESSAGE][PASSED] - Browser is closed

2018-08-30 15:55:00 - [MESSAGE][PASSED] - beautytap.GeneralAction.logout is PASSED

2018-08-30 15:55:00 - [TEST_STEP][PASSED] - beautytap.GeneralAction.openBeautytap: beautytap.GeneralAction.openBeautytap is PASSED

2018-08-30 15:55:24 - [MESSAGE][PASSED] - Browser is opened with url: 'https://stage.beautytap.com'

2018-08-30 15:55:26 - [MESSAGE][PASSED] - Current window maximized

2018-08-30 15:55:30 - [MESSAGE][PASSED] - Refresh successfully

2018-08-30 15:55:30 - [MESSAGE][PASSED] - Wait for page load successfully

2018-08-30 15:55:30 - [MESSAGE][PASSED] - beautytap.GeneralAction.openBeautytap is PASSED

2018-08-30 15:55:30 - [TEST_STEP][PASSED] - beautytap.GeneralAction.clickNavigationMenu: beautytap.GeneralAction.clickNavigationMenu is PASSED

2018-08-30 15:55:33 - [MESSAGE][PASSED] - Object: 'Object Repository/Page_General/link_login' is clicked on

2018-08-30 15:55:33 - [MESSAGE][PASSED] - Wait for page load successfully

2018-08-30 15:55:33 - [MESSAGE][PASSED] - beautytap.GeneralAction.clickNavigationMenu is PASSED

2018-08-30 15:55:33 - [TEST_STEP][PASSED] - beautytap.GeneralAction.login: beautytap.GeneralAction.login is PASSED

2018-08-30 15:55:34 - [MESSAGE][PASSED] - Object: 'Object Repository/Page_Login/btn_loginFB' is clicked on

2018-08-30 15:55:34 - [MESSAGE][PASSED] - Switched to window with index: '1'

2018-08-30 15:55:38 - [MESSAGE][PASSED] - Object 'Object Repository/Popup_FacebookLogin/txt_email' is visible

2018-08-30 15:55:38 - [MESSAGE][PASSED] - Keys 'g5.posiba@gmail.com' sent to object: 'Object Repository/Popup_FacebookLogin/txt_email'

2018-08-30 15:55:38 - [MESSAGE][PASSED] - Keys 'posiba123' sent to object: 'Object Repository/Popup_FacebookLogin/txt_password'

2018-08-30 15:55:40 - [MESSAGE][PASSED] - Object: 'Object Repository/Popup_FacebookLogin/btn_login' is clicked on

2018-08-30 15:55:40 - [MESSAGE][PASSED] - Switched to window with index: '0'

2018-08-30 15:55:40 - [MESSAGE][PASSED] - Wait for page load successfully

2018-08-30 15:55:40 - [MESSAGE][PASSED] - beautytap.GeneralAction.login is PASSED

2018-08-30 15:55:40 - [TEST_STEP][PASSED] - verifyElementPresent: Object 'Object Repository/Page_General/link_avatar' is present

2018-08-30 15:55:50 - [MESSAGE][PASSED] - Object 'Object Repository/Page_General/link_avatar' is present

2018-08-30 15:55:50 - [TEST_STEP][PASSED] - beautytap.GeneralAction.logout: beautytap.GeneralAction.logout is PASSED

2018-08-30 15:55:51 - [MESSAGE][PASSED] - Object: 'Object Repository/Page_General/link_avatar' is clicked on

2018-08-30 15:55:51 - [MESSAGE][PASSED] - Object 'Object Repository/Page_General/menu_logout' is present

2018-08-30 15:55:51 - [MESSAGE][PASSED] - Object: 'Object Repository/Page_General/menu_logout' is clicked on

2018-08-30 15:55:51 - [MESSAGE][PASSED] - Wait for page load successfully

2018-08-30 15:55:52 - [MESSAGE][PASSED] - Browser is closed

2018-08-30 15:55:52 - [MESSAGE][PASSED] - beautytap.GeneralAction.logout is PASSED]]></system-out>
         <system-err><![CDATA[]]></system-err>
      </testcase>
      <testcase name="Test Cases/Shop/TC03_Search_SimpleProduct_Sale_Creditcard_LessThan60_Normal" classname="Test Cases/Shop/TC03_Search_SimpleProduct_Sale_Creditcard_LessThan60_Normal" status="PASSED">
         <system-out><![CDATA[2018-08-30 15:55:52 - [TEST_CASE][PASSED] - Test Cases/Shop/TC03_Search_SimpleProduct_Sale_Creditcard_LessThan60_Normal: Test Cases/Shop/TC03_Search_SimpleProduct_Sale_Creditcard_LessThan60_Normal

2018-08-30 15:55:52 - [TEST_STEP][PASSED] - Statement - productName = SIMPLE_SALE_PRODUCT: null

2018-08-30 15:55:52 - [TEST_STEP][PASSED] - Statement - saleprice = SIMPLE_SALE_PRICE: null

2018-08-30 15:55:52 - [TEST_STEP][PASSED] - Statement - regularprice = SIMPLE_SALE_REGULAR_PRICE: null

2018-08-30 15:55:52 - [TEST_STEP][PASSED] - Statement - r_string = new java.lang.Math().random().toString().substring(2, 8): null

2018-08-30 15:55:52 - [TEST_STEP][PASSED] - Statement - email = "auto" + r_string + "@mailinator.com": null

2018-08-30 15:55:52 - [TEST_STEP][PASSED] - Statement - orderNote = "auto" + r_string + "Order": null

2018-08-30 15:55:52 - [TEST_STEP][PASSED] - Statement - currentNumberItemInCart = <not implemented yet for class: org.codehaus.groovy.ast.expr.EmptyExpression>: null

2018-08-30 15:55:52 - [TEST_STEP][PASSED] - Statement - quantity = 1: null

2018-08-30 15:55:52 - [TEST_STEP][PASSED] - Statement - subtotal = CustomKeywords.beautytap.ShopAction.calculateTotal(quantity, saleprice): beautytap.ShopAction.calculateTotal is PASSED

2018-08-30 15:55:52 - [MESSAGE][PASSED] - beautytap.ShopAction.calculateTotal is PASSED

2018-08-30 15:55:52 - [TEST_STEP][PASSED] - Statement - total = subtotal + SHIPPING_PRICE: null

2018-08-30 15:55:52 - [TEST_STEP][PASSED] - Statement - total = CustomKeywords.beautytap.ShopAction.calculateTotal(1, total): beautytap.ShopAction.calculateTotal is PASSED

2018-08-30 15:55:52 - [MESSAGE][PASSED] - beautytap.ShopAction.calculateTotal is PASSED

2018-08-30 15:55:52 - [TEST_STEP][PASSED] - Statement - products = new org.json.JSONArray((((((([{"productname":" + productName) + ","variation":"","quantity":") + quantity) + ","price":") + saleprice) + "}])): null

2018-08-30 15:55:52 - [TEST_STEP][PASSED] - Statement - billingInformation = new org.json.JSONObject((({"firstname":"Test","lastname":"Automation","country":"United States (US)","address":"123 Testing","city":"New York","state":"New York","zip":"90012","email":" + email) + "})): null

2018-08-30 15:55:52 - [TEST_STEP][PASSED] - Statement - shippingLabel = SHIPPING_LABEL: null

2018-08-30 15:55:52 - [TEST_STEP][PASSED] - Statement - shippingPrice = SHIPPING_PRICE: null

2018-08-30 15:55:52 - [TEST_STEP][PASSED] - Statement - shippingType = "normal": null

2018-08-30 15:55:52 - [TEST_STEP][PASSED] - Statement - paymentMethod = "Credit Card Payment": null

2018-08-30 15:55:52 - [TEST_STEP][PASSED] - beautytap.GeneralAction.openBeautytap: beautytap.GeneralAction.openBeautytap is PASSED

2018-08-30 15:56:11 - [MESSAGE][PASSED] - Browser is opened with url: 'https://stage.beautytap.com'

2018-08-30 15:56:12 - [MESSAGE][PASSED] - Current window maximized

2018-08-30 15:56:16 - [MESSAGE][PASSED] - Refresh successfully

2018-08-30 15:56:16 - [MESSAGE][PASSED] - Wait for page load successfully

2018-08-30 15:56:16 - [MESSAGE][PASSED] - beautytap.GeneralAction.openBeautytap is PASSED

2018-08-30 15:56:16 - [TEST_STEP][PASSED] - beautytap.ShopAction.globalSearch: beautytap.ShopAction.globalSearch is PASSED

2018-08-30 15:56:16 - [MESSAGE][PASSED] - Object: 'Object Repository/Page_General/icon_search' is clicked on

2018-08-30 15:56:21 - [MESSAGE][PASSED] - Delayed 5 second(s)

2018-08-30 15:56:22 - [MESSAGE][PASSED] - Text of object 'Object Repository/Page_General/txt_search' is cleared

2018-08-30 15:56:22 - [MESSAGE][PASSED] - Keys 'CONTROL + v' sent to object: 'Object Repository/Page_General/txt_search'

2018-08-30 15:56:24 - [MESSAGE][PASSED] - Object 'Object Repository/Page_General/div_searchResult' is present

2018-08-30 15:56:24 - [MESSAGE][PASSED] - beautytap.ShopAction.globalSearch is PASSED

2018-08-30 15:56:24 - [TEST_STEP][PASSED] - beautytap.ShopAction.VerifyProductOnSearchResult: Keyword VerifyProductOnSearchResult is Passed

2018-08-30 15:56:24 - [MESSAGE][PASSED] - Object '' is present

2018-08-30 15:56:24 - [MESSAGE][PASSED] - Text of object '' is: '$31.00'

2018-08-30 15:56:24 - [MESSAGE][PASSED] - Get CSS 'color' value on '' successfully: 'rgba(195, 195, 195, 1)'.

2018-08-30 15:56:24 - [MESSAGE][PASSED] - Get CSS 'color' value on '' successfully: 'rgba(195, 195, 195, 1)'.

2018-08-30 15:56:24 - [MESSAGE][PASSED] - Text of object '' is: '$28.25'

2018-08-30 15:56:24 - [MESSAGE][PASSED] - Get CSS 'color' value on '' successfully: 'rgba(255, 35, 134, 1)'.

2018-08-30 15:56:24 - [MESSAGE][PASSED] - Get CSS 'color' value on '' successfully: 'rgba(255, 35, 134, 1)'.

2018-08-30 15:56:24 - [MESSAGE][PASSED] - Keyword VerifyProductOnSearchResult is Passed

2018-08-30 15:56:24 - [TEST_STEP][PASSED] - beautytap.ShopAction.selectProductOnSearchResult: beautytap.ShopAction.selectProductOnSearchResult is PASSED

2018-08-30 15:56:30 - [MESSAGE][PASSED] - Object: '' is clicked on

2018-08-30 15:56:30 - [MESSAGE][PASSED] - Wait for page load successfully

2018-08-30 15:56:30 - [MESSAGE][PASSED] - beautytap.ShopAction.selectProductOnSearchResult is PASSED

2018-08-30 15:56:30 - [TEST_STEP][PASSED] - beautytap.ShopAction.VerifyProductDetails: Keyword VerifyProductDetails is Passed

2018-08-30 15:56:30 - [MESSAGE][PASSED] - Text of object '' is: 'Innisfree Black Green Tea Cream 60ml'

2018-08-30 15:56:30 - [MESSAGE][PASSED] - Text of object '' is: '$31.00'

2018-08-30 15:56:30 - [MESSAGE][PASSED] - Get CSS 'color' value on '' successfully: 'rgba(195, 195, 195, 1)'.

2018-08-30 15:56:30 - [MESSAGE][PASSED] - Text of object '' is: '$28.25'

2018-08-30 15:56:30 - [MESSAGE][PASSED] - Get CSS 'color' value on '' successfully: 'rgba(255, 35, 134, 1)'.

2018-08-30 15:56:30 - [MESSAGE][PASSED] - Keyword VerifyProductDetails is Passed

2018-08-30 15:56:30 - [TEST_STEP][PASSED] - Statement - currentNumberItemInCart = CustomKeywords.beautytap.ShopAction.getNumberItemInCart(): beautytap.ShopAction.getNumberItemInCart is PASSED

2018-08-30 15:57:02 - [MESSAGE][WARNING] - com.kms.katalon.core.webui.exception.WebElementNotFoundException: Web element with id: '' located by 'By.xpath: //div[@class='header-right-top pull-right']/a[@class='shop-cart']/span[@class='number-cart']' not found
[[ATTACHMENT|E:\\BeautytapAutomation\\beautytapAuto\\Beautytap\\Reports\\TS1\\20180830_154619\\1535619422123.png]]

2018-08-30 15:57:02 - [MESSAGE][PASSED] - beautytap.ShopAction.getNumberItemInCart is PASSED

2018-08-30 15:57:02 - [TEST_STEP][PASSED] - beautytap.ShopAction.addProductToCart: beautytap.ShopAction.addProductToCart is PASSED

2018-08-30 15:57:02 - [MESSAGE][PASSED] - Text of object 'Object Repository/Page_Shop/txt_quantity' is cleared

2018-08-30 15:57:02 - [MESSAGE][PASSED] - Keys '1' sent to object: 'Object Repository/Page_Shop/txt_quantity'

2018-08-30 15:57:02 - [MESSAGE][PASSED] - Object: 'Object Repository/Page_Shop/btn_addToCart' is clicked on

2018-08-30 15:57:02 - [MESSAGE][PASSED] - Wait for page load successfully

2018-08-30 15:57:09 - [MESSAGE][PASSED] - Object 'Object Repository/Page_Shop/lbl_message' is present

2018-08-30 15:57:09 - [MESSAGE][PASSED] - beautytap.ShopAction.addProductToCart is PASSED

2018-08-30 15:57:09 - [TEST_STEP][PASSED] - beautytap.ShopAction.VerifyNumberItemInCart: Keyword VerifyNumberItemInCart is Passed, Number item in cart is 1, expected is 1

2018-08-30 15:57:09 - [MESSAGE][PASSED] - Object '' is present

2018-08-30 15:57:09 - [MESSAGE][PASSED] - Text of object '' is: '1'

2018-08-30 15:57:09 - [MESSAGE][PASSED] - Keyword VerifyNumberItemInCart is Passed, Number item in cart is 1, expected is 1

2018-08-30 15:57:09 - [TEST_STEP][PASSED] - beautytap.ShopAction.VerifyProductIsAddedToCart: beautytap.ShopAction.VerifyProductIsAddedToCart is PASSED

2018-08-30 15:57:40 - [MESSAGE][WARNING] - com.kms.katalon.core.webui.exception.WebElementNotFoundException: Web element with id: '' located by 'By.xpath: //div[@class='woocommerce-message' and contains(text(),'Innisfree Black Green Tea Cream 60ml have been added to your cart.')]' not found
[[ATTACHMENT|E:\\BeautytapAutomation\\beautytapAuto\\Beautytap\\Reports\\TS1\\20180830_154619\\1535619460518.png]]

2018-08-30 15:57:40 - [MESSAGE][PASSED] - beautytap.ShopAction.VerifyProductIsAddedToCart is PASSED

2018-08-30 15:57:40 - [TEST_STEP][PASSED] - beautytap.ShopAction.goToCart: beautytap.ShopAction.goToCart is PASSED

2018-08-30 15:57:50 - [MESSAGE][PASSED] - Object: 'Object Repository/Page_General/icon_cart' is clicked on

2018-08-30 15:57:50 - [MESSAGE][PASSED] - Wait for page load successfully

2018-08-30 15:57:50 - [MESSAGE][PASSED] - beautytap.ShopAction.goToCart is PASSED

2018-08-30 15:57:50 - [TEST_STEP][PASSED] - beautytap.ShopAction.VerifyProductInCart: Keyword VerifyProductInCart is Passed

2018-08-30 15:57:50 - [MESSAGE][PASSED] - Object '' is present

2018-08-30 15:57:50 - [MESSAGE][PASSED] - Text of object '' is: '$28.25'

2018-08-30 15:57:50 - [MESSAGE][PASSED] - Attribute 'value' of object '' is: '1'

2018-08-30 15:57:50 - [MESSAGE][PASSED] - Text of object '' is: '$28.25'

2018-08-30 15:57:50 - [MESSAGE][PASSED] - Keyword VerifyProductInCart is Passed

2018-08-30 15:57:50 - [TEST_STEP][PASSED] - beautytap.ShopAction.processToCheckout: beautytap.ShopAction.processToCheckout is PASSED

2018-08-30 15:57:54 - [MESSAGE][PASSED] - Object: 'Object Repository/Page_Cart/btn_checkout' is clicked on

2018-08-30 15:57:54 - [MESSAGE][PASSED] - Wait for page load successfully

2018-08-30 15:57:54 - [MESSAGE][PASSED] - beautytap.ShopAction.processToCheckout is PASSED

2018-08-30 15:57:54 - [TEST_STEP][PASSED] - beautytap.ShopAction.fillCustomerInformation: beautytap.ShopAction.fillCustomerInformation is PASSED

2018-08-30 15:57:54 - [MESSAGE][PASSED] - Text of object 'Object Repository/Page_Checkout/txt_billingFirstName' is cleared

2018-08-30 15:57:54 - [MESSAGE][PASSED] - Keys 'Test' sent to object: 'Object Repository/Page_Checkout/txt_billingFirstName'

2018-08-30 15:57:54 - [MESSAGE][PASSED] - Text of object 'Object Repository/Page_Checkout/txt_billingLastName' is cleared

2018-08-30 15:57:55 - [MESSAGE][PASSED] - Keys 'Automation' sent to object: 'Object Repository/Page_Checkout/txt_billingLastName'

2018-08-30 15:57:55 - [MESSAGE][PASSED] - All options with label 'United States (US)' are selected in object 'Object Repository/Page_Checkout/drop_billingCountry' 

2018-08-30 15:58:00 - [MESSAGE][PASSED] - Delayed 5 second(s)

2018-08-30 15:58:00 - [MESSAGE][PASSED] - Text of object 'Object Repository/Page_Checkout/txt_billingAddress' is cleared

2018-08-30 15:58:00 - [MESSAGE][PASSED] - Keys '123 Testing' sent to object: 'Object Repository/Page_Checkout/txt_billingAddress'

2018-08-30 15:58:00 - [MESSAGE][PASSED] - Text of object 'Object Repository/Page_Checkout/txt_billingCity' is cleared

2018-08-30 15:58:01 - [MESSAGE][PASSED] - Keys 'New York' sent to object: 'Object Repository/Page_Checkout/txt_billingCity'

2018-08-30 15:58:01 - [MESSAGE][PASSED] - All options with label 'New York' are selected in object 'Object Repository/Page_Checkout/drop_billingState' 

2018-08-30 15:58:01 - [MESSAGE][PASSED] - Text of object 'Object Repository/Page_Checkout/txt_billingZip' is cleared

2018-08-30 15:58:01 - [MESSAGE][PASSED] - Keys '90012' sent to object: 'Object Repository/Page_Checkout/txt_billingZip'

2018-08-30 15:58:01 - [MESSAGE][PASSED] - Text of object 'Object Repository/Page_Checkout/txt_billingEmail' is cleared

2018-08-30 15:58:02 - [MESSAGE][PASSED] - Keys 'auto994472@mailinator.com' sent to object: 'Object Repository/Page_Checkout/txt_billingEmail'

2018-08-30 15:58:02 - [MESSAGE][PASSED] - Object 'Object Repository/Page_Checkout/chk_shipToDifferentAddress' is un-checked

2018-08-30 15:58:02 - [MESSAGE][PASSED] - Text of object 'Object Repository/Page_Checkout/txt_orderNote' is cleared

2018-08-30 15:58:02 - [MESSAGE][PASSED] - Keys 'auto994472Order' sent to object: 'Object Repository/Page_Checkout/txt_orderNote'

2018-08-30 15:58:02 - [MESSAGE][PASSED] - Object 'Object Repository/Page_Checkout/radio_creditCard' is checked

2018-08-30 15:58:07 - [MESSAGE][PASSED] - Delayed 5 second(s)

2018-08-30 15:58:07 - [MESSAGE][PASSED] - beautytap.ShopAction.fillCustomerInformation is PASSED

2018-08-30 15:58:07 - [TEST_STEP][PASSED] - beautytap.ShopAction.VerifyOrderDetailsOnCheckout: Keyword VerifyOrderDetailsOnCheckout is Passed

2018-08-30 15:58:07 - [MESSAGE][PASSED] - Object '' is present

2018-08-30 15:58:07 - [MESSAGE][PASSED] - Text of object '' is: '$28.25'

2018-08-30 15:58:08 - [MESSAGE][PASSED] - Object '' has attribute 'checked'

2018-08-30 15:58:08 - [MESSAGE][PASSED] - Text of object '' is: '($12.50) Pantos (est. 14-25 working days including processing): $12.50'

2018-08-30 15:58:08 - [MESSAGE][PASSED] - Text of object '' is: '$12.50'

2018-08-30 15:58:08 - [MESSAGE][PASSED] - Text of object '' is: '$40.75'

2018-08-30 15:58:08 - [MESSAGE][PASSED] - Keyword VerifyOrderDetailsOnCheckout is Passed

2018-08-30 15:58:08 - [TEST_STEP][PASSED] - beautytap.ShopAction.checkoutViaCreditCard: beautytap.ShopAction.checkoutViaCreditCard is PASSED

2018-08-30 15:58:08 - [MESSAGE][PASSED] - Object 'Object Repository/Page_Checkout/radio_creditCard' is checked

2018-08-30 15:58:18 - [MESSAGE][PASSED] - Delayed 10 second(s)

2018-08-30 15:58:18 - [MESSAGE][PASSED] - Text of object 'Object Repository/Page_Checkout/txt_cardNumber' is cleared

2018-08-30 15:58:19 - [MESSAGE][PASSED] - Keys '4032036248443549' sent to object: 'Object Repository/Page_Checkout/txt_cardNumber'

2018-08-30 15:58:19 - [MESSAGE][PASSED] - All options with label 'Visa' are selected in object 'Object Repository/Page_Checkout/drop_cardType' 

2018-08-30 15:58:19 - [MESSAGE][PASSED] - All options with label '07' are selected in object 'Object Repository/Page_Checkout/drop_expirationMonth' 

2018-08-30 15:58:19 - [MESSAGE][PASSED] - All options with label '2023' are selected in object 'Object Repository/Page_Checkout/drop_expirationYear' 

2018-08-30 15:58:19 - [MESSAGE][PASSED] - Text of object 'Object Repository/Page_Checkout/txt_cardCVV' is cleared

2018-08-30 15:58:19 - [MESSAGE][PASSED] - Keys '123' sent to object: 'Object Repository/Page_Checkout/txt_cardCVV'

2018-08-30 15:58:19 - [MESSAGE][PASSED] - Object 'Object Repository/Page_Checkout/chk_terms' is checked

2018-08-30 15:58:20 - [MESSAGE][PASSED] - Object: 'Object Repository/Page_Checkout/btn_placeOrder' is clicked on

2018-08-30 15:58:35 - [MESSAGE][PASSED] - Object 'Object Repository/Page_Checkout/lbl_orderReceived' is present

2018-08-30 15:58:35 - [MESSAGE][PASSED] - beautytap.ShopAction.checkoutViaCreditCard is PASSED

2018-08-30 15:58:35 - [TEST_STEP][PASSED] - beautytap.ShopAction.VerifyOrderReceivedDetails: Keyword VerifyOrderReceivedDetails is Passed

2018-08-30 15:58:35 - [MESSAGE][PASSED] - Object '' is present

2018-08-30 15:58:35 - [MESSAGE][PASSED] - Text of object '' is: '$28.25'

2018-08-30 15:58:35 - [MESSAGE][PASSED] - Text of object '' is: '$12.50 via ($12.50) Pantos (est. 14-25 working days including processing)'

2018-08-30 15:58:35 - [MESSAGE][PASSED] - Object '' is present

2018-08-30 15:58:35 - [MESSAGE][PASSED] - Text of object '' is: '$12.50'

2018-08-30 15:58:35 - [MESSAGE][PASSED] - Text of object '' is: 'Credit Card Payment'

2018-08-30 15:58:35 - [MESSAGE][PASSED] - Text of object '' is: '$40.75'

2018-08-30 15:58:35 - [MESSAGE][PASSED] - Keyword VerifyOrderReceivedDetails is Passed

2018-08-30 15:58:35 - [TEST_STEP][PASSED] - closeBrowser: Browser is closed

2018-08-30 15:58:36 - [MESSAGE][PASSED] - Browser is closed]]></system-out>
         <system-err><![CDATA[]]></system-err>
      </testcase>
      <testcase name="Test Cases/Shop/TC04_Search_VariationProduct_NotSale_AmazonPay_GreaterThan200" classname="Test Cases/Shop/TC04_Search_VariationProduct_NotSale_AmazonPay_GreaterThan200" status="PASSED">
         <system-out><![CDATA[2018-08-30 15:58:36 - [TEST_CASE][PASSED] - Test Cases/Shop/TC04_Search_VariationProduct_NotSale_AmazonPay_GreaterThan200: Test Cases/Shop/TC04_Search_VariationProduct_NotSale_AmazonPay_GreaterThan200

2018-08-30 15:58:37 - [TEST_STEP][PASSED] - Statement - productName = VARIATION_PRODUCT: null

2018-08-30 15:58:37 - [TEST_STEP][PASSED] - Statement - price = VARIATION_PRICE1: null

2018-08-30 15:58:37 - [TEST_STEP][PASSED] - Statement - variation = VARIATION_NAME1: null

2018-08-30 15:58:37 - [TEST_STEP][PASSED] - Statement - r_string = new java.lang.Math().random().toString().substring(2, 8): null

2018-08-30 15:58:37 - [TEST_STEP][PASSED] - Statement - email = "auto" + r_string + "@mailinator.com": null

2018-08-30 15:58:37 - [TEST_STEP][PASSED] - Statement - orderNote = "auto" + r_string + "Order": null

2018-08-30 15:58:37 - [TEST_STEP][PASSED] - Statement - currentNumberItemInCart = <not implemented yet for class: org.codehaus.groovy.ast.expr.EmptyExpression>: null

2018-08-30 15:58:37 - [TEST_STEP][PASSED] - Statement - quantity = 8: null

2018-08-30 15:58:37 - [TEST_STEP][PASSED] - Statement - subtotal = CustomKeywords.beautytap.ShopAction.calculateTotal(quantity, price): beautytap.ShopAction.calculateTotal is PASSED

2018-08-30 15:58:37 - [MESSAGE][PASSED] - beautytap.ShopAction.calculateTotal is PASSED

2018-08-30 15:58:37 - [TEST_STEP][PASSED] - Statement - total = subtotal: null

2018-08-30 15:58:37 - [TEST_STEP][PASSED] - Statement - total = CustomKeywords.beautytap.ShopAction.calculateTotal(1, total): beautytap.ShopAction.calculateTotal is PASSED

2018-08-30 15:58:37 - [MESSAGE][PASSED] - beautytap.ShopAction.calculateTotal is PASSED

2018-08-30 15:58:37 - [TEST_STEP][PASSED] - Statement - products = new org.json.JSONArray((((((((([{"productname":" + productName) + ","variation":") + variation) + ","quantity":") + quantity) + ","price":") + price) + "}])): null

2018-08-30 15:58:37 - [TEST_STEP][PASSED] - Statement - billingInformation = new org.json.JSONObject((({"firstname":"Test","lastname":"Automation","country":"United States (US)","address":"123 Testing","city":"New York","state":"New York","zip":"90012","email":" + email) + "})): null

2018-08-30 15:58:37 - [TEST_STEP][PASSED] - Statement - shippingLabel = FREE_EMS_SHIPPING_LABEL: null

2018-08-30 15:58:37 - [TEST_STEP][PASSED] - Statement - shippingPrice = 0: null

2018-08-30 15:58:37 - [TEST_STEP][PASSED] - Statement - shippingType = "freeEMS": null

2018-08-30 15:58:37 - [TEST_STEP][PASSED] - Statement - paymentMethod = "Amazon Pay": null

2018-08-30 15:58:37 - [TEST_STEP][PASSED] - beautytap.GeneralAction.openBeautytap: beautytap.GeneralAction.openBeautytap is PASSED

2018-08-30 15:59:01 - [MESSAGE][PASSED] - Browser is opened with url: 'https://stage.beautytap.com'

2018-08-30 15:59:02 - [MESSAGE][PASSED] - Current window maximized

2018-08-30 15:59:08 - [MESSAGE][PASSED] - Refresh successfully

2018-08-30 15:59:08 - [MESSAGE][PASSED] - Wait for page load successfully

2018-08-30 15:59:08 - [MESSAGE][PASSED] - beautytap.GeneralAction.openBeautytap is PASSED

2018-08-30 15:59:08 - [TEST_STEP][PASSED] - beautytap.ShopAction.globalSearch: beautytap.ShopAction.globalSearch is PASSED

2018-08-30 15:59:08 - [MESSAGE][PASSED] - Object: 'Object Repository/Page_General/icon_search' is clicked on

2018-08-30 15:59:13 - [MESSAGE][PASSED] - Delayed 5 second(s)

2018-08-30 15:59:13 - [MESSAGE][PASSED] - Text of object 'Object Repository/Page_General/txt_search' is cleared

2018-08-30 15:59:14 - [MESSAGE][PASSED] - Keys 'CONTROL + v' sent to object: 'Object Repository/Page_General/txt_search'

2018-08-30 15:59:17 - [MESSAGE][PASSED] - Object 'Object Repository/Page_General/div_searchResult' is present

2018-08-30 15:59:17 - [MESSAGE][PASSED] - beautytap.ShopAction.globalSearch is PASSED

2018-08-30 15:59:17 - [TEST_STEP][PASSED] - beautytap.ShopAction.VerifyProductOnSearchResult: Keyword VerifyProductOnSearchResult is Passed

2018-08-30 15:59:17 - [MESSAGE][PASSED] - Object '' is present

2018-08-30 15:59:17 - [MESSAGE][PASSED] - Text of object '' is: '$26.70'

2018-08-30 15:59:17 - [MESSAGE][PASSED] - Get CSS 'color' value on '' successfully: 'rgba(255, 35, 134, 1)'.

2018-08-30 15:59:17 - [MESSAGE][PASSED] - Get CSS 'color' value on '' successfully: 'rgba(255, 35, 134, 1)'.

2018-08-30 15:59:17 - [MESSAGE][PASSED] - Keyword VerifyProductOnSearchResult is Passed

2018-08-30 15:59:17 - [TEST_STEP][PASSED] - beautytap.ShopAction.selectProductOnSearchResult: beautytap.ShopAction.selectProductOnSearchResult is PASSED

2018-08-30 15:59:24 - [MESSAGE][PASSED] - Object: '' is clicked on

2018-08-30 15:59:24 - [MESSAGE][PASSED] - Wait for page load successfully

2018-08-30 15:59:24 - [MESSAGE][PASSED] - beautytap.ShopAction.selectProductOnSearchResult is PASSED

2018-08-30 15:59:24 - [TEST_STEP][PASSED] - beautytap.ShopAction.selectProductVariation: beautytap.ShopAction.selectProductVariation is PASSED

2018-08-30 15:59:25 - [MESSAGE][PASSED] - Object: 'Object Repository/Page_Shop/drop_chooseOption' is clicked on

2018-08-30 15:59:26 - [MESSAGE][PASSED] - Delayed 1 second(s)

2018-08-30 15:59:26 - [MESSAGE][PASSED] - Object: '' is clicked on

2018-08-30 15:59:26 - [MESSAGE][PASSED] - beautytap.ShopAction.selectProductVariation is PASSED

2018-08-30 15:59:26 - [TEST_STEP][PASSED] - beautytap.ShopAction.VerifyProductDetails: Keyword VerifyProductDetails is Passed

2018-08-30 15:59:26 - [MESSAGE][PASSED] - Text of object '' is: 'MeloMELI Unicorn Heart Lake Cushion  2 Choices'

2018-08-30 15:59:27 - [MESSAGE][PASSED] - All options with label 'Vanilla Beige' are selected in object 'Object Repository/Page_Shop/drop_chooseOption' 

2018-08-30 15:59:27 - [MESSAGE][PASSED] - Text of object '' is: '$26.70'

2018-08-30 15:59:27 - [MESSAGE][PASSED] - Get CSS 'color' value on '' successfully: 'rgba(255, 35, 134, 1)'.

2018-08-30 15:59:27 - [MESSAGE][PASSED] - Keyword VerifyProductDetails is Passed

2018-08-30 15:59:27 - [TEST_STEP][PASSED] - Statement - currentNumberItemInCart = CustomKeywords.beautytap.ShopAction.getNumberItemInCart(): beautytap.ShopAction.getNumberItemInCart is PASSED

2018-08-30 15:59:58 - [MESSAGE][WARNING] - com.kms.katalon.core.webui.exception.WebElementNotFoundException: Web element with id: '' located by 'By.xpath: //div[@class='header-right-top pull-right']/a[@class='shop-cart']/span[@class='number-cart']' not found
[[ATTACHMENT|E:\\BeautytapAutomation\\beautytapAuto\\Beautytap\\Reports\\TS1\\20180830_154619\\1535619598523.png]]

2018-08-30 15:59:58 - [MESSAGE][PASSED] - beautytap.ShopAction.getNumberItemInCart is PASSED

2018-08-30 15:59:58 - [TEST_STEP][PASSED] - beautytap.ShopAction.addProductToCart: beautytap.ShopAction.addProductToCart is PASSED

2018-08-30 15:59:58 - [MESSAGE][PASSED] - Text of object 'Object Repository/Page_Shop/txt_quantity' is cleared

2018-08-30 15:59:58 - [MESSAGE][PASSED] - Keys '8' sent to object: 'Object Repository/Page_Shop/txt_quantity'

2018-08-30 15:59:59 - [MESSAGE][PASSED] - Object: 'Object Repository/Page_Shop/btn_addToCart' is clicked on

2018-08-30 15:59:59 - [MESSAGE][PASSED] - Wait for page load successfully

2018-08-30 16:00:12 - [MESSAGE][PASSED] - Object 'Object Repository/Page_Shop/lbl_message' is present

2018-08-30 16:00:12 - [MESSAGE][PASSED] - beautytap.ShopAction.addProductToCart is PASSED

2018-08-30 16:00:12 - [TEST_STEP][PASSED] - beautytap.ShopAction.VerifyNumberItemInCart: Keyword VerifyNumberItemInCart is Passed, Number item in cart is 8, expected is 8

2018-08-30 16:00:12 - [MESSAGE][PASSED] - Object '' is present

2018-08-30 16:00:13 - [MESSAGE][PASSED] - Text of object '' is: '8'

2018-08-30 16:00:13 - [MESSAGE][PASSED] - Keyword VerifyNumberItemInCart is Passed, Number item in cart is 8, expected is 8

2018-08-30 16:00:13 - [TEST_STEP][PASSED] - beautytap.ShopAction.VerifyProductIsAddedToCart: beautytap.ShopAction.VerifyProductIsAddedToCart is PASSED

2018-08-30 16:00:13 - [MESSAGE][PASSED] - Object '' is present

2018-08-30 16:00:13 - [MESSAGE][PASSED] - beautytap.ShopAction.VerifyProductIsAddedToCart is PASSED

2018-08-30 16:00:13 - [TEST_STEP][PASSED] - beautytap.ShopAction.goToCart: beautytap.ShopAction.goToCart is PASSED

2018-08-30 16:00:23 - [MESSAGE][PASSED] - Object: 'Object Repository/Page_General/icon_cart' is clicked on

2018-08-30 16:00:23 - [MESSAGE][PASSED] - Wait for page load successfully

2018-08-30 16:00:23 - [MESSAGE][PASSED] - beautytap.ShopAction.goToCart is PASSED

2018-08-30 16:00:23 - [TEST_STEP][PASSED] - beautytap.ShopAction.VerifyProductInCart: Keyword VerifyProductInCart is Passed

2018-08-30 16:00:23 - [MESSAGE][PASSED] - Object '' is present

2018-08-30 16:00:23 - [MESSAGE][PASSED] - Text of object '' is: '$26.70'

2018-08-30 16:00:24 - [MESSAGE][PASSED] - Attribute 'value' of object '' is: '8'

2018-08-30 16:00:24 - [MESSAGE][PASSED] - Text of object '' is: '$213.60'

2018-08-30 16:00:24 - [MESSAGE][PASSED] - Keyword VerifyProductInCart is Passed

2018-08-30 16:00:24 - [TEST_STEP][PASSED] - beautytap.ShopAction.processToCheckout: beautytap.ShopAction.processToCheckout is PASSED

2018-08-30 16:00:29 - [MESSAGE][PASSED] - Object: 'Object Repository/Page_Cart/btn_checkout' is clicked on

2018-08-30 16:00:29 - [MESSAGE][PASSED] - Wait for page load successfully

2018-08-30 16:00:29 - [MESSAGE][PASSED] - beautytap.ShopAction.processToCheckout is PASSED

2018-08-30 16:00:29 - [TEST_STEP][PASSED] - beautytap.ShopAction.loginAmazonPay: beautytap.ShopAction.loginAmazonPay is PASSED

2018-08-30 16:00:29 - [MESSAGE][PASSED] - Object: 'Object Repository/Page_Checkout/btn_amazonPay' is clicked on

2018-08-30 16:00:29 - [MESSAGE][PASSED] - Switched to window with index: '1'

2018-08-30 16:00:33 - [MESSAGE][PASSED] - Object 'Object Repository/Popup_Amazon/txt_email' is present

2018-08-30 16:00:33 - [MESSAGE][PASSED] - Text of object 'Object Repository/Popup_Amazon/txt_email' is cleared

2018-08-30 16:00:33 - [MESSAGE][PASSED] - Keys 'amazontest1503@yopmail.com' sent to object: 'Object Repository/Popup_Amazon/txt_email'

2018-08-30 16:00:33 - [MESSAGE][PASSED] - Text of object 'Object Repository/Popup_Amazon/txt_password' is cleared

2018-08-30 16:00:33 - [MESSAGE][PASSED] - Keys '123456' sent to object: 'Object Repository/Popup_Amazon/txt_password'

2018-08-30 16:00:38 - [MESSAGE][PASSED] - Object: 'Object Repository/Popup_Amazon/btn_signin' is clicked on

2018-08-30 16:00:38 - [MESSAGE][PASSED] - Switched to window with index: '0'

2018-08-30 16:01:08 - [MESSAGE][PASSED] - Delayed 30 second(s)

2018-08-30 16:01:08 - [MESSAGE][PASSED] - beautytap.ShopAction.loginAmazonPay is PASSED

2018-08-30 16:01:08 - [TEST_STEP][PASSED] - beautytap.ShopAction.VerifyOrderDetailsOnCheckout: Keyword VerifyOrderDetailsOnCheckout is Passed

2018-08-30 16:01:08 - [MESSAGE][PASSED] - Object '' is present

2018-08-30 16:01:08 - [MESSAGE][PASSED] - Text of object '' is: '$213.60'

2018-08-30 16:01:08 - [MESSAGE][PASSED] - Text of object '' is: 'Free EMS shipping (over $200)
Why does shipping take this long?'

2018-08-30 16:01:08 - [MESSAGE][PASSED] - Text of object '' is: '$213.60'

2018-08-30 16:01:08 - [MESSAGE][PASSED] - Keyword VerifyOrderDetailsOnCheckout is Passed

2018-08-30 16:01:08 - [TEST_STEP][PASSED] - beautytap.ShopAction.checkoutViaAmazonPay: beautytap.ShopAction.checkoutViaAmazonPay is PASSED

2018-08-30 16:01:08 - [MESSAGE][PASSED] - Object 'Object Repository/Page_Checkout/chk_terms' is clickable

2018-08-30 16:01:08 - [MESSAGE][PASSED] - Object 'Object Repository/Page_Checkout/chk_terms' is checked

2018-08-30 16:01:08 - [MESSAGE][PASSED] - Object: 'Object Repository/Page_Checkout/btn_placeOrder' is clicked on

2018-08-30 16:01:25 - [MESSAGE][PASSED] - Object 'Object Repository/Page_Checkout/lbl_orderReceived' is present

2018-08-30 16:01:25 - [MESSAGE][PASSED] - beautytap.ShopAction.checkoutViaAmazonPay is PASSED

2018-08-30 16:01:25 - [TEST_STEP][PASSED] - beautytap.ShopAction.VerifyOrderReceivedDetails: Keyword VerifyOrderReceivedDetails is Passed

2018-08-30 16:01:25 - [MESSAGE][PASSED] - Object '' is present

2018-08-30 16:01:25 - [MESSAGE][PASSED] - Text of object '' is: '$213.60'

2018-08-30 16:01:25 - [MESSAGE][PASSED] - Text of object '' is: 'Free EMS shipping (over $200)'

2018-08-30 16:01:57 - [MESSAGE][WARNING] - com.kms.katalon.core.webui.exception.WebElementNotFoundException: Web element with id: '' located by 'By.xpath: //th[text()='Shipping:']/parent::tr/td/span' not found
[[ATTACHMENT|E:\\BeautytapAutomation\\beautytapAuto\\Beautytap\\Reports\\TS1\\20180830_154619\\1535619716865.png]]

2018-08-30 16:01:57 - [MESSAGE][PASSED] - Text of object '' is: 'Amazon Pay'

2018-08-30 16:01:57 - [MESSAGE][PASSED] - Text of object '' is: '$213.60'

2018-08-30 16:01:57 - [MESSAGE][PASSED] - Keyword VerifyOrderReceivedDetails is Passed

2018-08-30 16:01:57 - [TEST_STEP][PASSED] - closeBrowser: Browser is closed

2018-08-30 16:01:57 - [MESSAGE][PASSED] - Browser is closed]]></system-out>
         <system-err><![CDATA[]]></system-err>
      </testcase>
      <testcase name="Test Cases/Shop/TC05_Browse_SimpleProduct_NotSale_PayPal_GreaterThan60LessThan200" classname="Test Cases/Shop/TC05_Browse_SimpleProduct_NotSale_PayPal_GreaterThan60LessThan200" status="FAILED">
         <failure type="FAILED" message="Unable to check object 'Object Repository/Page_Checkout/chk_terms' (Root cause: org.openqa.selenium.WebDriverException: unknown error: Element &lt;input type=&quot;checkbox&quot; class=&quot;woocommerce-form__input woocommerce-form__input-checkbox input-checkbox&quot; name=&quot;terms&quot; id=&quot;terms&quot;> is not clickable at point (496, 419). Other element would receive the click: &lt;div class=&quot;form-row place-order&quot;>...&lt;/div>
  (Session info: chrome=68.0.3440.106)
  (Driver info: chromedriver=2.35.528161 (5b82f2d2aae0ca24b877009200ced9065a772e73),platform=Windows NT 10.0.17134 x86_64) (WARNING: The server did not provide any stacktrace information)
Command duration or timeout: 0 milliseconds
Build info: version: '3.7.1', revision: '8a0099a', time: '2017-11-06T21:07:36.161Z'
System info: host: 'DESKTOP-G1UHP65', ip: '10.0.0.151', os.name: 'Windows 10', os.arch: 'amd64', os.version: '10.0', java.version: '1.8.0_102'
Driver info: com.kms.katalon.selenium.driver.CChromeDriver
Capabilities {acceptInsecureCerts: false, acceptSslCerts: false, applicationCacheEnabled: false, browserConnectionEnabled: false, browserName: chrome, chrome: {chromedriverVersion: 2.35.528161 (5b82f2d2aae0ca..., userDataDir: C:\Users\TRANGN~1\AppData\L...}, cssSelectorsEnabled: true, databaseEnabled: false, handlesAlerts: true, hasTouchScreen: false, javascriptEnabled: true, locationContextEnabled: true, mobileEmulationEnabled: false, nativeEvents: true, networkConnectionEnabled: false, pageLoadStrategy: normal, platform: XP, platformName: XP, rotatable: false, setWindowRect: true, takesHeapSnapshot: true, takesScreenshot: true, unexpectedAlertBehaviour: , unhandledPromptBehavior: , version: 68.0.3440.106, webStorageEnabled: true}
Session ID: eac1c3b33e52936777cc1215165242cb)"/>
         <system-out><![CDATA[2018-08-30 16:01:58 - [TEST_CASE][FAILED] - Test Cases/Shop/TC05_Browse_SimpleProduct_NotSale_PayPal_GreaterThan60LessThan200: Test Cases/Shop/TC05_Browse_SimpleProduct_NotSale_PayPal_GreaterThan60LessThan200 FAILED because (of) Unable to check object 'Object Repository/Page_Checkout/chk_terms' (Root cause: org.openqa.selenium.WebDriverException: unknown error: Element <input type="checkbox" class="woocommerce-form__input woocommerce-form__input-checkbox input-checkbox" name="terms" id="terms"> is not clickable at point (496, 419). Other element would receive the click: <div class="form-row place-order">...</div>
  (Session info: chrome=68.0.3440.106)
  (Driver info: chromedriver=2.35.528161 (5b82f2d2aae0ca24b877009200ced9065a772e73),platform=Windows NT 10.0.17134 x86_64) (WARNING: The server did not provide any stacktrace information)
Command duration or timeout: 0 milliseconds
Build info: version: '3.7.1', revision: '8a0099a', time: '2017-11-06T21:07:36.161Z'
System info: host: 'DESKTOP-G1UHP65', ip: '10.0.0.151', os.name: 'Windows 10', os.arch: 'amd64', os.version: '10.0', java.version: '1.8.0_102'
Driver info: com.kms.katalon.selenium.driver.CChromeDriver
Capabilities {acceptInsecureCerts: false, acceptSslCerts: false, applicationCacheEnabled: false, browserConnectionEnabled: false, browserName: chrome, chrome: {chromedriverVersion: 2.35.528161 (5b82f2d2aae0ca..., userDataDir: C:\Users\TRANGN~1\AppData\L...}, cssSelectorsEnabled: true, databaseEnabled: false, handlesAlerts: true, hasTouchScreen: false, javascriptEnabled: true, locationContextEnabled: true, mobileEmulationEnabled: false, nativeEvents: true, networkConnectionEnabled: false, pageLoadStrategy: normal, platform: XP, platformName: XP, rotatable: false, setWindowRect: true, takesHeapSnapshot: true, takesScreenshot: true, unexpectedAlertBehaviour: , unhandledPromptBehavior: , version: 68.0.3440.106, webStorageEnabled: true}
Session ID: eac1c3b33e52936777cc1215165242cb)

2018-08-30 16:01:58 - [TEST_STEP][PASSED] - Statement - productName = SIMPLE_PRODUCT: null

2018-08-30 16:01:58 - [TEST_STEP][PASSED] - Statement - price = SIMPLE_PRODUCT_PRICE: null

2018-08-30 16:01:58 - [TEST_STEP][PASSED] - Statement - r_string = new java.lang.Math().random().toString().substring(2, 8): null

2018-08-30 16:01:58 - [TEST_STEP][PASSED] - Statement - email = "auto" + r_string + "@mailinator.com": null

2018-08-30 16:01:58 - [TEST_STEP][PASSED] - Statement - orderNote = "auto" + r_string + "Order": null

2018-08-30 16:01:58 - [TEST_STEP][PASSED] - Statement - currentNumberItemInCart = <not implemented yet for class: org.codehaus.groovy.ast.expr.EmptyExpression>: null

2018-08-30 16:01:58 - [TEST_STEP][PASSED] - Statement - quantity = 3: null

2018-08-30 16:01:58 - [TEST_STEP][PASSED] - Statement - subtotal = CustomKeywords.beautytap.ShopAction.calculateTotal(quantity, price): beautytap.ShopAction.calculateTotal is PASSED

2018-08-30 16:01:58 - [MESSAGE][PASSED] - beautytap.ShopAction.calculateTotal is PASSED

2018-08-30 16:01:58 - [TEST_STEP][PASSED] - Statement - total = subtotal: null

2018-08-30 16:01:58 - [TEST_STEP][PASSED] - Statement - total = CustomKeywords.beautytap.ShopAction.calculateTotal(1, total): beautytap.ShopAction.calculateTotal is PASSED

2018-08-30 16:01:58 - [MESSAGE][PASSED] - beautytap.ShopAction.calculateTotal is PASSED

2018-08-30 16:01:58 - [TEST_STEP][PASSED] - Statement - products = new org.json.JSONArray((((((([{"productname":" + productName) + ","variation":"","quantity":") + quantity) + ","price":") + price) + "}])): null

2018-08-30 16:01:58 - [TEST_STEP][PASSED] - Statement - billingInformation = new org.json.JSONObject((({"firstname":"Test","lastname":"Automation","country":"United States (US)","address":"123 Testing","city":"New York","state":"New York","zip":"90012","email":" + email) + "})): null

2018-08-30 16:01:58 - [TEST_STEP][PASSED] - Statement - shippingLabel = FREE_SHIPPING_LABEL: null

2018-08-30 16:01:58 - [TEST_STEP][PASSED] - Statement - shippingPrice = 0: null

2018-08-30 16:01:58 - [TEST_STEP][PASSED] - Statement - shippingType = "free": null

2018-08-30 16:01:58 - [TEST_STEP][PASSED] - Statement - paymentMethod = "PayPal": null

2018-08-30 16:01:58 - [TEST_STEP][PASSED] - Statement - category = "What's New": null

2018-08-30 16:01:58 - [TEST_STEP][PASSED] - beautytap.GeneralAction.openBeautytap: beautytap.GeneralAction.openBeautytap is PASSED

2018-08-30 16:02:23 - [MESSAGE][PASSED] - Browser is opened with url: 'https://stage.beautytap.com'

2018-08-30 16:02:24 - [MESSAGE][PASSED] - Current window maximized

2018-08-30 16:02:29 - [MESSAGE][PASSED] - Refresh successfully

2018-08-30 16:02:29 - [MESSAGE][PASSED] - Wait for page load successfully

2018-08-30 16:02:29 - [MESSAGE][PASSED] - beautytap.GeneralAction.openBeautytap is PASSED

2018-08-30 16:02:29 - [TEST_STEP][PASSED] - beautytap.ShopAction.selectCategory: beautytap.ShopAction.selectCategory is PASSED

2018-08-30 16:02:37 - [MESSAGE][PASSED] - Object: '' is clicked on

2018-08-30 16:02:37 - [MESSAGE][PASSED] - Wait for page load successfully

2018-08-30 16:02:37 - [MESSAGE][PASSED] - beautytap.ShopAction.selectCategory is PASSED

2018-08-30 16:02:37 - [TEST_STEP][PASSED] - beautytap.ShopAction.findProductOnProductList: beautytap.ShopAction.findProductOnProductList is PASSED

2018-08-30 16:02:37 - [MESSAGE][PASSED] - Text of object '' is: '76'

2018-08-30 16:02:42 - [MESSAGE][WARNING] - com.kms.katalon.core.webui.exception.WebElementNotFoundException: Web element with id: '' located by 'By.xpath: //a[text()='La Muse Correct Care Complete Cushion SPF50+/PA+++']' not found
[[ATTACHMENT|E:\\BeautytapAutomation\\beautytapAuto\\Beautytap\\Reports\\TS1\\20180830_154619\\1535619762483.png]]

2018-08-30 16:02:50 - [MESSAGE][PASSED] - Object: '' is clicked on

2018-08-30 16:02:50 - [MESSAGE][PASSED] - Wait for page load successfully

2018-08-30 16:02:50 - [MESSAGE][PASSED] - Object '' is present

2018-08-30 16:02:50 - [MESSAGE][PASSED] - beautytap.ShopAction.findProductOnProductList is PASSED

2018-08-30 16:02:50 - [TEST_STEP][PASSED] - beautytap.ShopAction.VerifyProductOnProductList: Keyword VerifyProductOnProductList is Passed

2018-08-30 16:02:50 - [MESSAGE][PASSED] - Object '' is present

2018-08-30 16:02:50 - [MESSAGE][PASSED] - Text of object '' is: '$31.80'

2018-08-30 16:02:50 - [MESSAGE][PASSED] - Get CSS 'color' value on '' successfully: 'rgba(255, 35, 134, 1)'.

2018-08-30 16:02:50 - [MESSAGE][PASSED] - Get CSS 'color' value on '' successfully: 'rgba(255, 35, 134, 1)'.

2018-08-30 16:02:50 - [MESSAGE][PASSED] - Keyword VerifyProductOnProductList is Passed

2018-08-30 16:02:50 - [TEST_STEP][PASSED] - beautytap.ShopAction.selectProductOnProductList: beautytap.ShopAction.selectProductOnProductList is PASSED

2018-08-30 16:02:56 - [MESSAGE][PASSED] - Object: '' is clicked on

2018-08-30 16:02:56 - [MESSAGE][PASSED] - Wait for page load successfully

2018-08-30 16:02:56 - [MESSAGE][PASSED] - beautytap.ShopAction.selectProductOnProductList is PASSED

2018-08-30 16:02:56 - [TEST_STEP][PASSED] - beautytap.ShopAction.VerifyProductDetails: Keyword VerifyProductDetails is Passed

2018-08-30 16:02:56 - [MESSAGE][PASSED] - Text of object '' is: 'La Muse Correct Care Complete Cushion SPF50+/PA+++'

2018-08-30 16:02:56 - [MESSAGE][PASSED] - Text of object '' is: '$31.80'

2018-08-30 16:02:56 - [MESSAGE][PASSED] - Get CSS 'color' value on '' successfully: 'rgba(255, 35, 134, 1)'.

2018-08-30 16:02:56 - [MESSAGE][PASSED] - Keyword VerifyProductDetails is Passed

2018-08-30 16:02:56 - [TEST_STEP][PASSED] - Statement - currentNumberItemInCart = CustomKeywords.beautytap.ShopAction.getNumberItemInCart(): beautytap.ShopAction.getNumberItemInCart is PASSED

2018-08-30 16:03:27 - [MESSAGE][WARNING] - com.kms.katalon.core.webui.exception.WebElementNotFoundException: Web element with id: '' located by 'By.xpath: //div[@class='header-right-top pull-right']/a[@class='shop-cart']/span[@class='number-cart']' not found
[[ATTACHMENT|E:\\BeautytapAutomation\\beautytapAuto\\Beautytap\\Reports\\TS1\\20180830_154619\\1535619807526.png]]

2018-08-30 16:03:27 - [MESSAGE][PASSED] - beautytap.ShopAction.getNumberItemInCart is PASSED

2018-08-30 16:03:27 - [TEST_STEP][PASSED] - beautytap.ShopAction.addProductToCart: beautytap.ShopAction.addProductToCart is PASSED

2018-08-30 16:03:27 - [MESSAGE][PASSED] - Text of object 'Object Repository/Page_Shop/txt_quantity' is cleared

2018-08-30 16:03:28 - [MESSAGE][PASSED] - Keys '3' sent to object: 'Object Repository/Page_Shop/txt_quantity'

2018-08-30 16:03:28 - [MESSAGE][PASSED] - Object: 'Object Repository/Page_Shop/btn_addToCart' is clicked on

2018-08-30 16:03:28 - [MESSAGE][PASSED] - Wait for page load successfully

2018-08-30 16:03:33 - [MESSAGE][PASSED] - Object 'Object Repository/Page_Shop/lbl_message' is present

2018-08-30 16:03:33 - [MESSAGE][PASSED] - beautytap.ShopAction.addProductToCart is PASSED

2018-08-30 16:03:33 - [TEST_STEP][PASSED] - beautytap.ShopAction.VerifyNumberItemInCart: Keyword VerifyNumberItemInCart is Passed, Number item in cart is 3, expected is 3

2018-08-30 16:03:33 - [MESSAGE][PASSED] - Object '' is present

2018-08-30 16:03:33 - [MESSAGE][PASSED] - Text of object '' is: '3'

2018-08-30 16:03:33 - [MESSAGE][PASSED] - Keyword VerifyNumberItemInCart is Passed, Number item in cart is 3, expected is 3

2018-08-30 16:03:33 - [TEST_STEP][PASSED] - beautytap.ShopAction.VerifyProductIsAddedToCart: beautytap.ShopAction.VerifyProductIsAddedToCart is PASSED

2018-08-30 16:03:33 - [MESSAGE][PASSED] - Object '' is present

2018-08-30 16:03:33 - [MESSAGE][PASSED] - beautytap.ShopAction.VerifyProductIsAddedToCart is PASSED

2018-08-30 16:03:33 - [TEST_STEP][PASSED] - beautytap.ShopAction.goToCart: beautytap.ShopAction.goToCart is PASSED

2018-08-30 16:03:43 - [MESSAGE][PASSED] - Object: 'Object Repository/Page_General/icon_cart' is clicked on

2018-08-30 16:03:43 - [MESSAGE][PASSED] - Wait for page load successfully

2018-08-30 16:03:43 - [MESSAGE][PASSED] - beautytap.ShopAction.goToCart is PASSED

2018-08-30 16:03:43 - [TEST_STEP][PASSED] - beautytap.ShopAction.VerifyProductInCart: Keyword VerifyProductInCart is Passed

2018-08-30 16:03:43 - [MESSAGE][PASSED] - Object '' is present

2018-08-30 16:03:43 - [MESSAGE][PASSED] - Text of object '' is: '$31.80'

2018-08-30 16:03:43 - [MESSAGE][PASSED] - Attribute 'value' of object '' is: '3'

2018-08-30 16:03:43 - [MESSAGE][PASSED] - Text of object '' is: '$95.40'

2018-08-30 16:03:43 - [MESSAGE][PASSED] - Keyword VerifyProductInCart is Passed

2018-08-30 16:03:43 - [TEST_STEP][PASSED] - beautytap.ShopAction.processToCheckout: beautytap.ShopAction.processToCheckout is PASSED

2018-08-30 16:03:48 - [MESSAGE][PASSED] - Object: 'Object Repository/Page_Cart/btn_checkout' is clicked on

2018-08-30 16:03:48 - [MESSAGE][PASSED] - Wait for page load successfully

2018-08-30 16:03:48 - [MESSAGE][PASSED] - beautytap.ShopAction.processToCheckout is PASSED

2018-08-30 16:03:48 - [TEST_STEP][PASSED] - beautytap.ShopAction.fillCustomerInformation: beautytap.ShopAction.fillCustomerInformation is PASSED

2018-08-30 16:03:48 - [MESSAGE][PASSED] - Text of object 'Object Repository/Page_Checkout/txt_billingFirstName' is cleared

2018-08-30 16:03:48 - [MESSAGE][PASSED] - Keys 'Test' sent to object: 'Object Repository/Page_Checkout/txt_billingFirstName'

2018-08-30 16:03:48 - [MESSAGE][PASSED] - Text of object 'Object Repository/Page_Checkout/txt_billingLastName' is cleared

2018-08-30 16:03:49 - [MESSAGE][PASSED] - Keys 'Automation' sent to object: 'Object Repository/Page_Checkout/txt_billingLastName'

2018-08-30 16:03:49 - [MESSAGE][PASSED] - All options with label 'United States (US)' are selected in object 'Object Repository/Page_Checkout/drop_billingCountry' 

2018-08-30 16:03:54 - [MESSAGE][PASSED] - Delayed 5 second(s)

2018-08-30 16:03:54 - [MESSAGE][PASSED] - Text of object 'Object Repository/Page_Checkout/txt_billingAddress' is cleared

2018-08-30 16:03:54 - [MESSAGE][PASSED] - Keys '123 Testing' sent to object: 'Object Repository/Page_Checkout/txt_billingAddress'

2018-08-30 16:03:54 - [MESSAGE][PASSED] - Text of object 'Object Repository/Page_Checkout/txt_billingCity' is cleared

2018-08-30 16:03:54 - [MESSAGE][PASSED] - Keys 'New York' sent to object: 'Object Repository/Page_Checkout/txt_billingCity'

2018-08-30 16:03:55 - [MESSAGE][PASSED] - All options with label 'New York' are selected in object 'Object Repository/Page_Checkout/drop_billingState' 

2018-08-30 16:03:55 - [MESSAGE][PASSED] - Text of object 'Object Repository/Page_Checkout/txt_billingZip' is cleared

2018-08-30 16:03:55 - [MESSAGE][PASSED] - Keys '90012' sent to object: 'Object Repository/Page_Checkout/txt_billingZip'

2018-08-30 16:03:55 - [MESSAGE][PASSED] - Text of object 'Object Repository/Page_Checkout/txt_billingEmail' is cleared

2018-08-30 16:03:56 - [MESSAGE][PASSED] - Keys 'auto337835@mailinator.com' sent to object: 'Object Repository/Page_Checkout/txt_billingEmail'

2018-08-30 16:03:56 - [MESSAGE][PASSED] - Object 'Object Repository/Page_Checkout/chk_shipToDifferentAddress' is un-checked

2018-08-30 16:03:56 - [MESSAGE][PASSED] - Text of object 'Object Repository/Page_Checkout/txt_orderNote' is cleared

2018-08-30 16:03:56 - [MESSAGE][PASSED] - Keys 'auto337835Order' sent to object: 'Object Repository/Page_Checkout/txt_orderNote'

2018-08-30 16:03:56 - [MESSAGE][PASSED] - Object 'Object Repository/Page_Checkout/radio_creditCard' is checked

2018-08-30 16:04:01 - [MESSAGE][PASSED] - Delayed 5 second(s)

2018-08-30 16:04:01 - [MESSAGE][PASSED] - beautytap.ShopAction.fillCustomerInformation is PASSED

2018-08-30 16:04:01 - [TEST_STEP][PASSED] - beautytap.ShopAction.VerifyOrderDetailsOnCheckout: Keyword VerifyOrderDetailsOnCheckout is Passed

2018-08-30 16:04:01 - [MESSAGE][PASSED] - Object '' is present

2018-08-30 16:04:01 - [MESSAGE][PASSED] - Text of object '' is: '$95.40'

2018-08-30 16:04:01 - [MESSAGE][PASSED] - Text of object '' is: 'Free shipping for orders over $60
Why does shipping take this long?'

2018-08-30 16:04:01 - [MESSAGE][PASSED] - Text of object '' is: '$95.40'

2018-08-30 16:04:01 - [MESSAGE][PASSED] - Keyword VerifyOrderDetailsOnCheckout is Passed

2018-08-30 16:04:01 - [TEST_STEP][FAILED] - beautytap.ShopAction.checkoutViaPaypal: Unable to check object 'Object Repository/Page_Checkout/chk_terms' (Root cause: org.openqa.selenium.WebDriverException: unknown error: Element <input type="checkbox" class="woocommerce-form__input woocommerce-form__input-checkbox input-checkbox" name="terms" id="terms"> is not clickable at point (496, 419). Other element would receive the click: <div class="form-row place-order">...</div>
  (Session info: chrome=68.0.3440.106)
  (Driver info: chromedriver=2.35.528161 (5b82f2d2aae0ca24b877009200ced9065a772e73),platform=Windows NT 10.0.17134 x86_64) (WARNING: The server did not provide any stacktrace information)
Command duration or timeout: 0 milliseconds
Build info: version: '3.7.1', revision: '8a0099a', time: '2017-11-06T21:07:36.161Z'
System info: host: 'DESKTOP-G1UHP65', ip: '10.0.0.151', os.name: 'Windows 10', os.arch: 'amd64', os.version: '10.0', java.version: '1.8.0_102'
Driver info: com.kms.katalon.selenium.driver.CChromeDriver
Capabilities {acceptInsecureCerts: false, acceptSslCerts: false, applicationCacheEnabled: false, browserConnectionEnabled: false, browserName: chrome, chrome: {chromedriverVersion: 2.35.528161 (5b82f2d2aae0ca..., userDataDir: C:\Users\TRANGN~1\AppData\L...}, cssSelectorsEnabled: true, databaseEnabled: false, handlesAlerts: true, hasTouchScreen: false, javascriptEnabled: true, locationContextEnabled: true, mobileEmulationEnabled: false, nativeEvents: true, networkConnectionEnabled: false, pageLoadStrategy: normal, platform: XP, platformName: XP, rotatable: false, setWindowRect: true, takesHeapSnapshot: true, takesScreenshot: true, unexpectedAlertBehaviour: , unhandledPromptBehavior: , version: 68.0.3440.106, webStorageEnabled: true}
Session ID: eac1c3b33e52936777cc1215165242cb)

2018-08-30 16:04:02 - [MESSAGE][PASSED] - Object 'Object Repository/Page_Checkout/radio_paypal' is checked

2018-08-30 16:04:02 - [MESSAGE][FAILED] - Unable to check object 'Object Repository/Page_Checkout/chk_terms' (Root cause: org.openqa.selenium.WebDriverException: unknown error: Element <input type="checkbox" class="woocommerce-form__input woocommerce-form__input-checkbox input-checkbox" name="terms" id="terms"> is not clickable at point (496, 419). Other element would receive the click: <div class="form-row place-order">...</div>
  (Session info: chrome=68.0.3440.106)
  (Driver info: chromedriver=2.35.528161 (5b82f2d2aae0ca24b877009200ced9065a772e73),platform=Windows NT 10.0.17134 x86_64) (WARNING: The server did not provide any stacktrace information)
Command duration or timeout: 0 milliseconds
Build info: version: '3.7.1', revision: '8a0099a', time: '2017-11-06T21:07:36.161Z'
System info: host: 'DESKTOP-G1UHP65', ip: '10.0.0.151', os.name: 'Windows 10', os.arch: 'amd64', os.version: '10.0', java.version: '1.8.0_102'
Driver info: com.kms.katalon.selenium.driver.CChromeDriver
Capabilities {acceptInsecureCerts: false, acceptSslCerts: false, applicationCacheEnabled: false, browserConnectionEnabled: false, browserName: chrome, chrome: {chromedriverVersion: 2.35.528161 (5b82f2d2aae0ca..., userDataDir: C:\Users\TRANGN~1\AppData\L...}, cssSelectorsEnabled: true, databaseEnabled: false, handlesAlerts: true, hasTouchScreen: false, javascriptEnabled: true, locationContextEnabled: true, mobileEmulationEnabled: false, nativeEvents: true, networkConnectionEnabled: false, pageLoadStrategy: normal, platform: XP, platformName: XP, rotatable: false, setWindowRect: true, takesHeapSnapshot: true, takesScreenshot: true, unexpectedAlertBehaviour: , unhandledPromptBehavior: , version: 68.0.3440.106, webStorageEnabled: true}
Session ID: eac1c3b33e52936777cc1215165242cb)
[[ATTACHMENT|E:\\BeautytapAutomation\\beautytapAuto\\Beautytap\\Reports\\TS1\\20180830_154619\\1535619842517.png]]

2018-08-30 16:04:02 - [MESSAGE][FAILED] - Unable to check object 'Object Repository/Page_Checkout/chk_terms' (Root cause: org.openqa.selenium.WebDriverException: unknown error: Element <input type="checkbox" class="woocommerce-form__input woocommerce-form__input-checkbox input-checkbox" name="terms" id="terms"> is not clickable at point (496, 419). Other element would receive the click: <div class="form-row place-order">...</div>
  (Session info: chrome=68.0.3440.106)
  (Driver info: chromedriver=2.35.528161 (5b82f2d2aae0ca24b877009200ced9065a772e73),platform=Windows NT 10.0.17134 x86_64) (WARNING: The server did not provide any stacktrace information)
Command duration or timeout: 0 milliseconds
Build info: version: '3.7.1', revision: '8a0099a', time: '2017-11-06T21:07:36.161Z'
System info: host: 'DESKTOP-G1UHP65', ip: '10.0.0.151', os.name: 'Windows 10', os.arch: 'amd64', os.version: '10.0', java.version: '1.8.0_102'
Driver info: com.kms.katalon.selenium.driver.CChromeDriver
Capabilities {acceptInsecureCerts: false, acceptSslCerts: false, applicationCacheEnabled: false, browserConnectionEnabled: false, browserName: chrome, chrome: {chromedriverVersion: 2.35.528161 (5b82f2d2aae0ca..., userDataDir: C:\Users\TRANGN~1\AppData\L...}, cssSelectorsEnabled: true, databaseEnabled: false, handlesAlerts: true, hasTouchScreen: false, javascriptEnabled: true, locationContextEnabled: true, mobileEmulationEnabled: false, nativeEvents: true, networkConnectionEnabled: false, pageLoadStrategy: normal, platform: XP, platformName: XP, rotatable: false, setWindowRect: true, takesHeapSnapshot: true, takesScreenshot: true, unexpectedAlertBehaviour: , unhandledPromptBehavior: , version: 68.0.3440.106, webStorageEnabled: true}
Session ID: eac1c3b33e52936777cc1215165242cb)]]></system-out>
         <system-err><![CDATA[2018-08-30 16:01:58 - [TEST_CASE][FAILED] - Test Cases/Shop/TC05_Browse_SimpleProduct_NotSale_PayPal_GreaterThan60LessThan200: Test Cases/Shop/TC05_Browse_SimpleProduct_NotSale_PayPal_GreaterThan60LessThan200 FAILED because (of) Unable to check object 'Object Repository/Page_Checkout/chk_terms' (Root cause: org.openqa.selenium.WebDriverException: unknown error: Element <input type="checkbox" class="woocommerce-form__input woocommerce-form__input-checkbox input-checkbox" name="terms" id="terms"> is not clickable at point (496, 419). Other element would receive the click: <div class="form-row place-order">...</div>
  (Session info: chrome=68.0.3440.106)
  (Driver info: chromedriver=2.35.528161 (5b82f2d2aae0ca24b877009200ced9065a772e73),platform=Windows NT 10.0.17134 x86_64) (WARNING: The server did not provide any stacktrace information)
Command duration or timeout: 0 milliseconds
Build info: version: '3.7.1', revision: '8a0099a', time: '2017-11-06T21:07:36.161Z'
System info: host: 'DESKTOP-G1UHP65', ip: '10.0.0.151', os.name: 'Windows 10', os.arch: 'amd64', os.version: '10.0', java.version: '1.8.0_102'
Driver info: com.kms.katalon.selenium.driver.CChromeDriver
Capabilities {acceptInsecureCerts: false, acceptSslCerts: false, applicationCacheEnabled: false, browserConnectionEnabled: false, browserName: chrome, chrome: {chromedriverVersion: 2.35.528161 (5b82f2d2aae0ca..., userDataDir: C:\Users\TRANGN~1\AppData\L...}, cssSelectorsEnabled: true, databaseEnabled: false, handlesAlerts: true, hasTouchScreen: false, javascriptEnabled: true, locationContextEnabled: true, mobileEmulationEnabled: false, nativeEvents: true, networkConnectionEnabled: false, pageLoadStrategy: normal, platform: XP, platformName: XP, rotatable: false, setWindowRect: true, takesHeapSnapshot: true, takesScreenshot: true, unexpectedAlertBehaviour: , unhandledPromptBehavior: , version: 68.0.3440.106, webStorageEnabled: true}
Session ID: eac1c3b33e52936777cc1215165242cb)]]></system-err>
      </testcase>
      <testcase name="Test Cases/Shop/TC06_Browse_VariationProduct_Sale_AmazonPayAtCart_LessThan60_EMS" classname="Test Cases/Shop/TC06_Browse_VariationProduct_Sale_AmazonPayAtCart_LessThan60_EMS" status="PASSED">
         <system-out><![CDATA[2018-08-30 16:04:02 - [TEST_CASE][PASSED] - Test Cases/Shop/TC06_Browse_VariationProduct_Sale_AmazonPayAtCart_LessThan60_EMS: Test Cases/Shop/TC06_Browse_VariationProduct_Sale_AmazonPayAtCart_LessThan60_EMS

2018-08-30 16:04:03 - [TEST_STEP][PASSED] - Statement - productName = VARIATION_SALE_PRODUCT: null

2018-08-30 16:04:03 - [TEST_STEP][PASSED] - Statement - saleprice = VARIATION_SALE_PRICE1: null

2018-08-30 16:04:03 - [TEST_STEP][PASSED] - Statement - redularprice = VARIATION_SALE_REGULAR_PRICE1: null

2018-08-30 16:04:03 - [TEST_STEP][PASSED] - Statement - variation = VARIATION_SALE_NAME1: null

2018-08-30 16:04:03 - [TEST_STEP][PASSED] - Statement - r_string = new java.lang.Math().random().toString().substring(2, 8): null

2018-08-30 16:04:03 - [TEST_STEP][PASSED] - Statement - email = "auto" + r_string + "@mailinator.com": null

2018-08-30 16:04:03 - [TEST_STEP][PASSED] - Statement - orderNote = "auto" + r_string + "Order": null

2018-08-30 16:04:03 - [TEST_STEP][PASSED] - Statement - currentNumberItemInCart = <not implemented yet for class: org.codehaus.groovy.ast.expr.EmptyExpression>: null

2018-08-30 16:04:03 - [TEST_STEP][PASSED] - Statement - quantity = 5: null

2018-08-30 16:04:03 - [TEST_STEP][PASSED] - Statement - shippingLabel = EMS_SHIPPING_LABEL: null

2018-08-30 16:04:03 - [TEST_STEP][PASSED] - Statement - shippingPrice = EMS_SHIPPING_PRICE: null

2018-08-30 16:04:03 - [TEST_STEP][PASSED] - Statement - subtotal = CustomKeywords.beautytap.ShopAction.calculateTotal(quantity, saleprice): beautytap.ShopAction.calculateTotal is PASSED

2018-08-30 16:04:03 - [MESSAGE][PASSED] - beautytap.ShopAction.calculateTotal is PASSED

2018-08-30 16:04:03 - [TEST_STEP][PASSED] - Statement - total = subtotal + shippingPrice: null

2018-08-30 16:04:03 - [TEST_STEP][PASSED] - Statement - total = CustomKeywords.beautytap.ShopAction.calculateTotal(1, total): beautytap.ShopAction.calculateTotal is PASSED

2018-08-30 16:04:03 - [MESSAGE][PASSED] - beautytap.ShopAction.calculateTotal is PASSED

2018-08-30 16:04:03 - [TEST_STEP][PASSED] - Statement - products = new org.json.JSONArray((((((((([{"productname":" + productName) + ","variation":") + variation) + ","quantity":") + quantity) + ","price":") + saleprice) + "}])): null

2018-08-30 16:04:03 - [TEST_STEP][PASSED] - Statement - billingInformation = new org.json.JSONObject((({"firstname":"Test","lastname":"Automation","country":"United States (US)","address":"123 Testing","city":"New York","state":"New York","zip":"90012","email":" + email) + "})): null

2018-08-30 16:04:03 - [TEST_STEP][PASSED] - Statement - shippingType = "EMS": null

2018-08-30 16:04:03 - [TEST_STEP][PASSED] - Statement - paymentMethod = "Amazon Pay": null

2018-08-30 16:04:03 - [TEST_STEP][PASSED] - Statement - category = "Brands": null

2018-08-30 16:04:03 - [TEST_STEP][PASSED] - Statement - subcategory = "Innisfree": null

2018-08-30 16:04:03 - [TEST_STEP][PASSED] - beautytap.GeneralAction.openBeautytap: beautytap.GeneralAction.openBeautytap is PASSED

2018-08-30 16:04:03 - [MESSAGE][WARNING] - A browser is already opened. Closing browser and opening a new one

2018-08-30 16:04:20 - [MESSAGE][PASSED] - Browser is opened with url: 'https://stage.beautytap.com'

2018-08-30 16:04:21 - [MESSAGE][PASSED] - Current window maximized

2018-08-30 16:04:27 - [MESSAGE][PASSED] - Refresh successfully

2018-08-30 16:04:27 - [MESSAGE][PASSED] - Wait for page load successfully

2018-08-30 16:04:27 - [MESSAGE][PASSED] - beautytap.GeneralAction.openBeautytap is PASSED

2018-08-30 16:04:27 - [TEST_STEP][PASSED] - beautytap.ShopAction.selectCategory: beautytap.ShopAction.selectCategory is PASSED

2018-08-30 16:04:27 - [MESSAGE][PASSED] - Object: '' is clicked on

2018-08-30 16:04:29 - [MESSAGE][PASSED] - Delayed 2 second(s)

2018-08-30 16:04:40 - [MESSAGE][PASSED] - Object: '' is clicked on

2018-08-30 16:04:40 - [MESSAGE][PASSED] - Wait for page load successfully

2018-08-30 16:04:40 - [MESSAGE][PASSED] - beautytap.ShopAction.selectCategory is PASSED

2018-08-30 16:04:40 - [TEST_STEP][PASSED] - beautytap.ShopAction.findProductOnProductList: beautytap.ShopAction.findProductOnProductList is PASSED

2018-08-30 16:04:40 - [MESSAGE][PASSED] - Text of object '' is: '3'

2018-08-30 16:04:45 - [MESSAGE][WARNING] - com.kms.katalon.core.webui.exception.WebElementNotFoundException: Web element with id: '' located by 'By.xpath: //a[text()='Innisfree Eye Contouring Stick Round Shape 0.7g']' not found
[[ATTACHMENT|E:\\BeautytapAutomation\\beautytapAuto\\Beautytap\\Reports\\TS1\\20180830_154619\\1535619885366.png]]

2018-08-30 16:04:55 - [MESSAGE][PASSED] - Object: '' is clicked on

2018-08-30 16:04:55 - [MESSAGE][PASSED] - Wait for page load successfully

2018-08-30 16:04:55 - [MESSAGE][PASSED] - Object '' is present

2018-08-30 16:04:55 - [MESSAGE][PASSED] - beautytap.ShopAction.findProductOnProductList is PASSED

2018-08-30 16:04:55 - [TEST_STEP][PASSED] - beautytap.ShopAction.VerifyProductOnProductList: Keyword VerifyProductOnProductList is Passed

2018-08-30 16:04:55 - [MESSAGE][PASSED] - Object '' is present

2018-08-30 16:04:55 - [MESSAGE][PASSED] - Text of object '' is: '$4.95'

2018-08-30 16:04:55 - [MESSAGE][PASSED] - Get CSS 'color' value on '' successfully: 'rgba(255, 35, 134, 1)'.

2018-08-30 16:04:55 - [MESSAGE][PASSED] - Get CSS 'color' value on '' successfully: 'rgba(255, 35, 134, 1)'.

2018-08-30 16:04:55 - [MESSAGE][PASSED] - Text of object '' is: '$6.50'

2018-08-30 16:04:55 - [MESSAGE][PASSED] - Get CSS 'color' value on '' successfully: 'rgba(255, 35, 134, 1)'.

2018-08-30 16:04:55 - [MESSAGE][PASSED] - Get CSS 'color' value on '' successfully: 'rgba(255, 35, 134, 1)'.

2018-08-30 16:04:55 - [MESSAGE][PASSED] - Keyword VerifyProductOnProductList is Passed

2018-08-30 16:04:55 - [TEST_STEP][PASSED] - beautytap.ShopAction.selectProductOnProductList: beautytap.ShopAction.selectProductOnProductList is PASSED

2018-08-30 16:05:01 - [MESSAGE][PASSED] - Object: '' is clicked on

2018-08-30 16:05:01 - [MESSAGE][PASSED] - Wait for page load successfully

2018-08-30 16:05:01 - [MESSAGE][PASSED] - beautytap.ShopAction.selectProductOnProductList is PASSED

2018-08-30 16:05:01 - [TEST_STEP][PASSED] - beautytap.ShopAction.selectProductVariation: beautytap.ShopAction.selectProductVariation is PASSED

2018-08-30 16:05:02 - [MESSAGE][PASSED] - Object: 'Object Repository/Page_Shop/drop_chooseOption' is clicked on

2018-08-30 16:05:03 - [MESSAGE][PASSED] - Delayed 1 second(s)

2018-08-30 16:05:03 - [MESSAGE][PASSED] - Object: '' is clicked on

2018-08-30 16:05:03 - [MESSAGE][PASSED] - beautytap.ShopAction.selectProductVariation is PASSED

2018-08-30 16:05:03 - [TEST_STEP][PASSED] - beautytap.ShopAction.VerifyProductDetails: Keyword VerifyProductDetails is Passed

2018-08-30 16:05:03 - [MESSAGE][PASSED] - Text of object '' is: 'Innisfree Eye Contouring Stick Round Shape 0.7g'

2018-08-30 16:05:04 - [MESSAGE][PASSED] - All options with label '5' are selected in object 'Object Repository/Page_Shop/drop_chooseOption' 

2018-08-30 16:05:04 - [MESSAGE][PASSED] - Text of object '' is: '$6.50'

2018-08-30 16:05:04 - [MESSAGE][PASSED] - Get CSS 'color' value on '' successfully: 'rgba(195, 195, 195, 1)'.

2018-08-30 16:05:04 - [MESSAGE][PASSED] - Text of object '' is: '$4.95'

2018-08-30 16:05:04 - [MESSAGE][PASSED] - Get CSS 'color' value on '' successfully: 'rgba(255, 35, 134, 1)'.

2018-08-30 16:05:04 - [MESSAGE][PASSED] - Keyword VerifyProductDetails is Passed

2018-08-30 16:05:04 - [TEST_STEP][PASSED] - Statement - currentNumberItemInCart = CustomKeywords.beautytap.ShopAction.getNumberItemInCart(): beautytap.ShopAction.getNumberItemInCart is PASSED

2018-08-30 16:05:35 - [MESSAGE][WARNING] - com.kms.katalon.core.webui.exception.WebElementNotFoundException: Web element with id: '' located by 'By.xpath: //div[@class='header-right-top pull-right']/a[@class='shop-cart']/span[@class='number-cart']' not found
[[ATTACHMENT|E:\\BeautytapAutomation\\beautytapAuto\\Beautytap\\Reports\\TS1\\20180830_154619\\1535619935542.png]]

2018-08-30 16:05:35 - [MESSAGE][PASSED] - beautytap.ShopAction.getNumberItemInCart is PASSED

2018-08-30 16:05:35 - [TEST_STEP][PASSED] - beautytap.ShopAction.addProductToCart: beautytap.ShopAction.addProductToCart is PASSED

2018-08-30 16:05:35 - [MESSAGE][PASSED] - Text of object 'Object Repository/Page_Shop/txt_quantity' is cleared

2018-08-30 16:05:36 - [MESSAGE][PASSED] - Keys '5' sent to object: 'Object Repository/Page_Shop/txt_quantity'

2018-08-30 16:05:36 - [MESSAGE][PASSED] - Object: 'Object Repository/Page_Shop/btn_addToCart' is clicked on

2018-08-30 16:05:36 - [MESSAGE][PASSED] - Wait for page load successfully

2018-08-30 16:05:49 - [MESSAGE][PASSED] - Object 'Object Repository/Page_Shop/lbl_message' is present

2018-08-30 16:05:49 - [MESSAGE][PASSED] - beautytap.ShopAction.addProductToCart is PASSED

2018-08-30 16:05:49 - [TEST_STEP][PASSED] - beautytap.ShopAction.VerifyNumberItemInCart: Keyword VerifyNumberItemInCart is Passed, Number item in cart is 5, expected is 5

2018-08-30 16:05:49 - [MESSAGE][PASSED] - Object '' is present

2018-08-30 16:05:49 - [MESSAGE][PASSED] - Text of object '' is: '5'

2018-08-30 16:05:49 - [MESSAGE][PASSED] - Keyword VerifyNumberItemInCart is Passed, Number item in cart is 5, expected is 5

2018-08-30 16:05:49 - [TEST_STEP][PASSED] - beautytap.ShopAction.VerifyProductIsAddedToCart: beautytap.ShopAction.VerifyProductIsAddedToCart is PASSED

2018-08-30 16:05:49 - [MESSAGE][PASSED] - Object '' is present

2018-08-30 16:05:49 - [MESSAGE][PASSED] - beautytap.ShopAction.VerifyProductIsAddedToCart is PASSED

2018-08-30 16:05:49 - [TEST_STEP][PASSED] - beautytap.ShopAction.goToCart: beautytap.ShopAction.goToCart is PASSED

2018-08-30 16:05:58 - [MESSAGE][PASSED] - Object: 'Object Repository/Page_General/icon_cart' is clicked on

2018-08-30 16:05:58 - [MESSAGE][PASSED] - Wait for page load successfully

2018-08-30 16:05:58 - [MESSAGE][PASSED] - beautytap.ShopAction.goToCart is PASSED

2018-08-30 16:05:58 - [TEST_STEP][PASSED] - beautytap.ShopAction.VerifyProductInCart: Keyword VerifyProductInCart is Passed

2018-08-30 16:05:58 - [MESSAGE][PASSED] - Object '' is present

2018-08-30 16:05:58 - [MESSAGE][PASSED] - Text of object '' is: '$4.95'

2018-08-30 16:05:58 - [MESSAGE][PASSED] - Attribute 'value' of object '' is: '5'

2018-08-30 16:05:58 - [MESSAGE][PASSED] - Text of object '' is: '$24.75'

2018-08-30 16:05:58 - [MESSAGE][PASSED] - Keyword VerifyProductInCart is Passed

2018-08-30 16:05:58 - [TEST_STEP][PASSED] - beautytap.ShopAction.loginAmazonPay: beautytap.ShopAction.loginAmazonPay is PASSED

2018-08-30 16:05:59 - [MESSAGE][PASSED] - Object: 'Object Repository/Page_Cart/btn_payWithAmazon' is clicked on

2018-08-30 16:05:59 - [MESSAGE][PASSED] - Switched to window with index: '1'

2018-08-30 16:06:03 - [MESSAGE][PASSED] - Object 'Object Repository/Popup_Amazon/txt_email' is present

2018-08-30 16:06:03 - [MESSAGE][PASSED] - Text of object 'Object Repository/Popup_Amazon/txt_email' is cleared

2018-08-30 16:06:03 - [MESSAGE][PASSED] - Keys 'amazontest1503@yopmail.com' sent to object: 'Object Repository/Popup_Amazon/txt_email'

2018-08-30 16:06:03 - [MESSAGE][PASSED] - Text of object 'Object Repository/Popup_Amazon/txt_password' is cleared

2018-08-30 16:06:03 - [MESSAGE][PASSED] - Keys '123456' sent to object: 'Object Repository/Popup_Amazon/txt_password'

2018-08-30 16:06:07 - [MESSAGE][PASSED] - Object: 'Object Repository/Popup_Amazon/btn_signin' is clicked on

2018-08-30 16:06:07 - [MESSAGE][PASSED] - Switched to window with index: '0'

2018-08-30 16:06:37 - [MESSAGE][PASSED] - Delayed 30 second(s)

2018-08-30 16:06:37 - [MESSAGE][PASSED] - beautytap.ShopAction.loginAmazonPay is PASSED

2018-08-30 16:06:37 - [TEST_STEP][PASSED] - beautytap.ShopAction.selectShipping: beautytap.ShopAction.selectShipping is PASSED

2018-08-30 16:06:38 - [MESSAGE][PASSED] - Object '' is checked

2018-08-30 16:06:43 - [MESSAGE][PASSED] - Delayed 5 second(s)

2018-08-30 16:06:43 - [MESSAGE][PASSED] - beautytap.ShopAction.selectShipping is PASSED

2018-08-30 16:06:43 - [TEST_STEP][PASSED] - beautytap.ShopAction.VerifyOrderDetailsOnCheckout: Keyword VerifyOrderDetailsOnCheckout is Passed

2018-08-30 16:06:43 - [MESSAGE][PASSED] - Object '' is present

2018-08-30 16:06:43 - [MESSAGE][PASSED] - Text of object '' is: '$24.75'

2018-08-30 16:06:43 - [MESSAGE][PASSED] - Object '' has attribute 'checked'

2018-08-30 16:06:43 - [MESSAGE][PASSED] - Text of object '' is: '($25) - EMS Express shipping (est. 10-14 working days delivery including processing): $25.00'

2018-08-30 16:06:43 - [MESSAGE][PASSED] - Text of object '' is: '$25.00'

2018-08-30 16:06:43 - [MESSAGE][PASSED] - Text of object '' is: '$49.75'

2018-08-30 16:06:43 - [MESSAGE][PASSED] - Keyword VerifyOrderDetailsOnCheckout is Passed

2018-08-30 16:06:43 - [TEST_STEP][PASSED] - beautytap.ShopAction.checkoutViaAmazonPay: beautytap.ShopAction.checkoutViaAmazonPay is PASSED

2018-08-30 16:06:43 - [MESSAGE][PASSED] - Object 'Object Repository/Page_Checkout/chk_terms' is clickable

2018-08-30 16:06:43 - [MESSAGE][PASSED] - Object 'Object Repository/Page_Checkout/chk_terms' is checked

2018-08-30 16:06:44 - [MESSAGE][PASSED] - Object: 'Object Repository/Page_Checkout/btn_placeOrder' is clicked on

2018-08-30 16:06:59 - [MESSAGE][PASSED] - Object 'Object Repository/Page_Checkout/lbl_orderReceived' is present

2018-08-30 16:06:59 - [MESSAGE][PASSED] - beautytap.ShopAction.checkoutViaAmazonPay is PASSED

2018-08-30 16:06:59 - [TEST_STEP][PASSED] - beautytap.ShopAction.VerifyOrderReceivedDetails: Keyword VerifyOrderReceivedDetails is Passed

2018-08-30 16:06:59 - [MESSAGE][PASSED] - Object '' is present

2018-08-30 16:07:00 - [MESSAGE][PASSED] - Text of object '' is: '$24.75'

2018-08-30 16:07:00 - [MESSAGE][PASSED] - Text of object '' is: '$25.00 via ($25) - EMS Express shipping (est. 10-14 working days delivery including processing)'

2018-08-30 16:07:00 - [MESSAGE][PASSED] - Object '' is present

2018-08-30 16:07:00 - [MESSAGE][PASSED] - Text of object '' is: '$25.00'

2018-08-30 16:07:00 - [MESSAGE][PASSED] - Text of object '' is: 'Amazon Pay'

2018-08-30 16:07:00 - [MESSAGE][PASSED] - Text of object '' is: '$49.75'

2018-08-30 16:07:00 - [MESSAGE][PASSED] - Keyword VerifyOrderReceivedDetails is Passed

2018-08-30 16:07:00 - [TEST_STEP][PASSED] - closeBrowser: Browser is closed

2018-08-30 16:07:01 - [MESSAGE][PASSED] - Browser is closed]]></system-out>
         <system-err><![CDATA[]]></system-err>
      </testcase>
      <system-out><![CDATA[2018-08-30 15:46:22 - [TEST_SUITE][FAILED] - TS1: Test Cases/Shop/TC05_Browse_SimpleProduct_NotSale_PayPal_GreaterThan60LessThan200 FAILED because (of) Unable to check object 'Object Repository/Page_Checkout/chk_terms' (Root cause: org.openqa.selenium.WebDriverException: unknown error: Element <input type="checkbox" class="woocommerce-form__input woocommerce-form__input-checkbox input-checkbox" name="terms" id="terms"> is not clickable at point (496, 419). Other element would receive the click: <div class="form-row place-order">...</div>
  (Session info: chrome=68.0.3440.106)
  (Driver info: chromedriver=2.35.528161 (5b82f2d2aae0ca24b877009200ced9065a772e73),platform=Windows NT 10.0.17134 x86_64) (WARNING: The server did not provide any stacktrace information)
Command duration or timeout: 0 milliseconds
Build info: version: '3.7.1', revision: '8a0099a', time: '2017-11-06T21:07:36.161Z'
System info: host: 'DESKTOP-G1UHP65', ip: '10.0.0.151', os.name: 'Windows 10', os.arch: 'amd64', os.version: '10.0', java.version: '1.8.0_102'
Driver info: com.kms.katalon.selenium.driver.CChromeDriver
Capabilities {acceptInsecureCerts: false, acceptSslCerts: false, applicationCacheEnabled: false, browserConnectionEnabled: false, browserName: chrome, chrome: {chromedriverVersion: 2.35.528161 (5b82f2d2aae0ca..., userDataDir: C:\Users\TRANGN~1\AppData\L...}, cssSelectorsEnabled: true, databaseEnabled: false, handlesAlerts: true, hasTouchScreen: false, javascriptEnabled: true, locationContextEnabled: true, mobileEmulationEnabled: false, nativeEvents: true, networkConnectionEnabled: false, pageLoadStrategy: normal, platform: XP, platformName: XP, rotatable: false, setWindowRect: true, takesHeapSnapshot: true, takesScreenshot: true, unexpectedAlertBehaviour: , unhandledPromptBehavior: , version: 68.0.3440.106, webStorageEnabled: true}
Session ID: eac1c3b33e52936777cc1215165242cb)]]></system-out>
      <system-err><![CDATA[2018-08-30 15:46:22 - [TEST_SUITE][FAILED] - TS1: Test Cases/Shop/TC05_Browse_SimpleProduct_NotSale_PayPal_GreaterThan60LessThan200 FAILED because (of) Unable to check object 'Object Repository/Page_Checkout/chk_terms' (Root cause: org.openqa.selenium.WebDriverException: unknown error: Element <input type="checkbox" class="woocommerce-form__input woocommerce-form__input-checkbox input-checkbox" name="terms" id="terms"> is not clickable at point (496, 419). Other element would receive the click: <div class="form-row place-order">...</div>
  (Session info: chrome=68.0.3440.106)
  (Driver info: chromedriver=2.35.528161 (5b82f2d2aae0ca24b877009200ced9065a772e73),platform=Windows NT 10.0.17134 x86_64) (WARNING: The server did not provide any stacktrace information)
Command duration or timeout: 0 milliseconds
Build info: version: '3.7.1', revision: '8a0099a', time: '2017-11-06T21:07:36.161Z'
System info: host: 'DESKTOP-G1UHP65', ip: '10.0.0.151', os.name: 'Windows 10', os.arch: 'amd64', os.version: '10.0', java.version: '1.8.0_102'
Driver info: com.kms.katalon.selenium.driver.CChromeDriver
Capabilities {acceptInsecureCerts: false, acceptSslCerts: false, applicationCacheEnabled: false, browserConnectionEnabled: false, browserName: chrome, chrome: {chromedriverVersion: 2.35.528161 (5b82f2d2aae0ca..., userDataDir: C:\Users\TRANGN~1\AppData\L...}, cssSelectorsEnabled: true, databaseEnabled: false, handlesAlerts: true, hasTouchScreen: false, javascriptEnabled: true, locationContextEnabled: true, mobileEmulationEnabled: false, nativeEvents: true, networkConnectionEnabled: false, pageLoadStrategy: normal, platform: XP, platformName: XP, rotatable: false, setWindowRect: true, takesHeapSnapshot: true, takesScreenshot: true, unexpectedAlertBehaviour: , unhandledPromptBehavior: , version: 68.0.3440.106, webStorageEnabled: true}
Session ID: eac1c3b33e52936777cc1215165242cb)]]></system-err>
   </testsuite>
</testsuites>
