<?xml version="1.0" encoding="UTF-8"?>
<testsuites name="Regression" time="1452" tests="7" failures="1" errors="0">
   <testsuite name="Regression" tests="7" failures="1" errors="0" time="1452" timestamp="2018-09-27 15:36:29" hostname="Trang Nguyen - 192.168.1.8" id="Test Suites/Regression">
      <properties>
         <property name="deviceName" value=""/>
         <property name="devicePlatform" value=""/>
         <property name="logFolder" value="E:\\BeautytapAutomation\\beautytapAuto\\Beautytap\\Reports\\Regression\\20180927_153625"/>
         <property name="logFiles" value="E:\\BeautytapAutomation\\beautytapAuto\\Beautytap\\Reports\\Regression\\20180927_153625\\execution0.log"/>
         <property name="attachments" value="E:\\BeautytapAutomation\\beautytapAuto\\Beautytap\\Reports\\Regression\\20180927_153625\\1538037602581.png, E:\\BeautytapAutomation\\beautytapAuto\\Beautytap\\Reports\\Regression\\20180927_153625\\1538037602881.png, E:\\BeautytapAutomation\\beautytapAuto\\Beautytap\\Reports\\Regression\\20180927_153625\\1538037683282.png, E:\\BeautytapAutomation\\beautytapAuto\\Beautytap\\Reports\\Regression\\20180927_153625\\1538037683562.png, E:\\BeautytapAutomation\\beautytapAuto\\Beautytap\\Reports\\Regression\\20180927_153625\\1538037818658.png, E:\\BeautytapAutomation\\beautytapAuto\\Beautytap\\Reports\\Regression\\20180927_153625\\1538037818941.png, E:\\BeautytapAutomation\\beautytapAuto\\Beautytap\\Reports\\Regression\\20180927_153625\\1538037964267.png, E:\\BeautytapAutomation\\beautytapAuto\\Beautytap\\Reports\\Regression\\20180927_153625\\1538038044794.png, E:\\BeautytapAutomation\\beautytapAuto\\Beautytap\\Reports\\Regression\\20180927_153625\\1538038224792.png, E:\\BeautytapAutomation\\beautytapAuto\\Beautytap\\Reports\\Regression\\20180927_153625\\1538038361013.png, E:\\BeautytapAutomation\\beautytapAuto\\Beautytap\\Reports\\Regression\\20180927_153625\\1538038397547.png, E:\\BeautytapAutomation\\beautytapAuto\\Beautytap\\Reports\\Regression\\20180927_153625\\1538038488545.png, E:\\BeautytapAutomation\\beautytapAuto\\Beautytap\\Reports\\Regression\\20180927_153625\\1538038564283.png, E:\\BeautytapAutomation\\beautytapAuto\\Beautytap\\Reports\\Regression\\20180927_153625\\1538038595913.png, E:\\BeautytapAutomation\\beautytapAuto\\Beautytap\\Reports\\Regression\\20180927_153625\\1538038608957.png, E:\\BeautytapAutomation\\beautytapAuto\\Beautytap\\Reports\\Regression\\20180927_153625\\1538038627706.png, E:\\BeautytapAutomation\\beautytapAuto\\Beautytap\\Reports\\Regression\\20180927_153625\\1538038710262.png, E:\\BeautytapAutomation\\beautytapAuto\\Beautytap\\Reports\\Regression\\20180927_153625\\1538038748271.png, E:\\BeautytapAutomation\\beautytapAuto\\Beautytap\\Reports\\Regression\\20180927_153625\\1538038772496.png"/>
         <property name="hostName" value="Trang Nguyen - 192.168.1.8"/>
         <property name="os" value="Windows 10 64bit"/>
         <property name="katalonVersion" value="5.5.0.1"/>
         <property name="browser" value="Chrome 69.0.3497.100"/>
         <property name="hostAddress" value="192.168.1.8"/>
         <property name="sessionId" value="7ced0f461bb8901f173bf64fbecef4b3"/>
         <property name="seleniumVersion" value="3.7.1"/>
         <property name="proxyInformation" value="ProxyInformation{proxyOption=NO_PROXY, proxyServerType=HTTP, password=, proxyServerAddress=, proxyServerPort=0}"/>
         <property name="platform" value="Windows 10"/>
      </properties>
      <testcase name="Test Cases/SignUp_Login_ResetPass/TC01_SignUp_Login_ResetPassword_Via_Email" classname="Test Cases/SignUp_Login_ResetPass/TC01_SignUp_Login_ResetPassword_Via_Email" status="PASSED">
         <system-out><![CDATA[2018-09-27 15:36:30 - [TEST_CASE][PASSED] - Test Cases/SignUp_Login_ResetPass/TC01_SignUp_Login_ResetPassword_Via_Email: Test Cases/SignUp_Login_ResetPass/TC01_SignUp_Login_ResetPassword_Via_Email

2018-09-27 15:36:31 - [TEST_STEP][PASSED] - Statement - r_string = new java.lang.Math().random().toString().substring(2, 8): null

2018-09-27 15:36:31 - [TEST_STEP][PASSED] - Statement - username = "auto" + r_string: null

2018-09-27 15:36:31 - [TEST_STEP][PASSED] - Statement - email = username + "@mailinator.com": null

2018-09-27 15:36:31 - [TEST_STEP][PASSED] - Statement - password = "123456": null

2018-09-27 15:36:31 - [TEST_STEP][PASSED] - Statement - newpassword = "test123": null

2018-09-27 15:36:31 - [TEST_STEP][PASSED] - Statement - name = "Auto User " + r_string: null

2018-09-27 15:36:31 - [TEST_STEP][PASSED] - Statement - birthday = "01/01/1990": null

2018-09-27 15:36:31 - [TEST_STEP][PASSED] - Statement - activation_subject = SITE_TITLE + " Activate your account": null

2018-09-27 15:36:31 - [TEST_STEP][PASSED] - Statement - resetpass_subject = SITE_TITLE + " Password Reset": null

2018-09-27 15:36:31 - [TEST_STEP][PASSED] - beautytap.GeneralAction.openBeautytap: beautytap.GeneralAction.openBeautytap is PASSED

2018-09-27 15:36:50 - [MESSAGE][PASSED] - Browser is opened with url: 'https://stage.beautytap.com'

2018-09-27 15:36:51 - [MESSAGE][PASSED] - Current window maximized

2018-09-27 15:36:55 - [MESSAGE][PASSED] - Refresh successfully

2018-09-27 15:36:55 - [MESSAGE][PASSED] - Wait for page load successfully

2018-09-27 15:36:55 - [MESSAGE][PASSED] - beautytap.GeneralAction.openBeautytap is PASSED

2018-09-27 15:36:55 - [TEST_STEP][PASSED] - beautytap.GeneralAction.clickNavigationMenu: beautytap.GeneralAction.clickNavigationMenu is PASSED

2018-09-27 15:36:58 - [MESSAGE][PASSED] - Object: 'Object Repository/Page_General/link_signup' is clicked on

2018-09-27 15:36:58 - [MESSAGE][PASSED] - Wait for page load successfully

2018-09-27 15:36:58 - [MESSAGE][PASSED] - beautytap.GeneralAction.clickNavigationMenu is PASSED

2018-09-27 15:36:58 - [TEST_STEP][PASSED] - beautytap.GeneralAction.signup: beautytap.GeneralAction.signup is PASSED

2018-09-27 15:36:59 - [MESSAGE][PASSED] - Keys 'auto346451' sent to object: 'Object Repository/Page_Signup/txt_username'

2018-09-27 15:36:59 - [MESSAGE][PASSED] - Keys 'auto346451@mailinator.com' sent to object: 'Object Repository/Page_Signup/txt_email'

2018-09-27 15:36:59 - [MESSAGE][PASSED] - Keys '123456' sent to object: 'Object Repository/Page_Signup/txt_password'

2018-09-27 15:37:00 - [MESSAGE][PASSED] - Keys 'Auto User 346451' sent to object: 'Object Repository/Page_Signup/txt_name'

2018-09-27 15:37:00 - [MESSAGE][PASSED] - Keys '01/01/1990' sent to object: 'Object Repository/Page_Signup/txt_birthday'

2018-09-27 15:37:01 - [MESSAGE][PASSED] - Object: 'Object Repository/Page_Signup/btn_signup' is clicked on

2018-09-27 15:37:01 - [MESSAGE][PASSED] - Wait for page load successfully

2018-09-27 15:37:01 - [MESSAGE][PASSED] - beautytap.GeneralAction.signup is PASSED

2018-09-27 15:37:01 - [TEST_STEP][PASSED] - verifyElementPresent: Object 'Object Repository/Page_Signup/lbl_sucessMessage' is present

2018-09-27 15:37:06 - [MESSAGE][PASSED] - Object 'Object Repository/Page_Signup/lbl_sucessMessage' is present

2018-09-27 15:37:06 - [TEST_STEP][PASSED] - beautytap.GeneralAction.openMailBox: beautytap.GeneralAction.openMailBox is PASSED

2018-09-27 15:37:10 - [MESSAGE][PASSED] - Navigate to 'https://www.mailinator.com' successfully

2018-09-27 15:37:10 - [MESSAGE][PASSED] - Wait for page load successfully

2018-09-27 15:37:10 - [MESSAGE][PASSED] - Keys 'auto346451' sent to object: 'Object Repository/Page_mailinator/txt_email'

2018-09-27 15:37:12 - [MESSAGE][PASSED] - Object: 'Object Repository/Page_mailinator/btn_go' is clicked on

2018-09-27 15:37:12 - [MESSAGE][PASSED] - Wait for page load successfully

2018-09-27 15:37:17 - [MESSAGE][PASSED] - Delayed 5 second(s)

2018-09-27 15:37:17 - [MESSAGE][PASSED] - beautytap.GeneralAction.openMailBox is PASSED

2018-09-27 15:37:17 - [TEST_STEP][PASSED] - beautytap.GeneralAction.verifyEmailExist: beautytap.GeneralAction.verifyEmailExist is PASSED

2018-09-27 15:37:17 - [MESSAGE][PASSED] - Object '' is present

2018-09-27 15:37:17 - [MESSAGE][PASSED] - beautytap.GeneralAction.verifyEmailExist is PASSED

2018-09-27 15:37:17 - [TEST_STEP][PASSED] - beautytap.GeneralAction.openEmail: beautytap.GeneralAction.openEmail is PASSED

2018-09-27 15:37:17 - [MESSAGE][PASSED] - Object: '' is clicked on

2018-09-27 15:37:17 - [MESSAGE][PASSED] - beautytap.GeneralAction.openEmail is PASSED

2018-09-27 15:37:17 - [TEST_STEP][PASSED] - beautytap.GeneralAction.clickEmailLink: beautytap.GeneralAction.clickEmailLink is PASSED

2018-09-27 15:37:18 - [MESSAGE][PASSED] - Text of object '' is: 'https://stage.beautytap.com/activate/j7AusZPZA9YFAoA7Mqsbsxshaw1dLa7z/'

2018-09-27 15:37:31 - [MESSAGE][PASSED] - Navigate to 'https://stage.beautytap.com/activate/j7AusZPZA9YFAoA7Mqsbsxshaw1dLa7z/' successfully

2018-09-27 15:37:31 - [MESSAGE][PASSED] - beautytap.GeneralAction.clickEmailLink is PASSED

2018-09-27 15:37:31 - [TEST_STEP][PASSED] - waitForPageLoad: Wait for page load successfully

2018-09-27 15:37:31 - [MESSAGE][PASSED] - Wait for page load successfully

2018-09-27 15:37:31 - [TEST_STEP][PASSED] - verifyElementPresent: Object 'Object Repository/Page_General/lbl_activeSuccessMessage' is present

2018-09-27 15:37:31 - [MESSAGE][PASSED] - Object 'Object Repository/Page_General/lbl_activeSuccessMessage' is present

2018-09-27 15:37:31 - [TEST_STEP][PASSED] - beautytap.GeneralAction.clickNavigationMenu: beautytap.GeneralAction.clickNavigationMenu is PASSED

2018-09-27 15:37:33 - [MESSAGE][PASSED] - Object: 'Object Repository/Page_General/link_login' is clicked on

2018-09-27 15:37:33 - [MESSAGE][PASSED] - Wait for page load successfully

2018-09-27 15:37:33 - [MESSAGE][PASSED] - beautytap.GeneralAction.clickNavigationMenu is PASSED

2018-09-27 15:37:33 - [TEST_STEP][PASSED] - beautytap.GeneralAction.login: beautytap.GeneralAction.login is PASSED

2018-09-27 15:37:34 - [MESSAGE][PASSED] - Text of object 'Object Repository/Page_login/txt_username' is cleared

2018-09-27 15:37:34 - [MESSAGE][PASSED] - Keys 'auto346451' sent to object: 'Object Repository/Page_login/txt_username'

2018-09-27 15:37:34 - [MESSAGE][PASSED] - Text of object 'Object Repository/Page_login/txt_password' is cleared

2018-09-27 15:37:34 - [MESSAGE][PASSED] - Keys '123456' sent to object: 'Object Repository/Page_login/txt_password'

2018-09-27 15:37:34 - [MESSAGE][PASSED] - Object: 'Object Repository/Page_login/btn_login' is clicked on

2018-09-27 15:37:34 - [MESSAGE][PASSED] - Wait for page load successfully

2018-09-27 15:37:34 - [MESSAGE][PASSED] - beautytap.GeneralAction.login is PASSED

2018-09-27 15:37:34 - [TEST_STEP][PASSED] - verifyElementPresent: Object 'Object Repository/Page_General/link_avatar' is present

2018-09-27 15:37:44 - [MESSAGE][PASSED] - Object 'Object Repository/Page_General/link_avatar' is present

2018-09-27 15:37:44 - [TEST_STEP][PASSED] - beautytap.GeneralAction.logout: beautytap.GeneralAction.logout is PASSED

2018-09-27 15:37:45 - [MESSAGE][PASSED] - Object: 'Object Repository/Page_General/link_avatar' is clicked on

2018-09-27 15:37:45 - [MESSAGE][PASSED] - Object 'Object Repository/Page_General/menu_logout' is present

2018-09-27 15:37:45 - [MESSAGE][PASSED] - Object: 'Object Repository/Page_General/menu_logout' is clicked on

2018-09-27 15:37:45 - [MESSAGE][PASSED] - Wait for page load successfully

2018-09-27 15:37:45 - [MESSAGE][PASSED] - beautytap.GeneralAction.logout is PASSED

2018-09-27 15:37:45 - [TEST_STEP][PASSED] - beautytap.GeneralAction.clickNavigationMenu: beautytap.GeneralAction.clickNavigationMenu is PASSED

2018-09-27 15:37:52 - [MESSAGE][PASSED] - Object: 'Object Repository/Page_General/link_login' is clicked on

2018-09-27 15:37:52 - [MESSAGE][PASSED] - Wait for page load successfully

2018-09-27 15:37:52 - [MESSAGE][PASSED] - beautytap.GeneralAction.clickNavigationMenu is PASSED

2018-09-27 15:37:52 - [TEST_STEP][PASSED] - beautytap.GeneralAction.login: beautytap.GeneralAction.login is PASSED

2018-09-27 15:37:52 - [MESSAGE][PASSED] - Text of object 'Object Repository/Page_login/txt_username' is cleared

2018-09-27 15:37:52 - [MESSAGE][PASSED] - Keys 'auto346451@mailinator.com' sent to object: 'Object Repository/Page_login/txt_username'

2018-09-27 15:37:52 - [MESSAGE][PASSED] - Text of object 'Object Repository/Page_login/txt_password' is cleared

2018-09-27 15:37:52 - [MESSAGE][PASSED] - Keys '123456' sent to object: 'Object Repository/Page_login/txt_password'

2018-09-27 15:37:53 - [MESSAGE][PASSED] - Object: 'Object Repository/Page_login/btn_login' is clicked on

2018-09-27 15:37:53 - [MESSAGE][PASSED] - Wait for page load successfully

2018-09-27 15:37:53 - [MESSAGE][PASSED] - beautytap.GeneralAction.login is PASSED

2018-09-27 15:37:53 - [TEST_STEP][PASSED] - verifyElementPresent: Object 'Object Repository/Page_General/link_avatar' is present

2018-09-27 15:38:01 - [MESSAGE][PASSED] - Object 'Object Repository/Page_General/link_avatar' is present

2018-09-27 15:38:01 - [TEST_STEP][PASSED] - beautytap.GeneralAction.logout: beautytap.GeneralAction.logout is PASSED

2018-09-27 15:38:01 - [MESSAGE][PASSED] - Object: 'Object Repository/Page_General/link_avatar' is clicked on

2018-09-27 15:38:02 - [MESSAGE][PASSED] - Object 'Object Repository/Page_General/menu_logout' is present

2018-09-27 15:38:02 - [MESSAGE][PASSED] - Object: 'Object Repository/Page_General/menu_logout' is clicked on

2018-09-27 15:38:02 - [MESSAGE][PASSED] - Wait for page load successfully

2018-09-27 15:38:02 - [MESSAGE][PASSED] - beautytap.GeneralAction.logout is PASSED

2018-09-27 15:38:02 - [TEST_STEP][PASSED] - beautytap.GeneralAction.clickNavigationMenu: beautytap.GeneralAction.clickNavigationMenu is PASSED

2018-09-27 15:38:09 - [MESSAGE][PASSED] - Object: 'Object Repository/Page_General/link_login' is clicked on

2018-09-27 15:38:09 - [MESSAGE][PASSED] - Wait for page load successfully

2018-09-27 15:38:09 - [MESSAGE][PASSED] - beautytap.GeneralAction.clickNavigationMenu is PASSED

2018-09-27 15:38:09 - [TEST_STEP][PASSED] - click: Object: 'Object Repository/Page_Login/link_forgotPassword' is clicked on

2018-09-27 15:38:11 - [MESSAGE][PASSED] - Object: 'Object Repository/Page_Login/link_forgotPassword' is clicked on

2018-09-27 15:38:11 - [TEST_STEP][PASSED] - sendKeys: Keys 'auto346451' sent to object: 'Object Repository/Page_ForgotPassword/txt_usernameOrEmail'

2018-09-27 15:38:11 - [MESSAGE][PASSED] - Keys 'auto346451' sent to object: 'Object Repository/Page_ForgotPassword/txt_usernameOrEmail'

2018-09-27 15:38:11 - [TEST_STEP][PASSED] - click: Object: 'Object Repository/Page_ForgotPassword/btn_forgotPassword' is clicked on

2018-09-27 15:38:12 - [MESSAGE][PASSED] - Object: 'Object Repository/Page_ForgotPassword/btn_forgotPassword' is clicked on

2018-09-27 15:38:12 - [TEST_STEP][PASSED] - verifyElementPresent: Object 'Object Repository/Page_ForgotPassword/lbl_sucessMessage' is present

2018-09-27 15:38:15 - [MESSAGE][PASSED] - Object 'Object Repository/Page_ForgotPassword/lbl_sucessMessage' is present

2018-09-27 15:38:15 - [TEST_STEP][PASSED] - beautytap.GeneralAction.openMailBox: beautytap.GeneralAction.openMailBox is PASSED

2018-09-27 15:38:16 - [MESSAGE][PASSED] - Navigate to 'https://www.mailinator.com' successfully

2018-09-27 15:38:16 - [MESSAGE][PASSED] - Wait for page load successfully

2018-09-27 15:38:17 - [MESSAGE][PASSED] - Keys 'auto346451' sent to object: 'Object Repository/Page_mailinator/txt_email'

2018-09-27 15:38:18 - [MESSAGE][PASSED] - Object: 'Object Repository/Page_mailinator/btn_go' is clicked on

2018-09-27 15:38:18 - [MESSAGE][PASSED] - Wait for page load successfully

2018-09-27 15:38:23 - [MESSAGE][PASSED] - Delayed 5 second(s)

2018-09-27 15:38:23 - [MESSAGE][PASSED] - beautytap.GeneralAction.openMailBox is PASSED

2018-09-27 15:38:23 - [TEST_STEP][PASSED] - beautytap.GeneralAction.verifyEmailExist: beautytap.GeneralAction.verifyEmailExist is PASSED

2018-09-27 15:38:23 - [MESSAGE][PASSED] - Object '' is present

2018-09-27 15:38:23 - [MESSAGE][PASSED] - beautytap.GeneralAction.verifyEmailExist is PASSED

2018-09-27 15:38:23 - [TEST_STEP][PASSED] - beautytap.GeneralAction.openEmail: beautytap.GeneralAction.openEmail is PASSED

2018-09-27 15:38:23 - [MESSAGE][PASSED] - Object: '' is clicked on

2018-09-27 15:38:23 - [MESSAGE][PASSED] - beautytap.GeneralAction.openEmail is PASSED

2018-09-27 15:38:23 - [TEST_STEP][PASSED] - beautytap.GeneralAction.clickEmailLink: beautytap.GeneralAction.clickEmailLink is PASSED

2018-09-27 15:38:24 - [MESSAGE][PASSED] - Text of object '' is: 'https://stage.beautytap.com/wp-login.php?action=rp&key=9TVkC9nHK3wJvjF0Ol6a&login=auto346451'

2018-09-27 15:38:27 - [MESSAGE][PASSED] - Navigate to 'https://stage.beautytap.com/wp-login.php?action=rp&key=9TVkC9nHK3wJvjF0Ol6a&login=auto346451' successfully

2018-09-27 15:38:27 - [MESSAGE][PASSED] - beautytap.GeneralAction.clickEmailLink is PASSED

2018-09-27 15:38:27 - [TEST_STEP][PASSED] - delay: Delayed 20 second(s)

2018-09-27 15:38:47 - [MESSAGE][PASSED] - Delayed 20 second(s)

2018-09-27 15:38:47 - [TEST_STEP][PASSED] - clearText: Text of object 'Object Repository/Page_ForgotPassword/txt_newPassword' is cleared

2018-09-27 15:38:47 - [MESSAGE][PASSED] - Text of object 'Object Repository/Page_ForgotPassword/txt_newPassword' is cleared

2018-09-27 15:38:47 - [TEST_STEP][PASSED] - sendKeys: Keys 'test123' sent to object: 'Object Repository/Page_ForgotPassword/txt_newPassword'

2018-09-27 15:38:47 - [MESSAGE][PASSED] - Keys 'test123' sent to object: 'Object Repository/Page_ForgotPassword/txt_newPassword'

2018-09-27 15:38:47 - [TEST_STEP][PASSED] - click: Object: 'Object Repository/Page_ForgotPassword/btn_resetPassword' is clicked on

2018-09-27 15:38:53 - [MESSAGE][PASSED] - Object: 'Object Repository/Page_ForgotPassword/btn_resetPassword' is clicked on

2018-09-27 15:38:53 - [TEST_STEP][PASSED] - verifyElementPresent: Object 'Object Repository/Page_ForgotPassword/lbl_resetPasswordMessage' is present

2018-09-27 15:38:53 - [MESSAGE][PASSED] - Object 'Object Repository/Page_ForgotPassword/lbl_resetPasswordMessage' is present

2018-09-27 15:38:53 - [TEST_STEP][PASSED] - beautytap.GeneralAction.clickNavigationMenu: beautytap.GeneralAction.clickNavigationMenu is PASSED

2018-09-27 15:38:56 - [MESSAGE][PASSED] - Object: 'Object Repository/Page_General/link_login' is clicked on

2018-09-27 15:38:56 - [MESSAGE][PASSED] - Wait for page load successfully

2018-09-27 15:38:56 - [MESSAGE][PASSED] - beautytap.GeneralAction.clickNavigationMenu is PASSED

2018-09-27 15:38:56 - [TEST_STEP][PASSED] - beautytap.GeneralAction.login: beautytap.GeneralAction.login is PASSED

2018-09-27 15:38:56 - [MESSAGE][PASSED] - Text of object 'Object Repository/Page_login/txt_username' is cleared

2018-09-27 15:38:56 - [MESSAGE][PASSED] - Keys 'auto346451' sent to object: 'Object Repository/Page_login/txt_username'

2018-09-27 15:38:56 - [MESSAGE][PASSED] - Text of object 'Object Repository/Page_login/txt_password' is cleared

2018-09-27 15:38:56 - [MESSAGE][PASSED] - Keys '123456' sent to object: 'Object Repository/Page_login/txt_password'

2018-09-27 15:38:56 - [MESSAGE][PASSED] - Object: 'Object Repository/Page_login/btn_login' is clicked on

2018-09-27 15:38:56 - [MESSAGE][PASSED] - Wait for page load successfully

2018-09-27 15:38:56 - [MESSAGE][PASSED] - beautytap.GeneralAction.login is PASSED

2018-09-27 15:38:56 - [TEST_STEP][PASSED] - verifyElementText: Actual text and expected text of test object 'Object Repository/Page_Login/lbl_errorMessage' are matched.

2018-09-27 15:38:57 - [MESSAGE][PASSED] - Actual text and expected text of test object 'Object Repository/Page_Login/lbl_errorMessage' are matched.

2018-09-27 15:38:57 - [TEST_STEP][PASSED] - beautytap.GeneralAction.login: beautytap.GeneralAction.login is PASSED

2018-09-27 15:38:57 - [MESSAGE][PASSED] - Text of object 'Object Repository/Page_login/txt_username' is cleared

2018-09-27 15:38:57 - [MESSAGE][PASSED] - Keys 'auto346451' sent to object: 'Object Repository/Page_login/txt_username'

2018-09-27 15:38:57 - [MESSAGE][PASSED] - Text of object 'Object Repository/Page_login/txt_password' is cleared

2018-09-27 15:38:57 - [MESSAGE][PASSED] - Keys 'test123' sent to object: 'Object Repository/Page_login/txt_password'

2018-09-27 15:38:58 - [MESSAGE][PASSED] - Object: 'Object Repository/Page_login/btn_login' is clicked on

2018-09-27 15:38:58 - [MESSAGE][PASSED] - Wait for page load successfully

2018-09-27 15:38:58 - [MESSAGE][PASSED] - beautytap.GeneralAction.login is PASSED

2018-09-27 15:38:58 - [TEST_STEP][PASSED] - verifyElementPresent: Object 'Object Repository/Page_General/link_avatar' is present

2018-09-27 15:39:09 - [MESSAGE][PASSED] - Object 'Object Repository/Page_General/link_avatar' is present

2018-09-27 15:39:09 - [TEST_STEP][PASSED] - beautytap.GeneralAction.logout: beautytap.GeneralAction.logout is PASSED

2018-09-27 15:39:09 - [MESSAGE][PASSED] - Object: 'Object Repository/Page_General/link_avatar' is clicked on

2018-09-27 15:39:09 - [MESSAGE][PASSED] - Object 'Object Repository/Page_General/menu_logout' is present

2018-09-27 15:39:09 - [MESSAGE][PASSED] - Object: 'Object Repository/Page_General/menu_logout' is clicked on

2018-09-27 15:39:09 - [MESSAGE][PASSED] - Wait for page load successfully

2018-09-27 15:39:09 - [MESSAGE][PASSED] - beautytap.GeneralAction.logout is PASSED

2018-09-27 15:39:09 - [TEST_STEP][PASSED] - beautytap.GeneralAction.clickNavigationMenu: beautytap.GeneralAction.clickNavigationMenu is PASSED

2018-09-27 15:39:16 - [MESSAGE][PASSED] - Object: 'Object Repository/Page_General/link_login' is clicked on

2018-09-27 15:39:16 - [MESSAGE][PASSED] - Wait for page load successfully

2018-09-27 15:39:16 - [MESSAGE][PASSED] - beautytap.GeneralAction.clickNavigationMenu is PASSED

2018-09-27 15:39:16 - [TEST_STEP][PASSED] - beautytap.GeneralAction.login: beautytap.GeneralAction.login is PASSED

2018-09-27 15:39:16 - [MESSAGE][PASSED] - Text of object 'Object Repository/Page_login/txt_username' is cleared

2018-09-27 15:39:16 - [MESSAGE][PASSED] - Keys 'auto346451@mailinator.com' sent to object: 'Object Repository/Page_login/txt_username'

2018-09-27 15:39:16 - [MESSAGE][PASSED] - Text of object 'Object Repository/Page_login/txt_password' is cleared

2018-09-27 15:39:16 - [MESSAGE][PASSED] - Keys 'test123' sent to object: 'Object Repository/Page_login/txt_password'

2018-09-27 15:39:17 - [MESSAGE][PASSED] - Object: 'Object Repository/Page_login/btn_login' is clicked on

2018-09-27 15:39:17 - [MESSAGE][PASSED] - Wait for page load successfully

2018-09-27 15:39:17 - [MESSAGE][PASSED] - beautytap.GeneralAction.login is PASSED

2018-09-27 15:39:17 - [TEST_STEP][PASSED] - verifyElementPresent: Object 'Object Repository/Page_General/link_avatar' is present

2018-09-27 15:39:25 - [MESSAGE][PASSED] - Object 'Object Repository/Page_General/link_avatar' is present

2018-09-27 15:39:25 - [TEST_STEP][PASSED] - beautytap.GeneralAction.logout: beautytap.GeneralAction.logout is PASSED

2018-09-27 15:39:25 - [MESSAGE][PASSED] - Object: 'Object Repository/Page_General/link_avatar' is clicked on

2018-09-27 15:39:25 - [MESSAGE][PASSED] - Object 'Object Repository/Page_General/menu_logout' is present

2018-09-27 15:39:26 - [MESSAGE][PASSED] - Object: 'Object Repository/Page_General/menu_logout' is clicked on

2018-09-27 15:39:26 - [MESSAGE][PASSED] - Wait for page load successfully

2018-09-27 15:39:27 - [MESSAGE][PASSED] - Browser is closed

2018-09-27 15:39:27 - [MESSAGE][PASSED] - beautytap.GeneralAction.logout is PASSED]]></system-out>
         <system-err><![CDATA[]]></system-err>
      </testcase>
      <testcase name="Test Cases/SignUp_Login_ResetPass/TC02_SignUp_Login_ViaFacebookEmail_NewUser_OldUser" classname="Test Cases/SignUp_Login_ResetPass/TC02_SignUp_Login_ViaFacebookEmail_NewUser_OldUser" status="FAILED">
         <failure type="FAILED" message="Unable to verify object 'Object Repository/Page_General/link_avatar' is present (Root cause: com.kms.katalon.core.webui.exception.WebElementNotFoundException: Web element with id: 'Object Repository/Page_General/link_avatar' located by 'By.xpath: //div[@class='header-right-top pull-right']/a[@class='user']' not found)"/>
         <system-out><![CDATA[2018-09-27 15:39:29 - [TEST_CASE][FAILED] - Test Cases/SignUp_Login_ResetPass/TC02_SignUp_Login_ViaFacebookEmail_NewUser_OldUser: Test Cases/SignUp_Login_ResetPass/TC02_SignUp_Login_ViaFacebookEmail_NewUser_OldUser FAILED because (of) Unable to verify object 'Object Repository/Page_General/link_avatar' is present (Root cause: com.kms.katalon.core.webui.exception.WebElementNotFoundException: Web element with id: 'Object Repository/Page_General/link_avatar' located by 'By.xpath: //div[@class='header-right-top pull-right']/a[@class='user']' not found)

2018-09-27 15:39:29 - [TEST_STEP][PASSED] - beautytap.AdminAction.deleteUser: beautytap.AdminAction.deleteUser is PASSED

2018-09-27 15:39:36 - [MESSAGE][PASSED] - Browser is opened with url: 'https://stage.beautytap.com/login'

2018-09-27 15:39:37 - [MESSAGE][PASSED] - Current window maximized

2018-09-27 15:39:37 - [MESSAGE][PASSED] - Text of object 'Object Repository/Page_login/txt_username' is cleared

2018-09-27 15:39:38 - [MESSAGE][PASSED] - Keys 'mrwhite' sent to object: 'Object Repository/Page_login/txt_username'

2018-09-27 15:39:38 - [MESSAGE][PASSED] - Text of object 'Object Repository/Page_login/txt_password' is cleared

2018-09-27 15:39:38 - [MESSAGE][PASSED] - Keys 'kgySM$Im' sent to object: 'Object Repository/Page_login/txt_password'

2018-09-27 15:39:38 - [MESSAGE][PASSED] - Object: 'Object Repository/Page_login/btn_login' is clicked on

2018-09-27 15:39:38 - [MESSAGE][PASSED] - Wait for page load successfully

2018-09-27 15:39:38 - [MESSAGE][PASSED] - Wait for page load successfully

2018-09-27 15:39:45 - [MESSAGE][PASSED] - Navigate to 'https://stage.beautytap.com/admin' successfully

2018-09-27 15:39:45 - [MESSAGE][PASSED] - Wait for page load successfully

2018-09-27 15:39:51 - [MESSAGE][PASSED] - Object: 'Object Repository/Page_Admin/menu_users' is clicked on

2018-09-27 15:39:51 - [MESSAGE][PASSED] - Wait for page load successfully

2018-09-27 15:39:51 - [MESSAGE][PASSED] - Text of object 'Object Repository/Page_Admin/txt_searchUser' is cleared

2018-09-27 15:39:52 - [MESSAGE][PASSED] - Keys 'g5.posiba@gmail.com' sent to object: 'Object Repository/Page_Admin/txt_searchUser'

2018-09-27 15:39:55 - [MESSAGE][PASSED] - Object: 'Object Repository/Page_Admin/btn_searchUser' is clicked on

2018-09-27 15:39:55 - [MESSAGE][PASSED] - Wait for page load successfully

2018-09-27 15:39:55 - [MESSAGE][PASSED] - Text of object '' is: 'g5.posiba@gmail.com'

2018-09-27 15:39:55 - [MESSAGE][PASSED] - Attribute 'id' of object '' is: 'user-64405'

2018-09-27 15:39:55 - [MESSAGE][PASSED] - Object: '' is hovered

2018-09-27 15:40:00 - [MESSAGE][PASSED] - Delayed 5 second(s)

2018-09-27 15:40:02 - [MESSAGE][PASSED] - Object: '' is clicked on

2018-09-27 15:40:02 - [MESSAGE][FAILED] - No alert found
[[ATTACHMENT|E:\\BeautytapAutomation\\beautytapAuto\\Beautytap\\Reports\\Regression\\20180927_153625\\1538037602581.png]]

2018-09-27 15:40:03 - [MESSAGE][FAILED] - Unable to accept alert (Root cause: No alert found)
[[ATTACHMENT|E:\\BeautytapAutomation\\beautytapAuto\\Beautytap\\Reports\\Regression\\20180927_153625\\1538037602881.png]]

2018-09-27 15:40:03 - [MESSAGE][PASSED] - Browser is closed

2018-09-27 15:40:03 - [MESSAGE][PASSED] - beautytap.AdminAction.deleteUser is PASSED

2018-09-27 15:40:03 - [TEST_STEP][PASSED] - beautytap.GeneralAction.openBeautytap: beautytap.GeneralAction.openBeautytap is PASSED

2018-09-27 15:40:19 - [MESSAGE][PASSED] - Browser is opened with url: 'https://stage.beautytap.com'

2018-09-27 15:40:20 - [MESSAGE][PASSED] - Current window maximized

2018-09-27 15:40:24 - [MESSAGE][PASSED] - Refresh successfully

2018-09-27 15:40:24 - [MESSAGE][PASSED] - Wait for page load successfully

2018-09-27 15:40:24 - [MESSAGE][PASSED] - beautytap.GeneralAction.openBeautytap is PASSED

2018-09-27 15:40:24 - [TEST_STEP][PASSED] - beautytap.GeneralAction.clickNavigationMenu: beautytap.GeneralAction.clickNavigationMenu is PASSED

2018-09-27 15:40:27 - [MESSAGE][PASSED] - Object: 'Object Repository/Page_General/link_signup' is clicked on

2018-09-27 15:40:27 - [MESSAGE][PASSED] - Wait for page load successfully

2018-09-27 15:40:27 - [MESSAGE][PASSED] - beautytap.GeneralAction.clickNavigationMenu is PASSED

2018-09-27 15:40:27 - [TEST_STEP][PASSED] - beautytap.GeneralAction.signupViaFacebook: beautytap.GeneralAction.signupViaFacebook is PASSED

2018-09-27 15:40:27 - [MESSAGE][PASSED] - Object: 'Object Repository/Page_Signup/btn_signupFB' is clicked on

2018-09-27 15:40:28 - [MESSAGE][PASSED] - Switched to window with index: '1'

2018-09-27 15:40:29 - [MESSAGE][PASSED] - Keys 'g5.posiba@gmail.com' sent to object: 'Object Repository/Popup_FacebookLogin/txt_email'

2018-09-27 15:40:29 - [MESSAGE][PASSED] - Keys 'posiba123' sent to object: 'Object Repository/Popup_FacebookLogin/txt_password'

2018-09-27 15:40:31 - [MESSAGE][PASSED] - Object: 'Object Repository/Popup_FacebookLogin/btn_login' is clicked on

2018-09-27 15:40:33 - [MESSAGE][WARNING] - Cannot take screenshot

2018-09-27 15:40:33 - [MESSAGE][FAILED] - Unable to get text of object 'Object Repository/Popup_FacebookLogin/btn_confirmPermission' (Root cause: org.openqa.selenium.NoSuchWindowException: no such window: window was already closed
  (Session info: chrome=69.0.3497.100)
  (Driver info: chromedriver=2.35.528161 (5b82f2d2aae0ca24b877009200ced9065a772e73),platform=Windows NT 10.0.17134 x86_64) (WARNING: The server did not provide any stacktrace information)
Command duration or timeout: 0 milliseconds
Build info: version: '3.7.1', revision: '8a0099a', time: '2017-11-06T21:07:36.161Z'
System info: host: 'DESKTOP-G1UHP65', ip: '192.168.1.8', os.name: 'Windows 10', os.arch: 'amd64', os.version: '10.0', java.version: '1.8.0_102'
Driver info: com.kms.katalon.selenium.driver.CChromeDriver
Capabilities {acceptInsecureCerts: false, acceptSslCerts: false, applicationCacheEnabled: false, browserConnectionEnabled: false, browserName: chrome, chrome: {chromedriverVersion: 2.35.528161 (5b82f2d2aae0ca..., userDataDir: C:\Users\TRANGN~1\AppData\L...}, cssSelectorsEnabled: true, databaseEnabled: false, handlesAlerts: true, hasTouchScreen: false, javascriptEnabled: true, locationContextEnabled: true, mobileEmulationEnabled: false, nativeEvents: true, networkConnectionEnabled: false, pageLoadStrategy: normal, platform: XP, platformName: XP, rotatable: false, setWindowRect: true, takesHeapSnapshot: true, takesScreenshot: true, unexpectedAlertBehaviour: , unhandledPromptBehavior: , version: 69.0.3497.100, webStorageEnabled: true}
Session ID: 8866d3bcafac58ea3c82225bfc5f8ca0
*** Element info: {Using=xpath, value=//button[contains(@class,'layerConfirm') and contains(@name,'CONFIRM')]})

2018-09-27 15:40:33 - [MESSAGE][PASSED] - Switched to window with index: '0'

2018-09-27 15:40:48 - [MESSAGE][PASSED] - Delayed 15 second(s)

2018-09-27 15:40:48 - [MESSAGE][PASSED] - Wait for page load successfully

2018-09-27 15:40:48 - [MESSAGE][PASSED] - beautytap.GeneralAction.signupViaFacebook is PASSED

2018-09-27 15:40:48 - [TEST_STEP][PASSED] - verifyElementPresent: Object 'Object Repository/Page_General/link_avatar' is present

2018-09-27 15:40:48 - [MESSAGE][PASSED] - Object 'Object Repository/Page_General/link_avatar' is present

2018-09-27 15:40:48 - [TEST_STEP][PASSED] - beautytap.GeneralAction.logout: beautytap.GeneralAction.logout is PASSED

2018-09-27 15:40:48 - [MESSAGE][PASSED] - Object: 'Object Repository/Page_General/link_avatar' is clicked on

2018-09-27 15:40:48 - [MESSAGE][PASSED] - Object 'Object Repository/Page_General/menu_logout' is present

2018-09-27 15:40:48 - [MESSAGE][PASSED] - Object: 'Object Repository/Page_General/menu_logout' is clicked on

2018-09-27 15:40:48 - [MESSAGE][PASSED] - Wait for page load successfully

2018-09-27 15:40:49 - [MESSAGE][PASSED] - Browser is closed

2018-09-27 15:40:49 - [MESSAGE][PASSED] - beautytap.GeneralAction.logout is PASSED

2018-09-27 15:40:49 - [TEST_STEP][PASSED] - beautytap.AdminAction.deleteUser: beautytap.AdminAction.deleteUser is PASSED

2018-09-27 15:40:57 - [MESSAGE][PASSED] - Browser is opened with url: 'https://stage.beautytap.com/login'

2018-09-27 15:40:58 - [MESSAGE][PASSED] - Current window maximized

2018-09-27 15:40:58 - [MESSAGE][PASSED] - Text of object 'Object Repository/Page_login/txt_username' is cleared

2018-09-27 15:40:59 - [MESSAGE][PASSED] - Keys 'mrwhite' sent to object: 'Object Repository/Page_login/txt_username'

2018-09-27 15:40:59 - [MESSAGE][PASSED] - Text of object 'Object Repository/Page_login/txt_password' is cleared

2018-09-27 15:40:59 - [MESSAGE][PASSED] - Keys 'kgySM$Im' sent to object: 'Object Repository/Page_login/txt_password'

2018-09-27 15:40:59 - [MESSAGE][PASSED] - Object: 'Object Repository/Page_login/btn_login' is clicked on

2018-09-27 15:40:59 - [MESSAGE][PASSED] - Wait for page load successfully

2018-09-27 15:40:59 - [MESSAGE][PASSED] - Wait for page load successfully

2018-09-27 15:41:06 - [MESSAGE][PASSED] - Navigate to 'https://stage.beautytap.com/admin' successfully

2018-09-27 15:41:06 - [MESSAGE][PASSED] - Wait for page load successfully

2018-09-27 15:41:12 - [MESSAGE][PASSED] - Object: 'Object Repository/Page_Admin/menu_users' is clicked on

2018-09-27 15:41:12 - [MESSAGE][PASSED] - Wait for page load successfully

2018-09-27 15:41:12 - [MESSAGE][PASSED] - Text of object 'Object Repository/Page_Admin/txt_searchUser' is cleared

2018-09-27 15:41:13 - [MESSAGE][PASSED] - Keys 'g5.posiba@gmail.com' sent to object: 'Object Repository/Page_Admin/txt_searchUser'

2018-09-27 15:41:15 - [MESSAGE][PASSED] - Object: 'Object Repository/Page_Admin/btn_searchUser' is clicked on

2018-09-27 15:41:15 - [MESSAGE][PASSED] - Wait for page load successfully

2018-09-27 15:41:16 - [MESSAGE][PASSED] - Text of object '' is: 'g5.posiba@gmail.com'

2018-09-27 15:41:16 - [MESSAGE][PASSED] - Attribute 'id' of object '' is: 'user-64405'

2018-09-27 15:41:16 - [MESSAGE][PASSED] - Object: '' is hovered

2018-09-27 15:41:21 - [MESSAGE][PASSED] - Delayed 5 second(s)

2018-09-27 15:41:23 - [MESSAGE][PASSED] - Object: '' is clicked on

2018-09-27 15:41:23 - [MESSAGE][FAILED] - No alert found
[[ATTACHMENT|E:\\BeautytapAutomation\\beautytapAuto\\Beautytap\\Reports\\Regression\\20180927_153625\\1538037683282.png]]

2018-09-27 15:41:23 - [MESSAGE][FAILED] - Unable to accept alert (Root cause: No alert found)
[[ATTACHMENT|E:\\BeautytapAutomation\\beautytapAuto\\Beautytap\\Reports\\Regression\\20180927_153625\\1538037683562.png]]

2018-09-27 15:41:24 - [MESSAGE][PASSED] - Browser is closed

2018-09-27 15:41:24 - [MESSAGE][PASSED] - beautytap.AdminAction.deleteUser is PASSED

2018-09-27 15:41:24 - [TEST_STEP][PASSED] - beautytap.GeneralAction.openBeautytap: beautytap.GeneralAction.openBeautytap is PASSED

2018-09-27 15:41:39 - [MESSAGE][PASSED] - Browser is opened with url: 'https://stage.beautytap.com'

2018-09-27 15:41:40 - [MESSAGE][PASSED] - Current window maximized

2018-09-27 15:41:44 - [MESSAGE][PASSED] - Refresh successfully

2018-09-27 15:41:44 - [MESSAGE][PASSED] - Wait for page load successfully

2018-09-27 15:41:44 - [MESSAGE][PASSED] - beautytap.GeneralAction.openBeautytap is PASSED

2018-09-27 15:41:44 - [TEST_STEP][PASSED] - beautytap.GeneralAction.clickNavigationMenu: beautytap.GeneralAction.clickNavigationMenu is PASSED

2018-09-27 15:41:47 - [MESSAGE][PASSED] - Object: 'Object Repository/Page_General/link_login' is clicked on

2018-09-27 15:41:47 - [MESSAGE][PASSED] - Wait for page load successfully

2018-09-27 15:41:47 - [MESSAGE][PASSED] - beautytap.GeneralAction.clickNavigationMenu is PASSED

2018-09-27 15:41:47 - [TEST_STEP][PASSED] - beautytap.GeneralAction.login: beautytap.GeneralAction.login is PASSED

2018-09-27 15:41:48 - [MESSAGE][PASSED] - Object: 'Object Repository/Page_Login/btn_loginFB' is clicked on

2018-09-27 15:41:48 - [MESSAGE][PASSED] - Switched to window with index: '1'

2018-09-27 15:41:49 - [MESSAGE][PASSED] - Object 'Object Repository/Popup_FacebookLogin/txt_email' is visible

2018-09-27 15:41:49 - [MESSAGE][PASSED] - Keys 'g5.posiba@gmail.com' sent to object: 'Object Repository/Popup_FacebookLogin/txt_email'

2018-09-27 15:41:49 - [MESSAGE][PASSED] - Keys 'posiba123' sent to object: 'Object Repository/Popup_FacebookLogin/txt_password'

2018-09-27 15:41:51 - [MESSAGE][PASSED] - Object: 'Object Repository/Popup_FacebookLogin/btn_login' is clicked on

2018-09-27 15:41:51 - [MESSAGE][PASSED] - Switched to window with index: '0'

2018-09-27 15:41:51 - [MESSAGE][PASSED] - Wait for page load successfully

2018-09-27 15:41:51 - [MESSAGE][PASSED] - beautytap.GeneralAction.login is PASSED

2018-09-27 15:41:51 - [TEST_STEP][PASSED] - verifyElementPresent: Object 'Object Repository/Page_General/link_avatar' is present

2018-09-27 15:42:00 - [MESSAGE][PASSED] - Object 'Object Repository/Page_General/link_avatar' is present

2018-09-27 15:42:00 - [TEST_STEP][PASSED] - beautytap.GeneralAction.logout: beautytap.GeneralAction.logout is PASSED

2018-09-27 15:42:01 - [MESSAGE][PASSED] - Object: 'Object Repository/Page_General/link_avatar' is clicked on

2018-09-27 15:42:01 - [MESSAGE][PASSED] - Object 'Object Repository/Page_General/menu_logout' is present

2018-09-27 15:42:01 - [MESSAGE][PASSED] - Object: 'Object Repository/Page_General/menu_logout' is clicked on

2018-09-27 15:42:01 - [MESSAGE][PASSED] - Wait for page load successfully

2018-09-27 15:42:02 - [MESSAGE][PASSED] - Browser is closed

2018-09-27 15:42:02 - [MESSAGE][PASSED] - beautytap.GeneralAction.logout is PASSED

2018-09-27 15:42:02 - [TEST_STEP][PASSED] - beautytap.GeneralAction.openBeautytap: beautytap.GeneralAction.openBeautytap is PASSED

2018-09-27 15:42:12 - [MESSAGE][PASSED] - Browser is opened with url: 'https://stage.beautytap.com'

2018-09-27 15:42:14 - [MESSAGE][PASSED] - Current window maximized

2018-09-27 15:42:18 - [MESSAGE][PASSED] - Refresh successfully

2018-09-27 15:42:18 - [MESSAGE][PASSED] - Wait for page load successfully

2018-09-27 15:42:18 - [MESSAGE][PASSED] - beautytap.GeneralAction.openBeautytap is PASSED

2018-09-27 15:42:18 - [TEST_STEP][PASSED] - beautytap.GeneralAction.clickNavigationMenu: beautytap.GeneralAction.clickNavigationMenu is PASSED

2018-09-27 15:42:21 - [MESSAGE][PASSED] - Object: 'Object Repository/Page_General/link_signup' is clicked on

2018-09-27 15:42:21 - [MESSAGE][PASSED] - Wait for page load successfully

2018-09-27 15:42:21 - [MESSAGE][PASSED] - beautytap.GeneralAction.clickNavigationMenu is PASSED

2018-09-27 15:42:21 - [TEST_STEP][PASSED] - beautytap.GeneralAction.signupViaFacebook: beautytap.GeneralAction.signupViaFacebook is PASSED

2018-09-27 15:42:21 - [MESSAGE][PASSED] - Object: 'Object Repository/Page_Signup/btn_signupFB' is clicked on

2018-09-27 15:42:21 - [MESSAGE][PASSED] - Switched to window with index: '1'

2018-09-27 15:42:22 - [MESSAGE][PASSED] - Keys 'g5.posiba@gmail.com' sent to object: 'Object Repository/Popup_FacebookLogin/txt_email'

2018-09-27 15:42:23 - [MESSAGE][PASSED] - Keys 'posiba123' sent to object: 'Object Repository/Popup_FacebookLogin/txt_password'

2018-09-27 15:42:24 - [MESSAGE][PASSED] - Object: 'Object Repository/Popup_FacebookLogin/btn_login' is clicked on

2018-09-27 15:42:26 - [MESSAGE][WARNING] - Cannot take screenshot

2018-09-27 15:42:26 - [MESSAGE][FAILED] - Unable to get text of object 'Object Repository/Popup_FacebookLogin/btn_confirmPermission' (Root cause: org.openqa.selenium.NoSuchWindowException: no such window: window was already closed
  (Session info: chrome=69.0.3497.100)
  (Driver info: chromedriver=2.35.528161 (5b82f2d2aae0ca24b877009200ced9065a772e73),platform=Windows NT 10.0.17134 x86_64) (WARNING: The server did not provide any stacktrace information)
Command duration or timeout: 0 milliseconds
Build info: version: '3.7.1', revision: '8a0099a', time: '2017-11-06T21:07:36.161Z'
System info: host: 'DESKTOP-G1UHP65', ip: '192.168.1.8', os.name: 'Windows 10', os.arch: 'amd64', os.version: '10.0', java.version: '1.8.0_102'
Driver info: com.kms.katalon.selenium.driver.CChromeDriver
Capabilities {acceptInsecureCerts: false, acceptSslCerts: false, applicationCacheEnabled: false, browserConnectionEnabled: false, browserName: chrome, chrome: {chromedriverVersion: 2.35.528161 (5b82f2d2aae0ca..., userDataDir: C:\Users\TRANGN~1\AppData\L...}, cssSelectorsEnabled: true, databaseEnabled: false, handlesAlerts: true, hasTouchScreen: false, javascriptEnabled: true, locationContextEnabled: true, mobileEmulationEnabled: false, nativeEvents: true, networkConnectionEnabled: false, pageLoadStrategy: normal, platform: XP, platformName: XP, rotatable: false, setWindowRect: true, takesHeapSnapshot: true, takesScreenshot: true, unexpectedAlertBehaviour: , unhandledPromptBehavior: , version: 69.0.3497.100, webStorageEnabled: true}
Session ID: 30d2fc62a53daa21a270cceed05d9717
*** Element info: {Using=xpath, value=//button[contains(@class,'layerConfirm') and contains(@name,'CONFIRM')]})

2018-09-27 15:42:26 - [MESSAGE][PASSED] - Switched to window with index: '0'

2018-09-27 15:42:41 - [MESSAGE][PASSED] - Delayed 15 second(s)

2018-09-27 15:42:41 - [MESSAGE][PASSED] - Wait for page load successfully

2018-09-27 15:42:41 - [MESSAGE][PASSED] - beautytap.GeneralAction.signupViaFacebook is PASSED

2018-09-27 15:42:41 - [TEST_STEP][PASSED] - verifyElementPresent: Object 'Object Repository/Page_General/link_avatar' is present

2018-09-27 15:42:41 - [MESSAGE][PASSED] - Object 'Object Repository/Page_General/link_avatar' is present

2018-09-27 15:42:41 - [TEST_STEP][PASSED] - beautytap.GeneralAction.logout: beautytap.GeneralAction.logout is PASSED

2018-09-27 15:42:41 - [MESSAGE][PASSED] - Object: 'Object Repository/Page_General/link_avatar' is clicked on

2018-09-27 15:42:42 - [MESSAGE][PASSED] - Object 'Object Repository/Page_General/menu_logout' is present

2018-09-27 15:42:42 - [MESSAGE][PASSED] - Object: 'Object Repository/Page_General/menu_logout' is clicked on

2018-09-27 15:42:42 - [MESSAGE][PASSED] - Wait for page load successfully

2018-09-27 15:42:43 - [MESSAGE][PASSED] - Browser is closed

2018-09-27 15:42:43 - [MESSAGE][PASSED] - beautytap.GeneralAction.logout is PASSED

2018-09-27 15:42:43 - [TEST_STEP][PASSED] - beautytap.GeneralAction.openBeautytap: beautytap.GeneralAction.openBeautytap is PASSED

2018-09-27 15:42:54 - [MESSAGE][PASSED] - Browser is opened with url: 'https://stage.beautytap.com'

2018-09-27 15:42:55 - [MESSAGE][PASSED] - Current window maximized

2018-09-27 15:42:59 - [MESSAGE][PASSED] - Refresh successfully

2018-09-27 15:42:59 - [MESSAGE][PASSED] - Wait for page load successfully

2018-09-27 15:42:59 - [MESSAGE][PASSED] - beautytap.GeneralAction.openBeautytap is PASSED

2018-09-27 15:42:59 - [TEST_STEP][PASSED] - beautytap.GeneralAction.clickNavigationMenu: beautytap.GeneralAction.clickNavigationMenu is PASSED

2018-09-27 15:43:03 - [MESSAGE][PASSED] - Object: 'Object Repository/Page_General/link_login' is clicked on

2018-09-27 15:43:03 - [MESSAGE][PASSED] - Wait for page load successfully

2018-09-27 15:43:03 - [MESSAGE][PASSED] - beautytap.GeneralAction.clickNavigationMenu is PASSED

2018-09-27 15:43:03 - [TEST_STEP][PASSED] - beautytap.GeneralAction.login: beautytap.GeneralAction.login is PASSED

2018-09-27 15:43:03 - [MESSAGE][PASSED] - Object: 'Object Repository/Page_Login/btn_loginFB' is clicked on

2018-09-27 15:43:03 - [MESSAGE][PASSED] - Switched to window with index: '1'

2018-09-27 15:43:04 - [MESSAGE][PASSED] - Object 'Object Repository/Popup_FacebookLogin/txt_email' is visible

2018-09-27 15:43:05 - [MESSAGE][PASSED] - Keys 'g5.posiba@gmail.com' sent to object: 'Object Repository/Popup_FacebookLogin/txt_email'

2018-09-27 15:43:05 - [MESSAGE][PASSED] - Keys 'posiba123' sent to object: 'Object Repository/Popup_FacebookLogin/txt_password'

2018-09-27 15:43:06 - [MESSAGE][PASSED] - Object: 'Object Repository/Popup_FacebookLogin/btn_login' is clicked on

2018-09-27 15:43:06 - [MESSAGE][PASSED] - Switched to window with index: '0'

2018-09-27 15:43:06 - [MESSAGE][PASSED] - Wait for page load successfully

2018-09-27 15:43:06 - [MESSAGE][PASSED] - beautytap.GeneralAction.login is PASSED

2018-09-27 15:43:06 - [TEST_STEP][FAILED] - verifyElementPresent: Unable to verify object 'Object Repository/Page_General/link_avatar' is present (Root cause: com.kms.katalon.core.webui.exception.WebElementNotFoundException: Web element with id: 'Object Repository/Page_General/link_avatar' located by 'By.xpath: //div[@class='header-right-top pull-right']/a[@class='user']' not found)

2018-09-27 15:43:38 - [MESSAGE][FAILED] - com.kms.katalon.core.webui.exception.WebElementNotFoundException: Web element with id: 'Object Repository/Page_General/link_avatar' located by 'By.xpath: //div[@class='header-right-top pull-right']/a[@class='user']' not found
[[ATTACHMENT|E:\\BeautytapAutomation\\beautytapAuto\\Beautytap\\Reports\\Regression\\20180927_153625\\1538037818658.png]]

2018-09-27 15:43:39 - [MESSAGE][FAILED] - Unable to verify object 'Object Repository/Page_General/link_avatar' is present (Root cause: com.kms.katalon.core.webui.exception.WebElementNotFoundException: Web element with id: 'Object Repository/Page_General/link_avatar' located by 'By.xpath: //div[@class='header-right-top pull-right']/a[@class='user']' not found)
[[ATTACHMENT|E:\\BeautytapAutomation\\beautytapAuto\\Beautytap\\Reports\\Regression\\20180927_153625\\1538037818941.png]]]]></system-out>
         <system-err><![CDATA[2018-09-27 15:39:29 - [TEST_CASE][FAILED] - Test Cases/SignUp_Login_ResetPass/TC02_SignUp_Login_ViaFacebookEmail_NewUser_OldUser: Test Cases/SignUp_Login_ResetPass/TC02_SignUp_Login_ViaFacebookEmail_NewUser_OldUser FAILED because (of) Unable to verify object 'Object Repository/Page_General/link_avatar' is present (Root cause: com.kms.katalon.core.webui.exception.WebElementNotFoundException: Web element with id: 'Object Repository/Page_General/link_avatar' located by 'By.xpath: //div[@class='header-right-top pull-right']/a[@class='user']' not found)]]></system-err>
      </testcase>
      <testcase name="Test Cases/Shop/TC07_BuyProduct_EarnPendingPoint_EarnRedeemablePoint" classname="Test Cases/Shop/TC07_BuyProduct_EarnPendingPoint_EarnRedeemablePoint" status="PASSED">
         <system-out><![CDATA[2018-09-27 15:43:41 - [TEST_CASE][PASSED] - Test Cases/Shop/TC07_BuyProduct_EarnPendingPoint_EarnRedeemablePoint: Test Cases/Shop/TC07_BuyProduct_EarnPendingPoint_EarnRedeemablePoint

2018-09-27 15:43:41 - [TEST_STEP][PASSED] - Statement - username = USER_EMAIL: null

2018-09-27 15:43:41 - [TEST_STEP][PASSED] - Statement - password = USER_PASSWORD: null

2018-09-27 15:43:41 - [TEST_STEP][PASSED] - Statement - productName = SIMPLE_PRODUCT: null

2018-09-27 15:43:41 - [TEST_STEP][PASSED] - Statement - price = SIMPLE_PRODUCT_PRICE: null

2018-09-27 15:43:41 - [TEST_STEP][PASSED] - Statement - quantity = 3: null

2018-09-27 15:43:41 - [TEST_STEP][PASSED] - Statement - shippingLabel = FREE_SHIPPING_LABEL: null

2018-09-27 15:43:41 - [TEST_STEP][PASSED] - Statement - shippingPrice = 0: null

2018-09-27 15:43:41 - [TEST_STEP][PASSED] - Statement - subtotal = CustomKeywords.beautytap.ShopAction.calculateTotal(quantity, price): beautytap.ShopAction.calculateTotal is PASSED

2018-09-27 15:43:41 - [MESSAGE][PASSED] - beautytap.ShopAction.calculateTotal is PASSED

2018-09-27 15:43:41 - [TEST_STEP][PASSED] - Statement - total = subtotal + shippingPrice: null

2018-09-27 15:43:41 - [TEST_STEP][PASSED] - Statement - products = new org.json.JSONArray((((((([{"productname":" + productName) + ","variation":"","quantity":") + quantity) + ","price":") + price) + "}])): null

2018-09-27 15:43:41 - [TEST_STEP][PASSED] - Statement - billingInformation = new org.json.JSONObject((({"firstname":"Test","lastname":"Automation","country":"United States (US)","address":"123 Testing","city":"New York","state":"New York","zip":"90012","email":" + username) + "})): null

2018-09-27 15:43:41 - [TEST_STEP][PASSED] - Statement - paymentMethod = "PayPal": null

2018-09-27 15:43:41 - [TEST_STEP][PASSED] - beautytap.GeneralAction.openBeautytap: beautytap.GeneralAction.openBeautytap is PASSED

2018-09-27 15:43:41 - [MESSAGE][WARNING] - A browser is already opened. Closing browser and opening a new one

2018-09-27 15:43:56 - [MESSAGE][PASSED] - Browser is opened with url: 'https://stage.beautytap.com'

2018-09-27 15:43:57 - [MESSAGE][PASSED] - Current window maximized

2018-09-27 15:44:01 - [MESSAGE][PASSED] - Refresh successfully

2018-09-27 15:44:02 - [MESSAGE][PASSED] - Wait for page load successfully

2018-09-27 15:44:02 - [MESSAGE][PASSED] - beautytap.GeneralAction.openBeautytap is PASSED

2018-09-27 15:44:02 - [TEST_STEP][PASSED] - beautytap.GeneralAction.clickNavigationMenu: beautytap.GeneralAction.clickNavigationMenu is PASSED

2018-09-27 15:44:05 - [MESSAGE][PASSED] - Object: 'Object Repository/Page_General/link_login' is clicked on

2018-09-27 15:44:05 - [MESSAGE][PASSED] - Wait for page load successfully

2018-09-27 15:44:05 - [MESSAGE][PASSED] - beautytap.GeneralAction.clickNavigationMenu is PASSED

2018-09-27 15:44:05 - [TEST_STEP][PASSED] - beautytap.GeneralAction.login: beautytap.GeneralAction.login is PASSED

2018-09-27 15:44:05 - [MESSAGE][PASSED] - Text of object 'Object Repository/Page_login/txt_username' is cleared

2018-09-27 15:44:05 - [MESSAGE][PASSED] - Keys 'trang2408@mailinator.com' sent to object: 'Object Repository/Page_login/txt_username'

2018-09-27 15:44:05 - [MESSAGE][PASSED] - Text of object 'Object Repository/Page_login/txt_password' is cleared

2018-09-27 15:44:05 - [MESSAGE][PASSED] - Keys '123456' sent to object: 'Object Repository/Page_login/txt_password'

2018-09-27 15:44:05 - [MESSAGE][PASSED] - Object: 'Object Repository/Page_login/btn_login' is clicked on

2018-09-27 15:44:05 - [MESSAGE][PASSED] - Wait for page load successfully

2018-09-27 15:44:05 - [MESSAGE][PASSED] - beautytap.GeneralAction.login is PASSED

2018-09-27 15:44:05 - [TEST_STEP][PASSED] - beautytap.GeneralAction.selectProfileMenu: beautytap.GeneralAction.selectProfileMenu is PASSED

2018-09-27 15:44:14 - [MESSAGE][PASSED] - Object: 'Object Repository/Page_General/link_avatar' is clicked on

2018-09-27 15:44:16 - [MESSAGE][PASSED] - Delayed 2 second(s)

2018-09-27 15:44:20 - [MESSAGE][PASSED] - Object: '' is clicked on

2018-09-27 15:44:20 - [MESSAGE][PASSED] - Wait for page load successfully

2018-09-27 15:44:20 - [MESSAGE][PASSED] - beautytap.GeneralAction.selectProfileMenu is PASSED

2018-09-27 15:44:20 - [TEST_STEP][PASSED] - Statement - objReward = CustomKeywords.beautytap.ShopAction.getRewardDetails(): beautytap.ShopAction.getRewardDetails is PASSED

2018-09-27 15:44:20 - [MESSAGE][PASSED] - Text of object '' is: '1.1 x Rewards Multiplier!'

2018-09-27 15:44:20 - [MESSAGE][PASSED] - Text of object '' is: '1.1 x Rewards Multiplier!'

2018-09-27 15:44:20 - [MESSAGE][PASSED] - Text of object '' is: '6956.19'

2018-09-27 15:44:20 - [MESSAGE][PASSED] - Text of object '' is: '3162.38'

2018-09-27 15:44:20 - [MESSAGE][PASSED] - Text of object '' is: '4346.19'

2018-09-27 15:44:20 - [MESSAGE][PASSED] - Text of object '' is: '$232.00'

2018-09-27 15:44:20 - [MESSAGE][PASSED] - Text of object '' is: 'Beauty Bae'

2018-09-27 15:44:20 - [MESSAGE][PASSED] - beautytap.ShopAction.getRewardDetails is PASSED

2018-09-27 15:44:20 - [TEST_STEP][PASSED] - Statement - multiplier = java.lang.Float.parseFloat(objReward.get("multiplier")): null

2018-09-27 15:44:20 - [TEST_STEP][PASSED] - Statement - currentlevel = objReward.get("currentlevel"): null

2018-09-27 15:44:20 - [TEST_STEP][PASSED] - Statement - lifetime = java.lang.Float.parseFloat(objReward.get("lifetime")): null

2018-09-27 15:44:20 - [TEST_STEP][PASSED] - Statement - pending = java.lang.Float.parseFloat(objReward.get("pending")): null

2018-09-27 15:44:20 - [TEST_STEP][PASSED] - Statement - redeemable = java.lang.Float.parseFloat(objReward.get("redeemable")): null

2018-09-27 15:44:20 - [TEST_STEP][PASSED] - Statement - pointvalue = java.lang.Float.parseFloat(objReward.get("pointvalue")): null

2018-09-27 15:44:20 - [TEST_STEP][PASSED] - Statement - rewardEarned = java.lang.Float.parseFloat(java.lang.String.format("%.2f", multiplier * subtotal)): null

2018-09-27 15:44:20 - [TEST_STEP][PASSED] - Statement - notificationMessage = "You received " + rewardEarned + " redeemable points": null

2018-09-27 15:44:20 - [TEST_STEP][PASSED] - beautytap.ShopAction.globalSearch: beautytap.ShopAction.globalSearch is PASSED

2018-09-27 15:44:21 - [MESSAGE][PASSED] - Object: 'Object Repository/Page_General/icon_search' is clicked on

2018-09-27 15:44:26 - [MESSAGE][PASSED] - Delayed 5 second(s)

2018-09-27 15:44:26 - [MESSAGE][PASSED] - Text of object 'Object Repository/Page_General/txt_search' is cleared

2018-09-27 15:44:26 - [MESSAGE][PASSED] - Keys 'CONTROL + v' sent to object: 'Object Repository/Page_General/txt_search'

2018-09-27 15:44:27 - [MESSAGE][PASSED] - Object 'Object Repository/Page_General/div_searchResult' is present

2018-09-27 15:44:27 - [MESSAGE][PASSED] - beautytap.ShopAction.globalSearch is PASSED

2018-09-27 15:44:27 - [TEST_STEP][PASSED] - beautytap.ShopAction.selectProductOnSearchResult: beautytap.ShopAction.selectProductOnSearchResult is PASSED

2018-09-27 15:44:34 - [MESSAGE][PASSED] - Object: '' is clicked on

2018-09-27 15:44:34 - [MESSAGE][PASSED] - Wait for page load successfully

2018-09-27 15:44:34 - [MESSAGE][PASSED] - beautytap.ShopAction.selectProductOnSearchResult is PASSED

2018-09-27 15:44:34 - [TEST_STEP][PASSED] - beautytap.ShopAction.addProductToCart: beautytap.ShopAction.addProductToCart is PASSED

2018-09-27 15:44:34 - [MESSAGE][PASSED] - Text of object 'Object Repository/Page_Shop/txt_quantity' is cleared

2018-09-27 15:44:34 - [MESSAGE][PASSED] - Keys '3' sent to object: 'Object Repository/Page_Shop/txt_quantity'

2018-09-27 15:44:34 - [MESSAGE][PASSED] - Object: 'Object Repository/Page_Shop/btn_addToCart' is clicked on

2018-09-27 15:44:34 - [MESSAGE][PASSED] - Wait for page load successfully

2018-09-27 15:44:39 - [MESSAGE][PASSED] - Object 'Object Repository/Page_Shop/lbl_message' is present

2018-09-27 15:44:39 - [MESSAGE][PASSED] - beautytap.ShopAction.addProductToCart is PASSED

2018-09-27 15:44:39 - [TEST_STEP][PASSED] - beautytap.ShopAction.goToCart: beautytap.ShopAction.goToCart is PASSED

2018-09-27 15:44:39 - [MESSAGE][PASSED] - Object 'Object Repository/Page_General/icon_cart' is present

2018-09-27 15:44:44 - [MESSAGE][PASSED] - Object: 'Object Repository/Page_General/icon_cart' is clicked on

2018-09-27 15:44:44 - [MESSAGE][PASSED] - Wait for page load successfully

2018-09-27 15:44:44 - [MESSAGE][PASSED] - beautytap.ShopAction.goToCart is PASSED

2018-09-27 15:44:44 - [TEST_STEP][PASSED] - beautytap.ShopAction.processToCheckout: beautytap.ShopAction.processToCheckout is PASSED

2018-09-27 15:44:49 - [MESSAGE][PASSED] - Object: 'Object Repository/Page_Cart/btn_checkout' is clicked on

2018-09-27 15:44:49 - [MESSAGE][PASSED] - Wait for page load successfully

2018-09-27 15:44:49 - [MESSAGE][PASSED] - beautytap.ShopAction.processToCheckout is PASSED

2018-09-27 15:44:49 - [TEST_STEP][PASSED] - beautytap.ShopAction.fillCustomerInformation: beautytap.ShopAction.fillCustomerInformation is PASSED

2018-09-27 15:44:49 - [MESSAGE][PASSED] - Text of object 'Object Repository/Page_Checkout/txt_billingFirstName' is cleared

2018-09-27 15:44:49 - [MESSAGE][PASSED] - Keys 'Test' sent to object: 'Object Repository/Page_Checkout/txt_billingFirstName'

2018-09-27 15:44:49 - [MESSAGE][PASSED] - Text of object 'Object Repository/Page_Checkout/txt_billingLastName' is cleared

2018-09-27 15:44:49 - [MESSAGE][PASSED] - Keys 'Automation' sent to object: 'Object Repository/Page_Checkout/txt_billingLastName'

2018-09-27 15:44:49 - [MESSAGE][PASSED] - All options with label 'United States (US)' are selected in object 'Object Repository/Page_Checkout/drop_billingCountry' 

2018-09-27 15:44:54 - [MESSAGE][PASSED] - Delayed 5 second(s)

2018-09-27 15:44:55 - [MESSAGE][PASSED] - Text of object 'Object Repository/Page_Checkout/txt_billingAddress' is cleared

2018-09-27 15:44:55 - [MESSAGE][PASSED] - Keys '123 Testing' sent to object: 'Object Repository/Page_Checkout/txt_billingAddress'

2018-09-27 15:44:55 - [MESSAGE][PASSED] - Text of object 'Object Repository/Page_Checkout/txt_billingCity' is cleared

2018-09-27 15:44:55 - [MESSAGE][PASSED] - Keys 'New York' sent to object: 'Object Repository/Page_Checkout/txt_billingCity'

2018-09-27 15:44:55 - [MESSAGE][PASSED] - All options with label 'New York' are selected in object 'Object Repository/Page_Checkout/drop_billingState' 

2018-09-27 15:44:55 - [MESSAGE][PASSED] - Text of object 'Object Repository/Page_Checkout/txt_billingZip' is cleared

2018-09-27 15:44:56 - [MESSAGE][PASSED] - Keys '90012' sent to object: 'Object Repository/Page_Checkout/txt_billingZip'

2018-09-27 15:44:56 - [MESSAGE][PASSED] - Text of object 'Object Repository/Page_Checkout/txt_billingEmail' is cleared

2018-09-27 15:44:56 - [MESSAGE][PASSED] - Keys 'trang2408@mailinator.com' sent to object: 'Object Repository/Page_Checkout/txt_billingEmail'

2018-09-27 15:44:57 - [MESSAGE][PASSED] - Object 'Object Repository/Page_Checkout/chk_shipToDifferentAddress' is un-checked

2018-09-27 15:44:57 - [MESSAGE][PASSED] - Text of object 'Object Repository/Page_Checkout/txt_orderNote' is cleared

2018-09-27 15:44:57 - [MESSAGE][PASSED] - Keys 'TC07' sent to object: 'Object Repository/Page_Checkout/txt_orderNote'

2018-09-27 15:44:57 - [MESSAGE][PASSED] - Object 'Object Repository/Page_Checkout/radio_creditCard' is checked

2018-09-27 15:45:02 - [MESSAGE][PASSED] - Delayed 5 second(s)

2018-09-27 15:45:02 - [MESSAGE][PASSED] - beautytap.ShopAction.fillCustomerInformation is PASSED

2018-09-27 15:45:02 - [TEST_STEP][PASSED] - beautytap.ShopAction.VerifyOrderDetailsOnCheckout: Keyword VerifyOrderDetailsOnCheckout is Passed

2018-09-27 15:45:02 - [MESSAGE][PASSED] - Object '' is present

2018-09-27 15:45:02 - [MESSAGE][PASSED] - Text of object '' is: '$95.40'

2018-09-27 15:45:02 - [MESSAGE][PASSED] - Text of object '' is: 'Free shipping for orders over $60
Why does shipping take this long?'

2018-09-27 15:45:02 - [MESSAGE][PASSED] - Text of object '' is: '$95.40'

2018-09-27 15:45:02 - [MESSAGE][PASSED] - Keyword VerifyOrderDetailsOnCheckout is Passed

2018-09-27 15:45:02 - [TEST_STEP][PASSED] - beautytap.ShopAction.VerifyRewardEarned: Keyword VerifyRewardEarned is Passed

2018-09-27 15:45:02 - [MESSAGE][PASSED] - Text of object '' is: 'Status: Beauty Bae ( $95.4 x Rewards Multiplier )'

2018-09-27 15:45:02 - [MESSAGE][PASSED] - Text of object '' is: 'Status: Beauty Bae ( $95.4 x Rewards Multiplier )'

2018-09-27 15:45:02 - [MESSAGE][PASSED] - Text of object '' is: 'Status: Beauty Bae ( $95.4 x Rewards Multiplier )'

2018-09-27 15:45:02 - [MESSAGE][PASSED] - Text of object '' is: 'Multiplier: $95.4 x 1.1'

2018-09-27 15:45:02 - [MESSAGE][PASSED] - Text of object '' is: 'Multiplier: $95.4 x 1.1'

2018-09-27 15:45:02 - [MESSAGE][PASSED] - Text of object '' is: '104.9 Points!'

2018-09-27 15:45:02 - [MESSAGE][PASSED] - Text of object '' is: '104.9 Points!'

2018-09-27 15:45:03 - [MESSAGE][PASSED] - Text of object '' is: 'Multiplier: $95.4 x 1.1'

2018-09-27 15:45:03 - [MESSAGE][PASSED] - Text of object '' is: 'Multiplier: $95.4 x 1.1'

2018-09-27 15:45:03 - [MESSAGE][PASSED] - Text of object '' is: 'Multiplier: $95.4 x 1.1'

2018-09-27 15:45:03 - [MESSAGE][PASSED] - Keyword VerifyRewardEarned is Passed

2018-09-27 15:45:03 - [TEST_STEP][PASSED] - beautytap.ShopAction.checkoutViaPaypal: beautytap.ShopAction.checkoutViaPaypal is PASSED

2018-09-27 15:45:03 - [MESSAGE][PASSED] - Object 'Object Repository/Page_Checkout/radio_paypal' is checked

2018-09-27 15:45:08 - [MESSAGE][PASSED] - Delayed 5 second(s)

2018-09-27 15:45:08 - [MESSAGE][PASSED] - Object 'Object Repository/Page_Checkout/chk_terms' is checked

2018-09-27 15:45:08 - [MESSAGE][PASSED] - Object: 'Object Repository/Page_Checkout/btn_placeOrder' is clicked on

2018-09-27 15:45:15 - [MESSAGE][PASSED] - Object 'Object Repository/Page_Paypal/txt_email' is present

2018-09-27 15:45:16 - [MESSAGE][PASSED] - Text of object 'Object Repository/Page_Paypal/txt_email' is cleared

2018-09-27 15:45:16 - [MESSAGE][PASSED] - Keys 'g1.posiba@gmail.com' sent to object: 'Object Repository/Page_Paypal/txt_email'

2018-09-27 15:45:16 - [MESSAGE][PASSED] - Text of object 'Object Repository/Page_Paypal/txt_password' is cleared

2018-09-27 15:45:16 - [MESSAGE][PASSED] - Keys 'Tr@ng99%' sent to object: 'Object Repository/Page_Paypal/txt_password'

2018-09-27 15:45:32 - [MESSAGE][PASSED] - Object: 'Object Repository/Page_Paypal/btn_login' is clicked on

2018-09-27 15:45:34 - [MESSAGE][PASSED] - Object 'Object Repository/Page_Paypal/btn_payNow' is present

2018-09-27 15:45:39 - [MESSAGE][PASSED] - Delayed 5 second(s)

2018-09-27 15:45:40 - [MESSAGE][PASSED] - Object: 'Object Repository/Page_Paypal/btn_payNow' is clicked on

2018-09-27 15:45:58 - [MESSAGE][PASSED] - Object 'Object Repository/Page_Checkout/lbl_orderReceived' is present

2018-09-27 15:45:58 - [MESSAGE][PASSED] - beautytap.ShopAction.checkoutViaPaypal is PASSED

2018-09-27 15:45:58 - [TEST_STEP][PASSED] - beautytap.ShopAction.VerifyOrderReceivedDetails: Keyword VerifyOrderReceivedDetails is Passed

2018-09-27 15:45:58 - [MESSAGE][PASSED] - Object '' is present

2018-09-27 15:45:59 - [MESSAGE][PASSED] - Text of object '' is: '$95.40'

2018-09-27 15:45:59 - [MESSAGE][PASSED] - Text of object '' is: 'Free shipping for orders over $60'

2018-09-27 15:46:04 - [MESSAGE][WARNING] - com.kms.katalon.core.webui.exception.WebElementNotFoundException: Web element with id: '' located by 'By.xpath: //th[text()='Shipping:']/parent::tr/td/span' not found
[[ATTACHMENT|E:\\BeautytapAutomation\\beautytapAuto\\Beautytap\\Reports\\Regression\\20180927_153625\\1538037964267.png]]

2018-09-27 15:46:04 - [MESSAGE][PASSED] - Text of object '' is: 'PayPal'

2018-09-27 15:46:04 - [MESSAGE][PASSED] - Text of object '' is: '$95.40'

2018-09-27 15:46:04 - [MESSAGE][PASSED] - Keyword VerifyOrderReceivedDetails is Passed

2018-09-27 15:46:04 - [TEST_STEP][PASSED] - beautytap.ShopAction.VerifyRewardEarned: Keyword VerifyRewardEarned is Passed

2018-09-27 15:46:04 - [MESSAGE][PASSED] - Text of object '' is: 'Status: Beauty Bae ( $95.40 x Rewards Multiplier )'

2018-09-27 15:46:04 - [MESSAGE][PASSED] - Text of object '' is: 'Status: Beauty Bae ( $95.40 x Rewards Multiplier )'

2018-09-27 15:46:04 - [MESSAGE][PASSED] - Text of object '' is: 'Status: Beauty Bae ( $95.40 x Rewards Multiplier )'

2018-09-27 15:46:04 - [MESSAGE][PASSED] - Text of object '' is: 'Multiplier: $95.40 x 1.1'

2018-09-27 15:46:04 - [MESSAGE][PASSED] - Text of object '' is: 'Multiplier: $95.40 x 1.1'

2018-09-27 15:46:04 - [MESSAGE][PASSED] - Text of object '' is: '104.9 Points!'

2018-09-27 15:46:04 - [MESSAGE][PASSED] - Text of object '' is: '104.9 Points!'

2018-09-27 15:46:05 - [MESSAGE][PASSED] - Text of object '' is: 'Multiplier: $95.40 x 1.1'

2018-09-27 15:46:05 - [MESSAGE][PASSED] - Text of object '' is: 'Multiplier: $95.40 x 1.1'

2018-09-27 15:46:05 - [MESSAGE][PASSED] - Text of object '' is: 'Multiplier: $95.40 x 1.1'

2018-09-27 15:46:05 - [MESSAGE][PASSED] - Keyword VerifyRewardEarned is Passed

2018-09-27 15:46:05 - [TEST_STEP][PASSED] - Statement - orderInfo = CustomKeywords.beautytap.ShopAction.getOrderInfoOnOrderReceived(): beautytap.ShopAction.getOrderInfoOnOrderReceived is PASSED

2018-09-27 15:46:05 - [MESSAGE][PASSED] - Text of object '' is: '137001'

2018-09-27 15:46:05 - [MESSAGE][PASSED] - Text of object '' is: 'September 27, 2018'

2018-09-27 15:46:05 - [MESSAGE][PASSED] - beautytap.ShopAction.getOrderInfoOnOrderReceived is PASSED

2018-09-27 15:46:05 - [TEST_STEP][PASSED] - Statement - orderNumber = orderInfo.get("ordernumber"): null

2018-09-27 15:46:05 - [TEST_STEP][PASSED] - Statement - orderDate = orderInfo.get("date"): null

2018-09-27 15:46:05 - [TEST_STEP][PASSED] - Statement - completeOrderSubject = "Your " + SITE_TITLE + " order from " + orderDate + " is complete": null

2018-09-27 15:46:05 - [TEST_STEP][PASSED] - Statement - completeOrderSubject = completeOrderSubject.replace("[", "").replace("]", ""): null

2018-09-27 15:46:05 - [TEST_STEP][PASSED] - beautytap.GeneralAction.selectProfileMenu: beautytap.GeneralAction.selectProfileMenu is PASSED

2018-09-27 15:46:05 - [MESSAGE][PASSED] - Object: 'Object Repository/Page_General/link_avatar' is clicked on

2018-09-27 15:46:07 - [MESSAGE][PASSED] - Delayed 2 second(s)

2018-09-27 15:46:10 - [MESSAGE][PASSED] - Object: '' is clicked on

2018-09-27 15:46:10 - [MESSAGE][PASSED] - Wait for page load successfully

2018-09-27 15:46:10 - [MESSAGE][PASSED] - beautytap.GeneralAction.selectProfileMenu is PASSED

2018-09-27 15:46:10 - [TEST_STEP][PASSED] - Statement - newPending = java.lang.Float.parseFloat(java.lang.String.format("%.2f", pending + rewardEarned)): null

2018-09-27 15:46:10 - [TEST_STEP][PASSED] - beautytap.ShopAction.VerifyRewardPointsDetails: Keyword VerifyRewardPoints is Passed

2018-09-27 15:46:10 - [MESSAGE][PASSED] - Text of object '' is: '6956.19'

2018-09-27 15:46:10 - [MESSAGE][PASSED] - Text of object '' is: '3267.32'

2018-09-27 15:46:10 - [MESSAGE][PASSED] - Text of object '' is: '4346.19'

2018-09-27 15:46:11 - [MESSAGE][PASSED] - Text of object '' is: '$232.00'

2018-09-27 15:46:11 - [MESSAGE][PASSED] - Keyword VerifyRewardPoints is Passed

2018-09-27 15:46:11 - [TEST_STEP][PASSED] - beautytap.ShopAction.VerifyRewardHistory: Keyword VerifyRewardHistory is Passed

2018-09-27 15:46:11 - [MESSAGE][PASSED] - Object '' is present

2018-09-27 15:46:11 - [MESSAGE][PASSED] - Text of object '' is: ''

2018-09-27 15:46:11 - [MESSAGE][PASSED] - Text of object '' is: '$95.40'

2018-09-27 15:46:11 - [MESSAGE][PASSED] - Text of object '' is: '1.1'

2018-09-27 15:46:11 - [MESSAGE][PASSED] - Text of object '' is: '0.00'

2018-09-27 15:46:11 - [MESSAGE][PASSED] - Text of object '' is: '4346.19'

2018-09-27 15:46:11 - [MESSAGE][PASSED] - Keyword VerifyRewardHistory is Passed

2018-09-27 15:46:11 - [TEST_STEP][PASSED] - beautytap.ShopAction.VerifyRewardHistory: Keyword VerifyRewardHistory is Passed

2018-09-27 15:46:11 - [MESSAGE][PASSED] - Object '' is present

2018-09-27 15:46:11 - [MESSAGE][PASSED] - Text of object '' is: ''

2018-09-27 15:46:11 - [MESSAGE][PASSED] - Text of object '' is: '$95.40'

2018-09-27 15:46:11 - [MESSAGE][PASSED] - Text of object '' is: '1.1'

2018-09-27 15:46:11 - [MESSAGE][PASSED] - Text of object '' is: '0.00'

2018-09-27 15:46:11 - [MESSAGE][PASSED] - Text of object '' is: '4346.19'

2018-09-27 15:46:11 - [MESSAGE][PASSED] - Keyword VerifyRewardHistory is Passed

2018-09-27 15:46:11 - [TEST_STEP][PASSED] - beautytap.GeneralAction.logout: beautytap.GeneralAction.logout is PASSED

2018-09-27 15:46:12 - [MESSAGE][PASSED] - Object: 'Object Repository/Page_General/link_avatar' is clicked on

2018-09-27 15:46:12 - [MESSAGE][PASSED] - Object 'Object Repository/Page_General/menu_logout' is present

2018-09-27 15:46:12 - [MESSAGE][PASSED] - Object: 'Object Repository/Page_General/menu_logout' is clicked on

2018-09-27 15:46:12 - [MESSAGE][PASSED] - Wait for page load successfully

2018-09-27 15:46:12 - [MESSAGE][PASSED] - beautytap.GeneralAction.logout is PASSED

2018-09-27 15:46:12 - [TEST_STEP][PASSED] - beautytap.GeneralAction.clickNavigationMenu: beautytap.GeneralAction.clickNavigationMenu is PASSED

2018-09-27 15:46:24 - [MESSAGE][PASSED] - Object: 'Object Repository/Page_General/link_login' is clicked on

2018-09-27 15:46:24 - [MESSAGE][PASSED] - Wait for page load successfully

2018-09-27 15:46:24 - [MESSAGE][PASSED] - beautytap.GeneralAction.clickNavigationMenu is PASSED

2018-09-27 15:46:24 - [TEST_STEP][PASSED] - beautytap.GeneralAction.login: beautytap.GeneralAction.login is PASSED

2018-09-27 15:46:24 - [MESSAGE][PASSED] - Text of object 'Object Repository/Page_login/txt_username' is cleared

2018-09-27 15:46:24 - [MESSAGE][PASSED] - Keys 'mrwhite' sent to object: 'Object Repository/Page_login/txt_username'

2018-09-27 15:46:24 - [MESSAGE][PASSED] - Text of object 'Object Repository/Page_login/txt_password' is cleared

2018-09-27 15:46:25 - [MESSAGE][PASSED] - Keys 'kgySM$Im' sent to object: 'Object Repository/Page_login/txt_password'

2018-09-27 15:46:25 - [MESSAGE][PASSED] - Object: 'Object Repository/Page_login/btn_login' is clicked on

2018-09-27 15:46:25 - [MESSAGE][PASSED] - Wait for page load successfully

2018-09-27 15:46:25 - [MESSAGE][PASSED] - beautytap.GeneralAction.login is PASSED

2018-09-27 15:46:25 - [TEST_STEP][PASSED] - navigateToUrl: Navigate to 'https://stage.beautytap.com/admin' successfully

2018-09-27 15:46:32 - [MESSAGE][PASSED] - Navigate to 'https://stage.beautytap.com/admin' successfully

2018-09-27 15:46:32 - [TEST_STEP][PASSED] - beautytap.AdminAction.changeOrderStatus: beautytap.AdminAction.changeOrderStatus is PASSED

2018-09-27 15:46:40 - [MESSAGE][PASSED] - Object: '' is clicked on

2018-09-27 15:46:40 - [MESSAGE][PASSED] - Wait for page load successfully

2018-09-27 15:46:45 - [MESSAGE][PASSED] - Object: '' is clicked on

2018-09-27 15:46:45 - [MESSAGE][PASSED] - Wait for page load successfully

2018-09-27 15:46:45 - [MESSAGE][PASSED] - Text of object 'Object Repository/Page_Admin/txt_searchOrder' is cleared

2018-09-27 15:46:45 - [MESSAGE][PASSED] - Keys '137001' sent to object: 'Object Repository/Page_Admin/txt_searchOrder'

2018-09-27 15:46:49 - [MESSAGE][PASSED] - Object: 'Object Repository/Page_Admin/btn_searchOrder' is clicked on

2018-09-27 15:46:49 - [MESSAGE][PASSED] - Wait for page load successfully

2018-09-27 15:46:55 - [MESSAGE][PASSED] - Object: '' is clicked on

2018-09-27 15:46:55 - [MESSAGE][PASSED] - Wait for page load successfully

2018-09-27 15:46:55 - [MESSAGE][PASSED] - All options with label 'Completed' are selected in object 'Object Repository/Page_Admin/drop_orderStatus' 

2018-09-27 15:46:56 - [MESSAGE][PASSED] - Object: 'Object Repository/Page_Admin/btn_saveOrder' is clicked on

2018-09-27 15:47:06 - [MESSAGE][PASSED] - Object 'Object Repository/Page_Admin/lbl_orderUpdatedMessage' is present

2018-09-27 15:47:06 - [MESSAGE][PASSED] - beautytap.AdminAction.changeOrderStatus is PASSED

2018-09-27 15:47:06 - [TEST_STEP][PASSED] - beautytap.GeneralAction.openMailBox: beautytap.GeneralAction.openMailBox is PASSED

2018-09-27 15:47:10 - [MESSAGE][PASSED] - Navigate to 'https://www.mailinator.com' successfully

2018-09-27 15:47:10 - [MESSAGE][PASSED] - Wait for page load successfully

2018-09-27 15:47:10 - [MESSAGE][PASSED] - Keys 'trang2408@mailinator.com' sent to object: 'Object Repository/Page_mailinator/txt_email'

2018-09-27 15:47:13 - [MESSAGE][PASSED] - Object: 'Object Repository/Page_mailinator/btn_go' is clicked on

2018-09-27 15:47:13 - [MESSAGE][PASSED] - Wait for page load successfully

2018-09-27 15:47:18 - [MESSAGE][PASSED] - Delayed 5 second(s)

2018-09-27 15:47:18 - [MESSAGE][PASSED] - beautytap.GeneralAction.openMailBox is PASSED

2018-09-27 15:47:18 - [TEST_STEP][PASSED] - beautytap.GeneralAction.verifyEmailExist: beautytap.GeneralAction.verifyEmailExist is PASSED

2018-09-27 15:47:18 - [MESSAGE][PASSED] - Object '' is present

2018-09-27 15:47:18 - [MESSAGE][PASSED] - beautytap.GeneralAction.verifyEmailExist is PASSED

2018-09-27 15:47:18 - [TEST_STEP][PASSED] - beautytap.GeneralAction.openEmail: beautytap.GeneralAction.openEmail is PASSED

2018-09-27 15:47:18 - [MESSAGE][PASSED] - Object: '' is clicked on

2018-09-27 15:47:18 - [MESSAGE][PASSED] - beautytap.GeneralAction.openEmail is PASSED

2018-09-27 15:47:18 - [TEST_STEP][PASSED] - beautytap.ShopAction.VerifyOrderCompleteEmail: Keyword VerifyOrderCompleteEmail is Passed

2018-09-27 15:47:19 - [MESSAGE][PASSED] - Object '' is present

2018-09-27 15:47:19 - [MESSAGE][PASSED] - Text of object '' is: 'La Muse Correct Care Complete Cushion SPF50+'

2018-09-27 15:47:19 - [MESSAGE][PASSED] - Text of object '' is: '3'

2018-09-27 15:47:19 - [MESSAGE][PASSED] - Text of object '' is: '$95.40'

2018-09-27 15:47:19 - [MESSAGE][PASSED] - Text of object '' is: '$95.40'

2018-09-27 15:47:19 - [MESSAGE][PASSED] - Text of object '' is: 'Free shipping for orders over $60'

2018-09-27 15:47:25 - [MESSAGE][WARNING] - com.kms.katalon.core.webui.exception.WebElementNotFoundException: Web element with id: '' located by 'By.xpath: //th[text()='Shipping:']/parent::tr/td/span' not found
[[ATTACHMENT|E:\\BeautytapAutomation\\beautytapAuto\\Beautytap\\Reports\\Regression\\20180927_153625\\1538038044794.png]]

2018-09-27 15:47:25 - [MESSAGE][PASSED] - Text of object '' is: 'PayPal'

2018-09-27 15:47:25 - [MESSAGE][PASSED] - Text of object '' is: '104.94'

2018-09-27 15:47:25 - [MESSAGE][PASSED] - Text of object '' is: '$95.40'

2018-09-27 15:47:25 - [MESSAGE][PASSED] - Keyword VerifyOrderCompleteEmail is Passed

2018-09-27 15:47:25 - [TEST_STEP][PASSED] - closeBrowser: Browser is closed

2018-09-27 15:47:26 - [MESSAGE][PASSED] - Browser is closed

2018-09-27 15:47:26 - [TEST_STEP][PASSED] - beautytap.GeneralAction.openBeautytap: beautytap.GeneralAction.openBeautytap is PASSED

2018-09-27 15:47:43 - [MESSAGE][PASSED] - Browser is opened with url: 'https://stage.beautytap.com'

2018-09-27 15:47:44 - [MESSAGE][PASSED] - Current window maximized

2018-09-27 15:47:47 - [MESSAGE][PASSED] - Refresh successfully

2018-09-27 15:47:47 - [MESSAGE][PASSED] - Wait for page load successfully

2018-09-27 15:47:47 - [MESSAGE][PASSED] - beautytap.GeneralAction.openBeautytap is PASSED

2018-09-27 15:47:47 - [TEST_STEP][PASSED] - beautytap.GeneralAction.clickNavigationMenu: beautytap.GeneralAction.clickNavigationMenu is PASSED

2018-09-27 15:47:50 - [MESSAGE][PASSED] - Object: 'Object Repository/Page_General/link_login' is clicked on

2018-09-27 15:47:50 - [MESSAGE][PASSED] - Wait for page load successfully

2018-09-27 15:47:50 - [MESSAGE][PASSED] - beautytap.GeneralAction.clickNavigationMenu is PASSED

2018-09-27 15:47:50 - [TEST_STEP][PASSED] - beautytap.GeneralAction.login: beautytap.GeneralAction.login is PASSED

2018-09-27 15:47:50 - [MESSAGE][PASSED] - Text of object 'Object Repository/Page_login/txt_username' is cleared

2018-09-27 15:47:50 - [MESSAGE][PASSED] - Keys 'trang2408@mailinator.com' sent to object: 'Object Repository/Page_login/txt_username'

2018-09-27 15:47:50 - [MESSAGE][PASSED] - Text of object 'Object Repository/Page_login/txt_password' is cleared

2018-09-27 15:47:51 - [MESSAGE][PASSED] - Keys '123456' sent to object: 'Object Repository/Page_login/txt_password'

2018-09-27 15:47:51 - [MESSAGE][PASSED] - Object: 'Object Repository/Page_login/btn_login' is clicked on

2018-09-27 15:47:51 - [MESSAGE][PASSED] - Wait for page load successfully

2018-09-27 15:47:51 - [MESSAGE][PASSED] - beautytap.GeneralAction.login is PASSED

2018-09-27 15:47:51 - [TEST_STEP][PASSED] - beautytap.GeneralAction.VerifyNotificationText: Keyword VerifyNotificationText is Passed

2018-09-27 15:47:59 - [MESSAGE][PASSED] - Object: 'Object Repository/Page_General/link_notificationIcon' is clicked on

2018-09-27 15:48:04 - [MESSAGE][PASSED] - Delayed 5 second(s)

2018-09-27 15:48:04 - [MESSAGE][PASSED] - Text of object '' is: 'You received 104.94 redeemable points'

2018-09-27 15:48:04 - [MESSAGE][PASSED] - Keyword VerifyNotificationText is Passed

2018-09-27 15:48:04 - [TEST_STEP][PASSED] - beautytap.GeneralAction.selectProfileMenu: beautytap.GeneralAction.selectProfileMenu is PASSED

2018-09-27 15:48:04 - [MESSAGE][PASSED] - Object: 'Object Repository/Page_General/link_avatar' is clicked on

2018-09-27 15:48:06 - [MESSAGE][PASSED] - Delayed 2 second(s)

2018-09-27 15:48:09 - [MESSAGE][PASSED] - Object: '' is clicked on

2018-09-27 15:48:09 - [MESSAGE][PASSED] - Wait for page load successfully

2018-09-27 15:48:09 - [MESSAGE][PASSED] - beautytap.GeneralAction.selectProfileMenu is PASSED

2018-09-27 15:48:09 - [TEST_STEP][PASSED] - Statement - newLifetime = java.lang.Float.parseFloat(java.lang.String.format("%.2f", lifetime + rewardEarned)): null

2018-09-27 15:48:09 - [TEST_STEP][PASSED] - Statement - newRedeemable = java.lang.Float.parseFloat(java.lang.String.format("%.2f", redeemable + rewardEarned)): null

2018-09-27 15:48:09 - [TEST_STEP][PASSED] - Statement - newPointValue = CustomKeywords.beautytap.ShopAction.calculateLoyaltyPointValue(newRedeemable): beautytap.ShopAction.calculateLoyaltyPointValue is PASSED

2018-09-27 15:48:09 - [MESSAGE][PASSED] - beautytap.ShopAction.calculateLoyaltyPointValue is PASSED

2018-09-27 15:48:09 - [TEST_STEP][PASSED] - beautytap.ShopAction.VerifyRewardPointsDetails: Keyword VerifyRewardPoints is Passed

2018-09-27 15:48:09 - [MESSAGE][PASSED] - Text of object '' is: '7061.13'

2018-09-27 15:48:09 - [MESSAGE][PASSED] - Text of object '' is: '3162.38'

2018-09-27 15:48:09 - [MESSAGE][PASSED] - Text of object '' is: '4451.13'

2018-09-27 15:48:09 - [MESSAGE][PASSED] - Text of object '' is: '$237.00'

2018-09-27 15:48:09 - [MESSAGE][PASSED] - Keyword VerifyRewardPoints is Passed

2018-09-27 15:48:09 - [TEST_STEP][PASSED] - beautytap.ShopAction.VerifyRewardHistory: Keyword VerifyRewardHistory is Passed

2018-09-27 15:48:09 - [MESSAGE][PASSED] - Object '' is present

2018-09-27 15:48:09 - [MESSAGE][PASSED] - Text of object '' is: ''

2018-09-27 15:48:10 - [MESSAGE][PASSED] - Text of object '' is: '$95.40'

2018-09-27 15:48:10 - [MESSAGE][PASSED] - Text of object '' is: '1.1'

2018-09-27 15:48:10 - [MESSAGE][PASSED] - Text of object '' is: '104.94'

2018-09-27 15:48:10 - [MESSAGE][PASSED] - Text of object '' is: '4451.13'

2018-09-27 15:48:10 - [MESSAGE][PASSED] - Keyword VerifyRewardHistory is Passed

2018-09-27 15:48:10 - [TEST_STEP][PASSED] - beautytap.GeneralAction.logout: beautytap.GeneralAction.logout is PASSED

2018-09-27 15:48:10 - [MESSAGE][PASSED] - Object: 'Object Repository/Page_General/link_avatar' is clicked on

2018-09-27 15:48:10 - [MESSAGE][PASSED] - Object 'Object Repository/Page_General/menu_logout' is present

2018-09-27 15:48:10 - [MESSAGE][PASSED] - Object: 'Object Repository/Page_General/menu_logout' is clicked on

2018-09-27 15:48:10 - [MESSAGE][PASSED] - Wait for page load successfully

2018-09-27 15:48:11 - [MESSAGE][PASSED] - Browser is closed

2018-09-27 15:48:11 - [MESSAGE][PASSED] - beautytap.GeneralAction.logout is PASSED]]></system-out>
         <system-err><![CDATA[]]></system-err>
      </testcase>
      <testcase name="Test Cases/Shop/TC08_BuyProduct_UsingRewardPoint" classname="Test Cases/Shop/TC08_BuyProduct_UsingRewardPoint" status="PASSED">
         <system-out><![CDATA[2018-09-27 15:48:13 - [TEST_CASE][PASSED] - Test Cases/Shop/TC08_BuyProduct_UsingRewardPoint: Test Cases/Shop/TC08_BuyProduct_UsingRewardPoint

2018-09-27 15:48:14 - [TEST_STEP][PASSED] - Statement - username = USER_EMAIL: null

2018-09-27 15:48:14 - [TEST_STEP][PASSED] - Statement - password = USER_PASSWORD: null

2018-09-27 15:48:14 - [TEST_STEP][PASSED] - Statement - productName = SIMPLE_PRODUCT: null

2018-09-27 15:48:14 - [TEST_STEP][PASSED] - Statement - price = SIMPLE_PRODUCT_PRICE: null

2018-09-27 15:48:14 - [TEST_STEP][PASSED] - Statement - quantity = 3: null

2018-09-27 15:48:14 - [TEST_STEP][PASSED] - Statement - shippingLabel = FREE_SHIPPING_LABEL: null

2018-09-27 15:48:14 - [TEST_STEP][PASSED] - Statement - shippingPrice = 0: null

2018-09-27 15:48:14 - [TEST_STEP][PASSED] - Statement - pointUsed = 60: null

2018-09-27 15:48:14 - [TEST_STEP][PASSED] - Statement - pointValueUsed = 2: null

2018-09-27 15:48:14 - [TEST_STEP][PASSED] - Statement - subtotal = CustomKeywords.beautytap.ShopAction.calculateTotal(quantity, price): beautytap.ShopAction.calculateTotal is PASSED

2018-09-27 15:48:14 - [MESSAGE][PASSED] - beautytap.ShopAction.calculateTotal is PASSED

2018-09-27 15:48:14 - [TEST_STEP][PASSED] - Statement - subtotalApplyReward = java.lang.Float.parseFloat(java.lang.String.format("%.2f", subtotal - pointValueUsed)): null

2018-09-27 15:48:14 - [TEST_STEP][PASSED] - Statement - total = java.lang.Float.parseFloat(java.lang.String.format("%.2f", subtotal - pointValueUsed + shippingPrice)): null

2018-09-27 15:48:14 - [TEST_STEP][PASSED] - Statement - products = new org.json.JSONArray((((((([{"productname":" + productName) + ","variation":"","quantity":") + quantity) + ","price":") + price) + "}])): null

2018-09-27 15:48:14 - [TEST_STEP][PASSED] - Statement - billingInformation = new org.json.JSONObject((({"firstname":"Test","lastname":"Automation","country":"United States (US)","address":"123 Testing","city":"New York","state":"New York","zip":"90012","email":" + username) + "})): null

2018-09-27 15:48:14 - [TEST_STEP][PASSED] - Statement - paymentMethod = "PayPal": null

2018-09-27 15:48:14 - [TEST_STEP][PASSED] - beautytap.GeneralAction.openBeautytap: beautytap.GeneralAction.openBeautytap is PASSED

2018-09-27 15:48:25 - [MESSAGE][PASSED] - Browser is opened with url: 'https://stage.beautytap.com'

2018-09-27 15:48:26 - [MESSAGE][PASSED] - Current window maximized

2018-09-27 15:48:30 - [MESSAGE][PASSED] - Refresh successfully

2018-09-27 15:48:30 - [MESSAGE][PASSED] - Wait for page load successfully

2018-09-27 15:48:30 - [MESSAGE][PASSED] - beautytap.GeneralAction.openBeautytap is PASSED

2018-09-27 15:48:30 - [TEST_STEP][PASSED] - beautytap.GeneralAction.clickNavigationMenu: beautytap.GeneralAction.clickNavigationMenu is PASSED

2018-09-27 15:48:32 - [MESSAGE][PASSED] - Object: 'Object Repository/Page_General/link_login' is clicked on

2018-09-27 15:48:32 - [MESSAGE][PASSED] - Wait for page load successfully

2018-09-27 15:48:32 - [MESSAGE][PASSED] - beautytap.GeneralAction.clickNavigationMenu is PASSED

2018-09-27 15:48:32 - [TEST_STEP][PASSED] - beautytap.GeneralAction.login: beautytap.GeneralAction.login is PASSED

2018-09-27 15:48:32 - [MESSAGE][PASSED] - Text of object 'Object Repository/Page_login/txt_username' is cleared

2018-09-27 15:48:33 - [MESSAGE][PASSED] - Keys 'trang2408@mailinator.com' sent to object: 'Object Repository/Page_login/txt_username'

2018-09-27 15:48:33 - [MESSAGE][PASSED] - Text of object 'Object Repository/Page_login/txt_password' is cleared

2018-09-27 15:48:33 - [MESSAGE][PASSED] - Keys '123456' sent to object: 'Object Repository/Page_login/txt_password'

2018-09-27 15:48:33 - [MESSAGE][PASSED] - Object: 'Object Repository/Page_login/btn_login' is clicked on

2018-09-27 15:48:33 - [MESSAGE][PASSED] - Wait for page load successfully

2018-09-27 15:48:33 - [MESSAGE][PASSED] - beautytap.GeneralAction.login is PASSED

2018-09-27 15:48:33 - [TEST_STEP][PASSED] - beautytap.GeneralAction.selectProfileMenu: beautytap.GeneralAction.selectProfileMenu is PASSED

2018-09-27 15:48:41 - [MESSAGE][PASSED] - Object: 'Object Repository/Page_General/link_avatar' is clicked on

2018-09-27 15:48:43 - [MESSAGE][PASSED] - Delayed 2 second(s)

2018-09-27 15:48:47 - [MESSAGE][PASSED] - Object: '' is clicked on

2018-09-27 15:48:47 - [MESSAGE][PASSED] - Wait for page load successfully

2018-09-27 15:48:47 - [MESSAGE][PASSED] - beautytap.GeneralAction.selectProfileMenu is PASSED

2018-09-27 15:48:47 - [TEST_STEP][PASSED] - Statement - objReward = CustomKeywords.beautytap.ShopAction.getRewardDetails(): beautytap.ShopAction.getRewardDetails is PASSED

2018-09-27 15:48:47 - [MESSAGE][PASSED] - Text of object '' is: '1.1 x Rewards Multiplier!'

2018-09-27 15:48:47 - [MESSAGE][PASSED] - Text of object '' is: '1.1 x Rewards Multiplier!'

2018-09-27 15:48:47 - [MESSAGE][PASSED] - Text of object '' is: '7061.13'

2018-09-27 15:48:47 - [MESSAGE][PASSED] - Text of object '' is: '3162.38'

2018-09-27 15:48:47 - [MESSAGE][PASSED] - Text of object '' is: '4451.13'

2018-09-27 15:48:47 - [MESSAGE][PASSED] - Text of object '' is: '$237.00'

2018-09-27 15:48:47 - [MESSAGE][PASSED] - Text of object '' is: 'Beauty Bae'

2018-09-27 15:48:47 - [MESSAGE][PASSED] - beautytap.ShopAction.getRewardDetails is PASSED

2018-09-27 15:48:47 - [TEST_STEP][PASSED] - Statement - multiplier = java.lang.Float.parseFloat(objReward.get("multiplier")): null

2018-09-27 15:48:47 - [TEST_STEP][PASSED] - Statement - currentlevel = objReward.get("currentlevel"): null

2018-09-27 15:48:47 - [TEST_STEP][PASSED] - Statement - lifetime = java.lang.Float.parseFloat(objReward.get("lifetime")): null

2018-09-27 15:48:47 - [TEST_STEP][PASSED] - Statement - pending = java.lang.Float.parseFloat(objReward.get("pending")): null

2018-09-27 15:48:47 - [TEST_STEP][PASSED] - Statement - redeemable = java.lang.Float.parseFloat(objReward.get("redeemable")): null

2018-09-27 15:48:47 - [TEST_STEP][PASSED] - Statement - pointvalue = java.lang.Float.parseFloat(objReward.get("pointvalue")): null

2018-09-27 15:48:47 - [TEST_STEP][PASSED] - Statement - rewardEarned = java.lang.Float.parseFloat(java.lang.String.format("%.2f", multiplier * subtotal - pointValueUsed)): null

2018-09-27 15:48:47 - [TEST_STEP][PASSED] - beautytap.ShopAction.globalSearch: beautytap.ShopAction.globalSearch is PASSED

2018-09-27 15:48:47 - [MESSAGE][PASSED] - Object: 'Object Repository/Page_General/icon_search' is clicked on

2018-09-27 15:48:52 - [MESSAGE][PASSED] - Delayed 5 second(s)

2018-09-27 15:48:52 - [MESSAGE][PASSED] - Text of object 'Object Repository/Page_General/txt_search' is cleared

2018-09-27 15:48:52 - [MESSAGE][PASSED] - Keys 'CONTROL + v' sent to object: 'Object Repository/Page_General/txt_search'

2018-09-27 15:48:54 - [MESSAGE][PASSED] - Object 'Object Repository/Page_General/div_searchResult' is present

2018-09-27 15:48:54 - [MESSAGE][PASSED] - beautytap.ShopAction.globalSearch is PASSED

2018-09-27 15:48:54 - [TEST_STEP][PASSED] - beautytap.ShopAction.selectProductOnSearchResult: beautytap.ShopAction.selectProductOnSearchResult is PASSED

2018-09-27 15:48:59 - [MESSAGE][PASSED] - Object: '' is clicked on

2018-09-27 15:48:59 - [MESSAGE][PASSED] - Wait for page load successfully

2018-09-27 15:48:59 - [MESSAGE][PASSED] - beautytap.ShopAction.selectProductOnSearchResult is PASSED

2018-09-27 15:48:59 - [TEST_STEP][PASSED] - beautytap.ShopAction.addProductToCart: beautytap.ShopAction.addProductToCart is PASSED

2018-09-27 15:48:59 - [MESSAGE][PASSED] - Text of object 'Object Repository/Page_Shop/txt_quantity' is cleared

2018-09-27 15:48:59 - [MESSAGE][PASSED] - Keys '3' sent to object: 'Object Repository/Page_Shop/txt_quantity'

2018-09-27 15:49:00 - [MESSAGE][PASSED] - Object: 'Object Repository/Page_Shop/btn_addToCart' is clicked on

2018-09-27 15:49:00 - [MESSAGE][PASSED] - Wait for page load successfully

2018-09-27 15:49:04 - [MESSAGE][PASSED] - Object 'Object Repository/Page_Shop/lbl_message' is present

2018-09-27 15:49:04 - [MESSAGE][PASSED] - beautytap.ShopAction.addProductToCart is PASSED

2018-09-27 15:49:04 - [TEST_STEP][PASSED] - beautytap.ShopAction.goToCart: beautytap.ShopAction.goToCart is PASSED

2018-09-27 15:49:04 - [MESSAGE][PASSED] - Object 'Object Repository/Page_General/icon_cart' is present

2018-09-27 15:49:09 - [MESSAGE][PASSED] - Object: 'Object Repository/Page_General/icon_cart' is clicked on

2018-09-27 15:49:09 - [MESSAGE][PASSED] - Wait for page load successfully

2018-09-27 15:49:09 - [MESSAGE][PASSED] - beautytap.ShopAction.goToCart is PASSED

2018-09-27 15:49:09 - [TEST_STEP][PASSED] - beautytap.ShopAction.processToCheckout: beautytap.ShopAction.processToCheckout is PASSED

2018-09-27 15:49:13 - [MESSAGE][PASSED] - Object: 'Object Repository/Page_Cart/btn_checkout' is clicked on

2018-09-27 15:49:13 - [MESSAGE][PASSED] - Wait for page load successfully

2018-09-27 15:49:13 - [MESSAGE][PASSED] - beautytap.ShopAction.processToCheckout is PASSED

2018-09-27 15:49:13 - [TEST_STEP][PASSED] - beautytap.ShopAction.applyLoyaltyRewardPoint: beautytap.ShopAction.applyLoyaltyRewardPoint is PASSED

2018-09-27 15:49:13 - [MESSAGE][PASSED] - Object: 'Object Repository/Page_Checkout/link_clickToRedeem' is clicked on

2018-09-27 15:49:13 - [MESSAGE][PASSED] - Object '' is checked

2018-09-27 15:49:14 - [MESSAGE][PASSED] - Object: 'Object Repository/Page_Checkout/btn_applyReward' is clicked on

2018-09-27 15:49:14 - [MESSAGE][PASSED] - Object '' is present

2018-09-27 15:49:14 - [MESSAGE][PASSED] - beautytap.ShopAction.applyLoyaltyRewardPoint is PASSED

2018-09-27 15:49:14 - [TEST_STEP][PASSED] - beautytap.ShopAction.fillCustomerInformation: beautytap.ShopAction.fillCustomerInformation is PASSED

2018-09-27 15:49:14 - [MESSAGE][PASSED] - Text of object 'Object Repository/Page_Checkout/txt_billingFirstName' is cleared

2018-09-27 15:49:14 - [MESSAGE][PASSED] - Keys 'Test' sent to object: 'Object Repository/Page_Checkout/txt_billingFirstName'

2018-09-27 15:49:14 - [MESSAGE][PASSED] - Text of object 'Object Repository/Page_Checkout/txt_billingLastName' is cleared

2018-09-27 15:49:15 - [MESSAGE][PASSED] - Keys 'Automation' sent to object: 'Object Repository/Page_Checkout/txt_billingLastName'

2018-09-27 15:49:15 - [MESSAGE][PASSED] - All options with label 'United States (US)' are selected in object 'Object Repository/Page_Checkout/drop_billingCountry' 

2018-09-27 15:49:20 - [MESSAGE][PASSED] - Delayed 5 second(s)

2018-09-27 15:49:20 - [MESSAGE][PASSED] - Text of object 'Object Repository/Page_Checkout/txt_billingAddress' is cleared

2018-09-27 15:49:20 - [MESSAGE][PASSED] - Keys '123 Testing' sent to object: 'Object Repository/Page_Checkout/txt_billingAddress'

2018-09-27 15:49:20 - [MESSAGE][PASSED] - Text of object 'Object Repository/Page_Checkout/txt_billingCity' is cleared

2018-09-27 15:49:21 - [MESSAGE][PASSED] - Keys 'New York' sent to object: 'Object Repository/Page_Checkout/txt_billingCity'

2018-09-27 15:49:21 - [MESSAGE][PASSED] - All options with label 'New York' are selected in object 'Object Repository/Page_Checkout/drop_billingState' 

2018-09-27 15:49:21 - [MESSAGE][PASSED] - Text of object 'Object Repository/Page_Checkout/txt_billingZip' is cleared

2018-09-27 15:49:21 - [MESSAGE][PASSED] - Keys '90012' sent to object: 'Object Repository/Page_Checkout/txt_billingZip'

2018-09-27 15:49:21 - [MESSAGE][PASSED] - Text of object 'Object Repository/Page_Checkout/txt_billingEmail' is cleared

2018-09-27 15:49:22 - [MESSAGE][PASSED] - Keys 'trang2408@mailinator.com' sent to object: 'Object Repository/Page_Checkout/txt_billingEmail'

2018-09-27 15:49:22 - [MESSAGE][PASSED] - Object 'Object Repository/Page_Checkout/chk_shipToDifferentAddress' is un-checked

2018-09-27 15:49:22 - [MESSAGE][PASSED] - Text of object 'Object Repository/Page_Checkout/txt_orderNote' is cleared

2018-09-27 15:49:22 - [MESSAGE][PASSED] - Keys 'TC08_checkout with reward' sent to object: 'Object Repository/Page_Checkout/txt_orderNote'

2018-09-27 15:49:22 - [MESSAGE][PASSED] - Object 'Object Repository/Page_Checkout/radio_creditCard' is checked

2018-09-27 15:49:27 - [MESSAGE][PASSED] - Delayed 5 second(s)

2018-09-27 15:49:27 - [MESSAGE][PASSED] - beautytap.ShopAction.fillCustomerInformation is PASSED

2018-09-27 15:49:27 - [TEST_STEP][PASSED] - beautytap.ShopAction.VerifyOrderDetailsOnCheckout: Keyword VerifyOrderDetailsOnCheckout is Passed

2018-09-27 15:49:27 - [MESSAGE][PASSED] - Object '' is present

2018-09-27 15:49:27 - [MESSAGE][PASSED] - Text of object '' is: '$95.40'

2018-09-27 15:49:27 - [MESSAGE][PASSED] - Text of object '' is: '60 points used'

2018-09-27 15:49:27 - [MESSAGE][PASSED] - Text of object '' is: '60 points used'

2018-09-27 15:49:28 - [MESSAGE][PASSED] - Text of object '' is: '$2.00'

2018-09-27 15:49:28 - [MESSAGE][PASSED] - Text of object '' is: 'Free shipping for orders over $60
Why does shipping take this long?'

2018-09-27 15:49:28 - [MESSAGE][PASSED] - Text of object '' is: '$93.40'

2018-09-27 15:49:28 - [MESSAGE][PASSED] - Keyword VerifyOrderDetailsOnCheckout is Passed

2018-09-27 15:49:28 - [TEST_STEP][PASSED] - beautytap.ShopAction.VerifyRewardEarned: Keyword VerifyRewardEarned is Passed

2018-09-27 15:49:28 - [MESSAGE][PASSED] - Text of object '' is: 'Status: Beauty Bae ( $93.4 x Rewards Multiplier )'

2018-09-27 15:49:28 - [MESSAGE][PASSED] - Text of object '' is: 'Status: Beauty Bae ( $93.4 x Rewards Multiplier )'

2018-09-27 15:49:28 - [MESSAGE][PASSED] - Text of object '' is: 'Status: Beauty Bae ( $93.4 x Rewards Multiplier )'

2018-09-27 15:49:28 - [MESSAGE][PASSED] - Text of object '' is: 'Multiplier: $93.4 x 1.1'

2018-09-27 15:49:28 - [MESSAGE][PASSED] - Text of object '' is: 'Multiplier: $93.4 x 1.1'

2018-09-27 15:49:28 - [MESSAGE][PASSED] - Text of object '' is: '102.7 Points!'

2018-09-27 15:49:28 - [MESSAGE][PASSED] - Text of object '' is: '102.7 Points!'

2018-09-27 15:49:28 - [MESSAGE][PASSED] - Text of object '' is: 'Multiplier: $93.4 x 1.1'

2018-09-27 15:49:28 - [MESSAGE][PASSED] - Text of object '' is: 'Multiplier: $93.4 x 1.1'

2018-09-27 15:49:28 - [MESSAGE][PASSED] - Text of object '' is: 'Multiplier: $93.4 x 1.1'

2018-09-27 15:49:28 - [MESSAGE][PASSED] - Keyword VerifyRewardEarned is Passed

2018-09-27 15:49:28 - [TEST_STEP][PASSED] - beautytap.ShopAction.checkoutViaPaypal: beautytap.ShopAction.checkoutViaPaypal is PASSED

2018-09-27 15:49:28 - [MESSAGE][PASSED] - Object 'Object Repository/Page_Checkout/radio_paypal' is checked

2018-09-27 15:49:33 - [MESSAGE][PASSED] - Delayed 5 second(s)

2018-09-27 15:49:33 - [MESSAGE][PASSED] - Object 'Object Repository/Page_Checkout/chk_terms' is checked

2018-09-27 15:49:34 - [MESSAGE][PASSED] - Object: 'Object Repository/Page_Checkout/btn_placeOrder' is clicked on

2018-09-27 15:49:40 - [MESSAGE][PASSED] - Object 'Object Repository/Page_Paypal/txt_email' is present

2018-09-27 15:49:41 - [MESSAGE][PASSED] - Text of object 'Object Repository/Page_Paypal/txt_email' is cleared

2018-09-27 15:49:41 - [MESSAGE][PASSED] - Keys 'g1.posiba@gmail.com' sent to object: 'Object Repository/Page_Paypal/txt_email'

2018-09-27 15:49:41 - [MESSAGE][PASSED] - Text of object 'Object Repository/Page_Paypal/txt_password' is cleared

2018-09-27 15:49:41 - [MESSAGE][PASSED] - Keys 'Tr@ng99%' sent to object: 'Object Repository/Page_Paypal/txt_password'

2018-09-27 15:49:51 - [MESSAGE][PASSED] - Object: 'Object Repository/Page_Paypal/btn_login' is clicked on

2018-09-27 15:49:53 - [MESSAGE][PASSED] - Object 'Object Repository/Page_Paypal/btn_payNow' is present

2018-09-27 15:49:58 - [MESSAGE][PASSED] - Delayed 5 second(s)

2018-09-27 15:49:58 - [MESSAGE][PASSED] - Object: 'Object Repository/Page_Paypal/btn_payNow' is clicked on

2018-09-27 15:50:19 - [MESSAGE][PASSED] - Object 'Object Repository/Page_Checkout/lbl_orderReceived' is present

2018-09-27 15:50:19 - [MESSAGE][PASSED] - beautytap.ShopAction.checkoutViaPaypal is PASSED

2018-09-27 15:50:19 - [TEST_STEP][PASSED] - beautytap.ShopAction.VerifyOrderReceivedDetails: Keyword VerifyOrderReceivedDetails is Passed

2018-09-27 15:50:19 - [MESSAGE][PASSED] - Object '' is present

2018-09-27 15:50:19 - [MESSAGE][PASSED] - Text of object '' is: '$95.40'

2018-09-27 15:50:19 - [MESSAGE][PASSED] - Text of object '' is: '60 points used'

2018-09-27 15:50:19 - [MESSAGE][PASSED] - Text of object '' is: '60 points used'

2018-09-27 15:50:19 - [MESSAGE][PASSED] - Text of object '' is: '$2.00'

2018-09-27 15:50:19 - [MESSAGE][PASSED] - Text of object '' is: 'Free shipping for orders over $60'

2018-09-27 15:50:25 - [MESSAGE][WARNING] - com.kms.katalon.core.webui.exception.WebElementNotFoundException: Web element with id: '' located by 'By.xpath: //th[text()='Shipping:']/parent::tr/td/span' not found
[[ATTACHMENT|E:\\BeautytapAutomation\\beautytapAuto\\Beautytap\\Reports\\Regression\\20180927_153625\\1538038224792.png]]

2018-09-27 15:50:25 - [MESSAGE][PASSED] - Text of object '' is: 'PayPal'

2018-09-27 15:50:25 - [MESSAGE][PASSED] - Text of object '' is: '$93.40'

2018-09-27 15:50:25 - [MESSAGE][PASSED] - Keyword VerifyOrderReceivedDetails is Passed

2018-09-27 15:50:25 - [TEST_STEP][PASSED] - Statement - orderInfo = CustomKeywords.beautytap.ShopAction.getOrderInfoOnOrderReceived(): beautytap.ShopAction.getOrderInfoOnOrderReceived is PASSED

2018-09-27 15:50:25 - [MESSAGE][PASSED] - Text of object '' is: '137006'

2018-09-27 15:50:25 - [MESSAGE][PASSED] - Text of object '' is: 'September 27, 2018'

2018-09-27 15:50:25 - [MESSAGE][PASSED] - beautytap.ShopAction.getOrderInfoOnOrderReceived is PASSED

2018-09-27 15:50:25 - [TEST_STEP][PASSED] - Statement - orderNumber = orderInfo.get("ordernumber"): null

2018-09-27 15:50:25 - [TEST_STEP][PASSED] - beautytap.ShopAction.VerifyRewardEarned: Keyword VerifyRewardEarned is Passed

2018-09-27 15:50:25 - [MESSAGE][PASSED] - Text of object '' is: 'Status: Beauty Bae ( $93.40 x Rewards Multiplier )'

2018-09-27 15:50:25 - [MESSAGE][PASSED] - Text of object '' is: 'Status: Beauty Bae ( $93.40 x Rewards Multiplier )'

2018-09-27 15:50:25 - [MESSAGE][PASSED] - Text of object '' is: 'Status: Beauty Bae ( $93.40 x Rewards Multiplier )'

2018-09-27 15:50:25 - [MESSAGE][PASSED] - Text of object '' is: 'Multiplier: $93.40 x 1.1'

2018-09-27 15:50:25 - [MESSAGE][PASSED] - Text of object '' is: 'Multiplier: $93.40 x 1.1'

2018-09-27 15:50:25 - [MESSAGE][PASSED] - Text of object '' is: '102.7 Points!'

2018-09-27 15:50:25 - [MESSAGE][PASSED] - Text of object '' is: '102.7 Points!'

2018-09-27 15:50:25 - [MESSAGE][PASSED] - Text of object '' is: 'Multiplier: $93.40 x 1.1'

2018-09-27 15:50:25 - [MESSAGE][PASSED] - Text of object '' is: 'Multiplier: $93.40 x 1.1'

2018-09-27 15:50:25 - [MESSAGE][PASSED] - Text of object '' is: 'Multiplier: $93.40 x 1.1'

2018-09-27 15:50:25 - [MESSAGE][PASSED] - Keyword VerifyRewardEarned is Passed

2018-09-27 15:50:25 - [TEST_STEP][PASSED] - beautytap.GeneralAction.selectProfileMenu: beautytap.GeneralAction.selectProfileMenu is PASSED

2018-09-27 15:50:25 - [MESSAGE][PASSED] - Object: 'Object Repository/Page_General/link_avatar' is clicked on

2018-09-27 15:50:27 - [MESSAGE][PASSED] - Delayed 2 second(s)

2018-09-27 15:50:31 - [MESSAGE][PASSED] - Object: '' is clicked on

2018-09-27 15:50:31 - [MESSAGE][PASSED] - Wait for page load successfully

2018-09-27 15:50:31 - [MESSAGE][PASSED] - beautytap.GeneralAction.selectProfileMenu is PASSED

2018-09-27 15:50:31 - [TEST_STEP][PASSED] - Statement - newPending = java.lang.Float.parseFloat(java.lang.String.format("%.2f", pending + rewardEarned)): null

2018-09-27 15:50:31 - [TEST_STEP][PASSED] - Statement - newRedeemable = java.lang.Float.parseFloat(java.lang.String.format("%.2f", redeemable - pointUsed)): null

2018-09-27 15:50:31 - [TEST_STEP][PASSED] - Statement - newPointValue = CustomKeywords.beautytap.ShopAction.calculateLoyaltyPointValue(newRedeemable): beautytap.ShopAction.calculateLoyaltyPointValue is PASSED

2018-09-27 15:50:31 - [MESSAGE][PASSED] - beautytap.ShopAction.calculateLoyaltyPointValue is PASSED

2018-09-27 15:50:31 - [TEST_STEP][PASSED] - beautytap.ShopAction.VerifyRewardPointsDetails: Keyword VerifyRewardPoints is Passed

2018-09-27 15:50:31 - [MESSAGE][PASSED] - Text of object '' is: '7061.13'

2018-09-27 15:50:31 - [MESSAGE][PASSED] - Text of object '' is: '3265.12'

2018-09-27 15:50:31 - [MESSAGE][PASSED] - Text of object '' is: '4391.13'

2018-09-27 15:50:31 - [MESSAGE][PASSED] - Text of object '' is: '$234.00'

2018-09-27 15:50:31 - [MESSAGE][PASSED] - Keyword VerifyRewardPoints is Passed

2018-09-27 15:50:31 - [TEST_STEP][PASSED] - beautytap.ShopAction.VerifyRewardHistory: Keyword VerifyRewardHistory is Passed

2018-09-27 15:50:31 - [MESSAGE][PASSED] - Object '' is present

2018-09-27 15:50:31 - [MESSAGE][PASSED] - Text of object '' is: '60'

2018-09-27 15:50:31 - [MESSAGE][PASSED] - Text of object '' is: '60'

2018-09-27 15:50:31 - [MESSAGE][PASSED] - Text of object '' is: '$93.40'

2018-09-27 15:50:31 - [MESSAGE][PASSED] - Text of object '' is: '1.1'

2018-09-27 15:50:31 - [MESSAGE][PASSED] - Text of object '' is: '-60.00'

2018-09-27 15:50:31 - [MESSAGE][PASSED] - Text of object '' is: '4391.13'

2018-09-27 15:50:31 - [MESSAGE][PASSED] - Keyword VerifyRewardHistory is Passed

2018-09-27 15:50:31 - [TEST_STEP][PASSED] - beautytap.ShopAction.VerifyRewardHistory: Keyword VerifyRewardHistory is Passed

2018-09-27 15:50:31 - [MESSAGE][PASSED] - Object '' is present

2018-09-27 15:50:31 - [MESSAGE][PASSED] - Text of object '' is: '60'

2018-09-27 15:50:31 - [MESSAGE][PASSED] - Text of object '' is: '60'

2018-09-27 15:50:31 - [MESSAGE][PASSED] - Text of object '' is: '$93.40'

2018-09-27 15:50:31 - [MESSAGE][PASSED] - Text of object '' is: '1.1'

2018-09-27 15:50:31 - [MESSAGE][PASSED] - Text of object '' is: '0.00'

2018-09-27 15:50:32 - [MESSAGE][PASSED] - Text of object '' is: '4391.13'

2018-09-27 15:50:32 - [MESSAGE][PASSED] - Keyword VerifyRewardHistory is Passed

2018-09-27 15:50:32 - [TEST_STEP][PASSED] - beautytap.GeneralAction.logout: beautytap.GeneralAction.logout is PASSED

2018-09-27 15:50:32 - [MESSAGE][PASSED] - Object: 'Object Repository/Page_General/link_avatar' is clicked on

2018-09-27 15:50:32 - [MESSAGE][PASSED] - Object 'Object Repository/Page_General/menu_logout' is present

2018-09-27 15:50:32 - [MESSAGE][PASSED] - Object: 'Object Repository/Page_General/menu_logout' is clicked on

2018-09-27 15:50:32 - [MESSAGE][PASSED] - Wait for page load successfully

2018-09-27 15:50:32 - [MESSAGE][PASSED] - beautytap.GeneralAction.logout is PASSED

2018-09-27 15:50:32 - [TEST_STEP][PASSED] - beautytap.GeneralAction.clickNavigationMenu: beautytap.GeneralAction.clickNavigationMenu is PASSED

2018-09-27 15:50:42 - [MESSAGE][PASSED] - Object: 'Object Repository/Page_General/link_login' is clicked on

2018-09-27 15:50:42 - [MESSAGE][PASSED] - Wait for page load successfully

2018-09-27 15:50:42 - [MESSAGE][PASSED] - beautytap.GeneralAction.clickNavigationMenu is PASSED

2018-09-27 15:50:42 - [TEST_STEP][PASSED] - beautytap.GeneralAction.login: beautytap.GeneralAction.login is PASSED

2018-09-27 15:50:42 - [MESSAGE][PASSED] - Text of object 'Object Repository/Page_login/txt_username' is cleared

2018-09-27 15:50:42 - [MESSAGE][PASSED] - Keys 'mrwhite' sent to object: 'Object Repository/Page_login/txt_username'

2018-09-27 15:50:42 - [MESSAGE][PASSED] - Text of object 'Object Repository/Page_login/txt_password' is cleared

2018-09-27 15:50:42 - [MESSAGE][PASSED] - Keys 'kgySM$Im' sent to object: 'Object Repository/Page_login/txt_password'

2018-09-27 15:50:42 - [MESSAGE][PASSED] - Object: 'Object Repository/Page_login/btn_login' is clicked on

2018-09-27 15:50:42 - [MESSAGE][PASSED] - Wait for page load successfully

2018-09-27 15:50:42 - [MESSAGE][PASSED] - beautytap.GeneralAction.login is PASSED

2018-09-27 15:50:42 - [TEST_STEP][PASSED] - navigateToUrl: Navigate to 'https://stage.beautytap.com/admin' successfully

2018-09-27 15:50:51 - [MESSAGE][PASSED] - Navigate to 'https://stage.beautytap.com/admin' successfully

2018-09-27 15:50:51 - [TEST_STEP][PASSED] - beautytap.AdminAction.changeOrderStatus: beautytap.AdminAction.changeOrderStatus is PASSED

2018-09-27 15:50:58 - [MESSAGE][PASSED] - Object: '' is clicked on

2018-09-27 15:50:58 - [MESSAGE][PASSED] - Wait for page load successfully

2018-09-27 15:51:03 - [MESSAGE][PASSED] - Object: '' is clicked on

2018-09-27 15:51:03 - [MESSAGE][PASSED] - Wait for page load successfully

2018-09-27 15:51:03 - [MESSAGE][PASSED] - Text of object 'Object Repository/Page_Admin/txt_searchOrder' is cleared

2018-09-27 15:51:03 - [MESSAGE][PASSED] - Keys '137006' sent to object: 'Object Repository/Page_Admin/txt_searchOrder'

2018-09-27 15:51:07 - [MESSAGE][PASSED] - Object: 'Object Repository/Page_Admin/btn_searchOrder' is clicked on

2018-09-27 15:51:07 - [MESSAGE][PASSED] - Wait for page load successfully

2018-09-27 15:51:13 - [MESSAGE][PASSED] - Object: '' is clicked on

2018-09-27 15:51:13 - [MESSAGE][PASSED] - Wait for page load successfully

2018-09-27 15:51:14 - [MESSAGE][PASSED] - All options with label 'Completed' are selected in object 'Object Repository/Page_Admin/drop_orderStatus' 

2018-09-27 15:51:14 - [MESSAGE][PASSED] - Object: 'Object Repository/Page_Admin/btn_saveOrder' is clicked on

2018-09-27 15:51:25 - [MESSAGE][PASSED] - Object 'Object Repository/Page_Admin/lbl_orderUpdatedMessage' is present

2018-09-27 15:51:25 - [MESSAGE][PASSED] - beautytap.AdminAction.changeOrderStatus is PASSED

2018-09-27 15:51:25 - [TEST_STEP][PASSED] - closeBrowser: Browser is closed

2018-09-27 15:51:26 - [MESSAGE][PASSED] - Browser is closed

2018-09-27 15:51:26 - [TEST_STEP][PASSED] - beautytap.GeneralAction.openBeautytap: beautytap.GeneralAction.openBeautytap is PASSED

2018-09-27 15:51:39 - [MESSAGE][PASSED] - Browser is opened with url: 'https://stage.beautytap.com'

2018-09-27 15:51:40 - [MESSAGE][PASSED] - Current window maximized

2018-09-27 15:51:43 - [MESSAGE][PASSED] - Refresh successfully

2018-09-27 15:51:44 - [MESSAGE][PASSED] - Wait for page load successfully

2018-09-27 15:51:44 - [MESSAGE][PASSED] - beautytap.GeneralAction.openBeautytap is PASSED

2018-09-27 15:51:44 - [TEST_STEP][PASSED] - beautytap.GeneralAction.clickNavigationMenu: beautytap.GeneralAction.clickNavigationMenu is PASSED

2018-09-27 15:51:47 - [MESSAGE][PASSED] - Object: 'Object Repository/Page_General/link_login' is clicked on

2018-09-27 15:51:47 - [MESSAGE][PASSED] - Wait for page load successfully

2018-09-27 15:51:47 - [MESSAGE][PASSED] - beautytap.GeneralAction.clickNavigationMenu is PASSED

2018-09-27 15:51:47 - [TEST_STEP][PASSED] - beautytap.GeneralAction.login: beautytap.GeneralAction.login is PASSED

2018-09-27 15:51:47 - [MESSAGE][PASSED] - Text of object 'Object Repository/Page_login/txt_username' is cleared

2018-09-27 15:51:47 - [MESSAGE][PASSED] - Keys 'trang2408@mailinator.com' sent to object: 'Object Repository/Page_login/txt_username'

2018-09-27 15:51:47 - [MESSAGE][PASSED] - Text of object 'Object Repository/Page_login/txt_password' is cleared

2018-09-27 15:51:47 - [MESSAGE][PASSED] - Keys '123456' sent to object: 'Object Repository/Page_login/txt_password'

2018-09-27 15:51:47 - [MESSAGE][PASSED] - Object: 'Object Repository/Page_login/btn_login' is clicked on

2018-09-27 15:51:47 - [MESSAGE][PASSED] - Wait for page load successfully

2018-09-27 15:51:47 - [MESSAGE][PASSED] - beautytap.GeneralAction.login is PASSED

2018-09-27 15:51:47 - [TEST_STEP][PASSED] - beautytap.GeneralAction.selectProfileMenu: beautytap.GeneralAction.selectProfileMenu is PASSED

2018-09-27 15:51:56 - [MESSAGE][PASSED] - Object: 'Object Repository/Page_General/link_avatar' is clicked on

2018-09-27 15:51:58 - [MESSAGE][PASSED] - Delayed 2 second(s)

2018-09-27 15:52:01 - [MESSAGE][PASSED] - Object: '' is clicked on

2018-09-27 15:52:01 - [MESSAGE][PASSED] - Wait for page load successfully

2018-09-27 15:52:01 - [MESSAGE][PASSED] - beautytap.GeneralAction.selectProfileMenu is PASSED

2018-09-27 15:52:01 - [TEST_STEP][PASSED] - Statement - newLifetime = java.lang.Float.parseFloat(java.lang.String.format("%.2f", lifetime + rewardEarned)): null

2018-09-27 15:52:01 - [TEST_STEP][PASSED] - Statement - newRedeemable = java.lang.Float.parseFloat(java.lang.String.format("%.2f", newRedeemable + rewardEarned)): null

2018-09-27 15:52:01 - [TEST_STEP][PASSED] - Statement - newPointValue = CustomKeywords.beautytap.ShopAction.calculateLoyaltyPointValue(newRedeemable): beautytap.ShopAction.calculateLoyaltyPointValue is PASSED

2018-09-27 15:52:01 - [MESSAGE][PASSED] - beautytap.ShopAction.calculateLoyaltyPointValue is PASSED

2018-09-27 15:52:01 - [TEST_STEP][PASSED] - beautytap.ShopAction.VerifyRewardPointsDetails: Keyword VerifyRewardPoints is Passed

2018-09-27 15:52:01 - [MESSAGE][PASSED] - Text of object '' is: '7163.87'

2018-09-27 15:52:02 - [MESSAGE][PASSED] - Text of object '' is: '3162.38'

2018-09-27 15:52:02 - [MESSAGE][PASSED] - Text of object '' is: '4493.87'

2018-09-27 15:52:02 - [MESSAGE][PASSED] - Text of object '' is: '$237.00'

2018-09-27 15:52:02 - [MESSAGE][PASSED] - Keyword VerifyRewardPoints is Passed

2018-09-27 15:52:02 - [TEST_STEP][PASSED] - beautytap.ShopAction.VerifyRewardHistory: Keyword VerifyRewardHistory is Passed

2018-09-27 15:52:02 - [MESSAGE][PASSED] - Object '' is present

2018-09-27 15:52:02 - [MESSAGE][PASSED] - Text of object '' is: '60'

2018-09-27 15:52:02 - [MESSAGE][PASSED] - Text of object '' is: '60'

2018-09-27 15:52:02 - [MESSAGE][PASSED] - Text of object '' is: '$93.40'

2018-09-27 15:52:02 - [MESSAGE][PASSED] - Text of object '' is: '1.1'

2018-09-27 15:52:02 - [MESSAGE][PASSED] - Text of object '' is: '102.74'

2018-09-27 15:52:02 - [MESSAGE][PASSED] - Text of object '' is: '4493.87'

2018-09-27 15:52:02 - [MESSAGE][PASSED] - Keyword VerifyRewardHistory is Passed

2018-09-27 15:52:02 - [TEST_STEP][PASSED] - beautytap.GeneralAction.logout: beautytap.GeneralAction.logout is PASSED

2018-09-27 15:52:02 - [MESSAGE][PASSED] - Object: 'Object Repository/Page_General/link_avatar' is clicked on

2018-09-27 15:52:03 - [MESSAGE][PASSED] - Object 'Object Repository/Page_General/menu_logout' is present

2018-09-27 15:52:03 - [MESSAGE][PASSED] - Object: 'Object Repository/Page_General/menu_logout' is clicked on

2018-09-27 15:52:03 - [MESSAGE][PASSED] - Wait for page load successfully

2018-09-27 15:52:04 - [MESSAGE][PASSED] - Browser is closed

2018-09-27 15:52:04 - [MESSAGE][PASSED] - beautytap.GeneralAction.logout is PASSED]]></system-out>
         <system-err><![CDATA[]]></system-err>
      </testcase>
      <testcase name="Test Cases/Shop/TC03_Search_SimpleProduct_Sale_Creditcard_LessThan60_Normal" classname="Test Cases/Shop/TC03_Search_SimpleProduct_Sale_Creditcard_LessThan60_Normal" status="PASSED">
         <system-out><![CDATA[2018-09-27 15:52:06 - [TEST_CASE][PASSED] - Test Cases/Shop/TC03_Search_SimpleProduct_Sale_Creditcard_LessThan60_Normal: Test Cases/Shop/TC03_Search_SimpleProduct_Sale_Creditcard_LessThan60_Normal

2018-09-27 15:52:06 - [TEST_STEP][PASSED] - Statement - productName = SIMPLE_SALE_PRODUCT: null

2018-09-27 15:52:06 - [TEST_STEP][PASSED] - Statement - searchName = productName.substring(0, productName.indexOf("/")): null

2018-09-27 15:52:06 - [TEST_STEP][PASSED] - Statement - saleprice = SIMPLE_SALE_PRICE: null

2018-09-27 15:52:06 - [TEST_STEP][PASSED] - Statement - regularprice = SIMPLE_SALE_REGULAR_PRICE: null

2018-09-27 15:52:06 - [TEST_STEP][PASSED] - Statement - r_string = new java.lang.Math().random().toString().substring(2, 8): null

2018-09-27 15:52:06 - [TEST_STEP][PASSED] - Statement - email = "auto" + r_string + "@mailinator.com": null

2018-09-27 15:52:06 - [TEST_STEP][PASSED] - Statement - orderNote = "auto" + r_string + "Order": null

2018-09-27 15:52:06 - [TEST_STEP][PASSED] - Statement - currentNumberItemInCart = <not implemented yet for class: org.codehaus.groovy.ast.expr.EmptyExpression>: null

2018-09-27 15:52:06 - [TEST_STEP][PASSED] - Statement - quantity = 1: null

2018-09-27 15:52:06 - [TEST_STEP][PASSED] - Statement - subtotal = CustomKeywords.beautytap.ShopAction.calculateTotal(quantity, saleprice): beautytap.ShopAction.calculateTotal is PASSED

2018-09-27 15:52:06 - [MESSAGE][PASSED] - beautytap.ShopAction.calculateTotal is PASSED

2018-09-27 15:52:06 - [TEST_STEP][PASSED] - Statement - total = subtotal + SHIPPING_PRICE: null

2018-09-27 15:52:06 - [TEST_STEP][PASSED] - Statement - total = CustomKeywords.beautytap.ShopAction.calculateTotal(1, total): beautytap.ShopAction.calculateTotal is PASSED

2018-09-27 15:52:06 - [MESSAGE][PASSED] - beautytap.ShopAction.calculateTotal is PASSED

2018-09-27 15:52:06 - [TEST_STEP][PASSED] - Statement - products = new org.json.JSONArray((((((([{"productname":" + productName) + ","variation":"","quantity":") + quantity) + ","price":") + saleprice) + "}])): null

2018-09-27 15:52:06 - [TEST_STEP][PASSED] - Statement - billingInformation = new org.json.JSONObject((({"firstname":"Test","lastname":"Automation","country":"United States (US)","address":"123 Testing","city":"New York","state":"New York","zip":"90012","email":" + email) + "})): null

2018-09-27 15:52:06 - [TEST_STEP][PASSED] - Statement - shippingLabel = SHIPPING_LABEL: null

2018-09-27 15:52:06 - [TEST_STEP][PASSED] - Statement - shippingPrice = SHIPPING_PRICE: null

2018-09-27 15:52:06 - [TEST_STEP][PASSED] - Statement - shippingType = "normal": null

2018-09-27 15:52:06 - [TEST_STEP][PASSED] - Statement - paymentMethod = "Credit Card Payment": null

2018-09-27 15:52:06 - [TEST_STEP][PASSED] - beautytap.GeneralAction.openBeautytap: beautytap.GeneralAction.openBeautytap is PASSED

2018-09-27 15:52:17 - [MESSAGE][PASSED] - Browser is opened with url: 'https://stage.beautytap.com'

2018-09-27 15:52:19 - [MESSAGE][PASSED] - Current window maximized

2018-09-27 15:52:22 - [MESSAGE][PASSED] - Refresh successfully

2018-09-27 15:52:23 - [MESSAGE][PASSED] - Wait for page load successfully

2018-09-27 15:52:23 - [MESSAGE][PASSED] - beautytap.GeneralAction.openBeautytap is PASSED

2018-09-27 15:52:23 - [TEST_STEP][PASSED] - beautytap.ShopAction.globalSearch: beautytap.ShopAction.globalSearch is PASSED

2018-09-27 15:52:23 - [MESSAGE][PASSED] - Object: 'Object Repository/Page_General/icon_search' is clicked on

2018-09-27 15:52:28 - [MESSAGE][PASSED] - Delayed 5 second(s)

2018-09-27 15:52:28 - [MESSAGE][PASSED] - Text of object 'Object Repository/Page_General/txt_search' is cleared

2018-09-27 15:52:28 - [MESSAGE][PASSED] - Keys 'CONTROL + v' sent to object: 'Object Repository/Page_General/txt_search'

2018-09-27 15:52:30 - [MESSAGE][PASSED] - Object 'Object Repository/Page_General/div_searchResult' is present

2018-09-27 15:52:30 - [MESSAGE][PASSED] - beautytap.ShopAction.globalSearch is PASSED

2018-09-27 15:52:30 - [TEST_STEP][PASSED] - beautytap.ShopAction.VerifyProductOnSearchResult: Keyword VerifyProductOnSearchResult is Passed

2018-09-27 15:52:30 - [MESSAGE][PASSED] - Object '' is present

2018-09-27 15:52:30 - [MESSAGE][PASSED] - Text of object '' is: '$12.50'

2018-09-27 15:52:30 - [MESSAGE][PASSED] - Get CSS 'color' value on '' successfully: 'rgba(195, 195, 195, 1)'.

2018-09-27 15:52:30 - [MESSAGE][PASSED] - Get CSS 'color' value on '' successfully: 'rgba(195, 195, 195, 1)'.

2018-09-27 15:52:30 - [MESSAGE][PASSED] - Text of object '' is: '$11.99'

2018-09-27 15:52:30 - [MESSAGE][PASSED] - Get CSS 'color' value on '' successfully: 'rgba(255, 35, 134, 1)'.

2018-09-27 15:52:30 - [MESSAGE][PASSED] - Get CSS 'color' value on '' successfully: 'rgba(255, 35, 134, 1)'.

2018-09-27 15:52:30 - [MESSAGE][PASSED] - Keyword VerifyProductOnSearchResult is Passed

2018-09-27 15:52:30 - [TEST_STEP][PASSED] - beautytap.ShopAction.selectProductOnSearchResult: beautytap.ShopAction.selectProductOnSearchResult is PASSED

2018-09-27 15:52:35 - [MESSAGE][PASSED] - Object: '' is clicked on

2018-09-27 15:52:35 - [MESSAGE][PASSED] - Wait for page load successfully

2018-09-27 15:52:35 - [MESSAGE][PASSED] - beautytap.ShopAction.selectProductOnSearchResult is PASSED

2018-09-27 15:52:35 - [TEST_STEP][PASSED] - beautytap.ShopAction.VerifyProductDetails: Keyword VerifyProductDetails is Passed

2018-09-27 15:52:35 - [MESSAGE][PASSED] - Text of object '' is: 'Innisfree Perfect UV Protection Cream SPF50+/PA+++ (Long-Lasting For Oily Skin) 50ml'

2018-09-27 15:52:35 - [MESSAGE][PASSED] - Text of object '' is: '$12.50'

2018-09-27 15:52:35 - [MESSAGE][PASSED] - Get CSS 'color' value on '' successfully: 'rgba(195, 195, 195, 1)'.

2018-09-27 15:52:35 - [MESSAGE][PASSED] - Text of object '' is: '$11.99'

2018-09-27 15:52:35 - [MESSAGE][PASSED] - Get CSS 'color' value on '' successfully: 'rgba(255, 35, 134, 1)'.

2018-09-27 15:52:35 - [MESSAGE][PASSED] - Keyword VerifyProductDetails is Passed

2018-09-27 15:52:35 - [TEST_STEP][PASSED] - Statement - currentNumberItemInCart = CustomKeywords.beautytap.ShopAction.getNumberItemInCart(): beautytap.ShopAction.getNumberItemInCart is PASSED

2018-09-27 15:52:41 - [MESSAGE][WARNING] - com.kms.katalon.core.webui.exception.WebElementNotFoundException: Web element with id: '' located by 'By.xpath: //div[@class='header-right-top pull-right']/a[@class='shop-cart']/span[@class='number-cart']' not found
[[ATTACHMENT|E:\\BeautytapAutomation\\beautytapAuto\\Beautytap\\Reports\\Regression\\20180927_153625\\1538038361013.png]]

2018-09-27 15:52:41 - [MESSAGE][PASSED] - beautytap.ShopAction.getNumberItemInCart is PASSED

2018-09-27 15:52:41 - [TEST_STEP][PASSED] - beautytap.ShopAction.addProductToCart: beautytap.ShopAction.addProductToCart is PASSED

2018-09-27 15:52:41 - [MESSAGE][PASSED] - Text of object 'Object Repository/Page_Shop/txt_quantity' is cleared

2018-09-27 15:52:41 - [MESSAGE][PASSED] - Keys '1' sent to object: 'Object Repository/Page_Shop/txt_quantity'

2018-09-27 15:52:41 - [MESSAGE][PASSED] - Object: 'Object Repository/Page_Shop/btn_addToCart' is clicked on

2018-09-27 15:52:41 - [MESSAGE][PASSED] - Wait for page load successfully

2018-09-27 15:52:46 - [MESSAGE][PASSED] - Object 'Object Repository/Page_Shop/lbl_message' is present

2018-09-27 15:52:46 - [MESSAGE][PASSED] - beautytap.ShopAction.addProductToCart is PASSED

2018-09-27 15:52:46 - [TEST_STEP][PASSED] - beautytap.ShopAction.VerifyNumberItemInCart: Keyword VerifyNumberItemInCart is Passed, Number item in cart is 1, expected is 1

2018-09-27 15:52:46 - [MESSAGE][PASSED] - Object '' is present

2018-09-27 15:52:46 - [MESSAGE][PASSED] - Text of object '' is: '1'

2018-09-27 15:52:46 - [MESSAGE][PASSED] - Keyword VerifyNumberItemInCart is Passed, Number item in cart is 1, expected is 1

2018-09-27 15:52:46 - [TEST_STEP][PASSED] - beautytap.ShopAction.VerifyProductIsAddedToCart: beautytap.ShopAction.VerifyProductIsAddedToCart is PASSED

2018-09-27 15:53:17 - [MESSAGE][WARNING] - com.kms.katalon.core.webui.exception.WebElementNotFoundException: Web element with id: '' located by 'By.xpath: //div[@class='woocommerce-message' and contains(text(),'Innisfree Perfect UV Protection Cream SPF50+/PA+++ (Long-Lasting For Oily Skin) 50ml have been added to your cart.')]' not found
[[ATTACHMENT|E:\\BeautytapAutomation\\beautytapAuto\\Beautytap\\Reports\\Regression\\20180927_153625\\1538038397547.png]]

2018-09-27 15:53:17 - [MESSAGE][PASSED] - beautytap.ShopAction.VerifyProductIsAddedToCart is PASSED

2018-09-27 15:53:17 - [TEST_STEP][PASSED] - beautytap.ShopAction.goToCart: beautytap.ShopAction.goToCart is PASSED

2018-09-27 15:53:17 - [MESSAGE][PASSED] - Object 'Object Repository/Page_General/icon_cart' is present

2018-09-27 15:53:22 - [MESSAGE][PASSED] - Object: 'Object Repository/Page_General/icon_cart' is clicked on

2018-09-27 15:53:22 - [MESSAGE][PASSED] - Wait for page load successfully

2018-09-27 15:53:22 - [MESSAGE][PASSED] - beautytap.ShopAction.goToCart is PASSED

2018-09-27 15:53:22 - [TEST_STEP][PASSED] - beautytap.ShopAction.VerifyProductInCart: Keyword VerifyProductInCart is Passed

2018-09-27 15:53:22 - [MESSAGE][PASSED] - Object '' is present

2018-09-27 15:53:22 - [MESSAGE][PASSED] - Object '' is present

2018-09-27 15:53:22 - [MESSAGE][PASSED] - Text of object '' is: '$11.99'

2018-09-27 15:53:22 - [MESSAGE][PASSED] - Attribute 'value' of object '' is: '1'

2018-09-27 15:53:22 - [MESSAGE][PASSED] - Text of object '' is: '$11.99'

2018-09-27 15:53:22 - [MESSAGE][PASSED] - Keyword VerifyProductInCart is Passed

2018-09-27 15:53:22 - [TEST_STEP][PASSED] - beautytap.ShopAction.processToCheckout: beautytap.ShopAction.processToCheckout is PASSED

2018-09-27 15:53:28 - [MESSAGE][PASSED] - Object: 'Object Repository/Page_Cart/btn_checkout' is clicked on

2018-09-27 15:53:28 - [MESSAGE][PASSED] - Wait for page load successfully

2018-09-27 15:53:28 - [MESSAGE][PASSED] - beautytap.ShopAction.processToCheckout is PASSED

2018-09-27 15:53:28 - [TEST_STEP][PASSED] - beautytap.ShopAction.fillCustomerInformation: beautytap.ShopAction.fillCustomerInformation is PASSED

2018-09-27 15:53:28 - [MESSAGE][PASSED] - Text of object 'Object Repository/Page_Checkout/txt_billingFirstName' is cleared

2018-09-27 15:53:28 - [MESSAGE][PASSED] - Keys 'Test' sent to object: 'Object Repository/Page_Checkout/txt_billingFirstName'

2018-09-27 15:53:28 - [MESSAGE][PASSED] - Text of object 'Object Repository/Page_Checkout/txt_billingLastName' is cleared

2018-09-27 15:53:28 - [MESSAGE][PASSED] - Keys 'Automation' sent to object: 'Object Repository/Page_Checkout/txt_billingLastName'

2018-09-27 15:53:29 - [MESSAGE][PASSED] - All options with label 'United States (US)' are selected in object 'Object Repository/Page_Checkout/drop_billingCountry' 

2018-09-27 15:53:34 - [MESSAGE][PASSED] - Delayed 5 second(s)

2018-09-27 15:53:34 - [MESSAGE][PASSED] - Text of object 'Object Repository/Page_Checkout/txt_billingAddress' is cleared

2018-09-27 15:53:34 - [MESSAGE][PASSED] - Keys '123 Testing' sent to object: 'Object Repository/Page_Checkout/txt_billingAddress'

2018-09-27 15:53:34 - [MESSAGE][PASSED] - Text of object 'Object Repository/Page_Checkout/txt_billingCity' is cleared

2018-09-27 15:53:34 - [MESSAGE][PASSED] - Keys 'New York' sent to object: 'Object Repository/Page_Checkout/txt_billingCity'

2018-09-27 15:53:35 - [MESSAGE][PASSED] - All options with label 'New York' are selected in object 'Object Repository/Page_Checkout/drop_billingState' 

2018-09-27 15:53:35 - [MESSAGE][PASSED] - Text of object 'Object Repository/Page_Checkout/txt_billingZip' is cleared

2018-09-27 15:53:35 - [MESSAGE][PASSED] - Keys '90012' sent to object: 'Object Repository/Page_Checkout/txt_billingZip'

2018-09-27 15:53:35 - [MESSAGE][PASSED] - Text of object 'Object Repository/Page_Checkout/txt_billingEmail' is cleared

2018-09-27 15:53:35 - [MESSAGE][PASSED] - Keys 'auto220867@mailinator.com' sent to object: 'Object Repository/Page_Checkout/txt_billingEmail'

2018-09-27 15:53:36 - [MESSAGE][PASSED] - Object 'Object Repository/Page_Checkout/chk_shipToDifferentAddress' is un-checked

2018-09-27 15:53:36 - [MESSAGE][PASSED] - Text of object 'Object Repository/Page_Checkout/txt_orderNote' is cleared

2018-09-27 15:53:36 - [MESSAGE][PASSED] - Keys 'auto220867Order' sent to object: 'Object Repository/Page_Checkout/txt_orderNote'

2018-09-27 15:53:36 - [MESSAGE][PASSED] - Object 'Object Repository/Page_Checkout/radio_creditCard' is checked

2018-09-27 15:53:41 - [MESSAGE][PASSED] - Delayed 5 second(s)

2018-09-27 15:53:41 - [MESSAGE][PASSED] - beautytap.ShopAction.fillCustomerInformation is PASSED

2018-09-27 15:53:41 - [TEST_STEP][PASSED] - beautytap.ShopAction.VerifyOrderDetailsOnCheckout: Keyword VerifyOrderDetailsOnCheckout is Passed

2018-09-27 15:53:41 - [MESSAGE][PASSED] - Object '' is present

2018-09-27 15:53:41 - [MESSAGE][PASSED] - Text of object '' is: '$11.99'

2018-09-27 15:53:41 - [MESSAGE][PASSED] - Object '' has attribute 'checked'

2018-09-27 15:53:41 - [MESSAGE][PASSED] - Text of object '' is: '($12.50) Pantos (est. 14-25 working days including processing): $12.50'

2018-09-27 15:53:41 - [MESSAGE][PASSED] - Text of object '' is: '$12.50'

2018-09-27 15:53:41 - [MESSAGE][PASSED] - Text of object '' is: '$24.49'

2018-09-27 15:53:41 - [MESSAGE][PASSED] - Keyword VerifyOrderDetailsOnCheckout is Passed

2018-09-27 15:53:41 - [TEST_STEP][PASSED] - beautytap.ShopAction.checkoutViaCreditCard: beautytap.ShopAction.checkoutViaCreditCard is PASSED

2018-09-27 15:53:41 - [MESSAGE][PASSED] - Object 'Object Repository/Page_Checkout/radio_creditCard' is checked

2018-09-27 15:53:51 - [MESSAGE][PASSED] - Delayed 10 second(s)

2018-09-27 15:53:52 - [MESSAGE][PASSED] - Text of object 'Object Repository/Page_Checkout/txt_cardNumber' is cleared

2018-09-27 15:53:52 - [MESSAGE][PASSED] - Keys '4032036248443549' sent to object: 'Object Repository/Page_Checkout/txt_cardNumber'

2018-09-27 15:53:52 - [MESSAGE][PASSED] - All options with label 'Visa' are selected in object 'Object Repository/Page_Checkout/drop_cardType' 

2018-09-27 15:53:52 - [MESSAGE][PASSED] - All options with label '07' are selected in object 'Object Repository/Page_Checkout/drop_expirationMonth' 

2018-09-27 15:53:52 - [MESSAGE][PASSED] - All options with label '2023' are selected in object 'Object Repository/Page_Checkout/drop_expirationYear' 

2018-09-27 15:53:52 - [MESSAGE][PASSED] - Text of object 'Object Repository/Page_Checkout/txt_cardCVV' is cleared

2018-09-27 15:53:53 - [MESSAGE][PASSED] - Keys '123' sent to object: 'Object Repository/Page_Checkout/txt_cardCVV'

2018-09-27 15:53:53 - [MESSAGE][PASSED] - Object 'Object Repository/Page_Checkout/chk_terms' is checked

2018-09-27 15:53:53 - [MESSAGE][PASSED] - Object: 'Object Repository/Page_Checkout/btn_placeOrder' is clicked on

2018-09-27 15:54:08 - [MESSAGE][PASSED] - Object 'Object Repository/Page_Checkout/lbl_orderReceived' is present

2018-09-27 15:54:08 - [MESSAGE][PASSED] - beautytap.ShopAction.checkoutViaCreditCard is PASSED

2018-09-27 15:54:08 - [TEST_STEP][PASSED] - beautytap.ShopAction.VerifyOrderReceivedDetails: Keyword VerifyOrderReceivedDetails is Passed

2018-09-27 15:54:08 - [MESSAGE][PASSED] - Object '' is present

2018-09-27 15:54:08 - [MESSAGE][PASSED] - Text of object '' is: '$11.99'

2018-09-27 15:54:08 - [MESSAGE][PASSED] - Text of object '' is: '$12.50 via ($12.50) Pantos (est. 14-25 working days including processing)'

2018-09-27 15:54:08 - [MESSAGE][PASSED] - Object '' is present

2018-09-27 15:54:08 - [MESSAGE][PASSED] - Text of object '' is: '$12.50'

2018-09-27 15:54:08 - [MESSAGE][PASSED] - Text of object '' is: 'Credit Card Payment'

2018-09-27 15:54:09 - [MESSAGE][PASSED] - Text of object '' is: '$24.49'

2018-09-27 15:54:09 - [MESSAGE][PASSED] - Keyword VerifyOrderReceivedDetails is Passed

2018-09-27 15:54:09 - [TEST_STEP][PASSED] - closeBrowser: Browser is closed

2018-09-27 15:54:09 - [MESSAGE][PASSED] - Browser is closed]]></system-out>
         <system-err><![CDATA[]]></system-err>
      </testcase>
      <testcase name="Test Cases/Shop/TC04_Search_VariationProduct_NotSale_AmazonPay_GreaterThan200" classname="Test Cases/Shop/TC04_Search_VariationProduct_NotSale_AmazonPay_GreaterThan200" status="PASSED">
         <system-out><![CDATA[2018-09-27 15:54:11 - [TEST_CASE][PASSED] - Test Cases/Shop/TC04_Search_VariationProduct_NotSale_AmazonPay_GreaterThan200: Test Cases/Shop/TC04_Search_VariationProduct_NotSale_AmazonPay_GreaterThan200

2018-09-27 15:54:12 - [TEST_STEP][PASSED] - Statement - productName = VARIATION_PRODUCT: null

2018-09-27 15:54:12 - [TEST_STEP][PASSED] - Statement - price = VARIATION_PRICE1: null

2018-09-27 15:54:12 - [TEST_STEP][PASSED] - Statement - variation = VARIATION_NAME1: null

2018-09-27 15:54:12 - [TEST_STEP][PASSED] - Statement - r_string = new java.lang.Math().random().toString().substring(2, 8): null

2018-09-27 15:54:12 - [TEST_STEP][PASSED] - Statement - email = "auto" + r_string + "@mailinator.com": null

2018-09-27 15:54:12 - [TEST_STEP][PASSED] - Statement - orderNote = "auto" + r_string + "Order": null

2018-09-27 15:54:12 - [TEST_STEP][PASSED] - Statement - currentNumberItemInCart = <not implemented yet for class: org.codehaus.groovy.ast.expr.EmptyExpression>: null

2018-09-27 15:54:12 - [TEST_STEP][PASSED] - Statement - quantity = 8: null

2018-09-27 15:54:12 - [TEST_STEP][PASSED] - Statement - subtotal = CustomKeywords.beautytap.ShopAction.calculateTotal(quantity, price): beautytap.ShopAction.calculateTotal is PASSED

2018-09-27 15:54:12 - [MESSAGE][PASSED] - beautytap.ShopAction.calculateTotal is PASSED

2018-09-27 15:54:12 - [TEST_STEP][PASSED] - Statement - total = subtotal: null

2018-09-27 15:54:12 - [TEST_STEP][PASSED] - Statement - total = CustomKeywords.beautytap.ShopAction.calculateTotal(1, total): beautytap.ShopAction.calculateTotal is PASSED

2018-09-27 15:54:12 - [MESSAGE][PASSED] - beautytap.ShopAction.calculateTotal is PASSED

2018-09-27 15:54:12 - [TEST_STEP][PASSED] - Statement - products = new org.json.JSONArray((((((((([{"productname":" + productName) + ","variation":") + variation) + ","quantity":") + quantity) + ","price":") + price) + "}])): null

2018-09-27 15:54:12 - [TEST_STEP][PASSED] - Statement - billingInformation = new org.json.JSONObject((({"firstname":"Test","lastname":"Automation","country":"United States (US)","address":"123 Testing","city":"New York","state":"New York","zip":"90012","email":" + email) + "})): null

2018-09-27 15:54:12 - [TEST_STEP][PASSED] - Statement - shippingLabel = FREE_EMS_SHIPPING_LABEL: null

2018-09-27 15:54:12 - [TEST_STEP][PASSED] - Statement - shippingPrice = 0: null

2018-09-27 15:54:12 - [TEST_STEP][PASSED] - Statement - shippingType = "freeEMS": null

2018-09-27 15:54:12 - [TEST_STEP][PASSED] - Statement - paymentMethod = "Amazon Pay": null

2018-09-27 15:54:12 - [TEST_STEP][PASSED] - beautytap.GeneralAction.openBeautytap: beautytap.GeneralAction.openBeautytap is PASSED

2018-09-27 15:54:23 - [MESSAGE][PASSED] - Browser is opened with url: 'https://stage.beautytap.com'

2018-09-27 15:54:24 - [MESSAGE][PASSED] - Current window maximized

2018-09-27 15:54:28 - [MESSAGE][PASSED] - Refresh successfully

2018-09-27 15:54:28 - [MESSAGE][PASSED] - Wait for page load successfully

2018-09-27 15:54:28 - [MESSAGE][PASSED] - beautytap.GeneralAction.openBeautytap is PASSED

2018-09-27 15:54:28 - [TEST_STEP][PASSED] - beautytap.ShopAction.globalSearch: beautytap.ShopAction.globalSearch is PASSED

2018-09-27 15:54:28 - [MESSAGE][PASSED] - Object: 'Object Repository/Page_General/icon_search' is clicked on

2018-09-27 15:54:33 - [MESSAGE][PASSED] - Delayed 5 second(s)

2018-09-27 15:54:33 - [MESSAGE][PASSED] - Text of object 'Object Repository/Page_General/txt_search' is cleared

2018-09-27 15:54:34 - [MESSAGE][PASSED] - Keys 'CONTROL + v' sent to object: 'Object Repository/Page_General/txt_search'

2018-09-27 15:54:35 - [MESSAGE][PASSED] - Object 'Object Repository/Page_General/div_searchResult' is present

2018-09-27 15:54:35 - [MESSAGE][PASSED] - beautytap.ShopAction.globalSearch is PASSED

2018-09-27 15:54:35 - [TEST_STEP][PASSED] - beautytap.ShopAction.VerifyProductOnSearchResult: Keyword VerifyProductOnSearchResult is Passed

2018-09-27 15:54:35 - [MESSAGE][PASSED] - Object '' is present

2018-09-27 15:54:35 - [MESSAGE][PASSED] - Text of object '' is: '$26.70'

2018-09-27 15:54:35 - [MESSAGE][PASSED] - Get CSS 'color' value on '' successfully: 'rgba(255, 35, 134, 1)'.

2018-09-27 15:54:35 - [MESSAGE][PASSED] - Get CSS 'color' value on '' successfully: 'rgba(255, 35, 134, 1)'.

2018-09-27 15:54:35 - [MESSAGE][PASSED] - Keyword VerifyProductOnSearchResult is Passed

2018-09-27 15:54:35 - [TEST_STEP][PASSED] - beautytap.ShopAction.selectProductOnSearchResult: beautytap.ShopAction.selectProductOnSearchResult is PASSED

2018-09-27 15:54:41 - [MESSAGE][PASSED] - Object: '' is clicked on

2018-09-27 15:54:41 - [MESSAGE][PASSED] - Wait for page load successfully

2018-09-27 15:54:41 - [MESSAGE][PASSED] - beautytap.ShopAction.selectProductOnSearchResult is PASSED

2018-09-27 15:54:41 - [TEST_STEP][PASSED] - beautytap.ShopAction.selectProductVariation: beautytap.ShopAction.selectProductVariation is PASSED

2018-09-27 15:54:41 - [MESSAGE][PASSED] - Object: 'Object Repository/Page_Shop/drop_chooseOption' is clicked on

2018-09-27 15:54:42 - [MESSAGE][PASSED] - Delayed 1 second(s)

2018-09-27 15:54:42 - [MESSAGE][PASSED] - Object: '' is clicked on

2018-09-27 15:54:42 - [MESSAGE][PASSED] - beautytap.ShopAction.selectProductVariation is PASSED

2018-09-27 15:54:42 - [TEST_STEP][PASSED] - beautytap.ShopAction.VerifyProductDetails: Keyword VerifyProductDetails is Passed

2018-09-27 15:54:42 - [MESSAGE][PASSED] - Text of object '' is: 'MeloMELI Unicorn Heart Lake Cushion  2 Choices'

2018-09-27 15:54:43 - [MESSAGE][PASSED] - All options with label 'Vanilla Beige' are selected in object 'Object Repository/Page_Shop/drop_chooseOption' 

2018-09-27 15:54:43 - [MESSAGE][PASSED] - Text of object '' is: '$26.70'

2018-09-27 15:54:43 - [MESSAGE][PASSED] - Get CSS 'color' value on '' successfully: 'rgba(255, 35, 134, 1)'.

2018-09-27 15:54:43 - [MESSAGE][PASSED] - Keyword VerifyProductDetails is Passed

2018-09-27 15:54:43 - [TEST_STEP][PASSED] - Statement - currentNumberItemInCart = CustomKeywords.beautytap.ShopAction.getNumberItemInCart(): beautytap.ShopAction.getNumberItemInCart is PASSED

2018-09-27 15:54:48 - [MESSAGE][WARNING] - com.kms.katalon.core.webui.exception.WebElementNotFoundException: Web element with id: '' located by 'By.xpath: //div[@class='header-right-top pull-right']/a[@class='shop-cart']/span[@class='number-cart']' not found
[[ATTACHMENT|E:\\BeautytapAutomation\\beautytapAuto\\Beautytap\\Reports\\Regression\\20180927_153625\\1538038488545.png]]

2018-09-27 15:54:48 - [MESSAGE][PASSED] - beautytap.ShopAction.getNumberItemInCart is PASSED

2018-09-27 15:54:48 - [TEST_STEP][PASSED] - beautytap.ShopAction.addProductToCart: beautytap.ShopAction.addProductToCart is PASSED

2018-09-27 15:54:48 - [MESSAGE][PASSED] - Text of object 'Object Repository/Page_Shop/txt_quantity' is cleared

2018-09-27 15:54:48 - [MESSAGE][PASSED] - Keys '8' sent to object: 'Object Repository/Page_Shop/txt_quantity'

2018-09-27 15:54:49 - [MESSAGE][PASSED] - Object: 'Object Repository/Page_Shop/btn_addToCart' is clicked on

2018-09-27 15:54:49 - [MESSAGE][PASSED] - Wait for page load successfully

2018-09-27 15:54:56 - [MESSAGE][PASSED] - Object 'Object Repository/Page_Shop/lbl_message' is present

2018-09-27 15:54:56 - [MESSAGE][PASSED] - beautytap.ShopAction.addProductToCart is PASSED

2018-09-27 15:54:56 - [TEST_STEP][PASSED] - beautytap.ShopAction.VerifyNumberItemInCart: Keyword VerifyNumberItemInCart is Passed, Number item in cart is 8, expected is 8

2018-09-27 15:54:56 - [MESSAGE][PASSED] - Object '' is present

2018-09-27 15:54:56 - [MESSAGE][PASSED] - Text of object '' is: '8'

2018-09-27 15:54:56 - [MESSAGE][PASSED] - Keyword VerifyNumberItemInCart is Passed, Number item in cart is 8, expected is 8

2018-09-27 15:54:56 - [TEST_STEP][PASSED] - beautytap.ShopAction.VerifyProductIsAddedToCart: beautytap.ShopAction.VerifyProductIsAddedToCart is PASSED

2018-09-27 15:54:56 - [MESSAGE][PASSED] - Object '' is present

2018-09-27 15:54:56 - [MESSAGE][PASSED] - beautytap.ShopAction.VerifyProductIsAddedToCart is PASSED

2018-09-27 15:54:56 - [TEST_STEP][PASSED] - beautytap.ShopAction.goToCart: beautytap.ShopAction.goToCart is PASSED

2018-09-27 15:54:56 - [MESSAGE][PASSED] - Object 'Object Repository/Page_General/icon_cart' is present

2018-09-27 15:55:02 - [MESSAGE][PASSED] - Object: 'Object Repository/Page_General/icon_cart' is clicked on

2018-09-27 15:55:02 - [MESSAGE][PASSED] - Wait for page load successfully

2018-09-27 15:55:02 - [MESSAGE][PASSED] - beautytap.ShopAction.goToCart is PASSED

2018-09-27 15:55:02 - [TEST_STEP][PASSED] - beautytap.ShopAction.VerifyProductInCart: Keyword VerifyProductInCart is Passed

2018-09-27 15:55:02 - [MESSAGE][PASSED] - Object '' is present

2018-09-27 15:55:02 - [MESSAGE][PASSED] - Object '' is present

2018-09-27 15:55:02 - [MESSAGE][PASSED] - Text of object '' is: '$26.70'

2018-09-27 15:55:02 - [MESSAGE][PASSED] - Attribute 'value' of object '' is: '8'

2018-09-27 15:55:02 - [MESSAGE][PASSED] - Text of object '' is: '$213.60'

2018-09-27 15:55:02 - [MESSAGE][PASSED] - Keyword VerifyProductInCart is Passed

2018-09-27 15:55:02 - [TEST_STEP][PASSED] - beautytap.ShopAction.processToCheckout: beautytap.ShopAction.processToCheckout is PASSED

2018-09-27 15:55:07 - [MESSAGE][PASSED] - Object: 'Object Repository/Page_Cart/btn_checkout' is clicked on

2018-09-27 15:55:07 - [MESSAGE][PASSED] - Wait for page load successfully

2018-09-27 15:55:07 - [MESSAGE][PASSED] - beautytap.ShopAction.processToCheckout is PASSED

2018-09-27 15:55:07 - [TEST_STEP][PASSED] - beautytap.ShopAction.loginAmazonPay: beautytap.ShopAction.loginAmazonPay is PASSED

2018-09-27 15:55:07 - [MESSAGE][PASSED] - Object: 'Object Repository/Page_Checkout/btn_amazonPay' is clicked on

2018-09-27 15:55:07 - [MESSAGE][PASSED] - Switched to window with index: '1'

2018-09-27 15:55:09 - [MESSAGE][PASSED] - Object 'Object Repository/Popup_Amazon/txt_email' is present

2018-09-27 15:55:09 - [MESSAGE][PASSED] - Text of object 'Object Repository/Popup_Amazon/txt_email' is cleared

2018-09-27 15:55:10 - [MESSAGE][PASSED] - Keys 'amazontest1503@yopmail.com' sent to object: 'Object Repository/Popup_Amazon/txt_email'

2018-09-27 15:55:10 - [MESSAGE][PASSED] - Text of object 'Object Repository/Popup_Amazon/txt_password' is cleared

2018-09-27 15:55:10 - [MESSAGE][PASSED] - Keys '123456' sent to object: 'Object Repository/Popup_Amazon/txt_password'

2018-09-27 15:55:13 - [MESSAGE][PASSED] - Object: 'Object Repository/Popup_Amazon/btn_signin' is clicked on

2018-09-27 15:55:13 - [MESSAGE][PASSED] - Switched to window with index: '0'

2018-09-27 15:55:43 - [MESSAGE][PASSED] - Delayed 30 second(s)

2018-09-27 15:55:43 - [MESSAGE][PASSED] - beautytap.ShopAction.loginAmazonPay is PASSED

2018-09-27 15:55:43 - [TEST_STEP][PASSED] - beautytap.ShopAction.VerifyOrderDetailsOnCheckout: Keyword VerifyOrderDetailsOnCheckout is Passed

2018-09-27 15:55:43 - [MESSAGE][PASSED] - Object '' is present

2018-09-27 15:55:43 - [MESSAGE][PASSED] - Text of object '' is: '$213.60'

2018-09-27 15:55:43 - [MESSAGE][PASSED] - Text of object '' is: 'Free EMS shipping (over $200)
Why does shipping take this long?'

2018-09-27 15:55:43 - [MESSAGE][PASSED] - Text of object '' is: '$213.60'

2018-09-27 15:55:43 - [MESSAGE][PASSED] - Keyword VerifyOrderDetailsOnCheckout is Passed

2018-09-27 15:55:43 - [TEST_STEP][PASSED] - beautytap.ShopAction.checkoutViaAmazonPay: beautytap.ShopAction.checkoutViaAmazonPay is PASSED

2018-09-27 15:55:43 - [MESSAGE][PASSED] - Object 'Object Repository/Page_Checkout/chk_terms' is clickable

2018-09-27 15:55:44 - [MESSAGE][PASSED] - Object 'Object Repository/Page_Checkout/chk_terms' is checked

2018-09-27 15:55:44 - [MESSAGE][PASSED] - Object: 'Object Repository/Page_Checkout/btn_placeOrder' is clicked on

2018-09-27 15:55:58 - [MESSAGE][PASSED] - Object 'Object Repository/Page_Checkout/lbl_orderReceived' is present

2018-09-27 15:55:58 - [MESSAGE][PASSED] - beautytap.ShopAction.checkoutViaAmazonPay is PASSED

2018-09-27 15:55:58 - [TEST_STEP][PASSED] - beautytap.ShopAction.VerifyOrderReceivedDetails: Keyword VerifyOrderReceivedDetails is Passed

2018-09-27 15:55:59 - [MESSAGE][PASSED] - Object '' is present

2018-09-27 15:55:59 - [MESSAGE][PASSED] - Text of object '' is: '$213.60'

2018-09-27 15:55:59 - [MESSAGE][PASSED] - Text of object '' is: 'Free EMS shipping (over $200)'

2018-09-27 15:56:04 - [MESSAGE][WARNING] - com.kms.katalon.core.webui.exception.WebElementNotFoundException: Web element with id: '' located by 'By.xpath: //th[text()='Shipping:']/parent::tr/td/span' not found
[[ATTACHMENT|E:\\BeautytapAutomation\\beautytapAuto\\Beautytap\\Reports\\Regression\\20180927_153625\\1538038564283.png]]

2018-09-27 15:56:04 - [MESSAGE][PASSED] - Text of object '' is: 'Amazon Pay'

2018-09-27 15:56:04 - [MESSAGE][PASSED] - Text of object '' is: '$213.60'

2018-09-27 15:56:04 - [MESSAGE][PASSED] - Keyword VerifyOrderReceivedDetails is Passed

2018-09-27 15:56:04 - [TEST_STEP][PASSED] - closeBrowser: Browser is closed

2018-09-27 15:56:05 - [MESSAGE][PASSED] - Browser is closed]]></system-out>
         <system-err><![CDATA[]]></system-err>
      </testcase>
      <testcase name="Test Cases/Shop/TC05_Browse_SimpleProduct_NotSale_PayPal_GreaterThan60LessThan200" classname="Test Cases/Shop/TC05_Browse_SimpleProduct_NotSale_PayPal_GreaterThan60LessThan200" status="PASSED">
         <system-out><![CDATA[2018-09-27 15:56:07 - [TEST_CASE][PASSED] - Test Cases/Shop/TC05_Browse_SimpleProduct_NotSale_PayPal_GreaterThan60LessThan200: Test Cases/Shop/TC05_Browse_SimpleProduct_NotSale_PayPal_GreaterThan60LessThan200

2018-09-27 15:56:07 - [TEST_STEP][PASSED] - Statement - productName = SIMPLE_PRODUCT: null

2018-09-27 15:56:07 - [TEST_STEP][PASSED] - Statement - price = SIMPLE_PRODUCT_PRICE: null

2018-09-27 15:56:07 - [TEST_STEP][PASSED] - Statement - r_string = new java.lang.Math().random().toString().substring(2, 8): null

2018-09-27 15:56:08 - [TEST_STEP][PASSED] - Statement - email = "auto" + r_string + "@mailinator.com": null

2018-09-27 15:56:08 - [TEST_STEP][PASSED] - Statement - orderNote = "auto" + r_string + "Order": null

2018-09-27 15:56:08 - [TEST_STEP][PASSED] - Statement - currentNumberItemInCart = <not implemented yet for class: org.codehaus.groovy.ast.expr.EmptyExpression>: null

2018-09-27 15:56:08 - [TEST_STEP][PASSED] - Statement - quantity = 3: null

2018-09-27 15:56:08 - [TEST_STEP][PASSED] - Statement - subtotal = CustomKeywords.beautytap.ShopAction.calculateTotal(quantity, price): beautytap.ShopAction.calculateTotal is PASSED

2018-09-27 15:56:08 - [MESSAGE][PASSED] - beautytap.ShopAction.calculateTotal is PASSED

2018-09-27 15:56:08 - [TEST_STEP][PASSED] - Statement - total = subtotal: null

2018-09-27 15:56:08 - [TEST_STEP][PASSED] - Statement - total = CustomKeywords.beautytap.ShopAction.calculateTotal(1, total): beautytap.ShopAction.calculateTotal is PASSED

2018-09-27 15:56:08 - [MESSAGE][PASSED] - beautytap.ShopAction.calculateTotal is PASSED

2018-09-27 15:56:08 - [TEST_STEP][PASSED] - Statement - products = new org.json.JSONArray((((((([{"productname":" + productName) + ","variation":"","quantity":") + quantity) + ","price":") + price) + "}])): null

2018-09-27 15:56:08 - [TEST_STEP][PASSED] - Statement - billingInformation = new org.json.JSONObject((({"firstname":"Test","lastname":"Automation","country":"United States (US)","address":"123 Testing","city":"New York","state":"New York","zip":"90012","email":" + email) + "})): null

2018-09-27 15:56:08 - [TEST_STEP][PASSED] - Statement - shippingLabel = FREE_SHIPPING_LABEL: null

2018-09-27 15:56:08 - [TEST_STEP][PASSED] - Statement - shippingPrice = 0: null

2018-09-27 15:56:08 - [TEST_STEP][PASSED] - Statement - shippingType = "free": null

2018-09-27 15:56:08 - [TEST_STEP][PASSED] - Statement - paymentMethod = "PayPal": null

2018-09-27 15:56:08 - [TEST_STEP][PASSED] - Statement - category = "What's New": null

2018-09-27 15:56:08 - [TEST_STEP][PASSED] - beautytap.GeneralAction.openBeautytap: beautytap.GeneralAction.openBeautytap is PASSED

2018-09-27 15:56:20 - [MESSAGE][PASSED] - Browser is opened with url: 'https://stage.beautytap.com'

2018-09-27 15:56:21 - [MESSAGE][PASSED] - Current window maximized

2018-09-27 15:56:24 - [MESSAGE][PASSED] - Refresh successfully

2018-09-27 15:56:24 - [MESSAGE][PASSED] - Wait for page load successfully

2018-09-27 15:56:24 - [MESSAGE][PASSED] - beautytap.GeneralAction.openBeautytap is PASSED

2018-09-27 15:56:24 - [TEST_STEP][PASSED] - beautytap.ShopAction.selectCategory: beautytap.ShopAction.selectCategory is PASSED

2018-09-27 15:56:30 - [MESSAGE][PASSED] - Object: '' is clicked on

2018-09-27 15:56:30 - [MESSAGE][PASSED] - Wait for page load successfully

2018-09-27 15:56:30 - [MESSAGE][PASSED] - beautytap.ShopAction.selectCategory is PASSED

2018-09-27 15:56:30 - [TEST_STEP][PASSED] - beautytap.ShopAction.findProductOnProductList: beautytap.ShopAction.findProductOnProductList is PASSED

2018-09-27 15:56:30 - [MESSAGE][PASSED] - Text of object '' is: '77'

2018-09-27 15:56:36 - [MESSAGE][WARNING] - com.kms.katalon.core.webui.exception.WebElementNotFoundException: Web element with id: '' located by 'By.xpath: //a[text()='La Muse Correct Care Complete Cushion SPF50+']' not found
[[ATTACHMENT|E:\\BeautytapAutomation\\beautytapAuto\\Beautytap\\Reports\\Regression\\20180927_153625\\1538038595913.png]]

2018-09-27 15:56:43 - [MESSAGE][PASSED] - Object: '' is clicked on

2018-09-27 15:56:43 - [MESSAGE][PASSED] - Wait for page load successfully

2018-09-27 15:56:49 - [MESSAGE][WARNING] - com.kms.katalon.core.webui.exception.WebElementNotFoundException: Web element with id: '' located by 'By.xpath: //a[text()='La Muse Correct Care Complete Cushion SPF50+']' not found
[[ATTACHMENT|E:\\BeautytapAutomation\\beautytapAuto\\Beautytap\\Reports\\Regression\\20180927_153625\\1538038608957.png]]

2018-09-27 15:56:56 - [MESSAGE][PASSED] - Object: '' is clicked on

2018-09-27 15:56:56 - [MESSAGE][PASSED] - Wait for page load successfully

2018-09-27 15:56:56 - [MESSAGE][PASSED] - Object '' is present

2018-09-27 15:56:56 - [MESSAGE][PASSED] - beautytap.ShopAction.findProductOnProductList is PASSED

2018-09-27 15:56:56 - [TEST_STEP][PASSED] - beautytap.ShopAction.VerifyProductOnProductList: Keyword VerifyProductOnProductList is Passed

2018-09-27 15:56:56 - [MESSAGE][PASSED] - Object '' is present

2018-09-27 15:56:56 - [MESSAGE][PASSED] - Text of object '' is: '$31.80'

2018-09-27 15:56:56 - [MESSAGE][PASSED] - Get CSS 'color' value on '' successfully: 'rgba(255, 35, 134, 1)'.

2018-09-27 15:56:56 - [MESSAGE][PASSED] - Get CSS 'color' value on '' successfully: 'rgba(255, 35, 134, 1)'.

2018-09-27 15:56:56 - [MESSAGE][PASSED] - Keyword VerifyProductOnProductList is Passed

2018-09-27 15:56:56 - [TEST_STEP][PASSED] - beautytap.ShopAction.selectProductOnProductList: beautytap.ShopAction.selectProductOnProductList is PASSED

2018-09-27 15:57:02 - [MESSAGE][PASSED] - Object: '' is clicked on

2018-09-27 15:57:02 - [MESSAGE][PASSED] - Wait for page load successfully

2018-09-27 15:57:02 - [MESSAGE][PASSED] - beautytap.ShopAction.selectProductOnProductList is PASSED

2018-09-27 15:57:02 - [TEST_STEP][PASSED] - beautytap.ShopAction.VerifyProductDetails: Keyword VerifyProductDetails is Passed

2018-09-27 15:57:02 - [MESSAGE][PASSED] - Text of object '' is: 'La Muse Correct Care Complete Cushion SPF50+'

2018-09-27 15:57:02 - [MESSAGE][PASSED] - Text of object '' is: '$31.80'

2018-09-27 15:57:02 - [MESSAGE][PASSED] - Get CSS 'color' value on '' successfully: 'rgba(255, 35, 134, 1)'.

2018-09-27 15:57:02 - [MESSAGE][PASSED] - Keyword VerifyProductDetails is Passed

2018-09-27 15:57:02 - [TEST_STEP][PASSED] - Statement - currentNumberItemInCart = CustomKeywords.beautytap.ShopAction.getNumberItemInCart(): beautytap.ShopAction.getNumberItemInCart is PASSED

2018-09-27 15:57:08 - [MESSAGE][WARNING] - com.kms.katalon.core.webui.exception.WebElementNotFoundException: Web element with id: '' located by 'By.xpath: //div[@class='header-right-top pull-right']/a[@class='shop-cart']/span[@class='number-cart']' not found
[[ATTACHMENT|E:\\BeautytapAutomation\\beautytapAuto\\Beautytap\\Reports\\Regression\\20180927_153625\\1538038627706.png]]

2018-09-27 15:57:08 - [MESSAGE][PASSED] - beautytap.ShopAction.getNumberItemInCart is PASSED

2018-09-27 15:57:08 - [TEST_STEP][PASSED] - beautytap.ShopAction.addProductToCart: beautytap.ShopAction.addProductToCart is PASSED

2018-09-27 15:57:08 - [MESSAGE][PASSED] - Text of object 'Object Repository/Page_Shop/txt_quantity' is cleared

2018-09-27 15:57:08 - [MESSAGE][PASSED] - Keys '3' sent to object: 'Object Repository/Page_Shop/txt_quantity'

2018-09-27 15:57:08 - [MESSAGE][PASSED] - Object: 'Object Repository/Page_Shop/btn_addToCart' is clicked on

2018-09-27 15:57:08 - [MESSAGE][PASSED] - Wait for page load successfully

2018-09-27 15:57:12 - [MESSAGE][PASSED] - Object 'Object Repository/Page_Shop/lbl_message' is present

2018-09-27 15:57:12 - [MESSAGE][PASSED] - beautytap.ShopAction.addProductToCart is PASSED

2018-09-27 15:57:12 - [TEST_STEP][PASSED] - beautytap.ShopAction.VerifyNumberItemInCart: Keyword VerifyNumberItemInCart is Passed, Number item in cart is 3, expected is 3

2018-09-27 15:57:12 - [MESSAGE][PASSED] - Object '' is present

2018-09-27 15:57:12 - [MESSAGE][PASSED] - Text of object '' is: '3'

2018-09-27 15:57:12 - [MESSAGE][PASSED] - Keyword VerifyNumberItemInCart is Passed, Number item in cart is 3, expected is 3

2018-09-27 15:57:12 - [TEST_STEP][PASSED] - beautytap.ShopAction.VerifyProductIsAddedToCart: beautytap.ShopAction.VerifyProductIsAddedToCart is PASSED

2018-09-27 15:57:12 - [MESSAGE][PASSED] - Object '' is present

2018-09-27 15:57:12 - [MESSAGE][PASSED] - beautytap.ShopAction.VerifyProductIsAddedToCart is PASSED

2018-09-27 15:57:12 - [TEST_STEP][PASSED] - beautytap.ShopAction.goToCart: beautytap.ShopAction.goToCart is PASSED

2018-09-27 15:57:12 - [MESSAGE][PASSED] - Object 'Object Repository/Page_General/icon_cart' is present

2018-09-27 15:57:16 - [MESSAGE][PASSED] - Object: 'Object Repository/Page_General/icon_cart' is clicked on

2018-09-27 15:57:17 - [MESSAGE][PASSED] - Wait for page load successfully

2018-09-27 15:57:17 - [MESSAGE][PASSED] - beautytap.ShopAction.goToCart is PASSED

2018-09-27 15:57:17 - [TEST_STEP][PASSED] - beautytap.ShopAction.VerifyProductInCart: Keyword VerifyProductInCart is Passed

2018-09-27 15:57:17 - [MESSAGE][PASSED] - Object '' is present

2018-09-27 15:57:17 - [MESSAGE][PASSED] - Object '' is present

2018-09-27 15:57:17 - [MESSAGE][PASSED] - Text of object '' is: '$31.80'

2018-09-27 15:57:17 - [MESSAGE][PASSED] - Attribute 'value' of object '' is: '3'

2018-09-27 15:57:17 - [MESSAGE][PASSED] - Text of object '' is: '$95.40'

2018-09-27 15:57:17 - [MESSAGE][PASSED] - Keyword VerifyProductInCart is Passed

2018-09-27 15:57:17 - [TEST_STEP][PASSED] - beautytap.ShopAction.processToCheckout: beautytap.ShopAction.processToCheckout is PASSED

2018-09-27 15:57:20 - [MESSAGE][PASSED] - Object: 'Object Repository/Page_Cart/btn_checkout' is clicked on

2018-09-27 15:57:20 - [MESSAGE][PASSED] - Wait for page load successfully

2018-09-27 15:57:20 - [MESSAGE][PASSED] - beautytap.ShopAction.processToCheckout is PASSED

2018-09-27 15:57:20 - [TEST_STEP][PASSED] - beautytap.ShopAction.fillCustomerInformation: beautytap.ShopAction.fillCustomerInformation is PASSED

2018-09-27 15:57:20 - [MESSAGE][PASSED] - Text of object 'Object Repository/Page_Checkout/txt_billingFirstName' is cleared

2018-09-27 15:57:20 - [MESSAGE][PASSED] - Keys 'Test' sent to object: 'Object Repository/Page_Checkout/txt_billingFirstName'

2018-09-27 15:57:20 - [MESSAGE][PASSED] - Text of object 'Object Repository/Page_Checkout/txt_billingLastName' is cleared

2018-09-27 15:57:21 - [MESSAGE][PASSED] - Keys 'Automation' sent to object: 'Object Repository/Page_Checkout/txt_billingLastName'

2018-09-27 15:57:21 - [MESSAGE][PASSED] - All options with label 'United States (US)' are selected in object 'Object Repository/Page_Checkout/drop_billingCountry' 

2018-09-27 15:57:26 - [MESSAGE][PASSED] - Delayed 5 second(s)

2018-09-27 15:57:26 - [MESSAGE][PASSED] - Text of object 'Object Repository/Page_Checkout/txt_billingAddress' is cleared

2018-09-27 15:57:27 - [MESSAGE][PASSED] - Keys '123 Testing' sent to object: 'Object Repository/Page_Checkout/txt_billingAddress'

2018-09-27 15:57:27 - [MESSAGE][PASSED] - Text of object 'Object Repository/Page_Checkout/txt_billingCity' is cleared

2018-09-27 15:57:27 - [MESSAGE][PASSED] - Keys 'New York' sent to object: 'Object Repository/Page_Checkout/txt_billingCity'

2018-09-27 15:57:27 - [MESSAGE][PASSED] - All options with label 'New York' are selected in object 'Object Repository/Page_Checkout/drop_billingState' 

2018-09-27 15:57:27 - [MESSAGE][PASSED] - Text of object 'Object Repository/Page_Checkout/txt_billingZip' is cleared

2018-09-27 15:57:27 - [MESSAGE][PASSED] - Keys '90012' sent to object: 'Object Repository/Page_Checkout/txt_billingZip'

2018-09-27 15:57:27 - [MESSAGE][PASSED] - Text of object 'Object Repository/Page_Checkout/txt_billingEmail' is cleared

2018-09-27 15:57:28 - [MESSAGE][PASSED] - Keys 'auto868311@mailinator.com' sent to object: 'Object Repository/Page_Checkout/txt_billingEmail'

2018-09-27 15:57:28 - [MESSAGE][PASSED] - Object 'Object Repository/Page_Checkout/chk_shipToDifferentAddress' is un-checked

2018-09-27 15:57:28 - [MESSAGE][PASSED] - Text of object 'Object Repository/Page_Checkout/txt_orderNote' is cleared

2018-09-27 15:57:29 - [MESSAGE][PASSED] - Keys 'auto868311Order' sent to object: 'Object Repository/Page_Checkout/txt_orderNote'

2018-09-27 15:57:29 - [MESSAGE][PASSED] - Object 'Object Repository/Page_Checkout/radio_creditCard' is checked

2018-09-27 15:57:34 - [MESSAGE][PASSED] - Delayed 5 second(s)

2018-09-27 15:57:34 - [MESSAGE][PASSED] - beautytap.ShopAction.fillCustomerInformation is PASSED

2018-09-27 15:57:34 - [TEST_STEP][PASSED] - beautytap.ShopAction.VerifyOrderDetailsOnCheckout: Keyword VerifyOrderDetailsOnCheckout is Passed

2018-09-27 15:57:34 - [MESSAGE][PASSED] - Object '' is present

2018-09-27 15:57:34 - [MESSAGE][PASSED] - Text of object '' is: '$95.40'

2018-09-27 15:57:34 - [MESSAGE][PASSED] - Text of object '' is: 'Free shipping for orders over $60
Why does shipping take this long?'

2018-09-27 15:57:34 - [MESSAGE][PASSED] - Text of object '' is: '$95.40'

2018-09-27 15:57:34 - [MESSAGE][PASSED] - Keyword VerifyOrderDetailsOnCheckout is Passed

2018-09-27 15:57:34 - [TEST_STEP][PASSED] - beautytap.ShopAction.checkoutViaPaypal: beautytap.ShopAction.checkoutViaPaypal is PASSED

2018-09-27 15:57:34 - [MESSAGE][PASSED] - Object 'Object Repository/Page_Checkout/radio_paypal' is checked

2018-09-27 15:57:39 - [MESSAGE][PASSED] - Delayed 5 second(s)

2018-09-27 15:57:39 - [MESSAGE][PASSED] - Object 'Object Repository/Page_Checkout/chk_terms' is checked

2018-09-27 15:57:40 - [MESSAGE][PASSED] - Object: 'Object Repository/Page_Checkout/btn_placeOrder' is clicked on

2018-09-27 15:57:46 - [MESSAGE][PASSED] - Object 'Object Repository/Page_Paypal/txt_email' is present

2018-09-27 15:57:46 - [MESSAGE][PASSED] - Text of object 'Object Repository/Page_Paypal/txt_email' is cleared

2018-09-27 15:57:46 - [MESSAGE][PASSED] - Keys 'g1.posiba@gmail.com' sent to object: 'Object Repository/Page_Paypal/txt_email'

2018-09-27 15:57:46 - [MESSAGE][PASSED] - Text of object 'Object Repository/Page_Paypal/txt_password' is cleared

2018-09-27 15:57:46 - [MESSAGE][PASSED] - Keys 'Tr@ng99%' sent to object: 'Object Repository/Page_Paypal/txt_password'

2018-09-27 15:57:59 - [MESSAGE][PASSED] - Object: 'Object Repository/Page_Paypal/btn_login' is clicked on

2018-09-27 15:58:02 - [MESSAGE][PASSED] - Object 'Object Repository/Page_Paypal/btn_payNow' is present

2018-09-27 15:58:07 - [MESSAGE][PASSED] - Delayed 5 second(s)

2018-09-27 15:58:07 - [MESSAGE][PASSED] - Object: 'Object Repository/Page_Paypal/btn_payNow' is clicked on

2018-09-27 15:58:24 - [MESSAGE][PASSED] - Object 'Object Repository/Page_Checkout/lbl_orderReceived' is present

2018-09-27 15:58:24 - [MESSAGE][PASSED] - beautytap.ShopAction.checkoutViaPaypal is PASSED

2018-09-27 15:58:24 - [TEST_STEP][PASSED] - beautytap.ShopAction.VerifyOrderReceivedDetails: Keyword VerifyOrderReceivedDetails is Passed

2018-09-27 15:58:24 - [MESSAGE][PASSED] - Object '' is present

2018-09-27 15:58:25 - [MESSAGE][PASSED] - Text of object '' is: '$95.40'

2018-09-27 15:58:25 - [MESSAGE][PASSED] - Text of object '' is: 'Free shipping for orders over $60'

2018-09-27 15:58:30 - [MESSAGE][WARNING] - com.kms.katalon.core.webui.exception.WebElementNotFoundException: Web element with id: '' located by 'By.xpath: //th[text()='Shipping:']/parent::tr/td/span' not found
[[ATTACHMENT|E:\\BeautytapAutomation\\beautytapAuto\\Beautytap\\Reports\\Regression\\20180927_153625\\1538038710262.png]]

2018-09-27 15:58:30 - [MESSAGE][PASSED] - Text of object '' is: 'PayPal'

2018-09-27 15:58:30 - [MESSAGE][PASSED] - Text of object '' is: '$95.40'

2018-09-27 15:58:30 - [MESSAGE][PASSED] - Keyword VerifyOrderReceivedDetails is Passed

2018-09-27 15:58:30 - [TEST_STEP][PASSED] - closeBrowser: Browser is closed

2018-09-27 15:58:31 - [MESSAGE][PASSED] - Browser is closed]]></system-out>
         <system-err><![CDATA[]]></system-err>
      </testcase>
      <testcase name="Test Cases/Shop/TC06_Browse_VariationProduct_Sale_AmazonPayAtCart_LessThan60_EMS" classname="Test Cases/Shop/TC06_Browse_VariationProduct_Sale_AmazonPayAtCart_LessThan60_EMS" status="PASSED">
         <system-out><![CDATA[2018-09-27 15:58:33 - [TEST_CASE][PASSED] - Test Cases/Shop/TC06_Browse_VariationProduct_Sale_AmazonPayAtCart_LessThan60_EMS: Test Cases/Shop/TC06_Browse_VariationProduct_Sale_AmazonPayAtCart_LessThan60_EMS

2018-09-27 15:58:33 - [TEST_STEP][PASSED] - Statement - productName = VARIATION_SALE_PRODUCT: null

2018-09-27 15:58:33 - [TEST_STEP][PASSED] - Statement - saleprice = VARIATION_SALE_PRICE1: null

2018-09-27 15:58:33 - [TEST_STEP][PASSED] - Statement - redularprice = VARIATION_SALE_REGULAR_PRICE1: null

2018-09-27 15:58:33 - [TEST_STEP][PASSED] - Statement - variation = VARIATION_SALE_NAME1: null

2018-09-27 15:58:33 - [TEST_STEP][PASSED] - Statement - r_string = new java.lang.Math().random().toString().substring(2, 8): null

2018-09-27 15:58:33 - [TEST_STEP][PASSED] - Statement - email = "auto" + r_string + "@mailinator.com": null

2018-09-27 15:58:33 - [TEST_STEP][PASSED] - Statement - orderNote = "auto" + r_string + "Order": null

2018-09-27 15:58:33 - [TEST_STEP][PASSED] - Statement - currentNumberItemInCart = <not implemented yet for class: org.codehaus.groovy.ast.expr.EmptyExpression>: null

2018-09-27 15:58:33 - [TEST_STEP][PASSED] - Statement - quantity = 5: null

2018-09-27 15:58:33 - [TEST_STEP][PASSED] - Statement - shippingLabel = EMS_SHIPPING_LABEL: null

2018-09-27 15:58:34 - [TEST_STEP][PASSED] - Statement - shippingPrice = EMS_SHIPPING_PRICE: null

2018-09-27 15:58:34 - [TEST_STEP][PASSED] - Statement - subtotal = CustomKeywords.beautytap.ShopAction.calculateTotal(quantity, saleprice): beautytap.ShopAction.calculateTotal is PASSED

2018-09-27 15:58:34 - [MESSAGE][PASSED] - beautytap.ShopAction.calculateTotal is PASSED

2018-09-27 15:58:34 - [TEST_STEP][PASSED] - Statement - total = subtotal + shippingPrice: null

2018-09-27 15:58:34 - [TEST_STEP][PASSED] - Statement - total = CustomKeywords.beautytap.ShopAction.calculateTotal(1, total): beautytap.ShopAction.calculateTotal is PASSED

2018-09-27 15:58:34 - [MESSAGE][PASSED] - beautytap.ShopAction.calculateTotal is PASSED

2018-09-27 15:58:34 - [TEST_STEP][PASSED] - Statement - products = new org.json.JSONArray((((((((([{"productname":" + productName) + ","variation":") + variation) + ","quantity":") + quantity) + ","price":") + saleprice) + "}])): null

2018-09-27 15:58:34 - [TEST_STEP][PASSED] - Statement - billingInformation = new org.json.JSONObject((({"firstname":"Test","lastname":"Automation","country":"United States (US)","address":"123 Testing","city":"New York","state":"New York","zip":"90012","email":" + email) + "})): null

2018-09-27 15:58:34 - [TEST_STEP][PASSED] - Statement - shippingType = "EMS": null

2018-09-27 15:58:34 - [TEST_STEP][PASSED] - Statement - paymentMethod = "Amazon Pay": null

2018-09-27 15:58:34 - [TEST_STEP][PASSED] - Statement - category = "Brands": null

2018-09-27 15:58:34 - [TEST_STEP][PASSED] - Statement - subcategory = "Innisfree": null

2018-09-27 15:58:34 - [TEST_STEP][PASSED] - beautytap.GeneralAction.openBeautytap: beautytap.GeneralAction.openBeautytap is PASSED

2018-09-27 15:58:47 - [MESSAGE][PASSED] - Browser is opened with url: 'https://stage.beautytap.com'

2018-09-27 15:58:48 - [MESSAGE][PASSED] - Current window maximized

2018-09-27 15:58:52 - [MESSAGE][PASSED] - Refresh successfully

2018-09-27 15:58:52 - [MESSAGE][PASSED] - Wait for page load successfully

2018-09-27 15:58:52 - [MESSAGE][PASSED] - beautytap.GeneralAction.openBeautytap is PASSED

2018-09-27 15:58:52 - [TEST_STEP][PASSED] - beautytap.ShopAction.selectCategory: beautytap.ShopAction.selectCategory is PASSED

2018-09-27 15:58:53 - [MESSAGE][PASSED] - Object: '' is clicked on

2018-09-27 15:58:55 - [MESSAGE][PASSED] - Delayed 2 second(s)

2018-09-27 15:59:02 - [MESSAGE][PASSED] - Object: '' is clicked on

2018-09-27 15:59:02 - [MESSAGE][PASSED] - Wait for page load successfully

2018-09-27 15:59:02 - [MESSAGE][PASSED] - beautytap.ShopAction.selectCategory is PASSED

2018-09-27 15:59:02 - [TEST_STEP][PASSED] - beautytap.ShopAction.findProductOnProductList: beautytap.ShopAction.findProductOnProductList is PASSED

2018-09-27 15:59:03 - [MESSAGE][PASSED] - Text of object '' is: '3'

2018-09-27 15:59:08 - [MESSAGE][WARNING] - com.kms.katalon.core.webui.exception.WebElementNotFoundException: Web element with id: '' located by 'By.xpath: //a[text()='Innisfree Eye Contouring Stick Round Shape 0.7g']' not found
[[ATTACHMENT|E:\\BeautytapAutomation\\beautytapAuto\\Beautytap\\Reports\\Regression\\20180927_153625\\1538038748271.png]]

2018-09-27 15:59:17 - [MESSAGE][PASSED] - Object: '' is clicked on

2018-09-27 15:59:17 - [MESSAGE][PASSED] - Wait for page load successfully

2018-09-27 15:59:17 - [MESSAGE][PASSED] - Object '' is present

2018-09-27 15:59:17 - [MESSAGE][PASSED] - beautytap.ShopAction.findProductOnProductList is PASSED

2018-09-27 15:59:17 - [TEST_STEP][PASSED] - beautytap.ShopAction.VerifyProductOnProductList: Keyword VerifyProductOnProductList is Passed

2018-09-27 15:59:17 - [MESSAGE][PASSED] - Object '' is present

2018-09-27 15:59:17 - [MESSAGE][PASSED] - Text of object '' is: '$4.95'

2018-09-27 15:59:17 - [MESSAGE][PASSED] - Get CSS 'color' value on '' successfully: 'rgba(255, 35, 134, 1)'.

2018-09-27 15:59:17 - [MESSAGE][PASSED] - Get CSS 'color' value on '' successfully: 'rgba(255, 35, 134, 1)'.

2018-09-27 15:59:17 - [MESSAGE][PASSED] - Text of object '' is: '$6.50'

2018-09-27 15:59:17 - [MESSAGE][PASSED] - Get CSS 'color' value on '' successfully: 'rgba(255, 35, 134, 1)'.

2018-09-27 15:59:17 - [MESSAGE][PASSED] - Get CSS 'color' value on '' successfully: 'rgba(255, 35, 134, 1)'.

2018-09-27 15:59:17 - [MESSAGE][PASSED] - Keyword VerifyProductOnProductList is Passed

2018-09-27 15:59:17 - [TEST_STEP][PASSED] - beautytap.ShopAction.selectProductOnProductList: beautytap.ShopAction.selectProductOnProductList is PASSED

2018-09-27 15:59:24 - [MESSAGE][PASSED] - Object: '' is clicked on

2018-09-27 15:59:24 - [MESSAGE][PASSED] - Wait for page load successfully

2018-09-27 15:59:24 - [MESSAGE][PASSED] - beautytap.ShopAction.selectProductOnProductList is PASSED

2018-09-27 15:59:24 - [TEST_STEP][PASSED] - beautytap.ShopAction.selectProductVariation: beautytap.ShopAction.selectProductVariation is PASSED

2018-09-27 15:59:25 - [MESSAGE][PASSED] - Object: 'Object Repository/Page_Shop/drop_chooseOption' is clicked on

2018-09-27 15:59:26 - [MESSAGE][PASSED] - Delayed 1 second(s)

2018-09-27 15:59:26 - [MESSAGE][PASSED] - Object: '' is clicked on

2018-09-27 15:59:26 - [MESSAGE][PASSED] - beautytap.ShopAction.selectProductVariation is PASSED

2018-09-27 15:59:26 - [TEST_STEP][PASSED] - beautytap.ShopAction.VerifyProductDetails: Keyword VerifyProductDetails is Passed

2018-09-27 15:59:26 - [MESSAGE][PASSED] - Text of object '' is: 'Innisfree Eye Contouring Stick Round Shape 0.7g'

2018-09-27 15:59:27 - [MESSAGE][PASSED] - All options with label '5' are selected in object 'Object Repository/Page_Shop/drop_chooseOption' 

2018-09-27 15:59:27 - [MESSAGE][PASSED] - Text of object '' is: '$6.50'

2018-09-27 15:59:27 - [MESSAGE][PASSED] - Get CSS 'color' value on '' successfully: 'rgba(195, 195, 195, 1)'.

2018-09-27 15:59:27 - [MESSAGE][PASSED] - Text of object '' is: '$4.95'

2018-09-27 15:59:27 - [MESSAGE][PASSED] - Get CSS 'color' value on '' successfully: 'rgba(255, 35, 134, 1)'.

2018-09-27 15:59:27 - [MESSAGE][PASSED] - Keyword VerifyProductDetails is Passed

2018-09-27 15:59:27 - [TEST_STEP][PASSED] - Statement - currentNumberItemInCart = CustomKeywords.beautytap.ShopAction.getNumberItemInCart(): beautytap.ShopAction.getNumberItemInCart is PASSED

2018-09-27 15:59:32 - [MESSAGE][WARNING] - com.kms.katalon.core.webui.exception.WebElementNotFoundException: Web element with id: '' located by 'By.xpath: //div[@class='header-right-top pull-right']/a[@class='shop-cart']/span[@class='number-cart']' not found
[[ATTACHMENT|E:\\BeautytapAutomation\\beautytapAuto\\Beautytap\\Reports\\Regression\\20180927_153625\\1538038772496.png]]

2018-09-27 15:59:32 - [MESSAGE][PASSED] - beautytap.ShopAction.getNumberItemInCart is PASSED

2018-09-27 15:59:32 - [TEST_STEP][PASSED] - beautytap.ShopAction.addProductToCart: beautytap.ShopAction.addProductToCart is PASSED

2018-09-27 15:59:32 - [MESSAGE][PASSED] - Text of object 'Object Repository/Page_Shop/txt_quantity' is cleared

2018-09-27 15:59:32 - [MESSAGE][PASSED] - Keys '5' sent to object: 'Object Repository/Page_Shop/txt_quantity'

2018-09-27 15:59:33 - [MESSAGE][PASSED] - Object: 'Object Repository/Page_Shop/btn_addToCart' is clicked on

2018-09-27 15:59:33 - [MESSAGE][PASSED] - Wait for page load successfully

2018-09-27 15:59:38 - [MESSAGE][PASSED] - Object 'Object Repository/Page_Shop/lbl_message' is present

2018-09-27 15:59:38 - [MESSAGE][PASSED] - beautytap.ShopAction.addProductToCart is PASSED

2018-09-27 15:59:38 - [TEST_STEP][PASSED] - beautytap.ShopAction.VerifyNumberItemInCart: Keyword VerifyNumberItemInCart is Passed, Number item in cart is 5, expected is 5

2018-09-27 15:59:38 - [MESSAGE][PASSED] - Object '' is present

2018-09-27 15:59:38 - [MESSAGE][PASSED] - Text of object '' is: '5'

2018-09-27 15:59:38 - [MESSAGE][PASSED] - Keyword VerifyNumberItemInCart is Passed, Number item in cart is 5, expected is 5

2018-09-27 15:59:38 - [TEST_STEP][PASSED] - beautytap.ShopAction.VerifyProductIsAddedToCart: beautytap.ShopAction.VerifyProductIsAddedToCart is PASSED

2018-09-27 15:59:38 - [MESSAGE][PASSED] - Object '' is present

2018-09-27 15:59:38 - [MESSAGE][PASSED] - beautytap.ShopAction.VerifyProductIsAddedToCart is PASSED

2018-09-27 15:59:38 - [TEST_STEP][PASSED] - beautytap.ShopAction.goToCart: beautytap.ShopAction.goToCart is PASSED

2018-09-27 15:59:38 - [MESSAGE][PASSED] - Object 'Object Repository/Page_General/icon_cart' is present

2018-09-27 15:59:43 - [MESSAGE][PASSED] - Object: 'Object Repository/Page_General/icon_cart' is clicked on

2018-09-27 15:59:43 - [MESSAGE][PASSED] - Wait for page load successfully

2018-09-27 15:59:43 - [MESSAGE][PASSED] - beautytap.ShopAction.goToCart is PASSED

2018-09-27 15:59:43 - [TEST_STEP][PASSED] - beautytap.ShopAction.VerifyProductInCart: Keyword VerifyProductInCart is Passed

2018-09-27 15:59:43 - [MESSAGE][PASSED] - Object '' is present

2018-09-27 15:59:43 - [MESSAGE][PASSED] - Object '' is present

2018-09-27 15:59:43 - [MESSAGE][PASSED] - Text of object '' is: '$4.95'

2018-09-27 15:59:43 - [MESSAGE][PASSED] - Attribute 'value' of object '' is: '5'

2018-09-27 15:59:43 - [MESSAGE][PASSED] - Text of object '' is: '$24.75'

2018-09-27 15:59:43 - [MESSAGE][PASSED] - Keyword VerifyProductInCart is Passed

2018-09-27 15:59:43 - [TEST_STEP][PASSED] - beautytap.ShopAction.loginAmazonPay: beautytap.ShopAction.loginAmazonPay is PASSED

2018-09-27 15:59:44 - [MESSAGE][PASSED] - Object: 'Object Repository/Page_Cart/btn_payWithAmazon' is clicked on

2018-09-27 15:59:44 - [MESSAGE][PASSED] - Switched to window with index: '1'

2018-09-27 15:59:46 - [MESSAGE][PASSED] - Object 'Object Repository/Popup_Amazon/txt_email' is present

2018-09-27 15:59:46 - [MESSAGE][PASSED] - Text of object 'Object Repository/Popup_Amazon/txt_email' is cleared

2018-09-27 15:59:46 - [MESSAGE][PASSED] - Keys 'amazontest1503@yopmail.com' sent to object: 'Object Repository/Popup_Amazon/txt_email'

2018-09-27 15:59:46 - [MESSAGE][PASSED] - Text of object 'Object Repository/Popup_Amazon/txt_password' is cleared

2018-09-27 15:59:46 - [MESSAGE][PASSED] - Keys '123456' sent to object: 'Object Repository/Popup_Amazon/txt_password'

2018-09-27 15:59:49 - [MESSAGE][PASSED] - Object: 'Object Repository/Popup_Amazon/btn_signin' is clicked on

2018-09-27 15:59:49 - [MESSAGE][PASSED] - Switched to window with index: '0'

2018-09-27 16:00:19 - [MESSAGE][PASSED] - Delayed 30 second(s)

2018-09-27 16:00:19 - [MESSAGE][PASSED] - beautytap.ShopAction.loginAmazonPay is PASSED

2018-09-27 16:00:19 - [TEST_STEP][PASSED] - beautytap.ShopAction.selectShipping: beautytap.ShopAction.selectShipping is PASSED

2018-09-27 16:00:19 - [MESSAGE][PASSED] - Object '' is checked

2018-09-27 16:00:24 - [MESSAGE][PASSED] - Delayed 5 second(s)

2018-09-27 16:00:24 - [MESSAGE][PASSED] - beautytap.ShopAction.selectShipping is PASSED

2018-09-27 16:00:24 - [TEST_STEP][PASSED] - beautytap.ShopAction.VerifyOrderDetailsOnCheckout: Keyword VerifyOrderDetailsOnCheckout is Passed

2018-09-27 16:00:24 - [MESSAGE][PASSED] - Object '' is present

2018-09-27 16:00:24 - [MESSAGE][PASSED] - Text of object '' is: '$24.75'

2018-09-27 16:00:24 - [MESSAGE][PASSED] - Object '' has attribute 'checked'

2018-09-27 16:00:24 - [MESSAGE][PASSED] - Text of object '' is: '($25) - EMS Express shipping (est. 10-14 working days delivery including processing): $25.00'

2018-09-27 16:00:24 - [MESSAGE][PASSED] - Text of object '' is: '$25.00'

2018-09-27 16:00:24 - [MESSAGE][PASSED] - Text of object '' is: '$49.75'

2018-09-27 16:00:24 - [MESSAGE][PASSED] - Keyword VerifyOrderDetailsOnCheckout is Passed

2018-09-27 16:00:24 - [TEST_STEP][PASSED] - beautytap.ShopAction.checkoutViaAmazonPay: beautytap.ShopAction.checkoutViaAmazonPay is PASSED

2018-09-27 16:00:24 - [MESSAGE][PASSED] - Object 'Object Repository/Page_Checkout/chk_terms' is clickable

2018-09-27 16:00:25 - [MESSAGE][PASSED] - Object 'Object Repository/Page_Checkout/chk_terms' is checked

2018-09-27 16:00:25 - [MESSAGE][PASSED] - Object: 'Object Repository/Page_Checkout/btn_placeOrder' is clicked on

2018-09-27 16:00:38 - [MESSAGE][PASSED] - Object 'Object Repository/Page_Checkout/lbl_orderReceived' is present

2018-09-27 16:00:38 - [MESSAGE][PASSED] - beautytap.ShopAction.checkoutViaAmazonPay is PASSED

2018-09-27 16:00:38 - [TEST_STEP][PASSED] - beautytap.ShopAction.VerifyOrderReceivedDetails: Keyword VerifyOrderReceivedDetails is Passed

2018-09-27 16:00:38 - [MESSAGE][PASSED] - Object '' is present

2018-09-27 16:00:38 - [MESSAGE][PASSED] - Text of object '' is: '$24.75'

2018-09-27 16:00:39 - [MESSAGE][PASSED] - Text of object '' is: '$25.00 via ($25) - EMS Express shipping (est. 10-14 working days delivery including processing)'

2018-09-27 16:00:39 - [MESSAGE][PASSED] - Object '' is present

2018-09-27 16:00:39 - [MESSAGE][PASSED] - Text of object '' is: '$25.00'

2018-09-27 16:00:39 - [MESSAGE][PASSED] - Text of object '' is: 'Amazon Pay'

2018-09-27 16:00:39 - [MESSAGE][PASSED] - Text of object '' is: '$49.75'

2018-09-27 16:00:39 - [MESSAGE][PASSED] - Keyword VerifyOrderReceivedDetails is Passed

2018-09-27 16:00:39 - [TEST_STEP][PASSED] - closeBrowser: Browser is closed

2018-09-27 16:00:40 - [MESSAGE][PASSED] - Browser is closed]]></system-out>
         <system-err><![CDATA[]]></system-err>
      </testcase>
      <system-out><![CDATA[2018-09-27 15:36:29 - [TEST_SUITE][FAILED] - Regression: Test Cases/SignUp_Login_ResetPass/TC02_SignUp_Login_ViaFacebookEmail_NewUser_OldUser FAILED because (of) Unable to verify object 'Object Repository/Page_General/link_avatar' is present (Root cause: com.kms.katalon.core.webui.exception.WebElementNotFoundException: Web element with id: 'Object Repository/Page_General/link_avatar' located by 'By.xpath: //div[@class='header-right-top pull-right']/a[@class='user']' not found)]]></system-out>
      <system-err><![CDATA[2018-09-27 15:36:29 - [TEST_SUITE][FAILED] - Regression: Test Cases/SignUp_Login_ResetPass/TC02_SignUp_Login_ViaFacebookEmail_NewUser_OldUser FAILED because (of) Unable to verify object 'Object Repository/Page_General/link_avatar' is present (Root cause: com.kms.katalon.core.webui.exception.WebElementNotFoundException: Web element with id: 'Object Repository/Page_General/link_avatar' located by 'By.xpath: //div[@class='header-right-top pull-right']/a[@class='user']' not found)]]></system-err>
   </testsuite>
</testsuites>
