<?xml version="1.0" encoding="UTF-8"?>
<testsuites name="Regression" time="1383" tests="8" failures="0" errors="0">
   <testsuite name="Regression" tests="8" failures="0" errors="0" time="1383" timestamp="2018-09-28 15:54:56" hostname="Trang Nguyen - 192.168.1.8" id="Test Suites/Regression">
      <properties>
[...]
</properties>
      <testcase name="Test Cases/SignUp_Login_ResetPass/TC01_SignUp_Login_ResetPassword_Via_Email" classname="Test Cases/SignUp_Login_ResetPass/TC01_SignUp_Login_ResetPassword_Via_Email" status="PASSED">
         <system-out><![CDATA[2018-09-28 15:54:57 - [TEST_CASE][PASSED] - Test Cases/SignUp_Login_ResetPass/TC01_SignUp_Login_ResetPassword_Via_Email: Test Cases/SignUp_Login_ResetPass/TC01_SignUp_Login_ResetPassword_Via_Email

2018-09-28 15:54:58 - [TEST_STEP][PASSED] - Statement - r_string = new java.lang.Math().random().toString().substring(2, 8): null

2018-09-28 15:54:58 - [TEST_STEP][PASSED] - Statement - username = "auto" + r_string: null

2018-09-28 15:54:58 - [TEST_STEP][PASSED] - Statement - email = username + "@mailinator.com": null

2018-09-28 15:54:58 - [TEST_STEP][PASSED] - Statement - password = "123456": null

2018-09-28 15:54:58 - [TEST_STEP][PASSED] - Statement - newpassword = "test123": null

2018-09-28 15:54:58 - [TEST_STEP][PASSED] - Statement - name = "Auto User " + r_string: null

2018-09-28 15:54:58 - [TEST_STEP][PASSED] - Statement - birthday = "01/01/1990": null

2018-09-28 15:54:58 - [TEST_STEP][PASSED] - Statement - activation_subject = SITE_TITLE + " Activate your account": null

2018-09-28 15:54:58 - [TEST_STEP][PASSED] - Statement - resetpass_subject = SITE_TITLE + " Password Reset": null

2018-09-28 15:54:58 - [TEST_STEP][PASSED] - beautytap.GeneralAction.openBeautytap: beautytap.GeneralAction.openBeautytap is PASSED

2018-09-28 15:55:17 - [MESSAGE][PASSED] - Browser is opened with url: 'https://stage.beautytap.com'

2018-09-28 15:55:18 - [MESSAGE][PASSED] - Current window maximized

2018-09-28 15:55:22 - [MESSAGE][PASSED] - Refresh successfully

2018-09-28 15:55:22 - [MESSAGE][PASSED] - Wait for page load successfully

2018-09-28 15:55:22 - [MESSAGE][PASSED] - beautytap.GeneralAction.openBeautytap is PASSED

2018-09-28 15:55:22 - [TEST_STEP][PASSED] - beautytap.GeneralAction.clickNavigationMenu: beautytap.GeneralAction.clickNavigationMenu is PASSED

2018-09-28 15:55:26 - [MESSAGE][PASSED] - Object: 'Object Repository/Page_General/link_signup' is clicked on

2018-09-28 15:55:26 - [MESSAGE][PASSED] - Wait for page load successfully

2018-09-28 15:55:26 - [MESSAGE][PASSED] - beautytap.GeneralAction.clickNavigationMenu is PASSED

2018-09-28 15:55:26 - [TEST_STEP][PASSED] - beautytap.GeneralAction.signup: beautytap.GeneralAction.signup is PASSED

2018-09-28 15:55:26 - [MESSAGE][PASSED] - Keys 'auto862804' sent to object: 'Object Repository/Page_Signup/txt_username'

2018-09-28 15:55:26 - [MESSAGE][PASSED] - Keys 'auto862804@mailinator.com' sent to object: 'Object Repository/Page_Signup/txt_email'

2018-09-28 15:55:26 - [MESSAGE][PASSED] - Keys '123456' sent to object: 'Object Repository/Page_Signup/txt_password'

2018-09-28 15:55:27 - [MESSAGE][PASSED] - Keys 'Auto User 862804' sent to object: 'Object Repository/Page_Signup/txt_name'

2018-09-28 15:55:27 - [MESSAGE][PASSED] - Keys '01/01/1990' sent to object: 'Object Repository/Page_Signup/txt_birthday'

2018-09-28 15:55:27 - [MESSAGE][PASSED] - Object: 'Object Repository/Page_Signup/btn_signup' is clicked on

2018-09-28 15:55:27 - [MESSAGE][PASSED] - Wait for page load successfully

2018-09-28 15:55:27 - [MESSAGE][PASSED] - beautytap.GeneralAction.signup is PASSED

2018-09-28 15:55:27 - [TEST_STEP][PASSED] - verifyElementPresent: Object 'Object Repository/Page_Signup/lbl_sucessMessage' is present

2018-09-28 15:55:32 - [MESSAGE][PASSED] - Object 'Object Repository/Page_Signup/lbl_sucessMessage' is present

2018-09-28 15:55:32 - [TEST_STEP][PASSED] - beautytap.GeneralAction.openMailBox: beautytap.GeneralAction.openMailBox is PASSED

2018-09-28 15:55:36 - [MESSAGE][PASSED] - Navigate to 'https://www.mailinator.com' successfully

2018-09-28 15:55:36 - [MESSAGE][PASSED] - Wait for page load successfully

2018-09-28 15:55:36 - [MESSAGE][PASSED] - Keys 'auto862804' sent to object: 'Object Repository/Page_mailinator/txt_email'

2018-09-28 15:55:37 - [MESSAGE][PASSED] - Object: 'Object Repository/Page_mailinator/btn_go' is clicked on

2018-09-28 15:55:37 - [MESSAGE][PASSED] - Wait for page load successfully

2018-09-28 15:55:42 - [MESSAGE][PASSED] - Delayed 5 second(s)

2018-09-28 15:55:42 - [MESSAGE][PASSED] - beautytap.GeneralAction.openMailBox is PASSED

2018-09-28 15:55:42 - [TEST_STEP][PASSED] - beautytap.GeneralAction.verifyEmailExist: beautytap.GeneralAction.verifyEmailExist is PASSED

2018-09-28 15:55:42 - [MESSAGE][PASSED] - Object '' is present

2018-09-28 15:55:42 - [MESSAGE][PASSED] - beautytap.GeneralAction.verifyEmailExist is PASSED

2018-09-28 15:55:42 - [TEST_STEP][PASSED] - beautytap.GeneralAction.openEmail: beautytap.GeneralAction.openEmail is PASSED

2018-09-28 15:55:43 - [MESSAGE][PASSED] - Object: '' is clicked on

2018-09-28 15:55:43 - [MESSAGE][PASSED] - beautytap.GeneralAction.openEmail is PASSED

2018-09-28 15:55:43 - [TEST_STEP][PASSED] - beautytap.GeneralAction.clickEmailLink: beautytap.GeneralAction.clickEmailLink is PASSED

2018-09-28 15:55:43 - [MESSAGE][PASSED] - Text of object '' is: 'https://stage.beautytap.com/activate/QgvslaDU8sD89dzBd8JIaTqw0b4vxhXO/'

2018-09-28 15:55:57 - [MESSAGE][PASSED] - Navigate to 'https://stage.beautytap.com/activate/QgvslaDU8sD89dzBd8JIaTqw0b4vxhXO/' successfully

2018-09-28 15:55:57 - [MESSAGE][PASSED] - beautytap.GeneralAction.clickEmailLink is PASSED

2018-09-28 15:55:57 - [TEST_STEP][PASSED] - waitForPageLoad: Wait for page load successfully

2018-09-28 15:55:57 - [MESSAGE][PASSED] - Wait for page load successfully

2018-09-28 15:55:57 - [TEST_STEP][PASSED] - verifyElementPresent: Object 'Object Repository/Page_General/lbl_activeSuccessMessage' is present

2018-09-28 15:55:57 - [MESSAGE][PASSED] - Object 'Object Repository/Page_General/lbl_activeSuccessMessage' is present

2018-09-28 15:55:57 - [TEST_STEP][PASSED] - beautytap.GeneralAction.clickNavigationMenu: beautytap.GeneralAction.clickNavigationMenu is PASSED

2018-09-28 15:56:00 - [MESSAGE][PASSED] - Object: 'Object Repository/Page_General/link_login' is clicked on

2018-09-28 15:56:00 - [MESSAGE][PASSED] - Wait for page load successfully

2018-09-28 15:56:00 - [MESSAGE][PASSED] - beautytap.GeneralAction.clickNavigationMenu is PASSED

2018-09-28 15:56:00 - [TEST_STEP][PASSED] - beautytap.GeneralAction.login: beautytap.GeneralAction.login is PASSED

2018-09-28 15:56:00 - [MESSAGE][PASSED] - Text of object 'Object Repository/Page_login/txt_username' is cleared

2018-09-28 15:56:00 - [MESSAGE][PASSED] - Keys 'auto862804' sent to object: 'Object Repository/Page_login/txt_username'

2018-09-28 15:56:00 - [MESSAGE][PASSED] - Text of object 'Object Repository/Page_login/txt_password' is cleared

2018-09-28 15:56:00 - [MESSAGE][PASSED] - Keys '123456' sent to object: 'Object Repository/Page_login/txt_password'

2018-09-28 15:56:00 - [MESSAGE][PASSED] - Object: 'Object Repository/Page_login/btn_login' is clicked on

2018-09-28 15:56:00 - [MESSAGE][PASSED] - Wait for page load successfully

2018-09-28 15:56:00 - [MESSAGE][PASSED] - beautytap.GeneralAction.login is PASSED

2018-09-28 15:56:00 - [TEST_STEP][PASSED] - verifyElementPresent: Object 'Object Repository/Page_General/link_avatar' is present

2018-09-28 15:56:10 - [MESSAGE][PASSED] - Object 'Object Repository/Page_General/link_avatar' is present

2018-09-28 15:56:10 - [TEST_STEP][PASSED] - beautytap.GeneralAction.logout: beautytap.GeneralAction.logout is PASSED

2018-09-28 15:56:10 - [MESSAGE][PASSED] - Object: 'Object Repository/Page_General/link_avatar' is clicked on

2018-09-28 15:56:10 - [MESSAGE][PASSED] - Object 'Object Repository/Page_General/menu_logout' is present

2018-09-28 15:56:10 - [MESSAGE][PASSED] - Object: 'Object Repository/Page_General/menu_logout' is clicked on

2018-09-28 15:56:10 - [MESSAGE][PASSED] - Wait for page load successfully

2018-09-28 15:56:10 - [MESSAGE][PASSED] - beautytap.GeneralAction.logout is PASSED

2018-09-28 15:56:10 - [TEST_STEP][PASSED] - beautytap.GeneralAction.clickNavigationMenu: beautytap.GeneralAction.clickNavigationMenu is PASSED

2018-09-28 15:56:16 - [MESSAGE][PASSED] - Object: 'Object Repository/Page_General/link_login' is clicked on

2018-09-28 15:56:16 - [MESSAGE][PASSED] - Wait for page load successfully

2018-09-28 15:56:16 - [MESSAGE][PASSED] - beautytap.GeneralAction.clickNavigationMenu is PASSED

2018-09-28 15:56:16 - [TEST_STEP][PASSED] - beautytap.GeneralAction.login: beautytap.GeneralAction.login is PASSED

2018-09-28 15:56:16 - [MESSAGE][PASSED] - Text of object 'Object Repository/Page_login/txt_username' is cleared

2018-09-28 15:56:17 - [MESSAGE][PASSED] - Keys 'auto862804@mailinator.com' sent to object: 'Object Repository/Page_login/txt_username'

2018-09-28 15:56:17 - [MESSAGE][PASSED] - Text of object 'Object Repository/Page_login/txt_password' is cleared

2018-09-28 15:56:17 - [MESSAGE][PASSED] - Keys '123456' sent to object: 'Object Repository/Page_login/txt_password'

2018-09-28 15:56:17 - [MESSAGE][PASSED] - Object: 'Object Repository/Page_login/btn_login' is clicked on

2018-09-28 15:56:17 - [MESSAGE][PASSED] - Wait for page load successfully

2018-09-28 15:56:17 - [MESSAGE][PASSED] - beautytap.GeneralAction.login is PASSED

2018-09-28 15:56:17 - [TEST_STEP][PASSED] - verifyElementPresent: Object 'Object Repository/Page_General/link_avatar' is present

2018-09-28 15:56:25 - [MESSAGE][PASSED] - Object 'Object Repository/Page_General/link_avatar' is present

2018-09-28 15:56:25 - [TEST_STEP][PASSED] - beautytap.GeneralAction.logout: beautytap.GeneralAction.logout is PASSED

2018-09-28 15:56:26 - [MESSAGE][PASSED] - Object: 'Object Repository/Page_General/link_avatar' is clicked on

2018-09-28 15:56:26 - [MESSAGE][PASSED] - Object 'Object Repository/Page_General/menu_logout' is present

2018-09-28 15:56:26 - [MESSAGE][PASSED] - Object: 'Object Repository/Page_General/menu_logout' is clicked on

2018-09-28 15:56:26 - [MESSAGE][PASSED] - Wait for page load successfully

2018-09-28 15:56:26 - [MESSAGE][PASSED] - beautytap.GeneralAction.logout is PASSED

2018-09-28 15:56:26 - [TEST_STEP][PASSED] - beautytap.GeneralAction.clickNavigationMenu: beautytap.GeneralAction.clickNavigationMenu is PASSED

2018-09-28 15:56:32 - [MESSAGE][PASSED] - Object: 'Object Repository/Page_General/link_login' is clicked on

2018-09-28 15:56:32 - [MESSAGE][PASSED] - Wait for page load successfully

2018-09-28 15:56:32 - [MESSAGE][PASSED] - beautytap.GeneralAction.clickNavigationMenu is PASSED

2018-09-28 15:56:32 - [TEST_STEP][PASSED] - click: Object: 'Object Repository/Page_Login/link_forgotPassword' is clicked on

2018-09-28 15:56:35 - [MESSAGE][PASSED] - Object: 'Object Repository/Page_Login/link_forgotPassword' is clicked on

2018-09-28 15:56:35 - [TEST_STEP][PASSED] - sendKeys: Keys 'auto862804' sent to object: 'Object Repository/Page_ForgotPassword/txt_usernameOrEmail'

2018-09-28 15:56:35 - [MESSAGE][PASSED] - Keys 'auto862804' sent to object: 'Object Repository/Page_ForgotPassword/txt_usernameOrEmail'

2018-09-28 15:56:35 - [TEST_STEP][PASSED] - click: Object: 'Object Repository/Page_ForgotPassword/btn_forgotPassword' is clicked on

2018-09-28 15:56:35 - [MESSAGE][PASSED] - Object: 'Object Repository/Page_ForgotPassword/btn_forgotPassword' is clicked on

2018-09-28 15:56:35 - [TEST_STEP][PASSED] - verifyElementPresent: Object 'Object Repository/Page_ForgotPassword/lbl_sucessMessage' is present

2018-09-28 15:56:39 - [MESSAGE][PASSED] - Object 'Object Repository/Page_ForgotPassword/lbl_sucessMessage' is present

2018-09-28 15:56:39 - [TEST_STEP][PASSED] - beautytap.GeneralAction.openMailBox: beautytap.GeneralAction.openMailBox is PASSED

2018-09-28 15:56:40 - [MESSAGE][PASSED] - Navigate to 'https://www.mailinator.com' successfully

2018-09-28 15:56:40 - [MESSAGE][PASSED] - Wait for page load successfully

2018-09-28 15:56:40 - [MESSAGE][PASSED] - Keys 'auto862804' sent to object: 'Object Repository/Page_mailinator/txt_email'

2018-09-28 15:56:41 - [MESSAGE][PASSED] - Object: 'Object Repository/Page_mailinator/btn_go' is clicked on

2018-09-28 15:56:41 - [MESSAGE][PASSED] - Wait for page load successfully

2018-09-28 15:56:46 - [MESSAGE][PASSED] - Delayed 5 second(s)

2018-09-28 15:56:46 - [MESSAGE][PASSED] - beautytap.GeneralAction.openMailBox is PASSED

2018-09-28 15:56:46 - [TEST_STEP][PASSED] - beautytap.GeneralAction.verifyEmailExist: beautytap.GeneralAction.verifyEmailExist is PASSED

2018-09-28 15:56:46 - [MESSAGE][PASSED] - Object '' is present

2018-09-28 15:56:46 - [MESSAGE][PASSED] - beautytap.GeneralAction.verifyEmailExist is PASSED

2018-09-28 15:56:46 - [TEST_STEP][PASSED] - beautytap.GeneralAction.openEmail: beautytap.GeneralAction.openEmail is PASSED

2018-09-28 15:56:46 - [MESSAGE][PASSED] - Object: '' is clicked on

2018-09-28 15:56:46 - [MESSAGE][PASSED] - beautytap.GeneralAction.openEmail is PASSED

2018-09-28 15:56:46 - [TEST_STEP][PASSED] - beautytap.GeneralAction.clickEmailLink: beautytap.GeneralAction.clickEmailLink is PASSED

2018-09-28 15:56:47 - [MESSAGE][PASSED] - Text of object '' is: 'https://stage.beautytap.com/wp-login.php?action=rp&key=hBryhii0AYWWY42ao10z&login=auto862804'

2018-09-28 15:56:50 - [MESSAGE][PASSED] - Navigate to 'https://stage.beautytap.com/wp-login.php?action=rp&key=hBryhii0AYWWY42ao10z&login=auto862804' successfully

2018-09-28 15:56:50 - [MESSAGE][PASSED] - beautytap.GeneralAction.clickEmailLink is PASSED

2018-09-28 15:56:50 - [TEST_STEP][PASSED] - delay: Delayed 20 second(s)

2018-09-28 15:57:10 - [MESSAGE][PASSED] - Delayed 20 second(s)

2018-09-28 15:57:10 - [TEST_STEP][PASSED] - clearText: Text of object 'Object Repository/Page_ForgotPassword/txt_newPassword' is cleared

2018-09-28 15:57:10 - [MESSAGE][PASSED] - Text of object 'Object Repository/Page_ForgotPassword/txt_newPassword' is cleared

2018-09-28 15:57:10 - [TEST_STEP][PASSED] - sendKeys: Keys 'test123' sent to object: 'Object Repository/Page_ForgotPassword/txt_newPassword'

2018-09-28 15:57:11 - [MESSAGE][PASSED] - Keys 'test123' sent to object: 'Object Repository/Page_ForgotPassword/txt_newPassword'

2018-09-28 15:57:11 - [TEST_STEP][PASSED] - click: Object: 'Object Repository/Page_ForgotPassword/btn_resetPassword' is clicked on

2018-09-28 15:57:16 - [MESSAGE][PASSED] - Object: 'Object Repository/Page_ForgotPassword/btn_resetPassword' is clicked on

2018-09-28 15:57:16 - [TEST_STEP][PASSED] - verifyElementPresent: Object 'Object Repository/Page_ForgotPassword/lbl_resetPasswordMessage' is present

2018-09-28 15:57:16 - [MESSAGE][PASSED] - Object 'Object Repository/Page_ForgotPassword/lbl_resetPasswordMessage' is present

2018-09-28 15:57:16 - [TEST_STEP][PASSED] - beautytap.GeneralAction.clickNavigationMenu: beautytap.GeneralAction.clickNavigationMenu is PASSED

2018-09-28 15:57:18 - [MESSAGE][PASSED] - Object: 'Object Repository/Page_General/link_login' is clicked on

2018-09-28 15:57:18 - [MESSAGE][PASSED] - Wait for page load successfully

2018-09-28 15:57:18 - [MESSAGE][PASSED] - beautytap.GeneralAction.clickNavigationMenu is PASSED

2018-09-28 15:57:18 - [TEST_STEP][PASSED] - beautytap.GeneralAction.login: beautytap.GeneralAction.login is PASSED

2018-09-28 15:57:18 - [MESSAGE][PASSED] - Text of object 'Object Repository/Page_login/txt_username' is cleared

2018-09-28 15:57:19 - [MESSAGE][PASSED] - Keys 'auto862804' sent to object: 'Object Repository/Page_login/txt_username'

2018-09-28 15:57:19 - [MESSAGE][PASSED] - Text of object 'Object Repository/Page_login/txt_password' is cleared

2018-09-28 15:57:19 - [MESSAGE][PASSED] - Keys '123456' sent to object: 'Object Repository/Page_login/txt_password'

2018-09-28 15:57:19 - [MESSAGE][PASSED] - Object: 'Object Repository/Page_login/btn_login' is clicked on

2018-09-28 15:57:19 - [MESSAGE][PASSED] - Wait for page load successfully

2018-09-28 15:57:19 - [MESSAGE][PASSED] - beautytap.GeneralAction.login is PASSED

2018-09-28 15:57:19 - [TEST_STEP][PASSED] - verifyElementText: Actual text and expected text of test object 'Object Repository/Page_Login/lbl_errorMessage' are matched.

2018-09-28 15:57:20 - [MESSAGE][PASSED] - Actual text and expected text of test object 'Object Repository/Page_Login/lbl_errorMessage' are matched.

2018-09-28 15:57:20 - [TEST_STEP][PASSED] - beautytap.GeneralAction.login: beautytap.GeneralAction.login is PASSED

2018-09-28 15:57:20 - [MESSAGE][PASSED] - Text of object 'Object Repository/Page_login/txt_username' is cleared

2018-09-28 15:57:20 - [MESSAGE][PASSED] - Keys 'auto862804' sent to object: 'Object Repository/Page_login/txt_username'

2018-09-28 15:57:20 - [MESSAGE][PASSED] - Text of object 'Object Repository/Page_login/txt_password' is cleared

2018-09-28 15:57:20 - [MESSAGE][PASSED] - Keys 'test123' sent to object: 'Object Repository/Page_login/txt_password'

2018-09-28 15:57:20 - [MESSAGE][PASSED] - Object: 'Object Repository/Page_login/btn_login' is clicked on

2018-09-28 15:57:20 - [MESSAGE][PASSED] - Wait for page load successfully

2018-09-28 15:57:20 - [MESSAGE][PASSED] - beautytap.GeneralAction.login is PASSED

2018-09-28 15:57:20 - [TEST_STEP][PASSED] - verifyElementPresent: Object 'Object Repository/Page_General/link_avatar' is present

2018-09-28 15:57:28 - [MESSAGE][PASSED] - Object 'Object Repository/Page_General/link_avatar' is present

2018-09-28 15:57:28 - [TEST_STEP][PASSED] - beautytap.GeneralAction.logout: beautytap.GeneralAction.logout is PASSED

2018-09-28 15:57:28 - [MESSAGE][PASSED] - Object: 'Object Repository/Page_General/link_avatar' is clicked on

2018-09-28 15:57:28 - [MESSAGE][PASSED] - Object 'Object Repository/Page_General/menu_logout' is present

2018-09-28 15:57:28 - [MESSAGE][PASSED] - Object: 'Object Repository/Page_General/menu_logout' is clicked on

2018-09-28 15:57:28 - [MESSAGE][PASSED] - Wait for page load successfully

2018-09-28 15:57:28 - [MESSAGE][PASSED] - beautytap.GeneralAction.logout is PASSED

2018-09-28 15:57:28 - [TEST_STEP][PASSED] - beautytap.GeneralAction.clickNavigationMenu: beautytap.GeneralAction.clickNavigationMenu is PASSED

2018-09-28 15:57:35 - [MESSAGE][PASSED] - Object: 'Object Repository/Page_General/link_login' is clicked on

2018-09-28 15:57:35 - [MESSAGE][PASSED] - Wait for page load successfully

2018-09-28 15:57:35 - [MESSAGE][PASSED] - beautytap.GeneralAction.clickNavigationMenu is PASSED

2018-09-28 15:57:35 - [TEST_STEP][PASSED] - beautytap.GeneralAction.login: beautytap.GeneralAction.login is PASSED

2018-09-28 15:57:35 - [MESSAGE][PASSED] - Text of object 'Object Repository/Page_login/txt_username' is cleared

2018-09-28 15:57:35 - [MESSAGE][PASSED] - Keys 'auto862804@mailinator.com' sent to object: 'Object Repository/Page_login/txt_username'

2018-09-28 15:57:35 - [MESSAGE][PASSED] - Text of object 'Object Repository/Page_login/txt_password' is cleared

2018-09-28 15:57:35 - [MESSAGE][PASSED] - Keys 'test123' sent to object: 'Object Repository/Page_login/txt_password'

2018-09-28 15:57:36 - [MESSAGE][PASSED] - Object: 'Object Repository/Page_login/btn_login' is clicked on

2018-09-28 15:57:36 - [MESSAGE][PASSED] - Wait for page load successfully

2018-09-28 15:57:36 - [MESSAGE][PASSED] - beautytap.GeneralAction.login is PASSED

2018-09-28 15:57:36 - [TEST_STEP][PASSED] - verifyElementPresent: Object 'Object Repository/Page_General/link_avatar' is present

2018-09-28 15:57:43 - [MESSAGE][PASSED] - Object 'Object Repository/Page_General/link_avatar' is present

2018-09-28 15:57:43 - [TEST_STEP][PASSED] - beautytap.GeneralAction.logout: beautytap.GeneralAction.logout is PASSED

2018-09-28 15:57:44 - [MESSAGE][PASSED] - Object: 'Object Repository/Page_General/link_avatar' is clicked on

2018-09-28 15:57:44 - [MESSAGE][PASSED] - Object 'Object Repository/Page_General/menu_logout' is present

2018-09-28 15:57:44 - [MESSAGE][PASSED] - Object: 'Object Repository/Page_General/menu_logout' is clicked on

2018-09-28 15:57:44 - [MESSAGE][PASSED] - Wait for page load successfully

2018-09-28 15:57:45 - [MESSAGE][PASSED] - Browser is closed

2018-09-28 15:57:45 - [MESSAGE][PASSED] - beautytap.GeneralAction.logout is PASSED]]></system-out>
         <system-err><![CDATA[]]></system-err>
      </testcase>
      <testcase name="Test Cases/SignUp_Login_ResetPass/TC02_SignUp_Login_ViaFacebookEmail_NewUser_OldUser" classname="Test Cases/SignUp_Login_ResetPass/TC02_SignUp_Login_ViaFacebookEmail_NewUser_OldUser" status="PASSED">
         <system-out><![CDATA[2018-09-28 15:57:47 - [TEST_CASE][PASSED] - Test Cases/SignUp_Login_ResetPass/TC02_SignUp_Login_ViaFacebookEmail_NewUser_OldUser: Test Cases/SignUp_Login_ResetPass/TC02_SignUp_Login_ViaFacebookEmail_NewUser_OldUser

2018-09-28 15:57:47 - [TEST_STEP][PASSED] - beautytap.AdminAction.deleteUser: beautytap.AdminAction.deleteUser is PASSED

2018-09-28 15:57:54 - [MESSAGE][PASSED] - Browser is opened with url: 'https://stage.beautytap.com/login'

2018-09-28 15:57:55 - [MESSAGE][PASSED] - Current window maximized

2018-09-28 15:57:55 - [MESSAGE][PASSED] - Text of object 'Object Repository/Page_login/txt_username' is cleared

2018-09-28 15:57:56 - [MESSAGE][PASSED] - Keys 'mrwhite' sent to object: 'Object Repository/Page_login/txt_username'

2018-09-28 15:57:56 - [MESSAGE][PASSED] - Text of object 'Object Repository/Page_login/txt_password' is cleared

2018-09-28 15:57:56 - [MESSAGE][PASSED] - Keys 'kgySM$Im' sent to object: 'Object Repository/Page_login/txt_password'

2018-09-28 15:57:56 - [MESSAGE][PASSED] - Object: 'Object Repository/Page_login/btn_login' is clicked on

2018-09-28 15:57:56 - [MESSAGE][PASSED] - Wait for page load successfully

2018-09-28 15:57:56 - [MESSAGE][PASSED] - Wait for page load successfully

2018-09-28 15:58:03 - [MESSAGE][PASSED] - Navigate to 'https://stage.beautytap.com/admin' successfully

2018-09-28 15:58:03 - [MESSAGE][PASSED] - Wait for page load successfully

2018-09-28 15:58:09 - [MESSAGE][PASSED] - Object: 'Object Repository/Page_Admin/menu_users' is clicked on

2018-09-28 15:58:09 - [MESSAGE][PASSED] - Wait for page load successfully

2018-09-28 15:58:09 - [MESSAGE][PASSED] - Text of object 'Object Repository/Page_Admin/txt_searchUser' is cleared

2018-09-28 15:58:10 - [MESSAGE][PASSED] - Keys 'g5.posiba@gmail.com' sent to object: 'Object Repository/Page_Admin/txt_searchUser'

2018-09-28 15:58:13 - [MESSAGE][PASSED] - Object: 'Object Repository/Page_Admin/btn_searchUser' is clicked on

2018-09-28 15:58:13 - [MESSAGE][PASSED] - Wait for page load successfully

2018-09-28 15:58:13 - [MESSAGE][PASSED] - Text of object '' is: 'g5.posiba@gmail.com'

2018-09-28 15:58:13 - [MESSAGE][PASSED] - Attribute 'id' of object '' is: 'user-64405'

2018-09-28 15:58:13 - [MESSAGE][PASSED] - Object: '' is hovered

2018-09-28 15:58:18 - [MESSAGE][PASSED] - Delayed 5 second(s)

2018-09-28 15:58:20 - [MESSAGE][PASSED] - Object: '' is clicked on

2018-09-28 15:58:21 - [MESSAGE][FAILED] - No alert found
[[ATTACHMENT|E:\\BeautytapAutomation\\beautytapAuto\\Beautytap\\Reports\\Regression\\20180928_155453\\1538125100770.png]]

2018-09-28 15:58:21 - [MESSAGE][FAILED] - Unable to accept alert (Root cause: No alert found)
[[ATTACHMENT|E:\\BeautytapAutomation\\beautytapAuto\\Beautytap\\Reports\\Regression\\20180928_155453\\1538125101088.png]]

2018-09-28 15:58:22 - [MESSAGE][PASSED] - Browser is closed

2018-09-28 15:58:22 - [MESSAGE][PASSED] - beautytap.AdminAction.deleteUser is PASSED

2018-09-28 15:58:22 - [TEST_STEP][PASSED] - beautytap.GeneralAction.openBeautytap: beautytap.GeneralAction.openBeautytap is PASSED

2018-09-28 15:58:36 - [MESSAGE][PASSED] - Browser is opened with url: 'https://stage.beautytap.com'

2018-09-28 15:58:37 - [MESSAGE][PASSED] - Current window maximized

2018-09-28 15:58:41 - [MESSAGE][PASSED] - Refresh successfully

2018-09-28 15:58:41 - [MESSAGE][PASSED] - Wait for page load successfully

2018-09-28 15:58:41 - [MESSAGE][PASSED] - beautytap.GeneralAction.openBeautytap is PASSED

2018-09-28 15:58:41 - [TEST_STEP][PASSED] - beautytap.GeneralAction.clickNavigationMenu: beautytap.GeneralAction.clickNavigationMenu is PASSED

2018-09-28 15:58:43 - [MESSAGE][PASSED] - Object: 'Object Repository/Page_General/link_signup' is clicked on

2018-09-28 15:58:43 - [MESSAGE][PASSED] - Wait for page load successfully

2018-09-28 15:58:43 - [MESSAGE][PASSED] - beautytap.GeneralAction.clickNavigationMenu is PASSED

2018-09-28 15:58:43 - [TEST_STEP][PASSED] - beautytap.GeneralAction.signupViaFacebook: beautytap.GeneralAction.signupViaFacebook is PASSED

2018-09-28 15:58:43 - [MESSAGE][PASSED] - Object: 'Object Repository/Page_Signup/btn_signupFB' is clicked on

2018-09-28 15:58:43 - [MESSAGE][PASSED] - Switched to window with index: '1'

2018-09-28 15:58:45 - [MESSAGE][PASSED] - Keys 'g5.posiba@gmail.com' sent to object: 'Object Repository/Popup_FacebookLogin/txt_email'

2018-09-28 15:58:45 - [MESSAGE][PASSED] - Keys 'posiba123' sent to object: 'Object Repository/Popup_FacebookLogin/txt_password'

2018-09-28 15:58:47 - [MESSAGE][PASSED] - Object: 'Object Repository/Popup_FacebookLogin/btn_login' is clicked on

2018-09-28 15:58:49 - [MESSAGE][WARNING] - Cannot take screenshot

2018-09-28 15:58:49 - [MESSAGE][FAILED] - Unable to get text of object 'Object Repository/Popup_FacebookLogin/btn_confirmPermission' (Root cause: org.openqa.selenium.NoSuchWindowException: no such window: window was already closed
  (Session info: chrome=69.0.3497.100)
  (Driver info: chromedriver=2.35.528161 (5b82f2d2aae0ca24b877009200ced9065a772e73),platform=Windows NT 10.0.17134 x86_64) (WARNING: The server did not provide any stacktrace information)
Command duration or timeout: 0 milliseconds
Build info: version: '3.7.1', revision: '8a0099a', time: '2017-11-06T21:07:36.161Z'
System info: host: 'DESKTOP-G1UHP65', ip: '192.168.1.8', os.name: 'Windows 10', os.arch: 'amd64', os.version: '10.0', java.version: '1.8.0_102'
Driver info: com.kms.katalon.selenium.driver.CChromeDriver
Capabilities {acceptInsecureCerts: false, acceptSslCerts: false, applicationCacheEnabled: false, browserConnectionEnabled: false, browserName: chrome, chrome: {chromedriverVersion: 2.35.528161 (5b82f2d2aae0ca..., userDataDir: C:\Users\TRANGN~1\AppData\L...}, cssSelectorsEnabled: true, databaseEnabled: false, handlesAlerts: true, hasTouchScreen: false, javascriptEnabled: true, locationContextEnabled: true, mobileEmulationEnabled: false, nativeEvents: true, networkConnectionEnabled: false, pageLoadStrategy: normal, platform: XP, platformName: XP, rotatable: false, setWindowRect: true, takesHeapSnapshot: true, takesScreenshot: true, unexpectedAlertBehaviour: , unhandledPromptBehavior: , version: 69.0.3497.100, webStorageEnabled: true}
Session ID: 57731c9562b705af0cdcd4f2a3332a15
*** Element info: {Using=xpath, value=//button[contains(@class,'layerConfirm') and contains(@name,'CONFIRM')]})

2018-09-28 15:58:49 - [MESSAGE][PASSED] - Switched to window with index: '0'

2018-09-28 15:59:04 - [MESSAGE][PASSED] - Delayed 15 second(s)

2018-09-28 15:59:04 - [MESSAGE][PASSED] - Wait for page load successfully

2018-09-28 15:59:04 - [MESSAGE][PASSED] - beautytap.GeneralAction.signupViaFacebook is PASSED

2018-09-28 15:59:04 - [TEST_STEP][PASSED] - verifyElementPresent: Object 'Object Repository/Page_General/link_avatar' is present

2018-09-28 15:59:04 - [MESSAGE][PASSED] - Object 'Object Repository/Page_General/link_avatar' is present

2018-09-28 15:59:04 - [TEST_STEP][PASSED] - beautytap.GeneralAction.logout: beautytap.GeneralAction.logout is PASSED

2018-09-28 15:59:04 - [MESSAGE][PASSED] - Object: 'Object Repository/Page_General/link_avatar' is clicked on

2018-09-28 15:59:04 - [MESSAGE][PASSED] - Object 'Object Repository/Page_General/menu_logout' is present

2018-09-28 15:59:04 - [MESSAGE][PASSED] - Object: 'Object Repository/Page_General/menu_logout' is clicked on

2018-09-28 15:59:04 - [MESSAGE][PASSED] - Wait for page load successfully

2018-09-28 15:59:05 - [MESSAGE][PASSED] - Browser is closed

2018-09-28 15:59:05 - [MESSAGE][PASSED] - beautytap.GeneralAction.logout is PASSED

2018-09-28 15:59:05 - [TEST_STEP][PASSED] - beautytap.AdminAction.deleteUser: beautytap.AdminAction.deleteUser is PASSED

2018-09-28 15:59:12 - [MESSAGE][PASSED] - Browser is opened with url: 'https://stage.beautytap.com/login'

2018-09-28 15:59:14 - [MESSAGE][PASSED] - Current window maximized

2018-09-28 15:59:14 - [MESSAGE][PASSED] - Text of object 'Object Repository/Page_login/txt_username' is cleared

2018-09-28 15:59:14 - [MESSAGE][PASSED] - Keys 'mrwhite' sent to object: 'Object Repository/Page_login/txt_username'

2018-09-28 15:59:14 - [MESSAGE][PASSED] - Text of object 'Object Repository/Page_login/txt_password' is cleared

2018-09-28 15:59:14 - [MESSAGE][PASSED] - Keys 'kgySM$Im' sent to object: 'Object Repository/Page_login/txt_password'

2018-09-28 15:59:14 - [MESSAGE][PASSED] - Object: 'Object Repository/Page_login/btn_login' is clicked on

2018-09-28 15:59:14 - [MESSAGE][PASSED] - Wait for page load successfully

2018-09-28 15:59:14 - [MESSAGE][PASSED] - Wait for page load successfully

2018-09-28 15:59:21 - [MESSAGE][PASSED] - Navigate to 'https://stage.beautytap.com/admin' successfully

2018-09-28 15:59:21 - [MESSAGE][PASSED] - Wait for page load successfully

2018-09-28 15:59:27 - [MESSAGE][PASSED] - Object: 'Object Repository/Page_Admin/menu_users' is clicked on

2018-09-28 15:59:27 - [MESSAGE][PASSED] - Wait for page load successfully

2018-09-28 15:59:28 - [MESSAGE][PASSED] - Text of object 'Object Repository/Page_Admin/txt_searchUser' is cleared

2018-09-28 15:59:28 - [MESSAGE][PASSED] - Keys 'g5.posiba@gmail.com' sent to object: 'Object Repository/Page_Admin/txt_searchUser'

2018-09-28 15:59:31 - [MESSAGE][PASSED] - Object: 'Object Repository/Page_Admin/btn_searchUser' is clicked on

2018-09-28 15:59:31 - [MESSAGE][PASSED] - Wait for page load successfully

2018-09-28 15:59:31 - [MESSAGE][PASSED] - Text of object '' is: 'g5.posiba@gmail.com'

2018-09-28 15:59:31 - [MESSAGE][PASSED] - Attribute 'id' of object '' is: 'user-64405'

2018-09-28 15:59:31 - [MESSAGE][PASSED] - Object: '' is hovered

2018-09-28 15:59:36 - [MESSAGE][PASSED] - Delayed 5 second(s)

2018-09-28 15:59:38 - [MESSAGE][PASSED] - Object: '' is clicked on

2018-09-28 15:59:39 - [MESSAGE][FAILED] - No alert found
[[ATTACHMENT|E:\\BeautytapAutomation\\beautytapAuto\\Beautytap\\Reports\\Regression\\20180928_155453\\1538125178754.png]]

2018-09-28 15:59:39 - [MESSAGE][FAILED] - Unable to accept alert (Root cause: No alert found)
[[ATTACHMENT|E:\\BeautytapAutomation\\beautytapAuto\\Beautytap\\Reports\\Regression\\20180928_155453\\1538125179066.png]]

2018-09-28 15:59:40 - [MESSAGE][PASSED] - Browser is closed

2018-09-28 15:59:40 - [MESSAGE][PASSED] - beautytap.AdminAction.deleteUser is PASSED

2018-09-28 15:59:40 - [TEST_STEP][PASSED] - beautytap.GeneralAction.openBeautytap: beautytap.GeneralAction.openBeautytap is PASSED

2018-09-28 15:59:55 - [MESSAGE][PASSED] - Browser is opened with url: 'https://stage.beautytap.com'

2018-09-28 15:59:56 - [MESSAGE][PASSED] - Current window maximized

2018-09-28 16:00:00 - [MESSAGE][PASSED] - Refresh successfully

2018-09-28 16:00:00 - [MESSAGE][PASSED] - Wait for page load successfully

2018-09-28 16:00:00 - [MESSAGE][PASSED] - beautytap.GeneralAction.openBeautytap is PASSED

2018-09-28 16:00:00 - [TEST_STEP][PASSED] - beautytap.GeneralAction.clickNavigationMenu: beautytap.GeneralAction.clickNavigationMenu is PASSED

2018-09-28 16:00:02 - [MESSAGE][PASSED] - Object: 'Object Repository/Page_General/link_login' is clicked on

2018-09-28 16:00:02 - [MESSAGE][PASSED] - Wait for page load successfully

2018-09-28 16:00:02 - [MESSAGE][PASSED] - beautytap.GeneralAction.clickNavigationMenu is PASSED

2018-09-28 16:00:02 - [TEST_STEP][PASSED] - beautytap.GeneralAction.login: beautytap.GeneralAction.login is PASSED

2018-09-28 16:00:02 - [MESSAGE][PASSED] - Object: 'Object Repository/Page_Login/btn_loginFB' is clicked on

2018-09-28 16:00:02 - [MESSAGE][PASSED] - Switched to window with index: '1'

2018-09-28 16:00:04 - [MESSAGE][PASSED] - Object 'Object Repository/Popup_FacebookLogin/txt_email' is visible

2018-09-28 16:00:04 - [MESSAGE][PASSED] - Keys 'g5.posiba@gmail.com' sent to object: 'Object Repository/Popup_FacebookLogin/txt_email'

2018-09-28 16:00:04 - [MESSAGE][PASSED] - Keys 'posiba123' sent to object: 'Object Repository/Popup_FacebookLogin/txt_password'

2018-09-28 16:00:06 - [MESSAGE][PASSED] - Object: 'Object Repository/Popup_FacebookLogin/btn_login' is clicked on

2018-09-28 16:00:06 - [MESSAGE][PASSED] - Switched to window with index: '0'

2018-09-28 16:00:06 - [MESSAGE][PASSED] - Wait for page load successfully

2018-09-28 16:00:06 - [MESSAGE][PASSED] - beautytap.GeneralAction.login is PASSED

2018-09-28 16:00:06 - [TEST_STEP][PASSED] - verifyElementPresent: Object 'Object Repository/Page_General/link_avatar' is present

2018-09-28 16:00:15 - [MESSAGE][PASSED] - Object 'Object Repository/Page_General/link_avatar' is present

2018-09-28 16:00:15 - [TEST_STEP][PASSED] - beautytap.GeneralAction.logout: beautytap.GeneralAction.logout is PASSED

2018-09-28 16:00:15 - [MESSAGE][PASSED] - Object: 'Object Repository/Page_General/link_avatar' is clicked on

2018-09-28 16:00:15 - [MESSAGE][PASSED] - Object 'Object Repository/Page_General/menu_logout' is present

2018-09-28 16:00:15 - [MESSAGE][PASSED] - Object: 'Object Repository/Page_General/menu_logout' is clicked on

2018-09-28 16:00:15 - [MESSAGE][PASSED] - Wait for page load successfully

2018-09-28 16:00:16 - [MESSAGE][PASSED] - Browser is closed

2018-09-28 16:00:16 - [MESSAGE][PASSED] - beautytap.GeneralAction.logout is PASSED

2018-09-28 16:00:16 - [TEST_STEP][PASSED] - beautytap.GeneralAction.openBeautytap: beautytap.GeneralAction.openBeautytap is PASSED

2018-09-28 16:00:27 - [MESSAGE][PASSED] - Browser is opened with url: 'https://stage.beautytap.com'

2018-09-28 16:00:28 - [MESSAGE][PASSED] - Current window maximized

2018-09-28 16:00:32 - [MESSAGE][PASSED] - Refresh successfully

2018-09-28 16:00:32 - [MESSAGE][PASSED] - Wait for page load successfully

2018-09-28 16:00:32 - [MESSAGE][PASSED] - beautytap.GeneralAction.openBeautytap is PASSED

2018-09-28 16:00:32 - [TEST_STEP][PASSED] - beautytap.GeneralAction.clickNavigationMenu: beautytap.GeneralAction.clickNavigationMenu is PASSED

2018-09-28 16:00:34 - [MESSAGE][PASSED] - Object: 'Object Repository/Page_General/link_signup' is clicked on

2018-09-28 16:00:34 - [MESSAGE][PASSED] - Wait for page load successfully

2018-09-28 16:00:34 - [MESSAGE][PASSED] - beautytap.GeneralAction.clickNavigationMenu is PASSED

2018-09-28 16:00:34 - [TEST_STEP][PASSED] - beautytap.GeneralAction.signupViaFacebook: beautytap.GeneralAction.signupViaFacebook is PASSED

2018-09-28 16:00:35 - [MESSAGE][PASSED] - Object: 'Object Repository/Page_Signup/btn_signupFB' is clicked on

2018-09-28 16:00:35 - [MESSAGE][PASSED] - Switched to window with index: '1'

2018-09-28 16:00:36 - [MESSAGE][PASSED] - Keys 'g5.posiba@gmail.com' sent to object: 'Object Repository/Popup_FacebookLogin/txt_email'

2018-09-28 16:00:36 - [MESSAGE][PASSED] - Keys 'posiba123' sent to object: 'Object Repository/Popup_FacebookLogin/txt_password'

2018-09-28 16:00:38 - [MESSAGE][PASSED] - Object: 'Object Repository/Popup_FacebookLogin/btn_login' is clicked on

2018-09-28 16:00:40 - [MESSAGE][WARNING] - Cannot take screenshot

2018-09-28 16:00:40 - [MESSAGE][FAILED] - Unable to get text of object 'Object Repository/Popup_FacebookLogin/btn_confirmPermission' (Root cause: org.openqa.selenium.NoSuchWindowException: no such window: window was already closed
  (Session info: chrome=69.0.3497.100)
  (Driver info: chromedriver=2.35.528161 (5b82f2d2aae0ca24b877009200ced9065a772e73),platform=Windows NT 10.0.17134 x86_64) (WARNING: The server did not provide any stacktrace information)
Command duration or timeout: 0 milliseconds
Build info: version: '3.7.1', revision: '8a0099a', time: '2017-11-06T21:07:36.161Z'
System info: host: 'DESKTOP-G1UHP65', ip: '192.168.1.8', os.name: 'Windows 10', os.arch: 'amd64', os.version: '10.0', java.version: '1.8.0_102'
Driver info: com.kms.katalon.selenium.driver.CChromeDriver
Capabilities {acceptInsecureCerts: false, acceptSslCerts: false, applicationCacheEnabled: false, browserConnectionEnabled: false, browserName: chrome, chrome: {chromedriverVersion: 2.35.528161 (5b82f2d2aae0ca..., userDataDir: C:\Users\TRANGN~1\AppData\L...}, cssSelectorsEnabled: true, databaseEnabled: false, handlesAlerts: true, hasTouchScreen: false, javascriptEnabled: true, locationContextEnabled: true, mobileEmulationEnabled: false, nativeEvents: true, networkConnectionEnabled: false, pageLoadStrategy: normal, platform: XP, platformName: XP, rotatable: false, setWindowRect: true, takesHeapSnapshot: true, takesScreenshot: true, unexpectedAlertBehaviour: , unhandledPromptBehavior: , version: 69.0.3497.100, webStorageEnabled: true}
Session ID: 9201fb31ca01800852f5951318b8b360
*** Element info: {Using=xpath, value=//button[contains(@class,'layerConfirm') and contains(@name,'CONFIRM')]})

2018-09-28 16:00:40 - [MESSAGE][PASSED] - Switched to window with index: '0'

2018-09-28 16:00:55 - [MESSAGE][PASSED] - Delayed 15 second(s)

2018-09-28 16:00:55 - [MESSAGE][PASSED] - Wait for page load successfully

2018-09-28 16:00:55 - [MESSAGE][PASSED] - beautytap.GeneralAction.signupViaFacebook is PASSED

2018-09-28 16:00:55 - [TEST_STEP][PASSED] - verifyElementPresent: Object 'Object Repository/Page_General/link_avatar' is present

2018-09-28 16:00:55 - [MESSAGE][PASSED] - Object 'Object Repository/Page_General/link_avatar' is present

2018-09-28 16:00:55 - [TEST_STEP][PASSED] - beautytap.GeneralAction.logout: beautytap.GeneralAction.logout is PASSED

2018-09-28 16:00:55 - [MESSAGE][PASSED] - Object: 'Object Repository/Page_General/link_avatar' is clicked on

2018-09-28 16:00:55 - [MESSAGE][PASSED] - Object 'Object Repository/Page_General/menu_logout' is present

2018-09-28 16:00:55 - [MESSAGE][PASSED] - Object: 'Object Repository/Page_General/menu_logout' is clicked on

2018-09-28 16:00:55 - [MESSAGE][PASSED] - Wait for page load successfully

2018-09-28 16:00:56 - [MESSAGE][PASSED] - Browser is closed

2018-09-28 16:00:56 - [MESSAGE][PASSED] - beautytap.GeneralAction.logout is PASSED

2018-09-28 16:00:56 - [TEST_STEP][PASSED] - beautytap.GeneralAction.openBeautytap: beautytap.GeneralAction.openBeautytap is PASSED

2018-09-28 16:01:06 - [MESSAGE][PASSED] - Browser is opened with url: 'https://stage.beautytap.com'

2018-09-28 16:01:08 - [MESSAGE][PASSED] - Current window maximized

2018-09-28 16:01:12 - [MESSAGE][PASSED] - Refresh successfully

2018-09-28 16:01:12 - [MESSAGE][PASSED] - Wait for page load successfully

2018-09-28 16:01:12 - [MESSAGE][PASSED] - beautytap.GeneralAction.openBeautytap is PASSED

2018-09-28 16:01:12 - [TEST_STEP][PASSED] - beautytap.GeneralAction.clickNavigationMenu: beautytap.GeneralAction.clickNavigationMenu is PASSED

2018-09-28 16:01:15 - [MESSAGE][PASSED] - Object: 'Object Repository/Page_General/link_login' is clicked on

2018-09-28 16:01:15 - [MESSAGE][PASSED] - Wait for page load successfully

2018-09-28 16:01:15 - [MESSAGE][PASSED] - beautytap.GeneralAction.clickNavigationMenu is PASSED

2018-09-28 16:01:15 - [TEST_STEP][PASSED] - beautytap.GeneralAction.login: beautytap.GeneralAction.login is PASSED

2018-09-28 16:01:15 - [MESSAGE][PASSED] - Object: 'Object Repository/Page_Login/btn_loginFB' is clicked on

2018-09-28 16:01:15 - [MESSAGE][PASSED] - Switched to window with index: '1'

2018-09-28 16:01:16 - [MESSAGE][PASSED] - Object 'Object Repository/Popup_FacebookLogin/txt_email' is visible

2018-09-28 16:01:17 - [MESSAGE][PASSED] - Keys 'g5.posiba@gmail.com' sent to object: 'Object Repository/Popup_FacebookLogin/txt_email'

2018-09-28 16:01:17 - [MESSAGE][PASSED] - Keys 'posiba123' sent to object: 'Object Repository/Popup_FacebookLogin/txt_password'

2018-09-28 16:01:19 - [MESSAGE][PASSED] - Object: 'Object Repository/Popup_FacebookLogin/btn_login' is clicked on

2018-09-28 16:01:19 - [MESSAGE][PASSED] - Switched to window with index: '0'

2018-09-28 16:01:19 - [MESSAGE][PASSED] - Wait for page load successfully

2018-09-28 16:01:19 - [MESSAGE][PASSED] - beautytap.GeneralAction.login is PASSED

2018-09-28 16:01:19 - [TEST_STEP][PASSED] - verifyElementPresent: Object 'Object Repository/Page_General/link_avatar' is present

2018-09-28 16:01:28 - [MESSAGE][PASSED] - Object 'Object Repository/Page_General/link_avatar' is present

2018-09-28 16:01:28 - [TEST_STEP][PASSED] - beautytap.GeneralAction.logout: beautytap.GeneralAction.logout is PASSED

2018-09-28 16:01:28 - [MESSAGE][PASSED] - Object: 'Object Repository/Page_General/link_avatar' is clicked on

2018-09-28 16:01:28 - [MESSAGE][PASSED] - Object 'Object Repository/Page_General/menu_logout' is present

2018-09-28 16:01:28 - [MESSAGE][PASSED] - Object: 'Object Repository/Page_General/menu_logout' is clicked on

2018-09-28 16:01:28 - [MESSAGE][PASSED] - Wait for page load successfully

2018-09-28 16:01:29 - [MESSAGE][PASSED] - Browser is closed

2018-09-28 16:01:29 - [MESSAGE][PASSED] - beautytap.GeneralAction.logout is PASSED]]></system-out>
         <system-err><![CDATA[]]></system-err>
      </testcase>
      <testcase name="Test Cases/Shop/TC07_BuyProduct_EarnPendingPoint_EarnRedeemablePoint" classname="Test Cases/Shop/TC07_BuyProduct_EarnPendingPoint_EarnRedeemablePoint" status="PASSED">
         <system-out><![CDATA[2018-09-28 16:01:31 - [TEST_CASE][PASSED] - Test Cases/Shop/TC07_BuyProduct_EarnPendingPoint_EarnRedeemablePoint: Test Cases/Shop/TC07_BuyProduct_EarnPendingPoint_EarnRedeemablePoint

2018-09-28 16:01:32 - [TEST_STEP][PASSED] - Statement - username = USER_EMAIL: null

2018-09-28 16:01:32 - [TEST_STEP][PASSED] - Statement - password = USER_PASSWORD: null

2018-09-28 16:01:32 - [TEST_STEP][PASSED] - Statement - productName = SIMPLE_PRODUCT: null

2018-09-28 16:01:32 - [TEST_STEP][PASSED] - Statement - price = SIMPLE_PRODUCT_PRICE: null

2018-09-28 16:01:32 - [TEST_STEP][PASSED] - Statement - quantity = 3: null

2018-09-28 16:01:32 - [TEST_STEP][PASSED] - Statement - shippingLabel = FREE_SHIPPING_LABEL: null

2018-09-28 16:01:32 - [TEST_STEP][PASSED] - Statement - shippingPrice = 0: null

2018-09-28 16:01:32 - [TEST_STEP][PASSED] - Statement - subtotal = CustomKeywords.beautytap.ShopAction.calculateTotal(quantity, price): beautytap.ShopAction.calculateTotal is PASSED

2018-09-28 16:01:32 - [MESSAGE][PASSED] - beautytap.ShopAction.calculateTotal is PASSED

2018-09-28 16:01:32 - [TEST_STEP][PASSED] - Statement - total = subtotal + shippingPrice: null

2018-09-28 16:01:32 - [TEST_STEP][PASSED] - Statement - products = new org.json.JSONArray((((((([{"productname":" + productName) + ","variation":"","quantity":") + quantity) + ","price":") + price) + "}])): null

2018-09-28 16:01:32 - [TEST_STEP][PASSED] - Statement - billingInformation = new org.json.JSONObject((({"firstname":"Test","lastname":"Automation","country":"United States (US)","address":"123 Testing","city":"New York","state":"New York","zip":"90012","email":" + username) + "})): null

2018-09-28 16:01:32 - [TEST_STEP][PASSED] - Statement - paymentMethod = "PayPal": null

2018-09-28 16:01:32 - [TEST_STEP][PASSED] - beautytap.GeneralAction.openBeautytap: beautytap.GeneralAction.openBeautytap is PASSED

2018-09-28 16:01:41 - [MESSAGE][PASSED] - Browser is opened with url: 'https://stage.beautytap.com'

2018-09-28 16:01:42 - [MESSAGE][PASSED] - Current window maximized

2018-09-28 16:01:46 - [MESSAGE][PASSED] - Refresh successfully

2018-09-28 16:01:46 - [MESSAGE][PASSED] - Wait for page load successfully

2018-09-28 16:01:46 - [MESSAGE][PASSED] - beautytap.GeneralAction.openBeautytap is PASSED

2018-09-28 16:01:46 - [TEST_STEP][PASSED] - beautytap.GeneralAction.clickNavigationMenu: beautytap.GeneralAction.clickNavigationMenu is PASSED

2018-09-28 16:01:48 - [MESSAGE][PASSED] - Object: 'Object Repository/Page_General/link_login' is clicked on

2018-09-28 16:01:48 - [MESSAGE][PASSED] - Wait for page load successfully

2018-09-28 16:01:48 - [MESSAGE][PASSED] - beautytap.GeneralAction.clickNavigationMenu is PASSED

2018-09-28 16:01:48 - [TEST_STEP][PASSED] - beautytap.GeneralAction.login: beautytap.GeneralAction.login is PASSED

2018-09-28 16:01:48 - [MESSAGE][PASSED] - Text of object 'Object Repository/Page_login/txt_username' is cleared

2018-09-28 16:01:48 - [MESSAGE][PASSED] - Keys 'trang2408@mailinator.com' sent to object: 'Object Repository/Page_login/txt_username'

2018-09-28 16:01:48 - [MESSAGE][PASSED] - Text of object 'Object Repository/Page_login/txt_password' is cleared

2018-09-28 16:01:49 - [MESSAGE][PASSED] - Keys '123456' sent to object: 'Object Repository/Page_login/txt_password'

2018-09-28 16:01:49 - [MESSAGE][PASSED] - Object: 'Object Repository/Page_login/btn_login' is clicked on

2018-09-28 16:01:49 - [MESSAGE][PASSED] - Wait for page load successfully

2018-09-28 16:01:49 - [MESSAGE][PASSED] - beautytap.GeneralAction.login is PASSED

2018-09-28 16:01:49 - [TEST_STEP][PASSED] - beautytap.GeneralAction.selectProfileMenu: beautytap.GeneralAction.selectProfileMenu is PASSED

2018-09-28 16:01:57 - [MESSAGE][PASSED] - Object: 'Object Repository/Page_General/link_avatar' is clicked on

2018-09-28 16:01:59 - [MESSAGE][PASSED] - Delayed 2 second(s)

2018-09-28 16:02:02 - [MESSAGE][PASSED] - Object: '' is clicked on

2018-09-28 16:02:02 - [MESSAGE][PASSED] - Wait for page load successfully

2018-09-28 16:02:02 - [MESSAGE][PASSED] - beautytap.GeneralAction.selectProfileMenu is PASSED

2018-09-28 16:02:02 - [TEST_STEP][PASSED] - Statement - objReward = CustomKeywords.beautytap.ShopAction.getRewardDetails(): beautytap.ShopAction.getRewardDetails is PASSED

2018-09-28 16:02:02 - [MESSAGE][PASSED] - Text of object '' is: '1.1 x Rewards Multiplier!'

2018-09-28 16:02:03 - [MESSAGE][PASSED] - Text of object '' is: '1.1 x Rewards Multiplier!'

2018-09-28 16:02:03 - [MESSAGE][PASSED] - Text of object '' is: '7163.87'

2018-09-28 16:02:03 - [MESSAGE][PASSED] - Text of object '' is: '3162.38'

2018-09-28 16:02:03 - [MESSAGE][PASSED] - Text of object '' is: '4493.87'

2018-09-28 16:02:03 - [MESSAGE][PASSED] - Text of object '' is: '$237.00'

2018-09-28 16:02:03 - [MESSAGE][PASSED] - Text of object '' is: 'Beauty Bae'

2018-09-28 16:02:03 - [MESSAGE][PASSED] - beautytap.ShopAction.getRewardDetails is PASSED

2018-09-28 16:02:03 - [TEST_STEP][PASSED] - Statement - multiplier = java.lang.Float.parseFloat(objReward.get("multiplier")): null

2018-09-28 16:02:03 - [TEST_STEP][PASSED] - Statement - currentlevel = objReward.get("currentlevel"): null

2018-09-28 16:02:03 - [TEST_STEP][PASSED] - Statement - lifetime = java.lang.Float.parseFloat(objReward.get("lifetime")): null

2018-09-28 16:02:03 - [TEST_STEP][PASSED] - Statement - pending = java.lang.Float.parseFloat(objReward.get("pending")): null

2018-09-28 16:02:03 - [TEST_STEP][PASSED] - Statement - redeemable = java.lang.Float.parseFloat(objReward.get("redeemable")): null

2018-09-28 16:02:03 - [TEST_STEP][PASSED] - Statement - pointvalue = java.lang.Float.parseFloat(objReward.get("pointvalue")): null

2018-09-28 16:02:03 - [TEST_STEP][PASSED] - Statement - rewardEarned = java.lang.Float.parseFloat(java.lang.String.format("%.2f", multiplier * subtotal)): null

2018-09-28 16:02:03 - [TEST_STEP][PASSED] - Statement - notificationMessage = "You received " + rewardEarned + " redeemable points": null

2018-09-28 16:02:03 - [TEST_STEP][PASSED] - beautytap.ShopAction.globalSearch: beautytap.ShopAction.globalSearch is PASSED

2018-09-28 16:02:03 - [MESSAGE][PASSED] - Object: 'Object Repository/Page_General/icon_search' is clicked on

2018-09-28 16:02:08 - [MESSAGE][PASSED] - Delayed 5 second(s)

2018-09-28 16:02:08 - [MESSAGE][PASSED] - Text of object 'Object Repository/Page_General/txt_search' is cleared

2018-09-28 16:02:09 - [MESSAGE][PASSED] - Keys 'CONTROL + v' sent to object: 'Object Repository/Page_General/txt_search'

2018-09-28 16:02:10 - [MESSAGE][PASSED] - Object 'Object Repository/Page_General/div_searchResult' is present

2018-09-28 16:02:10 - [MESSAGE][PASSED] - beautytap.ShopAction.globalSearch is PASSED

2018-09-28 16:02:10 - [TEST_STEP][PASSED] - beautytap.ShopAction.selectProductOnSearchResult: beautytap.ShopAction.selectProductOnSearchResult is PASSED

2018-09-28 16:02:17 - [MESSAGE][PASSED] - Object: '' is clicked on

2018-09-28 16:02:17 - [MESSAGE][PASSED] - Wait for page load successfully

2018-09-28 16:02:17 - [MESSAGE][PASSED] - beautytap.ShopAction.selectProductOnSearchResult is PASSED

2018-09-28 16:02:17 - [TEST_STEP][PASSED] - beautytap.ShopAction.addProductToCart: beautytap.ShopAction.addProductToCart is PASSED

2018-09-28 16:02:17 - [MESSAGE][PASSED] - Text of object 'Object Repository/Page_Shop/txt_quantity' is cleared

2018-09-28 16:02:17 - [MESSAGE][PASSED] - Keys '3' sent to object: 'Object Repository/Page_Shop/txt_quantity'

2018-09-28 16:02:17 - [MESSAGE][PASSED] - Object: 'Object Repository/Page_Shop/btn_addToCart' is clicked on

2018-09-28 16:02:17 - [MESSAGE][PASSED] - Wait for page load successfully

2018-09-28 16:02:22 - [MESSAGE][PASSED] - Object 'Object Repository/Page_Shop/lbl_message' is present

2018-09-28 16:02:22 - [MESSAGE][PASSED] - beautytap.ShopAction.addProductToCart is PASSED

2018-09-28 16:02:22 - [TEST_STEP][PASSED] - beautytap.ShopAction.goToCart: beautytap.ShopAction.goToCart is PASSED

2018-09-28 16:02:22 - [MESSAGE][PASSED] - Object 'Object Repository/Page_General/icon_cart' is present

2018-09-28 16:02:26 - [MESSAGE][PASSED] - Object: 'Object Repository/Page_General/icon_cart' is clicked on

2018-09-28 16:02:26 - [MESSAGE][PASSED] - Wait for page load successfully

2018-09-28 16:02:26 - [MESSAGE][PASSED] - beautytap.ShopAction.goToCart is PASSED

2018-09-28 16:02:26 - [TEST_STEP][PASSED] - beautytap.ShopAction.processToCheckout: beautytap.ShopAction.processToCheckout is PASSED

2018-09-28 16:02:30 - [MESSAGE][PASSED] - Object: 'Object Repository/Page_Cart/btn_checkout' is clicked on

2018-09-28 16:02:30 - [MESSAGE][PASSED] - Wait for page load successfully

2018-09-28 16:02:30 - [MESSAGE][PASSED] - beautytap.ShopAction.processToCheckout is PASSED

2018-09-28 16:02:30 - [TEST_STEP][PASSED] - beautytap.ShopAction.fillCustomerInformation: beautytap.ShopAction.fillCustomerInformation is PASSED

2018-09-28 16:02:30 - [MESSAGE][PASSED] - Text of object 'Object Repository/Page_Checkout/txt_billingFirstName' is cleared

2018-09-28 16:02:31 - [MESSAGE][PASSED] - Keys 'Test' sent to object: 'Object Repository/Page_Checkout/txt_billingFirstName'

2018-09-28 16:02:31 - [MESSAGE][PASSED] - Text of object 'Object Repository/Page_Checkout/txt_billingLastName' is cleared

2018-09-28 16:02:31 - [MESSAGE][PASSED] - Keys 'Automation' sent to object: 'Object Repository/Page_Checkout/txt_billingLastName'

2018-09-28 16:02:31 - [MESSAGE][PASSED] - All options with label 'United States (US)' are selected in object 'Object Repository/Page_Checkout/drop_billingCountry' 

2018-09-28 16:02:36 - [MESSAGE][PASSED] - Delayed 5 second(s)

2018-09-28 16:02:36 - [MESSAGE][PASSED] - Text of object 'Object Repository/Page_Checkout/txt_billingAddress' is cleared

2018-09-28 16:02:37 - [MESSAGE][PASSED] - Keys '123 Testing' sent to object: 'Object Repository/Page_Checkout/txt_billingAddress'

2018-09-28 16:02:37 - [MESSAGE][PASSED] - Text of object 'Object Repository/Page_Checkout/txt_billingCity' is cleared

2018-09-28 16:02:37 - [MESSAGE][PASSED] - Keys 'New York' sent to object: 'Object Repository/Page_Checkout/txt_billingCity'

2018-09-28 16:02:37 - [MESSAGE][PASSED] - All options with label 'New York' are selected in object 'Object Repository/Page_Checkout/drop_billingState' 

2018-09-28 16:02:37 - [MESSAGE][PASSED] - Text of object 'Object Repository/Page_Checkout/txt_billingZip' is cleared

2018-09-28 16:02:37 - [MESSAGE][PASSED] - Keys '90012' sent to object: 'Object Repository/Page_Checkout/txt_billingZip'

2018-09-28 16:02:37 - [MESSAGE][PASSED] - Text of object 'Object Repository/Page_Checkout/txt_billingEmail' is cleared

2018-09-28 16:02:38 - [MESSAGE][PASSED] - Keys 'trang2408@mailinator.com' sent to object: 'Object Repository/Page_Checkout/txt_billingEmail'

2018-09-28 16:02:38 - [MESSAGE][PASSED] - Object 'Object Repository/Page_Checkout/chk_shipToDifferentAddress' is un-checked

2018-09-28 16:02:38 - [MESSAGE][PASSED] - Text of object 'Object Repository/Page_Checkout/txt_orderNote' is cleared

2018-09-28 16:02:38 - [MESSAGE][PASSED] - Keys 'TC07' sent to object: 'Object Repository/Page_Checkout/txt_orderNote'

2018-09-28 16:02:38 - [MESSAGE][PASSED] - Object 'Object Repository/Page_Checkout/radio_creditCard' is checked

2018-09-28 16:02:43 - [MESSAGE][PASSED] - Delayed 5 second(s)

2018-09-28 16:02:43 - [MESSAGE][PASSED] - beautytap.ShopAction.fillCustomerInformation is PASSED

2018-09-28 16:02:43 - [TEST_STEP][PASSED] - beautytap.ShopAction.VerifyOrderDetailsOnCheckout: Keyword VerifyOrderDetailsOnCheckout is Passed

2018-09-28 16:02:43 - [MESSAGE][PASSED] - Object '' is present

2018-09-28 16:02:44 - [MESSAGE][PASSED] - Text of object '' is: '$95.40'

2018-09-28 16:02:44 - [MESSAGE][PASSED] - Text of object '' is: 'Free shipping for orders over $60
Why does shipping take this long?'

2018-09-28 16:02:44 - [MESSAGE][PASSED] - Text of object '' is: '$95.40'

2018-09-28 16:02:44 - [MESSAGE][PASSED] - Keyword VerifyOrderDetailsOnCheckout is Passed

2018-09-28 16:02:44 - [TEST_STEP][PASSED] - beautytap.ShopAction.VerifyRewardEarned: Keyword VerifyRewardEarned is Passed

2018-09-28 16:02:44 - [MESSAGE][PASSED] - Text of object '' is: 'Status: Beauty Bae ( $95.4 x Rewards Multiplier )'

2018-09-28 16:02:44 - [MESSAGE][PASSED] - Text of object '' is: 'Status: Beauty Bae ( $95.4 x Rewards Multiplier )'

2018-09-28 16:02:44 - [MESSAGE][PASSED] - Text of object '' is: 'Status: Beauty Bae ( $95.4 x Rewards Multiplier )'

2018-09-28 16:02:44 - [MESSAGE][PASSED] - Text of object '' is: 'Multiplier: $95.4 x 1.1'

2018-09-28 16:02:44 - [MESSAGE][PASSED] - Text of object '' is: 'Multiplier: $95.4 x 1.1'

2018-09-28 16:02:44 - [MESSAGE][PASSED] - Text of object '' is: '104.9 Points!'

2018-09-28 16:02:44 - [MESSAGE][PASSED] - Text of object '' is: '104.9 Points!'

2018-09-28 16:02:44 - [MESSAGE][PASSED] - Text of object '' is: 'Multiplier: $95.4 x 1.1'

2018-09-28 16:02:44 - [MESSAGE][PASSED] - Text of object '' is: 'Multiplier: $95.4 x 1.1'

2018-09-28 16:02:44 - [MESSAGE][PASSED] - Text of object '' is: 'Multiplier: $95.4 x 1.1'

2018-09-28 16:02:44 - [MESSAGE][PASSED] - Keyword VerifyRewardEarned is Passed

2018-09-28 16:02:44 - [TEST_STEP][PASSED] - beautytap.ShopAction.checkoutViaPaypal: beautytap.ShopAction.checkoutViaPaypal is PASSED

2018-09-28 16:02:45 - [MESSAGE][PASSED] - Object 'Object Repository/Page_Checkout/radio_paypal' is checked

2018-09-28 16:02:50 - [MESSAGE][PASSED] - Delayed 5 second(s)

2018-09-28 16:02:50 - [MESSAGE][PASSED] - Object 'Object Repository/Page_Checkout/chk_terms' is checked

2018-09-28 16:02:50 - [MESSAGE][PASSED] - Object: 'Object Repository/Page_Checkout/btn_placeOrder' is clicked on

2018-09-28 16:02:58 - [MESSAGE][PASSED] - Object 'Object Repository/Page_Paypal/txt_email' is present

2018-09-28 16:02:58 - [MESSAGE][PASSED] - Text of object 'Object Repository/Page_Paypal/txt_email' is cleared

2018-09-28 16:02:58 - [MESSAGE][PASSED] - Keys 'g1.posiba@gmail.com' sent to object: 'Object Repository/Page_Paypal/txt_email'

2018-09-28 16:02:58 - [MESSAGE][PASSED] - Text of object 'Object Repository/Page_Paypal/txt_password' is cleared

2018-09-28 16:02:58 - [MESSAGE][PASSED] - Keys 'Tr@ng99%' sent to object: 'Object Repository/Page_Paypal/txt_password'

2018-09-28 16:03:10 - [MESSAGE][PASSED] - Object: 'Object Repository/Page_Paypal/btn_login' is clicked on

2018-09-28 16:03:13 - [MESSAGE][PASSED] - Object 'Object Repository/Page_Paypal/btn_payNow' is present

2018-09-28 16:03:18 - [MESSAGE][PASSED] - Delayed 5 second(s)

2018-09-28 16:03:18 - [MESSAGE][PASSED] - Object: 'Object Repository/Page_Paypal/btn_payNow' is clicked on

2018-09-28 16:03:37 - [MESSAGE][PASSED] - Object 'Object Repository/Page_Checkout/lbl_orderReceived' is present

2018-09-28 16:03:37 - [MESSAGE][PASSED] - beautytap.ShopAction.checkoutViaPaypal is PASSED

2018-09-28 16:03:37 - [TEST_STEP][PASSED] - beautytap.ShopAction.VerifyOrderReceivedDetails: Keyword VerifyOrderReceivedDetails is Passed

2018-09-28 16:03:37 - [MESSAGE][PASSED] - Object '' is present

2018-09-28 16:03:37 - [MESSAGE][PASSED] - Text of object '' is: '$95.40'

2018-09-28 16:03:37 - [MESSAGE][PASSED] - Text of object '' is: 'Free shipping for orders over $60'

2018-09-28 16:03:43 - [MESSAGE][WARNING] - com.kms.katalon.core.webui.exception.WebElementNotFoundException: Web element with id: '' located by 'By.xpath: //th[text()='Shipping:']/parent::tr/td/span' not found
[[ATTACHMENT|E:\\BeautytapAutomation\\beautytapAuto\\Beautytap\\Reports\\Regression\\20180928_155453\\1538125422746.png]]

2018-09-28 16:03:43 - [MESSAGE][PASSED] - Text of object '' is: 'PayPal'

2018-09-28 16:03:43 - [MESSAGE][PASSED] - Text of object '' is: '$95.40'

2018-09-28 16:03:43 - [MESSAGE][PASSED] - Keyword VerifyOrderReceivedDetails is Passed

2018-09-28 16:03:43 - [TEST_STEP][PASSED] - beautytap.ShopAction.VerifyRewardEarned: Keyword VerifyRewardEarned is Passed

2018-09-28 16:03:43 - [MESSAGE][PASSED] - Text of object '' is: 'Status: Beauty Bae ( $95.40 x Rewards Multiplier )'

2018-09-28 16:03:43 - [MESSAGE][PASSED] - Text of object '' is: 'Status: Beauty Bae ( $95.40 x Rewards Multiplier )'

2018-09-28 16:03:43 - [MESSAGE][PASSED] - Text of object '' is: 'Status: Beauty Bae ( $95.40 x Rewards Multiplier )'

2018-09-28 16:03:43 - [MESSAGE][PASSED] - Text of object '' is: 'Multiplier: $95.40 x 1.1'

2018-09-28 16:03:43 - [MESSAGE][PASSED] - Text of object '' is: 'Multiplier: $95.40 x 1.1'

2018-09-28 16:03:43 - [MESSAGE][PASSED] - Text of object '' is: '104.9 Points!'

2018-09-28 16:03:43 - [MESSAGE][PASSED] - Text of object '' is: '104.9 Points!'

2018-09-28 16:03:43 - [MESSAGE][PASSED] - Text of object '' is: 'Multiplier: $95.40 x 1.1'

2018-09-28 16:03:43 - [MESSAGE][PASSED] - Text of object '' is: 'Multiplier: $95.40 x 1.1'

2018-09-28 16:03:43 - [MESSAGE][PASSED] - Text of object '' is: 'Multiplier: $95.40 x 1.1'

2018-09-28 16:03:43 - [MESSAGE][PASSED] - Keyword VerifyRewardEarned is Passed

2018-09-28 16:03:43 - [TEST_STEP][PASSED] - Statement - orderInfo = CustomKeywords.beautytap.ShopAction.getOrderInfoOnOrderReceived(): beautytap.ShopAction.getOrderInfoOnOrderReceived is PASSED

2018-09-28 16:03:43 - [MESSAGE][PASSED] - Text of object '' is: '137026'

2018-09-28 16:03:43 - [MESSAGE][PASSED] - Text of object '' is: 'September 28, 2018'

2018-09-28 16:03:43 - [MESSAGE][PASSED] - beautytap.ShopAction.getOrderInfoOnOrderReceived is PASSED

2018-09-28 16:03:43 - [TEST_STEP][PASSED] - Statement - orderNumber = orderInfo.get("ordernumber"): null

2018-09-28 16:03:43 - [TEST_STEP][PASSED] - Statement - orderDate = orderInfo.get("date"): null

2018-09-28 16:03:43 - [TEST_STEP][PASSED] - Statement - completeOrderSubject = "Your " + SITE_TITLE + " order from " + orderDate + " is complete": null

2018-09-28 16:03:43 - [TEST_STEP][PASSED] - Statement - completeOrderSubject = completeOrderSubject.replace("[", "").replace("]", ""): null

2018-09-28 16:03:43 - [TEST_STEP][PASSED] - beautytap.GeneralAction.selectProfileMenu: beautytap.GeneralAction.selectProfileMenu is PASSED

2018-09-28 16:03:44 - [MESSAGE][PASSED] - Object: 'Object Repository/Page_General/link_avatar' is clicked on

2018-09-28 16:03:46 - [MESSAGE][PASSED] - Delayed 2 second(s)

2018-09-28 16:03:49 - [MESSAGE][PASSED] - Object: '' is clicked on

2018-09-28 16:03:49 - [MESSAGE][PASSED] - Wait for page load successfully

2018-09-28 16:03:49 - [MESSAGE][PASSED] - beautytap.GeneralAction.selectProfileMenu is PASSED

2018-09-28 16:03:49 - [TEST_STEP][PASSED] - Statement - newPending = java.lang.Float.parseFloat(java.lang.String.format("%.2f", pending + rewardEarned)): null

2018-09-28 16:03:49 - [TEST_STEP][PASSED] - beautytap.ShopAction.VerifyRewardPointsDetails: Keyword VerifyRewardPoints is Passed

2018-09-28 16:03:49 - [MESSAGE][PASSED] - Text of object '' is: '7163.87'

2018-09-28 16:03:49 - [MESSAGE][PASSED] - Text of object '' is: '3267.32'

2018-09-28 16:03:49 - [MESSAGE][PASSED] - Text of object '' is: '4493.87'

2018-09-28 16:03:49 - [MESSAGE][PASSED] - Text of object '' is: '$237.00'

2018-09-28 16:03:49 - [MESSAGE][PASSED] - Keyword VerifyRewardPoints is Passed

2018-09-28 16:03:49 - [TEST_STEP][PASSED] - beautytap.ShopAction.VerifyRewardHistory: Keyword VerifyRewardHistory is Passed

2018-09-28 16:03:49 - [MESSAGE][PASSED] - Object '' is present

2018-09-28 16:03:49 - [MESSAGE][PASSED] - Text of object '' is: ''

2018-09-28 16:03:49 - [MESSAGE][PASSED] - Text of object '' is: '$95.40'

2018-09-28 16:03:49 - [MESSAGE][PASSED] - Text of object '' is: '1.1'

2018-09-28 16:03:49 - [MESSAGE][PASSED] - Text of object '' is: '0.00'

2018-09-28 16:03:49 - [MESSAGE][PASSED] - Text of object '' is: '4493.87'

2018-09-28 16:03:49 - [MESSAGE][PASSED] - Keyword VerifyRewardHistory is Passed

2018-09-28 16:03:49 - [TEST_STEP][PASSED] - beautytap.ShopAction.VerifyRewardHistory: Keyword VerifyRewardHistory is Passed

2018-09-28 16:03:49 - [MESSAGE][PASSED] - Object '' is present

2018-09-28 16:03:49 - [MESSAGE][PASSED] - Text of object '' is: ''

2018-09-28 16:03:49 - [MESSAGE][PASSED] - Text of object '' is: '$95.40'

2018-09-28 16:03:50 - [MESSAGE][PASSED] - Text of object '' is: '1.1'

2018-09-28 16:03:50 - [MESSAGE][PASSED] - Text of object '' is: '0.00'

2018-09-28 16:03:50 - [MESSAGE][PASSED] - Text of object '' is: '4493.87'

2018-09-28 16:03:50 - [MESSAGE][PASSED] - Keyword VerifyRewardHistory is Passed

2018-09-28 16:03:50 - [TEST_STEP][PASSED] - beautytap.GeneralAction.logout: beautytap.GeneralAction.logout is PASSED

2018-09-28 16:03:50 - [MESSAGE][PASSED] - Object: 'Object Repository/Page_General/link_avatar' is clicked on

2018-09-28 16:03:50 - [MESSAGE][PASSED] - Object 'Object Repository/Page_General/menu_logout' is present

2018-09-28 16:03:50 - [MESSAGE][PASSED] - Object: 'Object Repository/Page_General/menu_logout' is clicked on

2018-09-28 16:03:50 - [MESSAGE][PASSED] - Wait for page load successfully

2018-09-28 16:03:50 - [MESSAGE][PASSED] - beautytap.GeneralAction.logout is PASSED

2018-09-28 16:03:50 - [TEST_STEP][PASSED] - beautytap.GeneralAction.clickNavigationMenu: beautytap.GeneralAction.clickNavigationMenu is PASSED

2018-09-28 16:03:58 - [MESSAGE][PASSED] - Object: 'Object Repository/Page_General/link_login' is clicked on

2018-09-28 16:03:58 - [MESSAGE][PASSED] - Wait for page load successfully

2018-09-28 16:03:58 - [MESSAGE][PASSED] - beautytap.GeneralAction.clickNavigationMenu is PASSED

2018-09-28 16:03:58 - [TEST_STEP][PASSED] - beautytap.GeneralAction.login: beautytap.GeneralAction.login is PASSED

2018-09-28 16:03:58 - [MESSAGE][PASSED] - Text of object 'Object Repository/Page_login/txt_username' is cleared

2018-09-28 16:03:58 - [MESSAGE][PASSED] - Keys 'mrwhite' sent to object: 'Object Repository/Page_login/txt_username'

2018-09-28 16:03:58 - [MESSAGE][PASSED] - Text of object 'Object Repository/Page_login/txt_password' is cleared

2018-09-28 16:03:58 - [MESSAGE][PASSED] - Keys 'kgySM$Im' sent to object: 'Object Repository/Page_login/txt_password'

2018-09-28 16:03:59 - [MESSAGE][PASSED] - Object: 'Object Repository/Page_login/btn_login' is clicked on

2018-09-28 16:03:59 - [MESSAGE][PASSED] - Wait for page load successfully

2018-09-28 16:03:59 - [MESSAGE][PASSED] - beautytap.GeneralAction.login is PASSED

2018-09-28 16:03:59 - [TEST_STEP][PASSED] - navigateToUrl: Navigate to 'https://stage.beautytap.com/admin' successfully

2018-09-28 16:04:06 - [MESSAGE][PASSED] - Navigate to 'https://stage.beautytap.com/admin' successfully

2018-09-28 16:04:06 - [TEST_STEP][PASSED] - beautytap.AdminAction.changeOrderStatus: beautytap.AdminAction.changeOrderStatus is PASSED

2018-09-28 16:04:14 - [MESSAGE][PASSED] - Object: '' is clicked on

2018-09-28 16:04:14 - [MESSAGE][PASSED] - Wait for page load successfully

2018-09-28 16:04:19 - [MESSAGE][PASSED] - Object: '' is clicked on

2018-09-28 16:04:19 - [MESSAGE][PASSED] - Wait for page load successfully

2018-09-28 16:04:19 - [MESSAGE][PASSED] - Text of object 'Object Repository/Page_Admin/txt_searchOrder' is cleared

2018-09-28 16:04:19 - [MESSAGE][PASSED] - Keys '137026' sent to object: 'Object Repository/Page_Admin/txt_searchOrder'

2018-09-28 16:04:23 - [MESSAGE][PASSED] - Object: 'Object Repository/Page_Admin/btn_searchOrder' is clicked on

2018-09-28 16:04:23 - [MESSAGE][PASSED] - Wait for page load successfully

2018-09-28 16:04:29 - [MESSAGE][PASSED] - Object: '' is clicked on

2018-09-28 16:04:29 - [MESSAGE][PASSED] - Wait for page load successfully

2018-09-28 16:04:29 - [MESSAGE][PASSED] - All options with label 'Completed' are selected in object 'Object Repository/Page_Admin/drop_orderStatus' 

2018-09-28 16:04:30 - [MESSAGE][PASSED] - Object: 'Object Repository/Page_Admin/btn_saveOrder' is clicked on

2018-09-28 16:04:40 - [MESSAGE][PASSED] - Object 'Object Repository/Page_Admin/lbl_orderUpdatedMessage' is present

2018-09-28 16:04:40 - [MESSAGE][PASSED] - beautytap.AdminAction.changeOrderStatus is PASSED

2018-09-28 16:04:40 - [TEST_STEP][PASSED] - beautytap.GeneralAction.openMailBox: beautytap.GeneralAction.openMailBox is PASSED

2018-09-28 16:04:43 - [MESSAGE][PASSED] - Navigate to 'https://www.mailinator.com' successfully

2018-09-28 16:04:44 - [MESSAGE][PASSED] - Wait for page load successfully

2018-09-28 16:04:44 - [MESSAGE][PASSED] - Keys 'trang2408@mailinator.com' sent to object: 'Object Repository/Page_mailinator/txt_email'

2018-09-28 16:04:45 - [MESSAGE][PASSED] - Object: 'Object Repository/Page_mailinator/btn_go' is clicked on

2018-09-28 16:04:45 - [MESSAGE][PASSED] - Wait for page load successfully

2018-09-28 16:04:50 - [MESSAGE][PASSED] - Delayed 5 second(s)

2018-09-28 16:04:50 - [MESSAGE][PASSED] - beautytap.GeneralAction.openMailBox is PASSED

2018-09-28 16:04:50 - [TEST_STEP][PASSED] - beautytap.GeneralAction.verifyEmailExist: beautytap.GeneralAction.verifyEmailExist is PASSED

2018-09-28 16:04:50 - [MESSAGE][PASSED] - Object '' is present

2018-09-28 16:04:50 - [MESSAGE][PASSED] - beautytap.GeneralAction.verifyEmailExist is PASSED

2018-09-28 16:04:50 - [TEST_STEP][PASSED] - beautytap.GeneralAction.openEmail: beautytap.GeneralAction.openEmail is PASSED

2018-09-28 16:04:50 - [MESSAGE][PASSED] - Object: '' is clicked on

2018-09-28 16:04:50 - [MESSAGE][PASSED] - beautytap.GeneralAction.openEmail is PASSED

2018-09-28 16:04:50 - [TEST_STEP][PASSED] - beautytap.ShopAction.VerifyOrderCompleteEmail: Keyword VerifyOrderCompleteEmail is Passed

2018-09-28 16:04:51 - [MESSAGE][PASSED] - Object '' is present

2018-09-28 16:04:51 - [MESSAGE][PASSED] - Text of object '' is: 'La Muse Correct Care Complete Cushion SPF50+'

2018-09-28 16:04:51 - [MESSAGE][PASSED] - Text of object '' is: '3'

2018-09-28 16:04:51 - [MESSAGE][PASSED] - Text of object '' is: '$95.40'

2018-09-28 16:04:51 - [MESSAGE][PASSED] - Text of object '' is: '$95.40'

2018-09-28 16:04:51 - [MESSAGE][PASSED] - Text of object '' is: 'Free shipping for orders over $60'

2018-09-28 16:04:57 - [MESSAGE][WARNING] - com.kms.katalon.core.webui.exception.WebElementNotFoundException: Web element with id: '' located by 'By.xpath: //th[text()='Shipping:']/parent::tr/td/span' not found
[[ATTACHMENT|E:\\BeautytapAutomation\\beautytapAuto\\Beautytap\\Reports\\Regression\\20180928_155453\\1538125497016.png]]

2018-09-28 16:04:57 - [MESSAGE][PASSED] - Text of object '' is: 'PayPal'

2018-09-28 16:04:57 - [MESSAGE][PASSED] - Text of object '' is: '104.94'

2018-09-28 16:04:57 - [MESSAGE][PASSED] - Text of object '' is: '$95.40'

2018-09-28 16:04:57 - [MESSAGE][PASSED] - Keyword VerifyOrderCompleteEmail is Passed

2018-09-28 16:04:57 - [TEST_STEP][PASSED] - closeBrowser: Browser is closed

2018-09-28 16:04:58 - [MESSAGE][PASSED] - Browser is closed

2018-09-28 16:04:58 - [TEST_STEP][PASSED] - beautytap.GeneralAction.openBeautytap: beautytap.GeneralAction.openBeautytap is PASSED

2018-09-28 16:05:13 - [MESSAGE][PASSED] - Browser is opened with url: 'https://stage.beautytap.com'

2018-09-28 16:05:14 - [MESSAGE][PASSED] - Current window maximized

2018-09-28 16:05:17 - [MESSAGE][PASSED] - Refresh successfully

2018-09-28 16:05:17 - [MESSAGE][PASSED] - Wait for page load successfully

2018-09-28 16:05:17 - [MESSAGE][PASSED] - beautytap.GeneralAction.openBeautytap is PASSED

2018-09-28 16:05:17 - [TEST_STEP][PASSED] - beautytap.GeneralAction.clickNavigationMenu: beautytap.GeneralAction.clickNavigationMenu is PASSED

2018-09-28 16:05:20 - [MESSAGE][PASSED] - Object: 'Object Repository/Page_General/link_login' is clicked on

2018-09-28 16:05:20 - [MESSAGE][PASSED] - Wait for page load successfully

2018-09-28 16:05:20 - [MESSAGE][PASSED] - beautytap.GeneralAction.clickNavigationMenu is PASSED

2018-09-28 16:05:20 - [TEST_STEP][PASSED] - beautytap.GeneralAction.login: beautytap.GeneralAction.login is PASSED

2018-09-28 16:05:20 - [MESSAGE][PASSED] - Text of object 'Object Repository/Page_login/txt_username' is cleared

2018-09-28 16:05:20 - [MESSAGE][PASSED] - Keys 'trang2408@mailinator.com' sent to object: 'Object Repository/Page_login/txt_username'

2018-09-28 16:05:20 - [MESSAGE][PASSED] - Text of object 'Object Repository/Page_login/txt_password' is cleared

2018-09-28 16:05:20 - [MESSAGE][PASSED] - Keys '123456' sent to object: 'Object Repository/Page_login/txt_password'

2018-09-28 16:05:20 - [MESSAGE][PASSED] - Object: 'Object Repository/Page_login/btn_login' is clicked on

2018-09-28 16:05:20 - [MESSAGE][PASSED] - Wait for page load successfully

2018-09-28 16:05:20 - [MESSAGE][PASSED] - beautytap.GeneralAction.login is PASSED

2018-09-28 16:05:20 - [TEST_STEP][PASSED] - beautytap.GeneralAction.VerifyNotificationText: Keyword VerifyNotificationText is Passed

2018-09-28 16:05:28 - [MESSAGE][PASSED] - Object: 'Object Repository/Page_General/link_notificationIcon' is clicked on

2018-09-28 16:05:33 - [MESSAGE][PASSED] - Delayed 5 second(s)

2018-09-28 16:05:33 - [MESSAGE][PASSED] - Text of object '' is: 'You received 104.94 redeemable points'

2018-09-28 16:05:33 - [MESSAGE][PASSED] - Keyword VerifyNotificationText is Passed

2018-09-28 16:05:33 - [TEST_STEP][PASSED] - beautytap.GeneralAction.selectProfileMenu: beautytap.GeneralAction.selectProfileMenu is PASSED

2018-09-28 16:05:34 - [MESSAGE][PASSED] - Object: 'Object Repository/Page_General/link_avatar' is clicked on

2018-09-28 16:05:36 - [MESSAGE][PASSED] - Delayed 2 second(s)

2018-09-28 16:05:38 - [MESSAGE][PASSED] - Object: '' is clicked on

2018-09-28 16:05:38 - [MESSAGE][PASSED] - Wait for page load successfully

2018-09-28 16:05:38 - [MESSAGE][PASSED] - beautytap.GeneralAction.selectProfileMenu is PASSED

2018-09-28 16:05:38 - [TEST_STEP][PASSED] - Statement - newLifetime = java.lang.Float.parseFloat(java.lang.String.format("%.2f", lifetime + rewardEarned)): null

2018-09-28 16:05:38 - [TEST_STEP][PASSED] - Statement - newRedeemable = java.lang.Float.parseFloat(java.lang.String.format("%.2f", redeemable + rewardEarned)): null

2018-09-28 16:05:38 - [TEST_STEP][PASSED] - Statement - newPointValue = CustomKeywords.beautytap.ShopAction.calculateLoyaltyPointValue(newRedeemable): beautytap.ShopAction.calculateLoyaltyPointValue is PASSED

2018-09-28 16:05:39 - [MESSAGE][PASSED] - beautytap.ShopAction.calculateLoyaltyPointValue is PASSED

2018-09-28 16:05:39 - [TEST_STEP][PASSED] - beautytap.ShopAction.VerifyRewardPointsDetails: Keyword VerifyRewardPoints is Passed

2018-09-28 16:05:39 - [MESSAGE][PASSED] - Text of object '' is: '7268.81'

2018-09-28 16:05:39 - [MESSAGE][PASSED] - Text of object '' is: '3162.38'

2018-09-28 16:05:39 - [MESSAGE][PASSED] - Text of object '' is: '4598.81'

2018-09-28 16:05:39 - [MESSAGE][PASSED] - Text of object '' is: '$242.00'

2018-09-28 16:05:39 - [MESSAGE][PASSED] - Keyword VerifyRewardPoints is Passed

2018-09-28 16:05:39 - [TEST_STEP][PASSED] - beautytap.ShopAction.VerifyRewardHistory: Keyword VerifyRewardHistory is Passed

2018-09-28 16:05:39 - [MESSAGE][PASSED] - Object '' is present

2018-09-28 16:05:39 - [MESSAGE][PASSED] - Text of object '' is: ''

2018-09-28 16:05:39 - [MESSAGE][PASSED] - Text of object '' is: '$95.40'

2018-09-28 16:05:39 - [MESSAGE][PASSED] - Text of object '' is: '1.1'

2018-09-28 16:05:39 - [MESSAGE][PASSED] - Text of object '' is: '104.94'

2018-09-28 16:05:39 - [MESSAGE][PASSED] - Text of object '' is: '4598.81'

2018-09-28 16:05:39 - [MESSAGE][PASSED] - Keyword VerifyRewardHistory is Passed

2018-09-28 16:05:39 - [TEST_STEP][PASSED] - beautytap.GeneralAction.logout: beautytap.GeneralAction.logout is PASSED

2018-09-28 16:05:39 - [MESSAGE][PASSED] - Object: 'Object Repository/Page_General/link_avatar' is clicked on

2018-09-28 16:05:40 - [MESSAGE][PASSED] - Object 'Object Repository/Page_General/menu_logout' is present

2018-09-28 16:05:40 - [MESSAGE][PASSED] - Object: 'Object Repository/Page_General/menu_logout' is clicked on

2018-09-28 16:05:40 - [MESSAGE][PASSED] - Wait for page load successfully

2018-09-28 16:05:41 - [MESSAGE][PASSED] - Browser is closed

2018-09-28 16:05:41 - [MESSAGE][PASSED] - beautytap.GeneralAction.logout is PASSED]]></system-out>
         <system-err><![CDATA[]]></system-err>
      </testcase>
      <testcase name="Test Cases/Shop/TC08_BuyProduct_UsingRewardPoint" classname="Test Cases/Shop/TC08_BuyProduct_UsingRewardPoint" status="PASSED">
         <system-out><![CDATA[2018-09-28 16:05:43 - [TEST_CASE][PASSED] - Test Cases/Shop/TC08_BuyProduct_UsingRewardPoint: Test Cases/Shop/TC08_BuyProduct_UsingRewardPoint

2018-09-28 16:05:43 - [TEST_STEP][PASSED] - Statement - username = USER_EMAIL: null

2018-09-28 16:05:43 - [TEST_STEP][PASSED] - Statement - password = USER_PASSWORD: null

2018-09-28 16:05:43 - [TEST_STEP][PASSED] - Statement - productName = SIMPLE_PRODUCT: null

2018-09-28 16:05:43 - [TEST_STEP][PASSED] - Statement - price = SIMPLE_PRODUCT_PRICE: null

2018-09-28 16:05:43 - [TEST_STEP][PASSED] - Statement - quantity = 3: null

2018-09-28 16:05:43 - [TEST_STEP][PASSED] - Statement - shippingLabel = FREE_SHIPPING_LABEL: null

2018-09-28 16:05:43 - [TEST_STEP][PASSED] - Statement - shippingPrice = 0: null

2018-09-28 16:05:43 - [TEST_STEP][PASSED] - Statement - pointUsed = 60: null

2018-09-28 16:05:43 - [TEST_STEP][PASSED] - Statement - pointValueUsed = 2: null

2018-09-28 16:05:43 - [TEST_STEP][PASSED] - Statement - subtotal = CustomKeywords.beautytap.ShopAction.calculateTotal(quantity, price): beautytap.ShopAction.calculateTotal is PASSED

2018-09-28 16:05:43 - [MESSAGE][PASSED] - beautytap.ShopAction.calculateTotal is PASSED

2018-09-28 16:05:43 - [TEST_STEP][PASSED] - Statement - subtotalApplyReward = java.lang.Float.parseFloat(java.lang.String.format("%.2f", subtotal - pointValueUsed)): null

2018-09-28 16:05:43 - [TEST_STEP][PASSED] - Statement - total = java.lang.Float.parseFloat(java.lang.String.format("%.2f", subtotal - pointValueUsed + shippingPrice)): null

2018-09-28 16:05:43 - [TEST_STEP][PASSED] - Statement - products = new org.json.JSONArray((((((([{"productname":" + productName) + ","variation":"","quantity":") + quantity) + ","price":") + price) + "}])): null

2018-09-28 16:05:43 - [TEST_STEP][PASSED] - Statement - billingInformation = new org.json.JSONObject((({"firstname":"Test","lastname":"Automation","country":"United States (US)","address":"123 Testing","city":"New York","state":"New York","zip":"90012","email":" + username) + "})): null

2018-09-28 16:05:43 - [TEST_STEP][PASSED] - Statement - paymentMethod = "PayPal": null

2018-09-28 16:05:43 - [TEST_STEP][PASSED] - beautytap.GeneralAction.openBeautytap: beautytap.GeneralAction.openBeautytap is PASSED

2018-09-28 16:05:54 - [MESSAGE][PASSED] - Browser is opened with url: 'https://stage.beautytap.com'

2018-09-28 16:05:55 - [MESSAGE][PASSED] - Current window maximized

2018-09-28 16:05:59 - [MESSAGE][PASSED] - Refresh successfully

2018-09-28 16:05:59 - [MESSAGE][PASSED] - Wait for page load successfully

2018-09-28 16:05:59 - [MESSAGE][PASSED] - beautytap.GeneralAction.openBeautytap is PASSED

2018-09-28 16:05:59 - [TEST_STEP][PASSED] - beautytap.GeneralAction.clickNavigationMenu: beautytap.GeneralAction.clickNavigationMenu is PASSED

2018-09-28 16:06:01 - [MESSAGE][PASSED] - Object: 'Object Repository/Page_General/link_login' is clicked on

2018-09-28 16:06:01 - [MESSAGE][PASSED] - Wait for page load successfully

2018-09-28 16:06:01 - [MESSAGE][PASSED] - beautytap.GeneralAction.clickNavigationMenu is PASSED

2018-09-28 16:06:01 - [TEST_STEP][PASSED] - beautytap.GeneralAction.login: beautytap.GeneralAction.login is PASSED

2018-09-28 16:06:02 - [MESSAGE][PASSED] - Text of object 'Object Repository/Page_login/txt_username' is cleared

2018-09-28 16:06:02 - [MESSAGE][PASSED] - Keys 'trang2408@mailinator.com' sent to object: 'Object Repository/Page_login/txt_username'

2018-09-28 16:06:02 - [MESSAGE][PASSED] - Text of object 'Object Repository/Page_login/txt_password' is cleared

2018-09-28 16:06:02 - [MESSAGE][PASSED] - Keys '123456' sent to object: 'Object Repository/Page_login/txt_password'

2018-09-28 16:06:02 - [MESSAGE][PASSED] - Object: 'Object Repository/Page_login/btn_login' is clicked on

2018-09-28 16:06:02 - [MESSAGE][PASSED] - Wait for page load successfully

2018-09-28 16:06:02 - [MESSAGE][PASSED] - beautytap.GeneralAction.login is PASSED

2018-09-28 16:06:02 - [TEST_STEP][PASSED] - beautytap.GeneralAction.selectProfileMenu: beautytap.GeneralAction.selectProfileMenu is PASSED

2018-09-28 16:06:11 - [MESSAGE][PASSED] - Object: 'Object Repository/Page_General/link_avatar' is clicked on

2018-09-28 16:06:13 - [MESSAGE][PASSED] - Delayed 2 second(s)

2018-09-28 16:06:16 - [MESSAGE][PASSED] - Object: '' is clicked on

2018-09-28 16:06:16 - [MESSAGE][PASSED] - Wait for page load successfully

2018-09-28 16:06:16 - [MESSAGE][PASSED] - beautytap.GeneralAction.selectProfileMenu is PASSED

2018-09-28 16:06:16 - [TEST_STEP][PASSED] - Statement - objReward = CustomKeywords.beautytap.ShopAction.getRewardDetails(): beautytap.ShopAction.getRewardDetails is PASSED

2018-09-28 16:06:16 - [MESSAGE][PASSED] - Text of object '' is: '1.1 x Rewards Multiplier!'

2018-09-28 16:06:16 - [MESSAGE][PASSED] - Text of object '' is: '1.1 x Rewards Multiplier!'

2018-09-28 16:06:16 - [MESSAGE][PASSED] - Text of object '' is: '7268.81'

2018-09-28 16:06:16 - [MESSAGE][PASSED] - Text of object '' is: '3162.38'

2018-09-28 16:06:16 - [MESSAGE][PASSED] - Text of object '' is: '4598.81'

2018-09-28 16:06:17 - [MESSAGE][PASSED] - Text of object '' is: '$242.00'

2018-09-28 16:06:17 - [MESSAGE][PASSED] - Text of object '' is: 'Beauty Bae'

2018-09-28 16:06:17 - [MESSAGE][PASSED] - beautytap.ShopAction.getRewardDetails is PASSED

2018-09-28 16:06:17 - [TEST_STEP][PASSED] - Statement - multiplier = java.lang.Float.parseFloat(objReward.get("multiplier")): null

2018-09-28 16:06:17 - [TEST_STEP][PASSED] - Statement - currentlevel = objReward.get("currentlevel"): null

2018-09-28 16:06:17 - [TEST_STEP][PASSED] - Statement - lifetime = java.lang.Float.parseFloat(objReward.get("lifetime")): null

2018-09-28 16:06:17 - [TEST_STEP][PASSED] - Statement - pending = java.lang.Float.parseFloat(objReward.get("pending")): null

2018-09-28 16:06:17 - [TEST_STEP][PASSED] - Statement - redeemable = java.lang.Float.parseFloat(objReward.get("redeemable")): null

[...]

2018-09-28 16:14:47 - [MESSAGE][PASSED] - Keys 'New York' sent to object: 'Object Repository/Page_Checkout/txt_billingCity'

2018-09-28 16:14:47 - [MESSAGE][PASSED] - All options with label 'New York' are selected in object 'Object Repository/Page_Checkout/drop_billingState' 

2018-09-28 16:14:47 - [MESSAGE][PASSED] - Text of object 'Object Repository/Page_Checkout/txt_billingZip' is cleared

2018-09-28 16:14:48 - [MESSAGE][PASSED] - Keys '90012' sent to object: 'Object Repository/Page_Checkout/txt_billingZip'

2018-09-28 16:14:48 - [MESSAGE][PASSED] - Text of object 'Object Repository/Page_Checkout/txt_billingEmail' is cleared

2018-09-28 16:14:48 - [MESSAGE][PASSED] - Keys 'auto579650@mailinator.com' sent to object: 'Object Repository/Page_Checkout/txt_billingEmail'

2018-09-28 16:14:48 - [MESSAGE][PASSED] - Object 'Object Repository/Page_Checkout/chk_shipToDifferentAddress' is un-checked

2018-09-28 16:14:49 - [MESSAGE][PASSED] - Text of object 'Object Repository/Page_Checkout/txt_orderNote' is cleared

2018-09-28 16:14:49 - [MESSAGE][PASSED] - Keys 'auto579650Order' sent to object: 'Object Repository/Page_Checkout/txt_orderNote'

2018-09-28 16:14:49 - [MESSAGE][PASSED] - Object 'Object Repository/Page_Checkout/radio_creditCard' is checked

2018-09-28 16:14:54 - [MESSAGE][PASSED] - Delayed 5 second(s)

2018-09-28 16:14:54 - [MESSAGE][PASSED] - beautytap.ShopAction.fillCustomerInformation is PASSED

2018-09-28 16:14:54 - [TEST_STEP][PASSED] - beautytap.ShopAction.VerifyOrderDetailsOnCheckout: Keyword VerifyOrderDetailsOnCheckout is Passed

2018-09-28 16:14:54 - [MESSAGE][PASSED] - Object '' is present

2018-09-28 16:14:54 - [MESSAGE][PASSED] - Text of object '' is: '$95.40'

2018-09-28 16:14:54 - [MESSAGE][PASSED] - Text of object '' is: 'Free shipping for orders over $60
Why does shipping take this long?'

2018-09-28 16:14:54 - [MESSAGE][PASSED] - Text of object '' is: '$95.40'

2018-09-28 16:14:54 - [MESSAGE][PASSED] - Keyword VerifyOrderDetailsOnCheckout is Passed

2018-09-28 16:14:54 - [TEST_STEP][PASSED] - beautytap.ShopAction.checkoutViaPaypal: beautytap.ShopAction.checkoutViaPaypal is PASSED

2018-09-28 16:14:54 - [MESSAGE][PASSED] - Object 'Object Repository/Page_Checkout/radio_paypal' is checked

2018-09-28 16:14:59 - [MESSAGE][PASSED] - Delayed 5 second(s)

2018-09-28 16:15:00 - [MESSAGE][PASSED] - Object 'Object Repository/Page_Checkout/chk_terms' is checked

2018-09-28 16:15:00 - [MESSAGE][PASSED] - Object: 'Object Repository/Page_Checkout/btn_placeOrder' is clicked on

2018-09-28 16:15:07 - [MESSAGE][PASSED] - Object 'Object Repository/Page_Paypal/txt_email' is present

2018-09-28 16:15:07 - [MESSAGE][PASSED] - Text of object 'Object Repository/Page_Paypal/txt_email' is cleared

2018-09-28 16:15:07 - [MESSAGE][PASSED] - Keys 'g1.posiba@gmail.com' sent to object: 'Object Repository/Page_Paypal/txt_email'

2018-09-28 16:15:08 - [MESSAGE][PASSED] - Text of object 'Object Repository/Page_Paypal/txt_password' is cleared

2018-09-28 16:15:08 - [MESSAGE][PASSED] - Keys 'Tr@ng99%' sent to object: 'Object Repository/Page_Paypal/txt_password'

2018-09-28 16:15:20 - [MESSAGE][PASSED] - Object: 'Object Repository/Page_Paypal/btn_login' is clicked on

2018-09-28 16:15:21 - [MESSAGE][PASSED] - Object 'Object Repository/Page_Paypal/btn_payNow' is present

2018-09-28 16:15:26 - [MESSAGE][PASSED] - Delayed 5 second(s)

2018-09-28 16:15:26 - [MESSAGE][PASSED] - Object: 'Object Repository/Page_Paypal/btn_payNow' is clicked on

2018-09-28 16:15:45 - [MESSAGE][PASSED] - Object 'Object Repository/Page_Checkout/lbl_orderReceived' is present

2018-09-28 16:15:45 - [MESSAGE][PASSED] - beautytap.ShopAction.checkoutViaPaypal is PASSED

2018-09-28 16:15:45 - [TEST_STEP][PASSED] - beautytap.ShopAction.VerifyOrderReceivedDetails: Keyword VerifyOrderReceivedDetails is Passed

2018-09-28 16:15:45 - [MESSAGE][PASSED] - Object '' is present

2018-09-28 16:15:45 - [MESSAGE][PASSED] - Text of object '' is: '$95.40'

2018-09-28 16:15:45 - [MESSAGE][PASSED] - Text of object '' is: 'Free shipping for orders over $60'

2018-09-28 16:15:50 - [MESSAGE][WARNING] - com.kms.katalon.core.webui.exception.WebElementNotFoundException: Web element with id: '' located by 'By.xpath: //th[text()='Shipping:']/parent::tr/td/span' not found
[[ATTACHMENT|E:\\BeautytapAutomation\\beautytapAuto\\Beautytap\\Reports\\Regression\\20180928_155453\\1538126150459.png]]

2018-09-28 16:15:50 - [MESSAGE][PASSED] - Text of object '' is: 'PayPal'

2018-09-28 16:15:50 - [MESSAGE][PASSED] - Text of object '' is: '$95.40'

2018-09-28 16:15:50 - [MESSAGE][PASSED] - Keyword VerifyOrderReceivedDetails is Passed

2018-09-28 16:15:50 - [TEST_STEP][PASSED] - closeBrowser: Browser is closed

2018-09-28 16:15:51 - [MESSAGE][PASSED] - Browser is closed]]></system-out>
         <system-err><![CDATA[]]></system-err>
      </testcase>
      <testcase name="Test Cases/Shop/TC06_Browse_VariationProduct_Sale_AmazonPayAtCart_LessThan60_EMS" classname="Test Cases/Shop/TC06_Browse_VariationProduct_Sale_AmazonPayAtCart_LessThan60_EMS" status="PASSED">
         <system-out><![CDATA[2018-09-28 16:15:53 - [TEST_CASE][PASSED] - Test Cases/Shop/TC06_Browse_VariationProduct_Sale_AmazonPayAtCart_LessThan60_EMS: Test Cases/Shop/TC06_Browse_VariationProduct_Sale_AmazonPayAtCart_LessThan60_EMS

2018-09-28 16:15:54 - [TEST_STEP][PASSED] - Statement - productName = VARIATION_SALE_PRODUCT: null

2018-09-28 16:15:54 - [TEST_STEP][PASSED] - Statement - saleprice = VARIATION_SALE_PRICE1: null

2018-09-28 16:15:54 - [TEST_STEP][PASSED] - Statement - redularprice = VARIATION_SALE_REGULAR_PRICE1: null

2018-09-28 16:15:54 - [TEST_STEP][PASSED] - Statement - variation = VARIATION_SALE_NAME1: null

2018-09-28 16:15:54 - [TEST_STEP][PASSED] - Statement - r_string = new java.lang.Math().random().toString().substring(2, 8): null

2018-09-28 16:15:54 - [TEST_STEP][PASSED] - Statement - email = "auto" + r_string + "@mailinator.com": null

2018-09-28 16:15:54 - [TEST_STEP][PASSED] - Statement - orderNote = "auto" + r_string + "Order": null

2018-09-28 16:15:54 - [TEST_STEP][PASSED] - Statement - currentNumberItemInCart = <not implemented yet for class: org.codehaus.groovy.ast.expr.EmptyExpression>: null

2018-09-28 16:15:54 - [TEST_STEP][PASSED] - Statement - quantity = 5: null

2018-09-28 16:15:54 - [TEST_STEP][PASSED] - Statement - shippingLabel = EMS_SHIPPING_LABEL: null

2018-09-28 16:15:54 - [TEST_STEP][PASSED] - Statement - shippingPrice = EMS_SHIPPING_PRICE: null

2018-09-28 16:15:54 - [TEST_STEP][PASSED] - Statement - subtotal = CustomKeywords.beautytap.ShopAction.calculateTotal(quantity, saleprice): beautytap.ShopAction.calculateTotal is PASSED

2018-09-28 16:15:54 - [MESSAGE][PASSED] - beautytap.ShopAction.calculateTotal is PASSED

2018-09-28 16:15:54 - [TEST_STEP][PASSED] - Statement - total = subtotal + shippingPrice: null

2018-09-28 16:15:54 - [TEST_STEP][PASSED] - Statement - total = CustomKeywords.beautytap.ShopAction.calculateTotal(1, total): beautytap.ShopAction.calculateTotal is PASSED

2018-09-28 16:15:54 - [MESSAGE][PASSED] - beautytap.ShopAction.calculateTotal is PASSED

2018-09-28 16:15:54 - [TEST_STEP][PASSED] - Statement - products = new org.json.JSONArray((((((((([{"productname":" + productName) + ","variation":") + variation) + ","quantity":") + quantity) + ","price":") + saleprice) + "}])): null

2018-09-28 16:15:54 - [TEST_STEP][PASSED] - Statement - billingInformation = new org.json.JSONObject((({"firstname":"Test","lastname":"Automation","country":"United States (US)","address":"123 Testing","city":"New York","state":"New York","zip":"90012","email":" + email) + "})): null

2018-09-28 16:15:54 - [TEST_STEP][PASSED] - Statement - shippingType = "EMS": null

2018-09-28 16:15:54 - [TEST_STEP][PASSED] - Statement - paymentMethod = "Amazon Pay": null

2018-09-28 16:15:54 - [TEST_STEP][PASSED] - Statement - category = "Brands": null

2018-09-28 16:15:54 - [TEST_STEP][PASSED] - Statement - subcategory = "Innisfree": null

2018-09-28 16:15:54 - [TEST_STEP][PASSED] - beautytap.GeneralAction.openBeautytap: beautytap.GeneralAction.openBeautytap is PASSED

2018-09-28 16:16:07 - [MESSAGE][PASSED] - Browser is opened with url: 'https://stage.beautytap.com'

2018-09-28 16:16:08 - [MESSAGE][PASSED] - Current window maximized

2018-09-28 16:16:12 - [MESSAGE][PASSED] - Refresh successfully

2018-09-28 16:16:12 - [MESSAGE][PASSED] - Wait for page load successfully

2018-09-28 16:16:12 - [MESSAGE][PASSED] - beautytap.GeneralAction.openBeautytap is PASSED

2018-09-28 16:16:12 - [TEST_STEP][PASSED] - beautytap.ShopAction.selectCategory: beautytap.ShopAction.selectCategory is PASSED

2018-09-28 16:16:12 - [MESSAGE][PASSED] - Object: '' is clicked on

2018-09-28 16:16:14 - [MESSAGE][PASSED] - Delayed 2 second(s)

2018-09-28 16:16:22 - [MESSAGE][PASSED] - Object: '' is clicked on

2018-09-28 16:16:22 - [MESSAGE][PASSED] - Wait for page load successfully

2018-09-28 16:16:22 - [MESSAGE][PASSED] - beautytap.ShopAction.selectCategory is PASSED

2018-09-28 16:16:22 - [TEST_STEP][PASSED] - beautytap.ShopAction.findProductOnProductList: beautytap.ShopAction.findProductOnProductList is PASSED

2018-09-28 16:16:22 - [MESSAGE][PASSED] - Text of object '' is: '3'

2018-09-28 16:16:27 - [MESSAGE][WARNING] - com.kms.katalon.core.webui.exception.WebElementNotFoundException: Web element with id: '' located by 'By.xpath: //a[text()='Innisfree Eye Contouring Stick Round Shape 0.7g']' not found
[[ATTACHMENT|E:\\BeautytapAutomation\\beautytapAuto\\Beautytap\\Reports\\Regression\\20180928_155453\\1538126187630.png]]

2018-09-28 16:16:35 - [MESSAGE][PASSED] - Object: '' is clicked on

2018-09-28 16:16:35 - [MESSAGE][PASSED] - Wait for page load successfully

2018-09-28 16:16:36 - [MESSAGE][PASSED] - Object '' is present

2018-09-28 16:16:36 - [MESSAGE][PASSED] - beautytap.ShopAction.findProductOnProductList is PASSED

2018-09-28 16:16:36 - [TEST_STEP][PASSED] - beautytap.ShopAction.VerifyProductOnProductList: Keyword VerifyProductOnProductList is Passed

2018-09-28 16:16:36 - [MESSAGE][PASSED] - Object '' is present

2018-09-28 16:16:36 - [MESSAGE][PASSED] - Text of object '' is: '$4.95'

2018-09-28 16:16:36 - [MESSAGE][PASSED] - Get CSS 'color' value on '' successfully: 'rgba(255, 35, 134, 1)'.

2018-09-28 16:16:36 - [MESSAGE][PASSED] - Get CSS 'color' value on '' successfully: 'rgba(255, 35, 134, 1)'.

2018-09-28 16:16:36 - [MESSAGE][PASSED] - Text of object '' is: '$6.50'

2018-09-28 16:16:36 - [MESSAGE][PASSED] - Get CSS 'color' value on '' successfully: 'rgba(255, 35, 134, 1)'.

2018-09-28 16:16:36 - [MESSAGE][PASSED] - Get CSS 'color' value on '' successfully: 'rgba(255, 35, 134, 1)'.

2018-09-28 16:16:36 - [MESSAGE][PASSED] - Keyword VerifyProductOnProductList is Passed

2018-09-28 16:16:36 - [TEST_STEP][PASSED] - beautytap.ShopAction.selectProductOnProductList: beautytap.ShopAction.selectProductOnProductList is PASSED

2018-09-28 16:16:43 - [MESSAGE][PASSED] - Object: '' is clicked on

2018-09-28 16:16:43 - [MESSAGE][PASSED] - Wait for page load successfully

2018-09-28 16:16:43 - [MESSAGE][PASSED] - beautytap.ShopAction.selectProductOnProductList is PASSED

2018-09-28 16:16:43 - [TEST_STEP][PASSED] - beautytap.ShopAction.selectProductVariation: beautytap.ShopAction.selectProductVariation is PASSED

2018-09-28 16:16:43 - [MESSAGE][PASSED] - Object: 'Object Repository/Page_Shop/drop_chooseOption' is clicked on

2018-09-28 16:16:44 - [MESSAGE][PASSED] - Delayed 1 second(s)

2018-09-28 16:16:44 - [MESSAGE][PASSED] - Object: '' is clicked on

2018-09-28 16:16:44 - [MESSAGE][PASSED] - beautytap.ShopAction.selectProductVariation is PASSED

2018-09-28 16:16:44 - [TEST_STEP][PASSED] - beautytap.ShopAction.VerifyProductDetails: Keyword VerifyProductDetails is Passed

2018-09-28 16:16:45 - [MESSAGE][PASSED] - Text of object '' is: 'Innisfree Eye Contouring Stick Round Shape 0.7g'

2018-09-28 16:16:45 - [MESSAGE][PASSED] - All options with label '5' are selected in object 'Object Repository/Page_Shop/drop_chooseOption' 

2018-09-28 16:16:45 - [MESSAGE][PASSED] - Text of object '' is: '$6.50'

2018-09-28 16:16:45 - [MESSAGE][PASSED] - Get CSS 'color' value on '' successfully: 'rgba(195, 195, 195, 1)'.

2018-09-28 16:16:45 - [MESSAGE][PASSED] - Text of object '' is: '$4.95'

2018-09-28 16:16:46 - [MESSAGE][PASSED] - Get CSS 'color' value on '' successfully: 'rgba(255, 35, 134, 1)'.

2018-09-28 16:16:46 - [MESSAGE][PASSED] - Keyword VerifyProductDetails is Passed

2018-09-28 16:16:46 - [TEST_STEP][PASSED] - Statement - currentNumberItemInCart = CustomKeywords.beautytap.ShopAction.getNumberItemInCart(): beautytap.ShopAction.getNumberItemInCart is PASSED

2018-09-28 16:16:51 - [MESSAGE][WARNING] - com.kms.katalon.core.webui.exception.WebElementNotFoundException: Web element with id: '' located by 'By.xpath: //div[@class='header-right-top pull-right']/a[@class='shop-cart']/span[@class='number-cart']' not found
[[ATTACHMENT|E:\\BeautytapAutomation\\beautytapAuto\\Beautytap\\Reports\\Regression\\20180928_155453\\1538126211223.png]]

2018-09-28 16:16:51 - [MESSAGE][PASSED] - beautytap.ShopAction.getNumberItemInCart is PASSED

2018-09-28 16:16:51 - [TEST_STEP][PASSED] - beautytap.ShopAction.addProductToCart: beautytap.ShopAction.addProductToCart is PASSED

2018-09-28 16:16:51 - [MESSAGE][PASSED] - Text of object 'Object Repository/Page_Shop/txt_quantity' is cleared

2018-09-28 16:16:51 - [MESSAGE][PASSED] - Keys '5' sent to object: 'Object Repository/Page_Shop/txt_quantity'

2018-09-28 16:16:51 - [MESSAGE][PASSED] - Object: 'Object Repository/Page_Shop/btn_addToCart' is clicked on

2018-09-28 16:16:51 - [MESSAGE][PASSED] - Wait for page load successfully

2018-09-28 16:16:57 - [MESSAGE][PASSED] - Object 'Object Repository/Page_Shop/lbl_message' is present

2018-09-28 16:16:57 - [MESSAGE][PASSED] - beautytap.ShopAction.addProductToCart is PASSED

2018-09-28 16:16:57 - [TEST_STEP][PASSED] - beautytap.ShopAction.VerifyNumberItemInCart: Keyword VerifyNumberItemInCart is Passed, Number item in cart is 5, expected is 5

2018-09-28 16:16:57 - [MESSAGE][PASSED] - Object '' is present

2018-09-28 16:16:57 - [MESSAGE][PASSED] - Text of object '' is: '5'

2018-09-28 16:16:57 - [MESSAGE][PASSED] - Keyword VerifyNumberItemInCart is Passed, Number item in cart is 5, expected is 5

2018-09-28 16:16:57 - [TEST_STEP][PASSED] - beautytap.ShopAction.VerifyProductIsAddedToCart: beautytap.ShopAction.VerifyProductIsAddedToCart is PASSED

2018-09-28 16:16:57 - [MESSAGE][PASSED] - Object '' is present

2018-09-28 16:16:57 - [MESSAGE][PASSED] - beautytap.ShopAction.VerifyProductIsAddedToCart is PASSED

2018-09-28 16:16:57 - [TEST_STEP][PASSED] - beautytap.ShopAction.goToCart: beautytap.ShopAction.goToCart is PASSED

2018-09-28 16:16:57 - [MESSAGE][PASSED] - Object 'Object Repository/Page_General/icon_cart' is present

2018-09-28 16:17:02 - [MESSAGE][PASSED] - Object: 'Object Repository/Page_General/icon_cart' is clicked on

2018-09-28 16:17:02 - [MESSAGE][PASSED] - Wait for page load successfully

2018-09-28 16:17:02 - [MESSAGE][PASSED] - beautytap.ShopAction.goToCart is PASSED

2018-09-28 16:17:02 - [TEST_STEP][PASSED] - beautytap.ShopAction.VerifyProductInCart: Keyword VerifyProductInCart is Passed

2018-09-28 16:17:02 - [MESSAGE][PASSED] - Object '' is present

2018-09-28 16:17:02 - [MESSAGE][PASSED] - Object '' is present

2018-09-28 16:17:02 - [MESSAGE][PASSED] - Text of object '' is: '$4.95'

2018-09-28 16:17:02 - [MESSAGE][PASSED] - Attribute 'value' of object '' is: '5'

2018-09-28 16:17:02 - [MESSAGE][PASSED] - Text of object '' is: '$24.75'

2018-09-28 16:17:02 - [MESSAGE][PASSED] - Keyword VerifyProductInCart is Passed

2018-09-28 16:17:02 - [TEST_STEP][PASSED] - beautytap.ShopAction.loginAmazonPay: beautytap.ShopAction.loginAmazonPay is PASSED

2018-09-28 16:17:02 - [MESSAGE][PASSED] - Object: 'Object Repository/Page_Cart/btn_payWithAmazon' is clicked on

2018-09-28 16:17:02 - [MESSAGE][PASSED] - Switched to window with index: '1'

2018-09-28 16:17:04 - [MESSAGE][PASSED] - Object 'Object Repository/Popup_Amazon/txt_email' is present

2018-09-28 16:17:04 - [MESSAGE][PASSED] - Text of object 'Object Repository/Popup_Amazon/txt_email' is cleared

2018-09-28 16:17:04 - [MESSAGE][PASSED] - Keys 'amazontest1503@yopmail.com' sent to object: 'Object Repository/Popup_Amazon/txt_email'

2018-09-28 16:17:04 - [MESSAGE][PASSED] - Text of object 'Object Repository/Popup_Amazon/txt_password' is cleared

2018-09-28 16:17:04 - [MESSAGE][PASSED] - Keys '123456' sent to object: 'Object Repository/Popup_Amazon/txt_password'

2018-09-28 16:17:08 - [MESSAGE][PASSED] - Object: 'Object Repository/Popup_Amazon/btn_signin' is clicked on

2018-09-28 16:17:08 - [MESSAGE][PASSED] - Switched to window with index: '0'

2018-09-28 16:17:38 - [MESSAGE][PASSED] - Delayed 30 second(s)

2018-09-28 16:17:38 - [MESSAGE][PASSED] - beautytap.ShopAction.loginAmazonPay is PASSED

2018-09-28 16:17:38 - [TEST_STEP][PASSED] - beautytap.ShopAction.selectShipping: beautytap.ShopAction.selectShipping is PASSED

2018-09-28 16:17:38 - [MESSAGE][PASSED] - Object '' is checked

2018-09-28 16:17:43 - [MESSAGE][PASSED] - Delayed 5 second(s)

2018-09-28 16:17:43 - [MESSAGE][PASSED] - beautytap.ShopAction.selectShipping is PASSED

2018-09-28 16:17:43 - [TEST_STEP][PASSED] - beautytap.ShopAction.VerifyOrderDetailsOnCheckout: Keyword VerifyOrderDetailsOnCheckout is Passed

2018-09-28 16:17:43 - [MESSAGE][PASSED] - Object '' is present

2018-09-28 16:17:43 - [MESSAGE][PASSED] - Text of object '' is: '$24.75'

2018-09-28 16:17:43 - [MESSAGE][PASSED] - Object '' has attribute 'checked'

2018-09-28 16:17:43 - [MESSAGE][PASSED] - Text of object '' is: '($25) - EMS Express shipping (est. 10-14 working days delivery including processing): $25.00'

2018-09-28 16:17:43 - [MESSAGE][PASSED] - Text of object '' is: '$25.00'

2018-09-28 16:17:43 - [MESSAGE][PASSED] - Text of object '' is: '$49.75'

2018-09-28 16:17:43 - [MESSAGE][PASSED] - Keyword VerifyOrderDetailsOnCheckout is Passed

2018-09-28 16:17:43 - [TEST_STEP][PASSED] - beautytap.ShopAction.checkoutViaAmazonPay: beautytap.ShopAction.checkoutViaAmazonPay is PASSED

2018-09-28 16:17:43 - [MESSAGE][PASSED] - Object 'Object Repository/Page_Checkout/chk_terms' is clickable

2018-09-28 16:17:43 - [MESSAGE][PASSED] - Object 'Object Repository/Page_Checkout/chk_terms' is checked

2018-09-28 16:17:44 - [MESSAGE][PASSED] - Object: 'Object Repository/Page_Checkout/btn_placeOrder' is clicked on

2018-09-28 16:17:56 - [MESSAGE][PASSED] - Object 'Object Repository/Page_Checkout/lbl_orderReceived' is present

2018-09-28 16:17:56 - [MESSAGE][PASSED] - beautytap.ShopAction.checkoutViaAmazonPay is PASSED

2018-09-28 16:17:56 - [TEST_STEP][PASSED] - beautytap.ShopAction.VerifyOrderReceivedDetails: Keyword VerifyOrderReceivedDetails is Passed

2018-09-28 16:17:56 - [MESSAGE][PASSED] - Object '' is present

2018-09-28 16:17:56 - [MESSAGE][PASSED] - Text of object '' is: '$24.75'

2018-09-28 16:17:56 - [MESSAGE][PASSED] - Text of object '' is: '$25.00 via ($25) - EMS Express shipping (est. 10-14 working days delivery including processing)'

2018-09-28 16:17:56 - [MESSAGE][PASSED] - Object '' is present

2018-09-28 16:17:57 - [MESSAGE][PASSED] - Text of object '' is: '$25.00'

2018-09-28 16:17:57 - [MESSAGE][PASSED] - Text of object '' is: 'Amazon Pay'

2018-09-28 16:17:57 - [MESSAGE][PASSED] - Text of object '' is: '$49.75'

2018-09-28 16:17:57 - [MESSAGE][PASSED] - Keyword VerifyOrderReceivedDetails is Passed

2018-09-28 16:17:57 - [TEST_STEP][PASSED] - closeBrowser: Browser is closed

2018-09-28 16:17:57 - [MESSAGE][PASSED] - Browser is closed]]></system-out>
         <system-err><![CDATA[]]></system-err>
      </testcase>
      <system-out><![CDATA[2018-09-28 15:54:56 - [TEST_SUITE][PASSED] - Regression: Test Cases/Shop/TC06_Browse_VariationProduct_Sale_AmazonPayAtCart_LessThan60_EMS]]></system-out>
      <system-err><![CDATA[]]></system-err>
   </testsuite>
</testsuites>
