<?xml version="1.0" encoding="UTF-8"?>
<testsuites name="Shop" time="1078" tests="5" failures="1" errors="0">
   <testsuite name="Shop" tests="5" failures="1" errors="0" time="1078" timestamp="2018-09-21 15:38:04" hostname="Trang Nguyen - DESKTOP-G1UHP65" id="Test Suites/Shop">
      <properties>
         <property name="deviceName" value=""/>
         <property name="devicePlatform" value=""/>
         <property name="logFolder" value="E:\\BeautytapAutomation\\beautytapAuto\\Beautytap\\Reports\\Shop\\20180921_153802"/>
         <property name="logFiles" value="E:\\BeautytapAutomation\\beautytapAuto\\Beautytap\\Reports\\Shop\\20180921_153802\\execution0.log"/>
         <property name="attachments" value="E:\\BeautytapAutomation\\beautytapAuto\\Beautytap\\Reports\\Shop\\20180921_153802\\1537519129392.png, E:\\BeautytapAutomation\\beautytapAuto\\Beautytap\\Reports\\Shop\\20180921_153802\\1537519185236.png, E:\\BeautytapAutomation\\beautytapAuto\\Beautytap\\Reports\\Shop\\20180921_153802\\1537519256625.png, E:\\BeautytapAutomation\\beautytapAuto\\Beautytap\\Reports\\Shop\\20180921_153802\\1537519301067.png, E:\\BeautytapAutomation\\beautytapAuto\\Beautytap\\Reports\\Shop\\20180921_153802\\1537519315514.png, E:\\BeautytapAutomation\\beautytapAuto\\Beautytap\\Reports\\Shop\\20180921_153802\\1537519337966.png, E:\\BeautytapAutomation\\beautytapAuto\\Beautytap\\Reports\\Shop\\20180921_153802\\1537519435221.png, E:\\BeautytapAutomation\\beautytapAuto\\Beautytap\\Reports\\Shop\\20180921_153802\\1537519485569.png, E:\\BeautytapAutomation\\beautytapAuto\\Beautytap\\Reports\\Shop\\20180921_153802\\1537519518776.png, E:\\BeautytapAutomation\\beautytapAuto\\Beautytap\\Reports\\Shop\\20180921_153802\\1537519740872.png, E:\\BeautytapAutomation\\beautytapAuto\\Beautytap\\Reports\\Shop\\20180921_153802\\1537519825869.png, E:\\BeautytapAutomation\\beautytapAuto\\Beautytap\\Reports\\Shop\\20180921_153802\\1537520041216.png"/>
         <property name="hostName" value="Trang Nguyen - DESKTOP-G1UHP65"/>
         <property name="os" value="Windows 10 64bit"/>
         <property name="katalonVersion" value="5.5.0.1"/>
         <property name="browser" value="Chrome 69.0.3497.100"/>
         <property name="hostAddress" value="10.0.0.86"/>
         <property name="sessionId" value="808fedcef2d50357a2eaf6ce9e7be1d1"/>
         <property name="seleniumVersion" value="3.7.1"/>
         <property name="proxyInformation" value="ProxyInformation{proxyOption=NO_PROXY, proxyServerType=HTTP, password=, proxyServerAddress=, proxyServerPort=0}"/>
         <property name="platform" value="Windows 10"/>
      </properties>
      <testcase name="Test Cases/Shop/TC03_Search_SimpleProduct_Sale_Creditcard_LessThan60_Normal" classname="Test Cases/Shop/TC03_Search_SimpleProduct_Sale_Creditcard_LessThan60_Normal" status="FAILED">
         <failure type="FAILED" message="Unable to click on object '' (Root cause: org.openqa.selenium.StaleElementReferenceException: stale element reference: element is not attached to the page document
  (Session info: chrome=69.0.3497.100)
  (Driver info: chromedriver=2.35.528161 (5b82f2d2aae0ca24b877009200ced9065a772e73),platform=Windows NT 10.0.17134 x86_64) (WARNING: The server did not provide any stacktrace information)
Command duration or timeout: 0 milliseconds
For documentation on this error, please visit: http://seleniumhq.org/exceptions/stale_element_reference.html
Build info: version: '3.7.1', revision: '8a0099a', time: '2017-11-06T21:07:36.161Z'
System info: host: 'DESKTOP-G1UHP65', ip: '10.0.0.86', os.name: 'Windows 10', os.arch: 'amd64', os.version: '10.0', java.version: '1.8.0_102'
Driver info: com.kms.katalon.selenium.driver.CChromeDriver
Capabilities {acceptInsecureCerts: false, acceptSslCerts: false, applicationCacheEnabled: false, browserConnectionEnabled: false, browserName: chrome, chrome: {chromedriverVersion: 2.35.528161 (5b82f2d2aae0ca..., userDataDir: C:\Users\TRANGN~1\AppData\L...}, cssSelectorsEnabled: true, databaseEnabled: false, handlesAlerts: true, hasTouchScreen: false, javascriptEnabled: true, locationContextEnabled: true, mobileEmulationEnabled: false, nativeEvents: true, networkConnectionEnabled: false, pageLoadStrategy: normal, platform: XP, platformName: XP, rotatable: false, setWindowRect: true, takesHeapSnapshot: true, takesScreenshot: true, unexpectedAlertBehaviour: , unhandledPromptBehavior: , version: 69.0.3497.100, webStorageEnabled: true}
Session ID: d44c470eb36e8b786a9092ee4943a83a)"/>
         <system-out><![CDATA[2018-09-21 15:38:04 - [TEST_CASE][FAILED] - Test Cases/Shop/TC03_Search_SimpleProduct_Sale_Creditcard_LessThan60_Normal: Test Cases/Shop/TC03_Search_SimpleProduct_Sale_Creditcard_LessThan60_Normal FAILED because (of) Unable to click on object '' (Root cause: org.openqa.selenium.StaleElementReferenceException: stale element reference: element is not attached to the page document
  (Session info: chrome=69.0.3497.100)
  (Driver info: chromedriver=2.35.528161 (5b82f2d2aae0ca24b877009200ced9065a772e73),platform=Windows NT 10.0.17134 x86_64) (WARNING: The server did not provide any stacktrace information)
Command duration or timeout: 0 milliseconds
For documentation on this error, please visit: http://seleniumhq.org/exceptions/stale_element_reference.html
Build info: version: '3.7.1', revision: '8a0099a', time: '2017-11-06T21:07:36.161Z'
System info: host: 'DESKTOP-G1UHP65', ip: '10.0.0.86', os.name: 'Windows 10', os.arch: 'amd64', os.version: '10.0', java.version: '1.8.0_102'
Driver info: com.kms.katalon.selenium.driver.CChromeDriver
Capabilities {acceptInsecureCerts: false, acceptSslCerts: false, applicationCacheEnabled: false, browserConnectionEnabled: false, browserName: chrome, chrome: {chromedriverVersion: 2.35.528161 (5b82f2d2aae0ca..., userDataDir: C:\Users\TRANGN~1\AppData\L...}, cssSelectorsEnabled: true, databaseEnabled: false, handlesAlerts: true, hasTouchScreen: false, javascriptEnabled: true, locationContextEnabled: true, mobileEmulationEnabled: false, nativeEvents: true, networkConnectionEnabled: false, pageLoadStrategy: normal, platform: XP, platformName: XP, rotatable: false, setWindowRect: true, takesHeapSnapshot: true, takesScreenshot: true, unexpectedAlertBehaviour: , unhandledPromptBehavior: , version: 69.0.3497.100, webStorageEnabled: true}
Session ID: d44c470eb36e8b786a9092ee4943a83a)

2018-09-21 15:38:05 - [TEST_STEP][PASSED] - Statement - productName = SIMPLE_SALE_PRODUCT: null

2018-09-21 15:38:05 - [TEST_STEP][PASSED] - Statement - searchName = productName.substring(0, productName.indexOf("/")): null

2018-09-21 15:38:05 - [TEST_STEP][PASSED] - Statement - saleprice = SIMPLE_SALE_PRICE: null

2018-09-21 15:38:06 - [TEST_STEP][PASSED] - Statement - regularprice = SIMPLE_SALE_REGULAR_PRICE: null

2018-09-21 15:38:06 - [TEST_STEP][PASSED] - Statement - r_string = new java.lang.Math().random().toString().substring(2, 8): null

2018-09-21 15:38:06 - [TEST_STEP][PASSED] - Statement - email = "auto" + r_string + "@mailinator.com": null

2018-09-21 15:38:06 - [TEST_STEP][PASSED] - Statement - orderNote = "auto" + r_string + "Order": null

2018-09-21 15:38:06 - [TEST_STEP][PASSED] - Statement - currentNumberItemInCart = <not implemented yet for class: org.codehaus.groovy.ast.expr.EmptyExpression>: null

2018-09-21 15:38:06 - [TEST_STEP][PASSED] - Statement - quantity = 1: null

2018-09-21 15:38:06 - [TEST_STEP][PASSED] - Statement - subtotal = CustomKeywords.beautytap.ShopAction.calculateTotal(quantity, saleprice): beautytap.ShopAction.calculateTotal is PASSED

2018-09-21 15:38:06 - [MESSAGE][PASSED] - beautytap.ShopAction.calculateTotal is PASSED

2018-09-21 15:38:06 - [TEST_STEP][PASSED] - Statement - total = subtotal + SHIPPING_PRICE: null

2018-09-21 15:38:06 - [TEST_STEP][PASSED] - Statement - total = CustomKeywords.beautytap.ShopAction.calculateTotal(1, total): beautytap.ShopAction.calculateTotal is PASSED

2018-09-21 15:38:06 - [MESSAGE][PASSED] - beautytap.ShopAction.calculateTotal is PASSED

2018-09-21 15:38:06 - [TEST_STEP][PASSED] - Statement - products = new org.json.JSONArray((((((([{"productname":" + productName) + ","variation":"","quantity":") + quantity) + ","price":") + saleprice) + "}])): null

2018-09-21 15:38:06 - [TEST_STEP][PASSED] - Statement - billingInformation = new org.json.JSONObject((({"firstname":"Test","lastname":"Automation","country":"United States (US)","address":"123 Testing","city":"New York","state":"New York","zip":"90012","email":" + email) + "})): null

2018-09-21 15:38:06 - [TEST_STEP][PASSED] - Statement - shippingLabel = SHIPPING_LABEL: null

2018-09-21 15:38:06 - [TEST_STEP][PASSED] - Statement - shippingPrice = SHIPPING_PRICE: null

2018-09-21 15:38:06 - [TEST_STEP][PASSED] - Statement - shippingType = "normal": null

2018-09-21 15:38:06 - [TEST_STEP][PASSED] - Statement - paymentMethod = "Credit Card Payment": null

2018-09-21 15:38:06 - [TEST_STEP][PASSED] - beautytap.GeneralAction.openBeautytap: beautytap.GeneralAction.openBeautytap is PASSED

2018-09-21 15:38:34 - [MESSAGE][PASSED] - Browser is opened with url: 'https://stage.beautytap.com'

2018-09-21 15:38:35 - [MESSAGE][PASSED] - Current window maximized

2018-09-21 15:38:39 - [MESSAGE][PASSED] - Refresh successfully

2018-09-21 15:38:39 - [MESSAGE][PASSED] - Wait for page load successfully

2018-09-21 15:38:39 - [MESSAGE][PASSED] - beautytap.GeneralAction.openBeautytap is PASSED

2018-09-21 15:38:39 - [TEST_STEP][PASSED] - beautytap.ShopAction.globalSearch: beautytap.ShopAction.globalSearch is PASSED

2018-09-21 15:38:40 - [MESSAGE][PASSED] - Object: 'Object Repository/Page_General/icon_search' is clicked on

2018-09-21 15:38:45 - [MESSAGE][PASSED] - Delayed 5 second(s)

2018-09-21 15:38:46 - [MESSAGE][PASSED] - Text of object 'Object Repository/Page_General/txt_search' is cleared

2018-09-21 15:38:46 - [MESSAGE][PASSED] - Keys 'CONTROL + v' sent to object: 'Object Repository/Page_General/txt_search'

2018-09-21 15:38:48 - [MESSAGE][PASSED] - Object 'Object Repository/Page_General/div_searchResult' is present

2018-09-21 15:38:48 - [MESSAGE][PASSED] - beautytap.ShopAction.globalSearch is PASSED

2018-09-21 15:38:48 - [TEST_STEP][PASSED] - beautytap.ShopAction.VerifyProductOnSearchResult: Keyword VerifyProductOnSearchResult is Passed

2018-09-21 15:38:48 - [MESSAGE][PASSED] - Object '' is present

2018-09-21 15:38:48 - [MESSAGE][PASSED] - Text of object '' is: '$12.50'

2018-09-21 15:38:48 - [MESSAGE][PASSED] - Get CSS 'color' value on '' successfully: 'rgba(195, 195, 195, 1)'.

2018-09-21 15:38:48 - [MESSAGE][PASSED] - Get CSS 'color' value on '' successfully: 'rgba(195, 195, 195, 1)'.

2018-09-21 15:38:49 - [MESSAGE][PASSED] - Text of object '' is: '$11.99'

2018-09-21 15:38:49 - [MESSAGE][PASSED] - Get CSS 'color' value on '' successfully: 'rgba(255, 35, 134, 1)'.

2018-09-21 15:38:49 - [MESSAGE][PASSED] - Get CSS 'color' value on '' successfully: 'rgba(255, 35, 134, 1)'.

2018-09-21 15:38:49 - [MESSAGE][PASSED] - Keyword VerifyProductOnSearchResult is Passed

2018-09-21 15:38:49 - [TEST_STEP][FAILED] - beautytap.ShopAction.selectProductOnSearchResult: Unable to click on object '' (Root cause: org.openqa.selenium.StaleElementReferenceException: stale element reference: element is not attached to the page document
  (Session info: chrome=69.0.3497.100)
  (Driver info: chromedriver=2.35.528161 (5b82f2d2aae0ca24b877009200ced9065a772e73),platform=Windows NT 10.0.17134 x86_64) (WARNING: The server did not provide any stacktrace information)
Command duration or timeout: 0 milliseconds
For documentation on this error, please visit: http://seleniumhq.org/exceptions/stale_element_reference.html
Build info: version: '3.7.1', revision: '8a0099a', time: '2017-11-06T21:07:36.161Z'
System info: host: 'DESKTOP-G1UHP65', ip: '10.0.0.86', os.name: 'Windows 10', os.arch: 'amd64', os.version: '10.0', java.version: '1.8.0_102'
Driver info: com.kms.katalon.selenium.driver.CChromeDriver
Capabilities {acceptInsecureCerts: false, acceptSslCerts: false, applicationCacheEnabled: false, browserConnectionEnabled: false, browserName: chrome, chrome: {chromedriverVersion: 2.35.528161 (5b82f2d2aae0ca..., userDataDir: C:\Users\TRANGN~1\AppData\L...}, cssSelectorsEnabled: true, databaseEnabled: false, handlesAlerts: true, hasTouchScreen: false, javascriptEnabled: true, locationContextEnabled: true, mobileEmulationEnabled: false, nativeEvents: true, networkConnectionEnabled: false, pageLoadStrategy: normal, platform: XP, platformName: XP, rotatable: false, setWindowRect: true, takesHeapSnapshot: true, takesScreenshot: true, unexpectedAlertBehaviour: , unhandledPromptBehavior: , version: 69.0.3497.100, webStorageEnabled: true}
Session ID: d44c470eb36e8b786a9092ee4943a83a)

2018-09-21 15:38:49 - [MESSAGE][FAILED] - Unable to click on object '' (Root cause: org.openqa.selenium.StaleElementReferenceException: stale element reference: element is not attached to the page document
  (Session info: chrome=69.0.3497.100)
  (Driver info: chromedriver=2.35.528161 (5b82f2d2aae0ca24b877009200ced9065a772e73),platform=Windows NT 10.0.17134 x86_64) (WARNING: The server did not provide any stacktrace information)
Command duration or timeout: 0 milliseconds
For documentation on this error, please visit: http://seleniumhq.org/exceptions/stale_element_reference.html
Build info: version: '3.7.1', revision: '8a0099a', time: '2017-11-06T21:07:36.161Z'
System info: host: 'DESKTOP-G1UHP65', ip: '10.0.0.86', os.name: 'Windows 10', os.arch: 'amd64', os.version: '10.0', java.version: '1.8.0_102'
Driver info: com.kms.katalon.selenium.driver.CChromeDriver
Capabilities {acceptInsecureCerts: false, acceptSslCerts: false, applicationCacheEnabled: false, browserConnectionEnabled: false, browserName: chrome, chrome: {chromedriverVersion: 2.35.528161 (5b82f2d2aae0ca..., userDataDir: C:\Users\TRANGN~1\AppData\L...}, cssSelectorsEnabled: true, databaseEnabled: false, handlesAlerts: true, hasTouchScreen: false, javascriptEnabled: true, locationContextEnabled: true, mobileEmulationEnabled: false, nativeEvents: true, networkConnectionEnabled: false, pageLoadStrategy: normal, platform: XP, platformName: XP, rotatable: false, setWindowRect: true, takesHeapSnapshot: true, takesScreenshot: true, unexpectedAlertBehaviour: , unhandledPromptBehavior: , version: 69.0.3497.100, webStorageEnabled: true}
Session ID: d44c470eb36e8b786a9092ee4943a83a)
[[ATTACHMENT|E:\\BeautytapAutomation\\beautytapAuto\\Beautytap\\Reports\\Shop\\20180921_153802\\1537519129392.png]]

2018-09-21 15:38:49 - [MESSAGE][FAILED] - Unable to click on object '' (Root cause: org.openqa.selenium.StaleElementReferenceException: stale element reference: element is not attached to the page document
  (Session info: chrome=69.0.3497.100)
  (Driver info: chromedriver=2.35.528161 (5b82f2d2aae0ca24b877009200ced9065a772e73),platform=Windows NT 10.0.17134 x86_64) (WARNING: The server did not provide any stacktrace information)
Command duration or timeout: 0 milliseconds
For documentation on this error, please visit: http://seleniumhq.org/exceptions/stale_element_reference.html
Build info: version: '3.7.1', revision: '8a0099a', time: '2017-11-06T21:07:36.161Z'
System info: host: 'DESKTOP-G1UHP65', ip: '10.0.0.86', os.name: 'Windows 10', os.arch: 'amd64', os.version: '10.0', java.version: '1.8.0_102'
Driver info: com.kms.katalon.selenium.driver.CChromeDriver
Capabilities {acceptInsecureCerts: false, acceptSslCerts: false, applicationCacheEnabled: false, browserConnectionEnabled: false, browserName: chrome, chrome: {chromedriverVersion: 2.35.528161 (5b82f2d2aae0ca..., userDataDir: C:\Users\TRANGN~1\AppData\L...}, cssSelectorsEnabled: true, databaseEnabled: false, handlesAlerts: true, hasTouchScreen: false, javascriptEnabled: true, locationContextEnabled: true, mobileEmulationEnabled: false, nativeEvents: true, networkConnectionEnabled: false, pageLoadStrategy: normal, platform: XP, platformName: XP, rotatable: false, setWindowRect: true, takesHeapSnapshot: true, takesScreenshot: true, unexpectedAlertBehaviour: , unhandledPromptBehavior: , version: 69.0.3497.100, webStorageEnabled: true}
Session ID: d44c470eb36e8b786a9092ee4943a83a)]]></system-out>
         <system-err><![CDATA[2018-09-21 15:38:04 - [TEST_CASE][FAILED] - Test Cases/Shop/TC03_Search_SimpleProduct_Sale_Creditcard_LessThan60_Normal: Test Cases/Shop/TC03_Search_SimpleProduct_Sale_Creditcard_LessThan60_Normal FAILED because (of) Unable to click on object '' (Root cause: org.openqa.selenium.StaleElementReferenceException: stale element reference: element is not attached to the page document
  (Session info: chrome=69.0.3497.100)
  (Driver info: chromedriver=2.35.528161 (5b82f2d2aae0ca24b877009200ced9065a772e73),platform=Windows NT 10.0.17134 x86_64) (WARNING: The server did not provide any stacktrace information)
Command duration or timeout: 0 milliseconds
For documentation on this error, please visit: http://seleniumhq.org/exceptions/stale_element_reference.html
Build info: version: '3.7.1', revision: '8a0099a', time: '2017-11-06T21:07:36.161Z'
System info: host: 'DESKTOP-G1UHP65', ip: '10.0.0.86', os.name: 'Windows 10', os.arch: 'amd64', os.version: '10.0', java.version: '1.8.0_102'
Driver info: com.kms.katalon.selenium.driver.CChromeDriver
Capabilities {acceptInsecureCerts: false, acceptSslCerts: false, applicationCacheEnabled: false, browserConnectionEnabled: false, browserName: chrome, chrome: {chromedriverVersion: 2.35.528161 (5b82f2d2aae0ca..., userDataDir: C:\Users\TRANGN~1\AppData\L...}, cssSelectorsEnabled: true, databaseEnabled: false, handlesAlerts: true, hasTouchScreen: false, javascriptEnabled: true, locationContextEnabled: true, mobileEmulationEnabled: false, nativeEvents: true, networkConnectionEnabled: false, pageLoadStrategy: normal, platform: XP, platformName: XP, rotatable: false, setWindowRect: true, takesHeapSnapshot: true, takesScreenshot: true, unexpectedAlertBehaviour: , unhandledPromptBehavior: , version: 69.0.3497.100, webStorageEnabled: true}
Session ID: d44c470eb36e8b786a9092ee4943a83a)]]></system-err>
      </testcase>
      <testcase name="Test Cases/Shop/TC04_Search_VariationProduct_NotSale_AmazonPay_GreaterThan200" classname="Test Cases/Shop/TC04_Search_VariationProduct_NotSale_AmazonPay_GreaterThan200" status="PASSED">
         <system-out><![CDATA[2018-09-21 15:38:51 - [TEST_CASE][PASSED] - Test Cases/Shop/TC04_Search_VariationProduct_NotSale_AmazonPay_GreaterThan200: Test Cases/Shop/TC04_Search_VariationProduct_NotSale_AmazonPay_GreaterThan200

2018-09-21 15:38:52 - [TEST_STEP][PASSED] - Statement - productName = VARIATION_PRODUCT: null

2018-09-21 15:38:52 - [TEST_STEP][PASSED] - Statement - price = VARIATION_PRICE1: null

2018-09-21 15:38:52 - [TEST_STEP][PASSED] - Statement - variation = VARIATION_NAME1: null

2018-09-21 15:38:52 - [TEST_STEP][PASSED] - Statement - r_string = new java.lang.Math().random().toString().substring(2, 8): null

2018-09-21 15:38:52 - [TEST_STEP][PASSED] - Statement - email = "auto" + r_string + "@mailinator.com": null

2018-09-21 15:38:52 - [TEST_STEP][PASSED] - Statement - orderNote = "auto" + r_string + "Order": null

2018-09-21 15:38:52 - [TEST_STEP][PASSED] - Statement - currentNumberItemInCart = <not implemented yet for class: org.codehaus.groovy.ast.expr.EmptyExpression>: null

2018-09-21 15:38:52 - [TEST_STEP][PASSED] - Statement - quantity = 8: null

2018-09-21 15:38:52 - [TEST_STEP][PASSED] - Statement - subtotal = CustomKeywords.beautytap.ShopAction.calculateTotal(quantity, price): beautytap.ShopAction.calculateTotal is PASSED

2018-09-21 15:38:52 - [MESSAGE][PASSED] - beautytap.ShopAction.calculateTotal is PASSED

2018-09-21 15:38:52 - [TEST_STEP][PASSED] - Statement - total = subtotal: null

2018-09-21 15:38:52 - [TEST_STEP][PASSED] - Statement - total = CustomKeywords.beautytap.ShopAction.calculateTotal(1, total): beautytap.ShopAction.calculateTotal is PASSED

2018-09-21 15:38:52 - [MESSAGE][PASSED] - beautytap.ShopAction.calculateTotal is PASSED

2018-09-21 15:38:52 - [TEST_STEP][PASSED] - Statement - products = new org.json.JSONArray((((((((([{"productname":" + productName) + ","variation":") + variation) + ","quantity":") + quantity) + ","price":") + price) + "}])): null

2018-09-21 15:38:52 - [TEST_STEP][PASSED] - Statement - billingInformation = new org.json.JSONObject((({"firstname":"Test","lastname":"Automation","country":"United States (US)","address":"123 Testing","city":"New York","state":"New York","zip":"90012","email":" + email) + "})): null

2018-09-21 15:38:52 - [TEST_STEP][PASSED] - Statement - shippingLabel = FREE_EMS_SHIPPING_LABEL: null

2018-09-21 15:38:52 - [TEST_STEP][PASSED] - Statement - shippingPrice = 0: null

2018-09-21 15:38:52 - [TEST_STEP][PASSED] - Statement - shippingType = "freeEMS": null

2018-09-21 15:38:52 - [TEST_STEP][PASSED] - Statement - paymentMethod = "Amazon Pay": null

2018-09-21 15:38:52 - [TEST_STEP][PASSED] - beautytap.GeneralAction.openBeautytap: beautytap.GeneralAction.openBeautytap is PASSED

2018-09-21 15:38:52 - [MESSAGE][WARNING] - A browser is already opened. Closing browser and opening a new one

2018-09-21 15:39:17 - [MESSAGE][PASSED] - Browser is opened with url: 'https://stage.beautytap.com'

2018-09-21 15:39:18 - [MESSAGE][PASSED] - Current window maximized

2018-09-21 15:39:22 - [MESSAGE][PASSED] - Refresh successfully

2018-09-21 15:39:23 - [MESSAGE][PASSED] - Wait for page load successfully

2018-09-21 15:39:23 - [MESSAGE][PASSED] - beautytap.GeneralAction.openBeautytap is PASSED

2018-09-21 15:39:23 - [TEST_STEP][PASSED] - beautytap.ShopAction.globalSearch: beautytap.ShopAction.globalSearch is PASSED

2018-09-21 15:39:23 - [MESSAGE][PASSED] - Object: 'Object Repository/Page_General/icon_search' is clicked on

2018-09-21 15:39:28 - [MESSAGE][PASSED] - Delayed 5 second(s)

2018-09-21 15:39:28 - [MESSAGE][PASSED] - Text of object 'Object Repository/Page_General/txt_search' is cleared

2018-09-21 15:39:28 - [MESSAGE][PASSED] - Keys 'CONTROL + v' sent to object: 'Object Repository/Page_General/txt_search'

2018-09-21 15:39:30 - [MESSAGE][PASSED] - Object 'Object Repository/Page_General/div_searchResult' is present

2018-09-21 15:39:30 - [MESSAGE][PASSED] - beautytap.ShopAction.globalSearch is PASSED

2018-09-21 15:39:30 - [TEST_STEP][PASSED] - beautytap.ShopAction.VerifyProductOnSearchResult: Keyword VerifyProductOnSearchResult is Passed

2018-09-21 15:39:30 - [MESSAGE][PASSED] - Object '' is present

2018-09-21 15:39:30 - [MESSAGE][PASSED] - Text of object '' is: '$26.70'

2018-09-21 15:39:30 - [MESSAGE][PASSED] - Get CSS 'color' value on '' successfully: 'rgba(255, 35, 134, 1)'.

2018-09-21 15:39:30 - [MESSAGE][PASSED] - Get CSS 'color' value on '' successfully: 'rgba(255, 35, 134, 1)'.

2018-09-21 15:39:30 - [MESSAGE][PASSED] - Keyword VerifyProductOnSearchResult is Passed

2018-09-21 15:39:30 - [TEST_STEP][PASSED] - beautytap.ShopAction.selectProductOnSearchResult: beautytap.ShopAction.selectProductOnSearchResult is PASSED

2018-09-21 15:39:37 - [MESSAGE][PASSED] - Object: '' is clicked on

2018-09-21 15:39:37 - [MESSAGE][PASSED] - Wait for page load successfully

2018-09-21 15:39:37 - [MESSAGE][PASSED] - beautytap.ShopAction.selectProductOnSearchResult is PASSED

2018-09-21 15:39:37 - [TEST_STEP][PASSED] - beautytap.ShopAction.selectProductVariation: beautytap.ShopAction.selectProductVariation is PASSED

2018-09-21 15:39:37 - [MESSAGE][PASSED] - Object: 'Object Repository/Page_Shop/drop_chooseOption' is clicked on

2018-09-21 15:39:38 - [MESSAGE][PASSED] - Delayed 1 second(s)

2018-09-21 15:39:38 - [MESSAGE][PASSED] - Object: '' is clicked on

2018-09-21 15:39:38 - [MESSAGE][PASSED] - beautytap.ShopAction.selectProductVariation is PASSED

2018-09-21 15:39:38 - [TEST_STEP][PASSED] - beautytap.ShopAction.VerifyProductDetails: Keyword VerifyProductDetails is Passed

2018-09-21 15:39:39 - [MESSAGE][PASSED] - Text of object '' is: 'MeloMELI Unicorn Heart Lake Cushion â€” 2 Choices'

2018-09-21 15:39:39 - [MESSAGE][PASSED] - All options with label 'Vanilla Beige' are selected in object 'Object Repository/Page_Shop/drop_chooseOption' 

2018-09-21 15:39:39 - [MESSAGE][PASSED] - Text of object '' is: '$26.70'

2018-09-21 15:39:39 - [MESSAGE][PASSED] - Get CSS 'color' value on '' successfully: 'rgba(255, 35, 134, 1)'.

2018-09-21 15:39:39 - [MESSAGE][PASSED] - Keyword VerifyProductDetails is Passed

2018-09-21 15:39:39 - [TEST_STEP][PASSED] - Statement - currentNumberItemInCart = CustomKeywords.beautytap.ShopAction.getNumberItemInCart(): beautytap.ShopAction.getNumberItemInCart is PASSED

2018-09-21 15:39:45 - [MESSAGE][WARNING] - com.kms.katalon.core.webui.exception.WebElementNotFoundException: Web element with id: '' located by 'By.xpath: //div[@class='header-right-top pull-right']/a[@class='shop-cart']/span[@class='number-cart']' not found
[[ATTACHMENT|E:\\BeautytapAutomation\\beautytapAuto\\Beautytap\\Reports\\Shop\\20180921_153802\\1537519185236.png]]

2018-09-21 15:39:45 - [MESSAGE][PASSED] - beautytap.ShopAction.getNumberItemInCart is PASSED

2018-09-21 15:39:45 - [TEST_STEP][PASSED] - beautytap.ShopAction.addProductToCart: beautytap.ShopAction.addProductToCart is PASSED

2018-09-21 15:39:45 - [MESSAGE][PASSED] - Text of object 'Object Repository/Page_Shop/txt_quantity' is cleared

2018-09-21 15:39:45 - [MESSAGE][PASSED] - Keys '8' sent to object: 'Object Repository/Page_Shop/txt_quantity'

2018-09-21 15:39:46 - [MESSAGE][PASSED] - Object: 'Object Repository/Page_Shop/btn_addToCart' is clicked on

2018-09-21 15:39:46 - [MESSAGE][PASSED] - Wait for page load successfully

2018-09-21 15:39:51 - [MESSAGE][PASSED] - Object 'Object Repository/Page_Shop/lbl_message' is present

2018-09-21 15:39:51 - [MESSAGE][PASSED] - beautytap.ShopAction.addProductToCart is PASSED

2018-09-21 15:39:51 - [TEST_STEP][PASSED] - beautytap.ShopAction.VerifyNumberItemInCart: Keyword VerifyNumberItemInCart is Passed, Number item in cart is 8, expected is 8

2018-09-21 15:39:51 - [MESSAGE][PASSED] - Object '' is present

2018-09-21 15:39:51 - [MESSAGE][PASSED] - Text of object '' is: '8'

2018-09-21 15:39:51 - [MESSAGE][PASSED] - Keyword VerifyNumberItemInCart is Passed, Number item in cart is 8, expected is 8

2018-09-21 15:39:51 - [TEST_STEP][PASSED] - beautytap.ShopAction.VerifyProductIsAddedToCart: beautytap.ShopAction.VerifyProductIsAddedToCart is PASSED

2018-09-21 15:39:51 - [MESSAGE][PASSED] - Object '' is present

2018-09-21 15:39:51 - [MESSAGE][PASSED] - beautytap.ShopAction.VerifyProductIsAddedToCart is PASSED

2018-09-21 15:39:51 - [TEST_STEP][PASSED] - beautytap.ShopAction.goToCart: beautytap.ShopAction.goToCart is PASSED

2018-09-21 15:39:56 - [MESSAGE][PASSED] - Object: 'Object Repository/Page_General/icon_cart' is clicked on

2018-09-21 15:39:56 - [MESSAGE][PASSED] - Wait for page load successfully

2018-09-21 15:39:56 - [MESSAGE][PASSED] - beautytap.ShopAction.goToCart is PASSED

2018-09-21 15:39:56 - [TEST_STEP][PASSED] - beautytap.ShopAction.VerifyProductInCart: Keyword VerifyProductInCart is Passed

2018-09-21 15:39:56 - [MESSAGE][PASSED] - Object '' is present

2018-09-21 15:39:56 - [MESSAGE][PASSED] - Text of object '' is: '$26.70'

2018-09-21 15:39:56 - [MESSAGE][PASSED] - Attribute 'value' of object '' is: '8'

2018-09-21 15:39:56 - [MESSAGE][PASSED] - Text of object '' is: '$213.60'

2018-09-21 15:39:56 - [MESSAGE][PASSED] - Keyword VerifyProductInCart is Passed

2018-09-21 15:39:56 - [TEST_STEP][PASSED] - beautytap.ShopAction.processToCheckout: beautytap.ShopAction.processToCheckout is PASSED

2018-09-21 15:40:00 - [MESSAGE][PASSED] - Object: 'Object Repository/Page_Cart/btn_checkout' is clicked on

2018-09-21 15:40:00 - [MESSAGE][PASSED] - Wait for page load successfully

2018-09-21 15:40:00 - [MESSAGE][PASSED] - beautytap.ShopAction.processToCheckout is PASSED

2018-09-21 15:40:00 - [TEST_STEP][PASSED] - beautytap.ShopAction.loginAmazonPay: beautytap.ShopAction.loginAmazonPay is PASSED

2018-09-21 15:40:01 - [MESSAGE][PASSED] - Object: 'Object Repository/Page_Checkout/btn_amazonPay' is clicked on

2018-09-21 15:40:01 - [MESSAGE][PASSED] - Switched to window with index: '1'

2018-09-21 15:40:02 - [MESSAGE][PASSED] - Object 'Object Repository/Popup_Amazon/txt_email' is present

2018-09-21 15:40:03 - [MESSAGE][PASSED] - Text of object 'Object Repository/Popup_Amazon/txt_email' is cleared

2018-09-21 15:40:03 - [MESSAGE][PASSED] - Keys 'amazontest1503@yopmail.com' sent to object: 'Object Repository/Popup_Amazon/txt_email'

2018-09-21 15:40:03 - [MESSAGE][PASSED] - Text of object 'Object Repository/Popup_Amazon/txt_password' is cleared

2018-09-21 15:40:03 - [MESSAGE][PASSED] - Keys '123456' sent to object: 'Object Repository/Popup_Amazon/txt_password'

2018-09-21 15:40:07 - [MESSAGE][PASSED] - Object: 'Object Repository/Popup_Amazon/btn_signin' is clicked on

2018-09-21 15:40:07 - [MESSAGE][PASSED] - Switched to window with index: '0'

2018-09-21 15:40:37 - [MESSAGE][PASSED] - Delayed 30 second(s)

2018-09-21 15:40:37 - [MESSAGE][PASSED] - beautytap.ShopAction.loginAmazonPay is PASSED

2018-09-21 15:40:37 - [TEST_STEP][PASSED] - beautytap.ShopAction.VerifyOrderDetailsOnCheckout: Keyword VerifyOrderDetailsOnCheckout is Passed

2018-09-21 15:40:37 - [MESSAGE][PASSED] - Object '' is present

2018-09-21 15:40:37 - [MESSAGE][PASSED] - Text of object '' is: '$213.60'

2018-09-21 15:40:37 - [MESSAGE][PASSED] - Text of object '' is: 'Free EMS shipping (over $200)
Why does shipping take this long?'

2018-09-21 15:40:37 - [MESSAGE][PASSED] - Text of object '' is: '$213.60'

2018-09-21 15:40:37 - [MESSAGE][PASSED] - Keyword VerifyOrderDetailsOnCheckout is Passed

2018-09-21 15:40:37 - [TEST_STEP][PASSED] - beautytap.ShopAction.checkoutViaAmazonPay: beautytap.ShopAction.checkoutViaAmazonPay is PASSED

2018-09-21 15:40:37 - [MESSAGE][PASSED] - Object 'Object Repository/Page_Checkout/chk_terms' is clickable

2018-09-21 15:40:37 - [MESSAGE][PASSED] - Object 'Object Repository/Page_Checkout/chk_terms' is checked

2018-09-21 15:40:38 - [MESSAGE][PASSED] - Object: 'Object Repository/Page_Checkout/btn_placeOrder' is clicked on

2018-09-21 15:40:51 - [MESSAGE][PASSED] - Object 'Object Repository/Page_Checkout/lbl_orderReceived' is present

2018-09-21 15:40:51 - [MESSAGE][PASSED] - beautytap.ShopAction.checkoutViaAmazonPay is PASSED

2018-09-21 15:40:51 - [TEST_STEP][PASSED] - beautytap.ShopAction.VerifyOrderReceivedDetails: Keyword VerifyOrderReceivedDetails is Passed

2018-09-21 15:40:51 - [MESSAGE][PASSED] - Object '' is present

2018-09-21 15:40:51 - [MESSAGE][PASSED] - Text of object '' is: '$213.60'

2018-09-21 15:40:51 - [MESSAGE][PASSED] - Text of object '' is: 'Free EMS shipping (over $200)'

2018-09-21 15:40:56 - [MESSAGE][WARNING] - com.kms.katalon.core.webui.exception.WebElementNotFoundException: Web element with id: '' located by 'By.xpath: //th[text()='Shipping:']/parent::tr/td/span' not found
[[ATTACHMENT|E:\\BeautytapAutomation\\beautytapAuto\\Beautytap\\Reports\\Shop\\20180921_153802\\1537519256625.png]]

2018-09-21 15:40:56 - [MESSAGE][PASSED] - Text of object '' is: 'Amazon Pay'

2018-09-21 15:40:57 - [MESSAGE][PASSED] - Text of object '' is: '$213.60'

2018-09-21 15:40:57 - [MESSAGE][PASSED] - Keyword VerifyOrderReceivedDetails is Passed

2018-09-21 15:40:57 - [TEST_STEP][PASSED] - closeBrowser: Browser is closed

2018-09-21 15:40:57 - [MESSAGE][PASSED] - Browser is closed]]></system-out>
         <system-err><![CDATA[]]></system-err>
      </testcase>
      <testcase name="Test Cases/Shop/TC05_Browse_SimpleProduct_NotSale_PayPal_GreaterThan60LessThan200" classname="Test Cases/Shop/TC05_Browse_SimpleProduct_NotSale_PayPal_GreaterThan60LessThan200" status="PASSED">
         <system-out><![CDATA[2018-09-21 15:41:00 - [TEST_CASE][PASSED] - Test Cases/Shop/TC05_Browse_SimpleProduct_NotSale_PayPal_GreaterThan60LessThan200: Test Cases/Shop/TC05_Browse_SimpleProduct_NotSale_PayPal_GreaterThan60LessThan200

2018-09-21 15:41:00 - [TEST_STEP][PASSED] - Statement - productName = SIMPLE_PRODUCT: null

2018-09-21 15:41:00 - [TEST_STEP][PASSED] - Statement - price = SIMPLE_PRODUCT_PRICE: null

2018-09-21 15:41:00 - [TEST_STEP][PASSED] - Statement - r_string = new java.lang.Math().random().toString().substring(2, 8): null

2018-09-21 15:41:00 - [TEST_STEP][PASSED] - Statement - email = "auto" + r_string + "@mailinator.com": null

2018-09-21 15:41:00 - [TEST_STEP][PASSED] - Statement - orderNote = "auto" + r_string + "Order": null

2018-09-21 15:41:00 - [TEST_STEP][PASSED] - Statement - currentNumberItemInCart = <not implemented yet for class: org.codehaus.groovy.ast.expr.EmptyExpression>: null

2018-09-21 15:41:00 - [TEST_STEP][PASSED] - Statement - quantity = 3: null

2018-09-21 15:41:00 - [TEST_STEP][PASSED] - Statement - subtotal = CustomKeywords.beautytap.ShopAction.calculateTotal(quantity, price): beautytap.ShopAction.calculateTotal is PASSED

2018-09-21 15:41:00 - [MESSAGE][PASSED] - beautytap.ShopAction.calculateTotal is PASSED

2018-09-21 15:41:00 - [TEST_STEP][PASSED] - Statement - total = subtotal: null

2018-09-21 15:41:00 - [TEST_STEP][PASSED] - Statement - total = CustomKeywords.beautytap.ShopAction.calculateTotal(1, total): beautytap.ShopAction.calculateTotal is PASSED

2018-09-21 15:41:00 - [MESSAGE][PASSED] - beautytap.ShopAction.calculateTotal is PASSED

2018-09-21 15:41:00 - [TEST_STEP][PASSED] - Statement - products = new org.json.JSONArray((((((([{"productname":" + productName) + ","variation":"","quantity":") + quantity) + ","price":") + price) + "}])): null

2018-09-21 15:41:00 - [TEST_STEP][PASSED] - Statement - billingInformation = new org.json.JSONObject((({"firstname":"Test","lastname":"Automation","country":"United States (US)","address":"123 Testing","city":"New York","state":"New York","zip":"90012","email":" + email) + "})): null

2018-09-21 15:41:00 - [TEST_STEP][PASSED] - Statement - shippingLabel = FREE_SHIPPING_LABEL: null

2018-09-21 15:41:00 - [TEST_STEP][PASSED] - Statement - shippingPrice = 0: null

2018-09-21 15:41:00 - [TEST_STEP][PASSED] - Statement - shippingType = "free": null

2018-09-21 15:41:00 - [TEST_STEP][PASSED] - Statement - paymentMethod = "PayPal": null

2018-09-21 15:41:00 - [TEST_STEP][PASSED] - Statement - category = "What's New": null

2018-09-21 15:41:00 - [TEST_STEP][PASSED] - beautytap.GeneralAction.openBeautytap: beautytap.GeneralAction.openBeautytap is PASSED

2018-09-21 15:41:23 - [MESSAGE][PASSED] - Browser is opened with url: 'https://stage.beautytap.com'

2018-09-21 15:41:24 - [MESSAGE][PASSED] - Current window maximized

2018-09-21 15:41:28 - [MESSAGE][PASSED] - Refresh successfully

2018-09-21 15:41:28 - [MESSAGE][PASSED] - Wait for page load successfully

2018-09-21 15:41:28 - [MESSAGE][PASSED] - beautytap.GeneralAction.openBeautytap is PASSED

2018-09-21 15:41:28 - [TEST_STEP][PASSED] - beautytap.ShopAction.selectCategory: beautytap.ShopAction.selectCategory is PASSED

2018-09-21 15:41:35 - [MESSAGE][PASSED] - Object: '' is clicked on

2018-09-21 15:41:35 - [MESSAGE][PASSED] - Wait for page load successfully

2018-09-21 15:41:35 - [MESSAGE][PASSED] - beautytap.ShopAction.selectCategory is PASSED

2018-09-21 15:41:35 - [TEST_STEP][PASSED] - beautytap.ShopAction.findProductOnProductList: beautytap.ShopAction.findProductOnProductList is PASSED

2018-09-21 15:41:35 - [MESSAGE][PASSED] - Text of object '' is: '76'

2018-09-21 15:41:41 - [MESSAGE][WARNING] - com.kms.katalon.core.webui.exception.WebElementNotFoundException: Web element with id: '' located by 'By.xpath: //a[text()='La Muse Correct Care Complete Cushion SPF50+']' not found
[[ATTACHMENT|E:\\BeautytapAutomation\\beautytapAuto\\Beautytap\\Reports\\Shop\\20180921_153802\\1537519301067.png]]

2018-09-21 15:41:50 - [MESSAGE][PASSED] - Object: '' is clicked on

2018-09-21 15:41:50 - [MESSAGE][PASSED] - Wait for page load successfully

2018-09-21 15:41:55 - [MESSAGE][WARNING] - com.kms.katalon.core.webui.exception.WebElementNotFoundException: Web element with id: '' located by 'By.xpath: //a[text()='La Muse Correct Care Complete Cushion SPF50+']' not found
[[ATTACHMENT|E:\\BeautytapAutomation\\beautytapAuto\\Beautytap\\Reports\\Shop\\20180921_153802\\1537519315514.png]]

2018-09-21 15:42:05 - [MESSAGE][PASSED] - Object: '' is clicked on

2018-09-21 15:42:05 - [MESSAGE][PASSED] - Wait for page load successfully

2018-09-21 15:42:05 - [MESSAGE][PASSED] - Object '' is present

2018-09-21 15:42:05 - [MESSAGE][PASSED] - beautytap.ShopAction.findProductOnProductList is PASSED

2018-09-21 15:42:05 - [TEST_STEP][PASSED] - beautytap.ShopAction.VerifyProductOnProductList: Keyword VerifyProductOnProductList is Passed

2018-09-21 15:42:05 - [MESSAGE][PASSED] - Object '' is present

2018-09-21 15:42:05 - [MESSAGE][PASSED] - Text of object '' is: '$31.80'

2018-09-21 15:42:05 - [MESSAGE][PASSED] - Get CSS 'color' value on '' successfully: 'rgba(255, 35, 134, 1)'.

2018-09-21 15:42:05 - [MESSAGE][PASSED] - Get CSS 'color' value on '' successfully: 'rgba(255, 35, 134, 1)'.

2018-09-21 15:42:05 - [MESSAGE][PASSED] - Keyword VerifyProductOnProductList is Passed

2018-09-21 15:42:05 - [TEST_STEP][PASSED] - beautytap.ShopAction.selectProductOnProductList: beautytap.ShopAction.selectProductOnProductList is PASSED

2018-09-21 15:42:12 - [MESSAGE][PASSED] - Object: '' is clicked on

2018-09-21 15:42:12 - [MESSAGE][PASSED] - Wait for page load successfully

2018-09-21 15:42:12 - [MESSAGE][PASSED] - beautytap.ShopAction.selectProductOnProductList is PASSED

2018-09-21 15:42:12 - [TEST_STEP][PASSED] - beautytap.ShopAction.VerifyProductDetails: Keyword VerifyProductDetails is Passed

2018-09-21 15:42:12 - [MESSAGE][PASSED] - Text of object '' is: 'La Muse Correct Care Complete Cushion SPF50+'

2018-09-21 15:42:12 - [MESSAGE][PASSED] - Text of object '' is: '$31.80'

2018-09-21 15:42:12 - [MESSAGE][PASSED] - Get CSS 'color' value on '' successfully: 'rgba(255, 35, 134, 1)'.

2018-09-21 15:42:12 - [MESSAGE][PASSED] - Keyword VerifyProductDetails is Passed

2018-09-21 15:42:12 - [TEST_STEP][PASSED] - Statement - currentNumberItemInCart = CustomKeywords.beautytap.ShopAction.getNumberItemInCart(): beautytap.ShopAction.getNumberItemInCart is PASSED

2018-09-21 15:42:18 - [MESSAGE][WARNING] - com.kms.katalon.core.webui.exception.WebElementNotFoundException: Web element with id: '' located by 'By.xpath: //div[@class='header-right-top pull-right']/a[@class='shop-cart']/span[@class='number-cart']' not found
[[ATTACHMENT|E:\\BeautytapAutomation\\beautytapAuto\\Beautytap\\Reports\\Shop\\20180921_153802\\1537519337966.png]]

2018-09-21 15:42:18 - [MESSAGE][PASSED] - beautytap.ShopAction.getNumberItemInCart is PASSED

2018-09-21 15:42:18 - [TEST_STEP][PASSED] - beautytap.ShopAction.addProductToCart: beautytap.ShopAction.addProductToCart is PASSED

2018-09-21 15:42:18 - [MESSAGE][PASSED] - Text of object 'Object Repository/Page_Shop/txt_quantity' is cleared

2018-09-21 15:42:18 - [MESSAGE][PASSED] - Keys '3' sent to object: 'Object Repository/Page_Shop/txt_quantity'

2018-09-21 15:42:18 - [MESSAGE][PASSED] - Object: 'Object Repository/Page_Shop/btn_addToCart' is clicked on

2018-09-21 15:42:18 - [MESSAGE][PASSED] - Wait for page load successfully

2018-09-21 15:42:24 - [MESSAGE][PASSED] - Object 'Object Repository/Page_Shop/lbl_message' is present

2018-09-21 15:42:24 - [MESSAGE][PASSED] - beautytap.ShopAction.addProductToCart is PASSED

2018-09-21 15:42:24 - [TEST_STEP][PASSED] - beautytap.ShopAction.VerifyNumberItemInCart: Keyword VerifyNumberItemInCart is Passed, Number item in cart is 3, expected is 3

2018-09-21 15:42:24 - [MESSAGE][PASSED] - Object '' is present

2018-09-21 15:42:24 - [MESSAGE][PASSED] - Text of object '' is: '3'

2018-09-21 15:42:24 - [MESSAGE][PASSED] - Keyword VerifyNumberItemInCart is Passed, Number item in cart is 3, expected is 3

2018-09-21 15:42:24 - [TEST_STEP][PASSED] - beautytap.ShopAction.VerifyProductIsAddedToCart: beautytap.ShopAction.VerifyProductIsAddedToCart is PASSED

2018-09-21 15:42:24 - [MESSAGE][PASSED] - Object '' is present

2018-09-21 15:42:24 - [MESSAGE][PASSED] - beautytap.ShopAction.VerifyProductIsAddedToCart is PASSED

2018-09-21 15:42:24 - [TEST_STEP][PASSED] - beautytap.ShopAction.goToCart: beautytap.ShopAction.goToCart is PASSED

2018-09-21 15:42:30 - [MESSAGE][PASSED] - Object: 'Object Repository/Page_General/icon_cart' is clicked on

2018-09-21 15:42:30 - [MESSAGE][PASSED] - Wait for page load successfully

2018-09-21 15:42:30 - [MESSAGE][PASSED] - beautytap.ShopAction.goToCart is PASSED

2018-09-21 15:42:30 - [TEST_STEP][PASSED] - beautytap.ShopAction.VerifyProductInCart: Keyword VerifyProductInCart is Passed

2018-09-21 15:42:30 - [MESSAGE][PASSED] - Object '' is present

2018-09-21 15:42:30 - [MESSAGE][PASSED] - Text of object '' is: '$31.80'

2018-09-21 15:42:30 - [MESSAGE][PASSED] - Attribute 'value' of object '' is: '3'

2018-09-21 15:42:30 - [MESSAGE][PASSED] - Text of object '' is: '$95.40'

2018-09-21 15:42:30 - [MESSAGE][PASSED] - Keyword VerifyProductInCart is Passed

2018-09-21 15:42:30 - [TEST_STEP][PASSED] - beautytap.ShopAction.processToCheckout: beautytap.ShopAction.processToCheckout is PASSED

2018-09-21 15:42:35 - [MESSAGE][PASSED] - Object: 'Object Repository/Page_Cart/btn_checkout' is clicked on

2018-09-21 15:42:35 - [MESSAGE][PASSED] - Wait for page load successfully

2018-09-21 15:42:35 - [MESSAGE][PASSED] - beautytap.ShopAction.processToCheckout is PASSED

2018-09-21 15:42:35 - [TEST_STEP][PASSED] - beautytap.ShopAction.fillCustomerInformation: beautytap.ShopAction.fillCustomerInformation is PASSED

2018-09-21 15:42:35 - [MESSAGE][PASSED] - Text of object 'Object Repository/Page_Checkout/txt_billingFirstName' is cleared

2018-09-21 15:42:35 - [MESSAGE][PASSED] - Keys 'Test' sent to object: 'Object Repository/Page_Checkout/txt_billingFirstName'

2018-09-21 15:42:35 - [MESSAGE][PASSED] - Text of object 'Object Repository/Page_Checkout/txt_billingLastName' is cleared

2018-09-21 15:42:36 - [MESSAGE][PASSED] - Keys 'Automation' sent to object: 'Object Repository/Page_Checkout/txt_billingLastName'

2018-09-21 15:42:36 - [MESSAGE][PASSED] - All options with label 'United States (US)' are selected in object 'Object Repository/Page_Checkout/drop_billingCountry' 

2018-09-21 15:42:41 - [MESSAGE][PASSED] - Delayed 5 second(s)

2018-09-21 15:42:41 - [MESSAGE][PASSED] - Text of object 'Object Repository/Page_Checkout/txt_billingAddress' is cleared

2018-09-21 15:42:42 - [MESSAGE][PASSED] - Keys '123 Testing' sent to object: 'Object Repository/Page_Checkout/txt_billingAddress'

2018-09-21 15:42:42 - [MESSAGE][PASSED] - Text of object 'Object Repository/Page_Checkout/txt_billingCity' is cleared

2018-09-21 15:42:42 - [MESSAGE][PASSED] - Keys 'New York' sent to object: 'Object Repository/Page_Checkout/txt_billingCity'

2018-09-21 15:42:42 - [MESSAGE][PASSED] - All options with label 'New York' are selected in object 'Object Repository/Page_Checkout/drop_billingState' 

2018-09-21 15:42:43 - [MESSAGE][PASSED] - Text of object 'Object Repository/Page_Checkout/txt_billingZip' is cleared

2018-09-21 15:42:43 - [MESSAGE][PASSED] - Keys '90012' sent to object: 'Object Repository/Page_Checkout/txt_billingZip'

2018-09-21 15:42:43 - [MESSAGE][PASSED] - Text of object 'Object Repository/Page_Checkout/txt_billingEmail' is cleared

2018-09-21 15:42:43 - [MESSAGE][PASSED] - Keys 'auto933815@mailinator.com' sent to object: 'Object Repository/Page_Checkout/txt_billingEmail'

2018-09-21 15:42:44 - [MESSAGE][PASSED] - Object 'Object Repository/Page_Checkout/chk_shipToDifferentAddress' is un-checked

2018-09-21 15:42:44 - [MESSAGE][PASSED] - Text of object 'Object Repository/Page_Checkout/txt_orderNote' is cleared

2018-09-21 15:42:44 - [MESSAGE][PASSED] - Keys 'auto933815Order' sent to object: 'Object Repository/Page_Checkout/txt_orderNote'

2018-09-21 15:42:44 - [MESSAGE][PASSED] - Object 'Object Repository/Page_Checkout/radio_creditCard' is checked

2018-09-21 15:42:49 - [MESSAGE][PASSED] - Delayed 5 second(s)

2018-09-21 15:42:49 - [MESSAGE][PASSED] - beautytap.ShopAction.fillCustomerInformation is PASSED

2018-09-21 15:42:49 - [TEST_STEP][PASSED] - beautytap.ShopAction.VerifyOrderDetailsOnCheckout: Keyword VerifyOrderDetailsOnCheckout is Passed

2018-09-21 15:42:49 - [MESSAGE][PASSED] - Object '' is present

2018-09-21 15:42:49 - [MESSAGE][PASSED] - Text of object '' is: '$95.40'

2018-09-21 15:42:49 - [MESSAGE][PASSED] - Text of object '' is: 'Free shipping for orders over $60
Why does shipping take this long?'

2018-09-21 15:42:49 - [MESSAGE][PASSED] - Text of object '' is: '$95.40'

2018-09-21 15:42:49 - [MESSAGE][PASSED] - Keyword VerifyOrderDetailsOnCheckout is Passed

2018-09-21 15:42:49 - [TEST_STEP][PASSED] - beautytap.ShopAction.checkoutViaPaypal: beautytap.ShopAction.checkoutViaPaypal is PASSED

2018-09-21 15:42:50 - [MESSAGE][PASSED] - Object 'Object Repository/Page_Checkout/radio_paypal' is checked

2018-09-21 15:42:55 - [MESSAGE][PASSED] - Delayed 5 second(s)

2018-09-21 15:42:55 - [MESSAGE][PASSED] - Object 'Object Repository/Page_Checkout/chk_terms' is checked

2018-09-21 15:42:55 - [MESSAGE][PASSED] - Object: 'Object Repository/Page_Checkout/btn_placeOrder' is clicked on

2018-09-21 15:43:03 - [MESSAGE][PASSED] - Object 'Object Repository/Page_Paypal/txt_email' is present

2018-09-21 15:43:03 - [MESSAGE][PASSED] - Text of object 'Object Repository/Page_Paypal/txt_email' is cleared

2018-09-21 15:43:03 - [MESSAGE][PASSED] - Keys 'g1.posiba@gmail.com' sent to object: 'Object Repository/Page_Paypal/txt_email'

2018-09-21 15:43:03 - [MESSAGE][PASSED] - Text of object 'Object Repository/Page_Paypal/txt_password' is cleared

2018-09-21 15:43:03 - [MESSAGE][PASSED] - Keys 'Tr@ng99%' sent to object: 'Object Repository/Page_Paypal/txt_password'

2018-09-21 15:43:18 - [MESSAGE][PASSED] - Object: 'Object Repository/Page_Paypal/btn_login' is clicked on

2018-09-21 15:43:25 - [MESSAGE][PASSED] - Object 'Object Repository/Page_Paypal/btn_payNow' is present

2018-09-21 15:43:30 - [MESSAGE][PASSED] - Delayed 5 second(s)

2018-09-21 15:43:30 - [MESSAGE][PASSED] - Object: 'Object Repository/Page_Paypal/btn_payNow' is clicked on

2018-09-21 15:43:49 - [MESSAGE][PASSED] - Object 'Object Repository/Page_Checkout/lbl_orderReceived' is present

2018-09-21 15:43:49 - [MESSAGE][PASSED] - beautytap.ShopAction.checkoutViaPaypal is PASSED

2018-09-21 15:43:49 - [TEST_STEP][PASSED] - beautytap.ShopAction.VerifyOrderReceivedDetails: Keyword VerifyOrderReceivedDetails is Passed

2018-09-21 15:43:49 - [MESSAGE][PASSED] - Object '' is present

2018-09-21 15:43:49 - [MESSAGE][PASSED] - Text of object '' is: '$95.40'

2018-09-21 15:43:50 - [MESSAGE][PASSED] - Text of object '' is: 'Free shipping for orders over $60'

2018-09-21 15:43:55 - [MESSAGE][WARNING] - com.kms.katalon.core.webui.exception.WebElementNotFoundException: Web element with id: '' located by 'By.xpath: //th[text()='Shipping:']/parent::tr/td/span' not found
[[ATTACHMENT|E:\\BeautytapAutomation\\beautytapAuto\\Beautytap\\Reports\\Shop\\20180921_153802\\1537519435221.png]]

2018-09-21 15:43:55 - [MESSAGE][PASSED] - Text of object '' is: 'PayPal'

2018-09-21 15:43:55 - [MESSAGE][PASSED] - Text of object '' is: '$95.40'

2018-09-21 15:43:55 - [MESSAGE][PASSED] - Keyword VerifyOrderReceivedDetails is Passed

2018-09-21 15:43:55 - [TEST_STEP][PASSED] - closeBrowser: Browser is closed

2018-09-21 15:43:56 - [MESSAGE][PASSED] - Browser is closed]]></system-out>
         <system-err><![CDATA[]]></system-err>
      </testcase>
      <testcase name="Test Cases/Shop/TC06_Browse_VariationProduct_Sale_AmazonPayAtCart_LessThan60_EMS" classname="Test Cases/Shop/TC06_Browse_VariationProduct_Sale_AmazonPayAtCart_LessThan60_EMS" status="PASSED">
         <system-out><![CDATA[2018-09-21 15:43:58 - [TEST_CASE][PASSED] - Test Cases/Shop/TC06_Browse_VariationProduct_Sale_AmazonPayAtCart_LessThan60_EMS: Test Cases/Shop/TC06_Browse_VariationProduct_Sale_AmazonPayAtCart_LessThan60_EMS

2018-09-21 15:43:59 - [TEST_STEP][PASSED] - Statement - productName = VARIATION_SALE_PRODUCT: null

2018-09-21 15:43:59 - [TEST_STEP][PASSED] - Statement - saleprice = VARIATION_SALE_PRICE1: null

2018-09-21 15:43:59 - [TEST_STEP][PASSED] - Statement - redularprice = VARIATION_SALE_REGULAR_PRICE1: null

2018-09-21 15:43:59 - [TEST_STEP][PASSED] - Statement - variation = VARIATION_SALE_NAME1: null

2018-09-21 15:43:59 - [TEST_STEP][PASSED] - Statement - r_string = new java.lang.Math().random().toString().substring(2, 8): null

2018-09-21 15:43:59 - [TEST_STEP][PASSED] - Statement - email = "auto" + r_string + "@mailinator.com": null

2018-09-21 15:43:59 - [TEST_STEP][PASSED] - Statement - orderNote = "auto" + r_string + "Order": null

2018-09-21 15:43:59 - [TEST_STEP][PASSED] - Statement - currentNumberItemInCart = <not implemented yet for class: org.codehaus.groovy.ast.expr.EmptyExpression>: null

2018-09-21 15:43:59 - [TEST_STEP][PASSED] - Statement - quantity = 5: null

2018-09-21 15:43:59 - [TEST_STEP][PASSED] - Statement - shippingLabel = EMS_SHIPPING_LABEL: null

2018-09-21 15:43:59 - [TEST_STEP][PASSED] - Statement - shippingPrice = EMS_SHIPPING_PRICE: null

2018-09-21 15:43:59 - [TEST_STEP][PASSED] - Statement - subtotal = CustomKeywords.beautytap.ShopAction.calculateTotal(quantity, saleprice): beautytap.ShopAction.calculateTotal is PASSED

2018-09-21 15:43:59 - [MESSAGE][PASSED] - beautytap.ShopAction.calculateTotal is PASSED

2018-09-21 15:43:59 - [TEST_STEP][PASSED] - Statement - total = subtotal + shippingPrice: null

2018-09-21 15:43:59 - [TEST_STEP][PASSED] - Statement - total = CustomKeywords.beautytap.ShopAction.calculateTotal(1, total): beautytap.ShopAction.calculateTotal is PASSED

2018-09-21 15:43:59 - [MESSAGE][PASSED] - beautytap.ShopAction.calculateTotal is PASSED

2018-09-21 15:43:59 - [TEST_STEP][PASSED] - Statement - products = new org.json.JSONArray((((((((([{"productname":" + productName) + ","variation":") + variation) + ","quantity":") + quantity) + ","price":") + saleprice) + "}])): null

2018-09-21 15:43:59 - [TEST_STEP][PASSED] - Statement - billingInformation = new org.json.JSONObject((({"firstname":"Test","lastname":"Automation","country":"United States (US)","address":"123 Testing","city":"New York","state":"New York","zip":"90012","email":" + email) + "})): null

2018-09-21 15:43:59 - [TEST_STEP][PASSED] - Statement - shippingType = "EMS": null

2018-09-21 15:43:59 - [TEST_STEP][PASSED] - Statement - paymentMethod = "Amazon Pay": null

2018-09-21 15:43:59 - [TEST_STEP][PASSED] - Statement - category = "Brands": null

2018-09-21 15:43:59 - [TEST_STEP][PASSED] - Statement - subcategory = "Innisfree": null

2018-09-21 15:43:59 - [TEST_STEP][PASSED] - beautytap.GeneralAction.openBeautytap: beautytap.GeneralAction.openBeautytap is PASSED

2018-09-21 15:44:23 - [MESSAGE][PASSED] - Browser is opened with url: 'https://stage.beautytap.com'

2018-09-21 15:44:24 - [MESSAGE][PASSED] - Current window maximized

2018-09-21 15:44:28 - [MESSAGE][PASSED] - Refresh successfully

2018-09-21 15:44:28 - [MESSAGE][PASSED] - Wait for page load successfully

2018-09-21 15:44:28 - [MESSAGE][PASSED] - beautytap.GeneralAction.openBeautytap is PASSED

2018-09-21 15:44:28 - [TEST_STEP][PASSED] - beautytap.ShopAction.selectCategory: beautytap.ShopAction.selectCategory is PASSED

2018-09-21 15:44:28 - [MESSAGE][PASSED] - Object: '' is clicked on

2018-09-21 15:44:30 - [MESSAGE][PASSED] - Delayed 2 second(s)

2018-09-21 15:44:40 - [MESSAGE][PASSED] - Object: '' is clicked on

2018-09-21 15:44:40 - [MESSAGE][PASSED] - Wait for page load successfully

2018-09-21 15:44:40 - [MESSAGE][PASSED] - beautytap.ShopAction.selectCategory is PASSED

2018-09-21 15:44:40 - [TEST_STEP][PASSED] - beautytap.ShopAction.findProductOnProductList: beautytap.ShopAction.findProductOnProductList is PASSED

2018-09-21 15:44:40 - [MESSAGE][PASSED] - Text of object '' is: '3'

2018-09-21 15:44:45 - [MESSAGE][WARNING] - com.kms.katalon.core.webui.exception.WebElementNotFoundException: Web element with id: '' located by 'By.xpath: //a[text()='Innisfree Eye Contouring Stick Round Shape 0.7g']' not found
[[ATTACHMENT|E:\\BeautytapAutomation\\beautytapAuto\\Beautytap\\Reports\\Shop\\20180921_153802\\1537519485569.png]]

2018-09-21 15:45:01 - [MESSAGE][PASSED] - Object: '' is clicked on

2018-09-21 15:45:01 - [MESSAGE][PASSED] - Wait for page load successfully

2018-09-21 15:45:01 - [MESSAGE][PASSED] - Object '' is present

2018-09-21 15:45:01 - [MESSAGE][PASSED] - beautytap.ShopAction.findProductOnProductList is PASSED

2018-09-21 15:45:01 - [TEST_STEP][PASSED] - beautytap.ShopAction.VerifyProductOnProductList: Keyword VerifyProductOnProductList is Passed

2018-09-21 15:45:01 - [MESSAGE][PASSED] - Object '' is present

2018-09-21 15:45:01 - [MESSAGE][PASSED] - Text of object '' is: '$4.95'

2018-09-21 15:45:01 - [MESSAGE][PASSED] - Get CSS 'color' value on '' successfully: 'rgba(255, 35, 134, 1)'.

2018-09-21 15:45:01 - [MESSAGE][PASSED] - Get CSS 'color' value on '' successfully: 'rgba(255, 35, 134, 1)'.

2018-09-21 15:45:01 - [MESSAGE][PASSED] - Text of object '' is: '$6.50'

2018-09-21 15:45:01 - [MESSAGE][PASSED] - Get CSS 'color' value on '' successfully: 'rgba(255, 35, 134, 1)'.

2018-09-21 15:45:01 - [MESSAGE][PASSED] - Get CSS 'color' value on '' successfully: 'rgba(255, 35, 134, 1)'.

2018-09-21 15:45:01 - [MESSAGE][PASSED] - Keyword VerifyProductOnProductList is Passed

2018-09-21 15:45:01 - [TEST_STEP][PASSED] - beautytap.ShopAction.selectProductOnProductList: beautytap.ShopAction.selectProductOnProductList is PASSED

2018-09-21 15:45:10 - [MESSAGE][PASSED] - Object: '' is clicked on

2018-09-21 15:45:10 - [MESSAGE][PASSED] - Wait for page load successfully

2018-09-21 15:45:10 - [MESSAGE][PASSED] - beautytap.ShopAction.selectProductOnProductList is PASSED

2018-09-21 15:45:10 - [TEST_STEP][PASSED] - beautytap.ShopAction.selectProductVariation: beautytap.ShopAction.selectProductVariation is PASSED

2018-09-21 15:45:10 - [MESSAGE][PASSED] - Object: 'Object Repository/Page_Shop/drop_chooseOption' is clicked on

2018-09-21 15:45:11 - [MESSAGE][PASSED] - Delayed 1 second(s)

2018-09-21 15:45:12 - [MESSAGE][PASSED] - Object: '' is clicked on

2018-09-21 15:45:12 - [MESSAGE][PASSED] - beautytap.ShopAction.selectProductVariation is PASSED

2018-09-21 15:45:12 - [TEST_STEP][PASSED] - beautytap.ShopAction.VerifyProductDetails: Keyword VerifyProductDetails is Passed

2018-09-21 15:45:12 - [MESSAGE][PASSED] - Text of object '' is: 'Innisfree Eye Contouring Stick Round Shape 0.7g'

2018-09-21 15:45:13 - [MESSAGE][PASSED] - All options with label '5' are selected in object 'Object Repository/Page_Shop/drop_chooseOption' 

2018-09-21 15:45:13 - [MESSAGE][PASSED] - Text of object '' is: '$6.50'

2018-09-21 15:45:13 - [MESSAGE][PASSED] - Get CSS 'color' value on '' successfully: 'rgba(195, 195, 195, 1)'.

2018-09-21 15:45:13 - [MESSAGE][PASSED] - Text of object '' is: '$4.95'

2018-09-21 15:45:13 - [MESSAGE][PASSED] - Get CSS 'color' value on '' successfully: 'rgba(255, 35, 134, 1)'.

2018-09-21 15:45:13 - [MESSAGE][PASSED] - Keyword VerifyProductDetails is Passed

2018-09-21 15:45:13 - [TEST_STEP][PASSED] - Statement - currentNumberItemInCart = CustomKeywords.beautytap.ShopAction.getNumberItemInCart(): beautytap.ShopAction.getNumberItemInCart is PASSED

2018-09-21 15:45:19 - [MESSAGE][WARNING] - com.kms.katalon.core.webui.exception.WebElementNotFoundException: Web element with id: '' located by 'By.xpath: //div[@class='header-right-top pull-right']/a[@class='shop-cart']/span[@class='number-cart']' not found
[[ATTACHMENT|E:\\BeautytapAutomation\\beautytapAuto\\Beautytap\\Reports\\Shop\\20180921_153802\\1537519518776.png]]

2018-09-21 15:45:19 - [MESSAGE][PASSED] - beautytap.ShopAction.getNumberItemInCart is PASSED

2018-09-21 15:45:19 - [TEST_STEP][PASSED] - beautytap.ShopAction.addProductToCart: beautytap.ShopAction.addProductToCart is PASSED

2018-09-21 15:45:19 - [MESSAGE][PASSED] - Text of object 'Object Repository/Page_Shop/txt_quantity' is cleared

2018-09-21 15:45:19 - [MESSAGE][PASSED] - Keys '5' sent to object: 'Object Repository/Page_Shop/txt_quantity'

2018-09-21 15:45:19 - [MESSAGE][PASSED] - Object: 'Object Repository/Page_Shop/btn_addToCart' is clicked on

2018-09-21 15:45:19 - [MESSAGE][PASSED] - Wait for page load successfully

2018-09-21 15:45:25 - [MESSAGE][PASSED] - Object 'Object Repository/Page_Shop/lbl_message' is present

2018-09-21 15:45:25 - [MESSAGE][PASSED] - beautytap.ShopAction.addProductToCart is PASSED

2018-09-21 15:45:25 - [TEST_STEP][PASSED] - beautytap.ShopAction.VerifyNumberItemInCart: Keyword VerifyNumberItemInCart is Passed, Number item in cart is 5, expected is 5

2018-09-21 15:45:25 - [MESSAGE][PASSED] - Object '' is present

2018-09-21 15:45:25 - [MESSAGE][PASSED] - Text of object '' is: '5'

2018-09-21 15:45:25 - [MESSAGE][PASSED] - Keyword VerifyNumberItemInCart is Passed, Number item in cart is 5, expected is 5

2018-09-21 15:45:25 - [TEST_STEP][PASSED] - beautytap.ShopAction.VerifyProductIsAddedToCart: beautytap.ShopAction.VerifyProductIsAddedToCart is PASSED

2018-09-21 15:45:25 - [MESSAGE][PASSED] - Object '' is present

2018-09-21 15:45:25 - [MESSAGE][PASSED] - beautytap.ShopAction.VerifyProductIsAddedToCart is PASSED

2018-09-21 15:45:25 - [TEST_STEP][PASSED] - beautytap.ShopAction.goToCart: beautytap.ShopAction.goToCart is PASSED

2018-09-21 15:45:30 - [MESSAGE][PASSED] - Object: 'Object Repository/Page_General/icon_cart' is clicked on

2018-09-21 15:45:30 - [MESSAGE][PASSED] - Wait for page load successfully

2018-09-21 15:45:30 - [MESSAGE][PASSED] - beautytap.ShopAction.goToCart is PASSED

2018-09-21 15:45:30 - [TEST_STEP][PASSED] - beautytap.ShopAction.VerifyProductInCart: Keyword VerifyProductInCart is Passed

2018-09-21 15:45:30 - [MESSAGE][PASSED] - Object '' is present

2018-09-21 15:45:30 - [MESSAGE][PASSED] - Text of object '' is: '$4.95'

2018-09-21 15:45:31 - [MESSAGE][PASSED] - Attribute 'value' of object '' is: '5'

2018-09-21 15:45:31 - [MESSAGE][PASSED] - Text of object '' is: '$24.75'

2018-09-21 15:45:31 - [MESSAGE][PASSED] - Keyword VerifyProductInCart is Passed

2018-09-21 15:45:31 - [TEST_STEP][PASSED] - beautytap.ShopAction.loginAmazonPay: beautytap.ShopAction.loginAmazonPay is PASSED

2018-09-21 15:45:31 - [MESSAGE][PASSED] - Object: 'Object Repository/Page_Cart/btn_payWithAmazon' is clicked on

2018-09-21 15:45:31 - [MESSAGE][PASSED] - Switched to window with index: '1'

2018-09-21 15:45:32 - [MESSAGE][PASSED] - Object 'Object Repository/Popup_Amazon/txt_email' is present

2018-09-21 15:45:32 - [MESSAGE][PASSED] - Text of object 'Object Repository/Popup_Amazon/txt_email' is cleared

2018-09-21 15:45:33 - [MESSAGE][PASSED] - Keys 'amazontest1503@yopmail.com' sent to object: 'Object Repository/Popup_Amazon/txt_email'

2018-09-21 15:45:33 - [MESSAGE][PASSED] - Text of object 'Object Repository/Popup_Amazon/txt_password' is cleared

2018-09-21 15:45:33 - [MESSAGE][PASSED] - Keys '123456' sent to object: 'Object Repository/Popup_Amazon/txt_password'

2018-09-21 15:45:36 - [MESSAGE][PASSED] - Object: 'Object Repository/Popup_Amazon/btn_signin' is clicked on

2018-09-21 15:45:36 - [MESSAGE][PASSED] - Switched to window with index: '0'

2018-09-21 15:46:06 - [MESSAGE][PASSED] - Delayed 30 second(s)

2018-09-21 15:46:06 - [MESSAGE][PASSED] - beautytap.ShopAction.loginAmazonPay is PASSED

2018-09-21 15:46:06 - [TEST_STEP][PASSED] - beautytap.ShopAction.selectShipping: beautytap.ShopAction.selectShipping is PASSED

2018-09-21 15:46:06 - [MESSAGE][PASSED] - Object '' is checked

2018-09-21 15:46:11 - [MESSAGE][PASSED] - Delayed 5 second(s)

2018-09-21 15:46:11 - [MESSAGE][PASSED] - beautytap.ShopAction.selectShipping is PASSED

2018-09-21 15:46:11 - [TEST_STEP][PASSED] - beautytap.ShopAction.VerifyOrderDetailsOnCheckout: Keyword VerifyOrderDetailsOnCheckout is Passed

2018-09-21 15:46:11 - [MESSAGE][PASSED] - Object '' is present

2018-09-21 15:46:11 - [MESSAGE][PASSED] - Text of object '' is: '$24.75'

2018-09-21 15:46:11 - [MESSAGE][PASSED] - Object '' has attribute 'checked'

2018-09-21 15:46:11 - [MESSAGE][PASSED] - Text of object '' is: '($25) - EMS Express shipping (est. 10-14 working days delivery including processing): $25.00'

2018-09-21 15:46:11 - [MESSAGE][PASSED] - Text of object '' is: '$25.00'

2018-09-21 15:46:11 - [MESSAGE][PASSED] - Text of object '' is: '$49.75'

2018-09-21 15:46:11 - [MESSAGE][PASSED] - Keyword VerifyOrderDetailsOnCheckout is Passed

2018-09-21 15:46:11 - [TEST_STEP][PASSED] - beautytap.ShopAction.checkoutViaAmazonPay: beautytap.ShopAction.checkoutViaAmazonPay is PASSED

2018-09-21 15:46:12 - [MESSAGE][PASSED] - Object 'Object Repository/Page_Checkout/chk_terms' is clickable

2018-09-21 15:46:12 - [MESSAGE][PASSED] - Object 'Object Repository/Page_Checkout/chk_terms' is checked

2018-09-21 15:46:12 - [MESSAGE][PASSED] - Object: 'Object Repository/Page_Checkout/btn_placeOrder' is clicked on

2018-09-21 15:46:24 - [MESSAGE][PASSED] - Object 'Object Repository/Page_Checkout/lbl_orderReceived' is present

2018-09-21 15:46:24 - [MESSAGE][PASSED] - beautytap.ShopAction.checkoutViaAmazonPay is PASSED

2018-09-21 15:46:24 - [TEST_STEP][PASSED] - beautytap.ShopAction.VerifyOrderReceivedDetails: Keyword VerifyOrderReceivedDetails is Passed

2018-09-21 15:46:24 - [MESSAGE][PASSED] - Object '' is present

2018-09-21 15:46:24 - [MESSAGE][PASSED] - Text of object '' is: '$24.75'

2018-09-21 15:46:24 - [MESSAGE][PASSED] - Text of object '' is: '$25.00 via ($25) - EMS Express shipping (est. 10-14 working days delivery including processing)'

2018-09-21 15:46:24 - [MESSAGE][PASSED] - Object '' is present

2018-09-21 15:46:25 - [MESSAGE][PASSED] - Text of object '' is: '$25.00'

2018-09-21 15:46:25 - [MESSAGE][PASSED] - Text of object '' is: 'Amazon Pay'

2018-09-21 15:46:25 - [MESSAGE][PASSED] - Text of object '' is: '$49.75'

2018-09-21 15:46:25 - [MESSAGE][PASSED] - Keyword VerifyOrderReceivedDetails is Passed

2018-09-21 15:46:25 - [TEST_STEP][PASSED] - closeBrowser: Browser is closed

2018-09-21 15:46:26 - [MESSAGE][PASSED] - Browser is closed]]></system-out>
         <system-err><![CDATA[]]></system-err>
      </testcase>
      <testcase name="Test Cases/Shop/TC07_BuyProduct_EarnPendingPoint_EarnRedeemablePoint" classname="Test Cases/Shop/TC07_BuyProduct_EarnPendingPoint_EarnRedeemablePoint" status="PASSED">
         <system-out><![CDATA[2018-09-21 15:46:28 - [TEST_CASE][PASSED] - Test Cases/Shop/TC07_BuyProduct_EarnPendingPoint_EarnRedeemablePoint: Test Cases/Shop/TC07_BuyProduct_EarnPendingPoint_EarnRedeemablePoint

2018-09-21 15:46:28 - [TEST_STEP][PASSED] - Statement - username = USER_EMAIL: null

2018-09-21 15:46:28 - [TEST_STEP][PASSED] - Statement - password = USER_PASSWORD: null

2018-09-21 15:46:28 - [TEST_STEP][PASSED] - Statement - productName = SIMPLE_PRODUCT: null

2018-09-21 15:46:28 - [TEST_STEP][PASSED] - Statement - price = SIMPLE_PRODUCT_PRICE: null

2018-09-21 15:46:28 - [TEST_STEP][PASSED] - Statement - quantity = 3: null

2018-09-21 15:46:28 - [TEST_STEP][PASSED] - Statement - shippingLabel = FREE_SHIPPING_LABEL: null

2018-09-21 15:46:28 - [TEST_STEP][PASSED] - Statement - shippingPrice = 0: null

2018-09-21 15:46:28 - [TEST_STEP][PASSED] - Statement - subtotal = CustomKeywords.beautytap.ShopAction.calculateTotal(quantity, price): beautytap.ShopAction.calculateTotal is PASSED

2018-09-21 15:46:28 - [MESSAGE][PASSED] - beautytap.ShopAction.calculateTotal is PASSED

2018-09-21 15:46:28 - [TEST_STEP][PASSED] - Statement - total = subtotal + shippingPrice: null

2018-09-21 15:46:29 - [TEST_STEP][PASSED] - Statement - products = new org.json.JSONArray((((((([{"productname":" + productName) + ","variation":"","quantity":") + quantity) + ","price":") + price) + "}])): null

2018-09-21 15:46:29 - [TEST_STEP][PASSED] - Statement - billingInformation = new org.json.JSONObject((({"firstname":"Test","lastname":"Automation","country":"United States (US)","address":"123 Testing","city":"New York","state":"New York","zip":"90012","email":" + username) + "})): null

2018-09-21 15:46:29 - [TEST_STEP][PASSED] - Statement - paymentMethod = "PayPal": null

2018-09-21 15:46:29 - [TEST_STEP][PASSED] - beautytap.GeneralAction.openBeautytap: beautytap.GeneralAction.openBeautytap is PASSED

2018-09-21 15:46:51 - [MESSAGE][PASSED] - Browser is opened with url: 'https://stage.beautytap.com'

2018-09-21 15:46:52 - [MESSAGE][PASSED] - Current window maximized

2018-09-21 15:46:55 - [MESSAGE][PASSED] - Refresh successfully

2018-09-21 15:46:55 - [MESSAGE][PASSED] - Wait for page load successfully

2018-09-21 15:46:55 - [MESSAGE][PASSED] - beautytap.GeneralAction.openBeautytap is PASSED

2018-09-21 15:46:55 - [TEST_STEP][PASSED] - beautytap.GeneralAction.clickNavigationMenu: beautytap.GeneralAction.clickNavigationMenu is PASSED

2018-09-21 15:46:59 - [MESSAGE][PASSED] - Object: 'Object Repository/Page_General/link_login' is clicked on

2018-09-21 15:46:59 - [MESSAGE][PASSED] - Wait for page load successfully

2018-09-21 15:46:59 - [MESSAGE][PASSED] - beautytap.GeneralAction.clickNavigationMenu is PASSED

2018-09-21 15:46:59 - [TEST_STEP][PASSED] - beautytap.GeneralAction.login: beautytap.GeneralAction.login is PASSED

2018-09-21 15:46:59 - [MESSAGE][PASSED] - Text of object 'Object Repository/Page_login/txt_username' is cleared

2018-09-21 15:46:59 - [MESSAGE][PASSED] - Keys 'trang2408@mailinator.com' sent to object: 'Object Repository/Page_login/txt_username'

2018-09-21 15:46:59 - [MESSAGE][PASSED] - Text of object 'Object Repository/Page_login/txt_password' is cleared

2018-09-21 15:46:59 - [MESSAGE][PASSED] - Keys '123456' sent to object: 'Object Repository/Page_login/txt_password'

2018-09-21 15:47:00 - [MESSAGE][PASSED] - Object: 'Object Repository/Page_login/btn_login' is clicked on

2018-09-21 15:47:00 - [MESSAGE][PASSED] - Wait for page load successfully

2018-09-21 15:47:00 - [MESSAGE][PASSED] - beautytap.GeneralAction.login is PASSED

2018-09-21 15:47:00 - [TEST_STEP][PASSED] - beautytap.GeneralAction.selectProfileMenu: beautytap.GeneralAction.selectProfileMenu is PASSED

2018-09-21 15:47:09 - [MESSAGE][PASSED] - Object: 'Object Repository/Page_General/link_avatar' is clicked on

2018-09-21 15:47:11 - [MESSAGE][PASSED] - Delayed 2 second(s)

2018-09-21 15:47:15 - [MESSAGE][PASSED] - Object: '' is clicked on

2018-09-21 15:47:15 - [MESSAGE][PASSED] - Wait for page load successfully

2018-09-21 15:47:15 - [MESSAGE][PASSED] - beautytap.GeneralAction.selectProfileMenu is PASSED

2018-09-21 15:47:15 - [TEST_STEP][PASSED] - Statement - objReward = CustomKeywords.beautytap.ShopAction.getRewardDetails(): beautytap.ShopAction.getRewardDetails is PASSED

2018-09-21 15:47:15 - [MESSAGE][PASSED] - Text of object '' is: '1.1 x Rewards Multiplier!'

2018-09-21 15:47:15 - [MESSAGE][PASSED] - Text of object '' is: '1.1 x Rewards Multiplier!'

2018-09-21 15:47:15 - [MESSAGE][PASSED] - Text of object '' is: '4979.93'

2018-09-21 15:47:15 - [MESSAGE][PASSED] - Text of object '' is: '3057.44'

2018-09-21 15:47:15 - [MESSAGE][PASSED] - Text of object '' is: '2849.93'

2018-09-21 15:47:15 - [MESSAGE][PASSED] - Text of object '' is: '$147.00'

2018-09-21 15:47:15 - [MESSAGE][PASSED] - Text of object '' is: 'Beauty Bae'

2018-09-21 15:47:15 - [MESSAGE][PASSED] - beautytap.ShopAction.getRewardDetails is PASSED

2018-09-21 15:47:15 - [TEST_STEP][PASSED] - Statement - multiplier = java.lang.Float.parseFloat(objReward.get("multiplier")): null

2018-09-21 15:47:15 - [TEST_STEP][PASSED] - Statement - currentlevel = objReward.get("currentlevel"): null

2018-09-21 15:47:15 - [TEST_STEP][PASSED] - Statement - lifetime = java.lang.Float.parseFloat(objReward.get("lifetime")): null

2018-09-21 15:47:15 - [TEST_STEP][PASSED] - Statement - pending = java.lang.Float.parseFloat(objReward.get("pending")): null

2018-09-21 15:47:15 - [TEST_STEP][PASSED] - Statement - redeemable = java.lang.Float.parseFloat(objReward.get("redeemable")): null

2018-09-21 15:47:15 - [TEST_STEP][PASSED] - Statement - pointvalue = java.lang.Float.parseFloat(objReward.get("pointvalue")): null

2018-09-21 15:47:15 - [TEST_STEP][PASSED] - Statement - rewardEarned = java.lang.Float.parseFloat(java.lang.String.format("%.2f", multiplier * subtotal)): null

2018-09-21 15:47:15 - [TEST_STEP][PASSED] - Statement - notificationMessage = "You received " + rewardEarned + " redeemable points": null

2018-09-21 15:47:15 - [TEST_STEP][PASSED] - beautytap.ShopAction.globalSearch: beautytap.ShopAction.globalSearch is PASSED

2018-09-21 15:47:16 - [MESSAGE][PASSED] - Object: 'Object Repository/Page_General/icon_search' is clicked on

2018-09-21 15:47:21 - [MESSAGE][PASSED] - Delayed 5 second(s)

2018-09-21 15:47:21 - [MESSAGE][PASSED] - Text of object 'Object Repository/Page_General/txt_search' is cleared

2018-09-21 15:47:21 - [MESSAGE][PASSED] - Keys 'CONTROL + v' sent to object: 'Object Repository/Page_General/txt_search'

2018-09-21 15:47:23 - [MESSAGE][PASSED] - Object 'Object Repository/Page_General/div_searchResult' is present

2018-09-21 15:47:23 - [MESSAGE][PASSED] - beautytap.ShopAction.globalSearch is PASSED

2018-09-21 15:47:23 - [TEST_STEP][PASSED] - beautytap.ShopAction.selectProductOnSearchResult: beautytap.ShopAction.selectProductOnSearchResult is PASSED

2018-09-21 15:47:30 - [MESSAGE][PASSED] - Object: '' is clicked on

2018-09-21 15:47:30 - [MESSAGE][PASSED] - Wait for page load successfully

2018-09-21 15:47:30 - [MESSAGE][PASSED] - beautytap.ShopAction.selectProductOnSearchResult is PASSED

2018-09-21 15:47:30 - [TEST_STEP][PASSED] - beautytap.ShopAction.addProductToCart: beautytap.ShopAction.addProductToCart is PASSED

2018-09-21 15:47:30 - [MESSAGE][PASSED] - Text of object 'Object Repository/Page_Shop/txt_quantity' is cleared

2018-09-21 15:47:30 - [MESSAGE][PASSED] - Keys '3' sent to object: 'Object Repository/Page_Shop/txt_quantity'

2018-09-21 15:47:30 - [MESSAGE][PASSED] - Object: 'Object Repository/Page_Shop/btn_addToCart' is clicked on

2018-09-21 15:47:30 - [MESSAGE][PASSED] - Wait for page load successfully

2018-09-21 15:47:35 - [MESSAGE][PASSED] - Object 'Object Repository/Page_Shop/lbl_message' is present

2018-09-21 15:47:35 - [MESSAGE][PASSED] - beautytap.ShopAction.addProductToCart is PASSED

2018-09-21 15:47:35 - [TEST_STEP][PASSED] - beautytap.ShopAction.goToCart: beautytap.ShopAction.goToCart is PASSED

2018-09-21 15:47:40 - [MESSAGE][PASSED] - Object: 'Object Repository/Page_General/icon_cart' is clicked on

2018-09-21 15:47:40 - [MESSAGE][PASSED] - Wait for page load successfully

2018-09-21 15:47:40 - [MESSAGE][PASSED] - beautytap.ShopAction.goToCart is PASSED

2018-09-21 15:47:40 - [TEST_STEP][PASSED] - beautytap.ShopAction.processToCheckout: beautytap.ShopAction.processToCheckout is PASSED

2018-09-21 15:47:44 - [MESSAGE][PASSED] - Object: 'Object Repository/Page_Cart/btn_checkout' is clicked on

2018-09-21 15:47:44 - [MESSAGE][PASSED] - Wait for page load successfully

2018-09-21 15:47:44 - [MESSAGE][PASSED] - beautytap.ShopAction.processToCheckout is PASSED

2018-09-21 15:47:44 - [TEST_STEP][PASSED] - beautytap.ShopAction.fillCustomerInformation: beautytap.ShopAction.fillCustomerInformation is PASSED

2018-09-21 15:47:45 - [MESSAGE][PASSED] - Text of object 'Object Repository/Page_Checkout/txt_billingFirstName' is cleared

2018-09-21 15:47:45 - [MESSAGE][PASSED] - Keys 'Test' sent to object: 'Object Repository/Page_Checkout/txt_billingFirstName'

2018-09-21 15:47:45 - [MESSAGE][PASSED] - Text of object 'Object Repository/Page_Checkout/txt_billingLastName' is cleared

2018-09-21 15:47:46 - [MESSAGE][PASSED] - Keys 'Automation' sent to object: 'Object Repository/Page_Checkout/txt_billingLastName'

2018-09-21 15:47:46 - [MESSAGE][PASSED] - All options with label 'United States (US)' are selected in object 'Object Repository/Page_Checkout/drop_billingCountry' 

2018-09-21 15:47:51 - [MESSAGE][PASSED] - Delayed 5 second(s)

2018-09-21 15:47:51 - [MESSAGE][PASSED] - Text of object 'Object Repository/Page_Checkout/txt_billingAddress' is cleared

2018-09-21 15:47:51 - [MESSAGE][PASSED] - Keys '123 Testing' sent to object: 'Object Repository/Page_Checkout/txt_billingAddress'

2018-09-21 15:47:51 - [MESSAGE][PASSED] - Text of object 'Object Repository/Page_Checkout/txt_billingCity' is cleared

2018-09-21 15:47:52 - [MESSAGE][PASSED] - Keys 'New York' sent to object: 'Object Repository/Page_Checkout/txt_billingCity'

2018-09-21 15:47:52 - [MESSAGE][PASSED] - All options with label 'New York' are selected in object 'Object Repository/Page_Checkout/drop_billingState' 

2018-09-21 15:47:52 - [MESSAGE][PASSED] - Text of object 'Object Repository/Page_Checkout/txt_billingZip' is cleared

2018-09-21 15:47:52 - [MESSAGE][PASSED] - Keys '90012' sent to object: 'Object Repository/Page_Checkout/txt_billingZip'

2018-09-21 15:47:52 - [MESSAGE][PASSED] - Text of object 'Object Repository/Page_Checkout/txt_billingEmail' is cleared

2018-09-21 15:47:53 - [MESSAGE][PASSED] - Keys 'trang2408@mailinator.com' sent to object: 'Object Repository/Page_Checkout/txt_billingEmail'

2018-09-21 15:47:53 - [MESSAGE][PASSED] - Object 'Object Repository/Page_Checkout/chk_shipToDifferentAddress' is un-checked

2018-09-21 15:47:53 - [MESSAGE][PASSED] - Text of object 'Object Repository/Page_Checkout/txt_orderNote' is cleared

2018-09-21 15:47:53 - [MESSAGE][PASSED] - Keys 'TC07' sent to object: 'Object Repository/Page_Checkout/txt_orderNote'

2018-09-21 15:47:53 - [MESSAGE][PASSED] - Object 'Object Repository/Page_Checkout/radio_creditCard' is checked

2018-09-21 15:47:58 - [MESSAGE][PASSED] - Delayed 5 second(s)

2018-09-21 15:47:58 - [MESSAGE][PASSED] - beautytap.ShopAction.fillCustomerInformation is PASSED

2018-09-21 15:47:58 - [TEST_STEP][PASSED] - beautytap.ShopAction.VerifyOrderDetailsOnCheckout: Keyword VerifyOrderDetailsOnCheckout is Passed

2018-09-21 15:47:58 - [MESSAGE][PASSED] - Object '' is present

2018-09-21 15:47:58 - [MESSAGE][PASSED] - Text of object '' is: '$95.40'

2018-09-21 15:47:58 - [MESSAGE][PASSED] - Text of object '' is: 'Free shipping for orders over $60
Why does shipping take this long?'

2018-09-21 15:47:58 - [MESSAGE][PASSED] - Text of object '' is: '$95.40'

2018-09-21 15:47:58 - [MESSAGE][PASSED] - Keyword VerifyOrderDetailsOnCheckout is Passed

2018-09-21 15:47:58 - [TEST_STEP][PASSED] - beautytap.ShopAction.VerifyRewardEarned: Keyword VerifyRewardEarned is Passed

2018-09-21 15:47:58 - [MESSAGE][PASSED] - Text of object '' is: 'Status: Beauty Bae ( $95.4 x Rewards Multiplier )'

2018-09-21 15:47:58 - [MESSAGE][PASSED] - Text of object '' is: 'Status: Beauty Bae ( $95.4 x Rewards Multiplier )'

2018-09-21 15:47:58 - [MESSAGE][PASSED] - Text of object '' is: 'Status: Beauty Bae ( $95.4 x Rewards Multiplier )'

2018-09-21 15:47:59 - [MESSAGE][PASSED] - Text of object '' is: 'Multiplier: $95.4 x 1.1'

2018-09-21 15:47:59 - [MESSAGE][PASSED] - Text of object '' is: 'Multiplier: $95.4 x 1.1'

2018-09-21 15:47:59 - [MESSAGE][PASSED] - Text of object '' is: '104.9 Points!'

2018-09-21 15:47:59 - [MESSAGE][PASSED] - Text of object '' is: '104.9 Points!'

2018-09-21 15:47:59 - [MESSAGE][PASSED] - Text of object '' is: 'Multiplier: $95.4 x 1.1'

2018-09-21 15:47:59 - [MESSAGE][PASSED] - Text of object '' is: 'Multiplier: $95.4 x 1.1'

2018-09-21 15:47:59 - [MESSAGE][PASSED] - Text of object '' is: 'Multiplier: $95.4 x 1.1'

2018-09-21 15:47:59 - [MESSAGE][PASSED] - Keyword VerifyRewardEarned is Passed

2018-09-21 15:47:59 - [TEST_STEP][PASSED] - beautytap.ShopAction.checkoutViaPaypal: beautytap.ShopAction.checkoutViaPaypal is PASSED

2018-09-21 15:47:59 - [MESSAGE][PASSED] - Object 'Object Repository/Page_Checkout/radio_paypal' is checked

2018-09-21 15:48:04 - [MESSAGE][PASSED] - Delayed 5 second(s)

2018-09-21 15:48:04 - [MESSAGE][PASSED] - Object 'Object Repository/Page_Checkout/chk_terms' is checked

2018-09-21 15:48:05 - [MESSAGE][PASSED] - Object: 'Object Repository/Page_Checkout/btn_placeOrder' is clicked on

2018-09-21 15:48:12 - [MESSAGE][PASSED] - Object 'Object Repository/Page_Paypal/txt_email' is present

2018-09-21 15:48:12 - [MESSAGE][PASSED] - Text of object 'Object Repository/Page_Paypal/txt_email' is cleared

2018-09-21 15:48:12 - [MESSAGE][PASSED] - Keys 'g1.posiba@gmail.com' sent to object: 'Object Repository/Page_Paypal/txt_email'

2018-09-21 15:48:12 - [MESSAGE][PASSED] - Text of object 'Object Repository/Page_Paypal/txt_password' is cleared

2018-09-21 15:48:12 - [MESSAGE][PASSED] - Keys 'Tr@ng99%' sent to object: 'Object Repository/Page_Paypal/txt_password'

2018-09-21 15:48:21 - [MESSAGE][PASSED] - Object: 'Object Repository/Page_Paypal/btn_login' is clicked on

2018-09-21 15:48:31 - [MESSAGE][PASSED] - Object 'Object Repository/Page_Paypal/btn_payNow' is present

2018-09-21 15:48:36 - [MESSAGE][PASSED] - Delayed 5 second(s)

2018-09-21 15:48:36 - [MESSAGE][PASSED] - Object: 'Object Repository/Page_Paypal/btn_payNow' is clicked on

2018-09-21 15:48:55 - [MESSAGE][PASSED] - Object 'Object Repository/Page_Checkout/lbl_orderReceived' is present

2018-09-21 15:48:55 - [MESSAGE][PASSED] - beautytap.ShopAction.checkoutViaPaypal is PASSED

2018-09-21 15:48:55 - [TEST_STEP][PASSED] - beautytap.ShopAction.VerifyOrderReceivedDetails: Keyword VerifyOrderReceivedDetails is Passed

2018-09-21 15:48:55 - [MESSAGE][PASSED] - Object '' is present

2018-09-21 15:48:55 - [MESSAGE][PASSED] - Text of object '' is: '$95.40'

2018-09-21 15:48:55 - [MESSAGE][PASSED] - Text of object '' is: 'Free shipping for orders over $60'

2018-09-21 15:49:01 - [MESSAGE][WARNING] - com.kms.katalon.core.webui.exception.WebElementNotFoundException: Web element with id: '' located by 'By.xpath: //th[text()='Shipping:']/parent::tr/td/span' not found
[[ATTACHMENT|E:\\BeautytapAutomation\\beautytapAuto\\Beautytap\\Reports\\Shop\\20180921_153802\\1537519740872.png]]

2018-09-21 15:49:01 - [MESSAGE][PASSED] - Text of object '' is: 'PayPal'

2018-09-21 15:49:01 - [MESSAGE][PASSED] - Text of object '' is: '$95.40'

2018-09-21 15:49:01 - [MESSAGE][PASSED] - Keyword VerifyOrderReceivedDetails is Passed

2018-09-21 15:49:01 - [TEST_STEP][PASSED] - beautytap.ShopAction.VerifyRewardEarned: Keyword VerifyRewardEarned is Passed

2018-09-21 15:49:01 - [MESSAGE][PASSED] - Text of object '' is: 'Status: Beauty Bae ( $95.40 x Rewards Multiplier )'

2018-09-21 15:49:01 - [MESSAGE][PASSED] - Text of object '' is: 'Status: Beauty Bae ( $95.40 x Rewards Multiplier )'

2018-09-21 15:49:01 - [MESSAGE][PASSED] - Text of object '' is: 'Status: Beauty Bae ( $95.40 x Rewards Multiplier )'

2018-09-21 15:49:01 - [MESSAGE][PASSED] - Text of object '' is: 'Multiplier: $95.40 x 1.1'

2018-09-21 15:49:01 - [MESSAGE][PASSED] - Text of object '' is: 'Multiplier: $95.40 x 1.1'

2018-09-21 15:49:01 - [MESSAGE][PASSED] - Text of object '' is: '104.9 Points!'

2018-09-21 15:49:01 - [MESSAGE][PASSED] - Text of object '' is: '104.9 Points!'

2018-09-21 15:49:01 - [MESSAGE][PASSED] - Text of object '' is: 'Multiplier: $95.40 x 1.1'

2018-09-21 15:49:01 - [MESSAGE][PASSED] - Text of object '' is: 'Multiplier: $95.40 x 1.1'

2018-09-21 15:49:01 - [MESSAGE][PASSED] - Text of object '' is: 'Multiplier: $95.40 x 1.1'

2018-09-21 15:49:01 - [MESSAGE][PASSED] - Keyword VerifyRewardEarned is Passed

2018-09-21 15:49:01 - [TEST_STEP][PASSED] - Statement - orderInfo = CustomKeywords.beautytap.ShopAction.getOrderInfoOnOrderReceived(): beautytap.ShopAction.getOrderInfoOnOrderReceived is PASSED

2018-09-21 15:49:01 - [MESSAGE][PASSED] - Text of object '' is: '136772'

2018-09-21 15:49:01 - [MESSAGE][PASSED] - Text of object '' is: 'September 21, 2018'

2018-09-21 15:49:01 - [MESSAGE][PASSED] - beautytap.ShopAction.getOrderInfoOnOrderReceived is PASSED

2018-09-21 15:49:01 - [TEST_STEP][PASSED] - Statement - orderNumber = orderInfo.get("ordernumber"): null

2018-09-21 15:49:01 - [TEST_STEP][PASSED] - Statement - orderDate = orderInfo.get("date"): null

2018-09-21 15:49:01 - [TEST_STEP][PASSED] - Statement - completeOrderSubject = "Your " + SITE_TITLE + " order from " + orderDate + " is complete": null

2018-09-21 15:49:01 - [TEST_STEP][PASSED] - Statement - completeOrderSubject = completeOrderSubject.replace("[", "").replace("]", ""): null

2018-09-21 15:49:01 - [TEST_STEP][PASSED] - beautytap.GeneralAction.selectProfileMenu: beautytap.GeneralAction.selectProfileMenu is PASSED

2018-09-21 15:49:01 - [MESSAGE][PASSED] - Object: 'Object Repository/Page_General/link_avatar' is clicked on

2018-09-21 15:49:03 - [MESSAGE][PASSED] - Delayed 2 second(s)

2018-09-21 15:49:07 - [MESSAGE][PASSED] - Object: '' is clicked on

2018-09-21 15:49:07 - [MESSAGE][PASSED] - Wait for page load successfully

2018-09-21 15:49:07 - [MESSAGE][PASSED] - beautytap.GeneralAction.selectProfileMenu is PASSED

2018-09-21 15:49:07 - [TEST_STEP][PASSED] - Statement - newPending = java.lang.Float.parseFloat(java.lang.String.format("%.2f", pending + rewardEarned)): null

2018-09-21 15:49:07 - [TEST_STEP][PASSED] - beautytap.ShopAction.VerifyRewardPointsDetails: Keyword VerifyRewardPoints is Passed

2018-09-21 15:49:07 - [MESSAGE][PASSED] - Text of object '' is: '4979.93'

2018-09-21 15:49:07 - [MESSAGE][PASSED] - Text of object '' is: '3162.38'

2018-09-21 15:49:07 - [MESSAGE][PASSED] - Text of object '' is: '2849.93'

2018-09-21 15:49:07 - [MESSAGE][PASSED] - Text of object '' is: '$147.00'

2018-09-21 15:49:07 - [MESSAGE][PASSED] - Keyword VerifyRewardPoints is Passed

2018-09-21 15:49:07 - [TEST_STEP][PASSED] - beautytap.ShopAction.VerifyRewardHistory: Keyword VerifyRewardHistory is Passed

2018-09-21 15:49:07 - [MESSAGE][PASSED] - Object '' is present

2018-09-21 15:49:07 - [MESSAGE][PASSED] - Text of object '' is: ''

2018-09-21 15:49:07 - [MESSAGE][PASSED] - Text of object '' is: '$95.40'

2018-09-21 15:49:08 - [MESSAGE][PASSED] - Text of object '' is: '1.1'

2018-09-21 15:49:08 - [MESSAGE][PASSED] - Text of object '' is: '0.00'

2018-09-21 15:49:08 - [MESSAGE][PASSED] - Text of object '' is: '2849.93'

2018-09-21 15:49:08 - [MESSAGE][PASSED] - Keyword VerifyRewardHistory is Passed

2018-09-21 15:49:08 - [TEST_STEP][PASSED] - beautytap.ShopAction.VerifyRewardHistory: Keyword VerifyRewardHistory is Passed

2018-09-21 15:49:08 - [MESSAGE][PASSED] - Object '' is present

2018-09-21 15:49:08 - [MESSAGE][PASSED] - Text of object '' is: ''

2018-09-21 15:49:08 - [MESSAGE][PASSED] - Text of object '' is: '$95.40'

2018-09-21 15:49:08 - [MESSAGE][PASSED] - Text of object '' is: '1.1'

2018-09-21 15:49:08 - [MESSAGE][PASSED] - Text of object '' is: '0.00'

2018-09-21 15:49:08 - [MESSAGE][PASSED] - Text of object '' is: '2849.93'

2018-09-21 15:49:08 - [MESSAGE][PASSED] - Keyword VerifyRewardHistory is Passed

2018-09-21 15:49:08 - [TEST_STEP][PASSED] - beautytap.GeneralAction.logout: beautytap.GeneralAction.logout is PASSED

2018-09-21 15:49:08 - [MESSAGE][PASSED] - Object: 'Object Repository/Page_General/link_avatar' is clicked on

2018-09-21 15:49:09 - [MESSAGE][PASSED] - Object 'Object Repository/Page_General/menu_logout' is present

2018-09-21 15:49:09 - [MESSAGE][PASSED] - Object: 'Object Repository/Page_General/menu_logout' is clicked on

2018-09-21 15:49:09 - [MESSAGE][PASSED] - Wait for page load successfully

2018-09-21 15:49:09 - [MESSAGE][PASSED] - beautytap.GeneralAction.logout is PASSED

2018-09-21 15:49:09 - [TEST_STEP][PASSED] - beautytap.GeneralAction.clickNavigationMenu: beautytap.GeneralAction.clickNavigationMenu is PASSED

2018-09-21 15:49:18 - [MESSAGE][PASSED] - Object: 'Object Repository/Page_General/link_login' is clicked on

2018-09-21 15:49:18 - [MESSAGE][PASSED] - Wait for page load successfully

2018-09-21 15:49:18 - [MESSAGE][PASSED] - beautytap.GeneralAction.clickNavigationMenu is PASSED

2018-09-21 15:49:18 - [TEST_STEP][PASSED] - beautytap.GeneralAction.login: beautytap.GeneralAction.login is PASSED

2018-09-21 15:49:18 - [MESSAGE][PASSED] - Text of object 'Object Repository/Page_login/txt_username' is cleared

2018-09-21 15:49:19 - [MESSAGE][PASSED] - Keys 'mrwhite' sent to object: 'Object Repository/Page_login/txt_username'

2018-09-21 15:49:19 - [MESSAGE][PASSED] - Text of object 'Object Repository/Page_login/txt_password' is cleared

2018-09-21 15:49:19 - [MESSAGE][PASSED] - Keys 'kgySM$Im' sent to object: 'Object Repository/Page_login/txt_password'

2018-09-21 15:49:19 - [MESSAGE][PASSED] - Object: 'Object Repository/Page_login/btn_login' is clicked on

2018-09-21 15:49:19 - [MESSAGE][PASSED] - Wait for page load successfully

2018-09-21 15:49:19 - [MESSAGE][PASSED] - beautytap.GeneralAction.login is PASSED

2018-09-21 15:49:19 - [TEST_STEP][PASSED] - navigateToUrl: Navigate to 'https://stage.beautytap.com/admin' successfully

2018-09-21 15:49:27 - [MESSAGE][PASSED] - Navigate to 'https://stage.beautytap.com/admin' successfully

2018-09-21 15:49:27 - [TEST_STEP][PASSED] - beautytap.AdminAction.changeOrderStatus: beautytap.AdminAction.changeOrderStatus is PASSED

2018-09-21 15:49:36 - [MESSAGE][PASSED] - Object: '' is clicked on

2018-09-21 15:49:36 - [MESSAGE][PASSED] - Wait for page load successfully

2018-09-21 15:49:41 - [MESSAGE][PASSED] - Object: '' is clicked on

2018-09-21 15:49:41 - [MESSAGE][PASSED] - Wait for page load successfully

2018-09-21 15:49:41 - [MESSAGE][PASSED] - Text of object 'Object Repository/Page_Admin/txt_searchOrder' is cleared

2018-09-21 15:49:41 - [MESSAGE][PASSED] - Keys '136772' sent to object: 'Object Repository/Page_Admin/txt_searchOrder'

2018-09-21 15:49:45 - [MESSAGE][PASSED] - Object: 'Object Repository/Page_Admin/btn_searchOrder' is clicked on

2018-09-21 15:49:45 - [MESSAGE][PASSED] - Wait for page load successfully

2018-09-21 15:49:55 - [MESSAGE][PASSED] - Object: '' is clicked on

2018-09-21 15:49:55 - [MESSAGE][PASSED] - Wait for page load successfully

2018-09-21 15:49:56 - [MESSAGE][PASSED] - All options with label 'Completed' are selected in object 'Object Repository/Page_Admin/drop_orderStatus' 

2018-09-21 15:49:56 - [MESSAGE][PASSED] - Object: 'Object Repository/Page_Admin/btn_saveOrder' is clicked on

2018-09-21 15:50:08 - [MESSAGE][PASSED] - Object 'Object Repository/Page_Admin/lbl_orderUpdatedMessage' is present

2018-09-21 15:50:08 - [MESSAGE][PASSED] - beautytap.AdminAction.changeOrderStatus is PASSED

2018-09-21 15:50:08 - [TEST_STEP][PASSED] - beautytap.GeneralAction.openMailBox: beautytap.GeneralAction.openMailBox is PASSED

2018-09-21 15:50:10 - [MESSAGE][PASSED] - Navigate to 'https://www.mailinator.com' successfully

2018-09-21 15:50:10 - [MESSAGE][PASSED] - Wait for page load successfully

2018-09-21 15:50:10 - [MESSAGE][PASSED] - Keys 'trang2408@mailinator.com' sent to object: 'Object Repository/Page_mailinator/txt_email'

2018-09-21 15:50:14 - [MESSAGE][PASSED] - Object: 'Object Repository/Page_mailinator/btn_go' is clicked on

2018-09-21 15:50:14 - [MESSAGE][PASSED] - Wait for page load successfully

2018-09-21 15:50:19 - [MESSAGE][PASSED] - Delayed 5 second(s)

2018-09-21 15:50:19 - [MESSAGE][PASSED] - beautytap.GeneralAction.openMailBox is PASSED

2018-09-21 15:50:19 - [TEST_STEP][PASSED] - beautytap.GeneralAction.verifyEmailExist: beautytap.GeneralAction.verifyEmailExist is PASSED

2018-09-21 15:50:19 - [MESSAGE][PASSED] - Object '' is present

2018-09-21 15:50:19 - [MESSAGE][PASSED] - beautytap.GeneralAction.verifyEmailExist is PASSED

2018-09-21 15:50:19 - [TEST_STEP][PASSED] - beautytap.GeneralAction.openEmail: beautytap.GeneralAction.openEmail is PASSED

2018-09-21 15:50:19 - [MESSAGE][PASSED] - Object: '' is clicked on

2018-09-21 15:50:19 - [MESSAGE][PASSED] - beautytap.GeneralAction.openEmail is PASSED

2018-09-21 15:50:19 - [TEST_STEP][PASSED] - beautytap.ShopAction.VerifyOrderCompleteEmail: Keyword VerifyOrderCompleteEmail is Passed

2018-09-21 15:50:20 - [MESSAGE][PASSED] - Object '' is present

2018-09-21 15:50:20 - [MESSAGE][PASSED] - Text of object '' is: 'La Muse Correct Care Complete Cushion SPF50+'

2018-09-21 15:50:20 - [MESSAGE][PASSED] - Text of object '' is: '3'

2018-09-21 15:50:20 - [MESSAGE][PASSED] - Text of object '' is: '$95.40'

2018-09-21 15:50:20 - [MESSAGE][PASSED] - Text of object '' is: '$95.40'

2018-09-21 15:50:20 - [MESSAGE][PASSED] - Text of object '' is: 'Free shipping for orders over $60'

2018-09-21 15:50:26 - [MESSAGE][WARNING] - com.kms.katalon.core.webui.exception.WebElementNotFoundException: Web element with id: '' located by 'By.xpath: //th[text()='Shipping:']/parent::tr/td/span' not found
[[ATTACHMENT|E:\\BeautytapAutomation\\beautytapAuto\\Beautytap\\Reports\\Shop\\20180921_153802\\1537519825869.png]]

2018-09-21 15:50:26 - [MESSAGE][PASSED] - Text of object '' is: 'PayPal'

2018-09-21 15:50:26 - [MESSAGE][PASSED] - Text of object '' is: '104.94'

2018-09-21 15:50:26 - [MESSAGE][PASSED] - Text of object '' is: '$95.40'

2018-09-21 15:50:26 - [MESSAGE][PASSED] - Keyword VerifyOrderCompleteEmail is Passed

2018-09-21 15:50:26 - [TEST_STEP][PASSED] - closeBrowser: Browser is closed

2018-09-21 15:50:27 - [MESSAGE][PASSED] - Browser is closed

2018-09-21 15:50:27 - [TEST_STEP][PASSED] - beautytap.GeneralAction.openBeautytap: beautytap.GeneralAction.openBeautytap is PASSED

2018-09-21 15:50:56 - [MESSAGE][PASSED] - Browser is opened with url: 'https://stage.beautytap.com'

2018-09-21 15:50:57 - [MESSAGE][PASSED] - Current window maximized

2018-09-21 15:51:01 - [MESSAGE][PASSED] - Refresh successfully

2018-09-21 15:51:01 - [MESSAGE][PASSED] - Wait for page load successfully

2018-09-21 15:51:01 - [MESSAGE][PASSED] - beautytap.GeneralAction.openBeautytap is PASSED

2018-09-21 15:51:01 - [TEST_STEP][PASSED] - beautytap.GeneralAction.clickNavigationMenu: beautytap.GeneralAction.clickNavigationMenu is PASSED

2018-09-21 15:51:04 - [MESSAGE][PASSED] - Object: 'Object Repository/Page_General/link_login' is clicked on

2018-09-21 15:51:04 - [MESSAGE][PASSED] - Wait for page load successfully

2018-09-21 15:51:04 - [MESSAGE][PASSED] - beautytap.GeneralAction.clickNavigationMenu is PASSED

2018-09-21 15:51:04 - [TEST_STEP][PASSED] - beautytap.GeneralAction.login: beautytap.GeneralAction.login is PASSED

2018-09-21 15:51:04 - [MESSAGE][PASSED] - Text of object 'Object Repository/Page_login/txt_username' is cleared

2018-09-21 15:51:04 - [MESSAGE][PASSED] - Keys 'trang2408@mailinator.com' sent to object: 'Object Repository/Page_login/txt_username'

2018-09-21 15:51:04 - [MESSAGE][PASSED] - Text of object 'Object Repository/Page_login/txt_password' is cleared

2018-09-21 15:51:05 - [MESSAGE][PASSED] - Keys '123456' sent to object: 'Object Repository/Page_login/txt_password'

2018-09-21 15:51:05 - [MESSAGE][PASSED] - Object: 'Object Repository/Page_login/btn_login' is clicked on

2018-09-21 15:51:05 - [MESSAGE][PASSED] - Wait for page load successfully

2018-09-21 15:51:05 - [MESSAGE][PASSED] - beautytap.GeneralAction.login is PASSED

2018-09-21 15:51:05 - [TEST_STEP][PASSED] - beautytap.GeneralAction.VerifyNotificationText: Keyword VerifyNotificationText is Passed

2018-09-21 15:51:13 - [MESSAGE][PASSED] - Object: 'Object Repository/Page_General/link_notificationIcon' is clicked on

2018-09-21 15:51:18 - [MESSAGE][PASSED] - Delayed 5 second(s)

2018-09-21 15:51:18 - [MESSAGE][PASSED] - Text of object '' is: 'You received 104.94 redeemable points'

2018-09-21 15:51:18 - [MESSAGE][PASSED] - Keyword VerifyNotificationText is Passed

2018-09-21 15:51:18 - [TEST_STEP][PASSED] - beautytap.GeneralAction.selectProfileMenu: beautytap.GeneralAction.selectProfileMenu is PASSED

2018-09-21 15:51:19 - [MESSAGE][PASSED] - Object: 'Object Repository/Page_General/link_avatar' is clicked on

2018-09-21 15:51:21 - [MESSAGE][PASSED] - Delayed 2 second(s)

2018-09-21 15:51:24 - [MESSAGE][PASSED] - Object: '' is clicked on

2018-09-21 15:51:24 - [MESSAGE][PASSED] - Wait for page load successfully

2018-09-21 15:51:24 - [MESSAGE][PASSED] - beautytap.GeneralAction.selectProfileMenu is PASSED

2018-09-21 15:51:24 - [TEST_STEP][PASSED] - Statement - newLifetime = java.lang.Float.parseFloat(java.lang.String.format("%.2f", lifetime + rewardEarned)): null

2018-09-21 15:51:24 - [TEST_STEP][PASSED] - Statement - newRedeemable = java.lang.Float.parseFloat(java.lang.String.format("%.2f", redeemable + rewardEarned)): null

2018-09-21 15:51:24 - [TEST_STEP][PASSED] - Statement - newPointValue = CustomKeywords.beautytap.ShopAction.calculateLoyaltyPointValue(newRedeemable): beautytap.ShopAction.calculateLoyaltyPointValue is PASSED

2018-09-21 15:51:24 - [MESSAGE][PASSED] - beautytap.ShopAction.calculateLoyaltyPointValue is PASSED

2018-09-21 15:51:24 - [TEST_STEP][PASSED] - beautytap.ShopAction.VerifyRewardPointsDetails: Keyword VerifyRewardPoints is Passed

2018-09-21 15:51:24 - [MESSAGE][PASSED] - Text of object '' is: '5084.87'

2018-09-21 15:51:24 - [MESSAGE][PASSED] - Text of object '' is: '3057.44'

2018-09-21 15:51:24 - [MESSAGE][PASSED] - Text of object '' is: '2954.87'

2018-09-21 15:51:24 - [MESSAGE][PASSED] - Text of object '' is: '$150.00'

2018-09-21 15:51:24 - [MESSAGE][PASSED] - Keyword VerifyRewardPoints is Passed

2018-09-21 15:51:24 - [TEST_STEP][PASSED] - beautytap.ShopAction.VerifyRewardHistory: Keyword VerifyRewardHistory is Passed

2018-09-21 15:51:24 - [MESSAGE][PASSED] - Object '' is present

2018-09-21 15:51:25 - [MESSAGE][PASSED] - Text of object '' is: ''

2018-09-21 15:51:25 - [MESSAGE][PASSED] - Text of object '' is: '$95.40'

2018-09-21 15:51:25 - [MESSAGE][PASSED] - Text of object '' is: '1.1'

2018-09-21 15:51:25 - [MESSAGE][PASSED] - Text of object '' is: '104.94'

2018-09-21 15:51:25 - [MESSAGE][PASSED] - Text of object '' is: '2954.87'

2018-09-21 15:51:25 - [MESSAGE][PASSED] - Keyword VerifyRewardHistory is Passed

2018-09-21 15:51:25 - [TEST_STEP][PASSED] - beautytap.GeneralAction.logout: beautytap.GeneralAction.logout is PASSED

2018-09-21 15:51:25 - [MESSAGE][PASSED] - Object: 'Object Repository/Page_General/link_avatar' is clicked on

2018-09-21 15:51:26 - [MESSAGE][PASSED] - Object 'Object Repository/Page_General/menu_logout' is present

2018-09-21 15:51:26 - [MESSAGE][PASSED] - Object: 'Object Repository/Page_General/menu_logout' is clicked on

2018-09-21 15:51:26 - [MESSAGE][PASSED] - Wait for page load successfully

2018-09-21 15:51:27 - [MESSAGE][PASSED] - Browser is closed

2018-09-21 15:51:27 - [MESSAGE][PASSED] - beautytap.GeneralAction.logout is PASSED]]></system-out>
         <system-err><![CDATA[]]></system-err>
      </testcase>
      <testcase name="Test Cases/Shop/TC08_BuyProduct_UsingRewardPoint" classname="Test Cases/Shop/TC08_BuyProduct_UsingRewardPoint" status="PASSED">
         <system-out><![CDATA[2018-09-21 15:51:29 - [TEST_CASE][PASSED] - Test Cases/Shop/TC08_BuyProduct_UsingRewardPoint: Test Cases/Shop/TC08_BuyProduct_UsingRewardPoint

2018-09-21 15:51:29 - [TEST_STEP][PASSED] - Statement - username = USER_EMAIL: null

2018-09-21 15:51:29 - [TEST_STEP][PASSED] - Statement - password = USER_PASSWORD: null

2018-09-21 15:51:29 - [TEST_STEP][PASSED] - Statement - productName = SIMPLE_PRODUCT: null

2018-09-21 15:51:30 - [TEST_STEP][PASSED] - Statement - price = SIMPLE_PRODUCT_PRICE: null

2018-09-21 15:51:30 - [TEST_STEP][PASSED] - Statement - quantity = 3: null

2018-09-21 15:51:30 - [TEST_STEP][PASSED] - Statement - shippingLabel = FREE_SHIPPING_LABEL: null

2018-09-21 15:51:30 - [TEST_STEP][PASSED] - Statement - shippingPrice = 0: null

2018-09-21 15:51:30 - [TEST_STEP][PASSED] - Statement - pointUsed = 60: null

2018-09-21 15:51:30 - [TEST_STEP][PASSED] - Statement - pointValueUsed = 2: null

2018-09-21 15:51:30 - [TEST_STEP][PASSED] - Statement - subtotal = CustomKeywords.beautytap.ShopAction.calculateTotal(quantity, price): beautytap.ShopAction.calculateTotal is PASSED

2018-09-21 15:51:30 - [MESSAGE][PASSED] - beautytap.ShopAction.calculateTotal is PASSED

2018-09-21 15:51:30 - [TEST_STEP][PASSED] - Statement - subtotalApplyReward = java.lang.Float.parseFloat(java.lang.String.format("%.2f", subtotal - pointValueUsed)): null

2018-09-21 15:51:30 - [TEST_STEP][PASSED] - Statement - total = java.lang.Float.parseFloat(java.lang.String.format("%.2f", subtotal - pointValueUsed + shippingPrice)): null

2018-09-21 15:51:30 - [TEST_STEP][PASSED] - Statement - products = new org.json.JSONArray((((((([{"productname":" + productName) + ","variation":"","quantity":") + quantity) + ","price":") + price) + "}])): null

2018-09-21 15:51:30 - [TEST_STEP][PASSED] - Statement - billingInformation = new org.json.JSONObject((({"firstname":"Test","lastname":"Automation","country":"United States (US)","address":"123 Testing","city":"New York","state":"New York","zip":"90012","email":" + username) + "})): null

2018-09-21 15:51:30 - [TEST_STEP][PASSED] - Statement - paymentMethod = "PayPal": null

2018-09-21 15:51:30 - [TEST_STEP][PASSED] - beautytap.GeneralAction.openBeautytap: beautytap.GeneralAction.openBeautytap is PASSED

2018-09-21 15:51:53 - [MESSAGE][PASSED] - Browser is opened with url: 'https://stage.beautytap.com'

2018-09-21 15:51:54 - [MESSAGE][PASSED] - Current window maximized

2018-09-21 15:51:58 - [MESSAGE][PASSED] - Refresh successfully

2018-09-21 15:51:58 - [MESSAGE][PASSED] - Wait for page load successfully

2018-09-21 15:51:58 - [MESSAGE][PASSED] - beautytap.GeneralAction.openBeautytap is PASSED

2018-09-21 15:51:58 - [TEST_STEP][PASSED] - beautytap.GeneralAction.clickNavigationMenu: beautytap.GeneralAction.clickNavigationMenu is PASSED

2018-09-21 15:52:01 - [MESSAGE][PASSED] - Object: 'Object Repository/Page_General/link_login' is clicked on

2018-09-21 15:52:01 - [MESSAGE][PASSED] - Wait for page load successfully

2018-09-21 15:52:01 - [MESSAGE][PASSED] - beautytap.GeneralAction.clickNavigationMenu is PASSED

2018-09-21 15:52:01 - [TEST_STEP][PASSED] - beautytap.GeneralAction.login: beautytap.GeneralAction.login is PASSED

2018-09-21 15:52:01 - [MESSAGE][PASSED] - Text of object 'Object Repository/Page_login/txt_username' is cleared

2018-09-21 15:52:01 - [MESSAGE][PASSED] - Keys 'trang2408@mailinator.com' sent to object: 'Object Repository/Page_login/txt_username'

2018-09-21 15:52:01 - [MESSAGE][PASSED] - Text of object 'Object Repository/Page_login/txt_password' is cleared

2018-09-21 15:52:02 - [MESSAGE][PASSED] - Keys '123456' sent to object: 'Object Repository/Page_login/txt_password'

2018-09-21 15:52:02 - [MESSAGE][PASSED] - Object: 'Object Repository/Page_login/btn_login' is clicked on

2018-09-21 15:52:02 - [MESSAGE][PASSED] - Wait for page load successfully

2018-09-21 15:52:02 - [MESSAGE][PASSED] - beautytap.GeneralAction.login is PASSED

2018-09-21 15:52:02 - [TEST_STEP][PASSED] - beautytap.GeneralAction.selectProfileMenu: beautytap.GeneralAction.selectProfileMenu is PASSED

2018-09-21 15:52:11 - [MESSAGE][PASSED] - Object: 'Object Repository/Page_General/link_avatar' is clicked on

2018-09-21 15:52:13 - [MESSAGE][PASSED] - Delayed 2 second(s)

2018-09-21 15:52:16 - [MESSAGE][PASSED] - Object: '' is clicked on

2018-09-21 15:52:16 - [MESSAGE][PASSED] - Wait for page load successfully

2018-09-21 15:52:16 - [MESSAGE][PASSED] - beautytap.GeneralAction.selectProfileMenu is PASSED

2018-09-21 15:52:16 - [TEST_STEP][PASSED] - Statement - objReward = CustomKeywords.beautytap.ShopAction.getRewardDetails(): beautytap.ShopAction.getRewardDetails is PASSED

2018-09-21 15:52:16 - [MESSAGE][PASSED] - Text of object '' is: '1.1 x Rewards Multiplier!'

2018-09-21 15:52:16 - [MESSAGE][PASSED] - Text of object '' is: '1.1 x Rewards Multiplier!'

2018-09-21 15:52:16 - [MESSAGE][PASSED] - Text of object '' is: '5084.87'

2018-09-21 15:52:17 - [MESSAGE][PASSED] - Text of object '' is: '3057.44'

2018-09-21 15:52:17 - [MESSAGE][PASSED] - Text of object '' is: '2954.87'

2018-09-21 15:52:17 - [MESSAGE][PASSED] - Text of object '' is: '$150.00'

2018-09-21 15:52:17 - [MESSAGE][PASSED] - Text of object '' is: 'Beauty Bae'

2018-09-21 15:52:17 - [MESSAGE][PASSED] - beautytap.ShopAction.getRewardDetails is PASSED

2018-09-21 15:52:17 - [TEST_STEP][PASSED] - Statement - multiplier = java.lang.Float.parseFloat(objReward.get("multiplier")): null

2018-09-21 15:52:17 - [TEST_STEP][PASSED] - Statement - currentlevel = objReward.get("currentlevel"): null

2018-09-21 15:52:17 - [TEST_STEP][PASSED] - Statement - lifetime = java.lang.Float.parseFloat(objReward.get("lifetime")): null

2018-09-21 15:52:17 - [TEST_STEP][PASSED] - Statement - pending = java.lang.Float.parseFloat(objReward.get("pending")): null

2018-09-21 15:52:17 - [TEST_STEP][PASSED] - Statement - redeemable = java.lang.Float.parseFloat(objReward.get("redeemable")): null

2018-09-21 15:52:17 - [TEST_STEP][PASSED] - Statement - pointvalue = java.lang.Float.parseFloat(objReward.get("pointvalue")): null

2018-09-21 15:52:17 - [TEST_STEP][PASSED] - Statement - rewardEarned = java.lang.Float.parseFloat(java.lang.String.format("%.2f", multiplier * subtotal - pointValueUsed)): null

2018-09-21 15:52:17 - [TEST_STEP][PASSED] - beautytap.ShopAction.globalSearch: beautytap.ShopAction.globalSearch is PASSED

2018-09-21 15:52:17 - [MESSAGE][PASSED] - Object: 'Object Repository/Page_General/icon_search' is clicked on

2018-09-21 15:52:22 - [MESSAGE][PASSED] - Delayed 5 second(s)

2018-09-21 15:52:22 - [MESSAGE][PASSED] - Text of object 'Object Repository/Page_General/txt_search' is cleared

2018-09-21 15:52:22 - [MESSAGE][PASSED] - Keys 'CONTROL + v' sent to object: 'Object Repository/Page_General/txt_search'

2018-09-21 15:52:24 - [MESSAGE][PASSED] - Object 'Object Repository/Page_General/div_searchResult' is present

2018-09-21 15:52:24 - [MESSAGE][PASSED] - beautytap.ShopAction.globalSearch is PASSED

2018-09-21 15:52:24 - [TEST_STEP][PASSED] - beautytap.ShopAction.selectProductOnSearchResult: beautytap.ShopAction.selectProductOnSearchResult is PASSED

2018-09-21 15:52:31 - [MESSAGE][PASSED] - Object: '' is clicked on

2018-09-21 15:52:31 - [MESSAGE][PASSED] - Wait for page load successfully

2018-09-21 15:52:31 - [MESSAGE][PASSED] - beautytap.ShopAction.selectProductOnSearchResult is PASSED

2018-09-21 15:52:31 - [TEST_STEP][PASSED] - beautytap.ShopAction.addProductToCart: beautytap.ShopAction.addProductToCart is PASSED

2018-09-21 15:52:31 - [MESSAGE][PASSED] - Text of object 'Object Repository/Page_Shop/txt_quantity' is cleared

2018-09-21 15:52:31 - [MESSAGE][PASSED] - Keys '3' sent to object: 'Object Repository/Page_Shop/txt_quantity'

2018-09-21 15:52:31 - [MESSAGE][PASSED] - Object: 'Object Repository/Page_Shop/btn_addToCart' is clicked on

2018-09-21 15:52:31 - [MESSAGE][PASSED] - Wait for page load successfully

2018-09-21 15:52:36 - [MESSAGE][PASSED] - Object 'Object Repository/Page_Shop/lbl_message' is present

2018-09-21 15:52:36 - [MESSAGE][PASSED] - beautytap.ShopAction.addProductToCart is PASSED

2018-09-21 15:52:36 - [TEST_STEP][PASSED] - beautytap.ShopAction.goToCart: beautytap.ShopAction.goToCart is PASSED

2018-09-21 15:52:41 - [MESSAGE][PASSED] - Object: 'Object Repository/Page_General/icon_cart' is clicked on

2018-09-21 15:52:41 - [MESSAGE][PASSED] - Wait for page load successfully

2018-09-21 15:52:41 - [MESSAGE][PASSED] - beautytap.ShopAction.goToCart is PASSED

2018-09-21 15:52:41 - [TEST_STEP][PASSED] - beautytap.ShopAction.processToCheckout: beautytap.ShopAction.processToCheckout is PASSED

2018-09-21 15:52:45 - [MESSAGE][PASSED] - Object: 'Object Repository/Page_Cart/btn_checkout' is clicked on

2018-09-21 15:52:45 - [MESSAGE][PASSED] - Wait for page load successfully

2018-09-21 15:52:45 - [MESSAGE][PASSED] - beautytap.ShopAction.processToCheckout is PASSED

2018-09-21 15:52:45 - [TEST_STEP][PASSED] - beautytap.ShopAction.applyLoyaltyRewardPoint: beautytap.ShopAction.applyLoyaltyRewardPoint is PASSED

2018-09-21 15:52:46 - [MESSAGE][PASSED] - Object: 'Object Repository/Page_Checkout/link_clickToRedeem' is clicked on

2018-09-21 15:52:46 - [MESSAGE][PASSED] - Object '' is checked

2018-09-21 15:52:46 - [MESSAGE][PASSED] - Object: 'Object Repository/Page_Checkout/btn_applyReward' is clicked on

2018-09-21 15:52:47 - [MESSAGE][PASSED] - Object '' is present

2018-09-21 15:52:47 - [MESSAGE][PASSED] - beautytap.ShopAction.applyLoyaltyRewardPoint is PASSED

2018-09-21 15:52:47 - [TEST_STEP][PASSED] - beautytap.ShopAction.fillCustomerInformation: beautytap.ShopAction.fillCustomerInformation is PASSED

2018-09-21 15:52:47 - [MESSAGE][PASSED] - Text of object 'Object Repository/Page_Checkout/txt_billingFirstName' is cleared

2018-09-21 15:52:47 - [MESSAGE][PASSED] - Keys 'Test' sent to object: 'Object Repository/Page_Checkout/txt_billingFirstName'

2018-09-21 15:52:47 - [MESSAGE][PASSED] - Text of object 'Object Repository/Page_Checkout/txt_billingLastName' is cleared

2018-09-21 15:52:47 - [MESSAGE][PASSED] - Keys 'Automation' sent to object: 'Object Repository/Page_Checkout/txt_billingLastName'

2018-09-21 15:52:48 - [MESSAGE][PASSED] - All options with label 'United States (US)' are selected in object 'Object Repository/Page_Checkout/drop_billingCountry' 

2018-09-21 15:52:53 - [MESSAGE][PASSED] - Delayed 5 second(s)

2018-09-21 15:52:53 - [MESSAGE][PASSED] - Text of object 'Object Repository/Page_Checkout/txt_billingAddress' is cleared

2018-09-21 15:52:53 - [MESSAGE][PASSED] - Keys '123 Testing' sent to object: 'Object Repository/Page_Checkout/txt_billingAddress'

2018-09-21 15:52:53 - [MESSAGE][PASSED] - Text of object 'Object Repository/Page_Checkout/txt_billingCity' is cleared

2018-09-21 15:52:54 - [MESSAGE][PASSED] - Keys 'New York' sent to object: 'Object Repository/Page_Checkout/txt_billingCity'

2018-09-21 15:52:54 - [MESSAGE][PASSED] - All options with label 'New York' are selected in object 'Object Repository/Page_Checkout/drop_billingState' 

2018-09-21 15:52:54 - [MESSAGE][PASSED] - Text of object 'Object Repository/Page_Checkout/txt_billingZip' is cleared

2018-09-21 15:52:54 - [MESSAGE][PASSED] - Keys '90012' sent to object: 'Object Repository/Page_Checkout/txt_billingZip'

2018-09-21 15:52:54 - [MESSAGE][PASSED] - Text of object 'Object Repository/Page_Checkout/txt_billingEmail' is cleared

2018-09-21 15:52:55 - [MESSAGE][PASSED] - Keys 'trang2408@mailinator.com' sent to object: 'Object Repository/Page_Checkout/txt_billingEmail'

2018-09-21 15:52:55 - [MESSAGE][PASSED] - Object 'Object Repository/Page_Checkout/chk_shipToDifferentAddress' is un-checked

2018-09-21 15:52:55 - [MESSAGE][PASSED] - Text of object 'Object Repository/Page_Checkout/txt_orderNote' is cleared

2018-09-21 15:52:55 - [MESSAGE][PASSED] - Keys 'TC08_checkout with reward' sent to object: 'Object Repository/Page_Checkout/txt_orderNote'

2018-09-21 15:52:56 - [MESSAGE][PASSED] - Object 'Object Repository/Page_Checkout/radio_creditCard' is checked

2018-09-21 15:53:01 - [MESSAGE][PASSED] - Delayed 5 second(s)

2018-09-21 15:53:01 - [MESSAGE][PASSED] - beautytap.ShopAction.fillCustomerInformation is PASSED

2018-09-21 15:53:01 - [TEST_STEP][PASSED] - beautytap.ShopAction.VerifyOrderDetailsOnCheckout: Keyword VerifyOrderDetailsOnCheckout is Passed

2018-09-21 15:53:01 - [MESSAGE][PASSED] - Object '' is present

2018-09-21 15:53:01 - [MESSAGE][PASSED] - Text of object '' is: '$95.40'

2018-09-21 15:53:01 - [MESSAGE][PASSED] - Text of object '' is: '60 points used'

2018-09-21 15:53:01 - [MESSAGE][PASSED] - Text of object '' is: '60 points used'

2018-09-21 15:53:01 - [MESSAGE][PASSED] - Text of object '' is: '$2.00'

2018-09-21 15:53:01 - [MESSAGE][PASSED] - Text of object '' is: 'Free shipping for orders over $60
Why does shipping take this long?'

2018-09-21 15:53:01 - [MESSAGE][PASSED] - Text of object '' is: '$93.40'

2018-09-21 15:53:01 - [MESSAGE][PASSED] - Keyword VerifyOrderDetailsOnCheckout is Passed

2018-09-21 15:53:01 - [TEST_STEP][PASSED] - beautytap.ShopAction.VerifyRewardEarned: Keyword VerifyRewardEarned is Passed

2018-09-21 15:53:01 - [MESSAGE][PASSED] - Text of object '' is: 'Status: Beauty Bae ( $93.4 x Rewards Multiplier )'

2018-09-21 15:53:01 - [MESSAGE][PASSED] - Text of object '' is: 'Status: Beauty Bae ( $93.4 x Rewards Multiplier )'

2018-09-21 15:53:01 - [MESSAGE][PASSED] - Text of object '' is: 'Status: Beauty Bae ( $93.4 x Rewards Multiplier )'

2018-09-21 15:53:01 - [MESSAGE][PASSED] - Text of object '' is: 'Multiplier: $93.4 x 1.1'

2018-09-21 15:53:01 - [MESSAGE][PASSED] - Text of object '' is: 'Multiplier: $93.4 x 1.1'

2018-09-21 15:53:01 - [MESSAGE][PASSED] - Text of object '' is: '102.7 Points!'

2018-09-21 15:53:01 - [MESSAGE][PASSED] - Text of object '' is: '102.7 Points!'

2018-09-21 15:53:01 - [MESSAGE][PASSED] - Text of object '' is: 'Multiplier: $93.4 x 1.1'

2018-09-21 15:53:01 - [MESSAGE][PASSED] - Text of object '' is: 'Multiplier: $93.4 x 1.1'

2018-09-21 15:53:01 - [MESSAGE][PASSED] - Text of object '' is: 'Multiplier: $93.4 x 1.1'

2018-09-21 15:53:01 - [MESSAGE][PASSED] - Keyword VerifyRewardEarned is Passed

2018-09-21 15:53:01 - [TEST_STEP][PASSED] - beautytap.ShopAction.checkoutViaPaypal: beautytap.ShopAction.checkoutViaPaypal is PASSED

2018-09-21 15:53:02 - [MESSAGE][PASSED] - Object 'Object Repository/Page_Checkout/radio_paypal' is checked

2018-09-21 15:53:07 - [MESSAGE][PASSED] - Delayed 5 second(s)

2018-09-21 15:53:07 - [MESSAGE][PASSED] - Object 'Object Repository/Page_Checkout/chk_terms' is checked

2018-09-21 15:53:07 - [MESSAGE][PASSED] - Object: 'Object Repository/Page_Checkout/btn_placeOrder' is clicked on

2018-09-21 15:53:14 - [MESSAGE][PASSED] - Object 'Object Repository/Page_Paypal/txt_email' is present

2018-09-21 15:53:14 - [MESSAGE][PASSED] - Text of object 'Object Repository/Page_Paypal/txt_email' is cleared

2018-09-21 15:53:14 - [MESSAGE][PASSED] - Keys 'g1.posiba@gmail.com' sent to object: 'Object Repository/Page_Paypal/txt_email'

2018-09-21 15:53:14 - [MESSAGE][PASSED] - Text of object 'Object Repository/Page_Paypal/txt_password' is cleared

2018-09-21 15:53:14 - [MESSAGE][PASSED] - Keys 'Tr@ng99%' sent to object: 'Object Repository/Page_Paypal/txt_password'

2018-09-21 15:53:24 - [MESSAGE][PASSED] - Object: 'Object Repository/Page_Paypal/btn_login' is clicked on

2018-09-21 15:53:31 - [MESSAGE][PASSED] - Object 'Object Repository/Page_Paypal/btn_payNow' is present

2018-09-21 15:53:36 - [MESSAGE][PASSED] - Delayed 5 second(s)

2018-09-21 15:53:36 - [MESSAGE][PASSED] - Object: 'Object Repository/Page_Paypal/btn_payNow' is clicked on

2018-09-21 15:53:55 - [MESSAGE][PASSED] - Object 'Object Repository/Page_Checkout/lbl_orderReceived' is present

2018-09-21 15:53:55 - [MESSAGE][PASSED] - beautytap.ShopAction.checkoutViaPaypal is PASSED

2018-09-21 15:53:55 - [TEST_STEP][PASSED] - beautytap.ShopAction.VerifyOrderReceivedDetails: Keyword VerifyOrderReceivedDetails is Passed

2018-09-21 15:53:55 - [MESSAGE][PASSED] - Object '' is present

2018-09-21 15:53:55 - [MESSAGE][PASSED] - Text of object '' is: '$95.40'

2018-09-21 15:53:55 - [MESSAGE][PASSED] - Text of object '' is: '60 points used'

2018-09-21 15:53:55 - [MESSAGE][PASSED] - Text of object '' is: '60 points used'

2018-09-21 15:53:55 - [MESSAGE][PASSED] - Text of object '' is: '$2.00'

2018-09-21 15:53:56 - [MESSAGE][PASSED] - Text of object '' is: 'Free shipping for orders over $60'

2018-09-21 15:54:01 - [MESSAGE][WARNING] - com.kms.katalon.core.webui.exception.WebElementNotFoundException: Web element with id: '' located by 'By.xpath: //th[text()='Shipping:']/parent::tr/td/span' not found
[[ATTACHMENT|E:\\BeautytapAutomation\\beautytapAuto\\Beautytap\\Reports\\Shop\\20180921_153802\\1537520041216.png]]

2018-09-21 15:54:01 - [MESSAGE][PASSED] - Text of object '' is: 'PayPal'

2018-09-21 15:54:01 - [MESSAGE][PASSED] - Text of object '' is: '$93.40'

2018-09-21 15:54:01 - [MESSAGE][PASSED] - Keyword VerifyOrderReceivedDetails is Passed

2018-09-21 15:54:01 - [TEST_STEP][PASSED] - Statement - orderInfo = CustomKeywords.beautytap.ShopAction.getOrderInfoOnOrderReceived(): beautytap.ShopAction.getOrderInfoOnOrderReceived is PASSED

2018-09-21 15:54:01 - [MESSAGE][PASSED] - Text of object '' is: '136775'

2018-09-21 15:54:01 - [MESSAGE][PASSED] - Text of object '' is: 'September 21, 2018'

2018-09-21 15:54:01 - [MESSAGE][PASSED] - beautytap.ShopAction.getOrderInfoOnOrderReceived is PASSED

2018-09-21 15:54:01 - [TEST_STEP][PASSED] - Statement - orderNumber = orderInfo.get("ordernumber"): null

2018-09-21 15:54:01 - [TEST_STEP][PASSED] - beautytap.ShopAction.VerifyRewardEarned: Keyword VerifyRewardEarned is Passed

2018-09-21 15:54:01 - [MESSAGE][PASSED] - Text of object '' is: 'Status: Beauty Bae ( $93.40 x Rewards Multiplier )'

2018-09-21 15:54:01 - [MESSAGE][PASSED] - Text of object '' is: 'Status: Beauty Bae ( $93.40 x Rewards Multiplier )'

2018-09-21 15:54:01 - [MESSAGE][PASSED] - Text of object '' is: 'Status: Beauty Bae ( $93.40 x Rewards Multiplier )'

2018-09-21 15:54:01 - [MESSAGE][PASSED] - Text of object '' is: 'Multiplier: $93.40 x 1.1'

2018-09-21 15:54:01 - [MESSAGE][PASSED] - Text of object '' is: 'Multiplier: $93.40 x 1.1'

2018-09-21 15:54:01 - [MESSAGE][PASSED] - Text of object '' is: '102.7 Points!'

2018-09-21 15:54:02 - [MESSAGE][PASSED] - Text of object '' is: '102.7 Points!'

2018-09-21 15:54:02 - [MESSAGE][PASSED] - Text of object '' is: 'Multiplier: $93.40 x 1.1'

2018-09-21 15:54:02 - [MESSAGE][PASSED] - Text of object '' is: 'Multiplier: $93.40 x 1.1'

2018-09-21 15:54:02 - [MESSAGE][PASSED] - Text of object '' is: 'Multiplier: $93.40 x 1.1'

2018-09-21 15:54:02 - [MESSAGE][PASSED] - Keyword VerifyRewardEarned is Passed

2018-09-21 15:54:02 - [TEST_STEP][PASSED] - beautytap.GeneralAction.selectProfileMenu: beautytap.GeneralAction.selectProfileMenu is PASSED

2018-09-21 15:54:02 - [MESSAGE][PASSED] - Object: 'Object Repository/Page_General/link_avatar' is clicked on

2018-09-21 15:54:04 - [MESSAGE][PASSED] - Delayed 2 second(s)

2018-09-21 15:54:08 - [MESSAGE][PASSED] - Object: '' is clicked on

2018-09-21 15:54:09 - [MESSAGE][PASSED] - Wait for page load successfully

2018-09-21 15:54:09 - [MESSAGE][PASSED] - beautytap.GeneralAction.selectProfileMenu is PASSED

2018-09-21 15:54:09 - [TEST_STEP][PASSED] - Statement - newPending = java.lang.Float.parseFloat(java.lang.String.format("%.2f", pending + rewardEarned)): null

2018-09-21 15:54:09 - [TEST_STEP][PASSED] - Statement - newRedeemable = java.lang.Float.parseFloat(java.lang.String.format("%.2f", redeemable - pointUsed)): null

2018-09-21 15:54:09 - [TEST_STEP][PASSED] - Statement - newPointValue = CustomKeywords.beautytap.ShopAction.calculateLoyaltyPointValue(newRedeemable): beautytap.ShopAction.calculateLoyaltyPointValue is PASSED

2018-09-21 15:54:09 - [MESSAGE][PASSED] - beautytap.ShopAction.calculateLoyaltyPointValue is PASSED

2018-09-21 15:54:09 - [TEST_STEP][PASSED] - beautytap.ShopAction.VerifyRewardPointsDetails: Keyword VerifyRewardPoints is Passed

2018-09-21 15:54:09 - [MESSAGE][PASSED] - Text of object '' is: '5084.87'

2018-09-21 15:54:09 - [MESSAGE][PASSED] - Text of object '' is: '3160.18'

2018-09-21 15:54:09 - [MESSAGE][PASSED] - Text of object '' is: '2894.87'

2018-09-21 15:54:09 - [MESSAGE][PASSED] - Text of object '' is: '$149.00'

2018-09-21 15:54:09 - [MESSAGE][PASSED] - Keyword VerifyRewardPoints is Passed

2018-09-21 15:54:09 - [TEST_STEP][PASSED] - beautytap.ShopAction.VerifyRewardHistory: Keyword VerifyRewardHistory is Passed

2018-09-21 15:54:09 - [MESSAGE][PASSED] - Object '' is present

2018-09-21 15:54:09 - [MESSAGE][PASSED] - Text of object '' is: '60'

2018-09-21 15:54:09 - [MESSAGE][PASSED] - Text of object '' is: '60'

2018-09-21 15:54:09 - [MESSAGE][PASSED] - Text of object '' is: '$93.40'

2018-09-21 15:54:09 - [MESSAGE][PASSED] - Text of object '' is: '1.1'

2018-09-21 15:54:09 - [MESSAGE][PASSED] - Text of object '' is: '-60.00'

2018-09-21 15:54:09 - [MESSAGE][PASSED] - Text of object '' is: '2894.87'

2018-09-21 15:54:09 - [MESSAGE][PASSED] - Keyword VerifyRewardHistory is Passed

2018-09-21 15:54:09 - [TEST_STEP][PASSED] - beautytap.ShopAction.VerifyRewardHistory: Keyword VerifyRewardHistory is Passed

2018-09-21 15:54:09 - [MESSAGE][PASSED] - Object '' is present

2018-09-21 15:54:09 - [MESSAGE][PASSED] - Text of object '' is: '60'

2018-09-21 15:54:09 - [MESSAGE][PASSED] - Text of object '' is: '60'

2018-09-21 15:54:09 - [MESSAGE][PASSED] - Text of object '' is: '$93.40'

2018-09-21 15:54:09 - [MESSAGE][PASSED] - Text of object '' is: '1.1'

2018-09-21 15:54:09 - [MESSAGE][PASSED] - Text of object '' is: '0.00'

2018-09-21 15:54:09 - [MESSAGE][PASSED] - Text of object '' is: '2894.87'

2018-09-21 15:54:09 - [MESSAGE][PASSED] - Keyword VerifyRewardHistory is Passed

2018-09-21 15:54:09 - [TEST_STEP][PASSED] - beautytap.GeneralAction.logout: beautytap.GeneralAction.logout is PASSED

2018-09-21 15:54:10 - [MESSAGE][PASSED] - Object: 'Object Repository/Page_General/link_avatar' is clicked on

2018-09-21 15:54:10 - [MESSAGE][PASSED] - Object 'Object Repository/Page_General/menu_logout' is present

2018-09-21 15:54:10 - [MESSAGE][PASSED] - Object: 'Object Repository/Page_General/menu_logout' is clicked on

2018-09-21 15:54:10 - [MESSAGE][PASSED] - Wait for page load successfully

2018-09-21 15:54:10 - [MESSAGE][PASSED] - beautytap.GeneralAction.logout is PASSED

2018-09-21 15:54:10 - [TEST_STEP][PASSED] - beautytap.GeneralAction.clickNavigationMenu: beautytap.GeneralAction.clickNavigationMenu is PASSED

2018-09-21 15:54:19 - [MESSAGE][PASSED] - Object: 'Object Repository/Page_General/link_login' is clicked on

2018-09-21 15:54:19 - [MESSAGE][PASSED] - Wait for page load successfully

2018-09-21 15:54:19 - [MESSAGE][PASSED] - beautytap.GeneralAction.clickNavigationMenu is PASSED

2018-09-21 15:54:19 - [TEST_STEP][PASSED] - beautytap.GeneralAction.login: beautytap.GeneralAction.login is PASSED

2018-09-21 15:54:19 - [MESSAGE][PASSED] - Text of object 'Object Repository/Page_login/txt_username' is cleared

2018-09-21 15:54:19 - [MESSAGE][PASSED] - Keys 'mrwhite' sent to object: 'Object Repository/Page_login/txt_username'

2018-09-21 15:54:19 - [MESSAGE][PASSED] - Text of object 'Object Repository/Page_login/txt_password' is cleared

2018-09-21 15:54:20 - [MESSAGE][PASSED] - Keys 'kgySM$Im' sent to object: 'Object Repository/Page_login/txt_password'

2018-09-21 15:54:20 - [MESSAGE][PASSED] - Object: 'Object Repository/Page_login/btn_login' is clicked on

2018-09-21 15:54:20 - [MESSAGE][PASSED] - Wait for page load successfully

2018-09-21 15:54:20 - [MESSAGE][PASSED] - beautytap.GeneralAction.login is PASSED

2018-09-21 15:54:20 - [TEST_STEP][PASSED] - navigateToUrl: Navigate to 'https://stage.beautytap.com/admin' successfully

2018-09-21 15:54:27 - [MESSAGE][PASSED] - Navigate to 'https://stage.beautytap.com/admin' successfully

2018-09-21 15:54:27 - [TEST_STEP][PASSED] - beautytap.AdminAction.changeOrderStatus: beautytap.AdminAction.changeOrderStatus is PASSED

2018-09-21 15:54:36 - [MESSAGE][PASSED] - Object: '' is clicked on

2018-09-21 15:54:36 - [MESSAGE][PASSED] - Wait for page load successfully

2018-09-21 15:54:42 - [MESSAGE][PASSED] - Object: '' is clicked on

2018-09-21 15:54:42 - [MESSAGE][PASSED] - Wait for page load successfully

2018-09-21 15:54:42 - [MESSAGE][PASSED] - Text of object 'Object Repository/Page_Admin/txt_searchOrder' is cleared

2018-09-21 15:54:43 - [MESSAGE][PASSED] - Keys '136775' sent to object: 'Object Repository/Page_Admin/txt_searchOrder'

2018-09-21 15:54:46 - [MESSAGE][PASSED] - Object: 'Object Repository/Page_Admin/btn_searchOrder' is clicked on

2018-09-21 15:54:46 - [MESSAGE][PASSED] - Wait for page load successfully

2018-09-21 15:54:56 - [MESSAGE][PASSED] - Object: '' is clicked on

2018-09-21 15:54:56 - [MESSAGE][PASSED] - Wait for page load successfully

2018-09-21 15:54:57 - [MESSAGE][PASSED] - All options with label 'Completed' are selected in object 'Object Repository/Page_Admin/drop_orderStatus' 

2018-09-21 15:54:57 - [MESSAGE][PASSED] - Object: 'Object Repository/Page_Admin/btn_saveOrder' is clicked on

2018-09-21 15:55:08 - [MESSAGE][PASSED] - Object 'Object Repository/Page_Admin/lbl_orderUpdatedMessage' is present

2018-09-21 15:55:08 - [MESSAGE][PASSED] - beautytap.AdminAction.changeOrderStatus is PASSED

2018-09-21 15:55:08 - [TEST_STEP][PASSED] - closeBrowser: Browser is closed

2018-09-21 15:55:09 - [MESSAGE][PASSED] - Browser is closed

2018-09-21 15:55:09 - [TEST_STEP][PASSED] - beautytap.GeneralAction.openBeautytap: beautytap.GeneralAction.openBeautytap is PASSED

2018-09-21 15:55:35 - [MESSAGE][PASSED] - Browser is opened with url: 'https://stage.beautytap.com'

2018-09-21 15:55:36 - [MESSAGE][PASSED] - Current window maximized

2018-09-21 15:55:40 - [MESSAGE][PASSED] - Refresh successfully

2018-09-21 15:55:40 - [MESSAGE][PASSED] - Wait for page load successfully

2018-09-21 15:55:40 - [MESSAGE][PASSED] - beautytap.GeneralAction.openBeautytap is PASSED

2018-09-21 15:55:40 - [TEST_STEP][PASSED] - beautytap.GeneralAction.clickNavigationMenu: beautytap.GeneralAction.clickNavigationMenu is PASSED

2018-09-21 15:55:43 - [MESSAGE][PASSED] - Object: 'Object Repository/Page_General/link_login' is clicked on

2018-09-21 15:55:43 - [MESSAGE][PASSED] - Wait for page load successfully

2018-09-21 15:55:43 - [MESSAGE][PASSED] - beautytap.GeneralAction.clickNavigationMenu is PASSED

2018-09-21 15:55:43 - [TEST_STEP][PASSED] - beautytap.GeneralAction.login: beautytap.GeneralAction.login is PASSED

2018-09-21 15:55:43 - [MESSAGE][PASSED] - Text of object 'Object Repository/Page_login/txt_username' is cleared

2018-09-21 15:55:43 - [MESSAGE][PASSED] - Keys 'trang2408@mailinator.com' sent to object: 'Object Repository/Page_login/txt_username'

2018-09-21 15:55:43 - [MESSAGE][PASSED] - Text of object 'Object Repository/Page_login/txt_password' is cleared

2018-09-21 15:55:43 - [MESSAGE][PASSED] - Keys '123456' sent to object: 'Object Repository/Page_login/txt_password'

2018-09-21 15:55:44 - [MESSAGE][PASSED] - Object: 'Object Repository/Page_login/btn_login' is clicked on

2018-09-21 15:55:44 - [MESSAGE][PASSED] - Wait for page load successfully

2018-09-21 15:55:44 - [MESSAGE][PASSED] - beautytap.GeneralAction.login is PASSED

2018-09-21 15:55:44 - [TEST_STEP][PASSED] - beautytap.GeneralAction.selectProfileMenu: beautytap.GeneralAction.selectProfileMenu is PASSED

2018-09-21 15:55:52 - [MESSAGE][PASSED] - Object: 'Object Repository/Page_General/link_avatar' is clicked on

2018-09-21 15:55:54 - [MESSAGE][PASSED] - Delayed 2 second(s)

2018-09-21 15:55:57 - [MESSAGE][PASSED] - Object: '' is clicked on

2018-09-21 15:55:57 - [MESSAGE][PASSED] - Wait for page load successfully

2018-09-21 15:55:57 - [MESSAGE][PASSED] - beautytap.GeneralAction.selectProfileMenu is PASSED

2018-09-21 15:55:57 - [TEST_STEP][PASSED] - Statement - newLifetime = java.lang.Float.parseFloat(java.lang.String.format("%.2f", lifetime + rewardEarned)): null

2018-09-21 15:55:57 - [TEST_STEP][PASSED] - Statement - newRedeemable = java.lang.Float.parseFloat(java.lang.String.format("%.2f", newRedeemable + rewardEarned)): null

2018-09-21 15:55:57 - [TEST_STEP][PASSED] - Statement - newPointValue = CustomKeywords.beautytap.ShopAction.calculateLoyaltyPointValue(newRedeemable): beautytap.ShopAction.calculateLoyaltyPointValue is PASSED

2018-09-21 15:55:57 - [MESSAGE][PASSED] - beautytap.ShopAction.calculateLoyaltyPointValue is PASSED

2018-09-21 15:55:57 - [TEST_STEP][PASSED] - beautytap.ShopAction.VerifyRewardPointsDetails: Keyword VerifyRewardPoints is Passed

2018-09-21 15:55:57 - [MESSAGE][PASSED] - Text of object '' is: '5187.61'

2018-09-21 15:55:57 - [MESSAGE][PASSED] - Text of object '' is: '3057.44'

2018-09-21 15:55:58 - [MESSAGE][PASSED] - Text of object '' is: '2997.61'

2018-09-21 15:55:58 - [MESSAGE][PASSED] - Text of object '' is: '$152.00'

2018-09-21 15:55:58 - [MESSAGE][PASSED] - Keyword VerifyRewardPoints is Passed

2018-09-21 15:55:58 - [TEST_STEP][PASSED] - beautytap.ShopAction.VerifyRewardHistory: Keyword VerifyRewardHistory is Passed

2018-09-21 15:55:58 - [MESSAGE][PASSED] - Object '' is present

2018-09-21 15:55:58 - [MESSAGE][PASSED] - Text of object '' is: '60'

2018-09-21 15:55:58 - [MESSAGE][PASSED] - Text of object '' is: '60'

2018-09-21 15:55:58 - [MESSAGE][PASSED] - Text of object '' is: '$93.40'

2018-09-21 15:55:58 - [MESSAGE][PASSED] - Text of object '' is: '1.1'

2018-09-21 15:55:58 - [MESSAGE][PASSED] - Text of object '' is: '102.74'

2018-09-21 15:55:58 - [MESSAGE][PASSED] - Text of object '' is: '2997.61'

2018-09-21 15:55:58 - [MESSAGE][PASSED] - Keyword VerifyRewardHistory is Passed

2018-09-21 15:55:58 - [TEST_STEP][PASSED] - beautytap.GeneralAction.logout: beautytap.GeneralAction.logout is PASSED

2018-09-21 15:55:58 - [MESSAGE][PASSED] - Object: 'Object Repository/Page_General/link_avatar' is clicked on

2018-09-21 15:55:59 - [MESSAGE][PASSED] - Object 'Object Repository/Page_General/menu_logout' is present

2018-09-21 15:55:59 - [MESSAGE][PASSED] - Object: 'Object Repository/Page_General/menu_logout' is clicked on

2018-09-21 15:55:59 - [MESSAGE][PASSED] - Wait for page load successfully

2018-09-21 15:56:00 - [MESSAGE][PASSED] - Browser is closed

2018-09-21 15:56:00 - [MESSAGE][PASSED] - beautytap.GeneralAction.logout is PASSED]]></system-out>
         <system-err><![CDATA[]]></system-err>
      </testcase>
      <system-out><![CDATA[2018-09-21 15:38:04 - [TEST_SUITE][FAILED] - Shop: Test Cases/Shop/TC03_Search_SimpleProduct_Sale_Creditcard_LessThan60_Normal FAILED because (of) Unable to click on object '' (Root cause: org.openqa.selenium.StaleElementReferenceException: stale element reference: element is not attached to the page document
  (Session info: chrome=69.0.3497.100)
  (Driver info: chromedriver=2.35.528161 (5b82f2d2aae0ca24b877009200ced9065a772e73),platform=Windows NT 10.0.17134 x86_64) (WARNING: The server did not provide any stacktrace information)
Command duration or timeout: 0 milliseconds
For documentation on this error, please visit: http://seleniumhq.org/exceptions/stale_element_reference.html
Build info: version: '3.7.1', revision: '8a0099a', time: '2017-11-06T21:07:36.161Z'
System info: host: 'DESKTOP-G1UHP65', ip: '10.0.0.86', os.name: 'Windows 10', os.arch: 'amd64', os.version: '10.0', java.version: '1.8.0_102'
Driver info: com.kms.katalon.selenium.driver.CChromeDriver
Capabilities {acceptInsecureCerts: false, acceptSslCerts: false, applicationCacheEnabled: false, browserConnectionEnabled: false, browserName: chrome, chrome: {chromedriverVersion: 2.35.528161 (5b82f2d2aae0ca..., userDataDir: C:\Users\TRANGN~1\AppData\L...}, cssSelectorsEnabled: true, databaseEnabled: false, handlesAlerts: true, hasTouchScreen: false, javascriptEnabled: true, locationContextEnabled: true, mobileEmulationEnabled: false, nativeEvents: true, networkConnectionEnabled: false, pageLoadStrategy: normal, platform: XP, platformName: XP, rotatable: false, setWindowRect: true, takesHeapSnapshot: true, takesScreenshot: true, unexpectedAlertBehaviour: , unhandledPromptBehavior: , version: 69.0.3497.100, webStorageEnabled: true}
Session ID: d44c470eb36e8b786a9092ee4943a83a)]]></system-out>
      <system-err><![CDATA[2018-09-21 15:38:04 - [TEST_SUITE][FAILED] - Shop: Test Cases/Shop/TC03_Search_SimpleProduct_Sale_Creditcard_LessThan60_Normal FAILED because (of) Unable to click on object '' (Root cause: org.openqa.selenium.StaleElementReferenceException: stale element reference: element is not attached to the page document
  (Session info: chrome=69.0.3497.100)
  (Driver info: chromedriver=2.35.528161 (5b82f2d2aae0ca24b877009200ced9065a772e73),platform=Windows NT 10.0.17134 x86_64) (WARNING: The server did not provide any stacktrace information)
Command duration or timeout: 0 milliseconds
For documentation on this error, please visit: http://seleniumhq.org/exceptions/stale_element_reference.html
Build info: version: '3.7.1', revision: '8a0099a', time: '2017-11-06T21:07:36.161Z'
System info: host: 'DESKTOP-G1UHP65', ip: '10.0.0.86', os.name: 'Windows 10', os.arch: 'amd64', os.version: '10.0', java.version: '1.8.0_102'
Driver info: com.kms.katalon.selenium.driver.CChromeDriver
Capabilities {acceptInsecureCerts: false, acceptSslCerts: false, applicationCacheEnabled: false, browserConnectionEnabled: false, browserName: chrome, chrome: {chromedriverVersion: 2.35.528161 (5b82f2d2aae0ca..., userDataDir: C:\Users\TRANGN~1\AppData\L...}, cssSelectorsEnabled: true, databaseEnabled: false, handlesAlerts: true, hasTouchScreen: false, javascriptEnabled: true, locationContextEnabled: true, mobileEmulationEnabled: false, nativeEvents: true, networkConnectionEnabled: false, pageLoadStrategy: normal, platform: XP, platformName: XP, rotatable: false, setWindowRect: true, takesHeapSnapshot: true, takesScreenshot: true, unexpectedAlertBehaviour: , unhandledPromptBehavior: , version: 69.0.3497.100, webStorageEnabled: true}
Session ID: d44c470eb36e8b786a9092ee4943a83a)]]></system-err>
   </testsuite>
</testsuites>
