<?xml version="1.0" encoding="UTF-8"?>
<testsuites name="Regression" time="1331" tests="3" failures="5" errors="0">
   <testsuite name="Regression" tests="3" failures="5" errors="0" time="1331" timestamp="2018-09-26 13:48:21" hostname="Trang Nguyen - DESKTOP-G1UHP65" id="Test Suites/Regression">
      <properties>
         <property name="deviceName" value=""/>
         <property name="devicePlatform" value=""/>
         <property name="logFolder" value="E:\\BeautytapAutomation\\beautytapAuto\\Beautytap\\Reports\\Regression\\20180926_134816"/>
         <property name="logFiles" value="E:\\BeautytapAutomation\\beautytapAuto\\Beautytap\\Reports\\Regression\\20180926_134816\\execution0.log"/>
         <property name="attachments" value="E:\\BeautytapAutomation\\beautytapAuto\\Beautytap\\Reports\\Regression\\20180926_134816\\1537944767373.png, E:\\BeautytapAutomation\\beautytapAuto\\Beautytap\\Reports\\Regression\\20180926_134816\\1537944767708.png, E:\\BeautytapAutomation\\beautytapAuto\\Beautytap\\Reports\\Regression\\20180926_134816\\1537944850369.png, E:\\BeautytapAutomation\\beautytapAuto\\Beautytap\\Reports\\Regression\\20180926_134816\\1537944850695.png, E:\\BeautytapAutomation\\beautytapAuto\\Beautytap\\Reports\\Regression\\20180926_134816\\1537945012212.png, E:\\BeautytapAutomation\\beautytapAuto\\Beautytap\\Reports\\Regression\\20180926_134816\\1537945097718.png, E:\\BeautytapAutomation\\beautytapAuto\\Beautytap\\Reports\\Regression\\20180926_134816\\1537945306559.png, E:\\BeautytapAutomation\\beautytapAuto\\Beautytap\\Reports\\Regression\\20180926_134816\\1537945469600.png, E:\\BeautytapAutomation\\beautytapAuto\\Beautytap\\Reports\\Regression\\20180926_134816\\1537945515165.png, E:\\BeautytapAutomation\\beautytapAuto\\Beautytap\\Reports\\Regression\\20180926_134816\\1537945557124.png, E:\\BeautytapAutomation\\beautytapAuto\\Beautytap\\Reports\\Regression\\20180926_134816\\1537945616169.png, E:\\BeautytapAutomation\\beautytapAuto\\Beautytap\\Reports\\Regression\\20180926_134816\\1537945630325.png, E:\\BeautytapAutomation\\beautytapAuto\\Beautytap\\Reports\\Regression\\20180926_134816\\1537945648755.png, E:\\BeautytapAutomation\\beautytapAuto\\Beautytap\\Reports\\Regression\\20180926_134816\\1537945689989.png, E:\\BeautytapAutomation\\beautytapAuto\\Beautytap\\Reports\\Regression\\20180926_134816\\1537945756830.png, E:\\BeautytapAutomation\\beautytapAuto\\Beautytap\\Reports\\Regression\\20180926_134816\\1537945782786.png, E:\\BeautytapAutomation\\beautytapAuto\\Beautytap\\Reports\\Regression\\20180926_134816\\1537945829502.png"/>
         <property name="hostName" value="Trang Nguyen - DESKTOP-G1UHP65"/>
         <property name="os" value="Windows 10 64bit"/>
         <property name="katalonVersion" value="5.5.0.1"/>
         <property name="browser" value="Chrome 69.0.3497.100"/>
         <property name="hostAddress" value="10.0.0.132"/>
         <property name="sessionId" value="0b9b83b3e17808cbbfec07b7dec1ef80"/>
         <property name="seleniumVersion" value="3.7.1"/>
         <property name="proxyInformation" value="ProxyInformation{proxyOption=NO_PROXY, proxyServerType=HTTP, password=, proxyServerAddress=, proxyServerPort=0}"/>
         <property name="platform" value="Windows 10"/>
      </properties>
      <testcase name="Test Cases/SignUp_Login_ResetPass/TC01_SignUp_Login_ResetPassword_Via_Email" classname="Test Cases/SignUp_Login_ResetPass/TC01_SignUp_Login_ResetPassword_Via_Email" status="PASSED">
         <system-out><![CDATA[2018-09-26 13:48:22 - [TEST_CASE][PASSED] - Test Cases/SignUp_Login_ResetPass/TC01_SignUp_Login_ResetPassword_Via_Email: Test Cases/SignUp_Login_ResetPass/TC01_SignUp_Login_ResetPassword_Via_Email

2018-09-26 13:48:23 - [TEST_STEP][PASSED] - Statement - r_string = new java.lang.Math().random().toString().substring(2, 8): null

2018-09-26 13:48:23 - [TEST_STEP][PASSED] - Statement - username = "auto" + r_string: null

2018-09-26 13:48:23 - [TEST_STEP][PASSED] - Statement - email = username + "@mailinator.com": null

2018-09-26 13:48:23 - [TEST_STEP][PASSED] - Statement - password = "123456": null

2018-09-26 13:48:24 - [TEST_STEP][PASSED] - Statement - newpassword = "test123": null

2018-09-26 13:48:24 - [TEST_STEP][PASSED] - Statement - name = "Auto User " + r_string: null

2018-09-26 13:48:24 - [TEST_STEP][PASSED] - Statement - birthday = "01/01/1990": null

2018-09-26 13:48:24 - [TEST_STEP][PASSED] - Statement - activation_subject = SITE_TITLE + " Activate your account": null

2018-09-26 13:48:24 - [TEST_STEP][PASSED] - Statement - resetpass_subject = SITE_TITLE + " Password Reset": null

2018-09-26 13:48:24 - [TEST_STEP][PASSED] - beautytap.GeneralAction.openBeautytap: beautytap.GeneralAction.openBeautytap is PASSED

2018-09-26 13:48:59 - [MESSAGE][PASSED] - Browser is opened with url: 'https://stage.beautytap.com'

2018-09-26 13:49:00 - [MESSAGE][PASSED] - Current window maximized

2018-09-26 13:49:08 - [MESSAGE][PASSED] - Refresh successfully

2018-09-26 13:49:08 - [MESSAGE][PASSED] - Wait for page load successfully

2018-09-26 13:49:08 - [MESSAGE][PASSED] - beautytap.GeneralAction.openBeautytap is PASSED

2018-09-26 13:49:08 - [TEST_STEP][PASSED] - beautytap.GeneralAction.clickNavigationMenu: beautytap.GeneralAction.clickNavigationMenu is PASSED

2018-09-26 13:49:12 - [MESSAGE][PASSED] - Object: 'Object Repository/Page_General/link_signup' is clicked on

2018-09-26 13:49:12 - [MESSAGE][PASSED] - Wait for page load successfully

2018-09-26 13:49:12 - [MESSAGE][PASSED] - beautytap.GeneralAction.clickNavigationMenu is PASSED

2018-09-26 13:49:12 - [TEST_STEP][PASSED] - beautytap.GeneralAction.signup: beautytap.GeneralAction.signup is PASSED

2018-09-26 13:49:13 - [MESSAGE][PASSED] - Keys 'auto918166' sent to object: 'Object Repository/Page_Signup/txt_username'

2018-09-26 13:49:13 - [MESSAGE][PASSED] - Keys 'auto918166@mailinator.com' sent to object: 'Object Repository/Page_Signup/txt_email'

2018-09-26 13:49:14 - [MESSAGE][PASSED] - Keys '123456' sent to object: 'Object Repository/Page_Signup/txt_password'

2018-09-26 13:49:14 - [MESSAGE][PASSED] - Keys 'Auto User 918166' sent to object: 'Object Repository/Page_Signup/txt_name'

2018-09-26 13:49:15 - [MESSAGE][PASSED] - Keys '01/01/1990' sent to object: 'Object Repository/Page_Signup/txt_birthday'

2018-09-26 13:49:15 - [MESSAGE][PASSED] - Object: 'Object Repository/Page_Signup/btn_signup' is clicked on

2018-09-26 13:49:15 - [MESSAGE][PASSED] - Wait for page load successfully

2018-09-26 13:49:15 - [MESSAGE][PASSED] - beautytap.GeneralAction.signup is PASSED

2018-09-26 13:49:15 - [TEST_STEP][PASSED] - verifyElementPresent: Object 'Object Repository/Page_Signup/lbl_sucessMessage' is present

2018-09-26 13:49:21 - [MESSAGE][PASSED] - Object 'Object Repository/Page_Signup/lbl_sucessMessage' is present

2018-09-26 13:49:21 - [TEST_STEP][PASSED] - beautytap.GeneralAction.openMailBox: beautytap.GeneralAction.openMailBox is PASSED

2018-09-26 13:49:23 - [MESSAGE][PASSED] - Navigate to 'https://www.mailinator.com' successfully

2018-09-26 13:49:23 - [MESSAGE][PASSED] - Wait for page load successfully

2018-09-26 13:49:23 - [MESSAGE][PASSED] - Keys 'auto918166' sent to object: 'Object Repository/Page_mailinator/txt_email'

2018-09-26 13:49:28 - [MESSAGE][PASSED] - Object: 'Object Repository/Page_mailinator/btn_go' is clicked on

2018-09-26 13:49:28 - [MESSAGE][PASSED] - Wait for page load successfully

2018-09-26 13:49:33 - [MESSAGE][PASSED] - Delayed 5 second(s)

2018-09-26 13:49:33 - [MESSAGE][PASSED] - beautytap.GeneralAction.openMailBox is PASSED

2018-09-26 13:49:33 - [TEST_STEP][PASSED] - beautytap.GeneralAction.verifyEmailExist: beautytap.GeneralAction.verifyEmailExist is PASSED

2018-09-26 13:49:33 - [MESSAGE][PASSED] - Object '' is present

2018-09-26 13:49:33 - [MESSAGE][PASSED] - beautytap.GeneralAction.verifyEmailExist is PASSED

2018-09-26 13:49:33 - [TEST_STEP][PASSED] - beautytap.GeneralAction.openEmail: beautytap.GeneralAction.openEmail is PASSED

2018-09-26 13:49:33 - [MESSAGE][PASSED] - Object: '' is clicked on

2018-09-26 13:49:33 - [MESSAGE][PASSED] - beautytap.GeneralAction.openEmail is PASSED

2018-09-26 13:49:33 - [TEST_STEP][PASSED] - beautytap.GeneralAction.clickEmailLink: beautytap.GeneralAction.clickEmailLink is PASSED

2018-09-26 13:49:34 - [MESSAGE][PASSED] - Text of object '' is: 'https://stage.beautytap.com/activate/1ZvPe9K0TsWXDCW0VV1axgjtsazQ45A2/'

2018-09-26 13:49:48 - [MESSAGE][PASSED] - Navigate to 'https://stage.beautytap.com/activate/1ZvPe9K0TsWXDCW0VV1axgjtsazQ45A2/' successfully

2018-09-26 13:49:48 - [MESSAGE][PASSED] - beautytap.GeneralAction.clickEmailLink is PASSED

2018-09-26 13:49:48 - [TEST_STEP][PASSED] - waitForPageLoad: Wait for page load successfully

2018-09-26 13:49:48 - [MESSAGE][PASSED] - Wait for page load successfully

2018-09-26 13:49:48 - [TEST_STEP][PASSED] - verifyElementPresent: Object 'Object Repository/Page_General/lbl_activeSuccessMessage' is present

2018-09-26 13:49:48 - [MESSAGE][PASSED] - Object 'Object Repository/Page_General/lbl_activeSuccessMessage' is present

2018-09-26 13:49:48 - [TEST_STEP][PASSED] - beautytap.GeneralAction.clickNavigationMenu: beautytap.GeneralAction.clickNavigationMenu is PASSED

2018-09-26 13:49:51 - [MESSAGE][PASSED] - Object: 'Object Repository/Page_General/link_login' is clicked on

2018-09-26 13:49:51 - [MESSAGE][PASSED] - Wait for page load successfully

2018-09-26 13:49:51 - [MESSAGE][PASSED] - beautytap.GeneralAction.clickNavigationMenu is PASSED

2018-09-26 13:49:51 - [TEST_STEP][PASSED] - beautytap.GeneralAction.login: beautytap.GeneralAction.login is PASSED

2018-09-26 13:49:51 - [MESSAGE][PASSED] - Text of object 'Object Repository/Page_login/txt_username' is cleared

2018-09-26 13:49:52 - [MESSAGE][PASSED] - Keys 'auto918166' sent to object: 'Object Repository/Page_login/txt_username'

2018-09-26 13:49:52 - [MESSAGE][PASSED] - Text of object 'Object Repository/Page_login/txt_password' is cleared

2018-09-26 13:49:52 - [MESSAGE][PASSED] - Keys '123456' sent to object: 'Object Repository/Page_login/txt_password'

2018-09-26 13:49:52 - [MESSAGE][PASSED] - Object: 'Object Repository/Page_login/btn_login' is clicked on

2018-09-26 13:49:52 - [MESSAGE][PASSED] - Wait for page load successfully

2018-09-26 13:49:52 - [MESSAGE][PASSED] - beautytap.GeneralAction.login is PASSED

2018-09-26 13:49:52 - [TEST_STEP][PASSED] - verifyElementPresent: Object 'Object Repository/Page_General/link_avatar' is present

2018-09-26 13:50:04 - [MESSAGE][PASSED] - Object 'Object Repository/Page_General/link_avatar' is present

2018-09-26 13:50:04 - [TEST_STEP][PASSED] - beautytap.GeneralAction.logout: beautytap.GeneralAction.logout is PASSED

2018-09-26 13:50:04 - [MESSAGE][PASSED] - Object: 'Object Repository/Page_General/link_avatar' is clicked on

2018-09-26 13:50:05 - [MESSAGE][PASSED] - Object 'Object Repository/Page_General/menu_logout' is present

2018-09-26 13:50:05 - [MESSAGE][PASSED] - Object: 'Object Repository/Page_General/menu_logout' is clicked on

2018-09-26 13:50:05 - [MESSAGE][PASSED] - Wait for page load successfully

2018-09-26 13:50:05 - [MESSAGE][PASSED] - beautytap.GeneralAction.logout is PASSED

2018-09-26 13:50:05 - [TEST_STEP][PASSED] - beautytap.GeneralAction.clickNavigationMenu: beautytap.GeneralAction.clickNavigationMenu is PASSED

2018-09-26 13:50:12 - [MESSAGE][PASSED] - Object: 'Object Repository/Page_General/link_login' is clicked on

2018-09-26 13:50:13 - [MESSAGE][PASSED] - Wait for page load successfully

2018-09-26 13:50:13 - [MESSAGE][PASSED] - beautytap.GeneralAction.clickNavigationMenu is PASSED

2018-09-26 13:50:13 - [TEST_STEP][PASSED] - beautytap.GeneralAction.login: beautytap.GeneralAction.login is PASSED

2018-09-26 13:50:13 - [MESSAGE][PASSED] - Text of object 'Object Repository/Page_login/txt_username' is cleared

2018-09-26 13:50:13 - [MESSAGE][PASSED] - Keys 'auto918166@mailinator.com' sent to object: 'Object Repository/Page_login/txt_username'

2018-09-26 13:50:13 - [MESSAGE][PASSED] - Text of object 'Object Repository/Page_login/txt_password' is cleared

2018-09-26 13:50:13 - [MESSAGE][PASSED] - Keys '123456' sent to object: 'Object Repository/Page_login/txt_password'

2018-09-26 13:50:13 - [MESSAGE][PASSED] - Object: 'Object Repository/Page_login/btn_login' is clicked on

2018-09-26 13:50:13 - [MESSAGE][PASSED] - Wait for page load successfully

2018-09-26 13:50:13 - [MESSAGE][PASSED] - beautytap.GeneralAction.login is PASSED

2018-09-26 13:50:14 - [TEST_STEP][PASSED] - verifyElementPresent: Object 'Object Repository/Page_General/link_avatar' is present

2018-09-26 13:50:29 - [MESSAGE][PASSED] - Object 'Object Repository/Page_General/link_avatar' is present

2018-09-26 13:50:29 - [TEST_STEP][PASSED] - beautytap.GeneralAction.logout: beautytap.GeneralAction.logout is PASSED

2018-09-26 13:50:29 - [MESSAGE][PASSED] - Object: 'Object Repository/Page_General/link_avatar' is clicked on

2018-09-26 13:50:30 - [MESSAGE][PASSED] - Object 'Object Repository/Page_General/menu_logout' is present

2018-09-26 13:50:30 - [MESSAGE][PASSED] - Object: 'Object Repository/Page_General/menu_logout' is clicked on

2018-09-26 13:50:30 - [MESSAGE][PASSED] - Wait for page load successfully

2018-09-26 13:50:30 - [MESSAGE][PASSED] - beautytap.GeneralAction.logout is PASSED

2018-09-26 13:50:30 - [TEST_STEP][PASSED] - beautytap.GeneralAction.clickNavigationMenu: beautytap.GeneralAction.clickNavigationMenu is PASSED

2018-09-26 13:50:38 - [MESSAGE][PASSED] - Object: 'Object Repository/Page_General/link_login' is clicked on

2018-09-26 13:50:38 - [MESSAGE][PASSED] - Wait for page load successfully

2018-09-26 13:50:38 - [MESSAGE][PASSED] - beautytap.GeneralAction.clickNavigationMenu is PASSED

2018-09-26 13:50:38 - [TEST_STEP][PASSED] - click: Object: 'Object Repository/Page_Login/link_forgotPassword' is clicked on

2018-09-26 13:50:41 - [MESSAGE][PASSED] - Object: 'Object Repository/Page_Login/link_forgotPassword' is clicked on

2018-09-26 13:50:41 - [TEST_STEP][PASSED] - sendKeys: Keys 'auto918166' sent to object: 'Object Repository/Page_ForgotPassword/txt_usernameOrEmail'

2018-09-26 13:50:41 - [MESSAGE][PASSED] - Keys 'auto918166' sent to object: 'Object Repository/Page_ForgotPassword/txt_usernameOrEmail'

2018-09-26 13:50:41 - [TEST_STEP][PASSED] - click: Object: 'Object Repository/Page_ForgotPassword/btn_forgotPassword' is clicked on

2018-09-26 13:50:41 - [MESSAGE][PASSED] - Object: 'Object Repository/Page_ForgotPassword/btn_forgotPassword' is clicked on

2018-09-26 13:50:41 - [TEST_STEP][PASSED] - verifyElementPresent: Object 'Object Repository/Page_ForgotPassword/lbl_sucessMessage' is present

2018-09-26 13:50:44 - [MESSAGE][PASSED] - Object 'Object Repository/Page_ForgotPassword/lbl_sucessMessage' is present

2018-09-26 13:50:44 - [TEST_STEP][PASSED] - beautytap.GeneralAction.openMailBox: beautytap.GeneralAction.openMailBox is PASSED

2018-09-26 13:50:46 - [MESSAGE][PASSED] - Navigate to 'https://www.mailinator.com' successfully

2018-09-26 13:50:46 - [MESSAGE][PASSED] - Wait for page load successfully

2018-09-26 13:50:46 - [MESSAGE][PASSED] - Keys 'auto918166' sent to object: 'Object Repository/Page_mailinator/txt_email'

2018-09-26 13:50:50 - [MESSAGE][PASSED] - Object: 'Object Repository/Page_mailinator/btn_go' is clicked on

2018-09-26 13:50:50 - [MESSAGE][PASSED] - Wait for page load successfully

2018-09-26 13:50:55 - [MESSAGE][PASSED] - Delayed 5 second(s)

2018-09-26 13:50:55 - [MESSAGE][PASSED] - beautytap.GeneralAction.openMailBox is PASSED

2018-09-26 13:50:55 - [TEST_STEP][PASSED] - beautytap.GeneralAction.verifyEmailExist: beautytap.GeneralAction.verifyEmailExist is PASSED

2018-09-26 13:50:55 - [MESSAGE][PASSED] - Object '' is present

2018-09-26 13:50:55 - [MESSAGE][PASSED] - beautytap.GeneralAction.verifyEmailExist is PASSED

2018-09-26 13:50:55 - [TEST_STEP][PASSED] - beautytap.GeneralAction.openEmail: beautytap.GeneralAction.openEmail is PASSED

2018-09-26 13:50:55 - [MESSAGE][PASSED] - Object: '' is clicked on

2018-09-26 13:50:55 - [MESSAGE][PASSED] - beautytap.GeneralAction.openEmail is PASSED

2018-09-26 13:50:55 - [TEST_STEP][PASSED] - beautytap.GeneralAction.clickEmailLink: beautytap.GeneralAction.clickEmailLink is PASSED

2018-09-26 13:50:56 - [MESSAGE][PASSED] - Text of object '' is: 'https://stage.beautytap.com/wp-login.php?action=rp&key=AtIOrl5iQfaegHZVigwU&login=auto918166'

2018-09-26 13:50:59 - [MESSAGE][PASSED] - Navigate to 'https://stage.beautytap.com/wp-login.php?action=rp&key=AtIOrl5iQfaegHZVigwU&login=auto918166' successfully

2018-09-26 13:50:59 - [MESSAGE][PASSED] - beautytap.GeneralAction.clickEmailLink is PASSED

2018-09-26 13:50:59 - [TEST_STEP][PASSED] - delay: Delayed 20 second(s)

2018-09-26 13:51:19 - [MESSAGE][PASSED] - Delayed 20 second(s)

2018-09-26 13:51:19 - [TEST_STEP][PASSED] - clearText: Text of object 'Object Repository/Page_ForgotPassword/txt_newPassword' is cleared

2018-09-26 13:51:19 - [MESSAGE][PASSED] - Text of object 'Object Repository/Page_ForgotPassword/txt_newPassword' is cleared

2018-09-26 13:51:19 - [TEST_STEP][PASSED] - sendKeys: Keys 'test123' sent to object: 'Object Repository/Page_ForgotPassword/txt_newPassword'

2018-09-26 13:51:19 - [MESSAGE][PASSED] - Keys 'test123' sent to object: 'Object Repository/Page_ForgotPassword/txt_newPassword'

2018-09-26 13:51:19 - [TEST_STEP][PASSED] - click: Object: 'Object Repository/Page_ForgotPassword/btn_resetPassword' is clicked on

2018-09-26 13:51:25 - [MESSAGE][PASSED] - Object: 'Object Repository/Page_ForgotPassword/btn_resetPassword' is clicked on

2018-09-26 13:51:25 - [TEST_STEP][PASSED] - verifyElementPresent: Object 'Object Repository/Page_ForgotPassword/lbl_resetPasswordMessage' is present

2018-09-26 13:51:25 - [MESSAGE][PASSED] - Object 'Object Repository/Page_ForgotPassword/lbl_resetPasswordMessage' is present

2018-09-26 13:51:25 - [TEST_STEP][PASSED] - beautytap.GeneralAction.clickNavigationMenu: beautytap.GeneralAction.clickNavigationMenu is PASSED

2018-09-26 13:51:28 - [MESSAGE][PASSED] - Object: 'Object Repository/Page_General/link_login' is clicked on

2018-09-26 13:51:28 - [MESSAGE][PASSED] - Wait for page load successfully

2018-09-26 13:51:28 - [MESSAGE][PASSED] - beautytap.GeneralAction.clickNavigationMenu is PASSED

2018-09-26 13:51:28 - [TEST_STEP][PASSED] - beautytap.GeneralAction.login: beautytap.GeneralAction.login is PASSED

2018-09-26 13:51:28 - [MESSAGE][PASSED] - Text of object 'Object Repository/Page_login/txt_username' is cleared

2018-09-26 13:51:29 - [MESSAGE][PASSED] - Keys 'auto918166' sent to object: 'Object Repository/Page_login/txt_username'

2018-09-26 13:51:29 - [MESSAGE][PASSED] - Text of object 'Object Repository/Page_login/txt_password' is cleared

2018-09-26 13:51:29 - [MESSAGE][PASSED] - Keys '123456' sent to object: 'Object Repository/Page_login/txt_password'

2018-09-26 13:51:29 - [MESSAGE][PASSED] - Object: 'Object Repository/Page_login/btn_login' is clicked on

2018-09-26 13:51:29 - [MESSAGE][PASSED] - Wait for page load successfully

2018-09-26 13:51:29 - [MESSAGE][PASSED] - beautytap.GeneralAction.login is PASSED

2018-09-26 13:51:29 - [TEST_STEP][PASSED] - verifyElementText: Actual text and expected text of test object 'Object Repository/Page_Login/lbl_errorMessage' are matched.

2018-09-26 13:51:30 - [MESSAGE][PASSED] - Actual text and expected text of test object 'Object Repository/Page_Login/lbl_errorMessage' are matched.

2018-09-26 13:51:30 - [TEST_STEP][PASSED] - beautytap.GeneralAction.login: beautytap.GeneralAction.login is PASSED

2018-09-26 13:51:30 - [MESSAGE][PASSED] - Text of object 'Object Repository/Page_login/txt_username' is cleared

2018-09-26 13:51:31 - [MESSAGE][PASSED] - Keys 'auto918166' sent to object: 'Object Repository/Page_login/txt_username'

2018-09-26 13:51:31 - [MESSAGE][PASSED] - Text of object 'Object Repository/Page_login/txt_password' is cleared

2018-09-26 13:51:31 - [MESSAGE][PASSED] - Keys 'test123' sent to object: 'Object Repository/Page_login/txt_password'

2018-09-26 13:51:31 - [MESSAGE][PASSED] - Object: 'Object Repository/Page_login/btn_login' is clicked on

2018-09-26 13:51:31 - [MESSAGE][PASSED] - Wait for page load successfully

2018-09-26 13:51:31 - [MESSAGE][PASSED] - beautytap.GeneralAction.login is PASSED

2018-09-26 13:51:31 - [TEST_STEP][PASSED] - verifyElementPresent: Object 'Object Repository/Page_General/link_avatar' is present

2018-09-26 13:51:43 - [MESSAGE][PASSED] - Object 'Object Repository/Page_General/link_avatar' is present

2018-09-26 13:51:43 - [TEST_STEP][PASSED] - beautytap.GeneralAction.logout: beautytap.GeneralAction.logout is PASSED

2018-09-26 13:51:43 - [MESSAGE][PASSED] - Object: 'Object Repository/Page_General/link_avatar' is clicked on

2018-09-26 13:51:44 - [MESSAGE][PASSED] - Object 'Object Repository/Page_General/menu_logout' is present

2018-09-26 13:51:44 - [MESSAGE][PASSED] - Object: 'Object Repository/Page_General/menu_logout' is clicked on

2018-09-26 13:51:44 - [MESSAGE][PASSED] - Wait for page load successfully

2018-09-26 13:51:44 - [MESSAGE][PASSED] - beautytap.GeneralAction.logout is PASSED

2018-09-26 13:51:44 - [TEST_STEP][PASSED] - beautytap.GeneralAction.clickNavigationMenu: beautytap.GeneralAction.clickNavigationMenu is PASSED

2018-09-26 13:51:51 - [MESSAGE][PASSED] - Object: 'Object Repository/Page_General/link_login' is clicked on

2018-09-26 13:51:51 - [MESSAGE][PASSED] - Wait for page load successfully

2018-09-26 13:51:51 - [MESSAGE][PASSED] - beautytap.GeneralAction.clickNavigationMenu is PASSED

2018-09-26 13:51:51 - [TEST_STEP][PASSED] - beautytap.GeneralAction.login: beautytap.GeneralAction.login is PASSED

2018-09-26 13:51:52 - [MESSAGE][PASSED] - Text of object 'Object Repository/Page_login/txt_username' is cleared

2018-09-26 13:51:52 - [MESSAGE][PASSED] - Keys 'auto918166@mailinator.com' sent to object: 'Object Repository/Page_login/txt_username'

2018-09-26 13:51:52 - [MESSAGE][PASSED] - Text of object 'Object Repository/Page_login/txt_password' is cleared

2018-09-26 13:51:52 - [MESSAGE][PASSED] - Keys 'test123' sent to object: 'Object Repository/Page_login/txt_password'

2018-09-26 13:51:52 - [MESSAGE][PASSED] - Object: 'Object Repository/Page_login/btn_login' is clicked on

2018-09-26 13:51:52 - [MESSAGE][PASSED] - Wait for page load successfully

2018-09-26 13:51:52 - [MESSAGE][PASSED] - beautytap.GeneralAction.login is PASSED

2018-09-26 13:51:52 - [TEST_STEP][PASSED] - verifyElementPresent: Object 'Object Repository/Page_General/link_avatar' is present

2018-09-26 13:52:04 - [MESSAGE][PASSED] - Object 'Object Repository/Page_General/link_avatar' is present

2018-09-26 13:52:04 - [TEST_STEP][PASSED] - beautytap.GeneralAction.logout: beautytap.GeneralAction.logout is PASSED

2018-09-26 13:52:05 - [MESSAGE][PASSED] - Object: 'Object Repository/Page_General/link_avatar' is clicked on

2018-09-26 13:52:05 - [MESSAGE][PASSED] - Object 'Object Repository/Page_General/menu_logout' is present

2018-09-26 13:52:06 - [MESSAGE][PASSED] - Object: 'Object Repository/Page_General/menu_logout' is clicked on

2018-09-26 13:52:06 - [MESSAGE][PASSED] - Wait for page load successfully

2018-09-26 13:52:06 - [MESSAGE][PASSED] - Browser is closed

2018-09-26 13:52:06 - [MESSAGE][PASSED] - beautytap.GeneralAction.logout is PASSED]]></system-out>
         <system-err><![CDATA[]]></system-err>
      </testcase>
      <testcase name="Test Cases/SignUp_Login_ResetPass/TC02_SignUp_Login_ViaFacebookEmail_NewUser_OldUser" classname="Test Cases/SignUp_Login_ResetPass/TC02_SignUp_Login_ViaFacebookEmail_NewUser_OldUser" status="FAILED">
         <failure type="FAILED" message="Unable to verify object 'Object Repository/Page_General/link_avatar' is present (Root cause: com.kms.katalon.core.webui.exception.WebElementNotFoundException: Web element with id: 'Object Repository/Page_General/link_avatar' located by 'By.xpath: //div[@class='header-right-top pull-right']/a[@class='user']' not found)"/>
         <system-out><![CDATA[2018-09-26 13:52:09 - [TEST_CASE][FAILED] - Test Cases/SignUp_Login_ResetPass/TC02_SignUp_Login_ViaFacebookEmail_NewUser_OldUser: Test Cases/SignUp_Login_ResetPass/TC02_SignUp_Login_ViaFacebookEmail_NewUser_OldUser FAILED because (of) Unable to verify object 'Object Repository/Page_General/link_avatar' is present (Root cause: com.kms.katalon.core.webui.exception.WebElementNotFoundException: Web element with id: 'Object Repository/Page_General/link_avatar' located by 'By.xpath: //div[@class='header-right-top pull-right']/a[@class='user']' not found)

2018-09-26 13:52:09 - [TEST_STEP][PASSED] - beautytap.AdminAction.deleteUser: beautytap.AdminAction.deleteUser is PASSED

2018-09-26 13:52:18 - [MESSAGE][PASSED] - Browser is opened with url: 'https://stage.beautytap.com/login'

2018-09-26 13:52:19 - [MESSAGE][PASSED] - Current window maximized

2018-09-26 13:52:19 - [MESSAGE][PASSED] - Text of object 'Object Repository/Page_login/txt_username' is cleared

2018-09-26 13:52:19 - [MESSAGE][PASSED] - Keys 'mrwhite' sent to object: 'Object Repository/Page_login/txt_username'

2018-09-26 13:52:19 - [MESSAGE][PASSED] - Text of object 'Object Repository/Page_login/txt_password' is cleared

2018-09-26 13:52:20 - [MESSAGE][PASSED] - Keys 'kgySM$Im' sent to object: 'Object Repository/Page_login/txt_password'

2018-09-26 13:52:20 - [MESSAGE][PASSED] - Object: 'Object Repository/Page_login/btn_login' is clicked on

2018-09-26 13:52:20 - [MESSAGE][PASSED] - Wait for page load successfully

2018-09-26 13:52:20 - [MESSAGE][PASSED] - Wait for page load successfully

2018-09-26 13:52:27 - [MESSAGE][PASSED] - Navigate to 'https://stage.beautytap.com/admin' successfully

2018-09-26 13:52:27 - [MESSAGE][PASSED] - Wait for page load successfully

2018-09-26 13:52:35 - [MESSAGE][PASSED] - Object: 'Object Repository/Page_Admin/menu_users' is clicked on

2018-09-26 13:52:35 - [MESSAGE][PASSED] - Wait for page load successfully

2018-09-26 13:52:35 - [MESSAGE][PASSED] - Text of object 'Object Repository/Page_Admin/txt_searchUser' is cleared

2018-09-26 13:52:36 - [MESSAGE][PASSED] - Keys 'g5.posiba@gmail.com' sent to object: 'Object Repository/Page_Admin/txt_searchUser'

2018-09-26 13:52:39 - [MESSAGE][PASSED] - Object: 'Object Repository/Page_Admin/btn_searchUser' is clicked on

2018-09-26 13:52:39 - [MESSAGE][PASSED] - Wait for page load successfully

2018-09-26 13:52:39 - [MESSAGE][PASSED] - Text of object '' is: 'g5.posiba@gmail.com'

2018-09-26 13:52:39 - [MESSAGE][PASSED] - Attribute 'id' of object '' is: 'user-64405'

2018-09-26 13:52:40 - [MESSAGE][PASSED] - Object: '' is hovered

2018-09-26 13:52:45 - [MESSAGE][PASSED] - Delayed 5 second(s)

2018-09-26 13:52:47 - [MESSAGE][PASSED] - Object: '' is clicked on

2018-09-26 13:52:47 - [MESSAGE][FAILED] - No alert found
[[ATTACHMENT|E:\\BeautytapAutomation\\beautytapAuto\\Beautytap\\Reports\\Regression\\20180926_134816\\1537944767373.png]]

2018-09-26 13:52:48 - [MESSAGE][FAILED] - Unable to accept alert (Root cause: No alert found)
[[ATTACHMENT|E:\\BeautytapAutomation\\beautytapAuto\\Beautytap\\Reports\\Regression\\20180926_134816\\1537944767708.png]]

2018-09-26 13:52:48 - [MESSAGE][PASSED] - Browser is closed

2018-09-26 13:52:48 - [MESSAGE][PASSED] - beautytap.AdminAction.deleteUser is PASSED

2018-09-26 13:52:48 - [TEST_STEP][PASSED] - beautytap.GeneralAction.openBeautytap: beautytap.GeneralAction.openBeautytap is PASSED

2018-09-26 13:53:08 - [MESSAGE][PASSED] - Browser is opened with url: 'https://stage.beautytap.com'

2018-09-26 13:53:09 - [MESSAGE][PASSED] - Current window maximized

2018-09-26 13:53:15 - [MESSAGE][PASSED] - Refresh successfully

2018-09-26 13:53:15 - [MESSAGE][PASSED] - Wait for page load successfully

2018-09-26 13:53:15 - [MESSAGE][PASSED] - beautytap.GeneralAction.openBeautytap is PASSED

2018-09-26 13:53:15 - [TEST_STEP][PASSED] - beautytap.GeneralAction.clickNavigationMenu: beautytap.GeneralAction.clickNavigationMenu is PASSED

2018-09-26 13:53:17 - [MESSAGE][PASSED] - Object: 'Object Repository/Page_General/link_signup' is clicked on

2018-09-26 13:53:17 - [MESSAGE][PASSED] - Wait for page load successfully

2018-09-26 13:53:17 - [MESSAGE][PASSED] - beautytap.GeneralAction.clickNavigationMenu is PASSED

2018-09-26 13:53:17 - [TEST_STEP][PASSED] - beautytap.GeneralAction.signupViaFacebook: beautytap.GeneralAction.signupViaFacebook is PASSED

2018-09-26 13:53:18 - [MESSAGE][PASSED] - Object: 'Object Repository/Page_Signup/btn_signupFB' is clicked on

2018-09-26 13:53:18 - [MESSAGE][PASSED] - Switched to window with index: '1'

2018-09-26 13:53:20 - [MESSAGE][PASSED] - Keys 'g5.posiba@gmail.com' sent to object: 'Object Repository/Popup_FacebookLogin/txt_email'

2018-09-26 13:53:20 - [MESSAGE][PASSED] - Keys 'posiba123' sent to object: 'Object Repository/Popup_FacebookLogin/txt_password'

2018-09-26 13:53:22 - [MESSAGE][PASSED] - Object: 'Object Repository/Popup_FacebookLogin/btn_login' is clicked on

2018-09-26 13:53:24 - [MESSAGE][WARNING] - Cannot take screenshot

2018-09-26 13:53:24 - [MESSAGE][FAILED] - Unable to get text of object 'Object Repository/Popup_FacebookLogin/btn_confirmPermission' (Root cause: org.openqa.selenium.NoSuchWindowException: no such window: window was already closed
  (Session info: chrome=69.0.3497.100)
  (Driver info: chromedriver=2.35.528161 (5b82f2d2aae0ca24b877009200ced9065a772e73),platform=Windows NT 10.0.17134 x86_64) (WARNING: The server did not provide any stacktrace information)
Command duration or timeout: 0 milliseconds
Build info: version: '3.7.1', revision: '8a0099a', time: '2017-11-06T21:07:36.161Z'
System info: host: 'DESKTOP-G1UHP65', ip: '10.0.0.132', os.name: 'Windows 10', os.arch: 'amd64', os.version: '10.0', java.version: '1.8.0_102'
Driver info: com.kms.katalon.selenium.driver.CChromeDriver
Capabilities {acceptInsecureCerts: false, acceptSslCerts: false, applicationCacheEnabled: false, browserConnectionEnabled: false, browserName: chrome, chrome: {chromedriverVersion: 2.35.528161 (5b82f2d2aae0ca..., userDataDir: C:\Users\TRANGN~1\AppData\L...}, cssSelectorsEnabled: true, databaseEnabled: false, handlesAlerts: true, hasTouchScreen: false, javascriptEnabled: true, locationContextEnabled: true, mobileEmulationEnabled: false, nativeEvents: true, networkConnectionEnabled: false, pageLoadStrategy: normal, platform: XP, platformName: XP, rotatable: false, setWindowRect: true, takesHeapSnapshot: true, takesScreenshot: true, unexpectedAlertBehaviour: , unhandledPromptBehavior: , version: 69.0.3497.100, webStorageEnabled: true}
Session ID: 5e121a9f2906b87c8eb8804e412bc1e2
*** Element info: {Using=xpath, value=//button[contains(@class,'layerConfirm') and contains(@name,'CONFIRM')]})

2018-09-26 13:53:24 - [MESSAGE][PASSED] - Switched to window with index: '0'

2018-09-26 13:53:39 - [MESSAGE][PASSED] - Delayed 15 second(s)

2018-09-26 13:53:39 - [MESSAGE][PASSED] - Wait for page load successfully

2018-09-26 13:53:39 - [MESSAGE][PASSED] - beautytap.GeneralAction.signupViaFacebook is PASSED

2018-09-26 13:53:39 - [TEST_STEP][FAILED] - verifyElementPresent: Unable to verify object 'Object Repository/Page_General/link_avatar' is present (Root cause: com.kms.katalon.core.webui.exception.WebElementNotFoundException: Web element with id: 'Object Repository/Page_General/link_avatar' located by 'By.xpath: //div[@class='header-right-top pull-right']/a[@class='user']' not found)

2018-09-26 13:54:10 - [MESSAGE][FAILED] - com.kms.katalon.core.webui.exception.WebElementNotFoundException: Web element with id: 'Object Repository/Page_General/link_avatar' located by 'By.xpath: //div[@class='header-right-top pull-right']/a[@class='user']' not found
[[ATTACHMENT|E:\\BeautytapAutomation\\beautytapAuto\\Beautytap\\Reports\\Regression\\20180926_134816\\1537944850369.png]]

2018-09-26 13:54:11 - [MESSAGE][FAILED] - Unable to verify object 'Object Repository/Page_General/link_avatar' is present (Root cause: com.kms.katalon.core.webui.exception.WebElementNotFoundException: Web element with id: 'Object Repository/Page_General/link_avatar' located by 'By.xpath: //div[@class='header-right-top pull-right']/a[@class='user']' not found)
[[ATTACHMENT|E:\\BeautytapAutomation\\beautytapAuto\\Beautytap\\Reports\\Regression\\20180926_134816\\1537944850695.png]]]]></system-out>
         <system-err><![CDATA[2018-09-26 13:52:09 - [TEST_CASE][FAILED] - Test Cases/SignUp_Login_ResetPass/TC02_SignUp_Login_ViaFacebookEmail_NewUser_OldUser: Test Cases/SignUp_Login_ResetPass/TC02_SignUp_Login_ViaFacebookEmail_NewUser_OldUser FAILED because (of) Unable to verify object 'Object Repository/Page_General/link_avatar' is present (Root cause: com.kms.katalon.core.webui.exception.WebElementNotFoundException: Web element with id: 'Object Repository/Page_General/link_avatar' located by 'By.xpath: //div[@class='header-right-top pull-right']/a[@class='user']' not found)]]></system-err>
      </testcase>
      <testcase name="Test Cases/Shop/TC07_BuyProduct_EarnPendingPoint_EarnRedeemablePoint" classname="Test Cases/Shop/TC07_BuyProduct_EarnPendingPoint_EarnRedeemablePoint" status="PASSED">
         <system-out><![CDATA[2018-09-26 13:54:13 - [TEST_CASE][PASSED] - Test Cases/Shop/TC07_BuyProduct_EarnPendingPoint_EarnRedeemablePoint: Test Cases/Shop/TC07_BuyProduct_EarnPendingPoint_EarnRedeemablePoint

2018-09-26 13:54:13 - [TEST_STEP][PASSED] - Statement - username = USER_EMAIL: null

2018-09-26 13:54:13 - [TEST_STEP][PASSED] - Statement - password = USER_PASSWORD: null

2018-09-26 13:54:13 - [TEST_STEP][PASSED] - Statement - productName = SIMPLE_PRODUCT: null

2018-09-26 13:54:13 - [TEST_STEP][PASSED] - Statement - price = SIMPLE_PRODUCT_PRICE: null

2018-09-26 13:54:13 - [TEST_STEP][PASSED] - Statement - quantity = 3: null

2018-09-26 13:54:13 - [TEST_STEP][PASSED] - Statement - shippingLabel = FREE_SHIPPING_LABEL: null

2018-09-26 13:54:14 - [TEST_STEP][PASSED] - Statement - shippingPrice = 0: null

2018-09-26 13:54:14 - [TEST_STEP][PASSED] - Statement - subtotal = CustomKeywords.beautytap.ShopAction.calculateTotal(quantity, price): beautytap.ShopAction.calculateTotal is PASSED

2018-09-26 13:54:14 - [MESSAGE][PASSED] - beautytap.ShopAction.calculateTotal is PASSED

2018-09-26 13:54:14 - [TEST_STEP][PASSED] - Statement - total = subtotal + shippingPrice: null

2018-09-26 13:54:14 - [TEST_STEP][PASSED] - Statement - products = new org.json.JSONArray((((((([{"productname":" + productName) + ","variation":"","quantity":") + quantity) + ","price":") + price) + "}])): null

2018-09-26 13:54:14 - [TEST_STEP][PASSED] - Statement - billingInformation = new org.json.JSONObject((({"firstname":"Test","lastname":"Automation","country":"United States (US)","address":"123 Testing","city":"New York","state":"New York","zip":"90012","email":" + username) + "})): null

2018-09-26 13:54:14 - [TEST_STEP][PASSED] - Statement - paymentMethod = "PayPal": null

2018-09-26 13:54:14 - [TEST_STEP][PASSED] - beautytap.GeneralAction.openBeautytap: beautytap.GeneralAction.openBeautytap is PASSED

2018-09-26 13:54:14 - [MESSAGE][WARNING] - A browser is already opened. Closing browser and opening a new one

2018-09-26 13:54:40 - [MESSAGE][PASSED] - Browser is opened with url: 'https://stage.beautytap.com'

2018-09-26 13:54:41 - [MESSAGE][PASSED] - Current window maximized

2018-09-26 13:54:46 - [MESSAGE][PASSED] - Refresh successfully

2018-09-26 13:54:46 - [MESSAGE][PASSED] - Wait for page load successfully

2018-09-26 13:54:46 - [MESSAGE][PASSED] - beautytap.GeneralAction.openBeautytap is PASSED

2018-09-26 13:54:46 - [TEST_STEP][PASSED] - beautytap.GeneralAction.clickNavigationMenu: beautytap.GeneralAction.clickNavigationMenu is PASSED

2018-09-26 13:54:49 - [MESSAGE][PASSED] - Object: 'Object Repository/Page_General/link_login' is clicked on

2018-09-26 13:54:49 - [MESSAGE][PASSED] - Wait for page load successfully

2018-09-26 13:54:49 - [MESSAGE][PASSED] - beautytap.GeneralAction.clickNavigationMenu is PASSED

2018-09-26 13:54:49 - [TEST_STEP][PASSED] - beautytap.GeneralAction.login: beautytap.GeneralAction.login is PASSED

2018-09-26 13:54:49 - [MESSAGE][PASSED] - Text of object 'Object Repository/Page_login/txt_username' is cleared

2018-09-26 13:54:50 - [MESSAGE][PASSED] - Keys 'trang2408@mailinator.com' sent to object: 'Object Repository/Page_login/txt_username'

2018-09-26 13:54:50 - [MESSAGE][PASSED] - Text of object 'Object Repository/Page_login/txt_password' is cleared

2018-09-26 13:54:50 - [MESSAGE][PASSED] - Keys '123456' sent to object: 'Object Repository/Page_login/txt_password'

2018-09-26 13:54:50 - [MESSAGE][PASSED] - Object: 'Object Repository/Page_login/btn_login' is clicked on

2018-09-26 13:54:50 - [MESSAGE][PASSED] - Wait for page load successfully

2018-09-26 13:54:50 - [MESSAGE][PASSED] - beautytap.GeneralAction.login is PASSED

2018-09-26 13:54:50 - [TEST_STEP][PASSED] - beautytap.GeneralAction.selectProfileMenu: beautytap.GeneralAction.selectProfileMenu is PASSED

2018-09-26 13:55:00 - [MESSAGE][PASSED] - Object: 'Object Repository/Page_General/link_avatar' is clicked on

2018-09-26 13:55:02 - [MESSAGE][PASSED] - Delayed 2 second(s)

2018-09-26 13:55:05 - [MESSAGE][PASSED] - Object: '' is clicked on

2018-09-26 13:55:05 - [MESSAGE][PASSED] - Wait for page load successfully

2018-09-26 13:55:05 - [MESSAGE][PASSED] - beautytap.GeneralAction.selectProfileMenu is PASSED

2018-09-26 13:55:05 - [TEST_STEP][PASSED] - Statement - objReward = CustomKeywords.beautytap.ShopAction.getRewardDetails(): beautytap.ShopAction.getRewardDetails is PASSED

2018-09-26 13:55:05 - [MESSAGE][PASSED] - Text of object '' is: '1.1 x Rewards Multiplier!'

2018-09-26 13:55:05 - [MESSAGE][PASSED] - Text of object '' is: '1.1 x Rewards Multiplier!'

2018-09-26 13:55:05 - [MESSAGE][PASSED] - Text of object '' is: '6020.53'

2018-09-26 13:55:05 - [MESSAGE][PASSED] - Text of object '' is: '3057.44'

2018-09-26 13:55:05 - [MESSAGE][PASSED] - Text of object '' is: '3650.53'

2018-09-26 13:55:05 - [MESSAGE][PASSED] - Text of object '' is: '$190.00'

2018-09-26 13:55:06 - [MESSAGE][PASSED] - Text of object '' is: 'Beauty Bae'

2018-09-26 13:55:06 - [MESSAGE][PASSED] - beautytap.ShopAction.getRewardDetails is PASSED

2018-09-26 13:55:06 - [TEST_STEP][PASSED] - Statement - multiplier = java.lang.Float.parseFloat(objReward.get("multiplier")): null

2018-09-26 13:55:06 - [TEST_STEP][PASSED] - Statement - currentlevel = objReward.get("currentlevel"): null

2018-09-26 13:55:06 - [TEST_STEP][PASSED] - Statement - lifetime = java.lang.Float.parseFloat(objReward.get("lifetime")): null

2018-09-26 13:55:06 - [TEST_STEP][PASSED] - Statement - pending = java.lang.Float.parseFloat(objReward.get("pending")): null

2018-09-26 13:55:06 - [TEST_STEP][PASSED] - Statement - redeemable = java.lang.Float.parseFloat(objReward.get("redeemable")): null

2018-09-26 13:55:06 - [TEST_STEP][PASSED] - Statement - pointvalue = java.lang.Float.parseFloat(objReward.get("pointvalue")): null

2018-09-26 13:55:06 - [TEST_STEP][PASSED] - Statement - rewardEarned = java.lang.Float.parseFloat(java.lang.String.format("%.2f", multiplier * subtotal)): null

2018-09-26 13:55:06 - [TEST_STEP][PASSED] - Statement - notificationMessage = "You received " + rewardEarned + " redeemable points": null

2018-09-26 13:55:06 - [TEST_STEP][PASSED] - beautytap.ShopAction.globalSearch: beautytap.ShopAction.globalSearch is PASSED

2018-09-26 13:55:06 - [MESSAGE][PASSED] - Object: 'Object Repository/Page_General/icon_search' is clicked on

2018-09-26 13:55:11 - [MESSAGE][PASSED] - Delayed 5 second(s)

2018-09-26 13:55:11 - [MESSAGE][PASSED] - Text of object 'Object Repository/Page_General/txt_search' is cleared

2018-09-26 13:55:11 - [MESSAGE][PASSED] - Keys 'CONTROL + v' sent to object: 'Object Repository/Page_General/txt_search'

2018-09-26 13:55:13 - [MESSAGE][PASSED] - Object 'Object Repository/Page_General/div_searchResult' is present

2018-09-26 13:55:13 - [MESSAGE][PASSED] - beautytap.ShopAction.globalSearch is PASSED

2018-09-26 13:55:13 - [TEST_STEP][PASSED] - beautytap.ShopAction.selectProductOnSearchResult: beautytap.ShopAction.selectProductOnSearchResult is PASSED

2018-09-26 13:55:19 - [MESSAGE][PASSED] - Object: '' is clicked on

2018-09-26 13:55:19 - [MESSAGE][PASSED] - Wait for page load successfully

2018-09-26 13:55:19 - [MESSAGE][PASSED] - beautytap.ShopAction.selectProductOnSearchResult is PASSED

2018-09-26 13:55:19 - [TEST_STEP][PASSED] - beautytap.ShopAction.addProductToCart: beautytap.ShopAction.addProductToCart is PASSED

2018-09-26 13:55:20 - [MESSAGE][PASSED] - Text of object 'Object Repository/Page_Shop/txt_quantity' is cleared

2018-09-26 13:55:20 - [MESSAGE][PASSED] - Keys '3' sent to object: 'Object Repository/Page_Shop/txt_quantity'

2018-09-26 13:55:20 - [MESSAGE][PASSED] - Object: 'Object Repository/Page_Shop/btn_addToCart' is clicked on

2018-09-26 13:55:20 - [MESSAGE][PASSED] - Wait for page load successfully

2018-09-26 13:55:25 - [MESSAGE][PASSED] - Object 'Object Repository/Page_Shop/lbl_message' is present

2018-09-26 13:55:25 - [MESSAGE][PASSED] - beautytap.ShopAction.addProductToCart is PASSED

2018-09-26 13:55:25 - [TEST_STEP][PASSED] - beautytap.ShopAction.goToCart: beautytap.ShopAction.goToCart is PASSED

2018-09-26 13:55:25 - [MESSAGE][PASSED] - Object 'Object Repository/Page_General/icon_cart' is present

2018-09-26 13:55:30 - [MESSAGE][PASSED] - Object: 'Object Repository/Page_General/icon_cart' is clicked on

2018-09-26 13:55:30 - [MESSAGE][PASSED] - Wait for page load successfully

2018-09-26 13:55:30 - [MESSAGE][PASSED] - beautytap.ShopAction.goToCart is PASSED

2018-09-26 13:55:30 - [TEST_STEP][PASSED] - beautytap.ShopAction.processToCheckout: beautytap.ShopAction.processToCheckout is PASSED

2018-09-26 13:55:35 - [MESSAGE][PASSED] - Object: 'Object Repository/Page_Cart/btn_checkout' is clicked on

2018-09-26 13:55:35 - [MESSAGE][PASSED] - Wait for page load successfully

2018-09-26 13:55:35 - [MESSAGE][PASSED] - beautytap.ShopAction.processToCheckout is PASSED

2018-09-26 13:55:35 - [TEST_STEP][PASSED] - beautytap.ShopAction.fillCustomerInformation: beautytap.ShopAction.fillCustomerInformation is PASSED

2018-09-26 13:55:35 - [MESSAGE][PASSED] - Text of object 'Object Repository/Page_Checkout/txt_billingFirstName' is cleared

2018-09-26 13:55:35 - [MESSAGE][PASSED] - Keys 'Test' sent to object: 'Object Repository/Page_Checkout/txt_billingFirstName'

2018-09-26 13:55:36 - [MESSAGE][PASSED] - Text of object 'Object Repository/Page_Checkout/txt_billingLastName' is cleared

2018-09-26 13:55:36 - [MESSAGE][PASSED] - Keys 'Automation' sent to object: 'Object Repository/Page_Checkout/txt_billingLastName'

2018-09-26 13:55:36 - [MESSAGE][PASSED] - All options with label 'United States (US)' are selected in object 'Object Repository/Page_Checkout/drop_billingCountry' 

2018-09-26 13:55:41 - [MESSAGE][PASSED] - Delayed 5 second(s)

2018-09-26 13:55:41 - [MESSAGE][PASSED] - Text of object 'Object Repository/Page_Checkout/txt_billingAddress' is cleared

2018-09-26 13:55:42 - [MESSAGE][PASSED] - Keys '123 Testing' sent to object: 'Object Repository/Page_Checkout/txt_billingAddress'

2018-09-26 13:55:42 - [MESSAGE][PASSED] - Text of object 'Object Repository/Page_Checkout/txt_billingCity' is cleared

2018-09-26 13:55:42 - [MESSAGE][PASSED] - Keys 'New York' sent to object: 'Object Repository/Page_Checkout/txt_billingCity'

2018-09-26 13:55:42 - [MESSAGE][PASSED] - All options with label 'New York' are selected in object 'Object Repository/Page_Checkout/drop_billingState' 

2018-09-26 13:55:42 - [MESSAGE][PASSED] - Text of object 'Object Repository/Page_Checkout/txt_billingZip' is cleared

2018-09-26 13:55:43 - [MESSAGE][PASSED] - Keys '90012' sent to object: 'Object Repository/Page_Checkout/txt_billingZip'

2018-09-26 13:55:43 - [MESSAGE][PASSED] - Text of object 'Object Repository/Page_Checkout/txt_billingEmail' is cleared

2018-09-26 13:55:43 - [MESSAGE][PASSED] - Keys 'trang2408@mailinator.com' sent to object: 'Object Repository/Page_Checkout/txt_billingEmail'

2018-09-26 13:55:44 - [MESSAGE][PASSED] - Object 'Object Repository/Page_Checkout/chk_shipToDifferentAddress' is un-checked

2018-09-26 13:55:44 - [MESSAGE][PASSED] - Text of object 'Object Repository/Page_Checkout/txt_orderNote' is cleared

2018-09-26 13:55:44 - [MESSAGE][PASSED] - Keys 'TC07' sent to object: 'Object Repository/Page_Checkout/txt_orderNote'

2018-09-26 13:55:44 - [MESSAGE][PASSED] - Object 'Object Repository/Page_Checkout/radio_creditCard' is checked

2018-09-26 13:55:49 - [MESSAGE][PASSED] - Delayed 5 second(s)

2018-09-26 13:55:49 - [MESSAGE][PASSED] - beautytap.ShopAction.fillCustomerInformation is PASSED

2018-09-26 13:55:49 - [TEST_STEP][PASSED] - beautytap.ShopAction.VerifyOrderDetailsOnCheckout: Keyword VerifyOrderDetailsOnCheckout is Passed

2018-09-26 13:55:49 - [MESSAGE][PASSED] - Object '' is present

2018-09-26 13:55:49 - [MESSAGE][PASSED] - Text of object '' is: '$95.40'

2018-09-26 13:55:49 - [MESSAGE][PASSED] - Text of object '' is: 'Free shipping for orders over $60
Why does shipping take this long?'

2018-09-26 13:55:49 - [MESSAGE][PASSED] - Text of object '' is: '$95.40'

2018-09-26 13:55:49 - [MESSAGE][PASSED] - Keyword VerifyOrderDetailsOnCheckout is Passed

2018-09-26 13:55:49 - [TEST_STEP][PASSED] - beautytap.ShopAction.VerifyRewardEarned: Keyword VerifyRewardEarned is Passed

2018-09-26 13:55:49 - [MESSAGE][PASSED] - Text of object '' is: 'Status: Beauty Bae ( $95.4 x Rewards Multiplier )'

2018-09-26 13:55:49 - [MESSAGE][PASSED] - Text of object '' is: 'Status: Beauty Bae ( $95.4 x Rewards Multiplier )'

2018-09-26 13:55:49 - [MESSAGE][PASSED] - Text of object '' is: 'Status: Beauty Bae ( $95.4 x Rewards Multiplier )'

2018-09-26 13:55:50 - [MESSAGE][PASSED] - Text of object '' is: 'Multiplier: $95.4 x 1.1'

2018-09-26 13:55:50 - [MESSAGE][PASSED] - Text of object '' is: 'Multiplier: $95.4 x 1.1'

2018-09-26 13:55:50 - [MESSAGE][PASSED] - Text of object '' is: '104.9 Points!'

2018-09-26 13:55:50 - [MESSAGE][PASSED] - Text of object '' is: '104.9 Points!'

2018-09-26 13:55:50 - [MESSAGE][PASSED] - Text of object '' is: 'Multiplier: $95.4 x 1.1'

2018-09-26 13:55:50 - [MESSAGE][PASSED] - Text of object '' is: 'Multiplier: $95.4 x 1.1'

2018-09-26 13:55:50 - [MESSAGE][PASSED] - Text of object '' is: 'Multiplier: $95.4 x 1.1'

2018-09-26 13:55:50 - [MESSAGE][PASSED] - Keyword VerifyRewardEarned is Passed

2018-09-26 13:55:50 - [TEST_STEP][PASSED] - beautytap.ShopAction.checkoutViaPaypal: beautytap.ShopAction.checkoutViaPaypal is PASSED

2018-09-26 13:55:51 - [MESSAGE][PASSED] - Object 'Object Repository/Page_Checkout/radio_paypal' is checked

2018-09-26 13:55:56 - [MESSAGE][PASSED] - Delayed 5 second(s)

2018-09-26 13:55:56 - [MESSAGE][PASSED] - Object 'Object Repository/Page_Checkout/chk_terms' is checked

2018-09-26 13:55:56 - [MESSAGE][PASSED] - Object: 'Object Repository/Page_Checkout/btn_placeOrder' is clicked on

2018-09-26 13:56:03 - [MESSAGE][PASSED] - Object 'Object Repository/Page_Paypal/txt_email' is present

2018-09-26 13:56:03 - [MESSAGE][PASSED] - Text of object 'Object Repository/Page_Paypal/txt_email' is cleared

2018-09-26 13:56:03 - [MESSAGE][PASSED] - Keys 'g1.posiba@gmail.com' sent to object: 'Object Repository/Page_Paypal/txt_email'

2018-09-26 13:56:04 - [MESSAGE][PASSED] - Text of object 'Object Repository/Page_Paypal/txt_password' is cleared

2018-09-26 13:56:04 - [MESSAGE][PASSED] - Keys 'Tr@ng99%' sent to object: 'Object Repository/Page_Paypal/txt_password'

2018-09-26 13:56:18 - [MESSAGE][PASSED] - Object: 'Object Repository/Page_Paypal/btn_login' is clicked on

2018-09-26 13:56:22 - [MESSAGE][PASSED] - Object 'Object Repository/Page_Paypal/btn_payNow' is present

2018-09-26 13:56:27 - [MESSAGE][PASSED] - Delayed 5 second(s)

2018-09-26 13:56:27 - [MESSAGE][PASSED] - Object: 'Object Repository/Page_Paypal/btn_payNow' is clicked on

2018-09-26 13:56:46 - [MESSAGE][PASSED] - Object 'Object Repository/Page_Checkout/lbl_orderReceived' is present

2018-09-26 13:56:46 - [MESSAGE][PASSED] - beautytap.ShopAction.checkoutViaPaypal is PASSED

2018-09-26 13:56:46 - [TEST_STEP][PASSED] - beautytap.ShopAction.VerifyOrderReceivedDetails: Keyword VerifyOrderReceivedDetails is Passed

2018-09-26 13:56:46 - [MESSAGE][PASSED] - Object '' is present

2018-09-26 13:56:46 - [MESSAGE][PASSED] - Text of object '' is: '$95.40'

2018-09-26 13:56:47 - [MESSAGE][PASSED] - Text of object '' is: 'Free shipping for orders over $60'

2018-09-26 13:56:52 - [MESSAGE][WARNING] - com.kms.katalon.core.webui.exception.WebElementNotFoundException: Web element with id: '' located by 'By.xpath: //th[text()='Shipping:']/parent::tr/td/span' not found
[[ATTACHMENT|E:\\BeautytapAutomation\\beautytapAuto\\Beautytap\\Reports\\Regression\\20180926_134816\\1537945012212.png]]

2018-09-26 13:56:52 - [MESSAGE][PASSED] - Text of object '' is: 'PayPal'

2018-09-26 13:56:52 - [MESSAGE][PASSED] - Text of object '' is: '$95.40'

2018-09-26 13:56:52 - [MESSAGE][PASSED] - Keyword VerifyOrderReceivedDetails is Passed

2018-09-26 13:56:52 - [TEST_STEP][PASSED] - beautytap.ShopAction.VerifyRewardEarned: Keyword VerifyRewardEarned is Passed

2018-09-26 13:56:53 - [MESSAGE][PASSED] - Text of object '' is: 'Status: Beauty Bae ( $95.40 x Rewards Multiplier )'

2018-09-26 13:56:53 - [MESSAGE][PASSED] - Text of object '' is: 'Status: Beauty Bae ( $95.40 x Rewards Multiplier )'

2018-09-26 13:56:53 - [MESSAGE][PASSED] - Text of object '' is: 'Status: Beauty Bae ( $95.40 x Rewards Multiplier )'

2018-09-26 13:56:53 - [MESSAGE][PASSED] - Text of object '' is: 'Multiplier: $95.40 x 1.1'

2018-09-26 13:56:53 - [MESSAGE][PASSED] - Text of object '' is: 'Multiplier: $95.40 x 1.1'

2018-09-26 13:56:53 - [MESSAGE][PASSED] - Text of object '' is: '104.9 Points!'

2018-09-26 13:56:53 - [MESSAGE][PASSED] - Text of object '' is: '104.9 Points!'

2018-09-26 13:56:53 - [MESSAGE][PASSED] - Text of object '' is: 'Multiplier: $95.40 x 1.1'

2018-09-26 13:56:53 - [MESSAGE][PASSED] - Text of object '' is: 'Multiplier: $95.40 x 1.1'

2018-09-26 13:56:53 - [MESSAGE][PASSED] - Text of object '' is: 'Multiplier: $95.40 x 1.1'

2018-09-26 13:56:53 - [MESSAGE][PASSED] - Keyword VerifyRewardEarned is Passed

2018-09-26 13:56:53 - [TEST_STEP][PASSED] - Statement - orderInfo = CustomKeywords.beautytap.ShopAction.getOrderInfoOnOrderReceived(): beautytap.ShopAction.getOrderInfoOnOrderReceived is PASSED

2018-09-26 13:56:53 - [MESSAGE][PASSED] - Text of object '' is: '136912'

2018-09-26 13:56:53 - [MESSAGE][PASSED] - Text of object '' is: 'September 25, 2018'

2018-09-26 13:56:53 - [MESSAGE][PASSED] - beautytap.ShopAction.getOrderInfoOnOrderReceived is PASSED

2018-09-26 13:56:53 - [TEST_STEP][PASSED] - Statement - orderNumber = orderInfo.get("ordernumber"): null

2018-09-26 13:56:53 - [TEST_STEP][PASSED] - Statement - orderDate = orderInfo.get("date"): null

2018-09-26 13:56:53 - [TEST_STEP][PASSED] - Statement - completeOrderSubject = "Your " + SITE_TITLE + " order from " + orderDate + " is complete": null

2018-09-26 13:56:53 - [TEST_STEP][PASSED] - Statement - completeOrderSubject = completeOrderSubject.replace("[", "").replace("]", ""): null

2018-09-26 13:56:53 - [TEST_STEP][PASSED] - beautytap.GeneralAction.selectProfileMenu: beautytap.GeneralAction.selectProfileMenu is PASSED

2018-09-26 13:56:54 - [MESSAGE][PASSED] - Object: 'Object Repository/Page_General/link_avatar' is clicked on

2018-09-26 13:56:56 - [MESSAGE][PASSED] - Delayed 2 second(s)

2018-09-26 13:57:00 - [MESSAGE][PASSED] - Object: '' is clicked on

2018-09-26 13:57:00 - [MESSAGE][PASSED] - Wait for page load successfully

2018-09-26 13:57:00 - [MESSAGE][PASSED] - beautytap.GeneralAction.selectProfileMenu is PASSED

2018-09-26 13:57:00 - [TEST_STEP][PASSED] - Statement - newPending = java.lang.Float.parseFloat(java.lang.String.format("%.2f", pending + rewardEarned)): null

2018-09-26 13:57:00 - [TEST_STEP][PASSED] - beautytap.ShopAction.VerifyRewardPointsDetails: Keyword VerifyRewardPoints is Passed

2018-09-26 13:57:00 - [MESSAGE][PASSED] - Text of object '' is: '6020.53'

2018-09-26 13:57:00 - [MESSAGE][PASSED] - Text of object '' is: '3162.38'

2018-09-26 13:57:00 - [MESSAGE][PASSED] - Text of object '' is: '3650.53'

2018-09-26 13:57:00 - [MESSAGE][PASSED] - Text of object '' is: '$190.00'

2018-09-26 13:57:00 - [MESSAGE][PASSED] - Keyword VerifyRewardPoints is Passed

2018-09-26 13:57:00 - [TEST_STEP][PASSED] - beautytap.ShopAction.VerifyRewardHistory: Keyword VerifyRewardHistory is Passed

2018-09-26 13:57:00 - [MESSAGE][PASSED] - Object '' is present

2018-09-26 13:57:00 - [MESSAGE][PASSED] - Text of object '' is: ''

2018-09-26 13:57:00 - [MESSAGE][PASSED] - Text of object '' is: '$95.40'

2018-09-26 13:57:00 - [MESSAGE][PASSED] - Text of object '' is: '1.1'

2018-09-26 13:57:01 - [MESSAGE][PASSED] - Text of object '' is: '0.00'

2018-09-26 13:57:01 - [MESSAGE][PASSED] - Text of object '' is: '3650.53'

2018-09-26 13:57:01 - [MESSAGE][PASSED] - Keyword VerifyRewardHistory is Passed

2018-09-26 13:57:01 - [TEST_STEP][PASSED] - beautytap.ShopAction.VerifyRewardHistory: Keyword VerifyRewardHistory is Passed

2018-09-26 13:57:01 - [MESSAGE][PASSED] - Object '' is present

2018-09-26 13:57:01 - [MESSAGE][PASSED] - Text of object '' is: ''

2018-09-26 13:57:01 - [MESSAGE][PASSED] - Text of object '' is: '$95.40'

2018-09-26 13:57:01 - [MESSAGE][PASSED] - Text of object '' is: '1.1'

2018-09-26 13:57:01 - [MESSAGE][PASSED] - Text of object '' is: '0.00'

2018-09-26 13:57:01 - [MESSAGE][PASSED] - Text of object '' is: '3650.53'

2018-09-26 13:57:01 - [MESSAGE][PASSED] - Keyword VerifyRewardHistory is Passed

2018-09-26 13:57:01 - [TEST_STEP][PASSED] - beautytap.GeneralAction.logout: beautytap.GeneralAction.logout is PASSED

2018-09-26 13:57:01 - [MESSAGE][PASSED] - Object: 'Object Repository/Page_General/link_avatar' is clicked on

2018-09-26 13:57:02 - [MESSAGE][PASSED] - Object 'Object Repository/Page_General/menu_logout' is present

2018-09-26 13:57:02 - [MESSAGE][PASSED] - Object: 'Object Repository/Page_General/menu_logout' is clicked on

2018-09-26 13:57:02 - [MESSAGE][PASSED] - Wait for page load successfully

2018-09-26 13:57:02 - [MESSAGE][PASSED] - beautytap.GeneralAction.logout is PASSED

2018-09-26 13:57:02 - [TEST_STEP][PASSED] - beautytap.GeneralAction.clickNavigationMenu: beautytap.GeneralAction.clickNavigationMenu is PASSED

2018-09-26 13:57:13 - [MESSAGE][PASSED] - Object: 'Object Repository/Page_General/link_login' is clicked on

2018-09-26 13:57:13 - [MESSAGE][PASSED] - Wait for page load successfully

2018-09-26 13:57:13 - [MESSAGE][PASSED] - beautytap.GeneralAction.clickNavigationMenu is PASSED

2018-09-26 13:57:13 - [TEST_STEP][PASSED] - beautytap.GeneralAction.login: beautytap.GeneralAction.login is PASSED

2018-09-26 13:57:13 - [MESSAGE][PASSED] - Text of object 'Object Repository/Page_login/txt_username' is cleared

2018-09-26 13:57:13 - [MESSAGE][PASSED] - Keys 'mrwhite' sent to object: 'Object Repository/Page_login/txt_username'

2018-09-26 13:57:14 - [MESSAGE][PASSED] - Text of object 'Object Repository/Page_login/txt_password' is cleared

2018-09-26 13:57:14 - [MESSAGE][PASSED] - Keys 'kgySM$Im' sent to object: 'Object Repository/Page_login/txt_password'

2018-09-26 13:57:14 - [MESSAGE][PASSED] - Object: 'Object Repository/Page_login/btn_login' is clicked on

2018-09-26 13:57:14 - [MESSAGE][PASSED] - Wait for page load successfully

2018-09-26 13:57:14 - [MESSAGE][PASSED] - beautytap.GeneralAction.login is PASSED

2018-09-26 13:57:14 - [TEST_STEP][PASSED] - navigateToUrl: Navigate to 'https://stage.beautytap.com/admin' successfully

2018-09-26 13:57:21 - [MESSAGE][PASSED] - Navigate to 'https://stage.beautytap.com/admin' successfully

2018-09-26 13:57:21 - [TEST_STEP][PASSED] - beautytap.AdminAction.changeOrderStatus: beautytap.AdminAction.changeOrderStatus is PASSED

2018-09-26 13:57:29 - [MESSAGE][PASSED] - Object: '' is clicked on

2018-09-26 13:57:29 - [MESSAGE][PASSED] - Wait for page load successfully

2018-09-26 13:57:35 - [MESSAGE][PASSED] - Object: '' is clicked on

2018-09-26 13:57:35 - [MESSAGE][PASSED] - Wait for page load successfully

2018-09-26 13:57:35 - [MESSAGE][PASSED] - Text of object 'Object Repository/Page_Admin/txt_searchOrder' is cleared

2018-09-26 13:57:35 - [MESSAGE][PASSED] - Keys '136912' sent to object: 'Object Repository/Page_Admin/txt_searchOrder'

2018-09-26 13:57:39 - [MESSAGE][PASSED] - Object: 'Object Repository/Page_Admin/btn_searchOrder' is clicked on

2018-09-26 13:57:39 - [MESSAGE][PASSED] - Wait for page load successfully

2018-09-26 13:57:49 - [MESSAGE][PASSED] - Object: '' is clicked on

2018-09-26 13:57:49 - [MESSAGE][PASSED] - Wait for page load successfully

2018-09-26 13:57:50 - [MESSAGE][PASSED] - All options with label 'Completed' are selected in object 'Object Repository/Page_Admin/drop_orderStatus' 

2018-09-26 13:57:50 - [MESSAGE][PASSED] - Object: 'Object Repository/Page_Admin/btn_saveOrder' is clicked on

2018-09-26 13:58:02 - [MESSAGE][PASSED] - Object 'Object Repository/Page_Admin/lbl_orderUpdatedMessage' is present

2018-09-26 13:58:02 - [MESSAGE][PASSED] - beautytap.AdminAction.changeOrderStatus is PASSED

2018-09-26 13:58:02 - [TEST_STEP][PASSED] - beautytap.GeneralAction.openMailBox: beautytap.GeneralAction.openMailBox is PASSED

2018-09-26 13:58:04 - [MESSAGE][PASSED] - Navigate to 'https://www.mailinator.com' successfully

2018-09-26 13:58:04 - [MESSAGE][PASSED] - Wait for page load successfully

2018-09-26 13:58:04 - [MESSAGE][PASSED] - Keys 'trang2408@mailinator.com' sent to object: 'Object Repository/Page_mailinator/txt_email'

2018-09-26 13:58:06 - [MESSAGE][PASSED] - Object: 'Object Repository/Page_mailinator/btn_go' is clicked on

2018-09-26 13:58:06 - [MESSAGE][PASSED] - Wait for page load successfully

2018-09-26 13:58:11 - [MESSAGE][PASSED] - Delayed 5 second(s)

2018-09-26 13:58:11 - [MESSAGE][PASSED] - beautytap.GeneralAction.openMailBox is PASSED

2018-09-26 13:58:11 - [TEST_STEP][PASSED] - beautytap.GeneralAction.verifyEmailExist: beautytap.GeneralAction.verifyEmailExist is PASSED

2018-09-26 13:58:11 - [MESSAGE][PASSED] - Object '' is present

2018-09-26 13:58:11 - [MESSAGE][PASSED] - beautytap.GeneralAction.verifyEmailExist is PASSED

2018-09-26 13:58:11 - [TEST_STEP][PASSED] - beautytap.GeneralAction.openEmail: beautytap.GeneralAction.openEmail is PASSED

2018-09-26 13:58:11 - [MESSAGE][PASSED] - Object: '' is clicked on

2018-09-26 13:58:11 - [MESSAGE][PASSED] - beautytap.GeneralAction.openEmail is PASSED

2018-09-26 13:58:11 - [TEST_STEP][PASSED] - beautytap.ShopAction.VerifyOrderCompleteEmail: Keyword VerifyOrderCompleteEmail is Passed

2018-09-26 13:58:12 - [MESSAGE][PASSED] - Object '' is present

2018-09-26 13:58:12 - [MESSAGE][PASSED] - Text of object '' is: 'La Muse Correct Care Complete Cushion SPF50+'

2018-09-26 13:58:12 - [MESSAGE][PASSED] - Text of object '' is: '3'

2018-09-26 13:58:12 - [MESSAGE][PASSED] - Text of object '' is: '$95.40'

2018-09-26 13:58:12 - [MESSAGE][PASSED] - Text of object '' is: '$95.40'

2018-09-26 13:58:12 - [MESSAGE][PASSED] - Text of object '' is: 'Free shipping for orders over $60'

2018-09-26 13:58:18 - [MESSAGE][WARNING] - com.kms.katalon.core.webui.exception.WebElementNotFoundException: Web element with id: '' located by 'By.xpath: //th[text()='Shipping:']/parent::tr/td/span' not found
[[ATTACHMENT|E:\\BeautytapAutomation\\beautytapAuto\\Beautytap\\Reports\\Regression\\20180926_134816\\1537945097718.png]]

2018-09-26 13:58:18 - [MESSAGE][PASSED] - Text of object '' is: 'PayPal'

2018-09-26 13:58:18 - [MESSAGE][PASSED] - Text of object '' is: '104.94'

2018-09-26 13:58:18 - [MESSAGE][PASSED] - Text of object '' is: '$95.40'

2018-09-26 13:58:18 - [MESSAGE][PASSED] - Keyword VerifyOrderCompleteEmail is Passed

2018-09-26 13:58:18 - [TEST_STEP][PASSED] - closeBrowser: Browser is closed

2018-09-26 13:58:19 - [MESSAGE][PASSED] - Browser is closed

2018-09-26 13:58:19 - [TEST_STEP][PASSED] - beautytap.GeneralAction.openBeautytap: beautytap.GeneralAction.openBeautytap is PASSED

2018-09-26 13:58:35 - [MESSAGE][PASSED] - Browser is opened with url: 'https://stage.beautytap.com'

2018-09-26 13:58:36 - [MESSAGE][PASSED] - Current window maximized

2018-09-26 13:58:41 - [MESSAGE][PASSED] - Refresh successfully

2018-09-26 13:58:41 - [MESSAGE][PASSED] - Wait for page load successfully

2018-09-26 13:58:41 - [MESSAGE][PASSED] - beautytap.GeneralAction.openBeautytap is PASSED

2018-09-26 13:58:41 - [TEST_STEP][PASSED] - beautytap.GeneralAction.clickNavigationMenu: beautytap.GeneralAction.clickNavigationMenu is PASSED

2018-09-26 13:58:43 - [MESSAGE][PASSED] - Object: 'Object Repository/Page_General/link_login' is clicked on

2018-09-26 13:58:43 - [MESSAGE][PASSED] - Wait for page load successfully

2018-09-26 13:58:43 - [MESSAGE][PASSED] - beautytap.GeneralAction.clickNavigationMenu is PASSED

2018-09-26 13:58:43 - [TEST_STEP][PASSED] - beautytap.GeneralAction.login: beautytap.GeneralAction.login is PASSED

2018-09-26 13:58:43 - [MESSAGE][PASSED] - Text of object 'Object Repository/Page_login/txt_username' is cleared

2018-09-26 13:58:44 - [MESSAGE][PASSED] - Keys 'trang2408@mailinator.com' sent to object: 'Object Repository/Page_login/txt_username'

2018-09-26 13:58:44 - [MESSAGE][PASSED] - Text of object 'Object Repository/Page_login/txt_password' is cleared

2018-09-26 13:58:44 - [MESSAGE][PASSED] - Keys '123456' sent to object: 'Object Repository/Page_login/txt_password'

2018-09-26 13:58:44 - [MESSAGE][PASSED] - Object: 'Object Repository/Page_login/btn_login' is clicked on

2018-09-26 13:58:44 - [MESSAGE][PASSED] - Wait for page load successfully

2018-09-26 13:58:44 - [MESSAGE][PASSED] - beautytap.GeneralAction.login is PASSED

2018-09-26 13:58:44 - [TEST_STEP][PASSED] - beautytap.GeneralAction.VerifyNotificationText: Keyword VerifyNotificationText is Passed

2018-09-26 13:58:53 - [MESSAGE][PASSED] - Object: 'Object Repository/Page_General/link_notificationIcon' is clicked on

2018-09-26 13:58:58 - [MESSAGE][PASSED] - Delayed 5 second(s)

2018-09-26 13:58:58 - [MESSAGE][PASSED] - Text of object '' is: 'You received 104.94 redeemable points'

2018-09-26 13:58:58 - [MESSAGE][PASSED] - Keyword VerifyNotificationText is Passed

2018-09-26 13:58:58 - [TEST_STEP][PASSED] - beautytap.GeneralAction.selectProfileMenu: beautytap.GeneralAction.selectProfileMenu is PASSED

2018-09-26 13:58:59 - [MESSAGE][PASSED] - Object: 'Object Repository/Page_General/link_avatar' is clicked on

2018-09-26 13:59:01 - [MESSAGE][PASSED] - Delayed 2 second(s)

2018-09-26 13:59:04 - [MESSAGE][PASSED] - Object: '' is clicked on

2018-09-26 13:59:04 - [MESSAGE][PASSED] - Wait for page load successfully

2018-09-26 13:59:04 - [MESSAGE][PASSED] - beautytap.GeneralAction.selectProfileMenu is PASSED

2018-09-26 13:59:04 - [TEST_STEP][PASSED] - Statement - newLifetime = java.lang.Float.parseFloat(java.lang.String.format("%.2f", lifetime + rewardEarned)): null

2018-09-26 13:59:04 - [TEST_STEP][PASSED] - Statement - newRedeemable = java.lang.Float.parseFloat(java.lang.String.format("%.2f", redeemable + rewardEarned)): null

2018-09-26 13:59:04 - [TEST_STEP][PASSED] - Statement - newPointValue = CustomKeywords.beautytap.ShopAction.calculateLoyaltyPointValue(newRedeemable): beautytap.ShopAction.calculateLoyaltyPointValue is PASSED

2018-09-26 13:59:04 - [MESSAGE][PASSED] - beautytap.ShopAction.calculateLoyaltyPointValue is PASSED

2018-09-26 13:59:04 - [TEST_STEP][PASSED] - beautytap.ShopAction.VerifyRewardPointsDetails: Keyword VerifyRewardPoints is Passed

2018-09-26 13:59:04 - [MESSAGE][PASSED] - Text of object '' is: '6125.47'

2018-09-26 13:59:04 - [MESSAGE][PASSED] - Text of object '' is: '3057.44'

2018-09-26 13:59:04 - [MESSAGE][PASSED] - Text of object '' is: '3755.47'

2018-09-26 13:59:05 - [MESSAGE][PASSED] - Text of object '' is: '$200.00'

2018-09-26 13:59:05 - [MESSAGE][PASSED] - Keyword VerifyRewardPoints is Passed

2018-09-26 13:59:05 - [TEST_STEP][PASSED] - beautytap.ShopAction.VerifyRewardHistory: Keyword VerifyRewardHistory is Passed

2018-09-26 13:59:05 - [MESSAGE][PASSED] - Object '' is present

2018-09-26 13:59:05 - [MESSAGE][PASSED] - Text of object '' is: ''

2018-09-26 13:59:05 - [MESSAGE][PASSED] - Text of object '' is: '$95.40'

2018-09-26 13:59:05 - [MESSAGE][PASSED] - Text of object '' is: '1.1'

2018-09-26 13:59:05 - [MESSAGE][PASSED] - Text of object '' is: '104.94'

2018-09-26 13:59:05 - [MESSAGE][PASSED] - Text of object '' is: '3755.47'

2018-09-26 13:59:05 - [MESSAGE][PASSED] - Keyword VerifyRewardHistory is Passed

2018-09-26 13:59:05 - [TEST_STEP][PASSED] - beautytap.GeneralAction.logout: beautytap.GeneralAction.logout is PASSED

2018-09-26 13:59:06 - [MESSAGE][PASSED] - Object: 'Object Repository/Page_General/link_avatar' is clicked on

2018-09-26 13:59:07 - [MESSAGE][PASSED] - Object 'Object Repository/Page_General/menu_logout' is present

2018-09-26 13:59:07 - [MESSAGE][PASSED] - Object: 'Object Repository/Page_General/menu_logout' is clicked on

2018-09-26 13:59:07 - [MESSAGE][PASSED] - Wait for page load successfully

2018-09-26 13:59:08 - [MESSAGE][PASSED] - Browser is closed

2018-09-26 13:59:08 - [MESSAGE][PASSED] - beautytap.GeneralAction.logout is PASSED]]></system-out>
         <system-err><![CDATA[]]></system-err>
      </testcase>
      <testcase name="Test Cases/Shop/TC08_BuyProduct_UsingRewardPoint" classname="Test Cases/Shop/TC08_BuyProduct_UsingRewardPoint" status="PASSED">
         <system-out><![CDATA[2018-09-26 13:59:10 - [TEST_CASE][PASSED] - Test Cases/Shop/TC08_BuyProduct_UsingRewardPoint: Test Cases/Shop/TC08_BuyProduct_UsingRewardPoint

2018-09-26 13:59:11 - [TEST_STEP][PASSED] - Statement - username = USER_EMAIL: null

2018-09-26 13:59:11 - [TEST_STEP][PASSED] - Statement - password = USER_PASSWORD: null

2018-09-26 13:59:11 - [TEST_STEP][PASSED] - Statement - productName = SIMPLE_PRODUCT: null

2018-09-26 13:59:11 - [TEST_STEP][PASSED] - Statement - price = SIMPLE_PRODUCT_PRICE: null

2018-09-26 13:59:11 - [TEST_STEP][PASSED] - Statement - quantity = 3: null

2018-09-26 13:59:11 - [TEST_STEP][PASSED] - Statement - shippingLabel = FREE_SHIPPING_LABEL: null

2018-09-26 13:59:11 - [TEST_STEP][PASSED] - Statement - shippingPrice = 0: null

2018-09-26 13:59:11 - [TEST_STEP][PASSED] - Statement - pointUsed = 60: null

2018-09-26 13:59:11 - [TEST_STEP][PASSED] - Statement - pointValueUsed = 2: null

2018-09-26 13:59:11 - [TEST_STEP][PASSED] - Statement - subtotal = CustomKeywords.beautytap.ShopAction.calculateTotal(quantity, price): beautytap.ShopAction.calculateTotal is PASSED

2018-09-26 13:59:11 - [MESSAGE][PASSED] - beautytap.ShopAction.calculateTotal is PASSED

2018-09-26 13:59:11 - [TEST_STEP][PASSED] - Statement - subtotalApplyReward = java.lang.Float.parseFloat(java.lang.String.format("%.2f", subtotal - pointValueUsed)): null

2018-09-26 13:59:11 - [TEST_STEP][PASSED] - Statement - total = java.lang.Float.parseFloat(java.lang.String.format("%.2f", subtotal - pointValueUsed + shippingPrice)): null

2018-09-26 13:59:11 - [TEST_STEP][PASSED] - Statement - products = new org.json.JSONArray((((((([{"productname":" + productName) + ","variation":"","quantity":") + quantity) + ","price":") + price) + "}])): null

2018-09-26 13:59:11 - [TEST_STEP][PASSED] - Statement - billingInformation = new org.json.JSONObject((({"firstname":"Test","lastname":"Automation","country":"United States (US)","address":"123 Testing","city":"New York","state":"New York","zip":"90012","email":" + username) + "})): null

2018-09-26 13:59:11 - [TEST_STEP][PASSED] - Statement - paymentMethod = "PayPal": null

2018-09-26 13:59:11 - [TEST_STEP][PASSED] - beautytap.GeneralAction.openBeautytap: beautytap.GeneralAction.openBeautytap is PASSED

2018-09-26 13:59:28 - [MESSAGE][PASSED] - Browser is opened with url: 'https://stage.beautytap.com'

2018-09-26 13:59:29 - [MESSAGE][PASSED] - Current window maximized

2018-09-26 13:59:35 - [MESSAGE][PASSED] - Refresh successfully

2018-09-26 13:59:35 - [MESSAGE][PASSED] - Wait for page load successfully

2018-09-26 13:59:35 - [MESSAGE][PASSED] - beautytap.GeneralAction.openBeautytap is PASSED

2018-09-26 13:59:35 - [TEST_STEP][PASSED] - beautytap.GeneralAction.clickNavigationMenu: beautytap.GeneralAction.clickNavigationMenu is PASSED

2018-09-26 13:59:38 - [MESSAGE][PASSED] - Object: 'Object Repository/Page_General/link_login' is clicked on

2018-09-26 13:59:38 - [MESSAGE][PASSED] - Wait for page load successfully

2018-09-26 13:59:38 - [MESSAGE][PASSED] - beautytap.GeneralAction.clickNavigationMenu is PASSED

2018-09-26 13:59:38 - [TEST_STEP][PASSED] - beautytap.GeneralAction.login: beautytap.GeneralAction.login is PASSED

2018-09-26 13:59:38 - [MESSAGE][PASSED] - Text of object 'Object Repository/Page_login/txt_username' is cleared

2018-09-26 13:59:38 - [MESSAGE][PASSED] - Keys 'trang2408@mailinator.com' sent to object: 'Object Repository/Page_login/txt_username'

2018-09-26 13:59:38 - [MESSAGE][PASSED] - Text of object 'Object Repository/Page_login/txt_password' is cleared

2018-09-26 13:59:39 - [MESSAGE][PASSED] - Keys '123456' sent to object: 'Object Repository/Page_login/txt_password'

2018-09-26 13:59:39 - [MESSAGE][PASSED] - Object: 'Object Repository/Page_login/btn_login' is clicked on

2018-09-26 13:59:39 - [MESSAGE][PASSED] - Wait for page load successfully

2018-09-26 13:59:39 - [MESSAGE][PASSED] - beautytap.GeneralAction.login is PASSED

2018-09-26 13:59:39 - [TEST_STEP][PASSED] - beautytap.GeneralAction.selectProfileMenu: beautytap.GeneralAction.selectProfileMenu is PASSED

2018-09-26 13:59:48 - [MESSAGE][PASSED] - Object: 'Object Repository/Page_General/link_avatar' is clicked on

2018-09-26 13:59:50 - [MESSAGE][PASSED] - Delayed 2 second(s)

2018-09-26 13:59:54 - [MESSAGE][PASSED] - Object: '' is clicked on

2018-09-26 13:59:54 - [MESSAGE][PASSED] - Wait for page load successfully

2018-09-26 13:59:54 - [MESSAGE][PASSED] - beautytap.GeneralAction.selectProfileMenu is PASSED

2018-09-26 13:59:54 - [TEST_STEP][PASSED] - Statement - objReward = CustomKeywords.beautytap.ShopAction.getRewardDetails(): beautytap.ShopAction.getRewardDetails is PASSED

2018-09-26 13:59:54 - [MESSAGE][PASSED] - Text of object '' is: '1.1 x Rewards Multiplier!'

2018-09-26 13:59:54 - [MESSAGE][PASSED] - Text of object '' is: '1.1 x Rewards Multiplier!'

2018-09-26 13:59:54 - [MESSAGE][PASSED] - Text of object '' is: '6125.47'

2018-09-26 13:59:54 - [MESSAGE][PASSED] - Text of object '' is: '3057.44'

2018-09-26 13:59:54 - [MESSAGE][PASSED] - Text of object '' is: '3755.47'

2018-09-26 13:59:54 - [MESSAGE][PASSED] - Text of object '' is: '$200.00'

2018-09-26 13:59:54 - [MESSAGE][PASSED] - Text of object '' is: 'Beauty Bae'

2018-09-26 13:59:54 - [MESSAGE][PASSED] - beautytap.ShopAction.getRewardDetails is PASSED

2018-09-26 13:59:54 - [TEST_STEP][PASSED] - Statement - multiplier = java.lang.Float.parseFloat(objReward.get("multiplier")): null

2018-09-26 13:59:54 - [TEST_STEP][PASSED] - Statement - currentlevel = objReward.get("currentlevel"): null

2018-09-26 13:59:54 - [TEST_STEP][PASSED] - Statement - lifetime = java.lang.Float.parseFloat(objReward.get("lifetime")): null

2018-09-26 13:59:54 - [TEST_STEP][PASSED] - Statement - pending = java.lang.Float.parseFloat(objReward.get("pending")): null

2018-09-26 13:59:54 - [TEST_STEP][PASSED] - Statement - redeemable = java.lang.Float.parseFloat(objReward.get("redeemable")): null

2018-09-26 13:59:54 - [TEST_STEP][PASSED] - Statement - pointvalue = java.lang.Float.parseFloat(objReward.get("pointvalue")): null

2018-09-26 13:59:54 - [TEST_STEP][PASSED] - Statement - rewardEarned = java.lang.Float.parseFloat(java.lang.String.format("%.2f", multiplier * subtotal - pointValueUsed)): null

2018-09-26 13:59:55 - [TEST_STEP][PASSED] - beautytap.ShopAction.globalSearch: beautytap.ShopAction.globalSearch is PASSED

2018-09-26 13:59:55 - [MESSAGE][PASSED] - Object: 'Object Repository/Page_General/icon_search' is clicked on

2018-09-26 14:00:00 - [MESSAGE][PASSED] - Delayed 5 second(s)

2018-09-26 14:00:00 - [MESSAGE][PASSED] - Text of object 'Object Repository/Page_General/txt_search' is cleared

2018-09-26 14:00:00 - [MESSAGE][PASSED] - Keys 'CONTROL + v' sent to object: 'Object Repository/Page_General/txt_search'

2018-09-26 14:00:02 - [MESSAGE][PASSED] - Object 'Object Repository/Page_General/div_searchResult' is present

2018-09-26 14:00:02 - [MESSAGE][PASSED] - beautytap.ShopAction.globalSearch is PASSED

2018-09-26 14:00:02 - [TEST_STEP][PASSED] - beautytap.ShopAction.selectProductOnSearchResult: beautytap.ShopAction.selectProductOnSearchResult is PASSED

2018-09-26 14:00:08 - [MESSAGE][PASSED] - Object: '' is clicked on

2018-09-26 14:00:08 - [MESSAGE][PASSED] - Wait for page load successfully

2018-09-26 14:00:08 - [MESSAGE][PASSED] - beautytap.ShopAction.selectProductOnSearchResult is PASSED

2018-09-26 14:00:08 - [TEST_STEP][PASSED] - beautytap.ShopAction.addProductToCart: beautytap.ShopAction.addProductToCart is PASSED

2018-09-26 14:00:08 - [MESSAGE][PASSED] - Text of object 'Object Repository/Page_Shop/txt_quantity' is cleared

2018-09-26 14:00:08 - [MESSAGE][PASSED] - Keys '3' sent to object: 'Object Repository/Page_Shop/txt_quantity'

2018-09-26 14:00:08 - [MESSAGE][PASSED] - Object: 'Object Repository/Page_Shop/btn_addToCart' is clicked on

2018-09-26 14:00:08 - [MESSAGE][PASSED] - Wait for page load successfully

2018-09-26 14:00:13 - [MESSAGE][PASSED] - Object 'Object Repository/Page_Shop/lbl_message' is present

2018-09-26 14:00:13 - [MESSAGE][PASSED] - beautytap.ShopAction.addProductToCart is PASSED

2018-09-26 14:00:13 - [TEST_STEP][PASSED] - beautytap.ShopAction.goToCart: beautytap.ShopAction.goToCart is PASSED

2018-09-26 14:00:14 - [MESSAGE][PASSED] - Object 'Object Repository/Page_General/icon_cart' is present

2018-09-26 14:00:18 - [MESSAGE][PASSED] - Object: 'Object Repository/Page_General/icon_cart' is clicked on

2018-09-26 14:00:18 - [MESSAGE][PASSED] - Wait for page load successfully

2018-09-26 14:00:18 - [MESSAGE][PASSED] - beautytap.ShopAction.goToCart is PASSED

2018-09-26 14:00:18 - [TEST_STEP][PASSED] - beautytap.ShopAction.processToCheckout: beautytap.ShopAction.processToCheckout is PASSED

2018-09-26 14:00:23 - [MESSAGE][PASSED] - Object: 'Object Repository/Page_Cart/btn_checkout' is clicked on

2018-09-26 14:00:23 - [MESSAGE][PASSED] - Wait for page load successfully

2018-09-26 14:00:23 - [MESSAGE][PASSED] - beautytap.ShopAction.processToCheckout is PASSED

2018-09-26 14:00:23 - [TEST_STEP][PASSED] - beautytap.ShopAction.applyLoyaltyRewardPoint: beautytap.ShopAction.applyLoyaltyRewardPoint is PASSED

2018-09-26 14:00:23 - [MESSAGE][PASSED] - Object: 'Object Repository/Page_Checkout/link_clickToRedeem' is clicked on

2018-09-26 14:00:23 - [MESSAGE][PASSED] - Object '' is checked

2018-09-26 14:00:23 - [MESSAGE][PASSED] - Object: 'Object Repository/Page_Checkout/btn_applyReward' is clicked on

2018-09-26 14:00:24 - [MESSAGE][PASSED] - Object '' is present

2018-09-26 14:00:24 - [MESSAGE][PASSED] - beautytap.ShopAction.applyLoyaltyRewardPoint is PASSED

2018-09-26 14:00:24 - [TEST_STEP][PASSED] - beautytap.ShopAction.fillCustomerInformation: beautytap.ShopAction.fillCustomerInformation is PASSED

2018-09-26 14:00:24 - [MESSAGE][PASSED] - Text of object 'Object Repository/Page_Checkout/txt_billingFirstName' is cleared

2018-09-26 14:00:24 - [MESSAGE][PASSED] - Keys 'Test' sent to object: 'Object Repository/Page_Checkout/txt_billingFirstName'

2018-09-26 14:00:24 - [MESSAGE][PASSED] - Text of object 'Object Repository/Page_Checkout/txt_billingLastName' is cleared

2018-09-26 14:00:25 - [MESSAGE][PASSED] - Keys 'Automation' sent to object: 'Object Repository/Page_Checkout/txt_billingLastName'

2018-09-26 14:00:25 - [MESSAGE][PASSED] - All options with label 'United States (US)' are selected in object 'Object Repository/Page_Checkout/drop_billingCountry' 

2018-09-26 14:00:30 - [MESSAGE][PASSED] - Delayed 5 second(s)

2018-09-26 14:00:30 - [MESSAGE][PASSED] - Text of object 'Object Repository/Page_Checkout/txt_billingAddress' is cleared

2018-09-26 14:00:30 - [MESSAGE][PASSED] - Keys '123 Testing' sent to object: 'Object Repository/Page_Checkout/txt_billingAddress'

2018-09-26 14:00:30 - [MESSAGE][PASSED] - Text of object 'Object Repository/Page_Checkout/txt_billingCity' is cleared

2018-09-26 14:00:31 - [MESSAGE][PASSED] - Keys 'New York' sent to object: 'Object Repository/Page_Checkout/txt_billingCity'

2018-09-26 14:00:31 - [MESSAGE][PASSED] - All options with label 'New York' are selected in object 'Object Repository/Page_Checkout/drop_billingState' 

2018-09-26 14:00:31 - [MESSAGE][PASSED] - Text of object 'Object Repository/Page_Checkout/txt_billingZip' is cleared

2018-09-26 14:00:31 - [MESSAGE][PASSED] - Keys '90012' sent to object: 'Object Repository/Page_Checkout/txt_billingZip'

2018-09-26 14:00:31 - [MESSAGE][PASSED] - Text of object 'Object Repository/Page_Checkout/txt_billingEmail' is cleared

2018-09-26 14:00:32 - [MESSAGE][PASSED] - Keys 'trang2408@mailinator.com' sent to object: 'Object Repository/Page_Checkout/txt_billingEmail'

2018-09-26 14:00:32 - [MESSAGE][PASSED] - Object 'Object Repository/Page_Checkout/chk_shipToDifferentAddress' is un-checked

2018-09-26 14:00:32 - [MESSAGE][PASSED] - Text of object 'Object Repository/Page_Checkout/txt_orderNote' is cleared

2018-09-26 14:00:33 - [MESSAGE][PASSED] - Keys 'TC08_checkout with reward' sent to object: 'Object Repository/Page_Checkout/txt_orderNote'

2018-09-26 14:00:33 - [MESSAGE][PASSED] - Object 'Object Repository/Page_Checkout/radio_creditCard' is checked

2018-09-26 14:00:38 - [MESSAGE][PASSED] - Delayed 5 second(s)

2018-09-26 14:00:38 - [MESSAGE][PASSED] - beautytap.ShopAction.fillCustomerInformation is PASSED

2018-09-26 14:00:38 - [TEST_STEP][PASSED] - beautytap.ShopAction.VerifyOrderDetailsOnCheckout: Keyword VerifyOrderDetailsOnCheckout is Passed

2018-09-26 14:00:38 - [MESSAGE][PASSED] - Object '' is present

2018-09-26 14:00:38 - [MESSAGE][PASSED] - Text of object '' is: '$95.40'

2018-09-26 14:00:38 - [MESSAGE][PASSED] - Text of object '' is: '60 points used'

2018-09-26 14:00:38 - [MESSAGE][PASSED] - Text of object '' is: '60 points used'

2018-09-26 14:00:39 - [MESSAGE][PASSED] - Text of object '' is: '$2.00'

2018-09-26 14:00:39 - [MESSAGE][PASSED] - Text of object '' is: 'Free shipping for orders over $60
Why does shipping take this long?'

2018-09-26 14:00:39 - [MESSAGE][PASSED] - Text of object '' is: '$93.40'

2018-09-26 14:00:39 - [MESSAGE][PASSED] - Keyword VerifyOrderDetailsOnCheckout is Passed

2018-09-26 14:00:39 - [TEST_STEP][PASSED] - beautytap.ShopAction.VerifyRewardEarned: Keyword VerifyRewardEarned is Passed

2018-09-26 14:00:39 - [MESSAGE][PASSED] - Text of object '' is: 'Status: Beauty Bae ( $93.4 x Rewards Multiplier )'

2018-09-26 14:00:39 - [MESSAGE][PASSED] - Text of object '' is: 'Status: Beauty Bae ( $93.4 x Rewards Multiplier )'

2018-09-26 14:00:39 - [MESSAGE][PASSED] - Text of object '' is: 'Status: Beauty Bae ( $93.4 x Rewards Multiplier )'

2018-09-26 14:00:39 - [MESSAGE][PASSED] - Text of object '' is: 'Multiplier: $93.4 x 1.1'

2018-09-26 14:00:40 - [MESSAGE][PASSED] - Text of object '' is: 'Multiplier: $93.4 x 1.1'

2018-09-26 14:00:40 - [MESSAGE][PASSED] - Text of object '' is: '102.7 Points!'

2018-09-26 14:00:40 - [MESSAGE][PASSED] - Text of object '' is: '102.7 Points!'

2018-09-26 14:00:40 - [MESSAGE][PASSED] - Text of object '' is: 'Multiplier: $93.4 x 1.1'

2018-09-26 14:00:40 - [MESSAGE][PASSED] - Text of object '' is: 'Multiplier: $93.4 x 1.1'

2018-09-26 14:00:40 - [MESSAGE][PASSED] - Text of object '' is: 'Multiplier: $93.4 x 1.1'

2018-09-26 14:00:40 - [MESSAGE][PASSED] - Keyword VerifyRewardEarned is Passed

2018-09-26 14:00:40 - [TEST_STEP][PASSED] - beautytap.ShopAction.checkoutViaPaypal: beautytap.ShopAction.checkoutViaPaypal is PASSED

2018-09-26 14:00:40 - [MESSAGE][PASSED] - Object 'Object Repository/Page_Checkout/radio_paypal' is checked

2018-09-26 14:00:45 - [MESSAGE][PASSED] - Delayed 5 second(s)

2018-09-26 14:00:46 - [MESSAGE][PASSED] - Object 'Object Repository/Page_Checkout/chk_terms' is checked

2018-09-26 14:00:46 - [MESSAGE][PASSED] - Object: 'Object Repository/Page_Checkout/btn_placeOrder' is clicked on

2018-09-26 14:00:55 - [MESSAGE][PASSED] - Object 'Object Repository/Page_Paypal/txt_email' is present

2018-09-26 14:00:55 - [MESSAGE][PASSED] - Text of object 'Object Repository/Page_Paypal/txt_email' is cleared

2018-09-26 14:00:55 - [MESSAGE][PASSED] - Keys 'g1.posiba@gmail.com' sent to object: 'Object Repository/Page_Paypal/txt_email'

2018-09-26 14:00:55 - [MESSAGE][PASSED] - Text of object 'Object Repository/Page_Paypal/txt_password' is cleared

2018-09-26 14:00:55 - [MESSAGE][PASSED] - Keys 'Tr@ng99%' sent to object: 'Object Repository/Page_Paypal/txt_password'

2018-09-26 14:01:12 - [MESSAGE][PASSED] - Object: 'Object Repository/Page_Paypal/btn_login' is clicked on

2018-09-26 14:01:15 - [MESSAGE][PASSED] - Object 'Object Repository/Page_Paypal/btn_payNow' is present

2018-09-26 14:01:20 - [MESSAGE][PASSED] - Delayed 5 second(s)

2018-09-26 14:01:20 - [MESSAGE][PASSED] - Object: 'Object Repository/Page_Paypal/btn_payNow' is clicked on

2018-09-26 14:01:41 - [MESSAGE][PASSED] - Object 'Object Repository/Page_Checkout/lbl_orderReceived' is present

2018-09-26 14:01:41 - [MESSAGE][PASSED] - beautytap.ShopAction.checkoutViaPaypal is PASSED

2018-09-26 14:01:41 - [TEST_STEP][PASSED] - beautytap.ShopAction.VerifyOrderReceivedDetails: Keyword VerifyOrderReceivedDetails is Passed

2018-09-26 14:01:41 - [MESSAGE][PASSED] - Object '' is present

2018-09-26 14:01:41 - [MESSAGE][PASSED] - Text of object '' is: '$95.40'

2018-09-26 14:01:41 - [MESSAGE][PASSED] - Text of object '' is: '60 points used'

2018-09-26 14:01:41 - [MESSAGE][PASSED] - Text of object '' is: '60 points used'

2018-09-26 14:01:41 - [MESSAGE][PASSED] - Text of object '' is: '$2.00'

2018-09-26 14:01:41 - [MESSAGE][PASSED] - Text of object '' is: 'Free shipping for orders over $60'

2018-09-26 14:01:46 - [MESSAGE][WARNING] - com.kms.katalon.core.webui.exception.WebElementNotFoundException: Web element with id: '' located by 'By.xpath: //th[text()='Shipping:']/parent::tr/td/span' not found
[[ATTACHMENT|E:\\BeautytapAutomation\\beautytapAuto\\Beautytap\\Reports\\Regression\\20180926_134816\\1537945306559.png]]

2018-09-26 14:01:46 - [MESSAGE][PASSED] - Text of object '' is: 'PayPal'

2018-09-26 14:01:46 - [MESSAGE][PASSED] - Text of object '' is: '$93.40'

2018-09-26 14:01:46 - [MESSAGE][PASSED] - Keyword VerifyOrderReceivedDetails is Passed

2018-09-26 14:01:46 - [TEST_STEP][PASSED] - Statement - orderInfo = CustomKeywords.beautytap.ShopAction.getOrderInfoOnOrderReceived(): beautytap.ShopAction.getOrderInfoOnOrderReceived is PASSED

2018-09-26 14:01:47 - [MESSAGE][PASSED] - Text of object '' is: '136915'

2018-09-26 14:01:47 - [MESSAGE][PASSED] - Text of object '' is: 'September 26, 2018'

2018-09-26 14:01:47 - [MESSAGE][PASSED] - beautytap.ShopAction.getOrderInfoOnOrderReceived is PASSED

2018-09-26 14:01:47 - [TEST_STEP][PASSED] - Statement - orderNumber = orderInfo.get("ordernumber"): null

2018-09-26 14:01:47 - [TEST_STEP][PASSED] - beautytap.ShopAction.VerifyRewardEarned: Keyword VerifyRewardEarned is Passed

2018-09-26 14:01:47 - [MESSAGE][PASSED] - Text of object '' is: 'Status: Beauty Bae ( $93.40 x Rewards Multiplier )'

2018-09-26 14:01:47 - [MESSAGE][PASSED] - Text of object '' is: 'Status: Beauty Bae ( $93.40 x Rewards Multiplier )'

2018-09-26 14:01:47 - [MESSAGE][PASSED] - Text of object '' is: 'Status: Beauty Bae ( $93.40 x Rewards Multiplier )'

2018-09-26 14:01:47 - [MESSAGE][PASSED] - Text of object '' is: 'Multiplier: $93.40 x 1.1'

2018-09-26 14:01:47 - [MESSAGE][PASSED] - Text of object '' is: 'Multiplier: $93.40 x 1.1'

2018-09-26 14:01:47 - [MESSAGE][PASSED] - Text of object '' is: '102.7 Points!'

2018-09-26 14:01:47 - [MESSAGE][PASSED] - Text of object '' is: '102.7 Points!'

2018-09-26 14:01:47 - [MESSAGE][PASSED] - Text of object '' is: 'Multiplier: $93.40 x 1.1'

2018-09-26 14:01:47 - [MESSAGE][PASSED] - Text of object '' is: 'Multiplier: $93.40 x 1.1'

2018-09-26 14:01:47 - [MESSAGE][PASSED] - Text of object '' is: 'Multiplier: $93.40 x 1.1'

2018-09-26 14:01:47 - [MESSAGE][PASSED] - Keyword VerifyRewardEarned is Passed

2018-09-26 14:01:47 - [TEST_STEP][PASSED] - beautytap.GeneralAction.selectProfileMenu: beautytap.GeneralAction.selectProfileMenu is PASSED

2018-09-26 14:01:48 - [MESSAGE][PASSED] - Object: 'Object Repository/Page_General/link_avatar' is clicked on

2018-09-26 14:01:50 - [MESSAGE][PASSED] - Delayed 2 second(s)

2018-09-26 14:01:53 - [MESSAGE][PASSED] - Object: '' is clicked on

2018-09-26 14:01:53 - [MESSAGE][PASSED] - Wait for page load successfully

2018-09-26 14:01:53 - [MESSAGE][PASSED] - beautytap.GeneralAction.selectProfileMenu is PASSED

2018-09-26 14:01:53 - [TEST_STEP][PASSED] - Statement - newPending = java.lang.Float.parseFloat(java.lang.String.format("%.2f", pending + rewardEarned)): null

2018-09-26 14:01:53 - [TEST_STEP][PASSED] - Statement - newRedeemable = java.lang.Float.parseFloat(java.lang.String.format("%.2f", redeemable - pointUsed)): null

2018-09-26 14:01:53 - [TEST_STEP][PASSED] - Statement - newPointValue = CustomKeywords.beautytap.ShopAction.calculateLoyaltyPointValue(newRedeemable): beautytap.ShopAction.calculateLoyaltyPointValue is PASSED

2018-09-26 14:01:53 - [MESSAGE][PASSED] - beautytap.ShopAction.calculateLoyaltyPointValue is PASSED

2018-09-26 14:01:53 - [TEST_STEP][PASSED] - beautytap.ShopAction.VerifyRewardPointsDetails: Keyword VerifyRewardPoints is Passed

2018-09-26 14:01:53 - [MESSAGE][PASSED] - Text of object '' is: '6125.47'

2018-09-26 14:01:53 - [MESSAGE][PASSED] - Text of object '' is: '3160.18'

2018-09-26 14:01:53 - [MESSAGE][PASSED] - Text of object '' is: '3695.47'

2018-09-26 14:01:54 - [MESSAGE][PASSED] - Text of object '' is: '$190.00'

2018-09-26 14:01:54 - [MESSAGE][PASSED] - Keyword VerifyRewardPoints is Passed

2018-09-26 14:01:54 - [TEST_STEP][PASSED] - beautytap.ShopAction.VerifyRewardHistory: Keyword VerifyRewardHistory is Passed

2018-09-26 14:01:54 - [MESSAGE][PASSED] - Object '' is present

2018-09-26 14:01:54 - [MESSAGE][PASSED] - Text of object '' is: '60'

2018-09-26 14:01:54 - [MESSAGE][PASSED] - Text of object '' is: '60'

2018-09-26 14:01:54 - [MESSAGE][PASSED] - Text of object '' is: '$93.40'

2018-09-26 14:01:54 - [MESSAGE][PASSED] - Text of object '' is: '1.1'

2018-09-26 14:01:54 - [MESSAGE][PASSED] - Text of object '' is: '-60.00'

2018-09-26 14:01:54 - [MESSAGE][PASSED] - Text of object '' is: '3695.47'

2018-09-26 14:01:54 - [MESSAGE][PASSED] - Keyword VerifyRewardHistory is Passed

2018-09-26 14:01:54 - [TEST_STEP][PASSED] - beautytap.ShopAction.VerifyRewardHistory: Keyword VerifyRewardHistory is Passed

2018-09-26 14:01:54 - [MESSAGE][PASSED] - Object '' is present

2018-09-26 14:01:54 - [MESSAGE][PASSED] - Text of object '' is: '60'

2018-09-26 14:01:54 - [MESSAGE][PASSED] - Text of object '' is: '60'

2018-09-26 14:01:54 - [MESSAGE][PASSED] - Text of object '' is: '$93.40'

2018-09-26 14:01:55 - [MESSAGE][PASSED] - Text of object '' is: '1.1'

2018-09-26 14:01:55 - [MESSAGE][PASSED] - Text of object '' is: '0.00'

2018-09-26 14:01:55 - [MESSAGE][PASSED] - Text of object '' is: '3695.47'

2018-09-26 14:01:55 - [MESSAGE][PASSED] - Keyword VerifyRewardHistory is Passed

2018-09-26 14:01:55 - [TEST_STEP][PASSED] - beautytap.GeneralAction.logout: beautytap.GeneralAction.logout is PASSED

2018-09-26 14:01:55 - [MESSAGE][PASSED] - Object: 'Object Repository/Page_General/link_avatar' is clicked on

2018-09-26 14:01:55 - [MESSAGE][PASSED] - Object 'Object Repository/Page_General/menu_logout' is present

2018-09-26 14:01:56 - [MESSAGE][PASSED] - Object: 'Object Repository/Page_General/menu_logout' is clicked on

2018-09-26 14:01:56 - [MESSAGE][PASSED] - Wait for page load successfully

2018-09-26 14:01:56 - [MESSAGE][PASSED] - beautytap.GeneralAction.logout is PASSED

2018-09-26 14:01:56 - [TEST_STEP][PASSED] - beautytap.GeneralAction.clickNavigationMenu: beautytap.GeneralAction.clickNavigationMenu is PASSED

2018-09-26 14:02:09 - [MESSAGE][PASSED] - Object: 'Object Repository/Page_General/link_login' is clicked on

2018-09-26 14:02:09 - [MESSAGE][PASSED] - Wait for page load successfully

2018-09-26 14:02:09 - [MESSAGE][PASSED] - beautytap.GeneralAction.clickNavigationMenu is PASSED

2018-09-26 14:02:09 - [TEST_STEP][PASSED] - beautytap.GeneralAction.login: beautytap.GeneralAction.login is PASSED

2018-09-26 14:02:09 - [MESSAGE][PASSED] - Text of object 'Object Repository/Page_login/txt_username' is cleared

2018-09-26 14:02:09 - [MESSAGE][PASSED] - Keys 'mrwhite' sent to object: 'Object Repository/Page_login/txt_username'

2018-09-26 14:02:10 - [MESSAGE][PASSED] - Text of object 'Object Repository/Page_login/txt_password' is cleared

2018-09-26 14:02:10 - [MESSAGE][PASSED] - Keys 'kgySM$Im' sent to object: 'Object Repository/Page_login/txt_password'

2018-09-26 14:02:10 - [MESSAGE][PASSED] - Object: 'Object Repository/Page_login/btn_login' is clicked on

2018-09-26 14:02:10 - [MESSAGE][PASSED] - Wait for page load successfully

2018-09-26 14:02:10 - [MESSAGE][PASSED] - beautytap.GeneralAction.login is PASSED

2018-09-26 14:02:10 - [TEST_STEP][PASSED] - navigateToUrl: Navigate to 'https://stage.beautytap.com/admin' successfully

2018-09-26 14:02:17 - [MESSAGE][PASSED] - Navigate to 'https://stage.beautytap.com/admin' successfully

2018-09-26 14:02:17 - [TEST_STEP][PASSED] - beautytap.AdminAction.changeOrderStatus: beautytap.AdminAction.changeOrderStatus is PASSED

2018-09-26 14:02:26 - [MESSAGE][PASSED] - Object: '' is clicked on

2018-09-26 14:02:26 - [MESSAGE][PASSED] - Wait for page load successfully

2018-09-26 14:02:32 - [MESSAGE][PASSED] - Object: '' is clicked on

2018-09-26 14:02:32 - [MESSAGE][PASSED] - Wait for page load successfully

2018-09-26 14:02:32 - [MESSAGE][PASSED] - Text of object 'Object Repository/Page_Admin/txt_searchOrder' is cleared

2018-09-26 14:02:32 - [MESSAGE][PASSED] - Keys '136915' sent to object: 'Object Repository/Page_Admin/txt_searchOrder'

2018-09-26 14:02:36 - [MESSAGE][PASSED] - Object: 'Object Repository/Page_Admin/btn_searchOrder' is clicked on

2018-09-26 14:02:36 - [MESSAGE][PASSED] - Wait for page load successfully

2018-09-26 14:02:44 - [MESSAGE][PASSED] - Object: '' is clicked on

2018-09-26 14:02:44 - [MESSAGE][PASSED] - Wait for page load successfully

2018-09-26 14:02:45 - [MESSAGE][PASSED] - All options with label 'Completed' are selected in object 'Object Repository/Page_Admin/drop_orderStatus' 

2018-09-26 14:02:45 - [MESSAGE][PASSED] - Object: 'Object Repository/Page_Admin/btn_saveOrder' is clicked on

2018-09-26 14:02:56 - [MESSAGE][PASSED] - Object 'Object Repository/Page_Admin/lbl_orderUpdatedMessage' is present

2018-09-26 14:02:56 - [MESSAGE][PASSED] - beautytap.AdminAction.changeOrderStatus is PASSED

2018-09-26 14:02:56 - [TEST_STEP][PASSED] - closeBrowser: Browser is closed

2018-09-26 14:02:57 - [MESSAGE][PASSED] - Browser is closed

2018-09-26 14:02:57 - [TEST_STEP][PASSED] - beautytap.GeneralAction.openBeautytap: beautytap.GeneralAction.openBeautytap is PASSED

2018-09-26 14:03:18 - [MESSAGE][PASSED] - Browser is opened with url: 'https://stage.beautytap.com'

2018-09-26 14:03:19 - [MESSAGE][PASSED] - Current window maximized

2018-09-26 14:03:24 - [MESSAGE][PASSED] - Refresh successfully

2018-09-26 14:03:24 - [MESSAGE][PASSED] - Wait for page load successfully

2018-09-26 14:03:24 - [MESSAGE][PASSED] - beautytap.GeneralAction.openBeautytap is PASSED

2018-09-26 14:03:24 - [TEST_STEP][PASSED] - beautytap.GeneralAction.clickNavigationMenu: beautytap.GeneralAction.clickNavigationMenu is PASSED

2018-09-26 14:03:26 - [MESSAGE][PASSED] - Object: 'Object Repository/Page_General/link_login' is clicked on

2018-09-26 14:03:26 - [MESSAGE][PASSED] - Wait for page load successfully

2018-09-26 14:03:26 - [MESSAGE][PASSED] - beautytap.GeneralAction.clickNavigationMenu is PASSED

2018-09-26 14:03:26 - [TEST_STEP][PASSED] - beautytap.GeneralAction.login: beautytap.GeneralAction.login is PASSED

2018-09-26 14:03:26 - [MESSAGE][PASSED] - Text of object 'Object Repository/Page_login/txt_username' is cleared

2018-09-26 14:03:26 - [MESSAGE][PASSED] - Keys 'trang2408@mailinator.com' sent to object: 'Object Repository/Page_login/txt_username'

2018-09-26 14:03:26 - [MESSAGE][PASSED] - Text of object 'Object Repository/Page_login/txt_password' is cleared

2018-09-26 14:03:27 - [MESSAGE][PASSED] - Keys '123456' sent to object: 'Object Repository/Page_login/txt_password'

2018-09-26 14:03:27 - [MESSAGE][PASSED] - Object: 'Object Repository/Page_login/btn_login' is clicked on

2018-09-26 14:03:27 - [MESSAGE][PASSED] - Wait for page load successfully

2018-09-26 14:03:27 - [MESSAGE][PASSED] - beautytap.GeneralAction.login is PASSED

2018-09-26 14:03:27 - [TEST_STEP][PASSED] - beautytap.GeneralAction.selectProfileMenu: beautytap.GeneralAction.selectProfileMenu is PASSED

2018-09-26 14:03:36 - [MESSAGE][PASSED] - Object: 'Object Repository/Page_General/link_avatar' is clicked on

2018-09-26 14:03:38 - [MESSAGE][PASSED] - Delayed 2 second(s)

2018-09-26 14:03:41 - [MESSAGE][PASSED] - Object: '' is clicked on

2018-09-26 14:03:41 - [MESSAGE][PASSED] - Wait for page load successfully

2018-09-26 14:03:41 - [MESSAGE][PASSED] - beautytap.GeneralAction.selectProfileMenu is PASSED

2018-09-26 14:03:41 - [TEST_STEP][PASSED] - Statement - newLifetime = java.lang.Float.parseFloat(java.lang.String.format("%.2f", lifetime + rewardEarned)): null

2018-09-26 14:03:41 - [TEST_STEP][PASSED] - Statement - newRedeemable = java.lang.Float.parseFloat(java.lang.String.format("%.2f", newRedeemable + rewardEarned)): null

2018-09-26 14:03:41 - [TEST_STEP][PASSED] - Statement - newPointValue = CustomKeywords.beautytap.ShopAction.calculateLoyaltyPointValue(newRedeemable): beautytap.ShopAction.calculateLoyaltyPointValue is PASSED

2018-09-26 14:03:41 - [MESSAGE][PASSED] - beautytap.ShopAction.calculateLoyaltyPointValue is PASSED

2018-09-26 14:03:41 - [TEST_STEP][PASSED] - beautytap.ShopAction.VerifyRewardPointsDetails: Keyword VerifyRewardPoints is Passed

2018-09-26 14:03:41 - [MESSAGE][PASSED] - Text of object '' is: '6228.21'

2018-09-26 14:03:41 - [MESSAGE][PASSED] - Text of object '' is: '3057.44'

2018-09-26 14:03:41 - [MESSAGE][PASSED] - Text of object '' is: '3798.21'

2018-09-26 14:03:41 - [MESSAGE][PASSED] - Text of object '' is: '$200.00'

2018-09-26 14:03:41 - [MESSAGE][PASSED] - Keyword VerifyRewardPoints is Passed

2018-09-26 14:03:41 - [TEST_STEP][PASSED] - beautytap.ShopAction.VerifyRewardHistory: Keyword VerifyRewardHistory is Passed

2018-09-26 14:03:42 - [MESSAGE][PASSED] - Object '' is present

2018-09-26 14:03:42 - [MESSAGE][PASSED] - Text of object '' is: '60'

2018-09-26 14:03:42 - [MESSAGE][PASSED] - Text of object '' is: '60'

2018-09-26 14:03:42 - [MESSAGE][PASSED] - Text of object '' is: '$93.40'

2018-09-26 14:03:42 - [MESSAGE][PASSED] - Text of object '' is: '1.1'

2018-09-26 14:03:42 - [MESSAGE][PASSED] - Text of object '' is: '102.74'

2018-09-26 14:03:42 - [MESSAGE][PASSED] - Text of object '' is: '3798.21'

2018-09-26 14:03:42 - [MESSAGE][PASSED] - Keyword VerifyRewardHistory is Passed

2018-09-26 14:03:42 - [TEST_STEP][PASSED] - beautytap.GeneralAction.logout: beautytap.GeneralAction.logout is PASSED

2018-09-26 14:03:42 - [MESSAGE][PASSED] - Object: 'Object Repository/Page_General/link_avatar' is clicked on

2018-09-26 14:03:42 - [MESSAGE][PASSED] - Object 'Object Repository/Page_General/menu_logout' is present

2018-09-26 14:03:43 - [MESSAGE][PASSED] - Object: 'Object Repository/Page_General/menu_logout' is clicked on

2018-09-26 14:03:43 - [MESSAGE][PASSED] - Wait for page load successfully

2018-09-26 14:03:44 - [MESSAGE][PASSED] - Browser is closed

2018-09-26 14:03:44 - [MESSAGE][PASSED] - beautytap.GeneralAction.logout is PASSED]]></system-out>
         <system-err><![CDATA[]]></system-err>
      </testcase>
      <testcase name="Test Cases/Shop/TC03_Search_SimpleProduct_Sale_Creditcard_LessThan60_Normal" classname="Test Cases/Shop/TC03_Search_SimpleProduct_Sale_Creditcard_LessThan60_Normal" status="FAILED">
         <failure type="FAILED" message="Unable to click on object '' (Root cause: org.openqa.selenium.StaleElementReferenceException: stale element reference: element is not attached to the page document
  (Session info: chrome=69.0.3497.100)
  (Driver info: chromedriver=2.35.528161 (5b82f2d2aae0ca24b877009200ced9065a772e73),platform=Windows NT 10.0.17134 x86_64) (WARNING: The server did not provide any stacktrace information)
Command duration or timeout: 0 milliseconds
For documentation on this error, please visit: http://seleniumhq.org/exceptions/stale_element_reference.html
Build info: version: '3.7.1', revision: '8a0099a', time: '2017-11-06T21:07:36.161Z'
System info: host: 'DESKTOP-G1UHP65', ip: '10.0.0.132', os.name: 'Windows 10', os.arch: 'amd64', os.version: '10.0', java.version: '1.8.0_102'
Driver info: com.kms.katalon.selenium.driver.CChromeDriver
Capabilities {acceptInsecureCerts: false, acceptSslCerts: false, applicationCacheEnabled: false, browserConnectionEnabled: false, browserName: chrome, chrome: {chromedriverVersion: 2.35.528161 (5b82f2d2aae0ca..., userDataDir: C:\Users\TRANGN~1\AppData\L...}, cssSelectorsEnabled: true, databaseEnabled: false, handlesAlerts: true, hasTouchScreen: false, javascriptEnabled: true, locationContextEnabled: true, mobileEmulationEnabled: false, nativeEvents: true, networkConnectionEnabled: false, pageLoadStrategy: normal, platform: XP, platformName: XP, rotatable: false, setWindowRect: true, takesHeapSnapshot: true, takesScreenshot: true, unexpectedAlertBehaviour: , unhandledPromptBehavior: , version: 69.0.3497.100, webStorageEnabled: true}
Session ID: f29e2ffdf7a0f2ca0f46da47a74a1cb7)"/>
         <system-out><![CDATA[2018-09-26 14:03:46 - [TEST_CASE][FAILED] - Test Cases/Shop/TC03_Search_SimpleProduct_Sale_Creditcard_LessThan60_Normal: Test Cases/Shop/TC03_Search_SimpleProduct_Sale_Creditcard_LessThan60_Normal FAILED because (of) Unable to click on object '' (Root cause: org.openqa.selenium.StaleElementReferenceException: stale element reference: element is not attached to the page document
  (Session info: chrome=69.0.3497.100)
  (Driver info: chromedriver=2.35.528161 (5b82f2d2aae0ca24b877009200ced9065a772e73),platform=Windows NT 10.0.17134 x86_64) (WARNING: The server did not provide any stacktrace information)
Command duration or timeout: 0 milliseconds
For documentation on this error, please visit: http://seleniumhq.org/exceptions/stale_element_reference.html
Build info: version: '3.7.1', revision: '8a0099a', time: '2017-11-06T21:07:36.161Z'
System info: host: 'DESKTOP-G1UHP65', ip: '10.0.0.132', os.name: 'Windows 10', os.arch: 'amd64', os.version: '10.0', java.version: '1.8.0_102'
Driver info: com.kms.katalon.selenium.driver.CChromeDriver
Capabilities {acceptInsecureCerts: false, acceptSslCerts: false, applicationCacheEnabled: false, browserConnectionEnabled: false, browserName: chrome, chrome: {chromedriverVersion: 2.35.528161 (5b82f2d2aae0ca..., userDataDir: C:\Users\TRANGN~1\AppData\L...}, cssSelectorsEnabled: true, databaseEnabled: false, handlesAlerts: true, hasTouchScreen: false, javascriptEnabled: true, locationContextEnabled: true, mobileEmulationEnabled: false, nativeEvents: true, networkConnectionEnabled: false, pageLoadStrategy: normal, platform: XP, platformName: XP, rotatable: false, setWindowRect: true, takesHeapSnapshot: true, takesScreenshot: true, unexpectedAlertBehaviour: , unhandledPromptBehavior: , version: 69.0.3497.100, webStorageEnabled: true}
Session ID: f29e2ffdf7a0f2ca0f46da47a74a1cb7)

2018-09-26 14:03:46 - [TEST_STEP][PASSED] - Statement - productName = SIMPLE_SALE_PRODUCT: null

2018-09-26 14:03:46 - [TEST_STEP][PASSED] - Statement - searchName = productName.substring(0, productName.indexOf("/")): null

2018-09-26 14:03:46 - [TEST_STEP][PASSED] - Statement - saleprice = SIMPLE_SALE_PRICE: null

2018-09-26 14:03:46 - [TEST_STEP][PASSED] - Statement - regularprice = SIMPLE_SALE_REGULAR_PRICE: null

2018-09-26 14:03:46 - [TEST_STEP][PASSED] - Statement - r_string = new java.lang.Math().random().toString().substring(2, 8): null

2018-09-26 14:03:46 - [TEST_STEP][PASSED] - Statement - email = "auto" + r_string + "@mailinator.com": null

2018-09-26 14:03:46 - [TEST_STEP][PASSED] - Statement - orderNote = "auto" + r_string + "Order": null

2018-09-26 14:03:46 - [TEST_STEP][PASSED] - Statement - currentNumberItemInCart = <not implemented yet for class: org.codehaus.groovy.ast.expr.EmptyExpression>: null

2018-09-26 14:03:46 - [TEST_STEP][PASSED] - Statement - quantity = 1: null

2018-09-26 14:03:46 - [TEST_STEP][PASSED] - Statement - subtotal = CustomKeywords.beautytap.ShopAction.calculateTotal(quantity, saleprice): beautytap.ShopAction.calculateTotal is PASSED

2018-09-26 14:03:46 - [MESSAGE][PASSED] - beautytap.ShopAction.calculateTotal is PASSED

2018-09-26 14:03:46 - [TEST_STEP][PASSED] - Statement - total = subtotal + SHIPPING_PRICE: null

2018-09-26 14:03:46 - [TEST_STEP][PASSED] - Statement - total = CustomKeywords.beautytap.ShopAction.calculateTotal(1, total): beautytap.ShopAction.calculateTotal is PASSED

2018-09-26 14:03:46 - [MESSAGE][PASSED] - beautytap.ShopAction.calculateTotal is PASSED

2018-09-26 14:03:46 - [TEST_STEP][PASSED] - Statement - products = new org.json.JSONArray((((((([{"productname":" + productName) + ","variation":"","quantity":") + quantity) + ","price":") + saleprice) + "}])): null

2018-09-26 14:03:46 - [TEST_STEP][PASSED] - Statement - billingInformation = new org.json.JSONObject((({"firstname":"Test","lastname":"Automation","country":"United States (US)","address":"123 Testing","city":"New York","state":"New York","zip":"90012","email":" + email) + "})): null

2018-09-26 14:03:46 - [TEST_STEP][PASSED] - Statement - shippingLabel = SHIPPING_LABEL: null

2018-09-26 14:03:46 - [TEST_STEP][PASSED] - Statement - shippingPrice = SHIPPING_PRICE: null

2018-09-26 14:03:46 - [TEST_STEP][PASSED] - Statement - shippingType = "normal": null

2018-09-26 14:03:46 - [TEST_STEP][PASSED] - Statement - paymentMethod = "Credit Card Payment": null

2018-09-26 14:03:46 - [TEST_STEP][PASSED] - beautytap.GeneralAction.openBeautytap: beautytap.GeneralAction.openBeautytap is PASSED

2018-09-26 14:04:13 - [MESSAGE][PASSED] - Browser is opened with url: 'https://stage.beautytap.com'

2018-09-26 14:04:15 - [MESSAGE][PASSED] - Current window maximized

2018-09-26 14:04:20 - [MESSAGE][PASSED] - Refresh successfully

2018-09-26 14:04:20 - [MESSAGE][PASSED] - Wait for page load successfully

2018-09-26 14:04:20 - [MESSAGE][PASSED] - beautytap.GeneralAction.openBeautytap is PASSED

2018-09-26 14:04:20 - [TEST_STEP][PASSED] - beautytap.ShopAction.globalSearch: beautytap.ShopAction.globalSearch is PASSED

2018-09-26 14:04:21 - [MESSAGE][PASSED] - Object: 'Object Repository/Page_General/icon_search' is clicked on

2018-09-26 14:04:26 - [MESSAGE][PASSED] - Delayed 5 second(s)

2018-09-26 14:04:26 - [MESSAGE][PASSED] - Text of object 'Object Repository/Page_General/txt_search' is cleared

2018-09-26 14:04:26 - [MESSAGE][PASSED] - Keys 'CONTROL + v' sent to object: 'Object Repository/Page_General/txt_search'

2018-09-26 14:04:28 - [MESSAGE][PASSED] - Object 'Object Repository/Page_General/div_searchResult' is present

2018-09-26 14:04:28 - [MESSAGE][PASSED] - beautytap.ShopAction.globalSearch is PASSED

2018-09-26 14:04:28 - [TEST_STEP][PASSED] - beautytap.ShopAction.VerifyProductOnSearchResult: Keyword VerifyProductOnSearchResult is Passed

2018-09-26 14:04:28 - [MESSAGE][PASSED] - Object '' is present

2018-09-26 14:04:28 - [MESSAGE][PASSED] - Text of object '' is: '$12.50'

2018-09-26 14:04:29 - [MESSAGE][PASSED] - Get CSS 'color' value on '' successfully: 'rgba(195, 195, 195, 1)'.

2018-09-26 14:04:29 - [MESSAGE][PASSED] - Get CSS 'color' value on '' successfully: 'rgba(195, 195, 195, 1)'.

2018-09-26 14:04:29 - [MESSAGE][PASSED] - Text of object '' is: '$11.99'

2018-09-26 14:04:29 - [MESSAGE][PASSED] - Get CSS 'color' value on '' successfully: 'rgba(255, 35, 134, 1)'.

2018-09-26 14:04:29 - [MESSAGE][PASSED] - Get CSS 'color' value on '' successfully: 'rgba(255, 35, 134, 1)'.

2018-09-26 14:04:29 - [MESSAGE][PASSED] - Keyword VerifyProductOnSearchResult is Passed

2018-09-26 14:04:29 - [TEST_STEP][FAILED] - beautytap.ShopAction.selectProductOnSearchResult: Unable to click on object '' (Root cause: org.openqa.selenium.StaleElementReferenceException: stale element reference: element is not attached to the page document
  (Session info: chrome=69.0.3497.100)
  (Driver info: chromedriver=2.35.528161 (5b82f2d2aae0ca24b877009200ced9065a772e73),platform=Windows NT 10.0.17134 x86_64) (WARNING: The server did not provide any stacktrace information)
Command duration or timeout: 0 milliseconds
For documentation on this error, please visit: http://seleniumhq.org/exceptions/stale_element_reference.html
Build info: version: '3.7.1', revision: '8a0099a', time: '2017-11-06T21:07:36.161Z'
System info: host: 'DESKTOP-G1UHP65', ip: '10.0.0.132', os.name: 'Windows 10', os.arch: 'amd64', os.version: '10.0', java.version: '1.8.0_102'
Driver info: com.kms.katalon.selenium.driver.CChromeDriver
Capabilities {acceptInsecureCerts: false, acceptSslCerts: false, applicationCacheEnabled: false, browserConnectionEnabled: false, browserName: chrome, chrome: {chromedriverVersion: 2.35.528161 (5b82f2d2aae0ca..., userDataDir: C:\Users\TRANGN~1\AppData\L...}, cssSelectorsEnabled: true, databaseEnabled: false, handlesAlerts: true, hasTouchScreen: false, javascriptEnabled: true, locationContextEnabled: true, mobileEmulationEnabled: false, nativeEvents: true, networkConnectionEnabled: false, pageLoadStrategy: normal, platform: XP, platformName: XP, rotatable: false, setWindowRect: true, takesHeapSnapshot: true, takesScreenshot: true, unexpectedAlertBehaviour: , unhandledPromptBehavior: , version: 69.0.3497.100, webStorageEnabled: true}
Session ID: f29e2ffdf7a0f2ca0f46da47a74a1cb7)

2018-09-26 14:04:29 - [MESSAGE][FAILED] - Unable to click on object '' (Root cause: org.openqa.selenium.StaleElementReferenceException: stale element reference: element is not attached to the page document
  (Session info: chrome=69.0.3497.100)
  (Driver info: chromedriver=2.35.528161 (5b82f2d2aae0ca24b877009200ced9065a772e73),platform=Windows NT 10.0.17134 x86_64) (WARNING: The server did not provide any stacktrace information)
Command duration or timeout: 0 milliseconds
For documentation on this error, please visit: http://seleniumhq.org/exceptions/stale_element_reference.html
Build info: version: '3.7.1', revision: '8a0099a', time: '2017-11-06T21:07:36.161Z'
System info: host: 'DESKTOP-G1UHP65', ip: '10.0.0.132', os.name: 'Windows 10', os.arch: 'amd64', os.version: '10.0', java.version: '1.8.0_102'
Driver info: com.kms.katalon.selenium.driver.CChromeDriver
Capabilities {acceptInsecureCerts: false, acceptSslCerts: false, applicationCacheEnabled: false, browserConnectionEnabled: false, browserName: chrome, chrome: {chromedriverVersion: 2.35.528161 (5b82f2d2aae0ca..., userDataDir: C:\Users\TRANGN~1\AppData\L...}, cssSelectorsEnabled: true, databaseEnabled: false, handlesAlerts: true, hasTouchScreen: false, javascriptEnabled: true, locationContextEnabled: true, mobileEmulationEnabled: false, nativeEvents: true, networkConnectionEnabled: false, pageLoadStrategy: normal, platform: XP, platformName: XP, rotatable: false, setWindowRect: true, takesHeapSnapshot: true, takesScreenshot: true, unexpectedAlertBehaviour: , unhandledPromptBehavior: , version: 69.0.3497.100, webStorageEnabled: true}
Session ID: f29e2ffdf7a0f2ca0f46da47a74a1cb7)
[[ATTACHMENT|E:\\BeautytapAutomation\\beautytapAuto\\Beautytap\\Reports\\Regression\\20180926_134816\\1537945469600.png]]

2018-09-26 14:04:29 - [MESSAGE][FAILED] - Unable to click on object '' (Root cause: org.openqa.selenium.StaleElementReferenceException: stale element reference: element is not attached to the page document
  (Session info: chrome=69.0.3497.100)
  (Driver info: chromedriver=2.35.528161 (5b82f2d2aae0ca24b877009200ced9065a772e73),platform=Windows NT 10.0.17134 x86_64) (WARNING: The server did not provide any stacktrace information)
Command duration or timeout: 0 milliseconds
For documentation on this error, please visit: http://seleniumhq.org/exceptions/stale_element_reference.html
Build info: version: '3.7.1', revision: '8a0099a', time: '2017-11-06T21:07:36.161Z'
System info: host: 'DESKTOP-G1UHP65', ip: '10.0.0.132', os.name: 'Windows 10', os.arch: 'amd64', os.version: '10.0', java.version: '1.8.0_102'
Driver info: com.kms.katalon.selenium.driver.CChromeDriver
Capabilities {acceptInsecureCerts: false, acceptSslCerts: false, applicationCacheEnabled: false, browserConnectionEnabled: false, browserName: chrome, chrome: {chromedriverVersion: 2.35.528161 (5b82f2d2aae0ca..., userDataDir: C:\Users\TRANGN~1\AppData\L...}, cssSelectorsEnabled: true, databaseEnabled: false, handlesAlerts: true, hasTouchScreen: false, javascriptEnabled: true, locationContextEnabled: true, mobileEmulationEnabled: false, nativeEvents: true, networkConnectionEnabled: false, pageLoadStrategy: normal, platform: XP, platformName: XP, rotatable: false, setWindowRect: true, takesHeapSnapshot: true, takesScreenshot: true, unexpectedAlertBehaviour: , unhandledPromptBehavior: , version: 69.0.3497.100, webStorageEnabled: true}
Session ID: f29e2ffdf7a0f2ca0f46da47a74a1cb7)]]></system-out>
         <system-err><![CDATA[2018-09-26 14:03:46 - [TEST_CASE][FAILED] - Test Cases/Shop/TC03_Search_SimpleProduct_Sale_Creditcard_LessThan60_Normal: Test Cases/Shop/TC03_Search_SimpleProduct_Sale_Creditcard_LessThan60_Normal FAILED because (of) Unable to click on object '' (Root cause: org.openqa.selenium.StaleElementReferenceException: stale element reference: element is not attached to the page document
  (Session info: chrome=69.0.3497.100)
  (Driver info: chromedriver=2.35.528161 (5b82f2d2aae0ca24b877009200ced9065a772e73),platform=Windows NT 10.0.17134 x86_64) (WARNING: The server did not provide any stacktrace information)
Command duration or timeout: 0 milliseconds
For documentation on this error, please visit: http://seleniumhq.org/exceptions/stale_element_reference.html
Build info: version: '3.7.1', revision: '8a0099a', time: '2017-11-06T21:07:36.161Z'
System info: host: 'DESKTOP-G1UHP65', ip: '10.0.0.132', os.name: 'Windows 10', os.arch: 'amd64', os.version: '10.0', java.version: '1.8.0_102'
Driver info: com.kms.katalon.selenium.driver.CChromeDriver
Capabilities {acceptInsecureCerts: false, acceptSslCerts: false, applicationCacheEnabled: false, browserConnectionEnabled: false, browserName: chrome, chrome: {chromedriverVersion: 2.35.528161 (5b82f2d2aae0ca..., userDataDir: C:\Users\TRANGN~1\AppData\L...}, cssSelectorsEnabled: true, databaseEnabled: false, handlesAlerts: true, hasTouchScreen: false, javascriptEnabled: true, locationContextEnabled: true, mobileEmulationEnabled: false, nativeEvents: true, networkConnectionEnabled: false, pageLoadStrategy: normal, platform: XP, platformName: XP, rotatable: false, setWindowRect: true, takesHeapSnapshot: true, takesScreenshot: true, unexpectedAlertBehaviour: , unhandledPromptBehavior: , version: 69.0.3497.100, webStorageEnabled: true}
Session ID: f29e2ffdf7a0f2ca0f46da47a74a1cb7)]]></system-err>
      </testcase>
      <testcase name="Test Cases/Shop/TC04_Search_VariationProduct_NotSale_AmazonPay_GreaterThan200" classname="Test Cases/Shop/TC04_Search_VariationProduct_NotSale_AmazonPay_GreaterThan200" status="FAILED">
         <failure type="FAILED" message="Unable to get attribute 'value' of object '' (Root cause: com.kms.katalon.core.webui.exception.WebElementNotFoundException: Web element with id: '' located by 'By.xpath: //a[text()='MeloMELI Unicorn Heart Lake Cushion  2 Choices  Vanilla Beige']/ancestor::tr/td[5]/div/input||//a[text()='MeloMELI Unicorn Heart Lake Cushion  2 Choices  Vanilla Beige']/ancestor::tr/td[5]' not found)"/>
         <system-out><![CDATA[2018-09-26 14:04:32 - [TEST_CASE][FAILED] - Test Cases/Shop/TC04_Search_VariationProduct_NotSale_AmazonPay_GreaterThan200: Test Cases/Shop/TC04_Search_VariationProduct_NotSale_AmazonPay_GreaterThan200 FAILED because (of) Unable to get attribute 'value' of object '' (Root cause: com.kms.katalon.core.webui.exception.WebElementNotFoundException: Web element with id: '' located by 'By.xpath: //a[text()='MeloMELI Unicorn Heart Lake Cushion  2 Choices  Vanilla Beige']/ancestor::tr/td[5]/div/input||//a[text()='MeloMELI Unicorn Heart Lake Cushion  2 Choices  Vanilla Beige']/ancestor::tr/td[5]' not found)

2018-09-26 14:04:32 - [TEST_STEP][PASSED] - Statement - productName = VARIATION_PRODUCT: null

2018-09-26 14:04:32 - [TEST_STEP][PASSED] - Statement - price = VARIATION_PRICE1: null

2018-09-26 14:04:32 - [TEST_STEP][PASSED] - Statement - variation = VARIATION_NAME1: null

2018-09-26 14:04:32 - [TEST_STEP][PASSED] - Statement - r_string = new java.lang.Math().random().toString().substring(2, 8): null

2018-09-26 14:04:32 - [TEST_STEP][PASSED] - Statement - email = "auto" + r_string + "@mailinator.com": null

2018-09-26 14:04:32 - [TEST_STEP][PASSED] - Statement - orderNote = "auto" + r_string + "Order": null

2018-09-26 14:04:32 - [TEST_STEP][PASSED] - Statement - currentNumberItemInCart = <not implemented yet for class: org.codehaus.groovy.ast.expr.EmptyExpression>: null

2018-09-26 14:04:32 - [TEST_STEP][PASSED] - Statement - quantity = 8: null

2018-09-26 14:04:32 - [TEST_STEP][PASSED] - Statement - subtotal = CustomKeywords.beautytap.ShopAction.calculateTotal(quantity, price): beautytap.ShopAction.calculateTotal is PASSED

2018-09-26 14:04:32 - [MESSAGE][PASSED] - beautytap.ShopAction.calculateTotal is PASSED

2018-09-26 14:04:32 - [TEST_STEP][PASSED] - Statement - total = subtotal: null

2018-09-26 14:04:32 - [TEST_STEP][PASSED] - Statement - total = CustomKeywords.beautytap.ShopAction.calculateTotal(1, total): beautytap.ShopAction.calculateTotal is PASSED

2018-09-26 14:04:32 - [MESSAGE][PASSED] - beautytap.ShopAction.calculateTotal is PASSED

2018-09-26 14:04:32 - [TEST_STEP][PASSED] - Statement - products = new org.json.JSONArray((((((((([{"productname":" + productName) + ","variation":") + variation) + ","quantity":") + quantity) + ","price":") + price) + "}])): null

2018-09-26 14:04:32 - [TEST_STEP][PASSED] - Statement - billingInformation = new org.json.JSONObject((({"firstname":"Test","lastname":"Automation","country":"United States (US)","address":"123 Testing","city":"New York","state":"New York","zip":"90012","email":" + email) + "})): null

2018-09-26 14:04:32 - [TEST_STEP][PASSED] - Statement - shippingLabel = FREE_EMS_SHIPPING_LABEL: null

2018-09-26 14:04:32 - [TEST_STEP][PASSED] - Statement - shippingPrice = 0: null

2018-09-26 14:04:32 - [TEST_STEP][PASSED] - Statement - shippingType = "freeEMS": null

2018-09-26 14:04:32 - [TEST_STEP][PASSED] - Statement - paymentMethod = "Amazon Pay": null

2018-09-26 14:04:32 - [TEST_STEP][PASSED] - beautytap.GeneralAction.openBeautytap: beautytap.GeneralAction.openBeautytap is PASSED

2018-09-26 14:04:32 - [MESSAGE][WARNING] - A browser is already opened. Closing browser and opening a new one

2018-09-26 14:04:48 - [MESSAGE][PASSED] - Browser is opened with url: 'https://stage.beautytap.com'

2018-09-26 14:04:50 - [MESSAGE][PASSED] - Current window maximized

2018-09-26 14:04:54 - [MESSAGE][PASSED] - Refresh successfully

2018-09-26 14:04:54 - [MESSAGE][PASSED] - Wait for page load successfully

2018-09-26 14:04:54 - [MESSAGE][PASSED] - beautytap.GeneralAction.openBeautytap is PASSED

2018-09-26 14:04:54 - [TEST_STEP][PASSED] - beautytap.ShopAction.globalSearch: beautytap.ShopAction.globalSearch is PASSED

2018-09-26 14:04:54 - [MESSAGE][PASSED] - Object: 'Object Repository/Page_General/icon_search' is clicked on

2018-09-26 14:04:59 - [MESSAGE][PASSED] - Delayed 5 second(s)

2018-09-26 14:04:59 - [MESSAGE][PASSED] - Text of object 'Object Repository/Page_General/txt_search' is cleared

2018-09-26 14:04:59 - [MESSAGE][PASSED] - Keys 'CONTROL + v' sent to object: 'Object Repository/Page_General/txt_search'

2018-09-26 14:05:01 - [MESSAGE][PASSED] - Object 'Object Repository/Page_General/div_searchResult' is present

2018-09-26 14:05:01 - [MESSAGE][PASSED] - beautytap.ShopAction.globalSearch is PASSED

2018-09-26 14:05:01 - [TEST_STEP][PASSED] - beautytap.ShopAction.VerifyProductOnSearchResult: Keyword VerifyProductOnSearchResult is Passed

2018-09-26 14:05:01 - [MESSAGE][PASSED] - Object '' is present

2018-09-26 14:05:01 - [MESSAGE][PASSED] - Text of object '' is: '$26.70'

2018-09-26 14:05:01 - [MESSAGE][PASSED] - Get CSS 'color' value on '' successfully: 'rgba(255, 35, 134, 1)'.

2018-09-26 14:05:01 - [MESSAGE][PASSED] - Get CSS 'color' value on '' successfully: 'rgba(255, 35, 134, 1)'.

2018-09-26 14:05:01 - [MESSAGE][PASSED] - Keyword VerifyProductOnSearchResult is Passed

2018-09-26 14:05:01 - [TEST_STEP][PASSED] - beautytap.ShopAction.selectProductOnSearchResult: beautytap.ShopAction.selectProductOnSearchResult is PASSED

2018-09-26 14:05:07 - [MESSAGE][PASSED] - Object: '' is clicked on

2018-09-26 14:05:07 - [MESSAGE][PASSED] - Wait for page load successfully

2018-09-26 14:05:07 - [MESSAGE][PASSED] - beautytap.ShopAction.selectProductOnSearchResult is PASSED

2018-09-26 14:05:07 - [TEST_STEP][PASSED] - beautytap.ShopAction.selectProductVariation: beautytap.ShopAction.selectProductVariation is PASSED

2018-09-26 14:05:08 - [MESSAGE][PASSED] - Object: 'Object Repository/Page_Shop/drop_chooseOption' is clicked on

2018-09-26 14:05:09 - [MESSAGE][PASSED] - Delayed 1 second(s)

2018-09-26 14:05:09 - [MESSAGE][PASSED] - Object: '' is clicked on

2018-09-26 14:05:09 - [MESSAGE][PASSED] - beautytap.ShopAction.selectProductVariation is PASSED

2018-09-26 14:05:09 - [TEST_STEP][PASSED] - beautytap.ShopAction.VerifyProductDetails: Keyword VerifyProductDetails is Passed

2018-09-26 14:05:09 - [MESSAGE][PASSED] - Text of object '' is: 'MeloMELI Unicorn Heart Lake Cushion  2 Choices'

2018-09-26 14:05:09 - [MESSAGE][PASSED] - All options with label 'Vanilla Beige' are selected in object 'Object Repository/Page_Shop/drop_chooseOption' 

2018-09-26 14:05:09 - [MESSAGE][PASSED] - Text of object '' is: '$26.70'

2018-09-26 14:05:10 - [MESSAGE][PASSED] - Get CSS 'color' value on '' successfully: 'rgba(255, 35, 134, 1)'.

2018-09-26 14:05:10 - [MESSAGE][PASSED] - Keyword VerifyProductDetails is Passed

2018-09-26 14:05:10 - [TEST_STEP][PASSED] - Statement - currentNumberItemInCart = CustomKeywords.beautytap.ShopAction.getNumberItemInCart(): beautytap.ShopAction.getNumberItemInCart is PASSED

2018-09-26 14:05:15 - [MESSAGE][WARNING] - com.kms.katalon.core.webui.exception.WebElementNotFoundException: Web element with id: '' located by 'By.xpath: //div[@class='header-right-top pull-right']/a[@class='shop-cart']/span[@class='number-cart']' not found
[[ATTACHMENT|E:\\BeautytapAutomation\\beautytapAuto\\Beautytap\\Reports\\Regression\\20180926_134816\\1537945515165.png]]

2018-09-26 14:05:15 - [MESSAGE][PASSED] - beautytap.ShopAction.getNumberItemInCart is PASSED

2018-09-26 14:05:15 - [TEST_STEP][PASSED] - beautytap.ShopAction.addProductToCart: beautytap.ShopAction.addProductToCart is PASSED

2018-09-26 14:05:15 - [MESSAGE][PASSED] - Text of object 'Object Repository/Page_Shop/txt_quantity' is cleared

2018-09-26 14:05:15 - [MESSAGE][PASSED] - Keys '8' sent to object: 'Object Repository/Page_Shop/txt_quantity'

2018-09-26 14:05:15 - [MESSAGE][PASSED] - Object: 'Object Repository/Page_Shop/btn_addToCart' is clicked on

2018-09-26 14:05:15 - [MESSAGE][PASSED] - Wait for page load successfully

2018-09-26 14:05:20 - [MESSAGE][PASSED] - Object 'Object Repository/Page_Shop/lbl_message' is present

2018-09-26 14:05:20 - [MESSAGE][PASSED] - beautytap.ShopAction.addProductToCart is PASSED

2018-09-26 14:05:20 - [TEST_STEP][PASSED] - beautytap.ShopAction.VerifyNumberItemInCart: Keyword VerifyNumberItemInCart is Passed, Number item in cart is 8, expected is 8

2018-09-26 14:05:20 - [MESSAGE][PASSED] - Object '' is present

2018-09-26 14:05:20 - [MESSAGE][PASSED] - Text of object '' is: '8'

2018-09-26 14:05:20 - [MESSAGE][PASSED] - Keyword VerifyNumberItemInCart is Passed, Number item in cart is 8, expected is 8

2018-09-26 14:05:20 - [TEST_STEP][PASSED] - beautytap.ShopAction.VerifyProductIsAddedToCart: beautytap.ShopAction.VerifyProductIsAddedToCart is PASSED

2018-09-26 14:05:20 - [MESSAGE][PASSED] - Object '' is present

2018-09-26 14:05:20 - [MESSAGE][PASSED] - beautytap.ShopAction.VerifyProductIsAddedToCart is PASSED

2018-09-26 14:05:20 - [TEST_STEP][PASSED] - beautytap.ShopAction.goToCart: beautytap.ShopAction.goToCart is PASSED

2018-09-26 14:05:21 - [MESSAGE][PASSED] - Object 'Object Repository/Page_General/icon_cart' is present

2018-09-26 14:05:25 - [MESSAGE][PASSED] - Object: 'Object Repository/Page_General/icon_cart' is clicked on

2018-09-26 14:05:25 - [MESSAGE][PASSED] - Wait for page load successfully

2018-09-26 14:05:25 - [MESSAGE][PASSED] - beautytap.ShopAction.goToCart is PASSED

2018-09-26 14:05:25 - [TEST_STEP][FAILED] - beautytap.ShopAction.VerifyProductInCart: Unable to get attribute 'value' of object '' (Root cause: com.kms.katalon.core.webui.exception.WebElementNotFoundException: Web element with id: '' located by 'By.xpath: //a[text()='MeloMELI Unicorn Heart Lake Cushion  2 Choices  Vanilla Beige']/ancestor::tr/td[5]/div/input||//a[text()='MeloMELI Unicorn Heart Lake Cushion  2 Choices  Vanilla Beige']/ancestor::tr/td[5]' not found)

2018-09-26 14:05:25 - [MESSAGE][PASSED] - Object '' is present

2018-09-26 14:05:25 - [MESSAGE][PASSED] - Text of object '' is: '$26.70'

2018-09-26 14:05:57 - [MESSAGE][FAILED] - Unable to get attribute 'value' of object '' (Root cause: com.kms.katalon.core.webui.exception.WebElementNotFoundException: Web element with id: '' located by 'By.xpath: //a[text()='MeloMELI Unicorn Heart Lake Cushion  2 Choices  Vanilla Beige']/ancestor::tr/td[5]/div/input||//a[text()='MeloMELI Unicorn Heart Lake Cushion  2 Choices  Vanilla Beige']/ancestor::tr/td[5]' not found)
[[ATTACHMENT|E:\\BeautytapAutomation\\beautytapAuto\\Beautytap\\Reports\\Regression\\20180926_134816\\1537945557124.png]]

2018-09-26 14:05:57 - [MESSAGE][FAILED] - Unable to get attribute 'value' of object '' (Root cause: com.kms.katalon.core.webui.exception.WebElementNotFoundException: Web element with id: '' located by 'By.xpath: //a[text()='MeloMELI Unicorn Heart Lake Cushion  2 Choices  Vanilla Beige']/ancestor::tr/td[5]/div/input||//a[text()='MeloMELI Unicorn Heart Lake Cushion  2 Choices  Vanilla Beige']/ancestor::tr/td[5]' not found)]]></system-out>
         <system-err><![CDATA[2018-09-26 14:04:32 - [TEST_CASE][FAILED] - Test Cases/Shop/TC04_Search_VariationProduct_NotSale_AmazonPay_GreaterThan200: Test Cases/Shop/TC04_Search_VariationProduct_NotSale_AmazonPay_GreaterThan200 FAILED because (of) Unable to get attribute 'value' of object '' (Root cause: com.kms.katalon.core.webui.exception.WebElementNotFoundException: Web element with id: '' located by 'By.xpath: //a[text()='MeloMELI Unicorn Heart Lake Cushion  2 Choices  Vanilla Beige']/ancestor::tr/td[5]/div/input||//a[text()='MeloMELI Unicorn Heart Lake Cushion  2 Choices  Vanilla Beige']/ancestor::tr/td[5]' not found)]]></system-err>
      </testcase>
      <testcase name="Test Cases/Shop/TC05_Browse_SimpleProduct_NotSale_PayPal_GreaterThan60LessThan200" classname="Test Cases/Shop/TC05_Browse_SimpleProduct_NotSale_PayPal_GreaterThan60LessThan200" status="FAILED">
         <failure type="FAILED" message="Unable to get attribute 'value' of object '' (Root cause: com.kms.katalon.core.webui.exception.WebElementNotFoundException: Web element with id: '' located by 'By.xpath: //a[text()='La Muse Correct Care Complete Cushion SPF50+']/ancestor::tr/td[5]/div/input||//a[text()='La Muse Correct Care Complete Cushion SPF50+']/ancestor::tr/td[5]' not found)"/>
         <system-out><![CDATA[2018-09-26 14:05:59 - [TEST_CASE][FAILED] - Test Cases/Shop/TC05_Browse_SimpleProduct_NotSale_PayPal_GreaterThan60LessThan200: Test Cases/Shop/TC05_Browse_SimpleProduct_NotSale_PayPal_GreaterThan60LessThan200 FAILED because (of) Unable to get attribute 'value' of object '' (Root cause: com.kms.katalon.core.webui.exception.WebElementNotFoundException: Web element with id: '' located by 'By.xpath: //a[text()='La Muse Correct Care Complete Cushion SPF50+']/ancestor::tr/td[5]/div/input||//a[text()='La Muse Correct Care Complete Cushion SPF50+']/ancestor::tr/td[5]' not found)

2018-09-26 14:05:59 - [TEST_STEP][PASSED] - Statement - productName = SIMPLE_PRODUCT: null

2018-09-26 14:05:59 - [TEST_STEP][PASSED] - Statement - price = SIMPLE_PRODUCT_PRICE: null

2018-09-26 14:05:59 - [TEST_STEP][PASSED] - Statement - r_string = new java.lang.Math().random().toString().substring(2, 8): null

2018-09-26 14:06:00 - [TEST_STEP][PASSED] - Statement - email = "auto" + r_string + "@mailinator.com": null

2018-09-26 14:06:00 - [TEST_STEP][PASSED] - Statement - orderNote = "auto" + r_string + "Order": null

2018-09-26 14:06:00 - [TEST_STEP][PASSED] - Statement - currentNumberItemInCart = <not implemented yet for class: org.codehaus.groovy.ast.expr.EmptyExpression>: null

2018-09-26 14:06:00 - [TEST_STEP][PASSED] - Statement - quantity = 3: null

2018-09-26 14:06:00 - [TEST_STEP][PASSED] - Statement - subtotal = CustomKeywords.beautytap.ShopAction.calculateTotal(quantity, price): beautytap.ShopAction.calculateTotal is PASSED

2018-09-26 14:06:00 - [MESSAGE][PASSED] - beautytap.ShopAction.calculateTotal is PASSED

2018-09-26 14:06:00 - [TEST_STEP][PASSED] - Statement - total = subtotal: null

2018-09-26 14:06:00 - [TEST_STEP][PASSED] - Statement - total = CustomKeywords.beautytap.ShopAction.calculateTotal(1, total): beautytap.ShopAction.calculateTotal is PASSED

2018-09-26 14:06:00 - [MESSAGE][PASSED] - beautytap.ShopAction.calculateTotal is PASSED

2018-09-26 14:06:00 - [TEST_STEP][PASSED] - Statement - products = new org.json.JSONArray((((((([{"productname":" + productName) + ","variation":"","quantity":") + quantity) + ","price":") + price) + "}])): null

2018-09-26 14:06:00 - [TEST_STEP][PASSED] - Statement - billingInformation = new org.json.JSONObject((({"firstname":"Test","lastname":"Automation","country":"United States (US)","address":"123 Testing","city":"New York","state":"New York","zip":"90012","email":" + email) + "})): null

2018-09-26 14:06:00 - [TEST_STEP][PASSED] - Statement - shippingLabel = FREE_SHIPPING_LABEL: null

2018-09-26 14:06:00 - [TEST_STEP][PASSED] - Statement - shippingPrice = 0: null

2018-09-26 14:06:00 - [TEST_STEP][PASSED] - Statement - shippingType = "free": null

2018-09-26 14:06:00 - [TEST_STEP][PASSED] - Statement - paymentMethod = "PayPal": null

2018-09-26 14:06:00 - [TEST_STEP][PASSED] - Statement - category = "What's New": null

2018-09-26 14:06:00 - [TEST_STEP][PASSED] - beautytap.GeneralAction.openBeautytap: beautytap.GeneralAction.openBeautytap is PASSED

2018-09-26 14:06:00 - [MESSAGE][WARNING] - A browser is already opened. Closing browser and opening a new one

2018-09-26 14:06:33 - [MESSAGE][PASSED] - Browser is opened with url: 'https://stage.beautytap.com'

2018-09-26 14:06:34 - [MESSAGE][PASSED] - Current window maximized

2018-09-26 14:06:44 - [MESSAGE][PASSED] - Refresh successfully

2018-09-26 14:06:45 - [MESSAGE][PASSED] - Wait for page load successfully

2018-09-26 14:06:45 - [MESSAGE][PASSED] - beautytap.GeneralAction.openBeautytap is PASSED

2018-09-26 14:06:45 - [TEST_STEP][PASSED] - beautytap.ShopAction.selectCategory: beautytap.ShopAction.selectCategory is PASSED

2018-09-26 14:06:50 - [MESSAGE][PASSED] - Object: '' is clicked on

2018-09-26 14:06:50 - [MESSAGE][PASSED] - Wait for page load successfully

2018-09-26 14:06:50 - [MESSAGE][PASSED] - beautytap.ShopAction.selectCategory is PASSED

2018-09-26 14:06:50 - [TEST_STEP][PASSED] - beautytap.ShopAction.findProductOnProductList: beautytap.ShopAction.findProductOnProductList is PASSED

2018-09-26 14:06:50 - [MESSAGE][PASSED] - Text of object '' is: '76'

2018-09-26 14:06:56 - [MESSAGE][WARNING] - com.kms.katalon.core.webui.exception.WebElementNotFoundException: Web element with id: '' located by 'By.xpath: //a[text()='La Muse Correct Care Complete Cushion SPF50+']' not found
[[ATTACHMENT|E:\\BeautytapAutomation\\beautytapAuto\\Beautytap\\Reports\\Regression\\20180926_134816\\1537945616169.png]]

2018-09-26 14:07:05 - [MESSAGE][PASSED] - Object: '' is clicked on

2018-09-26 14:07:05 - [MESSAGE][PASSED] - Wait for page load successfully

2018-09-26 14:07:10 - [MESSAGE][WARNING] - com.kms.katalon.core.webui.exception.WebElementNotFoundException: Web element with id: '' located by 'By.xpath: //a[text()='La Muse Correct Care Complete Cushion SPF50+']' not found
[[ATTACHMENT|E:\\BeautytapAutomation\\beautytapAuto\\Beautytap\\Reports\\Regression\\20180926_134816\\1537945630325.png]]

2018-09-26 14:07:18 - [MESSAGE][PASSED] - Object: '' is clicked on

2018-09-26 14:07:18 - [MESSAGE][PASSED] - Wait for page load successfully

2018-09-26 14:07:18 - [MESSAGE][PASSED] - Object '' is present

2018-09-26 14:07:18 - [MESSAGE][PASSED] - beautytap.ShopAction.findProductOnProductList is PASSED

2018-09-26 14:07:18 - [TEST_STEP][PASSED] - beautytap.ShopAction.VerifyProductOnProductList: Keyword VerifyProductOnProductList is Passed

2018-09-26 14:07:18 - [MESSAGE][PASSED] - Object '' is present

2018-09-26 14:07:18 - [MESSAGE][PASSED] - Text of object '' is: '$31.80'

2018-09-26 14:07:18 - [MESSAGE][PASSED] - Get CSS 'color' value on '' successfully: 'rgba(255, 35, 134, 1)'.

2018-09-26 14:07:18 - [MESSAGE][PASSED] - Get CSS 'color' value on '' successfully: 'rgba(255, 35, 134, 1)'.

2018-09-26 14:07:18 - [MESSAGE][PASSED] - Keyword VerifyProductOnProductList is Passed

2018-09-26 14:07:18 - [TEST_STEP][PASSED] - beautytap.ShopAction.selectProductOnProductList: beautytap.ShopAction.selectProductOnProductList is PASSED

2018-09-26 14:07:23 - [MESSAGE][PASSED] - Object: '' is clicked on

2018-09-26 14:07:23 - [MESSAGE][PASSED] - Wait for page load successfully

2018-09-26 14:07:23 - [MESSAGE][PASSED] - beautytap.ShopAction.selectProductOnProductList is PASSED

2018-09-26 14:07:23 - [TEST_STEP][PASSED] - beautytap.ShopAction.VerifyProductDetails: Keyword VerifyProductDetails is Passed

2018-09-26 14:07:23 - [MESSAGE][PASSED] - Text of object '' is: 'La Muse Correct Care Complete Cushion SPF50+'

2018-09-26 14:07:23 - [MESSAGE][PASSED] - Text of object '' is: '$31.80'

2018-09-26 14:07:23 - [MESSAGE][PASSED] - Get CSS 'color' value on '' successfully: 'rgba(255, 35, 134, 1)'.

2018-09-26 14:07:23 - [MESSAGE][PASSED] - Keyword VerifyProductDetails is Passed

2018-09-26 14:07:23 - [TEST_STEP][PASSED] - Statement - currentNumberItemInCart = CustomKeywords.beautytap.ShopAction.getNumberItemInCart(): beautytap.ShopAction.getNumberItemInCart is PASSED

2018-09-26 14:07:29 - [MESSAGE][WARNING] - com.kms.katalon.core.webui.exception.WebElementNotFoundException: Web element with id: '' located by 'By.xpath: //div[@class='header-right-top pull-right']/a[@class='shop-cart']/span[@class='number-cart']' not found
[[ATTACHMENT|E:\\BeautytapAutomation\\beautytapAuto\\Beautytap\\Reports\\Regression\\20180926_134816\\1537945648755.png]]

2018-09-26 14:07:29 - [MESSAGE][PASSED] - beautytap.ShopAction.getNumberItemInCart is PASSED

2018-09-26 14:07:29 - [TEST_STEP][PASSED] - beautytap.ShopAction.addProductToCart: beautytap.ShopAction.addProductToCart is PASSED

2018-09-26 14:07:29 - [MESSAGE][PASSED] - Text of object 'Object Repository/Page_Shop/txt_quantity' is cleared

2018-09-26 14:07:29 - [MESSAGE][PASSED] - Keys '3' sent to object: 'Object Repository/Page_Shop/txt_quantity'

2018-09-26 14:07:29 - [MESSAGE][PASSED] - Object: 'Object Repository/Page_Shop/btn_addToCart' is clicked on

2018-09-26 14:07:29 - [MESSAGE][PASSED] - Wait for page load successfully

2018-09-26 14:07:34 - [MESSAGE][PASSED] - Object 'Object Repository/Page_Shop/lbl_message' is present

2018-09-26 14:07:34 - [MESSAGE][PASSED] - beautytap.ShopAction.addProductToCart is PASSED

2018-09-26 14:07:34 - [TEST_STEP][PASSED] - beautytap.ShopAction.VerifyNumberItemInCart: Keyword VerifyNumberItemInCart is Passed, Number item in cart is 3, expected is 3

2018-09-26 14:07:34 - [MESSAGE][PASSED] - Object '' is present

2018-09-26 14:07:34 - [MESSAGE][PASSED] - Text of object '' is: '3'

2018-09-26 14:07:34 - [MESSAGE][PASSED] - Keyword VerifyNumberItemInCart is Passed, Number item in cart is 3, expected is 3

2018-09-26 14:07:34 - [TEST_STEP][PASSED] - beautytap.ShopAction.VerifyProductIsAddedToCart: beautytap.ShopAction.VerifyProductIsAddedToCart is PASSED

2018-09-26 14:07:34 - [MESSAGE][PASSED] - Object '' is present

2018-09-26 14:07:34 - [MESSAGE][PASSED] - beautytap.ShopAction.VerifyProductIsAddedToCart is PASSED

2018-09-26 14:07:34 - [TEST_STEP][PASSED] - beautytap.ShopAction.goToCart: beautytap.ShopAction.goToCart is PASSED

2018-09-26 14:07:34 - [MESSAGE][PASSED] - Object 'Object Repository/Page_General/icon_cart' is present

2018-09-26 14:07:38 - [MESSAGE][PASSED] - Object: 'Object Repository/Page_General/icon_cart' is clicked on

2018-09-26 14:07:38 - [MESSAGE][PASSED] - Wait for page load successfully

2018-09-26 14:07:38 - [MESSAGE][PASSED] - beautytap.ShopAction.goToCart is PASSED

2018-09-26 14:07:38 - [TEST_STEP][FAILED] - beautytap.ShopAction.VerifyProductInCart: Unable to get attribute 'value' of object '' (Root cause: com.kms.katalon.core.webui.exception.WebElementNotFoundException: Web element with id: '' located by 'By.xpath: //a[text()='La Muse Correct Care Complete Cushion SPF50+']/ancestor::tr/td[5]/div/input||//a[text()='La Muse Correct Care Complete Cushion SPF50+']/ancestor::tr/td[5]' not found)

2018-09-26 14:07:38 - [MESSAGE][PASSED] - Object '' is present

2018-09-26 14:07:38 - [MESSAGE][PASSED] - Text of object '' is: '$31.80'

2018-09-26 14:08:10 - [MESSAGE][FAILED] - Unable to get attribute 'value' of object '' (Root cause: com.kms.katalon.core.webui.exception.WebElementNotFoundException: Web element with id: '' located by 'By.xpath: //a[text()='La Muse Correct Care Complete Cushion SPF50+']/ancestor::tr/td[5]/div/input||//a[text()='La Muse Correct Care Complete Cushion SPF50+']/ancestor::tr/td[5]' not found)
[[ATTACHMENT|E:\\BeautytapAutomation\\beautytapAuto\\Beautytap\\Reports\\Regression\\20180926_134816\\1537945689989.png]]

2018-09-26 14:08:10 - [MESSAGE][FAILED] - Unable to get attribute 'value' of object '' (Root cause: com.kms.katalon.core.webui.exception.WebElementNotFoundException: Web element with id: '' located by 'By.xpath: //a[text()='La Muse Correct Care Complete Cushion SPF50+']/ancestor::tr/td[5]/div/input||//a[text()='La Muse Correct Care Complete Cushion SPF50+']/ancestor::tr/td[5]' not found)]]></system-out>
         <system-err><![CDATA[2018-09-26 14:05:59 - [TEST_CASE][FAILED] - Test Cases/Shop/TC05_Browse_SimpleProduct_NotSale_PayPal_GreaterThan60LessThan200: Test Cases/Shop/TC05_Browse_SimpleProduct_NotSale_PayPal_GreaterThan60LessThan200 FAILED because (of) Unable to get attribute 'value' of object '' (Root cause: com.kms.katalon.core.webui.exception.WebElementNotFoundException: Web element with id: '' located by 'By.xpath: //a[text()='La Muse Correct Care Complete Cushion SPF50+']/ancestor::tr/td[5]/div/input||//a[text()='La Muse Correct Care Complete Cushion SPF50+']/ancestor::tr/td[5]' not found)]]></system-err>
      </testcase>
      <testcase name="Test Cases/Shop/TC06_Browse_VariationProduct_Sale_AmazonPayAtCart_LessThan60_EMS" classname="Test Cases/Shop/TC06_Browse_VariationProduct_Sale_AmazonPayAtCart_LessThan60_EMS" status="FAILED">
         <failure type="FAILED" message="Unable to get attribute 'value' of object '' (Root cause: com.kms.katalon.core.webui.exception.WebElementNotFoundException: Web element with id: '' located by 'By.xpath: //a[text()='Innisfree Eye Contouring Stick Round Shape 0.7g  5']/ancestor::tr/td[5]/div/input||//a[text()='Innisfree Eye Contouring Stick Round Shape 0.7g  5']/ancestor::tr/td[5]' not found)"/>
         <system-out><![CDATA[2018-09-26 14:08:12 - [TEST_CASE][FAILED] - Test Cases/Shop/TC06_Browse_VariationProduct_Sale_AmazonPayAtCart_LessThan60_EMS: Test Cases/Shop/TC06_Browse_VariationProduct_Sale_AmazonPayAtCart_LessThan60_EMS FAILED because (of) Unable to get attribute 'value' of object '' (Root cause: com.kms.katalon.core.webui.exception.WebElementNotFoundException: Web element with id: '' located by 'By.xpath: //a[text()='Innisfree Eye Contouring Stick Round Shape 0.7g  5']/ancestor::tr/td[5]/div/input||//a[text()='Innisfree Eye Contouring Stick Round Shape 0.7g  5']/ancestor::tr/td[5]' not found)

2018-09-26 14:08:12 - [TEST_STEP][PASSED] - Statement - productName = VARIATION_SALE_PRODUCT: null

2018-09-26 14:08:12 - [TEST_STEP][PASSED] - Statement - saleprice = VARIATION_SALE_PRICE1: null

2018-09-26 14:08:12 - [TEST_STEP][PASSED] - Statement - redularprice = VARIATION_SALE_REGULAR_PRICE1: null

2018-09-26 14:08:12 - [TEST_STEP][PASSED] - Statement - variation = VARIATION_SALE_NAME1: null

2018-09-26 14:08:12 - [TEST_STEP][PASSED] - Statement - r_string = new java.lang.Math().random().toString().substring(2, 8): null

2018-09-26 14:08:12 - [TEST_STEP][PASSED] - Statement - email = "auto" + r_string + "@mailinator.com": null

2018-09-26 14:08:12 - [TEST_STEP][PASSED] - Statement - orderNote = "auto" + r_string + "Order": null

2018-09-26 14:08:13 - [TEST_STEP][PASSED] - Statement - currentNumberItemInCart = <not implemented yet for class: org.codehaus.groovy.ast.expr.EmptyExpression>: null

2018-09-26 14:08:13 - [TEST_STEP][PASSED] - Statement - quantity = 5: null

2018-09-26 14:08:13 - [TEST_STEP][PASSED] - Statement - shippingLabel = EMS_SHIPPING_LABEL: null

2018-09-26 14:08:13 - [TEST_STEP][PASSED] - Statement - shippingPrice = EMS_SHIPPING_PRICE: null

2018-09-26 14:08:13 - [TEST_STEP][PASSED] - Statement - subtotal = CustomKeywords.beautytap.ShopAction.calculateTotal(quantity, saleprice): beautytap.ShopAction.calculateTotal is PASSED

2018-09-26 14:08:13 - [MESSAGE][PASSED] - beautytap.ShopAction.calculateTotal is PASSED

2018-09-26 14:08:13 - [TEST_STEP][PASSED] - Statement - total = subtotal + shippingPrice: null

2018-09-26 14:08:13 - [TEST_STEP][PASSED] - Statement - total = CustomKeywords.beautytap.ShopAction.calculateTotal(1, total): beautytap.ShopAction.calculateTotal is PASSED

2018-09-26 14:08:13 - [MESSAGE][PASSED] - beautytap.ShopAction.calculateTotal is PASSED

2018-09-26 14:08:13 - [TEST_STEP][PASSED] - Statement - products = new org.json.JSONArray((((((((([{"productname":" + productName) + ","variation":") + variation) + ","quantity":") + quantity) + ","price":") + saleprice) + "}])): null

2018-09-26 14:08:13 - [TEST_STEP][PASSED] - Statement - billingInformation = new org.json.JSONObject((({"firstname":"Test","lastname":"Automation","country":"United States (US)","address":"123 Testing","city":"New York","state":"New York","zip":"90012","email":" + email) + "})): null

2018-09-26 14:08:13 - [TEST_STEP][PASSED] - Statement - shippingType = "EMS": null

2018-09-26 14:08:13 - [TEST_STEP][PASSED] - Statement - paymentMethod = "Amazon Pay": null

2018-09-26 14:08:13 - [TEST_STEP][PASSED] - Statement - category = "Brands": null

2018-09-26 14:08:13 - [TEST_STEP][PASSED] - Statement - subcategory = "Innisfree": null

2018-09-26 14:08:13 - [TEST_STEP][PASSED] - beautytap.GeneralAction.openBeautytap: beautytap.GeneralAction.openBeautytap is PASSED

2018-09-26 14:08:13 - [MESSAGE][WARNING] - A browser is already opened. Closing browser and opening a new one

2018-09-26 14:08:40 - [MESSAGE][PASSED] - Browser is opened with url: 'https://stage.beautytap.com'

2018-09-26 14:08:41 - [MESSAGE][PASSED] - Current window maximized

2018-09-26 14:09:00 - [MESSAGE][PASSED] - Refresh successfully

2018-09-26 14:09:00 - [MESSAGE][PASSED] - Wait for page load successfully

2018-09-26 14:09:00 - [MESSAGE][PASSED] - beautytap.GeneralAction.openBeautytap is PASSED

2018-09-26 14:09:00 - [TEST_STEP][PASSED] - beautytap.ShopAction.selectCategory: beautytap.ShopAction.selectCategory is PASSED

2018-09-26 14:09:01 - [MESSAGE][PASSED] - Object: '' is clicked on

2018-09-26 14:09:03 - [MESSAGE][PASSED] - Delayed 2 second(s)

2018-09-26 14:09:11 - [MESSAGE][PASSED] - Object: '' is clicked on

2018-09-26 14:09:11 - [MESSAGE][PASSED] - Wait for page load successfully

2018-09-26 14:09:11 - [MESSAGE][PASSED] - beautytap.ShopAction.selectCategory is PASSED

2018-09-26 14:09:11 - [TEST_STEP][PASSED] - beautytap.ShopAction.findProductOnProductList: beautytap.ShopAction.findProductOnProductList is PASSED

2018-09-26 14:09:11 - [MESSAGE][PASSED] - Text of object '' is: '3'

2018-09-26 14:09:17 - [MESSAGE][WARNING] - com.kms.katalon.core.webui.exception.WebElementNotFoundException: Web element with id: '' located by 'By.xpath: //a[text()='Innisfree Eye Contouring Stick Round Shape 0.7g']' not found
[[ATTACHMENT|E:\\BeautytapAutomation\\beautytapAuto\\Beautytap\\Reports\\Regression\\20180926_134816\\1537945756830.png]]

2018-09-26 14:09:25 - [MESSAGE][PASSED] - Object: '' is clicked on

2018-09-26 14:09:25 - [MESSAGE][PASSED] - Wait for page load successfully

2018-09-26 14:09:25 - [MESSAGE][PASSED] - Object '' is present

2018-09-26 14:09:25 - [MESSAGE][PASSED] - beautytap.ShopAction.findProductOnProductList is PASSED

2018-09-26 14:09:25 - [TEST_STEP][PASSED] - beautytap.ShopAction.VerifyProductOnProductList: Keyword VerifyProductOnProductList is Passed

2018-09-26 14:09:25 - [MESSAGE][PASSED] - Object '' is present

2018-09-26 14:09:25 - [MESSAGE][PASSED] - Text of object '' is: '$4.95'

2018-09-26 14:09:25 - [MESSAGE][PASSED] - Get CSS 'color' value on '' successfully: 'rgba(255, 35, 134, 1)'.

2018-09-26 14:09:25 - [MESSAGE][PASSED] - Get CSS 'color' value on '' successfully: 'rgba(255, 35, 134, 1)'.

2018-09-26 14:09:25 - [MESSAGE][PASSED] - Text of object '' is: '$6.50'

2018-09-26 14:09:25 - [MESSAGE][PASSED] - Get CSS 'color' value on '' successfully: 'rgba(255, 35, 134, 1)'.

2018-09-26 14:09:26 - [MESSAGE][PASSED] - Get CSS 'color' value on '' successfully: 'rgba(255, 35, 134, 1)'.

2018-09-26 14:09:26 - [MESSAGE][PASSED] - Keyword VerifyProductOnProductList is Passed

2018-09-26 14:09:26 - [TEST_STEP][PASSED] - beautytap.ShopAction.selectProductOnProductList: beautytap.ShopAction.selectProductOnProductList is PASSED

2018-09-26 14:09:34 - [MESSAGE][PASSED] - Object: '' is clicked on

2018-09-26 14:09:34 - [MESSAGE][PASSED] - Wait for page load successfully

2018-09-26 14:09:34 - [MESSAGE][PASSED] - beautytap.ShopAction.selectProductOnProductList is PASSED

2018-09-26 14:09:34 - [TEST_STEP][PASSED] - beautytap.ShopAction.selectProductVariation: beautytap.ShopAction.selectProductVariation is PASSED

2018-09-26 14:09:34 - [MESSAGE][PASSED] - Object: 'Object Repository/Page_Shop/drop_chooseOption' is clicked on

2018-09-26 14:09:35 - [MESSAGE][PASSED] - Delayed 1 second(s)

2018-09-26 14:09:35 - [MESSAGE][PASSED] - Object: '' is clicked on

2018-09-26 14:09:35 - [MESSAGE][PASSED] - beautytap.ShopAction.selectProductVariation is PASSED

2018-09-26 14:09:35 - [TEST_STEP][PASSED] - beautytap.ShopAction.VerifyProductDetails: Keyword VerifyProductDetails is Passed

2018-09-26 14:09:36 - [MESSAGE][PASSED] - Text of object '' is: 'Innisfree Eye Contouring Stick Round Shape 0.7g'

2018-09-26 14:09:37 - [MESSAGE][PASSED] - All options with label '5' are selected in object 'Object Repository/Page_Shop/drop_chooseOption' 

2018-09-26 14:09:37 - [MESSAGE][PASSED] - Text of object '' is: '$6.50'

2018-09-26 14:09:37 - [MESSAGE][PASSED] - Get CSS 'color' value on '' successfully: 'rgba(195, 195, 195, 1)'.

2018-09-26 14:09:37 - [MESSAGE][PASSED] - Text of object '' is: '$4.95'

2018-09-26 14:09:37 - [MESSAGE][PASSED] - Get CSS 'color' value on '' successfully: 'rgba(255, 35, 134, 1)'.

2018-09-26 14:09:37 - [MESSAGE][PASSED] - Keyword VerifyProductDetails is Passed

2018-09-26 14:09:37 - [TEST_STEP][PASSED] - Statement - currentNumberItemInCart = CustomKeywords.beautytap.ShopAction.getNumberItemInCart(): beautytap.ShopAction.getNumberItemInCart is PASSED

2018-09-26 14:09:43 - [MESSAGE][WARNING] - com.kms.katalon.core.webui.exception.WebElementNotFoundException: Web element with id: '' located by 'By.xpath: //div[@class='header-right-top pull-right']/a[@class='shop-cart']/span[@class='number-cart']' not found
[[ATTACHMENT|E:\\BeautytapAutomation\\beautytapAuto\\Beautytap\\Reports\\Regression\\20180926_134816\\1537945782786.png]]

2018-09-26 14:09:43 - [MESSAGE][PASSED] - beautytap.ShopAction.getNumberItemInCart is PASSED

2018-09-26 14:09:43 - [TEST_STEP][PASSED] - beautytap.ShopAction.addProductToCart: beautytap.ShopAction.addProductToCart is PASSED

2018-09-26 14:09:43 - [MESSAGE][PASSED] - Text of object 'Object Repository/Page_Shop/txt_quantity' is cleared

2018-09-26 14:09:43 - [MESSAGE][PASSED] - Keys '5' sent to object: 'Object Repository/Page_Shop/txt_quantity'

2018-09-26 14:09:43 - [MESSAGE][PASSED] - Object: 'Object Repository/Page_Shop/btn_addToCart' is clicked on

2018-09-26 14:09:43 - [MESSAGE][PASSED] - Wait for page load successfully

2018-09-26 14:09:51 - [MESSAGE][PASSED] - Object 'Object Repository/Page_Shop/lbl_message' is present

2018-09-26 14:09:51 - [MESSAGE][PASSED] - beautytap.ShopAction.addProductToCart is PASSED

2018-09-26 14:09:51 - [TEST_STEP][PASSED] - beautytap.ShopAction.VerifyNumberItemInCart: Keyword VerifyNumberItemInCart is Passed, Number item in cart is 5, expected is 5

2018-09-26 14:09:51 - [MESSAGE][PASSED] - Object '' is present

2018-09-26 14:09:51 - [MESSAGE][PASSED] - Text of object '' is: '5'

2018-09-26 14:09:51 - [MESSAGE][PASSED] - Keyword VerifyNumberItemInCart is Passed, Number item in cart is 5, expected is 5

2018-09-26 14:09:51 - [TEST_STEP][PASSED] - beautytap.ShopAction.VerifyProductIsAddedToCart: beautytap.ShopAction.VerifyProductIsAddedToCart is PASSED

2018-09-26 14:09:51 - [MESSAGE][PASSED] - Object '' is present

2018-09-26 14:09:51 - [MESSAGE][PASSED] - beautytap.ShopAction.VerifyProductIsAddedToCart is PASSED

2018-09-26 14:09:51 - [TEST_STEP][PASSED] - beautytap.ShopAction.goToCart: beautytap.ShopAction.goToCart is PASSED

2018-09-26 14:09:51 - [MESSAGE][PASSED] - Object 'Object Repository/Page_General/icon_cart' is present

2018-09-26 14:09:56 - [MESSAGE][PASSED] - Object: 'Object Repository/Page_General/icon_cart' is clicked on

2018-09-26 14:09:56 - [MESSAGE][PASSED] - Wait for page load successfully

2018-09-26 14:09:56 - [MESSAGE][PASSED] - beautytap.ShopAction.goToCart is PASSED

2018-09-26 14:09:56 - [TEST_STEP][FAILED] - beautytap.ShopAction.VerifyProductInCart: Unable to get attribute 'value' of object '' (Root cause: com.kms.katalon.core.webui.exception.WebElementNotFoundException: Web element with id: '' located by 'By.xpath: //a[text()='Innisfree Eye Contouring Stick Round Shape 0.7g  5']/ancestor::tr/td[5]/div/input||//a[text()='Innisfree Eye Contouring Stick Round Shape 0.7g  5']/ancestor::tr/td[5]' not found)

2018-09-26 14:09:56 - [MESSAGE][PASSED] - Object '' is present

2018-09-26 14:09:56 - [MESSAGE][PASSED] - Text of object '' is: '$4.95'

2018-09-26 14:10:29 - [MESSAGE][FAILED] - Unable to get attribute 'value' of object '' (Root cause: com.kms.katalon.core.webui.exception.WebElementNotFoundException: Web element with id: '' located by 'By.xpath: //a[text()='Innisfree Eye Contouring Stick Round Shape 0.7g  5']/ancestor::tr/td[5]/div/input||//a[text()='Innisfree Eye Contouring Stick Round Shape 0.7g  5']/ancestor::tr/td[5]' not found)
[[ATTACHMENT|E:\\BeautytapAutomation\\beautytapAuto\\Beautytap\\Reports\\Regression\\20180926_134816\\1537945829502.png]]

2018-09-26 14:10:29 - [MESSAGE][FAILED] - Unable to get attribute 'value' of object '' (Root cause: com.kms.katalon.core.webui.exception.WebElementNotFoundException: Web element with id: '' located by 'By.xpath: //a[text()='Innisfree Eye Contouring Stick Round Shape 0.7g  5']/ancestor::tr/td[5]/div/input||//a[text()='Innisfree Eye Contouring Stick Round Shape 0.7g  5']/ancestor::tr/td[5]' not found)]]></system-out>
         <system-err><![CDATA[2018-09-26 14:08:12 - [TEST_CASE][FAILED] - Test Cases/Shop/TC06_Browse_VariationProduct_Sale_AmazonPayAtCart_LessThan60_EMS: Test Cases/Shop/TC06_Browse_VariationProduct_Sale_AmazonPayAtCart_LessThan60_EMS FAILED because (of) Unable to get attribute 'value' of object '' (Root cause: com.kms.katalon.core.webui.exception.WebElementNotFoundException: Web element with id: '' located by 'By.xpath: //a[text()='Innisfree Eye Contouring Stick Round Shape 0.7g  5']/ancestor::tr/td[5]/div/input||//a[text()='Innisfree Eye Contouring Stick Round Shape 0.7g  5']/ancestor::tr/td[5]' not found)]]></system-err>
      </testcase>
      <system-out><![CDATA[2018-09-26 13:48:21 - [TEST_SUITE][FAILED] - Regression: Test Cases/SignUp_Login_ResetPass/TC02_SignUp_Login_ViaFacebookEmail_NewUser_OldUser FAILED because (of) Unable to verify object 'Object Repository/Page_General/link_avatar' is present (Root cause: com.kms.katalon.core.webui.exception.WebElementNotFoundException: Web element with id: 'Object Repository/Page_General/link_avatar' located by 'By.xpath: //div[@class='header-right-top pull-right']/a[@class='user']' not found)]]></system-out>
      <system-err><![CDATA[2018-09-26 13:48:21 - [TEST_SUITE][FAILED] - Regression: Test Cases/SignUp_Login_ResetPass/TC02_SignUp_Login_ViaFacebookEmail_NewUser_OldUser FAILED because (of) Unable to verify object 'Object Repository/Page_General/link_avatar' is present (Root cause: com.kms.katalon.core.webui.exception.WebElementNotFoundException: Web element with id: 'Object Repository/Page_General/link_avatar' located by 'By.xpath: //div[@class='header-right-top pull-right']/a[@class='user']' not found)]]></system-err>
   </testsuite>
</testsuites>
