<?xml version="1.0" encoding="UTF-8"?>
<testsuites name="TS1" time="884" tests="4" failures="2" errors="0">
   <testsuite name="TS1" tests="4" failures="2" errors="0" time="884" timestamp="2018-08-27 09:53:06" hostname="Trang Nguyen - DESKTOP-G1UHP65" id="Test Suites/TS1">
      <properties>
         <property name="deviceName" value=""/>
         <property name="devicePlatform" value=""/>
         <property name="logFolder" value="E:\\BeautytapAutomation\\beautytapAuto\\Beautytap\\Reports\\TS1\\20180827_095303"/>
         <property name="logFiles" value="E:\\BeautytapAutomation\\beautytapAuto\\Beautytap\\Reports\\TS1\\20180827_095303\\execution0.log"/>
         <property name="attachments" value="E:\\BeautytapAutomation\\beautytapAuto\\Beautytap\\Reports\\TS1\\20180827_095303\\1535338482004.png, E:\\BeautytapAutomation\\beautytapAuto\\Beautytap\\Reports\\TS1\\20180827_095303\\1535338797145.png, E:\\BeautytapAutomation\\beautytapAuto\\Beautytap\\Reports\\TS1\\20180827_095303\\1535338835830.png, E:\\BeautytapAutomation\\beautytapAuto\\Beautytap\\Reports\\TS1\\20180827_095303\\1535338915927.png, E:\\BeautytapAutomation\\beautytapAuto\\Beautytap\\Reports\\TS1\\20180827_095303\\1535338943048.png, E:\\BeautytapAutomation\\beautytapAuto\\Beautytap\\Reports\\TS1\\20180827_095303\\1535338956342.png, E:\\BeautytapAutomation\\beautytapAuto\\Beautytap\\Reports\\TS1\\20180827_095303\\1535338968865.png, E:\\BeautytapAutomation\\beautytapAuto\\Beautytap\\Reports\\TS1\\20180827_095303\\1535339012554.png, E:\\BeautytapAutomation\\beautytapAuto\\Beautytap\\Reports\\TS1\\20180827_095303\\1535339121730.png, E:\\BeautytapAutomation\\beautytapAuto\\Beautytap\\Reports\\TS1\\20180827_095303\\1535339155046.png, E:\\BeautytapAutomation\\beautytapAuto\\Beautytap\\Reports\\TS1\\20180827_095303\\1535339204580.png"/>
         <property name="hostName" value="Trang Nguyen - DESKTOP-G1UHP65"/>
         <property name="os" value="Windows 10 64bit"/>
         <property name="katalonVersion" value="5.5.0.1"/>
         <property name="browser" value="Chrome 68.0.3440.106"/>
         <property name="hostAddress" value="10.0.0.151"/>
         <property name="sessionId" value="c8f56abe43fceb9deb6cd7c7f5fb6466"/>
         <property name="seleniumVersion" value="3.7.1"/>
         <property name="proxyInformation" value="ProxyInformation{proxyOption=NO_PROXY, proxyServerType=HTTP, password=, proxyServerAddress=, proxyServerPort=0}"/>
         <property name="platform" value="Windows 10"/>
      </properties>
      <testcase name="Test Cases/SignUp_Login_ResetPass/TC01_SignUp_Login_ResetPassword_Via_Email" classname="Test Cases/SignUp_Login_ResetPass/TC01_SignUp_Login_ResetPassword_Via_Email" status="FAILED">
         <failure type="FAILED" message="Unable to click on object '' (Root cause: org.openqa.selenium.StaleElementReferenceException: stale element reference: element is not attached to the page document
  (Session info: chrome=68.0.3440.106)
  (Driver info: chromedriver=2.35.528161 (5b82f2d2aae0ca24b877009200ced9065a772e73),platform=Windows NT 10.0.17134 x86_64) (WARNING: The server did not provide any stacktrace information)
Command duration or timeout: 0 milliseconds
For documentation on this error, please visit: http://seleniumhq.org/exceptions/stale_element_reference.html
Build info: version: '3.7.1', revision: '8a0099a', time: '2017-11-06T21:07:36.161Z'
System info: host: 'DESKTOP-G1UHP65', ip: '10.0.0.151', os.name: 'Windows 10', os.arch: 'amd64', os.version: '10.0', java.version: '1.8.0_102'
Driver info: com.kms.katalon.selenium.driver.CChromeDriver
Capabilities {acceptInsecureCerts: false, acceptSslCerts: false, applicationCacheEnabled: false, browserConnectionEnabled: false, browserName: chrome, chrome: {chromedriverVersion: 2.35.528161 (5b82f2d2aae0ca..., userDataDir: C:\Users\TRANGN~1\AppData\L...}, cssSelectorsEnabled: true, databaseEnabled: false, handlesAlerts: true, hasTouchScreen: false, javascriptEnabled: true, locationContextEnabled: true, mobileEmulationEnabled: false, nativeEvents: true, networkConnectionEnabled: false, pageLoadStrategy: normal, platform: XP, platformName: XP, rotatable: false, setWindowRect: true, takesHeapSnapshot: true, takesScreenshot: true, unexpectedAlertBehaviour: , unhandledPromptBehavior: , version: 68.0.3440.106, webStorageEnabled: true}
Session ID: aa1b365cce3ed3ea46d368498e3914a7)"/>
         <system-out><![CDATA[2018-08-27 09:53:07 - [TEST_CASE][FAILED] - Test Cases/SignUp_Login_ResetPass/TC01_SignUp_Login_ResetPassword_Via_Email: Test Cases/SignUp_Login_ResetPass/TC01_SignUp_Login_ResetPassword_Via_Email FAILED because (of) Unable to click on object '' (Root cause: org.openqa.selenium.StaleElementReferenceException: stale element reference: element is not attached to the page document
  (Session info: chrome=68.0.3440.106)
  (Driver info: chromedriver=2.35.528161 (5b82f2d2aae0ca24b877009200ced9065a772e73),platform=Windows NT 10.0.17134 x86_64) (WARNING: The server did not provide any stacktrace information)
Command duration or timeout: 0 milliseconds
For documentation on this error, please visit: http://seleniumhq.org/exceptions/stale_element_reference.html
Build info: version: '3.7.1', revision: '8a0099a', time: '2017-11-06T21:07:36.161Z'
System info: host: 'DESKTOP-G1UHP65', ip: '10.0.0.151', os.name: 'Windows 10', os.arch: 'amd64', os.version: '10.0', java.version: '1.8.0_102'
Driver info: com.kms.katalon.selenium.driver.CChromeDriver
Capabilities {acceptInsecureCerts: false, acceptSslCerts: false, applicationCacheEnabled: false, browserConnectionEnabled: false, browserName: chrome, chrome: {chromedriverVersion: 2.35.528161 (5b82f2d2aae0ca..., userDataDir: C:\Users\TRANGN~1\AppData\L...}, cssSelectorsEnabled: true, databaseEnabled: false, handlesAlerts: true, hasTouchScreen: false, javascriptEnabled: true, locationContextEnabled: true, mobileEmulationEnabled: false, nativeEvents: true, networkConnectionEnabled: false, pageLoadStrategy: normal, platform: XP, platformName: XP, rotatable: false, setWindowRect: true, takesHeapSnapshot: true, takesScreenshot: true, unexpectedAlertBehaviour: , unhandledPromptBehavior: , version: 68.0.3440.106, webStorageEnabled: true}
Session ID: aa1b365cce3ed3ea46d368498e3914a7)

2018-08-27 09:53:08 - [TEST_STEP][PASSED] - Statement - r_string = new java.lang.Math().random().toString().substring(2, 8): null

2018-08-27 09:53:08 - [TEST_STEP][PASSED] - Statement - username = "auto" + r_string: null

2018-08-27 09:53:08 - [TEST_STEP][PASSED] - Statement - email = username + "@mailinator.com": null

2018-08-27 09:53:08 - [TEST_STEP][PASSED] - Statement - password = "123456": null

2018-08-27 09:53:08 - [TEST_STEP][PASSED] - Statement - newpassword = "test123": null

2018-08-27 09:53:08 - [TEST_STEP][PASSED] - Statement - name = "Auto User " + r_string: null

2018-08-27 09:53:08 - [TEST_STEP][PASSED] - Statement - birthday = "01/01/1990": null

2018-08-27 09:53:08 - [TEST_STEP][PASSED] - Statement - activation_subject = SITE_TITLE + " Activate your account": null

2018-08-27 09:53:08 - [TEST_STEP][PASSED] - Statement - resetpass_subject = SITE_TITLE + " Password Reset": null

2018-08-27 09:53:08 - [TEST_STEP][PASSED] - beautytap.GeneralAction.openBeautytap: beautytap.GeneralAction.openBeautytap is PASSED

2018-08-27 09:53:28 - [MESSAGE][PASSED] - Browser is opened with url: 'https://stage.beautytap.com'

2018-08-27 09:53:29 - [MESSAGE][PASSED] - Current window maximized

2018-08-27 09:53:32 - [MESSAGE][PASSED] - Refresh successfully

2018-08-27 09:53:33 - [MESSAGE][PASSED] - Wait for page load successfully

2018-08-27 09:53:33 - [MESSAGE][PASSED] - beautytap.GeneralAction.openBeautytap is PASSED

2018-08-27 09:53:33 - [TEST_STEP][PASSED] - beautytap.GeneralAction.clickNavigationMenu: beautytap.GeneralAction.clickNavigationMenu is PASSED

2018-08-27 09:53:35 - [MESSAGE][PASSED] - Object: 'Object Repository/Page_General/link_signup' is clicked on

2018-08-27 09:53:35 - [MESSAGE][PASSED] - Wait for page load successfully

2018-08-27 09:53:35 - [MESSAGE][PASSED] - beautytap.GeneralAction.clickNavigationMenu is PASSED

2018-08-27 09:53:35 - [TEST_STEP][PASSED] - beautytap.GeneralAction.signup: beautytap.GeneralAction.signup is PASSED

2018-08-27 09:53:36 - [MESSAGE][PASSED] - Keys 'auto865493' sent to object: 'Object Repository/Page_Signup/txt_username'

2018-08-27 09:53:36 - [MESSAGE][PASSED] - Keys 'auto865493@mailinator.com' sent to object: 'Object Repository/Page_Signup/txt_email'

2018-08-27 09:53:36 - [MESSAGE][PASSED] - Keys '123456' sent to object: 'Object Repository/Page_Signup/txt_password'

2018-08-27 09:53:37 - [MESSAGE][PASSED] - Keys 'Auto User 865493' sent to object: 'Object Repository/Page_Signup/txt_name'

2018-08-27 09:53:38 - [MESSAGE][PASSED] - Keys '01/01/1990' sent to object: 'Object Repository/Page_Signup/txt_birthday'

2018-08-27 09:53:38 - [MESSAGE][PASSED] - Object: 'Object Repository/Page_Signup/btn_signup' is clicked on

2018-08-27 09:53:38 - [MESSAGE][PASSED] - Wait for page load successfully

2018-08-27 09:53:38 - [MESSAGE][PASSED] - beautytap.GeneralAction.signup is PASSED

2018-08-27 09:53:38 - [TEST_STEP][PASSED] - verifyElementPresent: Object 'Object Repository/Page_Signup/lbl_sucessMessage' is present

2018-08-27 09:53:43 - [MESSAGE][PASSED] - Object 'Object Repository/Page_Signup/lbl_sucessMessage' is present

2018-08-27 09:53:43 - [TEST_STEP][PASSED] - beautytap.GeneralAction.openMailBox: beautytap.GeneralAction.openMailBox is PASSED

2018-08-27 09:53:46 - [MESSAGE][PASSED] - Navigate to 'https://www.mailinator.com' successfully

2018-08-27 09:53:46 - [MESSAGE][PASSED] - Wait for page load successfully

2018-08-27 09:53:46 - [MESSAGE][PASSED] - Keys 'auto865493' sent to object: 'Object Repository/Page_mailinator/txt_email'

2018-08-27 09:53:48 - [MESSAGE][PASSED] - Object: 'Object Repository/Page_mailinator/btn_go' is clicked on

2018-08-27 09:53:48 - [MESSAGE][PASSED] - Wait for page load successfully

2018-08-27 09:53:50 - [MESSAGE][PASSED] - Object: '' is clicked on

2018-08-27 09:53:50 - [MESSAGE][PASSED] - beautytap.GeneralAction.openMailBox is PASSED

2018-08-27 09:53:50 - [TEST_STEP][PASSED] - beautytap.GeneralAction.verifyEmailExist: beautytap.GeneralAction.verifyEmailExist is PASSED

2018-08-27 09:53:50 - [MESSAGE][PASSED] - Object '' is present

2018-08-27 09:53:50 - [MESSAGE][PASSED] - beautytap.GeneralAction.verifyEmailExist is PASSED

2018-08-27 09:53:50 - [TEST_STEP][PASSED] - beautytap.GeneralAction.openEmail: beautytap.GeneralAction.openEmail is PASSED

2018-08-27 09:53:50 - [MESSAGE][PASSED] - Object: '' is clicked on

2018-08-27 09:53:50 - [MESSAGE][PASSED] - beautytap.GeneralAction.openEmail is PASSED

2018-08-27 09:53:50 - [TEST_STEP][PASSED] - beautytap.GeneralAction.clickEmailLink: beautytap.GeneralAction.clickEmailLink is PASSED

2018-08-27 09:53:51 - [MESSAGE][PASSED] - Text of object '' is: 'https://stage.beautytap.com/activate/euvdTtNWbeP3c4ZiEXwgUMecR4SdGdRo/'

2018-08-27 09:54:04 - [MESSAGE][PASSED] - Navigate to 'https://stage.beautytap.com/activate/euvdTtNWbeP3c4ZiEXwgUMecR4SdGdRo/' successfully

2018-08-27 09:54:04 - [MESSAGE][PASSED] - beautytap.GeneralAction.clickEmailLink is PASSED

2018-08-27 09:54:04 - [TEST_STEP][PASSED] - waitForPageLoad: Wait for page load successfully

2018-08-27 09:54:04 - [MESSAGE][PASSED] - Wait for page load successfully

2018-08-27 09:54:04 - [TEST_STEP][PASSED] - verifyElementPresent: Object 'Object Repository/Page_General/lbl_activeSuccessMessage' is present

2018-08-27 09:54:04 - [MESSAGE][PASSED] - Object 'Object Repository/Page_General/lbl_activeSuccessMessage' is present

2018-08-27 09:54:04 - [TEST_STEP][PASSED] - beautytap.GeneralAction.clickNavigationMenu: beautytap.GeneralAction.clickNavigationMenu is PASSED

2018-08-27 09:54:06 - [MESSAGE][PASSED] - Object: 'Object Repository/Page_General/link_login' is clicked on

2018-08-27 09:54:06 - [MESSAGE][PASSED] - Wait for page load successfully

2018-08-27 09:54:06 - [MESSAGE][PASSED] - beautytap.GeneralAction.clickNavigationMenu is PASSED

2018-08-27 09:54:06 - [TEST_STEP][PASSED] - beautytap.GeneralAction.login: beautytap.GeneralAction.login is PASSED

2018-08-27 09:54:06 - [MESSAGE][PASSED] - Text of object 'Object Repository/Page_login/txt_username' is cleared

2018-08-27 09:54:07 - [MESSAGE][PASSED] - Keys 'auto865493' sent to object: 'Object Repository/Page_login/txt_username'

2018-08-27 09:54:07 - [MESSAGE][PASSED] - Text of object 'Object Repository/Page_login/txt_password' is cleared

2018-08-27 09:54:07 - [MESSAGE][PASSED] - Keys '123456' sent to object: 'Object Repository/Page_login/txt_password'

2018-08-27 09:54:07 - [MESSAGE][PASSED] - Object: 'Object Repository/Page_login/btn_login' is clicked on

2018-08-27 09:54:07 - [MESSAGE][PASSED] - Wait for page load successfully

2018-08-27 09:54:07 - [MESSAGE][PASSED] - beautytap.GeneralAction.login is PASSED

2018-08-27 09:54:07 - [TEST_STEP][PASSED] - verifyElementPresent: Object 'Object Repository/Page_General/link_avatar' is present

2018-08-27 09:54:13 - [MESSAGE][PASSED] - Object 'Object Repository/Page_General/link_avatar' is present

2018-08-27 09:54:13 - [TEST_STEP][PASSED] - beautytap.GeneralAction.logout: beautytap.GeneralAction.logout is PASSED

2018-08-27 09:54:13 - [MESSAGE][PASSED] - Object: 'Object Repository/Page_General/link_avatar' is clicked on

2018-08-27 09:54:13 - [MESSAGE][PASSED] - Object 'Object Repository/Page_General/menu_logout' is present

2018-08-27 09:54:14 - [MESSAGE][PASSED] - Object: 'Object Repository/Page_General/menu_logout' is clicked on

2018-08-27 09:54:14 - [MESSAGE][PASSED] - Wait for page load successfully

2018-08-27 09:54:14 - [MESSAGE][PASSED] - beautytap.GeneralAction.logout is PASSED

2018-08-27 09:54:14 - [TEST_STEP][PASSED] - beautytap.GeneralAction.clickNavigationMenu: beautytap.GeneralAction.clickNavigationMenu is PASSED

2018-08-27 09:54:19 - [MESSAGE][PASSED] - Object: 'Object Repository/Page_General/link_login' is clicked on

2018-08-27 09:54:19 - [MESSAGE][PASSED] - Wait for page load successfully

2018-08-27 09:54:19 - [MESSAGE][PASSED] - beautytap.GeneralAction.clickNavigationMenu is PASSED

2018-08-27 09:54:19 - [TEST_STEP][PASSED] - beautytap.GeneralAction.login: beautytap.GeneralAction.login is PASSED

2018-08-27 09:54:19 - [MESSAGE][PASSED] - Text of object 'Object Repository/Page_login/txt_username' is cleared

2018-08-27 09:54:19 - [MESSAGE][PASSED] - Keys 'auto865493@mailinator.com' sent to object: 'Object Repository/Page_login/txt_username'

2018-08-27 09:54:19 - [MESSAGE][PASSED] - Text of object 'Object Repository/Page_login/txt_password' is cleared

2018-08-27 09:54:19 - [MESSAGE][PASSED] - Keys '123456' sent to object: 'Object Repository/Page_login/txt_password'

2018-08-27 09:54:20 - [MESSAGE][PASSED] - Object: 'Object Repository/Page_login/btn_login' is clicked on

2018-08-27 09:54:20 - [MESSAGE][PASSED] - Wait for page load successfully

2018-08-27 09:54:20 - [MESSAGE][PASSED] - beautytap.GeneralAction.login is PASSED

2018-08-27 09:54:20 - [TEST_STEP][PASSED] - verifyElementPresent: Object 'Object Repository/Page_General/link_avatar' is present

2018-08-27 09:54:25 - [MESSAGE][PASSED] - Object 'Object Repository/Page_General/link_avatar' is present

2018-08-27 09:54:25 - [TEST_STEP][PASSED] - beautytap.GeneralAction.logout: beautytap.GeneralAction.logout is PASSED

2018-08-27 09:54:25 - [MESSAGE][PASSED] - Object: 'Object Repository/Page_General/link_avatar' is clicked on

2018-08-27 09:54:26 - [MESSAGE][PASSED] - Object 'Object Repository/Page_General/menu_logout' is present

2018-08-27 09:54:26 - [MESSAGE][PASSED] - Object: 'Object Repository/Page_General/menu_logout' is clicked on

2018-08-27 09:54:26 - [MESSAGE][PASSED] - Wait for page load successfully

2018-08-27 09:54:26 - [MESSAGE][PASSED] - beautytap.GeneralAction.logout is PASSED

2018-08-27 09:54:26 - [TEST_STEP][PASSED] - beautytap.GeneralAction.clickNavigationMenu: beautytap.GeneralAction.clickNavigationMenu is PASSED

2018-08-27 09:54:31 - [MESSAGE][PASSED] - Object: 'Object Repository/Page_General/link_login' is clicked on

2018-08-27 09:54:31 - [MESSAGE][PASSED] - Wait for page load successfully

2018-08-27 09:54:31 - [MESSAGE][PASSED] - beautytap.GeneralAction.clickNavigationMenu is PASSED

2018-08-27 09:54:31 - [TEST_STEP][PASSED] - click: Object: 'Object Repository/Page_Login/link_forgotPassword' is clicked on

2018-08-27 09:54:33 - [MESSAGE][PASSED] - Object: 'Object Repository/Page_Login/link_forgotPassword' is clicked on

2018-08-27 09:54:33 - [TEST_STEP][PASSED] - sendKeys: Keys 'auto865493' sent to object: 'Object Repository/Page_ForgotPassword/txt_usernameOrEmail'

2018-08-27 09:54:33 - [MESSAGE][PASSED] - Keys 'auto865493' sent to object: 'Object Repository/Page_ForgotPassword/txt_usernameOrEmail'

2018-08-27 09:54:33 - [TEST_STEP][PASSED] - click: Object: 'Object Repository/Page_ForgotPassword/btn_forgotPassword' is clicked on

2018-08-27 09:54:33 - [MESSAGE][PASSED] - Object: 'Object Repository/Page_ForgotPassword/btn_forgotPassword' is clicked on

2018-08-27 09:54:33 - [TEST_STEP][PASSED] - verifyElementPresent: Object 'Object Repository/Page_ForgotPassword/lbl_sucessMessage' is present

2018-08-27 09:54:37 - [MESSAGE][PASSED] - Object 'Object Repository/Page_ForgotPassword/lbl_sucessMessage' is present

2018-08-27 09:54:37 - [TEST_STEP][FAILED] - beautytap.GeneralAction.openMailBox: Unable to click on object '' (Root cause: org.openqa.selenium.StaleElementReferenceException: stale element reference: element is not attached to the page document
  (Session info: chrome=68.0.3440.106)
  (Driver info: chromedriver=2.35.528161 (5b82f2d2aae0ca24b877009200ced9065a772e73),platform=Windows NT 10.0.17134 x86_64) (WARNING: The server did not provide any stacktrace information)
Command duration or timeout: 0 milliseconds
For documentation on this error, please visit: http://seleniumhq.org/exceptions/stale_element_reference.html
Build info: version: '3.7.1', revision: '8a0099a', time: '2017-11-06T21:07:36.161Z'
System info: host: 'DESKTOP-G1UHP65', ip: '10.0.0.151', os.name: 'Windows 10', os.arch: 'amd64', os.version: '10.0', java.version: '1.8.0_102'
Driver info: com.kms.katalon.selenium.driver.CChromeDriver
Capabilities {acceptInsecureCerts: false, acceptSslCerts: false, applicationCacheEnabled: false, browserConnectionEnabled: false, browserName: chrome, chrome: {chromedriverVersion: 2.35.528161 (5b82f2d2aae0ca..., userDataDir: C:\Users\TRANGN~1\AppData\L...}, cssSelectorsEnabled: true, databaseEnabled: false, handlesAlerts: true, hasTouchScreen: false, javascriptEnabled: true, locationContextEnabled: true, mobileEmulationEnabled: false, nativeEvents: true, networkConnectionEnabled: false, pageLoadStrategy: normal, platform: XP, platformName: XP, rotatable: false, setWindowRect: true, takesHeapSnapshot: true, takesScreenshot: true, unexpectedAlertBehaviour: , unhandledPromptBehavior: , version: 68.0.3440.106, webStorageEnabled: true}
Session ID: aa1b365cce3ed3ea46d368498e3914a7)

2018-08-27 09:54:39 - [MESSAGE][PASSED] - Navigate to 'https://www.mailinator.com' successfully

2018-08-27 09:54:39 - [MESSAGE][PASSED] - Wait for page load successfully

2018-08-27 09:54:39 - [MESSAGE][PASSED] - Keys 'auto865493' sent to object: 'Object Repository/Page_mailinator/txt_email'

2018-08-27 09:54:40 - [MESSAGE][PASSED] - Object: 'Object Repository/Page_mailinator/btn_go' is clicked on

2018-08-27 09:54:40 - [MESSAGE][PASSED] - Wait for page load successfully

2018-08-27 09:54:42 - [MESSAGE][FAILED] - Unable to click on object '' (Root cause: org.openqa.selenium.StaleElementReferenceException: stale element reference: element is not attached to the page document
  (Session info: chrome=68.0.3440.106)
  (Driver info: chromedriver=2.35.528161 (5b82f2d2aae0ca24b877009200ced9065a772e73),platform=Windows NT 10.0.17134 x86_64) (WARNING: The server did not provide any stacktrace information)
Command duration or timeout: 0 milliseconds
For documentation on this error, please visit: http://seleniumhq.org/exceptions/stale_element_reference.html
Build info: version: '3.7.1', revision: '8a0099a', time: '2017-11-06T21:07:36.161Z'
System info: host: 'DESKTOP-G1UHP65', ip: '10.0.0.151', os.name: 'Windows 10', os.arch: 'amd64', os.version: '10.0', java.version: '1.8.0_102'
Driver info: com.kms.katalon.selenium.driver.CChromeDriver
Capabilities {acceptInsecureCerts: false, acceptSslCerts: false, applicationCacheEnabled: false, browserConnectionEnabled: false, browserName: chrome, chrome: {chromedriverVersion: 2.35.528161 (5b82f2d2aae0ca..., userDataDir: C:\Users\TRANGN~1\AppData\L...}, cssSelectorsEnabled: true, databaseEnabled: false, handlesAlerts: true, hasTouchScreen: false, javascriptEnabled: true, locationContextEnabled: true, mobileEmulationEnabled: false, nativeEvents: true, networkConnectionEnabled: false, pageLoadStrategy: normal, platform: XP, platformName: XP, rotatable: false, setWindowRect: true, takesHeapSnapshot: true, takesScreenshot: true, unexpectedAlertBehaviour: , unhandledPromptBehavior: , version: 68.0.3440.106, webStorageEnabled: true}
Session ID: aa1b365cce3ed3ea46d368498e3914a7)
[[ATTACHMENT|E:\\BeautytapAutomation\\beautytapAuto\\Beautytap\\Reports\\TS1\\20180827_095303\\1535338482004.png]]

2018-08-27 09:54:42 - [MESSAGE][FAILED] - Unable to click on object '' (Root cause: org.openqa.selenium.StaleElementReferenceException: stale element reference: element is not attached to the page document
  (Session info: chrome=68.0.3440.106)
  (Driver info: chromedriver=2.35.528161 (5b82f2d2aae0ca24b877009200ced9065a772e73),platform=Windows NT 10.0.17134 x86_64) (WARNING: The server did not provide any stacktrace information)
Command duration or timeout: 0 milliseconds
For documentation on this error, please visit: http://seleniumhq.org/exceptions/stale_element_reference.html
Build info: version: '3.7.1', revision: '8a0099a', time: '2017-11-06T21:07:36.161Z'
System info: host: 'DESKTOP-G1UHP65', ip: '10.0.0.151', os.name: 'Windows 10', os.arch: 'amd64', os.version: '10.0', java.version: '1.8.0_102'
Driver info: com.kms.katalon.selenium.driver.CChromeDriver
Capabilities {acceptInsecureCerts: false, acceptSslCerts: false, applicationCacheEnabled: false, browserConnectionEnabled: false, browserName: chrome, chrome: {chromedriverVersion: 2.35.528161 (5b82f2d2aae0ca..., userDataDir: C:\Users\TRANGN~1\AppData\L...}, cssSelectorsEnabled: true, databaseEnabled: false, handlesAlerts: true, hasTouchScreen: false, javascriptEnabled: true, locationContextEnabled: true, mobileEmulationEnabled: false, nativeEvents: true, networkConnectionEnabled: false, pageLoadStrategy: normal, platform: XP, platformName: XP, rotatable: false, setWindowRect: true, takesHeapSnapshot: true, takesScreenshot: true, unexpectedAlertBehaviour: , unhandledPromptBehavior: , version: 68.0.3440.106, webStorageEnabled: true}
Session ID: aa1b365cce3ed3ea46d368498e3914a7)]]></system-out>
         <system-err><![CDATA[2018-08-27 09:53:07 - [TEST_CASE][FAILED] - Test Cases/SignUp_Login_ResetPass/TC01_SignUp_Login_ResetPassword_Via_Email: Test Cases/SignUp_Login_ResetPass/TC01_SignUp_Login_ResetPassword_Via_Email FAILED because (of) Unable to click on object '' (Root cause: org.openqa.selenium.StaleElementReferenceException: stale element reference: element is not attached to the page document
  (Session info: chrome=68.0.3440.106)
  (Driver info: chromedriver=2.35.528161 (5b82f2d2aae0ca24b877009200ced9065a772e73),platform=Windows NT 10.0.17134 x86_64) (WARNING: The server did not provide any stacktrace information)
Command duration or timeout: 0 milliseconds
For documentation on this error, please visit: http://seleniumhq.org/exceptions/stale_element_reference.html
Build info: version: '3.7.1', revision: '8a0099a', time: '2017-11-06T21:07:36.161Z'
System info: host: 'DESKTOP-G1UHP65', ip: '10.0.0.151', os.name: 'Windows 10', os.arch: 'amd64', os.version: '10.0', java.version: '1.8.0_102'
Driver info: com.kms.katalon.selenium.driver.CChromeDriver
Capabilities {acceptInsecureCerts: false, acceptSslCerts: false, applicationCacheEnabled: false, browserConnectionEnabled: false, browserName: chrome, chrome: {chromedriverVersion: 2.35.528161 (5b82f2d2aae0ca..., userDataDir: C:\Users\TRANGN~1\AppData\L...}, cssSelectorsEnabled: true, databaseEnabled: false, handlesAlerts: true, hasTouchScreen: false, javascriptEnabled: true, locationContextEnabled: true, mobileEmulationEnabled: false, nativeEvents: true, networkConnectionEnabled: false, pageLoadStrategy: normal, platform: XP, platformName: XP, rotatable: false, setWindowRect: true, takesHeapSnapshot: true, takesScreenshot: true, unexpectedAlertBehaviour: , unhandledPromptBehavior: , version: 68.0.3440.106, webStorageEnabled: true}
Session ID: aa1b365cce3ed3ea46d368498e3914a7)]]></system-err>
      </testcase>
      <testcase name="Test Cases/SignUp_Login_ResetPass/TC02_SignUp_Login_ViaFacebookEmail_NewUser_OldUser" classname="Test Cases/SignUp_Login_ResetPass/TC02_SignUp_Login_ViaFacebookEmail_NewUser_OldUser" status="PASSED">
         <system-out><![CDATA[2018-08-27 09:54:42 - [TEST_CASE][PASSED] - Test Cases/SignUp_Login_ResetPass/TC02_SignUp_Login_ViaFacebookEmail_NewUser_OldUser: Test Cases/SignUp_Login_ResetPass/TC02_SignUp_Login_ViaFacebookEmail_NewUser_OldUser

2018-08-27 09:54:42 - [TEST_STEP][PASSED] - beautytap.AdminAction.deleteUser: beautytap.AdminAction.deleteUser is PASSED

2018-08-27 09:54:42 - [MESSAGE][WARNING] - A browser is already opened. Closing browser and opening a new one

2018-08-27 09:54:56 - [MESSAGE][PASSED] - Browser is opened with url: 'https://stage.beautytap.com/login'

2018-08-27 09:54:57 - [MESSAGE][PASSED] - Current window maximized

2018-08-27 09:54:57 - [MESSAGE][PASSED] - Text of object 'Object Repository/Page_login/txt_username' is cleared

2018-08-27 09:54:57 - [MESSAGE][PASSED] - Keys 'mrwhite' sent to object: 'Object Repository/Page_login/txt_username'

2018-08-27 09:54:57 - [MESSAGE][PASSED] - Text of object 'Object Repository/Page_login/txt_password' is cleared

2018-08-27 09:54:58 - [MESSAGE][PASSED] - Keys 'kgySM$Im' sent to object: 'Object Repository/Page_login/txt_password'

2018-08-27 09:54:58 - [MESSAGE][PASSED] - Object: 'Object Repository/Page_login/btn_login' is clicked on

2018-08-27 09:54:58 - [MESSAGE][PASSED] - Wait for page load successfully

2018-08-27 09:54:58 - [MESSAGE][PASSED] - Wait for page load successfully

2018-08-27 09:55:12 - [MESSAGE][PASSED] - Navigate to 'https://stage.beautytap.com/admin' successfully

2018-08-27 09:55:12 - [MESSAGE][PASSED] - Wait for page load successfully

2018-08-27 09:55:20 - [MESSAGE][PASSED] - Object: 'Object Repository/Page_Admin/menu_users' is clicked on

2018-08-27 09:55:20 - [MESSAGE][PASSED] - Wait for page load successfully

2018-08-27 09:55:20 - [MESSAGE][PASSED] - Text of object 'Object Repository/Page_Admin/txt_searchBox' is cleared

2018-08-27 09:55:20 - [MESSAGE][PASSED] - Keys 'g5.posiba@gmail.com' sent to object: 'Object Repository/Page_Admin/txt_searchBox'

2018-08-27 09:55:23 - [MESSAGE][PASSED] - Object: 'Object Repository/Page_Admin/btn_searchUser' is clicked on

2018-08-27 09:55:23 - [MESSAGE][PASSED] - Wait for page load successfully

2018-08-27 09:55:23 - [MESSAGE][PASSED] - Text of object '' is: 'g5.posiba@gmail.com'

2018-08-27 09:55:23 - [MESSAGE][PASSED] - Attribute 'id' of object '' is: 'user-64371'

2018-08-27 09:55:23 - [MESSAGE][PASSED] - Object: '' is hovered

2018-08-27 09:55:28 - [MESSAGE][PASSED] - Delayed 5 second(s)

2018-08-27 09:55:29 - [MESSAGE][PASSED] - Object: '' is clicked on

2018-08-27 09:55:29 - [MESSAGE][PASSED] - Alert accepted

2018-08-27 09:55:30 - [MESSAGE][PASSED] - Wait for page load successfully

2018-08-27 09:55:35 - [MESSAGE][PASSED] - Object: 'Object Repository/Page_Admin/btn_confirmDeleteUser' is clicked on

2018-08-27 09:55:35 - [MESSAGE][PASSED] - Wait for page load successfully

2018-08-27 09:55:36 - [MESSAGE][PASSED] - Browser is closed

2018-08-27 09:55:36 - [MESSAGE][PASSED] - beautytap.AdminAction.deleteUser is PASSED

2018-08-27 09:55:36 - [TEST_STEP][PASSED] - beautytap.GeneralAction.openBeautytap: beautytap.GeneralAction.openBeautytap is PASSED

2018-08-27 09:55:53 - [MESSAGE][PASSED] - Browser is opened with url: 'https://stage.beautytap.com'

2018-08-27 09:55:54 - [MESSAGE][PASSED] - Current window maximized

2018-08-27 09:55:57 - [MESSAGE][PASSED] - Refresh successfully

2018-08-27 09:55:57 - [MESSAGE][PASSED] - Wait for page load successfully

2018-08-27 09:55:57 - [MESSAGE][PASSED] - beautytap.GeneralAction.openBeautytap is PASSED

2018-08-27 09:55:57 - [TEST_STEP][PASSED] - beautytap.GeneralAction.clickNavigationMenu: beautytap.GeneralAction.clickNavigationMenu is PASSED

2018-08-27 09:56:00 - [MESSAGE][PASSED] - Object: 'Object Repository/Page_General/link_signup' is clicked on

2018-08-27 09:56:00 - [MESSAGE][PASSED] - Wait for page load successfully

2018-08-27 09:56:00 - [MESSAGE][PASSED] - beautytap.GeneralAction.clickNavigationMenu is PASSED

2018-08-27 09:56:00 - [TEST_STEP][PASSED] - beautytap.GeneralAction.signupViaFacebook: beautytap.GeneralAction.signupViaFacebook is PASSED

2018-08-27 09:56:01 - [MESSAGE][PASSED] - Object: 'Object Repository/Page_Signup/btn_signupFB' is clicked on

2018-08-27 09:56:01 - [MESSAGE][PASSED] - Switched to window with index: '1'

2018-08-27 09:56:02 - [MESSAGE][PASSED] - Keys 'g5.posiba@gmail.com' sent to object: 'Object Repository/Popup_FacebookLogin/txt_email'

2018-08-27 09:56:02 - [MESSAGE][PASSED] - Keys 'posiba123' sent to object: 'Object Repository/Popup_FacebookLogin/txt_password'

2018-08-27 09:56:03 - [MESSAGE][PASSED] - Object: 'Object Repository/Popup_FacebookLogin/btn_login' is clicked on

2018-08-27 09:56:06 - [MESSAGE][WARNING] - Cannot take screenshot

2018-08-27 09:56:06 - [MESSAGE][FAILED] - Unable to get text of object 'Object Repository/Popup_FacebookLogin/btn_confirmPermission' (Root cause: org.openqa.selenium.NoSuchWindowException: no such window: window was already closed
  (Session info: chrome=68.0.3440.106)
  (Driver info: chromedriver=2.35.528161 (5b82f2d2aae0ca24b877009200ced9065a772e73),platform=Windows NT 10.0.17134 x86_64) (WARNING: The server did not provide any stacktrace information)
Command duration or timeout: 0 milliseconds
Build info: version: '3.7.1', revision: '8a0099a', time: '2017-11-06T21:07:36.161Z'
System info: host: 'DESKTOP-G1UHP65', ip: '10.0.0.151', os.name: 'Windows 10', os.arch: 'amd64', os.version: '10.0', java.version: '1.8.0_102'
Driver info: com.kms.katalon.selenium.driver.CChromeDriver
Capabilities {acceptInsecureCerts: false, acceptSslCerts: false, applicationCacheEnabled: false, browserConnectionEnabled: false, browserName: chrome, chrome: {chromedriverVersion: 2.35.528161 (5b82f2d2aae0ca..., userDataDir: C:\Users\TRANGN~1\AppData\L...}, cssSelectorsEnabled: true, databaseEnabled: false, handlesAlerts: true, hasTouchScreen: false, javascriptEnabled: true, locationContextEnabled: true, mobileEmulationEnabled: false, nativeEvents: true, networkConnectionEnabled: false, pageLoadStrategy: normal, platform: XP, platformName: XP, rotatable: false, setWindowRect: true, takesHeapSnapshot: true, takesScreenshot: true, unexpectedAlertBehaviour: , unhandledPromptBehavior: , version: 68.0.3440.106, webStorageEnabled: true}
Session ID: e74aa7f0dc675c750a403cc40f13fb2d
*** Element info: {Using=xpath, value=//button[contains(@class,'layerConfirm') and contains(@name,'CONFIRM')]})

2018-08-27 09:56:06 - [MESSAGE][PASSED] - Switched to window with index: '0'

2018-08-27 09:56:21 - [MESSAGE][PASSED] - Delayed 15 second(s)

2018-08-27 09:56:26 - [MESSAGE][PASSED] - Wait for page load successfully

2018-08-27 09:56:26 - [MESSAGE][PASSED] - beautytap.GeneralAction.signupViaFacebook is PASSED

2018-08-27 09:56:26 - [TEST_STEP][PASSED] - verifyElementPresent: Object 'Object Repository/Page_General/link_avatar' is present

2018-08-27 09:56:26 - [MESSAGE][PASSED] - Object 'Object Repository/Page_General/link_avatar' is present

2018-08-27 09:56:26 - [TEST_STEP][PASSED] - beautytap.GeneralAction.logout: beautytap.GeneralAction.logout is PASSED

2018-08-27 09:56:26 - [MESSAGE][PASSED] - Object: 'Object Repository/Page_General/link_avatar' is clicked on

2018-08-27 09:56:26 - [MESSAGE][PASSED] - Object 'Object Repository/Page_General/menu_logout' is present

2018-08-27 09:56:27 - [MESSAGE][PASSED] - Object: 'Object Repository/Page_General/menu_logout' is clicked on

2018-08-27 09:56:27 - [MESSAGE][PASSED] - Wait for page load successfully

2018-08-27 09:56:28 - [MESSAGE][PASSED] - Browser is closed

2018-08-27 09:56:28 - [MESSAGE][PASSED] - beautytap.GeneralAction.logout is PASSED

2018-08-27 09:56:28 - [TEST_STEP][PASSED] - beautytap.AdminAction.deleteUser: beautytap.AdminAction.deleteUser is PASSED

2018-08-27 09:56:35 - [MESSAGE][PASSED] - Browser is opened with url: 'https://stage.beautytap.com/login'

2018-08-27 09:56:36 - [MESSAGE][PASSED] - Current window maximized

2018-08-27 09:56:36 - [MESSAGE][PASSED] - Text of object 'Object Repository/Page_login/txt_username' is cleared

2018-08-27 09:56:36 - [MESSAGE][PASSED] - Keys 'mrwhite' sent to object: 'Object Repository/Page_login/txt_username'

2018-08-27 09:56:36 - [MESSAGE][PASSED] - Text of object 'Object Repository/Page_login/txt_password' is cleared

2018-08-27 09:56:36 - [MESSAGE][PASSED] - Keys 'kgySM$Im' sent to object: 'Object Repository/Page_login/txt_password'

2018-08-27 09:56:37 - [MESSAGE][PASSED] - Object: 'Object Repository/Page_login/btn_login' is clicked on

2018-08-27 09:56:37 - [MESSAGE][PASSED] - Wait for page load successfully

2018-08-27 09:56:37 - [MESSAGE][PASSED] - Wait for page load successfully

2018-08-27 09:56:43 - [MESSAGE][PASSED] - Navigate to 'https://stage.beautytap.com/admin' successfully

2018-08-27 09:56:43 - [MESSAGE][PASSED] - Wait for page load successfully

2018-08-27 09:56:48 - [MESSAGE][PASSED] - Object: 'Object Repository/Page_Admin/menu_users' is clicked on

2018-08-27 09:56:48 - [MESSAGE][PASSED] - Wait for page load successfully

2018-08-27 09:56:48 - [MESSAGE][PASSED] - Text of object 'Object Repository/Page_Admin/txt_searchBox' is cleared

2018-08-27 09:56:49 - [MESSAGE][PASSED] - Keys 'g5.posiba@gmail.com' sent to object: 'Object Repository/Page_Admin/txt_searchBox'

2018-08-27 09:56:51 - [MESSAGE][PASSED] - Object: 'Object Repository/Page_Admin/btn_searchUser' is clicked on

2018-08-27 09:56:51 - [MESSAGE][PASSED] - Wait for page load successfully

2018-08-27 09:56:51 - [MESSAGE][PASSED] - Text of object '' is: 'g5.posiba@gmail.com'

2018-08-27 09:56:51 - [MESSAGE][PASSED] - Attribute 'id' of object '' is: 'user-64374'

2018-08-27 09:56:51 - [MESSAGE][PASSED] - Object: '' is hovered

2018-08-27 09:56:56 - [MESSAGE][PASSED] - Delayed 5 second(s)

2018-08-27 09:56:57 - [MESSAGE][PASSED] - Object: '' is clicked on

2018-08-27 09:56:57 - [MESSAGE][PASSED] - Alert accepted

2018-08-27 09:56:58 - [MESSAGE][PASSED] - Wait for page load successfully

2018-08-27 09:57:03 - [MESSAGE][PASSED] - Object: 'Object Repository/Page_Admin/btn_confirmDeleteUser' is clicked on

2018-08-27 09:57:03 - [MESSAGE][PASSED] - Wait for page load successfully

2018-08-27 09:57:04 - [MESSAGE][PASSED] - Browser is closed

2018-08-27 09:57:04 - [MESSAGE][PASSED] - beautytap.AdminAction.deleteUser is PASSED

2018-08-27 09:57:04 - [TEST_STEP][PASSED] - beautytap.GeneralAction.openBeautytap: beautytap.GeneralAction.openBeautytap is PASSED

2018-08-27 09:57:22 - [MESSAGE][PASSED] - Browser is opened with url: 'https://stage.beautytap.com'

2018-08-27 09:57:24 - [MESSAGE][PASSED] - Current window maximized

2018-08-27 09:57:26 - [MESSAGE][PASSED] - Refresh successfully

2018-08-27 09:57:26 - [MESSAGE][PASSED] - Wait for page load successfully

2018-08-27 09:57:26 - [MESSAGE][PASSED] - beautytap.GeneralAction.openBeautytap is PASSED

2018-08-27 09:57:26 - [TEST_STEP][PASSED] - beautytap.GeneralAction.clickNavigationMenu: beautytap.GeneralAction.clickNavigationMenu is PASSED

2018-08-27 09:57:28 - [MESSAGE][PASSED] - Object: 'Object Repository/Page_General/link_login' is clicked on

2018-08-27 09:57:28 - [MESSAGE][PASSED] - Wait for page load successfully

2018-08-27 09:57:28 - [MESSAGE][PASSED] - beautytap.GeneralAction.clickNavigationMenu is PASSED

2018-08-27 09:57:28 - [TEST_STEP][PASSED] - beautytap.GeneralAction.login: beautytap.GeneralAction.login is PASSED

2018-08-27 09:57:28 - [MESSAGE][PASSED] - Object: 'Object Repository/Page_Login/btn_loginFB' is clicked on

2018-08-27 09:57:28 - [MESSAGE][PASSED] - Switched to window with index: '1'

2018-08-27 09:57:30 - [MESSAGE][PASSED] - Object 'Object Repository/Popup_FacebookLogin/txt_email' is visible

2018-08-27 09:57:30 - [MESSAGE][PASSED] - Keys 'g5.posiba@gmail.com' sent to object: 'Object Repository/Popup_FacebookLogin/txt_email'

2018-08-27 09:57:30 - [MESSAGE][PASSED] - Keys 'posiba123' sent to object: 'Object Repository/Popup_FacebookLogin/txt_password'

2018-08-27 09:57:31 - [MESSAGE][PASSED] - Object: 'Object Repository/Popup_FacebookLogin/btn_login' is clicked on

2018-08-27 09:57:31 - [MESSAGE][PASSED] - Switched to window with index: '0'

2018-08-27 09:57:31 - [MESSAGE][PASSED] - Wait for page load successfully

2018-08-27 09:57:31 - [MESSAGE][PASSED] - beautytap.GeneralAction.login is PASSED

2018-08-27 09:57:31 - [TEST_STEP][PASSED] - verifyElementPresent: Object 'Object Repository/Page_General/link_avatar' is present

2018-08-27 09:57:52 - [MESSAGE][PASSED] - Object 'Object Repository/Page_General/link_avatar' is present

2018-08-27 09:57:52 - [TEST_STEP][PASSED] - beautytap.GeneralAction.logout: beautytap.GeneralAction.logout is PASSED

2018-08-27 09:57:52 - [MESSAGE][PASSED] - Object: 'Object Repository/Page_General/link_avatar' is clicked on

2018-08-27 09:57:52 - [MESSAGE][PASSED] - Object 'Object Repository/Page_General/menu_logout' is present

2018-08-27 09:57:52 - [MESSAGE][PASSED] - Object: 'Object Repository/Page_General/menu_logout' is clicked on

2018-08-27 09:57:52 - [MESSAGE][PASSED] - Wait for page load successfully

2018-08-27 09:57:53 - [MESSAGE][PASSED] - Browser is closed

2018-08-27 09:57:53 - [MESSAGE][PASSED] - beautytap.GeneralAction.logout is PASSED

2018-08-27 09:57:53 - [TEST_STEP][PASSED] - beautytap.GeneralAction.openBeautytap: beautytap.GeneralAction.openBeautytap is PASSED

2018-08-27 09:58:03 - [MESSAGE][PASSED] - Browser is opened with url: 'https://stage.beautytap.com'

2018-08-27 09:58:04 - [MESSAGE][PASSED] - Current window maximized

2018-08-27 09:58:08 - [MESSAGE][PASSED] - Refresh successfully

2018-08-27 09:58:08 - [MESSAGE][PASSED] - Wait for page load successfully

2018-08-27 09:58:08 - [MESSAGE][PASSED] - beautytap.GeneralAction.openBeautytap is PASSED

2018-08-27 09:58:08 - [TEST_STEP][PASSED] - beautytap.GeneralAction.clickNavigationMenu: beautytap.GeneralAction.clickNavigationMenu is PASSED

2018-08-27 09:58:10 - [MESSAGE][PASSED] - Object: 'Object Repository/Page_General/link_signup' is clicked on

2018-08-27 09:58:10 - [MESSAGE][PASSED] - Wait for page load successfully

2018-08-27 09:58:10 - [MESSAGE][PASSED] - beautytap.GeneralAction.clickNavigationMenu is PASSED

2018-08-27 09:58:10 - [TEST_STEP][PASSED] - beautytap.GeneralAction.signupViaFacebook: beautytap.GeneralAction.signupViaFacebook is PASSED

2018-08-27 09:58:10 - [MESSAGE][PASSED] - Object: 'Object Repository/Page_Signup/btn_signupFB' is clicked on

2018-08-27 09:58:10 - [MESSAGE][PASSED] - Switched to window with index: '1'

2018-08-27 09:58:12 - [MESSAGE][PASSED] - Keys 'g5.posiba@gmail.com' sent to object: 'Object Repository/Popup_FacebookLogin/txt_email'

2018-08-27 09:58:12 - [MESSAGE][PASSED] - Keys 'posiba123' sent to object: 'Object Repository/Popup_FacebookLogin/txt_password'

2018-08-27 09:58:13 - [MESSAGE][PASSED] - Object: 'Object Repository/Popup_FacebookLogin/btn_login' is clicked on

2018-08-27 09:58:15 - [MESSAGE][WARNING] - Cannot take screenshot

2018-08-27 09:58:15 - [MESSAGE][FAILED] - Unable to get text of object 'Object Repository/Popup_FacebookLogin/btn_confirmPermission' (Root cause: org.openqa.selenium.NoSuchWindowException: no such window: window was already closed
  (Session info: chrome=68.0.3440.106)
  (Driver info: chromedriver=2.35.528161 (5b82f2d2aae0ca24b877009200ced9065a772e73),platform=Windows NT 10.0.17134 x86_64) (WARNING: The server did not provide any stacktrace information)
Command duration or timeout: 0 milliseconds
Build info: version: '3.7.1', revision: '8a0099a', time: '2017-11-06T21:07:36.161Z'
System info: host: 'DESKTOP-G1UHP65', ip: '10.0.0.151', os.name: 'Windows 10', os.arch: 'amd64', os.version: '10.0', java.version: '1.8.0_102'
Driver info: com.kms.katalon.selenium.driver.CChromeDriver
Capabilities {acceptInsecureCerts: false, acceptSslCerts: false, applicationCacheEnabled: false, browserConnectionEnabled: false, browserName: chrome, chrome: {chromedriverVersion: 2.35.528161 (5b82f2d2aae0ca..., userDataDir: C:\Users\TRANGN~1\AppData\L...}, cssSelectorsEnabled: true, databaseEnabled: false, handlesAlerts: true, hasTouchScreen: false, javascriptEnabled: true, locationContextEnabled: true, mobileEmulationEnabled: false, nativeEvents: true, networkConnectionEnabled: false, pageLoadStrategy: normal, platform: XP, platformName: XP, rotatable: false, setWindowRect: true, takesHeapSnapshot: true, takesScreenshot: true, unexpectedAlertBehaviour: , unhandledPromptBehavior: , version: 68.0.3440.106, webStorageEnabled: true}
Session ID: 318cdc1db803f56a10a6a624587fd73c
*** Element info: {Using=xpath, value=//button[contains(@class,'layerConfirm') and contains(@name,'CONFIRM')]})

2018-08-27 09:58:15 - [MESSAGE][PASSED] - Switched to window with index: '0'

2018-08-27 09:58:30 - [MESSAGE][PASSED] - Delayed 15 second(s)

2018-08-27 09:58:30 - [MESSAGE][PASSED] - Wait for page load successfully

2018-08-27 09:58:30 - [MESSAGE][PASSED] - beautytap.GeneralAction.signupViaFacebook is PASSED

2018-08-27 09:58:30 - [TEST_STEP][PASSED] - verifyElementPresent: Object 'Object Repository/Page_General/link_avatar' is present

2018-08-27 09:58:30 - [MESSAGE][PASSED] - Object 'Object Repository/Page_General/link_avatar' is present

2018-08-27 09:58:30 - [TEST_STEP][PASSED] - beautytap.GeneralAction.logout: beautytap.GeneralAction.logout is PASSED

2018-08-27 09:58:30 - [MESSAGE][PASSED] - Object: 'Object Repository/Page_General/link_avatar' is clicked on

2018-08-27 09:58:30 - [MESSAGE][PASSED] - Object 'Object Repository/Page_General/menu_logout' is present

2018-08-27 09:58:31 - [MESSAGE][PASSED] - Object: 'Object Repository/Page_General/menu_logout' is clicked on

2018-08-27 09:58:31 - [MESSAGE][PASSED] - Wait for page load successfully

2018-08-27 09:58:31 - [MESSAGE][PASSED] - Browser is closed

2018-08-27 09:58:31 - [MESSAGE][PASSED] - beautytap.GeneralAction.logout is PASSED

2018-08-27 09:58:31 - [TEST_STEP][PASSED] - beautytap.GeneralAction.openBeautytap: beautytap.GeneralAction.openBeautytap is PASSED

2018-08-27 09:58:40 - [MESSAGE][PASSED] - Browser is opened with url: 'https://stage.beautytap.com'

2018-08-27 09:58:41 - [MESSAGE][PASSED] - Current window maximized

2018-08-27 09:58:44 - [MESSAGE][PASSED] - Refresh successfully

2018-08-27 09:58:44 - [MESSAGE][PASSED] - Wait for page load successfully

2018-08-27 09:58:44 - [MESSAGE][PASSED] - beautytap.GeneralAction.openBeautytap is PASSED

2018-08-27 09:58:44 - [TEST_STEP][PASSED] - beautytap.GeneralAction.clickNavigationMenu: beautytap.GeneralAction.clickNavigationMenu is PASSED

2018-08-27 09:58:47 - [MESSAGE][PASSED] - Object: 'Object Repository/Page_General/link_login' is clicked on

2018-08-27 09:58:47 - [MESSAGE][PASSED] - Wait for page load successfully

2018-08-27 09:58:47 - [MESSAGE][PASSED] - beautytap.GeneralAction.clickNavigationMenu is PASSED

2018-08-27 09:58:47 - [TEST_STEP][PASSED] - beautytap.GeneralAction.login: beautytap.GeneralAction.login is PASSED

2018-08-27 09:58:47 - [MESSAGE][PASSED] - Object: 'Object Repository/Page_Login/btn_loginFB' is clicked on

2018-08-27 09:58:47 - [MESSAGE][PASSED] - Switched to window with index: '1'

2018-08-27 09:58:48 - [MESSAGE][PASSED] - Object 'Object Repository/Popup_FacebookLogin/txt_email' is visible

2018-08-27 09:58:49 - [MESSAGE][PASSED] - Keys 'g5.posiba@gmail.com' sent to object: 'Object Repository/Popup_FacebookLogin/txt_email'

2018-08-27 09:58:49 - [MESSAGE][PASSED] - Keys 'posiba123' sent to object: 'Object Repository/Popup_FacebookLogin/txt_password'

2018-08-27 09:58:50 - [MESSAGE][PASSED] - Object: 'Object Repository/Popup_FacebookLogin/btn_login' is clicked on

2018-08-27 09:58:50 - [MESSAGE][PASSED] - Switched to window with index: '0'

2018-08-27 09:58:50 - [MESSAGE][PASSED] - Wait for page load successfully

2018-08-27 09:58:50 - [MESSAGE][PASSED] - beautytap.GeneralAction.login is PASSED

2018-08-27 09:58:50 - [TEST_STEP][PASSED] - verifyElementPresent: Object 'Object Repository/Page_General/link_avatar' is present

2018-08-27 09:58:57 - [MESSAGE][PASSED] - Object 'Object Repository/Page_General/link_avatar' is present

2018-08-27 09:58:57 - [TEST_STEP][PASSED] - beautytap.GeneralAction.logout: beautytap.GeneralAction.logout is PASSED

2018-08-27 09:58:57 - [MESSAGE][PASSED] - Object: 'Object Repository/Page_General/link_avatar' is clicked on

2018-08-27 09:58:57 - [MESSAGE][PASSED] - Object 'Object Repository/Page_General/menu_logout' is present

2018-08-27 09:58:57 - [MESSAGE][PASSED] - Object: 'Object Repository/Page_General/menu_logout' is clicked on

2018-08-27 09:58:57 - [MESSAGE][PASSED] - Wait for page load successfully

2018-08-27 09:58:58 - [MESSAGE][PASSED] - Browser is closed

2018-08-27 09:58:58 - [MESSAGE][PASSED] - beautytap.GeneralAction.logout is PASSED]]></system-out>
         <system-err><![CDATA[]]></system-err>
      </testcase>
      <testcase name="Test Cases/Shop/TC03_Search_SimpleProduct_Sale_Creditcard_LessThan60_Normal" classname="Test Cases/Shop/TC03_Search_SimpleProduct_Sale_Creditcard_LessThan60_Normal" status="PASSED">
         <system-out><![CDATA[2018-08-27 09:58:58 - [TEST_CASE][PASSED] - Test Cases/Shop/TC03_Search_SimpleProduct_Sale_Creditcard_LessThan60_Normal: Test Cases/Shop/TC03_Search_SimpleProduct_Sale_Creditcard_LessThan60_Normal

2018-08-27 09:58:58 - [TEST_STEP][PASSED] - Statement - productName = SIMPLE_SALE_PRODUCT: null

2018-08-27 09:58:58 - [TEST_STEP][PASSED] - Statement - saleprice = SIMPLE_SALE_PRICE: null

2018-08-27 09:58:58 - [TEST_STEP][PASSED] - Statement - regularprice = SIMPLE_SALE_REGULAR_PRICE: null

2018-08-27 09:58:58 - [TEST_STEP][PASSED] - Statement - r_string = new java.lang.Math().random().toString().substring(2, 8): null

2018-08-27 09:58:58 - [TEST_STEP][PASSED] - Statement - email = "auto" + r_string + "@mailinator.com": null

2018-08-27 09:58:58 - [TEST_STEP][PASSED] - Statement - orderNote = "auto" + r_string + "Order": null

2018-08-27 09:58:58 - [TEST_STEP][PASSED] - Statement - currentNumberItemInCart = <not implemented yet for class: org.codehaus.groovy.ast.expr.EmptyExpression>: null

2018-08-27 09:58:58 - [TEST_STEP][PASSED] - Statement - quantity = 1: null

2018-08-27 09:58:58 - [TEST_STEP][PASSED] - Statement - subtotal = CustomKeywords.beautytap.ShopAction.calculateTotal(quantity, saleprice): beautytap.ShopAction.calculateTotal is PASSED

2018-08-27 09:58:58 - [MESSAGE][PASSED] - beautytap.ShopAction.calculateTotal is PASSED

2018-08-27 09:58:58 - [TEST_STEP][PASSED] - Statement - total = subtotal + SHIPPING_PRICE: null

2018-08-27 09:58:58 - [TEST_STEP][PASSED] - Statement - total = CustomKeywords.beautytap.ShopAction.calculateTotal(1, total): beautytap.ShopAction.calculateTotal is PASSED

2018-08-27 09:58:58 - [MESSAGE][PASSED] - beautytap.ShopAction.calculateTotal is PASSED

2018-08-27 09:58:58 - [TEST_STEP][PASSED] - Statement - products = new org.json.JSONArray((((((([{"productname":" + productName) + ","variation":"","quantity":") + quantity) + ","price":") + saleprice) + "}])): null

2018-08-27 09:58:58 - [TEST_STEP][PASSED] - Statement - billingInformation = new org.json.JSONObject((({"firstname":"Test","lastname":"Automation","country":"United States (US)","address":"123 Testing","city":"New York","state":"New York","zip":"90012","email":" + email) + "})): null

2018-08-27 09:58:58 - [TEST_STEP][PASSED] - Statement - shippingLabel = SHIPPING_LABEL: null

2018-08-27 09:58:58 - [TEST_STEP][PASSED] - Statement - shippingPrice = SHIPPING_PRICE: null

2018-08-27 09:58:58 - [TEST_STEP][PASSED] - Statement - shippingType = "normal": null

2018-08-27 09:58:58 - [TEST_STEP][PASSED] - Statement - paymentMethod = "Credit Card Payment": null

2018-08-27 09:58:58 - [TEST_STEP][PASSED] - beautytap.GeneralAction.openBeautytap: beautytap.GeneralAction.openBeautytap is PASSED

2018-08-27 09:59:08 - [MESSAGE][PASSED] - Browser is opened with url: 'https://stage.beautytap.com'

2018-08-27 09:59:10 - [MESSAGE][PASSED] - Current window maximized

2018-08-27 09:59:12 - [MESSAGE][PASSED] - Refresh successfully

2018-08-27 09:59:12 - [MESSAGE][PASSED] - Wait for page load successfully

2018-08-27 09:59:12 - [MESSAGE][PASSED] - beautytap.GeneralAction.openBeautytap is PASSED

2018-08-27 09:59:12 - [TEST_STEP][PASSED] - beautytap.ShopAction.globalSearch: beautytap.ShopAction.globalSearch is PASSED

2018-08-27 09:59:13 - [MESSAGE][PASSED] - Object: 'Object Repository/Page_General/icon_search' is clicked on

2018-08-27 09:59:18 - [MESSAGE][PASSED] - Delayed 5 second(s)

2018-08-27 09:59:18 - [MESSAGE][PASSED] - Text of object 'Object Repository/Page_General/txt_search' is cleared

2018-08-27 09:59:18 - [MESSAGE][PASSED] - Keys 'CONTROL + v' sent to object: 'Object Repository/Page_General/txt_search'

2018-08-27 09:59:19 - [MESSAGE][PASSED] - Object 'Object Repository/Page_General/div_searchResult' is present

2018-08-27 09:59:19 - [MESSAGE][PASSED] - beautytap.ShopAction.globalSearch is PASSED

2018-08-27 09:59:19 - [TEST_STEP][PASSED] - beautytap.ShopAction.VerifyProductOnSearchResult: Keyword VerifyProductOnSearchResult is Passed

2018-08-27 09:59:19 - [MESSAGE][PASSED] - Object '' is present

2018-08-27 09:59:19 - [MESSAGE][PASSED] - Text of object '' is: '$31.00'

2018-08-27 09:59:19 - [MESSAGE][PASSED] - Get CSS 'color' value on '' successfully: 'rgba(195, 195, 195, 1)'.

2018-08-27 09:59:19 - [MESSAGE][PASSED] - Get CSS 'color' value on '' successfully: 'rgba(195, 195, 195, 1)'.

2018-08-27 09:59:19 - [MESSAGE][PASSED] - Text of object '' is: '$28.25'

2018-08-27 09:59:19 - [MESSAGE][PASSED] - Get CSS 'color' value on '' successfully: 'rgba(255, 35, 134, 1)'.

2018-08-27 09:59:19 - [MESSAGE][PASSED] - Get CSS 'color' value on '' successfully: 'rgba(255, 35, 134, 1)'.

2018-08-27 09:59:19 - [MESSAGE][PASSED] - Keyword VerifyProductOnSearchResult is Passed

2018-08-27 09:59:19 - [TEST_STEP][PASSED] - beautytap.ShopAction.selectProductOnSearchResult: beautytap.ShopAction.selectProductOnSearchResult is PASSED

2018-08-27 09:59:25 - [MESSAGE][PASSED] - Object: '' is clicked on

2018-08-27 09:59:25 - [MESSAGE][PASSED] - Wait for page load successfully

2018-08-27 09:59:25 - [MESSAGE][PASSED] - beautytap.ShopAction.selectProductOnSearchResult is PASSED

2018-08-27 09:59:25 - [TEST_STEP][PASSED] - beautytap.ShopAction.VerifyProductDetails: Keyword VerifyProductDetails is Passed

2018-08-27 09:59:25 - [MESSAGE][PASSED] - Text of object '' is: 'Innisfree Black Green Tea Cream 60ml'

2018-08-27 09:59:25 - [MESSAGE][PASSED] - Text of object '' is: '$31.00'

2018-08-27 09:59:25 - [MESSAGE][PASSED] - Get CSS 'color' value on '' successfully: 'rgba(195, 195, 195, 1)'.

2018-08-27 09:59:25 - [MESSAGE][PASSED] - Text of object '' is: '$28.25'

2018-08-27 09:59:25 - [MESSAGE][PASSED] - Get CSS 'color' value on '' successfully: 'rgba(255, 35, 134, 1)'.

2018-08-27 09:59:25 - [MESSAGE][PASSED] - Keyword VerifyProductDetails is Passed

2018-08-27 09:59:25 - [TEST_STEP][PASSED] - Statement - currentNumberItemInCart = CustomKeywords.beautytap.ShopAction.getNumberItemInCart(): beautytap.ShopAction.getNumberItemInCart is PASSED

2018-08-27 09:59:57 - [MESSAGE][WARNING] - com.kms.katalon.core.webui.exception.WebElementNotFoundException: Web element with id: '' located by 'By.xpath: //div[@class='header-right-top pull-right']/a[@class='shop-cart']/span[@class='number-cart']' not found
[[ATTACHMENT|E:\\BeautytapAutomation\\beautytapAuto\\Beautytap\\Reports\\TS1\\20180827_095303\\1535338797145.png]]

2018-08-27 09:59:57 - [MESSAGE][PASSED] - beautytap.ShopAction.getNumberItemInCart is PASSED

2018-08-27 09:59:57 - [TEST_STEP][PASSED] - beautytap.ShopAction.addProductToCart: beautytap.ShopAction.addProductToCart is PASSED

2018-08-27 09:59:57 - [MESSAGE][PASSED] - Text of object 'Object Repository/Page_Shop/txt_quantity' is cleared

2018-08-27 09:59:57 - [MESSAGE][PASSED] - Keys '1' sent to object: 'Object Repository/Page_Shop/txt_quantity'

2018-08-27 09:59:57 - [MESSAGE][PASSED] - Object: 'Object Repository/Page_Shop/btn_addToCart' is clicked on

2018-08-27 09:59:57 - [MESSAGE][PASSED] - Wait for page load successfully

2018-08-27 10:00:04 - [MESSAGE][PASSED] - Object 'Object Repository/Page_Shop/lbl_message' is present

2018-08-27 10:00:04 - [MESSAGE][PASSED] - beautytap.ShopAction.addProductToCart is PASSED

2018-08-27 10:00:04 - [TEST_STEP][PASSED] - beautytap.ShopAction.VerifyNumberItemInCart: Keyword VerifyNumberItemInCart is Passed, Number item in cart is 1, expected is 1

2018-08-27 10:00:04 - [MESSAGE][PASSED] - Object '' is present

2018-08-27 10:00:04 - [MESSAGE][PASSED] - Text of object '' is: '1'

2018-08-27 10:00:04 - [MESSAGE][PASSED] - Keyword VerifyNumberItemInCart is Passed, Number item in cart is 1, expected is 1

2018-08-27 10:00:04 - [TEST_STEP][PASSED] - beautytap.ShopAction.VerifyProductIsAddedToCart: beautytap.ShopAction.VerifyProductIsAddedToCart is PASSED

2018-08-27 10:00:36 - [MESSAGE][WARNING] - com.kms.katalon.core.webui.exception.WebElementNotFoundException: Web element with id: '' located by 'By.xpath: //div[@class='woocommerce-message' and contains(text(),'Innisfree Black Green Tea Cream 60ml have been added to your cart.')]' not found
[[ATTACHMENT|E:\\BeautytapAutomation\\beautytapAuto\\Beautytap\\Reports\\TS1\\20180827_095303\\1535338835830.png]]

2018-08-27 10:00:36 - [MESSAGE][PASSED] - beautytap.ShopAction.VerifyProductIsAddedToCart is PASSED

2018-08-27 10:00:36 - [TEST_STEP][PASSED] - beautytap.ShopAction.goToCart: beautytap.ShopAction.goToCart is PASSED

2018-08-27 10:00:42 - [MESSAGE][PASSED] - Object: 'Object Repository/Page_General/icon_cart' is clicked on

2018-08-27 10:00:42 - [MESSAGE][PASSED] - Wait for page load successfully

2018-08-27 10:00:42 - [MESSAGE][PASSED] - beautytap.ShopAction.goToCart is PASSED

2018-08-27 10:00:42 - [TEST_STEP][PASSED] - beautytap.ShopAction.VerifyProductInCart: Keyword VerifyProductInCart is Passed

2018-08-27 10:00:42 - [MESSAGE][PASSED] - Object '' is present

2018-08-27 10:00:42 - [MESSAGE][PASSED] - Text of object '' is: '$28.25'

2018-08-27 10:00:42 - [MESSAGE][PASSED] - Attribute 'value' of object '' is: '1'

2018-08-27 10:00:42 - [MESSAGE][PASSED] - Text of object '' is: '$28.25'

2018-08-27 10:00:42 - [MESSAGE][PASSED] - Keyword VerifyProductInCart is Passed

2018-08-27 10:00:42 - [TEST_STEP][PASSED] - beautytap.ShopAction.processToCheckout: beautytap.ShopAction.processToCheckout is PASSED

2018-08-27 10:00:46 - [MESSAGE][PASSED] - Object: 'Object Repository/Page_Cart/btn_checkout' is clicked on

2018-08-27 10:00:46 - [MESSAGE][PASSED] - Wait for page load successfully

2018-08-27 10:00:46 - [MESSAGE][PASSED] - beautytap.ShopAction.processToCheckout is PASSED

2018-08-27 10:00:46 - [TEST_STEP][PASSED] - beautytap.ShopAction.fillCustomerInformation: beautytap.ShopAction.fillCustomerInformation is PASSED

2018-08-27 10:00:46 - [MESSAGE][PASSED] - Text of object 'Object Repository/Page_Checkout/txt_billingFirstName' is cleared

2018-08-27 10:00:47 - [MESSAGE][PASSED] - Keys 'Test' sent to object: 'Object Repository/Page_Checkout/txt_billingFirstName'

2018-08-27 10:00:47 - [MESSAGE][PASSED] - Text of object 'Object Repository/Page_Checkout/txt_billingLastName' is cleared

2018-08-27 10:00:48 - [MESSAGE][PASSED] - Keys 'Automation' sent to object: 'Object Repository/Page_Checkout/txt_billingLastName'

2018-08-27 10:00:48 - [MESSAGE][PASSED] - All options with label 'United States (US)' are selected in object 'Object Repository/Page_Checkout/drop_billingCountry' 

2018-08-27 10:00:53 - [MESSAGE][PASSED] - Delayed 5 second(s)

2018-08-27 10:00:53 - [MESSAGE][PASSED] - Text of object 'Object Repository/Page_Checkout/txt_billingAddress' is cleared

2018-08-27 10:00:53 - [MESSAGE][PASSED] - Keys '123 Testing' sent to object: 'Object Repository/Page_Checkout/txt_billingAddress'

2018-08-27 10:00:53 - [MESSAGE][PASSED] - Text of object 'Object Repository/Page_Checkout/txt_billingCity' is cleared

2018-08-27 10:00:54 - [MESSAGE][PASSED] - Keys 'New York' sent to object: 'Object Repository/Page_Checkout/txt_billingCity'

2018-08-27 10:00:54 - [MESSAGE][PASSED] - All options with label 'New York' are selected in object 'Object Repository/Page_Checkout/drop_billingState' 

2018-08-27 10:00:54 - [MESSAGE][PASSED] - Text of object 'Object Repository/Page_Checkout/txt_billingZip' is cleared

2018-08-27 10:00:54 - [MESSAGE][PASSED] - Keys '90012' sent to object: 'Object Repository/Page_Checkout/txt_billingZip'

2018-08-27 10:00:54 - [MESSAGE][PASSED] - Text of object 'Object Repository/Page_Checkout/txt_billingEmail' is cleared

2018-08-27 10:00:55 - [MESSAGE][PASSED] - Keys 'auto842756@mailinator.com' sent to object: 'Object Repository/Page_Checkout/txt_billingEmail'

2018-08-27 10:00:55 - [MESSAGE][PASSED] - Object 'Object Repository/Page_Checkout/chk_shipToDifferentAddress' is un-checked

2018-08-27 10:00:55 - [MESSAGE][PASSED] - Text of object 'Object Repository/Page_Checkout/txt_orderNote' is cleared

2018-08-27 10:00:56 - [MESSAGE][PASSED] - Keys 'auto842756Order' sent to object: 'Object Repository/Page_Checkout/txt_orderNote'

2018-08-27 10:00:56 - [MESSAGE][PASSED] - Object 'Object Repository/Page_Checkout/radio_creditCard' is checked

2018-08-27 10:01:01 - [MESSAGE][PASSED] - Delayed 5 second(s)

2018-08-27 10:01:01 - [MESSAGE][PASSED] - beautytap.ShopAction.fillCustomerInformation is PASSED

2018-08-27 10:01:01 - [TEST_STEP][PASSED] - beautytap.ShopAction.VerifyOrderDetailsOnCheckout: Keyword VerifyOrderDetailsOnCheckout is Passed

2018-08-27 10:01:01 - [MESSAGE][PASSED] - Object '' is present

2018-08-27 10:01:01 - [MESSAGE][PASSED] - Text of object '' is: '$28.25'

2018-08-27 10:01:01 - [MESSAGE][PASSED] - Object '' has attribute 'checked'

2018-08-27 10:01:01 - [MESSAGE][PASSED] - Text of object '' is: '($12.50) Pantos (est. 14-25 working days including processing): $12.50'

2018-08-27 10:01:01 - [MESSAGE][PASSED] - Text of object '' is: '$12.50'

2018-08-27 10:01:01 - [MESSAGE][PASSED] - Text of object '' is: '$40.75'

2018-08-27 10:01:01 - [MESSAGE][PASSED] - Keyword VerifyOrderDetailsOnCheckout is Passed

2018-08-27 10:01:01 - [TEST_STEP][PASSED] - beautytap.ShopAction.checkoutViaCreditCard: beautytap.ShopAction.checkoutViaCreditCard is PASSED

2018-08-27 10:01:01 - [MESSAGE][PASSED] - Object 'Object Repository/Page_Checkout/radio_creditCard' is checked

2018-08-27 10:01:11 - [MESSAGE][PASSED] - Delayed 10 second(s)

2018-08-27 10:01:11 - [MESSAGE][PASSED] - Text of object 'Object Repository/Page_Checkout/txt_cardNumber' is cleared

2018-08-27 10:01:12 - [MESSAGE][PASSED] - Keys '4032036248443549' sent to object: 'Object Repository/Page_Checkout/txt_cardNumber'

2018-08-27 10:01:12 - [MESSAGE][PASSED] - All options with label 'Visa' are selected in object 'Object Repository/Page_Checkout/drop_cardType' 

2018-08-27 10:01:12 - [MESSAGE][PASSED] - All options with label '07' are selected in object 'Object Repository/Page_Checkout/drop_expirationMonth' 

2018-08-27 10:01:12 - [MESSAGE][PASSED] - All options with label '2023' are selected in object 'Object Repository/Page_Checkout/drop_expirationYear' 

2018-08-27 10:01:13 - [MESSAGE][PASSED] - Text of object 'Object Repository/Page_Checkout/txt_cardCVV' is cleared

2018-08-27 10:01:13 - [MESSAGE][PASSED] - Keys '123' sent to object: 'Object Repository/Page_Checkout/txt_cardCVV'

2018-08-27 10:01:13 - [MESSAGE][PASSED] - Object 'Object Repository/Page_Checkout/chk_terms' is checked

2018-08-27 10:01:13 - [MESSAGE][PASSED] - Object: 'Object Repository/Page_Checkout/btn_placeOrder' is clicked on

2018-08-27 10:01:28 - [MESSAGE][PASSED] - Object 'Object Repository/Page_Checkout/lbl_orderReceived' is present

2018-08-27 10:01:28 - [MESSAGE][PASSED] - beautytap.ShopAction.checkoutViaCreditCard is PASSED

2018-08-27 10:01:28 - [TEST_STEP][PASSED] - beautytap.ShopAction.VerifyOrderReceivedDetails: Keyword VerifyOrderReceivedDetails is Passed

2018-08-27 10:01:28 - [MESSAGE][PASSED] - Object '' is present

2018-08-27 10:01:28 - [MESSAGE][PASSED] - Text of object '' is: '$28.25'

2018-08-27 10:01:28 - [MESSAGE][PASSED] - Text of object '' is: '$12.50 via ($12.50) Pantos (est. 14-25 working days including processing)'

2018-08-27 10:01:28 - [MESSAGE][PASSED] - Object '' is present

2018-08-27 10:01:28 - [MESSAGE][PASSED] - Text of object '' is: '$12.50'

2018-08-27 10:01:28 - [MESSAGE][PASSED] - Text of object '' is: 'Credit Card Payment'

2018-08-27 10:01:28 - [MESSAGE][PASSED] - Text of object '' is: '$40.75'

2018-08-27 10:01:28 - [MESSAGE][PASSED] - Keyword VerifyOrderReceivedDetails is Passed

2018-08-27 10:01:28 - [TEST_STEP][PASSED] - closeBrowser: Browser is closed

2018-08-27 10:01:29 - [MESSAGE][PASSED] - Browser is closed]]></system-out>
         <system-err><![CDATA[]]></system-err>
      </testcase>
      <testcase name="Test Cases/Shop/TC04_Search_VariationProduct_NotSale_AmazonPay_GreaterThan200" classname="Test Cases/Shop/TC04_Search_VariationProduct_NotSale_AmazonPay_GreaterThan200" status="FAILED">
         <failure type="FAILED" message="Unable to click on object '' (Root cause: org.openqa.selenium.StaleElementReferenceException: stale element reference: element is not attached to the page document
  (Session info: chrome=68.0.3440.106)
  (Driver info: chromedriver=2.35.528161 (5b82f2d2aae0ca24b877009200ced9065a772e73),platform=Windows NT 10.0.17134 x86_64) (WARNING: The server did not provide any stacktrace information)
Command duration or timeout: 0 milliseconds
For documentation on this error, please visit: http://seleniumhq.org/exceptions/stale_element_reference.html
Build info: version: '3.7.1', revision: '8a0099a', time: '2017-11-06T21:07:36.161Z'
System info: host: 'DESKTOP-G1UHP65', ip: '10.0.0.151', os.name: 'Windows 10', os.arch: 'amd64', os.version: '10.0', java.version: '1.8.0_102'
Driver info: com.kms.katalon.selenium.driver.CChromeDriver
Capabilities {acceptInsecureCerts: false, acceptSslCerts: false, applicationCacheEnabled: false, browserConnectionEnabled: false, browserName: chrome, chrome: {chromedriverVersion: 2.35.528161 (5b82f2d2aae0ca..., userDataDir: C:\Users\TRANGN~1\AppData\L...}, cssSelectorsEnabled: true, databaseEnabled: false, handlesAlerts: true, hasTouchScreen: false, javascriptEnabled: true, locationContextEnabled: true, mobileEmulationEnabled: false, nativeEvents: true, networkConnectionEnabled: false, pageLoadStrategy: normal, platform: XP, platformName: XP, rotatable: false, setWindowRect: true, takesHeapSnapshot: true, takesScreenshot: true, unexpectedAlertBehaviour: , unhandledPromptBehavior: , version: 68.0.3440.106, webStorageEnabled: true}
Session ID: 0c655842e96301137bdf21bc245d9d31)"/>
         <system-out><![CDATA[2018-08-27 10:01:29 - [TEST_CASE][FAILED] - Test Cases/Shop/TC04_Search_VariationProduct_NotSale_AmazonPay_GreaterThan200: Test Cases/Shop/TC04_Search_VariationProduct_NotSale_AmazonPay_GreaterThan200 FAILED because (of) Unable to click on object '' (Root cause: org.openqa.selenium.StaleElementReferenceException: stale element reference: element is not attached to the page document
  (Session info: chrome=68.0.3440.106)
  (Driver info: chromedriver=2.35.528161 (5b82f2d2aae0ca24b877009200ced9065a772e73),platform=Windows NT 10.0.17134 x86_64) (WARNING: The server did not provide any stacktrace information)
Command duration or timeout: 0 milliseconds
For documentation on this error, please visit: http://seleniumhq.org/exceptions/stale_element_reference.html
Build info: version: '3.7.1', revision: '8a0099a', time: '2017-11-06T21:07:36.161Z'
System info: host: 'DESKTOP-G1UHP65', ip: '10.0.0.151', os.name: 'Windows 10', os.arch: 'amd64', os.version: '10.0', java.version: '1.8.0_102'
Driver info: com.kms.katalon.selenium.driver.CChromeDriver
Capabilities {acceptInsecureCerts: false, acceptSslCerts: false, applicationCacheEnabled: false, browserConnectionEnabled: false, browserName: chrome, chrome: {chromedriverVersion: 2.35.528161 (5b82f2d2aae0ca..., userDataDir: C:\Users\TRANGN~1\AppData\L...}, cssSelectorsEnabled: true, databaseEnabled: false, handlesAlerts: true, hasTouchScreen: false, javascriptEnabled: true, locationContextEnabled: true, mobileEmulationEnabled: false, nativeEvents: true, networkConnectionEnabled: false, pageLoadStrategy: normal, platform: XP, platformName: XP, rotatable: false, setWindowRect: true, takesHeapSnapshot: true, takesScreenshot: true, unexpectedAlertBehaviour: , unhandledPromptBehavior: , version: 68.0.3440.106, webStorageEnabled: true}
Session ID: 0c655842e96301137bdf21bc245d9d31)

2018-08-27 10:01:30 - [TEST_STEP][PASSED] - Statement - productName = VARIATION_PRODUCT: null

2018-08-27 10:01:30 - [TEST_STEP][PASSED] - Statement - price = VARIATION_PRICE1: null

2018-08-27 10:01:30 - [TEST_STEP][PASSED] - Statement - variation = VARIATION_NAME1: null

2018-08-27 10:01:30 - [TEST_STEP][PASSED] - Statement - r_string = new java.lang.Math().random().toString().substring(2, 8): null

2018-08-27 10:01:30 - [TEST_STEP][PASSED] - Statement - email = "auto" + r_string + "@mailinator.com": null

2018-08-27 10:01:30 - [TEST_STEP][PASSED] - Statement - orderNote = "auto" + r_string + "Order": null

2018-08-27 10:01:30 - [TEST_STEP][PASSED] - Statement - currentNumberItemInCart = <not implemented yet for class: org.codehaus.groovy.ast.expr.EmptyExpression>: null

2018-08-27 10:01:30 - [TEST_STEP][PASSED] - Statement - quantity = 8: null

2018-08-27 10:01:30 - [TEST_STEP][PASSED] - Statement - subtotal = CustomKeywords.beautytap.ShopAction.calculateTotal(quantity, price): beautytap.ShopAction.calculateTotal is PASSED

2018-08-27 10:01:30 - [MESSAGE][PASSED] - beautytap.ShopAction.calculateTotal is PASSED

2018-08-27 10:01:30 - [TEST_STEP][PASSED] - Statement - total = subtotal: null

2018-08-27 10:01:30 - [TEST_STEP][PASSED] - Statement - total = CustomKeywords.beautytap.ShopAction.calculateTotal(1, total): beautytap.ShopAction.calculateTotal is PASSED

2018-08-27 10:01:30 - [MESSAGE][PASSED] - beautytap.ShopAction.calculateTotal is PASSED

2018-08-27 10:01:30 - [TEST_STEP][PASSED] - Statement - products = new org.json.JSONArray((((((((([{"productname":" + productName) + ","variation":") + variation) + ","quantity":") + quantity) + ","price":") + price) + "}])): null

2018-08-27 10:01:30 - [TEST_STEP][PASSED] - Statement - billingInformation = new org.json.JSONObject((({"firstname":"Test","lastname":"Automation","country":"United States (US)","address":"123 Testing","city":"New York","state":"New York","zip":"90012","email":" + email) + "})): null

2018-08-27 10:01:30 - [TEST_STEP][PASSED] - Statement - shippingLabel = FREE_EMS_SHIPPING_LABEL: null

2018-08-27 10:01:30 - [TEST_STEP][PASSED] - Statement - shippingPrice = 0: null

2018-08-27 10:01:30 - [TEST_STEP][PASSED] - Statement - shippingType = "freeEMS": null

2018-08-27 10:01:30 - [TEST_STEP][PASSED] - Statement - paymentMethod = "Amazon Pay": null

2018-08-27 10:01:30 - [TEST_STEP][PASSED] - beautytap.GeneralAction.openBeautytap: beautytap.GeneralAction.openBeautytap is PASSED

2018-08-27 10:01:45 - [MESSAGE][PASSED] - Browser is opened with url: 'https://stage.beautytap.com'

2018-08-27 10:01:46 - [MESSAGE][PASSED] - Current window maximized

2018-08-27 10:01:49 - [MESSAGE][PASSED] - Refresh successfully

2018-08-27 10:01:49 - [MESSAGE][PASSED] - Wait for page load successfully

2018-08-27 10:01:49 - [MESSAGE][PASSED] - beautytap.GeneralAction.openBeautytap is PASSED

2018-08-27 10:01:49 - [TEST_STEP][PASSED] - beautytap.ShopAction.globalSearch: beautytap.ShopAction.globalSearch is PASSED

2018-08-27 10:01:49 - [MESSAGE][PASSED] - Object: 'Object Repository/Page_General/icon_search' is clicked on

2018-08-27 10:01:54 - [MESSAGE][PASSED] - Delayed 5 second(s)

2018-08-27 10:01:54 - [MESSAGE][PASSED] - Text of object 'Object Repository/Page_General/txt_search' is cleared

2018-08-27 10:01:54 - [MESSAGE][PASSED] - Keys 'CONTROL + v' sent to object: 'Object Repository/Page_General/txt_search'

2018-08-27 10:01:55 - [MESSAGE][PASSED] - Object 'Object Repository/Page_General/div_searchResult' is present

2018-08-27 10:01:55 - [MESSAGE][PASSED] - beautytap.ShopAction.globalSearch is PASSED

2018-08-27 10:01:55 - [TEST_STEP][PASSED] - beautytap.ShopAction.VerifyProductOnSearchResult: Keyword VerifyProductOnSearchResult is Passed

2018-08-27 10:01:55 - [MESSAGE][PASSED] - Object '' is present

2018-08-27 10:01:55 - [MESSAGE][PASSED] - Text of object '' is: '$26.70'

2018-08-27 10:01:55 - [MESSAGE][PASSED] - Get CSS 'color' value on '' successfully: 'rgba(255, 35, 134, 1)'.

2018-08-27 10:01:55 - [MESSAGE][PASSED] - Get CSS 'color' value on '' successfully: 'rgba(255, 35, 134, 1)'.

2018-08-27 10:01:55 - [MESSAGE][PASSED] - Keyword VerifyProductOnSearchResult is Passed

2018-08-27 10:01:55 - [TEST_STEP][FAILED] - beautytap.ShopAction.selectProductOnSearchResult: Unable to click on object '' (Root cause: org.openqa.selenium.StaleElementReferenceException: stale element reference: element is not attached to the page document
  (Session info: chrome=68.0.3440.106)
  (Driver info: chromedriver=2.35.528161 (5b82f2d2aae0ca24b877009200ced9065a772e73),platform=Windows NT 10.0.17134 x86_64) (WARNING: The server did not provide any stacktrace information)
Command duration or timeout: 0 milliseconds
For documentation on this error, please visit: http://seleniumhq.org/exceptions/stale_element_reference.html
Build info: version: '3.7.1', revision: '8a0099a', time: '2017-11-06T21:07:36.161Z'
System info: host: 'DESKTOP-G1UHP65', ip: '10.0.0.151', os.name: 'Windows 10', os.arch: 'amd64', os.version: '10.0', java.version: '1.8.0_102'
Driver info: com.kms.katalon.selenium.driver.CChromeDriver
Capabilities {acceptInsecureCerts: false, acceptSslCerts: false, applicationCacheEnabled: false, browserConnectionEnabled: false, browserName: chrome, chrome: {chromedriverVersion: 2.35.528161 (5b82f2d2aae0ca..., userDataDir: C:\Users\TRANGN~1\AppData\L...}, cssSelectorsEnabled: true, databaseEnabled: false, handlesAlerts: true, hasTouchScreen: false, javascriptEnabled: true, locationContextEnabled: true, mobileEmulationEnabled: false, nativeEvents: true, networkConnectionEnabled: false, pageLoadStrategy: normal, platform: XP, platformName: XP, rotatable: false, setWindowRect: true, takesHeapSnapshot: true, takesScreenshot: true, unexpectedAlertBehaviour: , unhandledPromptBehavior: , version: 68.0.3440.106, webStorageEnabled: true}
Session ID: 0c655842e96301137bdf21bc245d9d31)

2018-08-27 10:01:56 - [MESSAGE][FAILED] - Unable to click on object '' (Root cause: org.openqa.selenium.StaleElementReferenceException: stale element reference: element is not attached to the page document
  (Session info: chrome=68.0.3440.106)
  (Driver info: chromedriver=2.35.528161 (5b82f2d2aae0ca24b877009200ced9065a772e73),platform=Windows NT 10.0.17134 x86_64) (WARNING: The server did not provide any stacktrace information)
Command duration or timeout: 0 milliseconds
For documentation on this error, please visit: http://seleniumhq.org/exceptions/stale_element_reference.html
Build info: version: '3.7.1', revision: '8a0099a', time: '2017-11-06T21:07:36.161Z'
System info: host: 'DESKTOP-G1UHP65', ip: '10.0.0.151', os.name: 'Windows 10', os.arch: 'amd64', os.version: '10.0', java.version: '1.8.0_102'
Driver info: com.kms.katalon.selenium.driver.CChromeDriver
Capabilities {acceptInsecureCerts: false, acceptSslCerts: false, applicationCacheEnabled: false, browserConnectionEnabled: false, browserName: chrome, chrome: {chromedriverVersion: 2.35.528161 (5b82f2d2aae0ca..., userDataDir: C:\Users\TRANGN~1\AppData\L...}, cssSelectorsEnabled: true, databaseEnabled: false, handlesAlerts: true, hasTouchScreen: false, javascriptEnabled: true, locationContextEnabled: true, mobileEmulationEnabled: false, nativeEvents: true, networkConnectionEnabled: false, pageLoadStrategy: normal, platform: XP, platformName: XP, rotatable: false, setWindowRect: true, takesHeapSnapshot: true, takesScreenshot: true, unexpectedAlertBehaviour: , unhandledPromptBehavior: , version: 68.0.3440.106, webStorageEnabled: true}
Session ID: 0c655842e96301137bdf21bc245d9d31)
[[ATTACHMENT|E:\\BeautytapAutomation\\beautytapAuto\\Beautytap\\Reports\\TS1\\20180827_095303\\1535338915927.png]]

2018-08-27 10:01:56 - [MESSAGE][FAILED] - Unable to click on object '' (Root cause: org.openqa.selenium.StaleElementReferenceException: stale element reference: element is not attached to the page document
  (Session info: chrome=68.0.3440.106)
  (Driver info: chromedriver=2.35.528161 (5b82f2d2aae0ca24b877009200ced9065a772e73),platform=Windows NT 10.0.17134 x86_64) (WARNING: The server did not provide any stacktrace information)
Command duration or timeout: 0 milliseconds
For documentation on this error, please visit: http://seleniumhq.org/exceptions/stale_element_reference.html
Build info: version: '3.7.1', revision: '8a0099a', time: '2017-11-06T21:07:36.161Z'
System info: host: 'DESKTOP-G1UHP65', ip: '10.0.0.151', os.name: 'Windows 10', os.arch: 'amd64', os.version: '10.0', java.version: '1.8.0_102'
Driver info: com.kms.katalon.selenium.driver.CChromeDriver
Capabilities {acceptInsecureCerts: false, acceptSslCerts: false, applicationCacheEnabled: false, browserConnectionEnabled: false, browserName: chrome, chrome: {chromedriverVersion: 2.35.528161 (5b82f2d2aae0ca..., userDataDir: C:\Users\TRANGN~1\AppData\L...}, cssSelectorsEnabled: true, databaseEnabled: false, handlesAlerts: true, hasTouchScreen: false, javascriptEnabled: true, locationContextEnabled: true, mobileEmulationEnabled: false, nativeEvents: true, networkConnectionEnabled: false, pageLoadStrategy: normal, platform: XP, platformName: XP, rotatable: false, setWindowRect: true, takesHeapSnapshot: true, takesScreenshot: true, unexpectedAlertBehaviour: , unhandledPromptBehavior: , version: 68.0.3440.106, webStorageEnabled: true}
Session ID: 0c655842e96301137bdf21bc245d9d31)]]></system-out>
         <system-err><![CDATA[2018-08-27 10:01:29 - [TEST_CASE][FAILED] - Test Cases/Shop/TC04_Search_VariationProduct_NotSale_AmazonPay_GreaterThan200: Test Cases/Shop/TC04_Search_VariationProduct_NotSale_AmazonPay_GreaterThan200 FAILED because (of) Unable to click on object '' (Root cause: org.openqa.selenium.StaleElementReferenceException: stale element reference: element is not attached to the page document
  (Session info: chrome=68.0.3440.106)
  (Driver info: chromedriver=2.35.528161 (5b82f2d2aae0ca24b877009200ced9065a772e73),platform=Windows NT 10.0.17134 x86_64) (WARNING: The server did not provide any stacktrace information)
Command duration or timeout: 0 milliseconds
For documentation on this error, please visit: http://seleniumhq.org/exceptions/stale_element_reference.html
Build info: version: '3.7.1', revision: '8a0099a', time: '2017-11-06T21:07:36.161Z'
System info: host: 'DESKTOP-G1UHP65', ip: '10.0.0.151', os.name: 'Windows 10', os.arch: 'amd64', os.version: '10.0', java.version: '1.8.0_102'
Driver info: com.kms.katalon.selenium.driver.CChromeDriver
Capabilities {acceptInsecureCerts: false, acceptSslCerts: false, applicationCacheEnabled: false, browserConnectionEnabled: false, browserName: chrome, chrome: {chromedriverVersion: 2.35.528161 (5b82f2d2aae0ca..., userDataDir: C:\Users\TRANGN~1\AppData\L...}, cssSelectorsEnabled: true, databaseEnabled: false, handlesAlerts: true, hasTouchScreen: false, javascriptEnabled: true, locationContextEnabled: true, mobileEmulationEnabled: false, nativeEvents: true, networkConnectionEnabled: false, pageLoadStrategy: normal, platform: XP, platformName: XP, rotatable: false, setWindowRect: true, takesHeapSnapshot: true, takesScreenshot: true, unexpectedAlertBehaviour: , unhandledPromptBehavior: , version: 68.0.3440.106, webStorageEnabled: true}
Session ID: 0c655842e96301137bdf21bc245d9d31)]]></system-err>
      </testcase>
      <testcase name="Test Cases/Shop/TC05_Browse_SimpleProduct_NotSale_PayPal_GreaterThan60LessThan200" classname="Test Cases/Shop/TC05_Browse_SimpleProduct_NotSale_PayPal_GreaterThan60LessThan200" status="PASSED">
         <system-out><![CDATA[2018-08-27 10:01:56 - [TEST_CASE][PASSED] - Test Cases/Shop/TC05_Browse_SimpleProduct_NotSale_PayPal_GreaterThan60LessThan200: Test Cases/Shop/TC05_Browse_SimpleProduct_NotSale_PayPal_GreaterThan60LessThan200

2018-08-27 10:01:56 - [TEST_STEP][PASSED] - Statement - productName = SIMPLE_PRODUCT: null

2018-08-27 10:01:56 - [TEST_STEP][PASSED] - Statement - price = SIMPLE_PRODUCT_PRICE: null

2018-08-27 10:01:56 - [TEST_STEP][PASSED] - Statement - r_string = new java.lang.Math().random().toString().substring(2, 8): null

2018-08-27 10:01:56 - [TEST_STEP][PASSED] - Statement - email = "auto" + r_string + "@mailinator.com": null

2018-08-27 10:01:56 - [TEST_STEP][PASSED] - Statement - orderNote = "auto" + r_string + "Order": null

2018-08-27 10:01:56 - [TEST_STEP][PASSED] - Statement - currentNumberItemInCart = <not implemented yet for class: org.codehaus.groovy.ast.expr.EmptyExpression>: null

2018-08-27 10:01:56 - [TEST_STEP][PASSED] - Statement - quantity = 3: null

2018-08-27 10:01:56 - [TEST_STEP][PASSED] - Statement - subtotal = CustomKeywords.beautytap.ShopAction.calculateTotal(quantity, price): beautytap.ShopAction.calculateTotal is PASSED

2018-08-27 10:01:56 - [MESSAGE][PASSED] - beautytap.ShopAction.calculateTotal is PASSED

2018-08-27 10:01:56 - [TEST_STEP][PASSED] - Statement - total = subtotal: null

2018-08-27 10:01:56 - [TEST_STEP][PASSED] - Statement - total = CustomKeywords.beautytap.ShopAction.calculateTotal(1, total): beautytap.ShopAction.calculateTotal is PASSED

2018-08-27 10:01:56 - [MESSAGE][PASSED] - beautytap.ShopAction.calculateTotal is PASSED

2018-08-27 10:01:56 - [TEST_STEP][PASSED] - Statement - products = new org.json.JSONArray((((((([{"productname":" + productName) + ","variation":"","quantity":") + quantity) + ","price":") + price) + "}])): null

2018-08-27 10:01:56 - [TEST_STEP][PASSED] - Statement - billingInformation = new org.json.JSONObject((({"firstname":"Test","lastname":"Automation","country":"United States (US)","address":"123 Testing","city":"New York","state":"New York","zip":"90012","email":" + email) + "})): null

2018-08-27 10:01:56 - [TEST_STEP][PASSED] - Statement - shippingLabel = FREE_SHIPPING_LABEL: null

2018-08-27 10:01:56 - [TEST_STEP][PASSED] - Statement - shippingPrice = 0: null

2018-08-27 10:01:56 - [TEST_STEP][PASSED] - Statement - shippingType = "free": null

2018-08-27 10:01:56 - [TEST_STEP][PASSED] - Statement - paymentMethod = "PayPal": null

2018-08-27 10:01:56 - [TEST_STEP][PASSED] - Statement - category = "What's New": null

2018-08-27 10:01:56 - [TEST_STEP][PASSED] - beautytap.GeneralAction.openBeautytap: beautytap.GeneralAction.openBeautytap is PASSED

2018-08-27 10:01:56 - [MESSAGE][WARNING] - A browser is already opened. Closing browser and opening a new one

2018-08-27 10:02:08 - [MESSAGE][PASSED] - Browser is opened with url: 'https://stage.beautytap.com'

2018-08-27 10:02:09 - [MESSAGE][PASSED] - Current window maximized

2018-08-27 10:02:12 - [MESSAGE][PASSED] - Refresh successfully

2018-08-27 10:02:12 - [MESSAGE][PASSED] - Wait for page load successfully

2018-08-27 10:02:12 - [MESSAGE][PASSED] - beautytap.GeneralAction.openBeautytap is PASSED

2018-08-27 10:02:12 - [TEST_STEP][PASSED] - beautytap.ShopAction.selectCategory: beautytap.ShopAction.selectCategory is PASSED

2018-08-27 10:02:17 - [MESSAGE][PASSED] - Object: '' is clicked on

2018-08-27 10:02:17 - [MESSAGE][PASSED] - Wait for page load successfully

2018-08-27 10:02:17 - [MESSAGE][PASSED] - beautytap.ShopAction.selectCategory is PASSED

2018-08-27 10:02:17 - [TEST_STEP][PASSED] - beautytap.ShopAction.findProductOnProductList: beautytap.ShopAction.findProductOnProductList is PASSED

2018-08-27 10:02:17 - [MESSAGE][PASSED] - Text of object '' is: '78'

2018-08-27 10:02:23 - [MESSAGE][WARNING] - com.kms.katalon.core.webui.exception.WebElementNotFoundException: Web element with id: '' located by 'By.xpath: //a[text()='La Muse Correct Care Complete Cushion SPF50+/PA+++']' not found
[[ATTACHMENT|E:\\BeautytapAutomation\\beautytapAuto\\Beautytap\\Reports\\TS1\\20180827_095303\\1535338943048.png]]

2018-08-27 10:02:31 - [MESSAGE][PASSED] - Object: '' is clicked on

2018-08-27 10:02:31 - [MESSAGE][PASSED] - Wait for page load successfully

2018-08-27 10:02:36 - [MESSAGE][WARNING] - com.kms.katalon.core.webui.exception.WebElementNotFoundException: Web element with id: '' located by 'By.xpath: //a[text()='La Muse Correct Care Complete Cushion SPF50+/PA+++']' not found
[[ATTACHMENT|E:\\BeautytapAutomation\\beautytapAuto\\Beautytap\\Reports\\TS1\\20180827_095303\\1535338956342.png]]

2018-08-27 10:02:43 - [MESSAGE][PASSED] - Object: '' is clicked on

2018-08-27 10:02:43 - [MESSAGE][PASSED] - Wait for page load successfully

2018-08-27 10:02:49 - [MESSAGE][WARNING] - com.kms.katalon.core.webui.exception.WebElementNotFoundException: Web element with id: '' located by 'By.xpath: //a[text()='La Muse Correct Care Complete Cushion SPF50+/PA+++']' not found
[[ATTACHMENT|E:\\BeautytapAutomation\\beautytapAuto\\Beautytap\\Reports\\TS1\\20180827_095303\\1535338968865.png]]

2018-08-27 10:02:56 - [MESSAGE][PASSED] - Object: '' is clicked on

2018-08-27 10:02:56 - [MESSAGE][PASSED] - Wait for page load successfully

2018-08-27 10:02:56 - [MESSAGE][PASSED] - Object '' is present

2018-08-27 10:02:56 - [MESSAGE][PASSED] - beautytap.ShopAction.findProductOnProductList is PASSED

2018-08-27 10:02:56 - [TEST_STEP][PASSED] - beautytap.ShopAction.VerifyProductOnProductList: Keyword VerifyProductOnProductList is Passed

2018-08-27 10:02:56 - [MESSAGE][PASSED] - Object '' is present

2018-08-27 10:02:56 - [MESSAGE][PASSED] - Text of object '' is: '$31.80'

2018-08-27 10:02:56 - [MESSAGE][PASSED] - Get CSS 'color' value on '' successfully: 'rgba(255, 35, 134, 1)'.

2018-08-27 10:02:56 - [MESSAGE][PASSED] - Get CSS 'color' value on '' successfully: 'rgba(255, 35, 134, 1)'.

2018-08-27 10:02:56 - [MESSAGE][PASSED] - Keyword VerifyProductOnProductList is Passed

2018-08-27 10:02:56 - [TEST_STEP][PASSED] - beautytap.ShopAction.selectProductOnProductList: beautytap.ShopAction.selectProductOnProductList is PASSED

2018-08-27 10:03:01 - [MESSAGE][PASSED] - Object: '' is clicked on

2018-08-27 10:03:01 - [MESSAGE][PASSED] - Wait for page load successfully

2018-08-27 10:03:01 - [MESSAGE][PASSED] - beautytap.ShopAction.selectProductOnProductList is PASSED

2018-08-27 10:03:01 - [TEST_STEP][PASSED] - beautytap.ShopAction.VerifyProductDetails: Keyword VerifyProductDetails is Passed

2018-08-27 10:03:01 - [MESSAGE][PASSED] - Text of object '' is: 'La Muse Correct Care Complete Cushion SPF50+/PA+++'

2018-08-27 10:03:01 - [MESSAGE][PASSED] - Text of object '' is: '$31.80'

2018-08-27 10:03:01 - [MESSAGE][PASSED] - Get CSS 'color' value on '' successfully: 'rgba(255, 35, 134, 1)'.

2018-08-27 10:03:01 - [MESSAGE][PASSED] - Keyword VerifyProductDetails is Passed

2018-08-27 10:03:01 - [TEST_STEP][PASSED] - Statement - currentNumberItemInCart = CustomKeywords.beautytap.ShopAction.getNumberItemInCart(): beautytap.ShopAction.getNumberItemInCart is PASSED

2018-08-27 10:03:32 - [MESSAGE][WARNING] - com.kms.katalon.core.webui.exception.WebElementNotFoundException: Web element with id: '' located by 'By.xpath: //div[@class='header-right-top pull-right']/a[@class='shop-cart']/span[@class='number-cart']' not found
[[ATTACHMENT|E:\\BeautytapAutomation\\beautytapAuto\\Beautytap\\Reports\\TS1\\20180827_095303\\1535339012554.png]]

2018-08-27 10:03:32 - [MESSAGE][PASSED] - beautytap.ShopAction.getNumberItemInCart is PASSED

2018-08-27 10:03:32 - [TEST_STEP][PASSED] - beautytap.ShopAction.addProductToCart: beautytap.ShopAction.addProductToCart is PASSED

2018-08-27 10:03:32 - [MESSAGE][PASSED] - Text of object 'Object Repository/Page_Shop/txt_quantity' is cleared

2018-08-27 10:03:32 - [MESSAGE][PASSED] - Keys '3' sent to object: 'Object Repository/Page_Shop/txt_quantity'

2018-08-27 10:03:33 - [MESSAGE][PASSED] - Object: 'Object Repository/Page_Shop/btn_addToCart' is clicked on

2018-08-27 10:03:33 - [MESSAGE][PASSED] - Wait for page load successfully

2018-08-27 10:03:38 - [MESSAGE][PASSED] - Object 'Object Repository/Page_Shop/lbl_message' is present

2018-08-27 10:03:38 - [MESSAGE][PASSED] - beautytap.ShopAction.addProductToCart is PASSED

2018-08-27 10:03:38 - [TEST_STEP][PASSED] - beautytap.ShopAction.VerifyNumberItemInCart: Keyword VerifyNumberItemInCart is Passed, Number item in cart is 3, expected is 3

2018-08-27 10:03:38 - [MESSAGE][PASSED] - Object '' is present

2018-08-27 10:03:38 - [MESSAGE][PASSED] - Text of object '' is: '3'

2018-08-27 10:03:38 - [MESSAGE][PASSED] - Keyword VerifyNumberItemInCart is Passed, Number item in cart is 3, expected is 3

2018-08-27 10:03:38 - [TEST_STEP][PASSED] - beautytap.ShopAction.VerifyProductIsAddedToCart: beautytap.ShopAction.VerifyProductIsAddedToCart is PASSED

2018-08-27 10:03:38 - [MESSAGE][PASSED] - Object '' is present

2018-08-27 10:03:38 - [MESSAGE][PASSED] - beautytap.ShopAction.VerifyProductIsAddedToCart is PASSED

2018-08-27 10:03:38 - [TEST_STEP][PASSED] - beautytap.ShopAction.goToCart: beautytap.ShopAction.goToCart is PASSED

2018-08-27 10:03:43 - [MESSAGE][PASSED] - Object: 'Object Repository/Page_General/icon_cart' is clicked on

2018-08-27 10:03:43 - [MESSAGE][PASSED] - Wait for page load successfully

2018-08-27 10:03:43 - [MESSAGE][PASSED] - beautytap.ShopAction.goToCart is PASSED

2018-08-27 10:03:43 - [TEST_STEP][PASSED] - beautytap.ShopAction.VerifyProductInCart: Keyword VerifyProductInCart is Passed

2018-08-27 10:03:43 - [MESSAGE][PASSED] - Object '' is present

2018-08-27 10:03:43 - [MESSAGE][PASSED] - Text of object '' is: '$31.80'

2018-08-27 10:03:43 - [MESSAGE][PASSED] - Attribute 'value' of object '' is: '3'

2018-08-27 10:03:43 - [MESSAGE][PASSED] - Text of object '' is: '$95.40'

2018-08-27 10:03:43 - [MESSAGE][PASSED] - Keyword VerifyProductInCart is Passed

2018-08-27 10:03:43 - [TEST_STEP][PASSED] - beautytap.ShopAction.processToCheckout: beautytap.ShopAction.processToCheckout is PASSED

2018-08-27 10:03:47 - [MESSAGE][PASSED] - Object: 'Object Repository/Page_Cart/btn_checkout' is clicked on

2018-08-27 10:03:47 - [MESSAGE][PASSED] - Wait for page load successfully

2018-08-27 10:03:47 - [MESSAGE][PASSED] - beautytap.ShopAction.processToCheckout is PASSED

2018-08-27 10:03:47 - [TEST_STEP][PASSED] - beautytap.ShopAction.fillCustomerInformation: beautytap.ShopAction.fillCustomerInformation is PASSED

2018-08-27 10:03:47 - [MESSAGE][PASSED] - Text of object 'Object Repository/Page_Checkout/txt_billingFirstName' is cleared

2018-08-27 10:03:48 - [MESSAGE][PASSED] - Keys 'Test' sent to object: 'Object Repository/Page_Checkout/txt_billingFirstName'

2018-08-27 10:03:48 - [MESSAGE][PASSED] - Text of object 'Object Repository/Page_Checkout/txt_billingLastName' is cleared

2018-08-27 10:03:48 - [MESSAGE][PASSED] - Keys 'Automation' sent to object: 'Object Repository/Page_Checkout/txt_billingLastName'

2018-08-27 10:03:48 - [MESSAGE][PASSED] - All options with label 'United States (US)' are selected in object 'Object Repository/Page_Checkout/drop_billingCountry' 

2018-08-27 10:03:53 - [MESSAGE][PASSED] - Delayed 5 second(s)

2018-08-27 10:03:53 - [MESSAGE][PASSED] - Text of object 'Object Repository/Page_Checkout/txt_billingAddress' is cleared

2018-08-27 10:03:54 - [MESSAGE][PASSED] - Keys '123 Testing' sent to object: 'Object Repository/Page_Checkout/txt_billingAddress'

2018-08-27 10:03:54 - [MESSAGE][PASSED] - Text of object 'Object Repository/Page_Checkout/txt_billingCity' is cleared

2018-08-27 10:03:54 - [MESSAGE][PASSED] - Keys 'New York' sent to object: 'Object Repository/Page_Checkout/txt_billingCity'

2018-08-27 10:03:55 - [MESSAGE][PASSED] - All options with label 'New York' are selected in object 'Object Repository/Page_Checkout/drop_billingState' 

2018-08-27 10:03:55 - [MESSAGE][PASSED] - Text of object 'Object Repository/Page_Checkout/txt_billingZip' is cleared

2018-08-27 10:03:55 - [MESSAGE][PASSED] - Keys '90012' sent to object: 'Object Repository/Page_Checkout/txt_billingZip'

2018-08-27 10:03:55 - [MESSAGE][PASSED] - Text of object 'Object Repository/Page_Checkout/txt_billingEmail' is cleared

2018-08-27 10:03:56 - [MESSAGE][PASSED] - Keys 'auto593756@mailinator.com' sent to object: 'Object Repository/Page_Checkout/txt_billingEmail'

2018-08-27 10:03:56 - [MESSAGE][PASSED] - Object 'Object Repository/Page_Checkout/chk_shipToDifferentAddress' is un-checked

2018-08-27 10:03:56 - [MESSAGE][PASSED] - Text of object 'Object Repository/Page_Checkout/txt_orderNote' is cleared

2018-08-27 10:03:56 - [MESSAGE][PASSED] - Keys 'auto593756Order' sent to object: 'Object Repository/Page_Checkout/txt_orderNote'

2018-08-27 10:03:56 - [MESSAGE][PASSED] - Object 'Object Repository/Page_Checkout/radio_creditCard' is checked

2018-08-27 10:04:01 - [MESSAGE][PASSED] - Delayed 5 second(s)

2018-08-27 10:04:01 - [MESSAGE][PASSED] - beautytap.ShopAction.fillCustomerInformation is PASSED

2018-08-27 10:04:01 - [TEST_STEP][PASSED] - beautytap.ShopAction.VerifyOrderDetailsOnCheckout: Keyword VerifyOrderDetailsOnCheckout is Passed

2018-08-27 10:04:01 - [MESSAGE][PASSED] - Object '' is present

2018-08-27 10:04:01 - [MESSAGE][PASSED] - Text of object '' is: '$95.40'

2018-08-27 10:04:02 - [MESSAGE][PASSED] - Text of object '' is: 'US. Est. 5 working days to ship (after processing)
Why does shipping take this long?'

2018-08-27 10:04:02 - [MESSAGE][PASSED] - Text of object '' is: '$95.40'

2018-08-27 10:04:02 - [MESSAGE][PASSED] - Keyword VerifyOrderDetailsOnCheckout is Passed

2018-08-27 10:04:02 - [TEST_STEP][PASSED] - beautytap.ShopAction.checkoutViaPaypal: beautytap.ShopAction.checkoutViaPaypal is PASSED

2018-08-27 10:04:02 - [MESSAGE][PASSED] - Object 'Object Repository/Page_Checkout/radio_paypal' is checked

2018-08-27 10:04:02 - [MESSAGE][PASSED] - Object 'Object Repository/Page_Checkout/chk_terms' is checked

2018-08-27 10:04:02 - [MESSAGE][PASSED] - Object: 'Object Repository/Page_Checkout/btn_placeOrder' is clicked on

2018-08-27 10:04:10 - [MESSAGE][PASSED] - Object 'Object Repository/Page_Paypal/txt_email' is present

2018-08-27 10:04:10 - [MESSAGE][PASSED] - Text of object 'Object Repository/Page_Paypal/txt_email' is cleared

2018-08-27 10:04:10 - [MESSAGE][PASSED] - Keys 'g1.posiba@gmail.com' sent to object: 'Object Repository/Page_Paypal/txt_email'

2018-08-27 10:04:10 - [MESSAGE][PASSED] - Text of object 'Object Repository/Page_Paypal/txt_password' is cleared

2018-08-27 10:04:10 - [MESSAGE][PASSED] - Keys 'Tr@ng99%' sent to object: 'Object Repository/Page_Paypal/txt_password'

2018-08-27 10:04:20 - [MESSAGE][PASSED] - Object: 'Object Repository/Page_Paypal/btn_login' is clicked on

2018-08-27 10:04:27 - [MESSAGE][PASSED] - Object 'Object Repository/Page_Paypal/btn_payNow' is present

2018-08-27 10:04:32 - [MESSAGE][PASSED] - Delayed 5 second(s)

2018-08-27 10:04:32 - [MESSAGE][PASSED] - Object: 'Object Repository/Page_Paypal/btn_payNow' is clicked on

2018-08-27 10:04:50 - [MESSAGE][PASSED] - Object 'Object Repository/Page_Checkout/lbl_orderReceived' is present

2018-08-27 10:04:50 - [MESSAGE][PASSED] - beautytap.ShopAction.checkoutViaPaypal is PASSED

2018-08-27 10:04:50 - [TEST_STEP][PASSED] - beautytap.ShopAction.VerifyOrderReceivedDetails: Keyword VerifyOrderReceivedDetails is Passed

2018-08-27 10:04:50 - [MESSAGE][PASSED] - Object '' is present

2018-08-27 10:04:50 - [MESSAGE][PASSED] - Text of object '' is: '$95.40'

2018-08-27 10:04:50 - [MESSAGE][PASSED] - Text of object '' is: 'US. Est. 5 working days to ship (after processing)'

2018-08-27 10:05:22 - [MESSAGE][WARNING] - com.kms.katalon.core.webui.exception.WebElementNotFoundException: Web element with id: '' located by 'By.xpath: //th[text()='Shipping:']/parent::tr/td/span' not found
[[ATTACHMENT|E:\\BeautytapAutomation\\beautytapAuto\\Beautytap\\Reports\\TS1\\20180827_095303\\1535339121730.png]]

2018-08-27 10:05:22 - [MESSAGE][PASSED] - Text of object '' is: 'PayPal'

2018-08-27 10:05:22 - [MESSAGE][PASSED] - Text of object '' is: '$95.40'

2018-08-27 10:05:22 - [MESSAGE][PASSED] - Keyword VerifyOrderReceivedDetails is Passed

2018-08-27 10:05:22 - [TEST_STEP][PASSED] - closeBrowser: Browser is closed

2018-08-27 10:05:23 - [MESSAGE][PASSED] - Browser is closed]]></system-out>
         <system-err><![CDATA[]]></system-err>
      </testcase>
      <testcase name="Test Cases/Shop/TC06_Browse_VariationProduct_Sale_AmazonPayAtCart_LessThan60_EMS" classname="Test Cases/Shop/TC06_Browse_VariationProduct_Sale_AmazonPayAtCart_LessThan60_EMS" status="PASSED">
         <system-out><![CDATA[2018-08-27 10:05:23 - [TEST_CASE][PASSED] - Test Cases/Shop/TC06_Browse_VariationProduct_Sale_AmazonPayAtCart_LessThan60_EMS: Test Cases/Shop/TC06_Browse_VariationProduct_Sale_AmazonPayAtCart_LessThan60_EMS

2018-08-27 10:05:23 - [TEST_STEP][PASSED] - Statement - productName = VARIATION_SALE_PRODUCT: null

2018-08-27 10:05:23 - [TEST_STEP][PASSED] - Statement - saleprice = VARIATION_SALE_PRICE1: null

2018-08-27 10:05:23 - [TEST_STEP][PASSED] - Statement - redularprice = VARIATION_SALE_REGULAR_PRICE1: null

2018-08-27 10:05:23 - [TEST_STEP][PASSED] - Statement - variation = VARIATION_SALE_NAME1: null

2018-08-27 10:05:23 - [TEST_STEP][PASSED] - Statement - r_string = new java.lang.Math().random().toString().substring(2, 8): null

2018-08-27 10:05:23 - [TEST_STEP][PASSED] - Statement - email = "auto" + r_string + "@mailinator.com": null

2018-08-27 10:05:23 - [TEST_STEP][PASSED] - Statement - orderNote = "auto" + r_string + "Order": null

2018-08-27 10:05:23 - [TEST_STEP][PASSED] - Statement - currentNumberItemInCart = <not implemented yet for class: org.codehaus.groovy.ast.expr.EmptyExpression>: null

2018-08-27 10:05:23 - [TEST_STEP][PASSED] - Statement - quantity = 5: null

2018-08-27 10:05:23 - [TEST_STEP][PASSED] - Statement - shippingLabel = EMS_SHIPPING_LABEL: null

2018-08-27 10:05:23 - [TEST_STEP][PASSED] - Statement - shippingPrice = EMS_SHIPPING_PRICE: null

2018-08-27 10:05:23 - [TEST_STEP][PASSED] - Statement - subtotal = CustomKeywords.beautytap.ShopAction.calculateTotal(quantity, saleprice): beautytap.ShopAction.calculateTotal is PASSED

2018-08-27 10:05:23 - [MESSAGE][PASSED] - beautytap.ShopAction.calculateTotal is PASSED

2018-08-27 10:05:23 - [TEST_STEP][PASSED] - Statement - total = subtotal + shippingPrice: null

2018-08-27 10:05:23 - [TEST_STEP][PASSED] - Statement - total = CustomKeywords.beautytap.ShopAction.calculateTotal(1, total): beautytap.ShopAction.calculateTotal is PASSED

2018-08-27 10:05:23 - [MESSAGE][PASSED] - beautytap.ShopAction.calculateTotal is PASSED

2018-08-27 10:05:23 - [TEST_STEP][PASSED] - Statement - products = new org.json.JSONArray((((((((([{"productname":" + productName) + ","variation":") + variation) + ","quantity":") + quantity) + ","price":") + saleprice) + "}])): null

2018-08-27 10:05:23 - [TEST_STEP][PASSED] - Statement - billingInformation = new org.json.JSONObject((({"firstname":"Test","lastname":"Automation","country":"United States (US)","address":"123 Testing","city":"New York","state":"New York","zip":"90012","email":" + email) + "})): null

2018-08-27 10:05:23 - [TEST_STEP][PASSED] - Statement - shippingType = "EMS": null

2018-08-27 10:05:23 - [TEST_STEP][PASSED] - Statement - paymentMethod = "Amazon Pay": null

2018-08-27 10:05:23 - [TEST_STEP][PASSED] - Statement - category = "Brands": null

2018-08-27 10:05:23 - [TEST_STEP][PASSED] - Statement - subcategory = "Innisfree": null

2018-08-27 10:05:23 - [TEST_STEP][PASSED] - beautytap.GeneralAction.openBeautytap: beautytap.GeneralAction.openBeautytap is PASSED

2018-08-27 10:05:35 - [MESSAGE][PASSED] - Browser is opened with url: 'https://stage.beautytap.com'

2018-08-27 10:05:36 - [MESSAGE][PASSED] - Current window maximized

2018-08-27 10:05:38 - [MESSAGE][PASSED] - Refresh successfully

2018-08-27 10:05:38 - [MESSAGE][PASSED] - Wait for page load successfully

2018-08-27 10:05:38 - [MESSAGE][PASSED] - beautytap.GeneralAction.openBeautytap is PASSED

2018-08-27 10:05:38 - [TEST_STEP][PASSED] - beautytap.ShopAction.selectCategory: beautytap.ShopAction.selectCategory is PASSED

2018-08-27 10:05:39 - [MESSAGE][PASSED] - Object: '' is clicked on

2018-08-27 10:05:41 - [MESSAGE][PASSED] - Delayed 2 second(s)

2018-08-27 10:05:49 - [MESSAGE][PASSED] - Object: '' is clicked on

2018-08-27 10:05:49 - [MESSAGE][PASSED] - Wait for page load successfully

2018-08-27 10:05:49 - [MESSAGE][PASSED] - beautytap.ShopAction.selectCategory is PASSED

2018-08-27 10:05:49 - [TEST_STEP][PASSED] - beautytap.ShopAction.findProductOnProductList: beautytap.ShopAction.findProductOnProductList is PASSED

2018-08-27 10:05:49 - [MESSAGE][PASSED] - Text of object '' is: '3'

2018-08-27 10:05:55 - [MESSAGE][WARNING] - com.kms.katalon.core.webui.exception.WebElementNotFoundException: Web element with id: '' located by 'By.xpath: //a[text()='Innisfree Eye Contouring Stick Round Shape 0.7g']' not found
[[ATTACHMENT|E:\\BeautytapAutomation\\beautytapAuto\\Beautytap\\Reports\\TS1\\20180827_095303\\1535339155046.png]]

2018-08-27 10:06:02 - [MESSAGE][PASSED] - Object: '' is clicked on

2018-08-27 10:06:02 - [MESSAGE][PASSED] - Wait for page load successfully

2018-08-27 10:06:02 - [MESSAGE][PASSED] - Object '' is present

2018-08-27 10:06:02 - [MESSAGE][PASSED] - beautytap.ShopAction.findProductOnProductList is PASSED

2018-08-27 10:06:02 - [TEST_STEP][PASSED] - beautytap.ShopAction.VerifyProductOnProductList: Keyword VerifyProductOnProductList is Passed

2018-08-27 10:06:02 - [MESSAGE][PASSED] - Object '' is present

2018-08-27 10:06:02 - [MESSAGE][PASSED] - Text of object '' is: '$4.95'

2018-08-27 10:06:03 - [MESSAGE][PASSED] - Get CSS 'color' value on '' successfully: 'rgba(255, 35, 134, 1)'.

2018-08-27 10:06:03 - [MESSAGE][PASSED] - Get CSS 'color' value on '' successfully: 'rgba(255, 35, 134, 1)'.

2018-08-27 10:06:03 - [MESSAGE][PASSED] - Text of object '' is: '$6.50'

2018-08-27 10:06:03 - [MESSAGE][PASSED] - Get CSS 'color' value on '' successfully: 'rgba(255, 35, 134, 1)'.

2018-08-27 10:06:03 - [MESSAGE][PASSED] - Get CSS 'color' value on '' successfully: 'rgba(255, 35, 134, 1)'.

2018-08-27 10:06:03 - [MESSAGE][PASSED] - Keyword VerifyProductOnProductList is Passed

2018-08-27 10:06:03 - [TEST_STEP][PASSED] - beautytap.ShopAction.selectProductOnProductList: beautytap.ShopAction.selectProductOnProductList is PASSED

2018-08-27 10:06:10 - [MESSAGE][PASSED] - Object: '' is clicked on

2018-08-27 10:06:10 - [MESSAGE][PASSED] - Wait for page load successfully

2018-08-27 10:06:10 - [MESSAGE][PASSED] - beautytap.ShopAction.selectProductOnProductList is PASSED

2018-08-27 10:06:10 - [TEST_STEP][PASSED] - beautytap.ShopAction.selectProductVariation: beautytap.ShopAction.selectProductVariation is PASSED

2018-08-27 10:06:10 - [MESSAGE][PASSED] - Object: 'Object Repository/Page_Shop/drop_chooseOption' is clicked on

2018-08-27 10:06:11 - [MESSAGE][PASSED] - Delayed 1 second(s)

2018-08-27 10:06:12 - [MESSAGE][PASSED] - Object: '' is clicked on

2018-08-27 10:06:12 - [MESSAGE][PASSED] - beautytap.ShopAction.selectProductVariation is PASSED

2018-08-27 10:06:12 - [TEST_STEP][PASSED] - beautytap.ShopAction.VerifyProductDetails: Keyword VerifyProductDetails is Passed

2018-08-27 10:06:12 - [MESSAGE][PASSED] - Text of object '' is: 'Innisfree Eye Contouring Stick Round Shape 0.7g'

2018-08-27 10:06:12 - [MESSAGE][PASSED] - All options with label '5' are selected in object 'Object Repository/Page_Shop/drop_chooseOption' 

2018-08-27 10:06:12 - [MESSAGE][PASSED] - Text of object '' is: '$6.50'

2018-08-27 10:06:13 - [MESSAGE][PASSED] - Get CSS 'color' value on '' successfully: 'rgba(195, 195, 195, 1)'.

2018-08-27 10:06:13 - [MESSAGE][PASSED] - Text of object '' is: '$4.95'

2018-08-27 10:06:13 - [MESSAGE][PASSED] - Get CSS 'color' value on '' successfully: 'rgba(255, 35, 134, 1)'.

2018-08-27 10:06:13 - [MESSAGE][PASSED] - Keyword VerifyProductDetails is Passed

2018-08-27 10:06:13 - [TEST_STEP][PASSED] - Statement - currentNumberItemInCart = CustomKeywords.beautytap.ShopAction.getNumberItemInCart(): beautytap.ShopAction.getNumberItemInCart is PASSED

2018-08-27 10:06:44 - [MESSAGE][WARNING] - com.kms.katalon.core.webui.exception.WebElementNotFoundException: Web element with id: '' located by 'By.xpath: //div[@class='header-right-top pull-right']/a[@class='shop-cart']/span[@class='number-cart']' not found
[[ATTACHMENT|E:\\BeautytapAutomation\\beautytapAuto\\Beautytap\\Reports\\TS1\\20180827_095303\\1535339204580.png]]

2018-08-27 10:06:44 - [MESSAGE][PASSED] - beautytap.ShopAction.getNumberItemInCart is PASSED

2018-08-27 10:06:44 - [TEST_STEP][PASSED] - beautytap.ShopAction.addProductToCart: beautytap.ShopAction.addProductToCart is PASSED

2018-08-27 10:06:44 - [MESSAGE][PASSED] - Text of object 'Object Repository/Page_Shop/txt_quantity' is cleared

2018-08-27 10:06:45 - [MESSAGE][PASSED] - Keys '5' sent to object: 'Object Repository/Page_Shop/txt_quantity'

2018-08-27 10:06:45 - [MESSAGE][PASSED] - Object: 'Object Repository/Page_Shop/btn_addToCart' is clicked on

2018-08-27 10:06:45 - [MESSAGE][PASSED] - Wait for page load successfully

2018-08-27 10:06:51 - [MESSAGE][PASSED] - Object 'Object Repository/Page_Shop/lbl_message' is present

2018-08-27 10:06:51 - [MESSAGE][PASSED] - beautytap.ShopAction.addProductToCart is PASSED

2018-08-27 10:06:51 - [TEST_STEP][PASSED] - beautytap.ShopAction.VerifyNumberItemInCart: Keyword VerifyNumberItemInCart is Passed, Number item in cart is 5, expected is 5

2018-08-27 10:06:51 - [MESSAGE][PASSED] - Object '' is present

2018-08-27 10:06:51 - [MESSAGE][PASSED] - Text of object '' is: '5'

2018-08-27 10:06:51 - [MESSAGE][PASSED] - Keyword VerifyNumberItemInCart is Passed, Number item in cart is 5, expected is 5

2018-08-27 10:06:51 - [TEST_STEP][PASSED] - beautytap.ShopAction.VerifyProductIsAddedToCart: beautytap.ShopAction.VerifyProductIsAddedToCart is PASSED

2018-08-27 10:06:51 - [MESSAGE][PASSED] - Object '' is present

2018-08-27 10:06:51 - [MESSAGE][PASSED] - beautytap.ShopAction.VerifyProductIsAddedToCart is PASSED

2018-08-27 10:06:51 - [TEST_STEP][PASSED] - beautytap.ShopAction.goToCart: beautytap.ShopAction.goToCart is PASSED

2018-08-27 10:06:55 - [MESSAGE][PASSED] - Object: 'Object Repository/Page_General/icon_cart' is clicked on

2018-08-27 10:06:55 - [MESSAGE][PASSED] - Wait for page load successfully

2018-08-27 10:06:55 - [MESSAGE][PASSED] - beautytap.ShopAction.goToCart is PASSED

2018-08-27 10:06:55 - [TEST_STEP][PASSED] - beautytap.ShopAction.VerifyProductInCart: Keyword VerifyProductInCart is Passed

2018-08-27 10:06:55 - [MESSAGE][PASSED] - Object '' is present

2018-08-27 10:06:56 - [MESSAGE][PASSED] - Text of object '' is: '$4.95'

2018-08-27 10:06:56 - [MESSAGE][PASSED] - Attribute 'value' of object '' is: '5'

2018-08-27 10:06:56 - [MESSAGE][PASSED] - Text of object '' is: '$24.75'

2018-08-27 10:06:56 - [MESSAGE][PASSED] - Keyword VerifyProductInCart is Passed

2018-08-27 10:06:56 - [TEST_STEP][PASSED] - beautytap.ShopAction.loginAmazonPay: beautytap.ShopAction.loginAmazonPay is PASSED

2018-08-27 10:06:56 - [MESSAGE][PASSED] - Object: 'Object Repository/Page_Cart/btn_payWithAmazon' is clicked on

2018-08-27 10:06:56 - [MESSAGE][PASSED] - Switched to window with index: '1'

2018-08-27 10:06:58 - [MESSAGE][PASSED] - Object 'Object Repository/Popup_Amazon/txt_email' is present

2018-08-27 10:06:58 - [MESSAGE][PASSED] - Text of object 'Object Repository/Popup_Amazon/txt_email' is cleared

2018-08-27 10:06:58 - [MESSAGE][PASSED] - Keys 'amazontest1503@yopmail.com' sent to object: 'Object Repository/Popup_Amazon/txt_email'

2018-08-27 10:06:58 - [MESSAGE][PASSED] - Text of object 'Object Repository/Popup_Amazon/txt_password' is cleared

2018-08-27 10:06:59 - [MESSAGE][PASSED] - Keys '123456' sent to object: 'Object Repository/Popup_Amazon/txt_password'

2018-08-27 10:07:01 - [MESSAGE][PASSED] - Object: 'Object Repository/Popup_Amazon/btn_signin' is clicked on

2018-08-27 10:07:01 - [MESSAGE][PASSED] - Switched to window with index: '0'

2018-08-27 10:07:31 - [MESSAGE][PASSED] - Delayed 30 second(s)

2018-08-27 10:07:31 - [MESSAGE][PASSED] - beautytap.ShopAction.loginAmazonPay is PASSED

2018-08-27 10:07:31 - [TEST_STEP][PASSED] - beautytap.ShopAction.selectShipping: beautytap.ShopAction.selectShipping is PASSED

2018-08-27 10:07:32 - [MESSAGE][PASSED] - Object '' is checked

2018-08-27 10:07:37 - [MESSAGE][PASSED] - Delayed 5 second(s)

2018-08-27 10:07:37 - [MESSAGE][PASSED] - beautytap.ShopAction.selectShipping is PASSED

2018-08-27 10:07:37 - [TEST_STEP][PASSED] - beautytap.ShopAction.VerifyOrderDetailsOnCheckout: Keyword VerifyOrderDetailsOnCheckout is Passed

2018-08-27 10:07:37 - [MESSAGE][PASSED] - Object '' is present

2018-08-27 10:07:37 - [MESSAGE][PASSED] - Text of object '' is: '$24.75'

2018-08-27 10:07:37 - [MESSAGE][PASSED] - Object '' has attribute 'checked'

2018-08-27 10:07:37 - [MESSAGE][PASSED] - Text of object '' is: '($25) - EMS Express shipping (est. 10-14 working days delivery including processing): $25.00'

2018-08-27 10:07:37 - [MESSAGE][PASSED] - Text of object '' is: '$25.00'

2018-08-27 10:07:37 - [MESSAGE][PASSED] - Text of object '' is: '$49.75'

2018-08-27 10:07:37 - [MESSAGE][PASSED] - Keyword VerifyOrderDetailsOnCheckout is Passed

2018-08-27 10:07:37 - [TEST_STEP][PASSED] - beautytap.ShopAction.checkoutViaAmazonPay: beautytap.ShopAction.checkoutViaAmazonPay is PASSED

2018-08-27 10:07:37 - [MESSAGE][PASSED] - Object 'Object Repository/Page_Checkout/chk_terms' is clickable

2018-08-27 10:07:37 - [MESSAGE][PASSED] - Object 'Object Repository/Page_Checkout/chk_terms' is checked

2018-08-27 10:07:37 - [MESSAGE][PASSED] - Object: 'Object Repository/Page_Checkout/btn_placeOrder' is clicked on

2018-08-27 10:07:49 - [MESSAGE][PASSED] - Object 'Object Repository/Page_Checkout/lbl_orderReceived' is present

2018-08-27 10:07:49 - [MESSAGE][PASSED] - beautytap.ShopAction.checkoutViaAmazonPay is PASSED

2018-08-27 10:07:49 - [TEST_STEP][PASSED] - beautytap.ShopAction.VerifyOrderReceivedDetails: Keyword VerifyOrderReceivedDetails is Passed

2018-08-27 10:07:49 - [MESSAGE][PASSED] - Object '' is present

2018-08-27 10:07:49 - [MESSAGE][PASSED] - Text of object '' is: '$24.75'

2018-08-27 10:07:49 - [MESSAGE][PASSED] - Text of object '' is: '$25.00 via ($25) - EMS Express shipping (est. 10-14 working days delivery including processing)'

2018-08-27 10:07:49 - [MESSAGE][PASSED] - Object '' is present

2018-08-27 10:07:49 - [MESSAGE][PASSED] - Text of object '' is: '$25.00'

2018-08-27 10:07:50 - [MESSAGE][PASSED] - Text of object '' is: 'Amazon Pay'

2018-08-27 10:07:50 - [MESSAGE][PASSED] - Text of object '' is: '$49.75'

2018-08-27 10:07:50 - [MESSAGE][PASSED] - Keyword VerifyOrderReceivedDetails is Passed

2018-08-27 10:07:50 - [TEST_STEP][PASSED] - closeBrowser: Browser is closed

2018-08-27 10:07:50 - [MESSAGE][PASSED] - Browser is closed]]></system-out>
         <system-err><![CDATA[]]></system-err>
      </testcase>
      <system-out><![CDATA[2018-08-27 09:53:06 - [TEST_SUITE][FAILED] - TS1: Test Cases/SignUp_Login_ResetPass/TC01_SignUp_Login_ResetPassword_Via_Email FAILED because (of) Unable to click on object '' (Root cause: org.openqa.selenium.StaleElementReferenceException: stale element reference: element is not attached to the page document
  (Session info: chrome=68.0.3440.106)
  (Driver info: chromedriver=2.35.528161 (5b82f2d2aae0ca24b877009200ced9065a772e73),platform=Windows NT 10.0.17134 x86_64) (WARNING: The server did not provide any stacktrace information)
Command duration or timeout: 0 milliseconds
For documentation on this error, please visit: http://seleniumhq.org/exceptions/stale_element_reference.html
Build info: version: '3.7.1', revision: '8a0099a', time: '2017-11-06T21:07:36.161Z'
System info: host: 'DESKTOP-G1UHP65', ip: '10.0.0.151', os.name: 'Windows 10', os.arch: 'amd64', os.version: '10.0', java.version: '1.8.0_102'
Driver info: com.kms.katalon.selenium.driver.CChromeDriver
Capabilities {acceptInsecureCerts: false, acceptSslCerts: false, applicationCacheEnabled: false, browserConnectionEnabled: false, browserName: chrome, chrome: {chromedriverVersion: 2.35.528161 (5b82f2d2aae0ca..., userDataDir: C:\Users\TRANGN~1\AppData\L...}, cssSelectorsEnabled: true, databaseEnabled: false, handlesAlerts: true, hasTouchScreen: false, javascriptEnabled: true, locationContextEnabled: true, mobileEmulationEnabled: false, nativeEvents: true, networkConnectionEnabled: false, pageLoadStrategy: normal, platform: XP, platformName: XP, rotatable: false, setWindowRect: true, takesHeapSnapshot: true, takesScreenshot: true, unexpectedAlertBehaviour: , unhandledPromptBehavior: , version: 68.0.3440.106, webStorageEnabled: true}
Session ID: aa1b365cce3ed3ea46d368498e3914a7)]]></system-out>
      <system-err><![CDATA[2018-08-27 09:53:06 - [TEST_SUITE][FAILED] - TS1: Test Cases/SignUp_Login_ResetPass/TC01_SignUp_Login_ResetPassword_Via_Email FAILED because (of) Unable to click on object '' (Root cause: org.openqa.selenium.StaleElementReferenceException: stale element reference: element is not attached to the page document
  (Session info: chrome=68.0.3440.106)
  (Driver info: chromedriver=2.35.528161 (5b82f2d2aae0ca24b877009200ced9065a772e73),platform=Windows NT 10.0.17134 x86_64) (WARNING: The server did not provide any stacktrace information)
Command duration or timeout: 0 milliseconds
For documentation on this error, please visit: http://seleniumhq.org/exceptions/stale_element_reference.html
Build info: version: '3.7.1', revision: '8a0099a', time: '2017-11-06T21:07:36.161Z'
System info: host: 'DESKTOP-G1UHP65', ip: '10.0.0.151', os.name: 'Windows 10', os.arch: 'amd64', os.version: '10.0', java.version: '1.8.0_102'
Driver info: com.kms.katalon.selenium.driver.CChromeDriver
Capabilities {acceptInsecureCerts: false, acceptSslCerts: false, applicationCacheEnabled: false, browserConnectionEnabled: false, browserName: chrome, chrome: {chromedriverVersion: 2.35.528161 (5b82f2d2aae0ca..., userDataDir: C:\Users\TRANGN~1\AppData\L...}, cssSelectorsEnabled: true, databaseEnabled: false, handlesAlerts: true, hasTouchScreen: false, javascriptEnabled: true, locationContextEnabled: true, mobileEmulationEnabled: false, nativeEvents: true, networkConnectionEnabled: false, pageLoadStrategy: normal, platform: XP, platformName: XP, rotatable: false, setWindowRect: true, takesHeapSnapshot: true, takesScreenshot: true, unexpectedAlertBehaviour: , unhandledPromptBehavior: , version: 68.0.3440.106, webStorageEnabled: true}
Session ID: aa1b365cce3ed3ea46d368498e3914a7)]]></system-err>
   </testsuite>
</testsuites>
