<?xml version="1.0" encoding="UTF-8"?>
<testsuites name="Regression" time="1894" tests="9" failures="0" errors="0">
   <testsuite name="Regression" tests="9" failures="0" errors="0" time="1894" timestamp="2018-09-29 11:25:13" hostname="Trang Nguyen - 192.168.1.8" id="Test Suites/Regression">
      <properties>
[...]
</properties>
      <testcase name="Test Cases/Shop/TC09_ScheduleSale_LimitStock_SimpleProduct" classname="Test Cases/Shop/TC09_ScheduleSale_LimitStock_SimpleProduct" status="PASSED">
         <system-out><![CDATA[2018-09-29 11:25:14 - [TEST_CASE][PASSED] - Test Cases/Shop/TC09_ScheduleSale_LimitStock_SimpleProduct: Test Cases/Shop/TC09_ScheduleSale_LimitStock_SimpleProduct

2018-09-29 11:25:15 - [TEST_STEP][PASSED] - Statement - productName = SCHEDULE_SIMPLE_PRODUCT: null

2018-09-29 11:25:15 - [TEST_STEP][PASSED] - Statement - regularPrice = SCHEDULE_REGULAR_PRICE: null

2018-09-29 11:25:15 - [TEST_STEP][PASSED] - Statement - salePrice = SCHEDULE_SALE_PRICE: null

2018-09-29 11:25:15 - [TEST_STEP][PASSED] - Statement - quantity = 6: null

2018-09-29 11:25:15 - [TEST_STEP][PASSED] - Statement - subtotalRegular = CustomKeywords.beautytap.ShopAction.calculateTotal(quantity, regularPrice): beautytap.ShopAction.calculateTotal is PASSED

2018-09-29 11:25:15 - [MESSAGE][PASSED] - beautytap.ShopAction.calculateTotal is PASSED

2018-09-29 11:25:15 - [TEST_STEP][PASSED] - Statement - subtotalSale = CustomKeywords.beautytap.ShopAction.calculateTotal(1, salePrice): beautytap.ShopAction.calculateTotal is PASSED

2018-09-29 11:25:15 - [MESSAGE][PASSED] - beautytap.ShopAction.calculateTotal is PASSED

2018-09-29 11:25:15 - [TEST_STEP][PASSED] - Statement - shippingType = "free": null

2018-09-29 11:25:15 - [TEST_STEP][PASSED] - Statement - shippingLabel = FREE_SHIPPING_LABEL: null

2018-09-29 11:25:15 - [TEST_STEP][PASSED] - Statement - shippingTypeSale = "normal": null

2018-09-29 11:25:15 - [TEST_STEP][PASSED] - Statement - shippingLabelSale = SHIPPING_LABEL: null

2018-09-29 11:25:15 - [TEST_STEP][PASSED] - Statement - shippingPriceSale = SHIPPING_PRICE: null

2018-09-29 11:25:15 - [TEST_STEP][PASSED] - Statement - totalSale = java.lang.Float.parseFloat(java.lang.String.format("%.2f", subtotalSale + shippingPriceSale)): null

2018-09-29 11:25:15 - [TEST_STEP][PASSED] - Statement - schedulTimeout = 300: null

2018-09-29 11:25:16 - [TEST_STEP][PASSED] - Statement - limitStockSchedule = "yes": null

2018-09-29 11:25:16 - [TEST_STEP][PASSED] - Statement - variation = new org.json.JSONArray(): null

2018-09-29 11:25:16 - [TEST_STEP][PASSED] - Statement - scheduleDelay = 3: null

2018-09-29 11:25:16 - [TEST_STEP][PASSED] - Statement - scheduleDuration = 3: null

2018-09-29 11:25:16 - [TEST_STEP][PASSED] - Statement - paymentMethod = "Amazon Pay": null

2018-09-29 11:25:16 - [TEST_STEP][PASSED] - beautytap.GeneralAction.openBeautytap: beautytap.GeneralAction.openBeautytap is PASSED

2018-09-29 11:25:26 - [MESSAGE][PASSED] - Browser is opened with url: 'https://stage.beautytap.com/wp-admin'

2018-09-29 11:25:27 - [MESSAGE][PASSED] - Current window maximized

2018-09-29 11:25:30 - [MESSAGE][PASSED] - Refresh successfully

2018-09-29 11:25:30 - [MESSAGE][PASSED] - Wait for page load successfully

2018-09-29 11:25:30 - [MESSAGE][PASSED] - beautytap.GeneralAction.openBeautytap is PASSED

2018-09-29 11:25:30 - [TEST_STEP][PASSED] - beautytap.GeneralAction.login: beautytap.GeneralAction.login is PASSED

2018-09-29 11:25:30 - [MESSAGE][PASSED] - Text of object 'Object Repository/Page_login/txt_username' is cleared

2018-09-29 11:25:31 - [MESSAGE][PASSED] - Keys 'mrwhite' sent to object: 'Object Repository/Page_login/txt_username'

2018-09-29 11:25:31 - [MESSAGE][PASSED] - Text of object 'Object Repository/Page_login/txt_password' is cleared

2018-09-29 11:25:31 - [MESSAGE][PASSED] - Keys 'kgySM$Im' sent to object: 'Object Repository/Page_login/txt_password'

2018-09-29 11:25:37 - [MESSAGE][PASSED] - Object: 'Object Repository/Page_login/btn_login' is clicked on

2018-09-29 11:25:37 - [MESSAGE][PASSED] - Wait for page load successfully

2018-09-29 11:25:37 - [MESSAGE][PASSED] - beautytap.GeneralAction.login is PASSED

2018-09-29 11:25:37 - [TEST_STEP][PASSED] - beautytap.AdminAction.selectAdminMenu: beautytap.AdminAction.selectAdminMenu is PASSED

2018-09-29 11:25:44 - [MESSAGE][PASSED] - Object: '' is clicked on

2018-09-29 11:25:44 - [MESSAGE][PASSED] - Wait for page load successfully

2018-09-29 11:25:44 - [MESSAGE][PASSED] - beautytap.AdminAction.selectAdminMenu is PASSED

2018-09-29 11:25:44 - [TEST_STEP][PASSED] - Statement - datetime = CustomKeywords.beautytap.ShopAction.generateScheduleDateTime(TIMEZONE, scheduleDelay, scheduleDuration): beautytap.ShopAction.generateScheduleDateTime is PASSED

2018-09-29 11:25:44 - [MESSAGE][PASSED] - beautytap.ShopAction.generateScheduleDateTime is PASSED

2018-09-29 11:25:44 - [TEST_STEP][PASSED] - Statement - startDate = datetime.get("startdate"): null

2018-09-29 11:25:44 - [TEST_STEP][PASSED] - Statement - endDate = datetime.get("enddate"): null

2018-09-29 11:25:44 - [TEST_STEP][PASSED] - beautytap.AdminAction.scheduleSaleProduct: beautytap.AdminAction.scheduleSaleProduct is PASSED

2018-09-29 11:25:44 - [MESSAGE][PASSED] - Text of object 'Object Repository/Page_Admin/txt_searchProduct' is cleared

2018-09-29 11:25:45 - [MESSAGE][PASSED] - Keys 'PURITO Defence Barrier pH Cleanser 150ml' sent to object: 'Object Repository/Page_Admin/txt_searchProduct'

2018-09-29 11:25:49 - [MESSAGE][PASSED] - Object: 'Object Repository/Page_Admin/btn_searchProduct' is clicked on

2018-09-29 11:25:57 - [MESSAGE][PASSED] - Object: '' is clicked on

2018-09-29 11:26:07 - [MESSAGE][PASSED] - Delayed 10 second(s)

2018-09-29 11:26:13 - [MESSAGE][WARNING] - com.kms.katalon.core.webui.exception.WebElementNotFoundException: Web element with id: 'Object Repository/Page_Admin/link_schedule' located by 'By.xpath: //a[@class='sale_schedule' and text()='Schedule' and not(@style='display: none;')]' not found
[[ATTACHMENT|E:\\BeautytapAutomation\\beautytapAuto\\Beautytap\\Reports\\Regression\\20180929_112511\\1538195172836.png]]

2018-09-29 11:26:13 - [MESSAGE][PASSED] - Text of object 'Object Repository/Page_Admin/txt_salePrice' is cleared

2018-09-29 11:26:13 - [MESSAGE][PASSED] - Keys '10.8' sent to object: 'Object Repository/Page_Admin/txt_salePrice'

2018-09-29 11:26:13 - [MESSAGE][PASSED] - Text of object 'Object Repository/Page_Admin/txt_salePriceDateFrom' is cleared

2018-09-29 11:26:14 - [MESSAGE][PASSED] - Keys '2018-09-29 04:28:44' sent to object: 'Object Repository/Page_Admin/txt_salePriceDateFrom'

2018-09-29 11:26:14 - [MESSAGE][PASSED] - Text of object 'Object Repository/Page_Admin/txt_salePriceDateTo' is cleared

2018-09-29 11:26:14 - [MESSAGE][PASSED] - Keys '2018-09-29 04:31:44' sent to object: 'Object Repository/Page_Admin/txt_salePriceDateTo'

2018-09-29 11:26:14 - [MESSAGE][PASSED] - Object 'Object Repository/Page_Admin/chk_soldIndividualScheduled' is checked

2018-09-29 11:26:14 - [MESSAGE][PASSED] - Object: 'Object Repository/Page_Admin/txt_productName' is focused

2018-09-29 11:26:24 - [MESSAGE][PASSED] - Delayed 10 second(s)

2018-09-29 11:26:25 - [MESSAGE][PASSED] - Object: 'Object Repository/Page_Admin/btn_updateProduct' is clicked on

2018-09-29 11:26:35 - [MESSAGE][PASSED] - Object 'Object Repository/Page_Admin/lbl_productUpdatedMessage' is present

2018-09-29 11:26:35 - [MESSAGE][PASSED] - Wait for page load successfully

2018-09-29 11:26:35 - [MESSAGE][PASSED] - beautytap.AdminAction.scheduleSaleProduct is PASSED

2018-09-29 11:26:35 - [TEST_STEP][PASSED] - closeBrowser: Browser is closed

2018-09-29 11:26:36 - [MESSAGE][PASSED] - Browser is closed

2018-09-29 11:26:36 - [TEST_STEP][PASSED] - beautytap.GeneralAction.openBeautytap: beautytap.GeneralAction.openBeautytap is PASSED

2018-09-29 11:26:49 - [MESSAGE][PASSED] - Browser is opened with url: 'https://stage.beautytap.com'

2018-09-29 11:26:50 - [MESSAGE][PASSED] - Current window maximized

2018-09-29 11:26:54 - [MESSAGE][PASSED] - Refresh successfully

2018-09-29 11:26:54 - [MESSAGE][PASSED] - Wait for page load successfully

2018-09-29 11:26:54 - [MESSAGE][PASSED] - beautytap.GeneralAction.openBeautytap is PASSED

2018-09-29 11:26:54 - [TEST_STEP][PASSED] - beautytap.ShopAction.globalSearch: beautytap.ShopAction.globalSearch is PASSED

2018-09-29 11:26:54 - [MESSAGE][PASSED] - Object: 'Object Repository/Page_General/icon_search' is clicked on

2018-09-29 11:26:59 - [MESSAGE][PASSED] - Delayed 5 second(s)

2018-09-29 11:26:59 - [MESSAGE][PASSED] - Text of object 'Object Repository/Page_General/txt_search' is cleared

2018-09-29 11:27:00 - [MESSAGE][PASSED] - Keys 'CONTROL + v' sent to object: 'Object Repository/Page_General/txt_search'

2018-09-29 11:27:01 - [MESSAGE][PASSED] - Object 'Object Repository/Page_General/div_searchResult' is present

2018-09-29 11:27:01 - [MESSAGE][PASSED] - beautytap.ShopAction.globalSearch is PASSED

2018-09-29 11:27:01 - [TEST_STEP][PASSED] - beautytap.ShopAction.VerifyProductOnSearchResult: Keyword VerifyProductOnSearchResult is Passed

2018-09-29 11:27:01 - [MESSAGE][PASSED] - Object '' is present

2018-09-29 11:27:01 - [MESSAGE][PASSED] - Text of object '' is: '$12.80'

2018-09-29 11:27:01 - [MESSAGE][PASSED] - Get CSS 'color' value on '' successfully: 'rgba(255, 35, 134, 1)'.

2018-09-29 11:27:01 - [MESSAGE][PASSED] - Get CSS 'color' value on '' successfully: 'rgba(255, 35, 134, 1)'.

2018-09-29 11:27:01 - [MESSAGE][PASSED] - Keyword VerifyProductOnSearchResult is Passed

2018-09-29 11:27:01 - [TEST_STEP][PASSED] - beautytap.ShopAction.selectProductOnSearchResult: beautytap.ShopAction.selectProductOnSearchResult is PASSED

2018-09-29 11:27:06 - [MESSAGE][PASSED] - Object: '' is clicked on

2018-09-29 11:27:06 - [MESSAGE][PASSED] - Wait for page load successfully

2018-09-29 11:27:06 - [MESSAGE][PASSED] - beautytap.ShopAction.selectProductOnSearchResult is PASSED

2018-09-29 11:27:06 - [TEST_STEP][PASSED] - beautytap.ShopAction.VerifyProductDetails: Keyword VerifyProductDetails is Passed

2018-09-29 11:27:06 - [MESSAGE][PASSED] - Text of object '' is: 'PURITO Defence Barrier pH Cleanser 150ml'

2018-09-29 11:27:06 - [MESSAGE][PASSED] - Text of object '' is: '$12.80'

2018-09-29 11:27:06 - [MESSAGE][PASSED] - Get CSS 'color' value on '' successfully: 'rgba(255, 35, 134, 1)'.

2018-09-29 11:27:06 - [MESSAGE][PASSED] - Keyword VerifyProductDetails is Passed

2018-09-29 11:27:06 - [TEST_STEP][PASSED] - beautytap.ShopAction.selectCategory: beautytap.ShopAction.selectCategory is PASSED

2018-09-29 11:27:13 - [MESSAGE][PASSED] - Object: '' is clicked on

2018-09-29 11:27:13 - [MESSAGE][PASSED] - Wait for page load successfully

2018-09-29 11:27:13 - [MESSAGE][PASSED] - beautytap.ShopAction.selectCategory is PASSED

2018-09-29 11:27:13 - [TEST_STEP][PASSED] - beautytap.ShopAction.findProductOnProductList: beautytap.ShopAction.findProductOnProductList is PASSED

2018-09-29 11:27:13 - [MESSAGE][PASSED] - Text of object '' is: '77'

2018-09-29 11:27:19 - [MESSAGE][WARNING] - com.kms.katalon.core.webui.exception.WebElementNotFoundException: Web element with id: '' located by 'By.xpath: //a[text()='PURITO Defence Barrier pH Cleanser 150ml']' not found
[[ATTACHMENT|E:\\BeautytapAutomation\\beautytapAuto\\Beautytap\\Reports\\Regression\\20180929_112511\\1538195239014.png]]

2018-09-29 11:27:28 - [MESSAGE][PASSED] - Object: '' is clicked on

2018-09-29 11:27:28 - [MESSAGE][PASSED] - Wait for page load successfully

2018-09-29 11:27:28 - [MESSAGE][PASSED] - Object '' is present

2018-09-29 11:27:28 - [MESSAGE][PASSED] - beautytap.ShopAction.findProductOnProductList is PASSED

2018-09-29 11:27:28 - [TEST_STEP][PASSED] - beautytap.ShopAction.VerifyProductOnProductList: Keyword VerifyProductOnProductList is Passed

2018-09-29 11:27:28 - [MESSAGE][PASSED] - Object '' is present

2018-09-29 11:27:28 - [MESSAGE][PASSED] - Text of object '' is: '$12.80'

2018-09-29 11:27:28 - [MESSAGE][PASSED] - Get CSS 'color' value on '' successfully: 'rgba(255, 35, 134, 1)'.

2018-09-29 11:27:28 - [MESSAGE][PASSED] - Get CSS 'color' value on '' successfully: 'rgba(255, 35, 134, 1)'.

2018-09-29 11:27:28 - [MESSAGE][PASSED] - Keyword VerifyProductOnProductList is Passed

2018-09-29 11:27:28 - [TEST_STEP][PASSED] - beautytap.ShopAction.selectProductOnProductList: beautytap.ShopAction.selectProductOnProductList is PASSED

2018-09-29 11:27:34 - [MESSAGE][PASSED] - Object: '' is clicked on

2018-09-29 11:27:34 - [MESSAGE][PASSED] - Wait for page load successfully

2018-09-29 11:27:34 - [MESSAGE][PASSED] - beautytap.ShopAction.selectProductOnProductList is PASSED

2018-09-29 11:27:34 - [TEST_STEP][PASSED] - beautytap.ShopAction.addProductToCart: beautytap.ShopAction.addProductToCart is PASSED

2018-09-29 11:27:34 - [MESSAGE][PASSED] - Text of object 'Object Repository/Page_Shop/txt_quantity' is cleared

2018-09-29 11:27:34 - [MESSAGE][PASSED] - Keys '6' sent to object: 'Object Repository/Page_Shop/txt_quantity'

2018-09-29 11:27:35 - [MESSAGE][PASSED] - Object: 'Object Repository/Page_Shop/btn_addToCart' is clicked on

2018-09-29 11:27:35 - [MESSAGE][PASSED] - Wait for page load successfully

2018-09-29 11:27:40 - [MESSAGE][PASSED] - Object 'Object Repository/Page_Shop/lbl_message' is present

2018-09-29 11:27:40 - [MESSAGE][PASSED] - beautytap.ShopAction.addProductToCart is PASSED

2018-09-29 11:27:40 - [TEST_STEP][PASSED] - beautytap.ShopAction.goToCart: beautytap.ShopAction.goToCart is PASSED

2018-09-29 11:27:40 - [MESSAGE][PASSED] - Object 'Object Repository/Page_General/icon_cart' is present

2018-09-29 11:27:45 - [MESSAGE][PASSED] - Object: 'Object Repository/Page_General/icon_cart' is clicked on

2018-09-29 11:27:45 - [MESSAGE][PASSED] - Wait for page load successfully

2018-09-29 11:27:45 - [MESSAGE][PASSED] - beautytap.ShopAction.goToCart is PASSED

2018-09-29 11:27:45 - [TEST_STEP][PASSED] - beautytap.ShopAction.VerifyProductInCart: Keyword VerifyProductInCart is Passed

2018-09-29 11:27:45 - [MESSAGE][PASSED] - Object '' is present

2018-09-29 11:27:45 - [MESSAGE][PASSED] - Object '' is present

2018-09-29 11:27:45 - [MESSAGE][PASSED] - Text of object '' is: '$12.80'

2018-09-29 11:27:45 - [MESSAGE][PASSED] - Attribute 'value' of object '' is: '6'

2018-09-29 11:27:45 - [MESSAGE][PASSED] - Text of object '' is: '$76.80'

2018-09-29 11:27:45 - [MESSAGE][PASSED] - Keyword VerifyProductInCart is Passed

2018-09-29 11:27:45 - [TEST_STEP][PASSED] - beautytap.ShopAction.loginAmazonPay: beautytap.ShopAction.loginAmazonPay is PASSED

2018-09-29 11:27:45 - [MESSAGE][PASSED] - Object: 'Object Repository/Page_Cart/btn_payWithAmazon' is clicked on

2018-09-29 11:27:45 - [MESSAGE][PASSED] - Switched to window with index: '1'

2018-09-29 11:27:47 - [MESSAGE][PASSED] - Object 'Object Repository/Popup_Amazon/txt_email' is present

2018-09-29 11:27:47 - [MESSAGE][PASSED] - Text of object 'Object Repository/Popup_Amazon/txt_email' is cleared

2018-09-29 11:27:47 - [MESSAGE][PASSED] - Keys 'amazontest1503@yopmail.com' sent to object: 'Object Repository/Popup_Amazon/txt_email'

2018-09-29 11:27:47 - [MESSAGE][PASSED] - Text of object 'Object Repository/Popup_Amazon/txt_password' is cleared

2018-09-29 11:27:47 - [MESSAGE][PASSED] - Keys '123456' sent to object: 'Object Repository/Popup_Amazon/txt_password'

2018-09-29 11:27:50 - [MESSAGE][PASSED] - Object: 'Object Repository/Popup_Amazon/btn_signin' is clicked on

2018-09-29 11:27:50 - [MESSAGE][PASSED] - Switched to window with index: '0'

2018-09-29 11:28:20 - [MESSAGE][PASSED] - Delayed 30 second(s)

2018-09-29 11:28:20 - [MESSAGE][PASSED] - beautytap.ShopAction.loginAmazonPay is PASSED

2018-09-29 11:28:20 - [TEST_STEP][PASSED] - Statement - productArray = "[{"productname":"" + productName + "","variation":"","quantity":"" + quantity + "","price":"" + regularPrice + ""}]": null

2018-09-29 11:28:20 - [TEST_STEP][PASSED] - Statement - products = new org.json.JSONArray(productArray): null

2018-09-29 11:28:20 - [TEST_STEP][PASSED] - beautytap.ShopAction.VerifyOrderDetailsOnCheckout: Keyword VerifyOrderDetailsOnCheckout is Passed

2018-09-29 11:28:20 - [MESSAGE][PASSED] - Object '' is present

2018-09-29 11:28:20 - [MESSAGE][PASSED] - Text of object '' is: '$76.80'

2018-09-29 11:28:20 - [MESSAGE][PASSED] - Text of object '' is: 'Free shipping for orders over $60
Why does shipping take this long?'

2018-09-29 11:28:20 - [MESSAGE][PASSED] - Text of object '' is: '$76.80'

2018-09-29 11:28:20 - [MESSAGE][PASSED] - Keyword VerifyOrderDetailsOnCheckout is Passed

2018-09-29 11:28:20 - [TEST_STEP][PASSED] - beautytap.ShopAction.checkoutViaAmazonPay: beautytap.ShopAction.checkoutViaAmazonPay is PASSED

2018-09-29 11:28:20 - [MESSAGE][PASSED] - Object 'Object Repository/Page_Checkout/chk_terms' is clickable

2018-09-29 11:28:21 - [MESSAGE][PASSED] - Object 'Object Repository/Page_Checkout/chk_terms' is checked

2018-09-29 11:28:21 - [MESSAGE][PASSED] - Object: 'Object Repository/Page_Checkout/btn_placeOrder' is clicked on

2018-09-29 11:28:34 - [MESSAGE][PASSED] - Object 'Object Repository/Page_Checkout/lbl_orderReceived' is present

2018-09-29 11:28:34 - [MESSAGE][PASSED] - beautytap.ShopAction.checkoutViaAmazonPay is PASSED

2018-09-29 11:28:34 - [TEST_STEP][PASSED] - beautytap.ShopAction.VerifyOrderReceivedDetails: Keyword VerifyOrderReceivedDetails is Passed

2018-09-29 11:28:34 - [MESSAGE][PASSED] - Object '' is present

2018-09-29 11:28:34 - [MESSAGE][PASSED] - Text of object '' is: '$76.80'

2018-09-29 11:28:34 - [MESSAGE][PASSED] - Text of object '' is: 'Free shipping for orders over $60'

2018-09-29 11:28:40 - [MESSAGE][WARNING] - com.kms.katalon.core.webui.exception.WebElementNotFoundException: Web element with id: '' located by 'By.xpath: //th[text()='Shipping:']/parent::tr/td/span' not found
[[ATTACHMENT|E:\\BeautytapAutomation\\beautytapAuto\\Beautytap\\Reports\\Regression\\20180929_112511\\1538195320025.png]]

2018-09-29 11:28:40 - [MESSAGE][PASSED] - Text of object '' is: 'Amazon Pay'

2018-09-29 11:28:40 - [MESSAGE][PASSED] - Text of object '' is: '$76.80'

2018-09-29 11:28:40 - [MESSAGE][PASSED] - Keyword VerifyOrderReceivedDetails is Passed

2018-09-29 11:28:40 - [TEST_STEP][PASSED] - beautytap.ShopAction.waitForSchedule: beautytap.ShopAction.waitForSchedule is PASSED

2018-09-29 11:29:10 - [MESSAGE][PASSED] - Delayed 30 second(s)

2018-09-29 11:29:10 - [MESSAGE][PASSED] - beautytap.ShopAction.waitForSchedule is PASSED

2018-09-29 11:29:10 - [TEST_STEP][PASSED] - beautytap.ShopAction.globalSearch: beautytap.ShopAction.globalSearch is PASSED

2018-09-29 11:29:10 - [MESSAGE][PASSED] - Object: 'Object Repository/Page_General/icon_search' is clicked on

2018-09-29 11:29:15 - [MESSAGE][PASSED] - Delayed 5 second(s)

2018-09-29 11:29:15 - [MESSAGE][PASSED] - Text of object 'Object Repository/Page_General/txt_search' is cleared

2018-09-29 11:29:15 - [MESSAGE][PASSED] - Keys 'CONTROL + v' sent to object: 'Object Repository/Page_General/txt_search'

2018-09-29 11:29:17 - [MESSAGE][PASSED] - Object 'Object Repository/Page_General/div_searchResult' is present

2018-09-29 11:29:17 - [MESSAGE][PASSED] - beautytap.ShopAction.globalSearch is PASSED

2018-09-29 11:29:17 - [TEST_STEP][PASSED] - beautytap.ShopAction.VerifyProductOnSearchResult: Keyword VerifyProductOnSearchResult is Passed

2018-09-29 11:29:17 - [MESSAGE][PASSED] - Object '' is present

2018-09-29 11:29:17 - [MESSAGE][PASSED] - Text of object '' is: '$12.80'

2018-09-29 11:29:17 - [MESSAGE][PASSED] - Get CSS 'color' value on '' successfully: 'rgba(195, 195, 195, 1)'.

2018-09-29 11:29:17 - [MESSAGE][PASSED] - Get CSS 'color' value on '' successfully: 'rgba(195, 195, 195, 1)'.

2018-09-29 11:29:17 - [MESSAGE][PASSED] - Text of object '' is: '$10.80'

2018-09-29 11:29:17 - [MESSAGE][PASSED] - Get CSS 'color' value on '' successfully: 'rgba(255, 35, 134, 1)'.

2018-09-29 11:29:17 - [MESSAGE][PASSED] - Get CSS 'color' value on '' successfully: 'rgba(255, 35, 134, 1)'.

2018-09-29 11:29:17 - [MESSAGE][PASSED] - Keyword VerifyProductOnSearchResult is Passed

2018-09-29 11:29:17 - [TEST_STEP][PASSED] - beautytap.ShopAction.selectProductOnSearchResult: beautytap.ShopAction.selectProductOnSearchResult is PASSED

2018-09-29 11:29:21 - [MESSAGE][PASSED] - Object: '' is clicked on

2018-09-29 11:29:21 - [MESSAGE][PASSED] - Wait for page load successfully

2018-09-29 11:29:21 - [MESSAGE][PASSED] - beautytap.ShopAction.selectProductOnSearchResult is PASSED

2018-09-29 11:29:21 - [TEST_STEP][PASSED] - beautytap.ShopAction.VerifyProductDetails: Keyword VerifyProductDetails is Passed

2018-09-29 11:29:21 - [MESSAGE][PASSED] - Text of object '' is: 'PURITO Defence Barrier pH Cleanser 150ml'

2018-09-29 11:29:21 - [MESSAGE][PASSED] - Text of object '' is: '$12.80'

2018-09-29 11:29:22 - [MESSAGE][PASSED] - Get CSS 'color' value on '' successfully: 'rgba(195, 195, 195, 1)'.

2018-09-29 11:29:22 - [MESSAGE][PASSED] - Text of object '' is: '$10.80'

2018-09-29 11:29:22 - [MESSAGE][PASSED] - Get CSS 'color' value on '' successfully: 'rgba(255, 35, 134, 1)'.

2018-09-29 11:29:22 - [MESSAGE][PASSED] - Keyword VerifyProductDetails is Passed

2018-09-29 11:29:22 - [TEST_STEP][PASSED] - beautytap.ShopAction.selectCategory: beautytap.ShopAction.selectCategory is PASSED

2018-09-29 11:29:27 - [MESSAGE][PASSED] - Object: '' is clicked on

2018-09-29 11:29:27 - [MESSAGE][PASSED] - Wait for page load successfully

2018-09-29 11:29:27 - [MESSAGE][PASSED] - beautytap.ShopAction.selectCategory is PASSED

2018-09-29 11:29:27 - [TEST_STEP][PASSED] - beautytap.ShopAction.findProductOnProductList: beautytap.ShopAction.findProductOnProductList is PASSED

2018-09-29 11:29:27 - [MESSAGE][PASSED] - Text of object '' is: '77'

2018-09-29 11:29:33 - [MESSAGE][WARNING] - com.kms.katalon.core.webui.exception.WebElementNotFoundException: Web element with id: '' located by 'By.xpath: //a[text()='PURITO Defence Barrier pH Cleanser 150ml']' not found
[[ATTACHMENT|E:\\BeautytapAutomation\\beautytapAuto\\Beautytap\\Reports\\Regression\\20180929_112511\\1538195372744.png]]

2018-09-29 11:29:41 - [MESSAGE][PASSED] - Object: '' is clicked on

2018-09-29 11:29:41 - [MESSAGE][PASSED] - Wait for page load successfully

2018-09-29 11:29:41 - [MESSAGE][PASSED] - Object '' is present

2018-09-29 11:29:41 - [MESSAGE][PASSED] - beautytap.ShopAction.findProductOnProductList is PASSED

2018-09-29 11:29:41 - [TEST_STEP][PASSED] - beautytap.ShopAction.VerifyProductOnProductList: Keyword VerifyProductOnProductList is Passed

2018-09-29 11:29:41 - [MESSAGE][PASSED] - Object '' is present

2018-09-29 11:29:41 - [MESSAGE][PASSED] - Text of object '' is: '$12.80'

2018-09-29 11:29:41 - [MESSAGE][PASSED] - Get CSS 'color' value on '' successfully: 'rgba(195, 195, 195, 1)'.

2018-09-29 11:29:41 - [MESSAGE][PASSED] - Get CSS 'color' value on '' successfully: 'rgba(195, 195, 195, 1)'.

2018-09-29 11:29:42 - [MESSAGE][PASSED] - Text of object '' is: '$10.80'

2018-09-29 11:29:42 - [MESSAGE][PASSED] - Get CSS 'color' value on '' successfully: 'rgba(255, 35, 134, 1)'.

2018-09-29 11:29:42 - [MESSAGE][PASSED] - Get CSS 'color' value on '' successfully: 'rgba(255, 35, 134, 1)'.

2018-09-29 11:29:42 - [MESSAGE][PASSED] - Keyword VerifyProductOnProductList is Passed

2018-09-29 11:29:42 - [TEST_STEP][PASSED] - verifyElementNotPresent: Web element with id: 'Object Repository/Page_Shop/txt_quantity' located by 'By.xpath: //input[@name='quantity']' is not present after '5' second(s)

2018-09-29 11:29:42 - [MESSAGE][PASSED] - Web element with id: 'Object Repository/Page_Shop/txt_quantity' located by 'By.xpath: //input[@name='quantity']' is not present after '5' second(s)

2018-09-29 11:29:42 - [TEST_STEP][PASSED] - beautytap.ShopAction.selectProductOnProductList: beautytap.ShopAction.selectProductOnProductList is PASSED

2018-09-29 11:29:47 - [MESSAGE][PASSED] - Object: '' is clicked on

2018-09-29 11:29:47 - [MESSAGE][PASSED] - Wait for page load successfully

2018-09-29 11:29:47 - [MESSAGE][PASSED] - beautytap.ShopAction.selectProductOnProductList is PASSED

2018-09-29 11:29:47 - [TEST_STEP][PASSED] - beautytap.ShopAction.addProductToCart: beautytap.ShopAction.addProductToCart is PASSED

2018-09-29 11:29:47 - [MESSAGE][PASSED] - Object: 'Object Repository/Page_Shop/btn_addToCart' is clicked on

2018-09-29 11:29:47 - [MESSAGE][PASSED] - Wait for page load successfully

2018-09-29 11:29:51 - [MESSAGE][PASSED] - Object 'Object Repository/Page_Shop/lbl_message' is present

2018-09-29 11:29:51 - [MESSAGE][PASSED] - beautytap.ShopAction.addProductToCart is PASSED

2018-09-29 11:29:51 - [TEST_STEP][PASSED] - beautytap.ShopAction.goToCart: beautytap.ShopAction.goToCart is PASSED

2018-09-29 11:29:51 - [MESSAGE][PASSED] - Object 'Object Repository/Page_General/icon_cart' is present

2018-09-29 11:29:54 - [MESSAGE][PASSED] - Object: 'Object Repository/Page_General/icon_cart' is clicked on

2018-09-29 11:29:54 - [MESSAGE][PASSED] - Wait for page load successfully

2018-09-29 11:29:54 - [MESSAGE][PASSED] - beautytap.ShopAction.goToCart is PASSED

2018-09-29 11:29:54 - [TEST_STEP][PASSED] - beautytap.ShopAction.VerifyProductInCart: Keyword VerifyProductInCart is Passed

2018-09-29 11:30:00 - [MESSAGE][WARNING] - com.kms.katalon.core.webui.exception.WebElementNotFoundException: Web element with id: '' located by 'By.xpath: //a[text()='PURITO Defence Barrier pH Cleanser 150ml']/ancestor::tr/td[5]/div/input' not found
[[ATTACHMENT|E:\\BeautytapAutomation\\beautytapAuto\\Beautytap\\Reports\\Regression\\20180929_112511\\1538195399975.png]]

2018-09-29 11:30:00 - [MESSAGE][PASSED] - Object '' is present

2018-09-29 11:30:00 - [MESSAGE][PASSED] - Text of object '' is: '$10.80'

2018-09-29 11:30:00 - [MESSAGE][PASSED] - Text of object '' is: '1'

2018-09-29 11:30:00 - [MESSAGE][PASSED] - Text of object '' is: '$10.80'

2018-09-29 11:30:00 - [MESSAGE][PASSED] - Keyword VerifyProductInCart is Passed

2018-09-29 11:30:00 - [TEST_STEP][PASSED] - beautytap.ShopAction.processToCheckout: beautytap.ShopAction.processToCheckout is PASSED

2018-09-29 11:30:04 - [MESSAGE][PASSED] - Object: 'Object Repository/Page_Cart/btn_checkout' is clicked on

2018-09-29 11:30:04 - [MESSAGE][PASSED] - Wait for page load successfully

2018-09-29 11:30:04 - [MESSAGE][PASSED] - beautytap.ShopAction.processToCheckout is PASSED

2018-09-29 11:30:04 - [TEST_STEP][PASSED] - beautytap.ShopAction.loginAmazonPay: beautytap.ShopAction.loginAmazonPay is PASSED

2018-09-29 11:30:04 - [MESSAGE][PASSED] - Object: 'Object Repository/Page_Checkout/btn_amazonPay' is clicked on

2018-09-29 11:30:04 - [MESSAGE][PASSED] - Switched to window with index: '1'

2018-09-29 11:30:06 - [MESSAGE][PASSED] - Object 'Object Repository/Popup_Amazon/txt_email' is present

2018-09-29 11:30:06 - [MESSAGE][PASSED] - Text of object 'Object Repository/Popup_Amazon/txt_email' is cleared

2018-09-29 11:30:06 - [MESSAGE][PASSED] - Keys 'amazontest1503@yopmail.com' sent to object: 'Object Repository/Popup_Amazon/txt_email'

2018-09-29 11:30:06 - [MESSAGE][PASSED] - Text of object 'Object Repository/Popup_Amazon/txt_password' is cleared

2018-09-29 11:30:07 - [MESSAGE][PASSED] - Keys '123456' sent to object: 'Object Repository/Popup_Amazon/txt_password'

2018-09-29 11:30:09 - [MESSAGE][PASSED] - Object: 'Object Repository/Popup_Amazon/btn_signin' is clicked on

2018-09-29 11:30:09 - [MESSAGE][PASSED] - Switched to window with index: '0'

2018-09-29 11:30:39 - [MESSAGE][PASSED] - Delayed 30 second(s)

2018-09-29 11:30:39 - [MESSAGE][PASSED] - beautytap.ShopAction.loginAmazonPay is PASSED

2018-09-29 11:30:39 - [TEST_STEP][PASSED] - Statement - productArraySale = "[{"productname":"" + productName + "","variation":"","quantity":"1","price":"" + salePrice + ""}]": null

2018-09-29 11:30:39 - [TEST_STEP][PASSED] - Statement - productSale = new org.json.JSONArray(productArraySale): null

2018-09-29 11:30:39 - [TEST_STEP][PASSED] - beautytap.ShopAction.VerifyOrderDetailsOnCheckout: Keyword VerifyOrderDetailsOnCheckout is Passed

2018-09-29 11:30:39 - [MESSAGE][PASSED] - Object '' is present

2018-09-29 11:30:39 - [MESSAGE][PASSED] - Text of object '' is: '$10.80'

2018-09-29 11:30:39 - [MESSAGE][PASSED] - Object '' has attribute 'checked'

2018-09-29 11:30:40 - [MESSAGE][PASSED] - Text of object '' is: '($12.50) Pantos (est. 14-25 working days including processing): $12.50'

2018-09-29 11:30:40 - [MESSAGE][PASSED] - Text of object '' is: '$12.50'

2018-09-29 11:30:40 - [MESSAGE][PASSED] - Text of object '' is: '$23.30'

2018-09-29 11:30:40 - [MESSAGE][PASSED] - Keyword VerifyOrderDetailsOnCheckout is Passed

2018-09-29 11:30:40 - [TEST_STEP][PASSED] - beautytap.ShopAction.checkoutViaAmazonPay: beautytap.ShopAction.checkoutViaAmazonPay is PASSED

2018-09-29 11:30:40 - [MESSAGE][PASSED] - Object 'Object Repository/Page_Checkout/chk_terms' is clickable

2018-09-29 11:30:40 - [MESSAGE][PASSED] - Object 'Object Repository/Page_Checkout/chk_terms' is checked

2018-09-29 11:30:40 - [MESSAGE][PASSED] - Object: 'Object Repository/Page_Checkout/btn_placeOrder' is clicked on

2018-09-29 11:30:51 - [MESSAGE][PASSED] - Object 'Object Repository/Page_Checkout/lbl_orderReceived' is present

2018-09-29 11:30:51 - [MESSAGE][PASSED] - beautytap.ShopAction.checkoutViaAmazonPay is PASSED

2018-09-29 11:30:51 - [TEST_STEP][PASSED] - beautytap.ShopAction.VerifyOrderReceivedDetails: Keyword VerifyOrderReceivedDetails is Passed

2018-09-29 11:30:51 - [MESSAGE][PASSED] - Object '' is present

2018-09-29 11:30:51 - [MESSAGE][PASSED] - Text of object '' is: '$10.80'

2018-09-29 11:30:52 - [MESSAGE][PASSED] - Text of object '' is: '$12.50 via ($12.50) Pantos (est. 14-25 working days including processing)'

2018-09-29 11:30:52 - [MESSAGE][PASSED] - Object '' is present

2018-09-29 11:30:52 - [MESSAGE][PASSED] - Text of object '' is: '$12.50'

2018-09-29 11:30:52 - [MESSAGE][PASSED] - Text of object '' is: 'Amazon Pay'

2018-09-29 11:30:52 - [MESSAGE][PASSED] - Text of object '' is: '$23.30'

2018-09-29 11:30:52 - [MESSAGE][PASSED] - Keyword VerifyOrderReceivedDetails is Passed

2018-09-29 11:30:52 - [TEST_STEP][PASSED] - beautytap.ShopAction.waitForSchedule: beautytap.ShopAction.waitForSchedule is PASSED

2018-09-29 11:31:22 - [MESSAGE][PASSED] - Delayed 30 second(s)

2018-09-29 11:31:52 - [MESSAGE][PASSED] - Delayed 30 second(s)

2018-09-29 11:31:52 - [MESSAGE][PASSED] - beautytap.ShopAction.waitForSchedule is PASSED

2018-09-29 11:31:52 - [TEST_STEP][PASSED] - beautytap.GeneralAction.openBeautytap: beautytap.GeneralAction.openBeautytap is PASSED

2018-09-29 11:31:52 - [MESSAGE][WARNING] - A browser is already opened. Closing browser and opening a new one

2018-09-29 11:32:05 - [MESSAGE][PASSED] - Browser is opened with url: 'https://stage.beautytap.com'

2018-09-29 11:32:06 - [MESSAGE][PASSED] - Current window maximized

2018-09-29 11:32:10 - [MESSAGE][PASSED] - Refresh successfully

2018-09-29 11:32:10 - [MESSAGE][PASSED] - Wait for page load successfully

2018-09-29 11:32:10 - [MESSAGE][PASSED] - beautytap.GeneralAction.openBeautytap is PASSED

2018-09-29 11:32:10 - [TEST_STEP][PASSED] - beautytap.ShopAction.globalSearch: beautytap.ShopAction.globalSearch is PASSED

2018-09-29 11:32:10 - [MESSAGE][PASSED] - Object: 'Object Repository/Page_General/icon_search' is clicked on

2018-09-29 11:32:15 - [MESSAGE][PASSED] - Delayed 5 second(s)

2018-09-29 11:32:15 - [MESSAGE][PASSED] - Text of object 'Object Repository/Page_General/txt_search' is cleared

2018-09-29 11:32:15 - [MESSAGE][PASSED] - Keys 'CONTROL + v' sent to object: 'Object Repository/Page_General/txt_search'

2018-09-29 11:32:17 - [MESSAGE][PASSED] - Object 'Object Repository/Page_General/div_searchResult' is present

2018-09-29 11:32:17 - [MESSAGE][PASSED] - beautytap.ShopAction.globalSearch is PASSED

2018-09-29 11:32:17 - [TEST_STEP][PASSED] - beautytap.ShopAction.VerifyProductOnSearchResult: Keyword VerifyProductOnSearchResult is Passed

2018-09-29 11:32:17 - [MESSAGE][PASSED] - Object '' is present

2018-09-29 11:32:17 - [MESSAGE][PASSED] - Text of object '' is: '$12.80'

2018-09-29 11:32:17 - [MESSAGE][PASSED] - Get CSS 'color' value on '' successfully: 'rgba(255, 35, 134, 1)'.

2018-09-29 11:32:17 - [MESSAGE][PASSED] - Get CSS 'color' value on '' successfully: 'rgba(255, 35, 134, 1)'.

2018-09-29 11:32:17 - [MESSAGE][PASSED] - Keyword VerifyProductOnSearchResult is Passed

2018-09-29 11:32:17 - [TEST_STEP][PASSED] - beautytap.ShopAction.selectProductOnSearchResult: beautytap.ShopAction.selectProductOnSearchResult is PASSED

2018-09-29 11:32:21 - [MESSAGE][PASSED] - Object: '' is clicked on

2018-09-29 11:32:21 - [MESSAGE][PASSED] - Wait for page load successfully

2018-09-29 11:32:21 - [MESSAGE][PASSED] - beautytap.ShopAction.selectProductOnSearchResult is PASSED

2018-09-29 11:32:21 - [TEST_STEP][PASSED] - beautytap.ShopAction.VerifyProductDetails: Keyword VerifyProductDetails is Passed

2018-09-29 11:32:22 - [MESSAGE][PASSED] - Text of object '' is: 'PURITO Defence Barrier pH Cleanser 150ml'

2018-09-29 11:32:22 - [MESSAGE][PASSED] - Text of object '' is: '$12.80'

2018-09-29 11:32:22 - [MESSAGE][PASSED] - Get CSS 'color' value on '' successfully: 'rgba(255, 35, 134, 1)'.

2018-09-29 11:32:22 - [MESSAGE][PASSED] - Keyword VerifyProductDetails is Passed

2018-09-29 11:32:22 - [TEST_STEP][PASSED] - beautytap.ShopAction.selectCategory: beautytap.ShopAction.selectCategory is PASSED

2018-09-29 11:32:28 - [MESSAGE][PASSED] - Object: '' is clicked on

2018-09-29 11:32:28 - [MESSAGE][PASSED] - Wait for page load successfully

2018-09-29 11:32:28 - [MESSAGE][PASSED] - beautytap.ShopAction.selectCategory is PASSED

2018-09-29 11:32:28 - [TEST_STEP][PASSED] - beautytap.ShopAction.findProductOnProductList: beautytap.ShopAction.findProductOnProductList is PASSED

2018-09-29 11:32:28 - [MESSAGE][PASSED] - Text of object '' is: '77'

2018-09-29 11:32:34 - [MESSAGE][WARNING] - com.kms.katalon.core.webui.exception.WebElementNotFoundException: Web element with id: '' located by 'By.xpath: //a[text()='PURITO Defence Barrier pH Cleanser 150ml']' not found
[[ATTACHMENT|E:\\BeautytapAutomation\\beautytapAuto\\Beautytap\\Reports\\Regression\\20180929_112511\\1538195553872.png]]

2018-09-29 11:32:42 - [MESSAGE][PASSED] - Object: '' is clicked on

2018-09-29 11:32:42 - [MESSAGE][PASSED] - Wait for page load successfully

2018-09-29 11:32:42 - [MESSAGE][PASSED] - Object '' is present

2018-09-29 11:32:42 - [MESSAGE][PASSED] - beautytap.ShopAction.findProductOnProductList is PASSED

2018-09-29 11:32:42 - [TEST_STEP][PASSED] - beautytap.ShopAction.VerifyProductOnProductList: Keyword VerifyProductOnProductList is Passed

2018-09-29 11:32:42 - [MESSAGE][PASSED] - Object '' is present

2018-09-29 11:32:42 - [MESSAGE][PASSED] - Text of object '' is: '$12.80'

2018-09-29 11:32:42 - [MESSAGE][PASSED] - Get CSS 'color' value on '' successfully: 'rgba(255, 35, 134, 1)'.

2018-09-29 11:32:42 - [MESSAGE][PASSED] - Get CSS 'color' value on '' successfully: 'rgba(255, 35, 134, 1)'.

2018-09-29 11:32:42 - [MESSAGE][PASSED] - Keyword VerifyProductOnProductList is Passed

2018-09-29 11:32:42 - [TEST_STEP][PASSED] - beautytap.ShopAction.selectProductOnProductList: beautytap.ShopAction.selectProductOnProductList is PASSED

2018-09-29 11:32:47 - [MESSAGE][PASSED] - Object: '' is clicked on

2018-09-29 11:32:47 - [MESSAGE][PASSED] - Wait for page load successfully

2018-09-29 11:32:47 - [MESSAGE][PASSED] - beautytap.ShopAction.selectProductOnProductList is PASSED

2018-09-29 11:32:47 - [TEST_STEP][PASSED] - beautytap.ShopAction.addProductToCart: beautytap.ShopAction.addProductToCart is PASSED

2018-09-29 11:32:48 - [MESSAGE][PASSED] - Text of object 'Object Repository/Page_Shop/txt_quantity' is cleared

2018-09-29 11:32:48 - [MESSAGE][PASSED] - Keys '6' sent to object: 'Object Repository/Page_Shop/txt_quantity'

2018-09-29 11:32:48 - [MESSAGE][PASSED] - Object: 'Object Repository/Page_Shop/btn_addToCart' is clicked on

2018-09-29 11:32:48 - [MESSAGE][PASSED] - Wait for page load successfully

2018-09-29 11:32:52 - [MESSAGE][PASSED] - Object 'Object Repository/Page_Shop/lbl_message' is present

2018-09-29 11:32:52 - [MESSAGE][PASSED] - beautytap.ShopAction.addProductToCart is PASSED

2018-09-29 11:32:52 - [TEST_STEP][PASSED] - beautytap.ShopAction.goToCart: beautytap.ShopAction.goToCart is PASSED

2018-09-29 11:32:52 - [MESSAGE][PASSED] - Object 'Object Repository/Page_General/icon_cart' is present

2018-09-29 11:32:57 - [MESSAGE][PASSED] - Object: 'Object Repository/Page_General/icon_cart' is clicked on

2018-09-29 11:32:57 - [MESSAGE][PASSED] - Wait for page load successfully

2018-09-29 11:32:57 - [MESSAGE][PASSED] - beautytap.ShopAction.goToCart is PASSED

2018-09-29 11:32:57 - [TEST_STEP][PASSED] - beautytap.ShopAction.VerifyProductInCart: Keyword VerifyProductInCart is Passed

2018-09-29 11:32:57 - [MESSAGE][PASSED] - Object '' is present

2018-09-29 11:32:57 - [MESSAGE][PASSED] - Object '' is present

2018-09-29 11:32:57 - [MESSAGE][PASSED] - Text of object '' is: '$12.80'

2018-09-29 11:32:57 - [MESSAGE][PASSED] - Attribute 'value' of object '' is: '6'

2018-09-29 11:32:57 - [MESSAGE][PASSED] - Text of object '' is: '$76.80'

2018-09-29 11:32:57 - [MESSAGE][PASSED] - Keyword VerifyProductInCart is Passed

2018-09-29 11:32:57 - [TEST_STEP][PASSED] - beautytap.ShopAction.loginAmazonPay: beautytap.ShopAction.loginAmazonPay is PASSED

2018-09-29 11:32:58 - [MESSAGE][PASSED] - Object: 'Object Repository/Page_Cart/btn_payWithAmazon' is clicked on

2018-09-29 11:32:58 - [MESSAGE][PASSED] - Switched to window with index: '1'

2018-09-29 11:32:59 - [MESSAGE][PASSED] - Object 'Object Repository/Popup_Amazon/txt_email' is present

2018-09-29 11:32:59 - [MESSAGE][PASSED] - Text of object 'Object Repository/Popup_Amazon/txt_email' is cleared

2018-09-29 11:32:59 - [MESSAGE][PASSED] - Keys 'amazontest1503@yopmail.com' sent to object: 'Object Repository/Popup_Amazon/txt_email'

2018-09-29 11:32:59 - [MESSAGE][PASSED] - Text of object 'Object Repository/Popup_Amazon/txt_password' is cleared

2018-09-29 11:32:59 - [MESSAGE][PASSED] - Keys '123456' sent to object: 'Object Repository/Popup_Amazon/txt_password'

2018-09-29 11:33:03 - [MESSAGE][PASSED] - Object: 'Object Repository/Popup_Amazon/btn_signin' is clicked on

2018-09-29 11:33:03 - [MESSAGE][PASSED] - Switched to window with index: '0'

2018-09-29 11:33:33 - [MESSAGE][PASSED] - Delayed 30 second(s)

2018-09-29 11:33:33 - [MESSAGE][PASSED] - beautytap.ShopAction.loginAmazonPay is PASSED

2018-09-29 11:33:33 - [TEST_STEP][PASSED] - Statement - productArrayAfter = "[{"productname":"" + productName + "","variation":"","quantity":"" + quantity + "","price":"" + regularPrice + ""}]": null

2018-09-29 11:33:33 - [TEST_STEP][PASSED] - Statement - productsAfter = new org.json.JSONArray(productArrayAfter): null

2018-09-29 11:33:33 - [TEST_STEP][PASSED] - beautytap.ShopAction.VerifyOrderDetailsOnCheckout: Keyword VerifyOrderDetailsOnCheckout is Passed

2018-09-29 11:33:33 - [MESSAGE][PASSED] - Object '' is present

2018-09-29 11:33:33 - [MESSAGE][PASSED] - Text of object '' is: '$76.80'

2018-09-29 11:33:33 - [MESSAGE][PASSED] - Text of object '' is: 'Free shipping for orders over $60
Why does shipping take this long?'

2018-09-29 11:33:33 - [MESSAGE][PASSED] - Text of object '' is: '$76.80'

2018-09-29 11:33:33 - [MESSAGE][PASSED] - Keyword VerifyOrderDetailsOnCheckout is Passed

2018-09-29 11:33:33 - [TEST_STEP][PASSED] - beautytap.ShopAction.checkoutViaAmazonPay: beautytap.ShopAction.checkoutViaAmazonPay is PASSED

2018-09-29 11:33:33 - [MESSAGE][PASSED] - Object 'Object Repository/Page_Checkout/chk_terms' is clickable

2018-09-29 11:33:33 - [MESSAGE][PASSED] - Object 'Object Repository/Page_Checkout/chk_terms' is checked

2018-09-29 11:33:33 - [MESSAGE][PASSED] - Object: 'Object Repository/Page_Checkout/btn_placeOrder' is clicked on

2018-09-29 11:33:46 - [MESSAGE][PASSED] - Object 'Object Repository/Page_Checkout/lbl_orderReceived' is present

2018-09-29 11:33:46 - [MESSAGE][PASSED] - beautytap.ShopAction.checkoutViaAmazonPay is PASSED

2018-09-29 11:33:46 - [TEST_STEP][PASSED] - beautytap.ShopAction.VerifyOrderReceivedDetails: Keyword VerifyOrderReceivedDetails is Passed

2018-09-29 11:33:46 - [MESSAGE][PASSED] - Object '' is present

2018-09-29 11:33:46 - [MESSAGE][PASSED] - Text of object '' is: '$76.80'

2018-09-29 11:33:47 - [MESSAGE][PASSED] - Text of object '' is: 'Free shipping for orders over $60'

2018-09-29 11:33:52 - [MESSAGE][WARNING] - com.kms.katalon.core.webui.exception.WebElementNotFoundException: Web element with id: '' located by 'By.xpath: //th[text()='Shipping:']/parent::tr/td/span' not found
[[ATTACHMENT|E:\\BeautytapAutomation\\beautytapAuto\\Beautytap\\Reports\\Regression\\20180929_112511\\1538195632211.png]]

2018-09-29 11:33:52 - [MESSAGE][PASSED] - Text of object '' is: 'Amazon Pay'

2018-09-29 11:33:52 - [MESSAGE][PASSED] - Text of object '' is: '$76.80'

2018-09-29 11:33:52 - [MESSAGE][PASSED] - Keyword VerifyOrderReceivedDetails is Passed

2018-09-29 11:33:52 - [TEST_STEP][PASSED] - closeBrowser: Browser is closed

2018-09-29 11:33:53 - [MESSAGE][PASSED] - Browser is closed]]></system-out>
         <system-err><![CDATA[]]></system-err>
      </testcase>
      <testcase name="Test Cases/SignUp_Login_ResetPass/TC01_SignUp_Login_ResetPassword_Via_Email" classname="Test Cases/SignUp_Login_ResetPass/TC01_SignUp_Login_ResetPassword_Via_Email" status="PASSED">
         <system-out><![CDATA[2018-09-29 11:33:55 - [TEST_CASE][PASSED] - Test Cases/SignUp_Login_ResetPass/TC01_SignUp_Login_ResetPassword_Via_Email: Test Cases/SignUp_Login_ResetPass/TC01_SignUp_Login_ResetPassword_Via_Email

2018-09-29 11:33:56 - [TEST_STEP][PASSED] - Statement - r_string = new java.lang.Math().random().toString().substring(2, 8): null

2018-09-29 11:33:56 - [TEST_STEP][PASSED] - Statement - username = "auto" + r_string: null

2018-09-29 11:33:56 - [TEST_STEP][PASSED] - Statement - email = username + "@mailinator.com": null

2018-09-29 11:33:56 - [TEST_STEP][PASSED] - Statement - password = "123456": null

2018-09-29 11:33:56 - [TEST_STEP][PASSED] - Statement - newpassword = "test123": null

2018-09-29 11:33:56 - [TEST_STEP][PASSED] - Statement - name = "Auto User " + r_string: null

2018-09-29 11:33:56 - [TEST_STEP][PASSED] - Statement - birthday = "01/01/1990": null

2018-09-29 11:33:56 - [TEST_STEP][PASSED] - Statement - activation_subject = SITE_TITLE + " Activate your account": null

2018-09-29 11:33:56 - [TEST_STEP][PASSED] - Statement - resetpass_subject = SITE_TITLE + " Password Reset": null

2018-09-29 11:33:56 - [TEST_STEP][PASSED] - beautytap.GeneralAction.openBeautytap: beautytap.GeneralAction.openBeautytap is PASSED

2018-09-29 11:34:09 - [MESSAGE][PASSED] - Browser is opened with url: 'https://stage.beautytap.com'

2018-09-29 11:34:10 - [MESSAGE][PASSED] - Current window maximized

2018-09-29 11:34:14 - [MESSAGE][PASSED] - Refresh successfully

2018-09-29 11:34:14 - [MESSAGE][PASSED] - Wait for page load successfully

2018-09-29 11:34:14 - [MESSAGE][PASSED] - beautytap.GeneralAction.openBeautytap is PASSED

2018-09-29 11:34:14 - [TEST_STEP][PASSED] - beautytap.GeneralAction.clickNavigationMenu: beautytap.GeneralAction.clickNavigationMenu is PASSED

2018-09-29 11:34:16 - [MESSAGE][PASSED] - Object: 'Object Repository/Page_General/link_signup' is clicked on

2018-09-29 11:34:16 - [MESSAGE][PASSED] - Wait for page load successfully

2018-09-29 11:34:16 - [MESSAGE][PASSED] - beautytap.GeneralAction.clickNavigationMenu is PASSED

2018-09-29 11:34:16 - [TEST_STEP][PASSED] - beautytap.GeneralAction.signup: beautytap.GeneralAction.signup is PASSED

2018-09-29 11:34:16 - [MESSAGE][PASSED] - Keys 'auto887540' sent to object: 'Object Repository/Page_Signup/txt_username'

2018-09-29 11:34:17 - [MESSAGE][PASSED] - Keys 'auto887540@mailinator.com' sent to object: 'Object Repository/Page_Signup/txt_email'

2018-09-29 11:34:17 - [MESSAGE][PASSED] - Keys '123456' sent to object: 'Object Repository/Page_Signup/txt_password'

2018-09-29 11:34:17 - [MESSAGE][PASSED] - Keys 'Auto User 887540' sent to object: 'Object Repository/Page_Signup/txt_name'

2018-09-29 11:34:18 - [MESSAGE][PASSED] - Keys '01/01/1990' sent to object: 'Object Repository/Page_Signup/txt_birthday'

2018-09-29 11:34:18 - [MESSAGE][PASSED] - Object: 'Object Repository/Page_Signup/btn_signup' is clicked on

2018-09-29 11:34:18 - [MESSAGE][PASSED] - Wait for page load successfully

2018-09-29 11:34:18 - [MESSAGE][PASSED] - beautytap.GeneralAction.signup is PASSED

2018-09-29 11:34:18 - [TEST_STEP][PASSED] - verifyElementPresent: Object 'Object Repository/Page_Signup/lbl_sucessMessage' is present

2018-09-29 11:34:23 - [MESSAGE][PASSED] - Object 'Object Repository/Page_Signup/lbl_sucessMessage' is present

2018-09-29 11:34:23 - [TEST_STEP][PASSED] - beautytap.GeneralAction.openMailBox: beautytap.GeneralAction.openMailBox is PASSED

2018-09-29 11:34:29 - [MESSAGE][PASSED] - Navigate to 'https://www.mailinator.com' successfully

2018-09-29 11:34:29 - [MESSAGE][PASSED] - Wait for page load successfully

2018-09-29 11:34:29 - [MESSAGE][PASSED] - Keys 'auto887540' sent to object: 'Object Repository/Page_mailinator/txt_email'

2018-09-29 11:34:30 - [MESSAGE][PASSED] - Object: 'Object Repository/Page_mailinator/btn_go' is clicked on

2018-09-29 11:34:30 - [MESSAGE][PASSED] - Wait for page load successfully

2018-09-29 11:34:35 - [MESSAGE][PASSED] - Delayed 5 second(s)

2018-09-29 11:34:35 - [MESSAGE][PASSED] - beautytap.GeneralAction.openMailBox is PASSED

2018-09-29 11:34:35 - [TEST_STEP][PASSED] - beautytap.GeneralAction.verifyEmailExist: beautytap.GeneralAction.verifyEmailExist is PASSED

2018-09-29 11:34:35 - [MESSAGE][PASSED] - Object '' is present

2018-09-29 11:34:35 - [MESSAGE][PASSED] - beautytap.GeneralAction.verifyEmailExist is PASSED

2018-09-29 11:34:35 - [TEST_STEP][PASSED] - beautytap.GeneralAction.openEmail: beautytap.GeneralAction.openEmail is PASSED

2018-09-29 11:34:35 - [MESSAGE][PASSED] - Object: '' is clicked on

2018-09-29 11:34:35 - [MESSAGE][PASSED] - beautytap.GeneralAction.openEmail is PASSED

2018-09-29 11:34:35 - [TEST_STEP][PASSED] - beautytap.GeneralAction.clickEmailLink: beautytap.GeneralAction.clickEmailLink is PASSED

2018-09-29 11:34:36 - [MESSAGE][PASSED] - Text of object '' is: 'https://stage.beautytap.com/activate/qaqyKhfBXJTRv6jLE5WMYWZ8kx9fd7iF/'

2018-09-29 11:34:49 - [MESSAGE][PASSED] - Navigate to 'https://stage.beautytap.com/activate/qaqyKhfBXJTRv6jLE5WMYWZ8kx9fd7iF/' successfully

2018-09-29 11:34:49 - [MESSAGE][PASSED] - beautytap.GeneralAction.clickEmailLink is PASSED

2018-09-29 11:34:49 - [TEST_STEP][PASSED] - waitForPageLoad: Wait for page load successfully

2018-09-29 11:34:49 - [MESSAGE][PASSED] - Wait for page load successfully

2018-09-29 11:34:49 - [TEST_STEP][PASSED] - verifyElementPresent: Object 'Object Repository/Page_General/lbl_activeSuccessMessage' is present

2018-09-29 11:34:50 - [MESSAGE][PASSED] - Object 'Object Repository/Page_General/lbl_activeSuccessMessage' is present

2018-09-29 11:34:50 - [TEST_STEP][PASSED] - beautytap.GeneralAction.clickNavigationMenu: beautytap.GeneralAction.clickNavigationMenu is PASSED

2018-09-29 11:34:52 - [MESSAGE][PASSED] - Object: 'Object Repository/Page_General/link_login' is clicked on

2018-09-29 11:34:52 - [MESSAGE][PASSED] - Wait for page load successfully

2018-09-29 11:34:52 - [MESSAGE][PASSED] - beautytap.GeneralAction.clickNavigationMenu is PASSED

2018-09-29 11:34:52 - [TEST_STEP][PASSED] - beautytap.GeneralAction.login: beautytap.GeneralAction.login is PASSED

2018-09-29 11:34:52 - [MESSAGE][PASSED] - Text of object 'Object Repository/Page_login/txt_username' is cleared

2018-09-29 11:34:52 - [MESSAGE][PASSED] - Keys 'auto887540' sent to object: 'Object Repository/Page_login/txt_username'

2018-09-29 11:34:52 - [MESSAGE][PASSED] - Text of object 'Object Repository/Page_login/txt_password' is cleared

2018-09-29 11:34:52 - [MESSAGE][PASSED] - Keys '123456' sent to object: 'Object Repository/Page_login/txt_password'

2018-09-29 11:34:52 - [MESSAGE][PASSED] - Object: 'Object Repository/Page_login/btn_login' is clicked on

2018-09-29 11:34:52 - [MESSAGE][PASSED] - Wait for page load successfully

2018-09-29 11:34:52 - [MESSAGE][PASSED] - beautytap.GeneralAction.login is PASSED

2018-09-29 11:34:52 - [TEST_STEP][PASSED] - verifyElementPresent: Object 'Object Repository/Page_General/link_avatar' is present

2018-09-29 11:35:02 - [MESSAGE][PASSED] - Object 'Object Repository/Page_General/link_avatar' is present

2018-09-29 11:35:02 - [TEST_STEP][PASSED] - beautytap.GeneralAction.logout: beautytap.GeneralAction.logout is PASSED

2018-09-29 11:35:02 - [MESSAGE][PASSED] - Object: 'Object Repository/Page_General/link_avatar' is clicked on

2018-09-29 11:35:02 - [MESSAGE][PASSED] - Object 'Object Repository/Page_General/menu_logout' is present

2018-09-29 11:35:02 - [MESSAGE][PASSED] - Object: 'Object Repository/Page_General/menu_logout' is clicked on

2018-09-29 11:35:02 - [MESSAGE][PASSED] - Wait for page load successfully

2018-09-29 11:35:02 - [MESSAGE][PASSED] - beautytap.GeneralAction.logout is PASSED

2018-09-29 11:35:02 - [TEST_STEP][PASSED] - beautytap.GeneralAction.clickNavigationMenu: beautytap.GeneralAction.clickNavigationMenu is PASSED

2018-09-29 11:35:10 - [MESSAGE][PASSED] - Object: 'Object Repository/Page_General/link_login' is clicked on

2018-09-29 11:35:10 - [MESSAGE][PASSED] - Wait for page load successfully

2018-09-29 11:35:10 - [MESSAGE][PASSED] - beautytap.GeneralAction.clickNavigationMenu is PASSED

2018-09-29 11:35:10 - [TEST_STEP][PASSED] - beautytap.GeneralAction.login: beautytap.GeneralAction.login is PASSED

2018-09-29 11:35:10 - [MESSAGE][PASSED] - Text of object 'Object Repository/Page_login/txt_username' is cleared

2018-09-29 11:35:10 - [MESSAGE][PASSED] - Keys 'auto887540@mailinator.com' sent to object: 'Object Repository/Page_login/txt_username'

2018-09-29 11:35:11 - [MESSAGE][PASSED] - Text of object 'Object Repository/Page_login/txt_password' is cleared

2018-09-29 11:35:11 - [MESSAGE][PASSED] - Keys '123456' sent to object: 'Object Repository/Page_login/txt_password'

2018-09-29 11:35:11 - [MESSAGE][PASSED] - Object: 'Object Repository/Page_login/btn_login' is clicked on

2018-09-29 11:35:11 - [MESSAGE][PASSED] - Wait for page load successfully

2018-09-29 11:35:11 - [MESSAGE][PASSED] - beautytap.GeneralAction.login is PASSED

2018-09-29 11:35:11 - [TEST_STEP][PASSED] - verifyElementPresent: Object 'Object Repository/Page_General/link_avatar' is present

2018-09-29 11:35:24 - [MESSAGE][PASSED] - Object 'Object Repository/Page_General/link_avatar' is present

2018-09-29 11:35:24 - [TEST_STEP][PASSED] - beautytap.GeneralAction.logout: beautytap.GeneralAction.logout is PASSED

2018-09-29 11:35:24 - [MESSAGE][PASSED] - Object: 'Object Repository/Page_General/link_avatar' is clicked on

2018-09-29 11:35:25 - [MESSAGE][PASSED] - Object 'Object Repository/Page_General/menu_logout' is present

2018-09-29 11:35:25 - [MESSAGE][PASSED] - Object: 'Object Repository/Page_General/menu_logout' is clicked on

2018-09-29 11:35:25 - [MESSAGE][PASSED] - Wait for page load successfully

2018-09-29 11:35:25 - [MESSAGE][PASSED] - beautytap.GeneralAction.logout is PASSED

2018-09-29 11:35:25 - [TEST_STEP][PASSED] - beautytap.GeneralAction.clickNavigationMenu: beautytap.GeneralAction.clickNavigationMenu is PASSED

2018-09-29 11:35:32 - [MESSAGE][PASSED] - Object: 'Object Repository/Page_General/link_login' is clicked on

2018-09-29 11:35:32 - [MESSAGE][PASSED] - Wait for page load successfully

2018-09-29 11:35:32 - [MESSAGE][PASSED] - beautytap.GeneralAction.clickNavigationMenu is PASSED

2018-09-29 11:35:32 - [TEST_STEP][PASSED] - click: Object: 'Object Repository/Page_Login/link_forgotPassword' is clicked on

2018-09-29 11:35:34 - [MESSAGE][PASSED] - Object: 'Object Repository/Page_Login/link_forgotPassword' is clicked on

2018-09-29 11:35:34 - [TEST_STEP][PASSED] - sendKeys: Keys 'auto887540' sent to object: 'Object Repository/Page_ForgotPassword/txt_usernameOrEmail'

2018-09-29 11:35:34 - [MESSAGE][PASSED] - Keys 'auto887540' sent to object: 'Object Repository/Page_ForgotPassword/txt_usernameOrEmail'

2018-09-29 11:35:34 - [TEST_STEP][PASSED] - click: Object: 'Object Repository/Page_ForgotPassword/btn_forgotPassword' is clicked on

2018-09-29 11:35:34 - [MESSAGE][PASSED] - Object: 'Object Repository/Page_ForgotPassword/btn_forgotPassword' is clicked on

2018-09-29 11:35:34 - [TEST_STEP][PASSED] - verifyElementPresent: Object 'Object Repository/Page_ForgotPassword/lbl_sucessMessage' is present

2018-09-29 11:35:38 - [MESSAGE][PASSED] - Object 'Object Repository/Page_ForgotPassword/lbl_sucessMessage' is present

2018-09-29 11:35:38 - [TEST_STEP][PASSED] - beautytap.GeneralAction.openMailBox: beautytap.GeneralAction.openMailBox is PASSED

2018-09-29 11:35:39 - [MESSAGE][PASSED] - Navigate to 'https://www.mailinator.com' successfully

2018-09-29 11:35:39 - [MESSAGE][PASSED] - Wait for page load successfully

2018-09-29 11:35:39 - [MESSAGE][PASSED] - Keys 'auto887540' sent to object: 'Object Repository/Page_mailinator/txt_email'

2018-09-29 11:35:40 - [MESSAGE][PASSED] - Object: 'Object Repository/Page_mailinator/btn_go' is clicked on

2018-09-29 11:35:40 - [MESSAGE][PASSED] - Wait for page load successfully

2018-09-29 11:35:45 - [MESSAGE][PASSED] - Delayed 5 second(s)

2018-09-29 11:35:45 - [MESSAGE][PASSED] - beautytap.GeneralAction.openMailBox is PASSED

2018-09-29 11:35:45 - [TEST_STEP][PASSED] - beautytap.GeneralAction.verifyEmailExist: beautytap.GeneralAction.verifyEmailExist is PASSED

2018-09-29 11:35:45 - [MESSAGE][PASSED] - Object '' is present

2018-09-29 11:35:45 - [MESSAGE][PASSED] - beautytap.GeneralAction.verifyEmailExist is PASSED

2018-09-29 11:35:45 - [TEST_STEP][PASSED] - beautytap.GeneralAction.openEmail: beautytap.GeneralAction.openEmail is PASSED

2018-09-29 11:35:45 - [MESSAGE][PASSED] - Object: '' is clicked on

2018-09-29 11:35:45 - [MESSAGE][PASSED] - beautytap.GeneralAction.openEmail is PASSED

2018-09-29 11:35:45 - [TEST_STEP][PASSED] - beautytap.GeneralAction.clickEmailLink: beautytap.GeneralAction.clickEmailLink is PASSED

2018-09-29 11:35:46 - [MESSAGE][PASSED] - Text of object '' is: 'https://stage.beautytap.com/wp-login.php?action=rp&key=NIvHEd86xgrPlLsUOtFw&login=auto887540'

2018-09-29 11:35:49 - [MESSAGE][PASSED] - Navigate to 'https://stage.beautytap.com/wp-login.php?action=rp&key=NIvHEd86xgrPlLsUOtFw&login=auto887540' successfully

2018-09-29 11:35:49 - [MESSAGE][PASSED] - beautytap.GeneralAction.clickEmailLink is PASSED

2018-09-29 11:35:49 - [TEST_STEP][PASSED] - delay: Delayed 20 second(s)

2018-09-29 11:36:09 - [MESSAGE][PASSED] - Delayed 20 second(s)

2018-09-29 11:36:09 - [TEST_STEP][PASSED] - clearText: Text of object 'Object Repository/Page_ForgotPassword/txt_newPassword' is cleared

2018-09-29 11:36:09 - [MESSAGE][PASSED] - Text of object 'Object Repository/Page_ForgotPassword/txt_newPassword' is cleared

2018-09-29 11:36:09 - [TEST_STEP][PASSED] - sendKeys: Keys 'test123' sent to object: 'Object Repository/Page_ForgotPassword/txt_newPassword'

2018-09-29 11:36:09 - [MESSAGE][PASSED] - Keys 'test123' sent to object: 'Object Repository/Page_ForgotPassword/txt_newPassword'

2018-09-29 11:36:09 - [TEST_STEP][PASSED] - click: Object: 'Object Repository/Page_ForgotPassword/btn_resetPassword' is clicked on

2018-09-29 11:36:13 - [MESSAGE][PASSED] - Object: 'Object Repository/Page_ForgotPassword/btn_resetPassword' is clicked on

2018-09-29 11:36:13 - [TEST_STEP][PASSED] - verifyElementPresent: Object 'Object Repository/Page_ForgotPassword/lbl_resetPasswordMessage' is present

2018-09-29 11:36:13 - [MESSAGE][PASSED] - Object 'Object Repository/Page_ForgotPassword/lbl_resetPasswordMessage' is present

2018-09-29 11:36:13 - [TEST_STEP][PASSED] - beautytap.GeneralAction.clickNavigationMenu: beautytap.GeneralAction.clickNavigationMenu is PASSED

2018-09-29 11:36:16 - [MESSAGE][PASSED] - Object: 'Object Repository/Page_General/link_login' is clicked on

2018-09-29 11:36:16 - [MESSAGE][PASSED] - Wait for page load successfully

2018-09-29 11:36:16 - [MESSAGE][PASSED] - beautytap.GeneralAction.clickNavigationMenu is PASSED

2018-09-29 11:36:16 - [TEST_STEP][PASSED] - beautytap.GeneralAction.login: beautytap.GeneralAction.login is PASSED

2018-09-29 11:36:16 - [MESSAGE][PASSED] - Text of object 'Object Repository/Page_login/txt_username' is cleared

2018-09-29 11:36:16 - [MESSAGE][PASSED] - Keys 'auto887540' sent to object: 'Object Repository/Page_login/txt_username'

2018-09-29 11:36:16 - [MESSAGE][PASSED] - Text of object 'Object Repository/Page_login/txt_password' is cleared

2018-09-29 11:36:16 - [MESSAGE][PASSED] - Keys '123456' sent to object: 'Object Repository/Page_login/txt_password'

2018-09-29 11:36:16 - [MESSAGE][PASSED] - Object: 'Object Repository/Page_login/btn_login' is clicked on

2018-09-29 11:36:16 - [MESSAGE][PASSED] - Wait for page load successfully

2018-09-29 11:36:16 - [MESSAGE][PASSED] - beautytap.GeneralAction.login is PASSED

2018-09-29 11:36:16 - [TEST_STEP][PASSED] - verifyElementText: Actual text and expected text of test object 'Object Repository/Page_Login/lbl_errorMessage' are matched.

2018-09-29 11:36:17 - [MESSAGE][PASSED] - Actual text and expected text of test object 'Object Repository/Page_Login/lbl_errorMessage' are matched.

2018-09-29 11:36:17 - [TEST_STEP][PASSED] - beautytap.GeneralAction.login: beautytap.GeneralAction.login is PASSED

2018-09-29 11:36:17 - [MESSAGE][PASSED] - Text of object 'Object Repository/Page_login/txt_username' is cleared

2018-09-29 11:36:17 - [MESSAGE][PASSED] - Keys 'auto887540' sent to object: 'Object Repository/Page_login/txt_username'

2018-09-29 11:36:17 - [MESSAGE][PASSED] - Text of object 'Object Repository/Page_login/txt_password' is cleared

2018-09-29 11:36:17 - [MESSAGE][PASSED] - Keys 'test123' sent to object: 'Object Repository/Page_login/txt_password'

2018-09-29 11:36:18 - [MESSAGE][PASSED] - Object: 'Object Repository/Page_login/btn_login' is clicked on

2018-09-29 11:36:18 - [MESSAGE][PASSED] - Wait for page load successfully

2018-09-29 11:36:18 - [MESSAGE][PASSED] - beautytap.GeneralAction.login is PASSED

2018-09-29 11:36:18 - [TEST_STEP][PASSED] - verifyElementPresent: Object 'Object Repository/Page_General/link_avatar' is present

2018-09-29 11:36:25 - [MESSAGE][PASSED] - Object 'Object Repository/Page_General/link_avatar' is present

2018-09-29 11:36:25 - [TEST_STEP][PASSED] - beautytap.GeneralAction.logout: beautytap.GeneralAction.logout is PASSED

2018-09-29 11:36:26 - [MESSAGE][PASSED] - Object: 'Object Repository/Page_General/link_avatar' is clicked on

2018-09-29 11:36:26 - [MESSAGE][PASSED] - Object 'Object Repository/Page_General/menu_logout' is present

2018-09-29 11:36:26 - [MESSAGE][PASSED] - Object: 'Object Repository/Page_General/menu_logout' is clicked on

2018-09-29 11:36:26 - [MESSAGE][PASSED] - Wait for page load successfully

2018-09-29 11:36:26 - [MESSAGE][PASSED] - beautytap.GeneralAction.logout is PASSED

2018-09-29 11:36:26 - [TEST_STEP][PASSED] - beautytap.GeneralAction.clickNavigationMenu: beautytap.GeneralAction.clickNavigationMenu is PASSED

2018-09-29 11:36:33 - [MESSAGE][PASSED] - Object: 'Object Repository/Page_General/link_login' is clicked on

2018-09-29 11:36:33 - [MESSAGE][PASSED] - Wait for page load successfully

2018-09-29 11:36:33 - [MESSAGE][PASSED] - beautytap.GeneralAction.clickNavigationMenu is PASSED

2018-09-29 11:36:33 - [TEST_STEP][PASSED] - beautytap.GeneralAction.login: beautytap.GeneralAction.login is PASSED

2018-09-29 11:36:33 - [MESSAGE][PASSED] - Text of object 'Object Repository/Page_login/txt_username' is cleared

2018-09-29 11:36:33 - [MESSAGE][PASSED] - Keys 'auto887540@mailinator.com' sent to object: 'Object Repository/Page_login/txt_username'

2018-09-29 11:36:33 - [MESSAGE][PASSED] - Text of object 'Object Repository/Page_login/txt_password' is cleared

2018-09-29 11:36:33 - [MESSAGE][PASSED] - Keys 'test123' sent to object: 'Object Repository/Page_login/txt_password'

2018-09-29 11:36:33 - [MESSAGE][PASSED] - Object: 'Object Repository/Page_login/btn_login' is clicked on

2018-09-29 11:36:33 - [MESSAGE][PASSED] - Wait for page load successfully

2018-09-29 11:36:33 - [MESSAGE][PASSED] - beautytap.GeneralAction.login is PASSED

2018-09-29 11:36:33 - [TEST_STEP][PASSED] - verifyElementPresent: Object 'Object Repository/Page_General/link_avatar' is present

2018-09-29 11:36:41 - [MESSAGE][PASSED] - Object 'Object Repository/Page_General/link_avatar' is present

2018-09-29 11:36:41 - [TEST_STEP][PASSED] - beautytap.GeneralAction.logout: beautytap.GeneralAction.logout is PASSED

2018-09-29 11:36:41 - [MESSAGE][PASSED] - Object: 'Object Repository/Page_General/link_avatar' is clicked on

2018-09-29 11:36:42 - [MESSAGE][PASSED] - Object 'Object Repository/Page_General/menu_logout' is present

2018-09-29 11:36:42 - [MESSAGE][PASSED] - Object: 'Object Repository/Page_General/menu_logout' is clicked on

2018-09-29 11:36:42 - [MESSAGE][PASSED] - Wait for page load successfully

2018-09-29 11:36:43 - [MESSAGE][PASSED] - Browser is closed

2018-09-29 11:36:43 - [MESSAGE][PASSED] - beautytap.GeneralAction.logout is PASSED]]></system-out>
         <system-err><![CDATA[]]></system-err>
      </testcase>
      <testcase name="Test Cases/SignUp_Login_ResetPass/TC02_SignUp_Login_ViaFacebookEmail_NewUser_OldUser" classname="Test Cases/SignUp_Login_ResetPass/TC02_SignUp_Login_ViaFacebookEmail_NewUser_OldUser" status="PASSED">
         <system-out><![CDATA[2018-09-29 11:36:45 - [TEST_CASE][PASSED] - Test Cases/SignUp_Login_ResetPass/TC02_SignUp_Login_ViaFacebookEmail_NewUser_OldUser: Test Cases/SignUp_Login_ResetPass/TC02_SignUp_Login_ViaFacebookEmail_NewUser_OldUser

2018-09-29 11:36:45 - [TEST_STEP][PASSED] - beautytap.AdminAction.deleteUser: beautytap.AdminAction.deleteUser is PASSED

2018-09-29 11:36:53 - [MESSAGE][PASSED] - Browser is opened with url: 'https://stage.beautytap.com/login'

2018-09-29 11:36:54 - [MESSAGE][PASSED] - Current window maximized

2018-09-29 11:36:54 - [MESSAGE][PASSED] - Text of object 'Object Repository/Page_login/txt_username' is cleared

2018-09-29 11:36:55 - [MESSAGE][PASSED] - Keys 'mrwhite' sent to object: 'Object Repository/Page_login/txt_username'

2018-09-29 11:36:55 - [MESSAGE][PASSED] - Text of object 'Object Repository/Page_login/txt_password' is cleared

2018-09-29 11:36:55 - [MESSAGE][PASSED] - Keys 'kgySM$Im' sent to object: 'Object Repository/Page_login/txt_password'

2018-09-29 11:36:55 - [MESSAGE][PASSED] - Object: 'Object Repository/Page_login/btn_login' is clicked on

2018-09-29 11:36:55 - [MESSAGE][PASSED] - Wait for page load successfully

2018-09-29 11:36:55 - [MESSAGE][PASSED] - Wait for page load successfully

2018-09-29 11:37:02 - [MESSAGE][PASSED] - Navigate to 'https://stage.beautytap.com/admin' successfully

2018-09-29 11:37:02 - [MESSAGE][PASSED] - Wait for page load successfully

2018-09-29 11:37:08 - [MESSAGE][PASSED] - Object: 'Object Repository/Page_Admin/menu_users' is clicked on

2018-09-29 11:37:08 - [MESSAGE][PASSED] - Wait for page load successfully

2018-09-29 11:37:09 - [MESSAGE][PASSED] - Text of object 'Object Repository/Page_Admin/txt_searchUser' is cleared

2018-09-29 11:37:09 - [MESSAGE][PASSED] - Keys 'g5.posiba@gmail.com' sent to object: 'Object Repository/Page_Admin/txt_searchUser'

2018-09-29 11:37:12 - [MESSAGE][PASSED] - Object: 'Object Repository/Page_Admin/btn_searchUser' is clicked on

2018-09-29 11:37:12 - [MESSAGE][PASSED] - Wait for page load successfully

2018-09-29 11:37:12 - [MESSAGE][PASSED] - Text of object '' is: 'g5.posiba@gmail.com'

2018-09-29 11:37:12 - [MESSAGE][PASSED] - Attribute 'id' of object '' is: 'user-64405'

2018-09-29 11:37:12 - [MESSAGE][PASSED] - Object: '' is hovered

2018-09-29 11:37:17 - [MESSAGE][PASSED] - Delayed 5 second(s)

2018-09-29 11:37:19 - [MESSAGE][PASSED] - Object: '' is clicked on

2018-09-29 11:37:19 - [MESSAGE][FAILED] - No alert found
[[ATTACHMENT|E:\\BeautytapAutomation\\beautytapAuto\\Beautytap\\Reports\\Regression\\20180929_112511\\1538195839593.png]]

2018-09-29 11:37:20 - [MESSAGE][FAILED] - Unable to accept alert (Root cause: No alert found)
[[ATTACHMENT|E:\\BeautytapAutomation\\beautytapAuto\\Beautytap\\Reports\\Regression\\20180929_112511\\1538195839886.png]]

2018-09-29 11:37:20 - [MESSAGE][PASSED] - Browser is closed

2018-09-29 11:37:20 - [MESSAGE][PASSED] - beautytap.AdminAction.deleteUser is PASSED

2018-09-29 11:37:20 - [TEST_STEP][PASSED] - beautytap.GeneralAction.openBeautytap: beautytap.GeneralAction.openBeautytap is PASSED

2018-09-29 11:37:37 - [MESSAGE][PASSED] - Browser is opened with url: 'https://stage.beautytap.com'

2018-09-29 11:37:38 - [MESSAGE][PASSED] - Current window maximized

2018-09-29 11:37:42 - [MESSAGE][PASSED] - Refresh successfully

2018-09-29 11:37:42 - [MESSAGE][PASSED] - Wait for page load successfully

2018-09-29 11:37:42 - [MESSAGE][PASSED] - beautytap.GeneralAction.openBeautytap is PASSED

2018-09-29 11:37:42 - [TEST_STEP][PASSED] - beautytap.GeneralAction.clickNavigationMenu: beautytap.GeneralAction.clickNavigationMenu is PASSED

2018-09-29 11:37:44 - [MESSAGE][PASSED] - Object: 'Object Repository/Page_General/link_signup' is clicked on

2018-09-29 11:37:44 - [MESSAGE][PASSED] - Wait for page load successfully

2018-09-29 11:37:44 - [MESSAGE][PASSED] - beautytap.GeneralAction.clickNavigationMenu is PASSED

2018-09-29 11:37:44 - [TEST_STEP][PASSED] - beautytap.GeneralAction.signupViaFacebook: beautytap.GeneralAction.signupViaFacebook is PASSED

2018-09-29 11:37:45 - [MESSAGE][PASSED] - Object: 'Object Repository/Page_Signup/btn_signupFB' is clicked on

2018-09-29 11:37:45 - [MESSAGE][PASSED] - Switched to window with index: '1'

2018-09-29 11:37:47 - [MESSAGE][PASSED] - Keys 'g5.posiba@gmail.com' sent to object: 'Object Repository/Popup_FacebookLogin/txt_email'

2018-09-29 11:37:47 - [MESSAGE][PASSED] - Keys 'posiba123' sent to object: 'Object Repository/Popup_FacebookLogin/txt_password'

2018-09-29 11:37:48 - [MESSAGE][PASSED] - Object: 'Object Repository/Popup_FacebookLogin/btn_login' is clicked on

2018-09-29 11:37:50 - [MESSAGE][WARNING] - Cannot take screenshot

2018-09-29 11:37:50 - [MESSAGE][FAILED] - Unable to get text of object 'Object Repository/Popup_FacebookLogin/btn_confirmPermission' (Root cause: org.openqa.selenium.NoSuchWindowException: no such window: window was already closed
  (Session info: chrome=69.0.3497.100)
  (Driver info: chromedriver=2.35.528161 (5b82f2d2aae0ca24b877009200ced9065a772e73),platform=Windows NT 10.0.17134 x86_64) (WARNING: The server did not provide any stacktrace information)
Command duration or timeout: 0 milliseconds
Build info: version: '3.7.1', revision: '8a0099a', time: '2017-11-06T21:07:36.161Z'
System info: host: 'DESKTOP-G1UHP65', ip: '192.168.1.8', os.name: 'Windows 10', os.arch: 'amd64', os.version: '10.0', java.version: '1.8.0_102'
Driver info: com.kms.katalon.selenium.driver.CChromeDriver
Capabilities {acceptInsecureCerts: false, acceptSslCerts: false, applicationCacheEnabled: false, browserConnectionEnabled: false, browserName: chrome, chrome: {chromedriverVersion: 2.35.528161 (5b82f2d2aae0ca..., userDataDir: C:\Users\TRANGN~1\AppData\L...}, cssSelectorsEnabled: true, databaseEnabled: false, handlesAlerts: true, hasTouchScreen: false, javascriptEnabled: true, locationContextEnabled: true, mobileEmulationEnabled: false, nativeEvents: true, networkConnectionEnabled: false, pageLoadStrategy: normal, platform: XP, platformName: XP, rotatable: false, setWindowRect: true, takesHeapSnapshot: true, takesScreenshot: true, unexpectedAlertBehaviour: , unhandledPromptBehavior: , version: 69.0.3497.100, webStorageEnabled: true}
Session ID: d296e8d072bfa6409d2cbbd667f71efc
*** Element info: {Using=xpath, value=//button[contains(@class,'layerConfirm') and contains(@name,'CONFIRM')]})

2018-09-29 11:37:50 - [MESSAGE][PASSED] - Switched to window with index: '0'

2018-09-29 11:38:05 - [MESSAGE][PASSED] - Delayed 15 second(s)

2018-09-29 11:38:05 - [MESSAGE][PASSED] - Wait for page load successfully

2018-09-29 11:38:05 - [MESSAGE][PASSED] - beautytap.GeneralAction.signupViaFacebook is PASSED

2018-09-29 11:38:05 - [TEST_STEP][PASSED] - verifyElementPresent: Object 'Object Repository/Page_General/link_avatar' is present

2018-09-29 11:38:05 - [MESSAGE][PASSED] - Object 'Object Repository/Page_General/link_avatar' is present

2018-09-29 11:38:05 - [TEST_STEP][PASSED] - beautytap.GeneralAction.logout: beautytap.GeneralAction.logout is PASSED

2018-09-29 11:38:06 - [MESSAGE][PASSED] - Object: 'Object Repository/Page_General/link_avatar' is clicked on

2018-09-29 11:38:06 - [MESSAGE][PASSED] - Object 'Object Repository/Page_General/menu_logout' is present

2018-09-29 11:38:06 - [MESSAGE][PASSED] - Object: 'Object Repository/Page_General/menu_logout' is clicked on

2018-09-29 11:38:06 - [MESSAGE][PASSED] - Wait for page load successfully

2018-09-29 11:38:07 - [MESSAGE][PASSED] - Browser is closed

2018-09-29 11:38:07 - [MESSAGE][PASSED] - beautytap.GeneralAction.logout is PASSED

2018-09-29 11:38:07 - [TEST_STEP][PASSED] - beautytap.AdminAction.deleteUser: beautytap.AdminAction.deleteUser is PASSED

2018-09-29 11:38:13 - [MESSAGE][PASSED] - Browser is opened with url: 'https://stage.beautytap.com/login'

2018-09-29 11:38:15 - [MESSAGE][PASSED] - Current window maximized

2018-09-29 11:38:15 - [MESSAGE][PASSED] - Text of object 'Object Repository/Page_login/txt_username' is cleared

2018-09-29 11:38:15 - [MESSAGE][PASSED] - Keys 'mrwhite' sent to object: 'Object Repository/Page_login/txt_username'

2018-09-29 11:38:15 - [MESSAGE][PASSED] - Text of object 'Object Repository/Page_login/txt_password' is cleared

2018-09-29 11:38:15 - [MESSAGE][PASSED] - Keys 'kgySM$Im' sent to object: 'Object Repository/Page_login/txt_password'

2018-09-29 11:38:15 - [MESSAGE][PASSED] - Object: 'Object Repository/Page_login/btn_login' is clicked on

2018-09-29 11:38:15 - [MESSAGE][PASSED] - Wait for page load successfully

2018-09-29 11:38:15 - [MESSAGE][PASSED] - Wait for page load successfully

2018-09-29 11:38:22 - [MESSAGE][PASSED] - Navigate to 'https://stage.beautytap.com/admin' successfully

2018-09-29 11:38:22 - [MESSAGE][PASSED] - Wait for page load successfully

2018-09-29 11:38:28 - [MESSAGE][PASSED] - Object: 'Object Repository/Page_Admin/menu_users' is clicked on

2018-09-29 11:38:28 - [MESSAGE][PASSED] - Wait for page load successfully

2018-09-29 11:38:28 - [MESSAGE][PASSED] - Text of object 'Object Repository/Page_Admin/txt_searchUser' is cleared

2018-09-29 11:38:29 - [MESSAGE][PASSED] - Keys 'g5.posiba@gmail.com' sent to object: 'Object Repository/Page_Admin/txt_searchUser'

2018-09-29 11:38:31 - [MESSAGE][PASSED] - Object: 'Object Repository/Page_Admin/btn_searchUser' is clicked on

2018-09-29 11:38:31 - [MESSAGE][PASSED] - Wait for page load successfully

2018-09-29 11:38:32 - [MESSAGE][PASSED] - Text of object '' is: 'g5.posiba@gmail.com'

2018-09-29 11:38:32 - [MESSAGE][PASSED] - Attribute 'id' of object '' is: 'user-64405'

2018-09-29 11:38:32 - [MESSAGE][PASSED] - Object: '' is hovered

2018-09-29 11:38:37 - [MESSAGE][PASSED] - Delayed 5 second(s)

2018-09-29 11:38:39 - [MESSAGE][PASSED] - Object: '' is clicked on

2018-09-29 11:38:39 - [MESSAGE][FAILED] - No alert found
[[ATTACHMENT|E:\\BeautytapAutomation\\beautytapAuto\\Beautytap\\Reports\\Regression\\20180929_112511\\1538195919097.png]]

2018-09-29 11:38:39 - [MESSAGE][FAILED] - Unable to accept alert (Root cause: No alert found)
[[ATTACHMENT|E:\\BeautytapAutomation\\beautytapAuto\\Beautytap\\Reports\\Regression\\20180929_112511\\1538195919390.png]]

2018-09-29 11:38:40 - [MESSAGE][PASSED] - Browser is closed

2018-09-29 11:38:40 - [MESSAGE][PASSED] - beautytap.AdminAction.deleteUser is PASSED

2018-09-29 11:38:40 - [TEST_STEP][PASSED] - beautytap.GeneralAction.openBeautytap: beautytap.GeneralAction.openBeautytap is PASSED

2018-09-29 11:38:54 - [MESSAGE][PASSED] - Browser is opened with url: 'https://stage.beautytap.com'

2018-09-29 11:38:56 - [MESSAGE][PASSED] - Current window maximized

2018-09-29 11:38:59 - [MESSAGE][PASSED] - Refresh successfully

2018-09-29 11:38:59 - [MESSAGE][PASSED] - Wait for page load successfully

2018-09-29 11:38:59 - [MESSAGE][PASSED] - beautytap.GeneralAction.openBeautytap is PASSED

2018-09-29 11:38:59 - [TEST_STEP][PASSED] - beautytap.GeneralAction.clickNavigationMenu: beautytap.GeneralAction.clickNavigationMenu is PASSED

2018-09-29 11:39:02 - [MESSAGE][PASSED] - Object: 'Object Repository/Page_General/link_login' is clicked on

2018-09-29 11:39:02 - [MESSAGE][PASSED] - Wait for page load successfully

2018-09-29 11:39:02 - [MESSAGE][PASSED] - beautytap.GeneralAction.clickNavigationMenu is PASSED

2018-09-29 11:39:02 - [TEST_STEP][PASSED] - beautytap.GeneralAction.login: beautytap.GeneralAction.login is PASSED

2018-09-29 11:39:02 - [MESSAGE][PASSED] - Object: 'Object Repository/Page_Login/btn_loginFB' is clicked on

2018-09-29 11:39:02 - [MESSAGE][PASSED] - Switched to window with index: '1'

2018-09-29 11:39:04 - [MESSAGE][PASSED] - Object 'Object Repository/Popup_FacebookLogin/txt_email' is visible

2018-09-29 11:39:05 - [MESSAGE][PASSED] - Keys 'g5.posiba@gmail.com' sent to object: 'Object Repository/Popup_FacebookLogin/txt_email'

2018-09-29 11:39:05 - [MESSAGE][PASSED] - Keys 'posiba123' sent to object: 'Object Repository/Popup_FacebookLogin/txt_password'

2018-09-29 11:39:06 - [MESSAGE][PASSED] - Object: 'Object Repository/Popup_FacebookLogin/btn_login' is clicked on

2018-09-29 11:39:06 - [MESSAGE][PASSED] - Switched to window with index: '0'

2018-09-29 11:39:06 - [MESSAGE][PASSED] - Wait for page load successfully

2018-09-29 11:39:06 - [MESSAGE][PASSED] - beautytap.GeneralAction.login is PASSED

2018-09-29 11:39:06 - [TEST_STEP][PASSED] - verifyElementPresent: Object 'Object Repository/Page_General/link_avatar' is present

2018-09-29 11:39:15 - [MESSAGE][PASSED] - Object 'Object Repository/Page_General/link_avatar' is present

2018-09-29 11:39:15 - [TEST_STEP][PASSED] - beautytap.GeneralAction.logout: beautytap.GeneralAction.logout is PASSED

2018-09-29 11:39:16 - [MESSAGE][PASSED] - Object: 'Object Repository/Page_General/link_avatar' is clicked on

2018-09-29 11:39:16 - [MESSAGE][PASSED] - Object 'Object Repository/Page_General/menu_logout' is present

2018-09-29 11:39:16 - [MESSAGE][PASSED] - Object: 'Object Repository/Page_General/menu_logout' is clicked on

2018-09-29 11:39:16 - [MESSAGE][PASSED] - Wait for page load successfully

2018-09-29 11:39:17 - [MESSAGE][PASSED] - Browser is closed

2018-09-29 11:39:17 - [MESSAGE][PASSED] - beautytap.GeneralAction.logout is PASSED

2018-09-29 11:39:17 - [TEST_STEP][PASSED] - beautytap.GeneralAction.openBeautytap: beautytap.GeneralAction.openBeautytap is PASSED

2018-09-29 11:39:27 - [MESSAGE][PASSED] - Browser is opened with url: 'https://stage.beautytap.com'

2018-09-29 11:39:28 - [MESSAGE][PASSED] - Current window maximized

2018-09-29 11:39:31 - [MESSAGE][PASSED] - Refresh successfully

2018-09-29 11:39:31 - [MESSAGE][PASSED] - Wait for page load successfully

2018-09-29 11:39:31 - [MESSAGE][PASSED] - beautytap.GeneralAction.openBeautytap is PASSED

2018-09-29 11:39:31 - [TEST_STEP][PASSED] - beautytap.GeneralAction.clickNavigationMenu: beautytap.GeneralAction.clickNavigationMenu is PASSED

2018-09-29 11:39:34 - [MESSAGE][PASSED] - Object: 'Object Repository/Page_General/link_signup' is clicked on

2018-09-29 11:39:34 - [MESSAGE][PASSED] - Wait for page load successfully

2018-09-29 11:39:34 - [MESSAGE][PASSED] - beautytap.GeneralAction.clickNavigationMenu is PASSED

2018-09-29 11:39:34 - [TEST_STEP][PASSED] - beautytap.GeneralAction.signupViaFacebook: beautytap.GeneralAction.signupViaFacebook is PASSED

2018-09-29 11:39:35 - [MESSAGE][PASSED] - Object: 'Object Repository/Page_Signup/btn_signupFB' is clicked on

2018-09-29 11:39:35 - [MESSAGE][PASSED] - Switched to window with index: '1'

2018-09-29 11:39:37 - [MESSAGE][PASSED] - Keys 'g5.posiba@gmail.com' sent to object: 'Object Repository/Popup_FacebookLogin/txt_email'

2018-09-29 11:39:37 - [MESSAGE][PASSED] - Keys 'posiba123' sent to object: 'Object Repository/Popup_FacebookLogin/txt_password'

2018-09-29 11:39:38 - [MESSAGE][PASSED] - Object: 'Object Repository/Popup_FacebookLogin/btn_login' is clicked on

2018-09-29 11:39:40 - [MESSAGE][WARNING] - Cannot take screenshot

2018-09-29 11:39:40 - [MESSAGE][FAILED] - Unable to get text of object 'Object Repository/Popup_FacebookLogin/btn_confirmPermission' (Root cause: org.openqa.selenium.NoSuchWindowException: no such window: window was already closed
  (Session info: chrome=69.0.3497.100)
  (Driver info: chromedriver=2.35.528161 (5b82f2d2aae0ca24b877009200ced9065a772e73),platform=Windows NT 10.0.17134 x86_64) (WARNING: The server did not provide any stacktrace information)
Command duration or timeout: 0 milliseconds
Build info: version: '3.7.1', revision: '8a0099a', time: '2017-11-06T21:07:36.161Z'
System info: host: 'DESKTOP-G1UHP65', ip: '192.168.1.8', os.name: 'Windows 10', os.arch: 'amd64', os.version: '10.0', java.version: '1.8.0_102'
Driver info: com.kms.katalon.selenium.driver.CChromeDriver
Capabilities {acceptInsecureCerts: false, acceptSslCerts: false, applicationCacheEnabled: false, browserConnectionEnabled: false, browserName: chrome, chrome: {chromedriverVersion: 2.35.528161 (5b82f2d2aae0ca..., userDataDir: C:\Users\TRANGN~1\AppData\L...}, cssSelectorsEnabled: true, databaseEnabled: false, handlesAlerts: true, hasTouchScreen: false, javascriptEnabled: true, locationContextEnabled: true, mobileEmulationEnabled: false, nativeEvents: true, networkConnectionEnabled: false, pageLoadStrategy: normal, platform: XP, platformName: XP, rotatable: false, setWindowRect: true, takesHeapSnapshot: true, takesScreenshot: true, unexpectedAlertBehaviour: , unhandledPromptBehavior: , version: 69.0.3497.100, webStorageEnabled: true}
Session ID: 38be3fff6988904df8c89fc36d176ab2
*** Element info: {Using=xpath, value=//button[contains(@class,'layerConfirm') and contains(@name,'CONFIRM')]})

2018-09-29 11:39:40 - [MESSAGE][PASSED] - Switched to window with index: '0'

2018-09-29 11:39:55 - [MESSAGE][PASSED] - Delayed 15 second(s)

2018-09-29 11:39:55 - [MESSAGE][PASSED] - Wait for page load successfully

2018-09-29 11:39:55 - [MESSAGE][PASSED] - beautytap.GeneralAction.signupViaFacebook is PASSED

2018-09-29 11:39:55 - [TEST_STEP][PASSED] - verifyElementPresent: Object 'Object Repository/Page_General/link_avatar' is present

2018-09-29 11:39:55 - [MESSAGE][PASSED] - Object 'Object Repository/Page_General/link_avatar' is present

2018-09-29 11:39:55 - [TEST_STEP][PASSED] - beautytap.GeneralAction.logout: beautytap.GeneralAction.logout is PASSED

2018-09-29 11:39:55 - [MESSAGE][PASSED] - Object: 'Object Repository/Page_General/link_avatar' is clicked on

2018-09-29 11:39:55 - [MESSAGE][PASSED] - Object 'Object Repository/Page_General/menu_logout' is present

2018-09-29 11:39:55 - [MESSAGE][PASSED] - Object: 'Object Repository/Page_General/menu_logout' is clicked on

2018-09-29 11:39:55 - [MESSAGE][PASSED] - Wait for page load successfully

2018-09-29 11:39:56 - [MESSAGE][PASSED] - Browser is closed

2018-09-29 11:39:56 - [MESSAGE][PASSED] - beautytap.GeneralAction.logout is PASSED

2018-09-29 11:39:56 - [TEST_STEP][PASSED] - beautytap.GeneralAction.openBeautytap: beautytap.GeneralAction.openBeautytap is PASSED

2018-09-29 11:40:09 - [MESSAGE][PASSED] - Browser is opened with url: 'https://stage.beautytap.com'

2018-09-29 11:40:10 - [MESSAGE][PASSED] - Current window maximized

2018-09-29 11:40:13 - [MESSAGE][PASSED] - Refresh successfully

2018-09-29 11:40:13 - [MESSAGE][PASSED] - Wait for page load successfully

[...]

2018-09-29 11:53:38 - [MESSAGE][PASSED] - Keys 'New York' sent to object: 'Object Repository/Page_Checkout/txt_billingCity'

2018-09-29 11:53:38 - [MESSAGE][PASSED] - All options with label 'New York' are selected in object 'Object Repository/Page_Checkout/drop_billingState' 

2018-09-29 11:53:39 - [MESSAGE][PASSED] - Text of object 'Object Repository/Page_Checkout/txt_billingZip' is cleared

2018-09-29 11:53:39 - [MESSAGE][PASSED] - Keys '90012' sent to object: 'Object Repository/Page_Checkout/txt_billingZip'

2018-09-29 11:53:39 - [MESSAGE][PASSED] - Text of object 'Object Repository/Page_Checkout/txt_billingEmail' is cleared

2018-09-29 11:53:39 - [MESSAGE][PASSED] - Keys 'auto660407@mailinator.com' sent to object: 'Object Repository/Page_Checkout/txt_billingEmail'

2018-09-29 11:53:39 - [MESSAGE][PASSED] - Object 'Object Repository/Page_Checkout/chk_shipToDifferentAddress' is un-checked

2018-09-29 11:53:40 - [MESSAGE][PASSED] - Text of object 'Object Repository/Page_Checkout/txt_orderNote' is cleared

2018-09-29 11:53:40 - [MESSAGE][PASSED] - Keys 'auto660407Order' sent to object: 'Object Repository/Page_Checkout/txt_orderNote'

2018-09-29 11:53:40 - [MESSAGE][PASSED] - Object 'Object Repository/Page_Checkout/radio_creditCard' is checked

2018-09-29 11:53:45 - [MESSAGE][PASSED] - Delayed 5 second(s)

2018-09-29 11:53:45 - [MESSAGE][PASSED] - beautytap.ShopAction.fillCustomerInformation is PASSED

2018-09-29 11:53:45 - [TEST_STEP][PASSED] - beautytap.ShopAction.VerifyOrderDetailsOnCheckout: Keyword VerifyOrderDetailsOnCheckout is Passed

2018-09-29 11:53:45 - [MESSAGE][PASSED] - Object '' is present

2018-09-29 11:53:45 - [MESSAGE][PASSED] - Text of object '' is: '$95.40'

2018-09-29 11:53:45 - [MESSAGE][PASSED] - Text of object '' is: 'Free shipping for orders over $60
Why does shipping take this long?'

2018-09-29 11:53:45 - [MESSAGE][PASSED] - Text of object '' is: '$95.40'

2018-09-29 11:53:45 - [MESSAGE][PASSED] - Keyword VerifyOrderDetailsOnCheckout is Passed

2018-09-29 11:53:45 - [TEST_STEP][PASSED] - beautytap.ShopAction.checkoutViaPaypal: beautytap.ShopAction.checkoutViaPaypal is PASSED

2018-09-29 11:53:45 - [MESSAGE][PASSED] - Object 'Object Repository/Page_Checkout/radio_paypal' is checked

2018-09-29 11:53:50 - [MESSAGE][PASSED] - Delayed 5 second(s)

2018-09-29 11:53:50 - [MESSAGE][PASSED] - Object 'Object Repository/Page_Checkout/chk_terms' is checked

2018-09-29 11:53:51 - [MESSAGE][PASSED] - Object: 'Object Repository/Page_Checkout/btn_placeOrder' is clicked on

2018-09-29 11:53:57 - [MESSAGE][PASSED] - Object 'Object Repository/Page_Paypal/txt_email' is present

2018-09-29 11:53:57 - [MESSAGE][PASSED] - Text of object 'Object Repository/Page_Paypal/txt_email' is cleared

2018-09-29 11:53:57 - [MESSAGE][PASSED] - Keys 'g1.posiba@gmail.com' sent to object: 'Object Repository/Page_Paypal/txt_email'

2018-09-29 11:53:57 - [MESSAGE][PASSED] - Text of object 'Object Repository/Page_Paypal/txt_password' is cleared

2018-09-29 11:53:58 - [MESSAGE][PASSED] - Keys 'Tr@ng99%' sent to object: 'Object Repository/Page_Paypal/txt_password'

2018-09-29 11:54:10 - [MESSAGE][PASSED] - Object: 'Object Repository/Page_Paypal/btn_login' is clicked on

2018-09-29 11:54:13 - [MESSAGE][PASSED] - Object 'Object Repository/Page_Paypal/btn_payNow' is present

2018-09-29 11:54:18 - [MESSAGE][PASSED] - Delayed 5 second(s)

2018-09-29 11:54:18 - [MESSAGE][PASSED] - Object: 'Object Repository/Page_Paypal/btn_payNow' is clicked on

2018-09-29 11:54:35 - [MESSAGE][PASSED] - Object 'Object Repository/Page_Checkout/lbl_orderReceived' is present

2018-09-29 11:54:35 - [MESSAGE][PASSED] - beautytap.ShopAction.checkoutViaPaypal is PASSED

2018-09-29 11:54:35 - [TEST_STEP][PASSED] - beautytap.ShopAction.VerifyOrderReceivedDetails: Keyword VerifyOrderReceivedDetails is Passed

2018-09-29 11:54:35 - [MESSAGE][PASSED] - Object '' is present

2018-09-29 11:54:35 - [MESSAGE][PASSED] - Text of object '' is: '$95.40'

2018-09-29 11:54:35 - [MESSAGE][PASSED] - Text of object '' is: 'Free shipping for orders over $60'

2018-09-29 11:54:41 - [MESSAGE][WARNING] - com.kms.katalon.core.webui.exception.WebElementNotFoundException: Web element with id: '' located by 'By.xpath: //th[text()='Shipping:']/parent::tr/td/span' not found
[[ATTACHMENT|E:\\BeautytapAutomation\\beautytapAuto\\Beautytap\\Reports\\Regression\\20180929_112511\\1538196880977.png]]

2018-09-29 11:54:41 - [MESSAGE][PASSED] - Text of object '' is: 'PayPal'

2018-09-29 11:54:41 - [MESSAGE][PASSED] - Text of object '' is: '$95.40'

2018-09-29 11:54:41 - [MESSAGE][PASSED] - Keyword VerifyOrderReceivedDetails is Passed

2018-09-29 11:54:41 - [TEST_STEP][PASSED] - closeBrowser: Browser is closed

2018-09-29 11:54:42 - [MESSAGE][PASSED] - Browser is closed]]></system-out>
         <system-err><![CDATA[]]></system-err>
      </testcase>
      <testcase name="Test Cases/Shop/TC06_Browse_VariationProduct_Sale_AmazonPayAtCart_LessThan60_EMS" classname="Test Cases/Shop/TC06_Browse_VariationProduct_Sale_AmazonPayAtCart_LessThan60_EMS" status="PASSED">
         <system-out><![CDATA[2018-09-29 11:54:44 - [TEST_CASE][PASSED] - Test Cases/Shop/TC06_Browse_VariationProduct_Sale_AmazonPayAtCart_LessThan60_EMS: Test Cases/Shop/TC06_Browse_VariationProduct_Sale_AmazonPayAtCart_LessThan60_EMS

2018-09-29 11:54:44 - [TEST_STEP][PASSED] - Statement - productName = VARIATION_SALE_PRODUCT: null

2018-09-29 11:54:44 - [TEST_STEP][PASSED] - Statement - saleprice = VARIATION_SALE_PRICE1: null

2018-09-29 11:54:44 - [TEST_STEP][PASSED] - Statement - redularprice = VARIATION_SALE_REGULAR_PRICE1: null

2018-09-29 11:54:44 - [TEST_STEP][PASSED] - Statement - variation = VARIATION_SALE_NAME1: null

2018-09-29 11:54:44 - [TEST_STEP][PASSED] - Statement - r_string = new java.lang.Math().random().toString().substring(2, 8): null

2018-09-29 11:54:44 - [TEST_STEP][PASSED] - Statement - email = "auto" + r_string + "@mailinator.com": null

2018-09-29 11:54:44 - [TEST_STEP][PASSED] - Statement - orderNote = "auto" + r_string + "Order": null

2018-09-29 11:54:44 - [TEST_STEP][PASSED] - Statement - currentNumberItemInCart = <not implemented yet for class: org.codehaus.groovy.ast.expr.EmptyExpression>: null

2018-09-29 11:54:44 - [TEST_STEP][PASSED] - Statement - quantity = 5: null

2018-09-29 11:54:44 - [TEST_STEP][PASSED] - Statement - shippingLabel = EMS_SHIPPING_LABEL: null

2018-09-29 11:54:44 - [TEST_STEP][PASSED] - Statement - shippingPrice = EMS_SHIPPING_PRICE: null

2018-09-29 11:54:44 - [TEST_STEP][PASSED] - Statement - subtotal = CustomKeywords.beautytap.ShopAction.calculateTotal(quantity, saleprice): beautytap.ShopAction.calculateTotal is PASSED

2018-09-29 11:54:44 - [MESSAGE][PASSED] - beautytap.ShopAction.calculateTotal is PASSED

2018-09-29 11:54:44 - [TEST_STEP][PASSED] - Statement - total = subtotal + shippingPrice: null

2018-09-29 11:54:44 - [TEST_STEP][PASSED] - Statement - total = CustomKeywords.beautytap.ShopAction.calculateTotal(1, total): beautytap.ShopAction.calculateTotal is PASSED

2018-09-29 11:54:44 - [MESSAGE][PASSED] - beautytap.ShopAction.calculateTotal is PASSED

2018-09-29 11:54:44 - [TEST_STEP][PASSED] - Statement - products = new org.json.JSONArray((((((((([{"productname":" + productName) + ","variation":") + variation) + ","quantity":") + quantity) + ","price":") + saleprice) + "}])): null

2018-09-29 11:54:44 - [TEST_STEP][PASSED] - Statement - billingInformation = new org.json.JSONObject((({"firstname":"Test","lastname":"Automation","country":"United States (US)","address":"123 Testing","city":"New York","state":"New York","zip":"90012","email":" + email) + "})): null

2018-09-29 11:54:44 - [TEST_STEP][PASSED] - Statement - shippingType = "EMS": null

2018-09-29 11:54:44 - [TEST_STEP][PASSED] - Statement - paymentMethod = "Amazon Pay": null

2018-09-29 11:54:44 - [TEST_STEP][PASSED] - Statement - category = "Brands": null

2018-09-29 11:54:44 - [TEST_STEP][PASSED] - Statement - subcategory = "Innisfree": null

2018-09-29 11:54:44 - [TEST_STEP][PASSED] - beautytap.GeneralAction.openBeautytap: beautytap.GeneralAction.openBeautytap is PASSED

2018-09-29 11:54:55 - [MESSAGE][PASSED] - Browser is opened with url: 'https://stage.beautytap.com'

2018-09-29 11:54:56 - [MESSAGE][PASSED] - Current window maximized

2018-09-29 11:55:00 - [MESSAGE][PASSED] - Refresh successfully

2018-09-29 11:55:00 - [MESSAGE][PASSED] - Wait for page load successfully

2018-09-29 11:55:00 - [MESSAGE][PASSED] - beautytap.GeneralAction.openBeautytap is PASSED

2018-09-29 11:55:00 - [TEST_STEP][PASSED] - beautytap.ShopAction.selectCategory: beautytap.ShopAction.selectCategory is PASSED

2018-09-29 11:55:00 - [MESSAGE][PASSED] - Object: '' is clicked on

2018-09-29 11:55:02 - [MESSAGE][PASSED] - Delayed 2 second(s)

2018-09-29 11:55:10 - [MESSAGE][PASSED] - Object: '' is clicked on

2018-09-29 11:55:10 - [MESSAGE][PASSED] - Wait for page load successfully

2018-09-29 11:55:10 - [MESSAGE][PASSED] - beautytap.ShopAction.selectCategory is PASSED

2018-09-29 11:55:10 - [TEST_STEP][PASSED] - beautytap.ShopAction.findProductOnProductList: beautytap.ShopAction.findProductOnProductList is PASSED

2018-09-29 11:55:10 - [MESSAGE][PASSED] - Text of object '' is: '3'

2018-09-29 11:55:15 - [MESSAGE][WARNING] - com.kms.katalon.core.webui.exception.WebElementNotFoundException: Web element with id: '' located by 'By.xpath: //a[text()='Innisfree Eye Contouring Stick Round Shape 0.7g']' not found
[[ATTACHMENT|E:\\BeautytapAutomation\\beautytapAuto\\Beautytap\\Reports\\Regression\\20180929_112511\\1538196915617.png]]

2018-09-29 11:55:24 - [MESSAGE][PASSED] - Object: '' is clicked on

2018-09-29 11:55:24 - [MESSAGE][PASSED] - Wait for page load successfully

2018-09-29 11:55:24 - [MESSAGE][PASSED] - Object '' is present

2018-09-29 11:55:24 - [MESSAGE][PASSED] - beautytap.ShopAction.findProductOnProductList is PASSED

2018-09-29 11:55:24 - [TEST_STEP][PASSED] - beautytap.ShopAction.VerifyProductOnProductList: Keyword VerifyProductOnProductList is Passed

2018-09-29 11:55:24 - [MESSAGE][PASSED] - Object '' is present

2018-09-29 11:55:24 - [MESSAGE][PASSED] - Text of object '' is: '$4.95'

2018-09-29 11:55:24 - [MESSAGE][PASSED] - Get CSS 'color' value on '' successfully: 'rgba(255, 35, 134, 1)'.

2018-09-29 11:55:24 - [MESSAGE][PASSED] - Get CSS 'color' value on '' successfully: 'rgba(255, 35, 134, 1)'.

2018-09-29 11:55:24 - [MESSAGE][PASSED] - Text of object '' is: '$6.50'

2018-09-29 11:55:24 - [MESSAGE][PASSED] - Get CSS 'color' value on '' successfully: 'rgba(255, 35, 134, 1)'.

2018-09-29 11:55:24 - [MESSAGE][PASSED] - Get CSS 'color' value on '' successfully: 'rgba(255, 35, 134, 1)'.

2018-09-29 11:55:24 - [MESSAGE][PASSED] - Keyword VerifyProductOnProductList is Passed

2018-09-29 11:55:24 - [TEST_STEP][PASSED] - beautytap.ShopAction.selectProductOnProductList: beautytap.ShopAction.selectProductOnProductList is PASSED

2018-09-29 11:55:31 - [MESSAGE][PASSED] - Object: '' is clicked on

2018-09-29 11:55:31 - [MESSAGE][PASSED] - Wait for page load successfully

2018-09-29 11:55:31 - [MESSAGE][PASSED] - beautytap.ShopAction.selectProductOnProductList is PASSED

2018-09-29 11:55:31 - [TEST_STEP][PASSED] - beautytap.ShopAction.selectProductVariation: beautytap.ShopAction.selectProductVariation is PASSED

2018-09-29 11:55:31 - [MESSAGE][PASSED] - Object: 'Object Repository/Page_Shop/drop_chooseOption' is clicked on

2018-09-29 11:55:32 - [MESSAGE][PASSED] - Delayed 1 second(s)

2018-09-29 11:55:32 - [MESSAGE][PASSED] - Object: '' is clicked on

2018-09-29 11:55:32 - [MESSAGE][PASSED] - beautytap.ShopAction.selectProductVariation is PASSED

2018-09-29 11:55:32 - [TEST_STEP][PASSED] - beautytap.ShopAction.VerifyProductDetails: Keyword VerifyProductDetails is Passed

2018-09-29 11:55:32 - [MESSAGE][PASSED] - Text of object '' is: 'Innisfree Eye Contouring Stick Round Shape 0.7g'

2018-09-29 11:55:33 - [MESSAGE][PASSED] - All options with label '5' are selected in object 'Object Repository/Page_Shop/drop_chooseOption' 

2018-09-29 11:55:33 - [MESSAGE][PASSED] - Text of object '' is: '$6.50'

2018-09-29 11:55:33 - [MESSAGE][PASSED] - Get CSS 'color' value on '' successfully: 'rgba(195, 195, 195, 1)'.

2018-09-29 11:55:33 - [MESSAGE][PASSED] - Text of object '' is: '$4.95'

2018-09-29 11:55:33 - [MESSAGE][PASSED] - Get CSS 'color' value on '' successfully: 'rgba(255, 35, 134, 1)'.

2018-09-29 11:55:33 - [MESSAGE][PASSED] - Keyword VerifyProductDetails is Passed

2018-09-29 11:55:33 - [TEST_STEP][PASSED] - Statement - currentNumberItemInCart = CustomKeywords.beautytap.ShopAction.getNumberItemInCart(): beautytap.ShopAction.getNumberItemInCart is PASSED

2018-09-29 11:55:39 - [MESSAGE][WARNING] - com.kms.katalon.core.webui.exception.WebElementNotFoundException: Web element with id: '' located by 'By.xpath: //div[@class='header-right-top pull-right']/a[@class='shop-cart']/span[@class='number-cart']' not found
[[ATTACHMENT|E:\\BeautytapAutomation\\beautytapAuto\\Beautytap\\Reports\\Regression\\20180929_112511\\1538196938931.png]]

2018-09-29 11:55:39 - [MESSAGE][PASSED] - beautytap.ShopAction.getNumberItemInCart is PASSED

2018-09-29 11:55:39 - [TEST_STEP][PASSED] - beautytap.ShopAction.addProductToCart: beautytap.ShopAction.addProductToCart is PASSED

2018-09-29 11:55:39 - [MESSAGE][PASSED] - Text of object 'Object Repository/Page_Shop/txt_quantity' is cleared

2018-09-29 11:55:39 - [MESSAGE][PASSED] - Keys '5' sent to object: 'Object Repository/Page_Shop/txt_quantity'

2018-09-29 11:55:39 - [MESSAGE][PASSED] - Object: 'Object Repository/Page_Shop/btn_addToCart' is clicked on

2018-09-29 11:55:39 - [MESSAGE][PASSED] - Wait for page load successfully

2018-09-29 11:55:44 - [MESSAGE][PASSED] - Object 'Object Repository/Page_Shop/lbl_message' is present

2018-09-29 11:55:44 - [MESSAGE][PASSED] - beautytap.ShopAction.addProductToCart is PASSED

2018-09-29 11:55:44 - [TEST_STEP][PASSED] - beautytap.ShopAction.VerifyNumberItemInCart: Keyword VerifyNumberItemInCart is Passed, Number item in cart is 5, expected is 5

2018-09-29 11:55:44 - [MESSAGE][PASSED] - Object '' is present

2018-09-29 11:55:44 - [MESSAGE][PASSED] - Text of object '' is: '5'

2018-09-29 11:55:44 - [MESSAGE][PASSED] - Keyword VerifyNumberItemInCart is Passed, Number item in cart is 5, expected is 5

2018-09-29 11:55:44 - [TEST_STEP][PASSED] - beautytap.ShopAction.VerifyProductIsAddedToCart: beautytap.ShopAction.VerifyProductIsAddedToCart is PASSED

2018-09-29 11:55:44 - [MESSAGE][PASSED] - Object '' is present

2018-09-29 11:55:44 - [MESSAGE][PASSED] - beautytap.ShopAction.VerifyProductIsAddedToCart is PASSED

2018-09-29 11:55:44 - [TEST_STEP][PASSED] - beautytap.ShopAction.goToCart: beautytap.ShopAction.goToCart is PASSED

2018-09-29 11:55:44 - [MESSAGE][PASSED] - Object 'Object Repository/Page_General/icon_cart' is present

2018-09-29 11:55:49 - [MESSAGE][PASSED] - Object: 'Object Repository/Page_General/icon_cart' is clicked on

2018-09-29 11:55:49 - [MESSAGE][PASSED] - Wait for page load successfully

2018-09-29 11:55:49 - [MESSAGE][PASSED] - beautytap.ShopAction.goToCart is PASSED

2018-09-29 11:55:49 - [TEST_STEP][PASSED] - beautytap.ShopAction.VerifyProductInCart: Keyword VerifyProductInCart is Passed

2018-09-29 11:55:49 - [MESSAGE][PASSED] - Object '' is present

2018-09-29 11:55:49 - [MESSAGE][PASSED] - Object '' is present

2018-09-29 11:55:49 - [MESSAGE][PASSED] - Text of object '' is: '$4.95'

2018-09-29 11:55:49 - [MESSAGE][PASSED] - Attribute 'value' of object '' is: '5'

2018-09-29 11:55:49 - [MESSAGE][PASSED] - Text of object '' is: '$24.75'

2018-09-29 11:55:49 - [MESSAGE][PASSED] - Keyword VerifyProductInCart is Passed

2018-09-29 11:55:49 - [TEST_STEP][PASSED] - beautytap.ShopAction.loginAmazonPay: beautytap.ShopAction.loginAmazonPay is PASSED

2018-09-29 11:55:49 - [MESSAGE][PASSED] - Object: 'Object Repository/Page_Cart/btn_payWithAmazon' is clicked on

2018-09-29 11:55:49 - [MESSAGE][PASSED] - Switched to window with index: '1'

2018-09-29 11:55:51 - [MESSAGE][PASSED] - Object 'Object Repository/Popup_Amazon/txt_email' is present

2018-09-29 11:55:51 - [MESSAGE][PASSED] - Text of object 'Object Repository/Popup_Amazon/txt_email' is cleared

2018-09-29 11:55:51 - [MESSAGE][PASSED] - Keys 'amazontest1503@yopmail.com' sent to object: 'Object Repository/Popup_Amazon/txt_email'

2018-09-29 11:55:51 - [MESSAGE][PASSED] - Text of object 'Object Repository/Popup_Amazon/txt_password' is cleared

2018-09-29 11:55:51 - [MESSAGE][PASSED] - Keys '123456' sent to object: 'Object Repository/Popup_Amazon/txt_password'

2018-09-29 11:55:54 - [MESSAGE][PASSED] - Object: 'Object Repository/Popup_Amazon/btn_signin' is clicked on

2018-09-29 11:55:54 - [MESSAGE][PASSED] - Switched to window with index: '0'

2018-09-29 11:56:24 - [MESSAGE][PASSED] - Delayed 30 second(s)

2018-09-29 11:56:24 - [MESSAGE][PASSED] - beautytap.ShopAction.loginAmazonPay is PASSED

2018-09-29 11:56:24 - [TEST_STEP][PASSED] - beautytap.ShopAction.selectShipping: beautytap.ShopAction.selectShipping is PASSED

2018-09-29 11:56:24 - [MESSAGE][PASSED] - Object '' is checked

2018-09-29 11:56:29 - [MESSAGE][PASSED] - Delayed 5 second(s)

2018-09-29 11:56:29 - [MESSAGE][PASSED] - beautytap.ShopAction.selectShipping is PASSED

2018-09-29 11:56:29 - [TEST_STEP][PASSED] - beautytap.ShopAction.VerifyOrderDetailsOnCheckout: Keyword VerifyOrderDetailsOnCheckout is Passed

2018-09-29 11:56:29 - [MESSAGE][PASSED] - Object '' is present

2018-09-29 11:56:29 - [MESSAGE][PASSED] - Text of object '' is: '$24.75'

2018-09-29 11:56:29 - [MESSAGE][PASSED] - Object '' has attribute 'checked'

2018-09-29 11:56:30 - [MESSAGE][PASSED] - Text of object '' is: '($25) - EMS Express shipping (est. 10-14 working days delivery including processing): $25.00'

2018-09-29 11:56:30 - [MESSAGE][PASSED] - Text of object '' is: '$25.00'

2018-09-29 11:56:30 - [MESSAGE][PASSED] - Text of object '' is: '$49.75'

2018-09-29 11:56:30 - [MESSAGE][PASSED] - Keyword VerifyOrderDetailsOnCheckout is Passed

2018-09-29 11:56:30 - [TEST_STEP][PASSED] - beautytap.ShopAction.checkoutViaAmazonPay: beautytap.ShopAction.checkoutViaAmazonPay is PASSED

2018-09-29 11:56:30 - [MESSAGE][PASSED] - Object 'Object Repository/Page_Checkout/chk_terms' is clickable

2018-09-29 11:56:30 - [MESSAGE][PASSED] - Object 'Object Repository/Page_Checkout/chk_terms' is checked

2018-09-29 11:56:30 - [MESSAGE][PASSED] - Object: 'Object Repository/Page_Checkout/btn_placeOrder' is clicked on

2018-09-29 11:56:45 - [MESSAGE][PASSED] - Object 'Object Repository/Page_Checkout/lbl_orderReceived' is present

2018-09-29 11:56:45 - [MESSAGE][PASSED] - beautytap.ShopAction.checkoutViaAmazonPay is PASSED

2018-09-29 11:56:45 - [TEST_STEP][PASSED] - beautytap.ShopAction.VerifyOrderReceivedDetails: Keyword VerifyOrderReceivedDetails is Passed

2018-09-29 11:56:45 - [MESSAGE][PASSED] - Object '' is present

2018-09-29 11:56:45 - [MESSAGE][PASSED] - Text of object '' is: '$24.75'

2018-09-29 11:56:45 - [MESSAGE][PASSED] - Text of object '' is: '$25.00 via ($25) - EMS Express shipping (est. 10-14 working days delivery including processing)'

2018-09-29 11:56:45 - [MESSAGE][PASSED] - Object '' is present

2018-09-29 11:56:45 - [MESSAGE][PASSED] - Text of object '' is: '$25.00'

2018-09-29 11:56:45 - [MESSAGE][PASSED] - Text of object '' is: 'Amazon Pay'

2018-09-29 11:56:45 - [MESSAGE][PASSED] - Text of object '' is: '$49.75'

2018-09-29 11:56:45 - [MESSAGE][PASSED] - Keyword VerifyOrderReceivedDetails is Passed

2018-09-29 11:56:45 - [TEST_STEP][PASSED] - closeBrowser: Browser is closed

2018-09-29 11:56:46 - [MESSAGE][PASSED] - Browser is closed]]></system-out>
         <system-err><![CDATA[]]></system-err>
      </testcase>
      <system-out><![CDATA[2018-09-29 11:25:13 - [TEST_SUITE][PASSED] - Regression: Test Cases/Shop/TC06_Browse_VariationProduct_Sale_AmazonPayAtCart_LessThan60_EMS]]></system-out>
      <system-err><![CDATA[]]></system-err>
   </testsuite>
</testsuites>
