<?xml version="1.0" encoding="UTF-8"?>
<testsuites name="TS1" time="1980" tests="5" failures="3" errors="0">
   <testsuite name="TS1" tests="5" failures="3" errors="0" time="1980" timestamp="2018-09-19 16:55:37" hostname="Trang Nguyen - DESKTOP-G1UHP65" id="Test Suites/TS1">
      <properties>
         <property name="deviceName" value=""/>
         <property name="devicePlatform" value=""/>
         <property name="logFolder" value="E:\\BeautytapAutomation\\beautytapAuto\\Beautytap\\Reports\\TS1\\20180919_165534"/>
         <property name="logFiles" value="E:\\BeautytapAutomation\\beautytapAuto\\Beautytap\\Reports\\TS1\\20180919_165534\\execution0.log"/>
         <property name="attachments" value="E:\\BeautytapAutomation\\beautytapAuto\\Beautytap\\Reports\\TS1\\20180919_165534\\1537351427906.png, E:\\BeautytapAutomation\\beautytapAuto\\Beautytap\\Reports\\TS1\\20180919_165534\\1537351428191.png, E:\\BeautytapAutomation\\beautytapAuto\\Beautytap\\Reports\\TS1\\20180919_165534\\1537351510934.png, E:\\BeautytapAutomation\\beautytapAuto\\Beautytap\\Reports\\TS1\\20180919_165534\\1537351547933.png, E:\\BeautytapAutomation\\beautytapAuto\\Beautytap\\Reports\\TS1\\20180919_165534\\1537351684394.png, E:\\BeautytapAutomation\\beautytapAuto\\Beautytap\\Reports\\TS1\\20180919_165534\\1537351757146.png, E:\\BeautytapAutomation\\beautytapAuto\\Beautytap\\Reports\\TS1\\20180919_165534\\1537351792258.png, E:\\BeautytapAutomation\\beautytapAuto\\Beautytap\\Reports\\TS1\\20180919_165534\\1537351806667.png, E:\\BeautytapAutomation\\beautytapAuto\\Beautytap\\Reports\\TS1\\20180919_165534\\1537351852524.png, E:\\BeautytapAutomation\\beautytapAuto\\Beautytap\\Reports\\TS1\\20180919_165534\\1537351948944.png, E:\\BeautytapAutomation\\beautytapAuto\\Beautytap\\Reports\\TS1\\20180919_165534\\1537352005485.png, E:\\BeautytapAutomation\\beautytapAuto\\Beautytap\\Reports\\TS1\\20180919_165534\\1537352055748.png, E:\\BeautytapAutomation\\beautytapAuto\\Beautytap\\Reports\\TS1\\20180919_165534\\1537352242693.png, E:\\BeautytapAutomation\\beautytapAuto\\Beautytap\\Reports\\TS1\\20180919_165534\\1537352321351.png, E:\\BeautytapAutomation\\beautytapAuto\\Beautytap\\Reports\\TS1\\20180919_165534\\1537352676592.png, E:\\BeautytapAutomation\\beautytapAuto\\Beautytap\\Reports\\TS1\\20180919_165534\\1537352882878.png, E:\\BeautytapAutomation\\beautytapAuto\\Beautytap\\Reports\\TS1\\20180919_165534\\1537352914161.png"/>
         <property name="hostName" value="Trang Nguyen - DESKTOP-G1UHP65"/>
         <property name="os" value="Windows 10 64bit"/>
         <property name="katalonVersion" value="5.5.0.1"/>
         <property name="browser" value="Chrome 69.0.3497.100"/>
         <property name="hostAddress" value="10.0.0.86"/>
         <property name="sessionId" value="ca63e096d1a39046d4f1bf8e74f2aa57"/>
         <property name="seleniumVersion" value="3.7.1"/>
         <property name="proxyInformation" value="ProxyInformation{proxyOption=NO_PROXY, proxyServerType=HTTP, password=, proxyServerAddress=, proxyServerPort=0}"/>
         <property name="platform" value="Windows 10"/>
      </properties>
      <testcase name="Test Cases/SignUp_Login_ResetPass/TC01_SignUp_Login_ResetPassword_Via_Email" classname="Test Cases/SignUp_Login_ResetPass/TC01_SignUp_Login_ResetPassword_Via_Email" status="PASSED">
         <system-out><![CDATA[2018-09-19 16:55:37 - [TEST_CASE][PASSED] - Test Cases/SignUp_Login_ResetPass/TC01_SignUp_Login_ResetPassword_Via_Email: Test Cases/SignUp_Login_ResetPass/TC01_SignUp_Login_ResetPassword_Via_Email

2018-09-19 16:55:39 - [TEST_STEP][PASSED] - Statement - r_string = new java.lang.Math().random().toString().substring(2, 8): null

2018-09-19 16:55:39 - [TEST_STEP][PASSED] - Statement - username = "auto" + r_string: null

2018-09-19 16:55:39 - [TEST_STEP][PASSED] - Statement - email = username + "@mailinator.com": null

2018-09-19 16:55:39 - [TEST_STEP][PASSED] - Statement - password = "123456": null

2018-09-19 16:55:39 - [TEST_STEP][PASSED] - Statement - newpassword = "test123": null

2018-09-19 16:55:39 - [TEST_STEP][PASSED] - Statement - name = "Auto User " + r_string: null

2018-09-19 16:55:39 - [TEST_STEP][PASSED] - Statement - birthday = "01/01/1990": null

2018-09-19 16:55:39 - [TEST_STEP][PASSED] - Statement - activation_subject = SITE_TITLE + " Activate your account": null

2018-09-19 16:55:40 - [TEST_STEP][PASSED] - Statement - resetpass_subject = SITE_TITLE + " Password Reset": null

2018-09-19 16:55:40 - [TEST_STEP][PASSED] - beautytap.GeneralAction.openBeautytap: beautytap.GeneralAction.openBeautytap is PASSED

2018-09-19 16:56:14 - [MESSAGE][PASSED] - Browser is opened with url: 'https://stage.beautytap.com'

2018-09-19 16:56:15 - [MESSAGE][PASSED] - Current window maximized

2018-09-19 16:56:18 - [MESSAGE][PASSED] - Refresh successfully

2018-09-19 16:56:18 - [MESSAGE][PASSED] - Wait for page load successfully

2018-09-19 16:56:18 - [MESSAGE][PASSED] - beautytap.GeneralAction.openBeautytap is PASSED

2018-09-19 16:56:18 - [TEST_STEP][PASSED] - beautytap.GeneralAction.clickNavigationMenu: beautytap.GeneralAction.clickNavigationMenu is PASSED

2018-09-19 16:56:22 - [MESSAGE][PASSED] - Object: 'Object Repository/Page_General/link_signup' is clicked on

2018-09-19 16:56:22 - [MESSAGE][PASSED] - Wait for page load successfully

2018-09-19 16:56:22 - [MESSAGE][PASSED] - beautytap.GeneralAction.clickNavigationMenu is PASSED

2018-09-19 16:56:22 - [TEST_STEP][PASSED] - beautytap.GeneralAction.signup: beautytap.GeneralAction.signup is PASSED

2018-09-19 16:56:22 - [MESSAGE][PASSED] - Keys 'auto847097' sent to object: 'Object Repository/Page_Signup/txt_username'

2018-09-19 16:56:23 - [MESSAGE][PASSED] - Keys 'auto847097@mailinator.com' sent to object: 'Object Repository/Page_Signup/txt_email'

2018-09-19 16:56:23 - [MESSAGE][PASSED] - Keys '123456' sent to object: 'Object Repository/Page_Signup/txt_password'

2018-09-19 16:56:23 - [MESSAGE][PASSED] - Keys 'Auto User 847097' sent to object: 'Object Repository/Page_Signup/txt_name'

2018-09-19 16:56:24 - [MESSAGE][PASSED] - Keys '01/01/1990' sent to object: 'Object Repository/Page_Signup/txt_birthday'

2018-09-19 16:56:24 - [MESSAGE][PASSED] - Object: 'Object Repository/Page_Signup/btn_signup' is clicked on

2018-09-19 16:56:24 - [MESSAGE][PASSED] - Wait for page load successfully

2018-09-19 16:56:24 - [MESSAGE][PASSED] - beautytap.GeneralAction.signup is PASSED

2018-09-19 16:56:24 - [TEST_STEP][PASSED] - verifyElementPresent: Object 'Object Repository/Page_Signup/lbl_sucessMessage' is present

2018-09-19 16:56:30 - [MESSAGE][PASSED] - Object 'Object Repository/Page_Signup/lbl_sucessMessage' is present

2018-09-19 16:56:30 - [TEST_STEP][PASSED] - beautytap.GeneralAction.openMailBox: beautytap.GeneralAction.openMailBox is PASSED

2018-09-19 16:56:32 - [MESSAGE][PASSED] - Navigate to 'https://www.mailinator.com' successfully

2018-09-19 16:56:32 - [MESSAGE][PASSED] - Wait for page load successfully

2018-09-19 16:56:32 - [MESSAGE][PASSED] - Keys 'auto847097' sent to object: 'Object Repository/Page_mailinator/txt_email'

2018-09-19 16:56:34 - [MESSAGE][PASSED] - Object: 'Object Repository/Page_mailinator/btn_go' is clicked on

2018-09-19 16:56:34 - [MESSAGE][PASSED] - Wait for page load successfully

2018-09-19 16:56:39 - [MESSAGE][PASSED] - Delayed 5 second(s)

2018-09-19 16:56:39 - [MESSAGE][PASSED] - beautytap.GeneralAction.openMailBox is PASSED

2018-09-19 16:56:39 - [TEST_STEP][PASSED] - beautytap.GeneralAction.verifyEmailExist: beautytap.GeneralAction.verifyEmailExist is PASSED

2018-09-19 16:56:39 - [MESSAGE][PASSED] - Object '' is present

2018-09-19 16:56:39 - [MESSAGE][PASSED] - beautytap.GeneralAction.verifyEmailExist is PASSED

2018-09-19 16:56:39 - [TEST_STEP][PASSED] - beautytap.GeneralAction.openEmail: beautytap.GeneralAction.openEmail is PASSED

2018-09-19 16:56:40 - [MESSAGE][PASSED] - Object: '' is clicked on

2018-09-19 16:56:40 - [MESSAGE][PASSED] - beautytap.GeneralAction.openEmail is PASSED

2018-09-19 16:56:40 - [TEST_STEP][PASSED] - beautytap.GeneralAction.clickEmailLink: beautytap.GeneralAction.clickEmailLink is PASSED

2018-09-19 16:56:40 - [MESSAGE][PASSED] - Text of object '' is: 'https://stage.beautytap.com/activate/5wPG906wf1wfrymZJDyXHXQ857UDXSYo/'

2018-09-19 16:56:53 - [MESSAGE][PASSED] - Navigate to 'https://stage.beautytap.com/activate/5wPG906wf1wfrymZJDyXHXQ857UDXSYo/' successfully

2018-09-19 16:56:53 - [MESSAGE][PASSED] - beautytap.GeneralAction.clickEmailLink is PASSED

2018-09-19 16:56:53 - [TEST_STEP][PASSED] - waitForPageLoad: Wait for page load successfully

2018-09-19 16:56:53 - [MESSAGE][PASSED] - Wait for page load successfully

2018-09-19 16:56:53 - [TEST_STEP][PASSED] - verifyElementPresent: Object 'Object Repository/Page_General/lbl_activeSuccessMessage' is present

2018-09-19 16:56:53 - [MESSAGE][PASSED] - Object 'Object Repository/Page_General/lbl_activeSuccessMessage' is present

2018-09-19 16:56:53 - [TEST_STEP][PASSED] - beautytap.GeneralAction.clickNavigationMenu: beautytap.GeneralAction.clickNavigationMenu is PASSED

2018-09-19 16:56:56 - [MESSAGE][PASSED] - Object: 'Object Repository/Page_General/link_login' is clicked on

2018-09-19 16:56:56 - [MESSAGE][PASSED] - Wait for page load successfully

2018-09-19 16:56:56 - [MESSAGE][PASSED] - beautytap.GeneralAction.clickNavigationMenu is PASSED

2018-09-19 16:56:56 - [TEST_STEP][PASSED] - beautytap.GeneralAction.login: beautytap.GeneralAction.login is PASSED

2018-09-19 16:56:57 - [MESSAGE][PASSED] - Text of object 'Object Repository/Page_login/txt_username' is cleared

2018-09-19 16:56:57 - [MESSAGE][PASSED] - Keys 'auto847097' sent to object: 'Object Repository/Page_login/txt_username'

2018-09-19 16:56:57 - [MESSAGE][PASSED] - Text of object 'Object Repository/Page_login/txt_password' is cleared

2018-09-19 16:56:57 - [MESSAGE][PASSED] - Keys '123456' sent to object: 'Object Repository/Page_login/txt_password'

2018-09-19 16:56:57 - [MESSAGE][PASSED] - Object: 'Object Repository/Page_login/btn_login' is clicked on

2018-09-19 16:56:57 - [MESSAGE][PASSED] - Wait for page load successfully

2018-09-19 16:56:57 - [MESSAGE][PASSED] - beautytap.GeneralAction.login is PASSED

2018-09-19 16:56:57 - [TEST_STEP][PASSED] - verifyElementPresent: Object 'Object Repository/Page_General/link_avatar' is present

2018-09-19 16:57:05 - [MESSAGE][PASSED] - Object 'Object Repository/Page_General/link_avatar' is present

2018-09-19 16:57:05 - [TEST_STEP][PASSED] - beautytap.GeneralAction.logout: beautytap.GeneralAction.logout is PASSED

2018-09-19 16:57:06 - [MESSAGE][PASSED] - Object: 'Object Repository/Page_General/link_avatar' is clicked on

2018-09-19 16:57:06 - [MESSAGE][PASSED] - Object 'Object Repository/Page_General/menu_logout' is present

2018-09-19 16:57:06 - [MESSAGE][PASSED] - Object: 'Object Repository/Page_General/menu_logout' is clicked on

2018-09-19 16:57:06 - [MESSAGE][PASSED] - Wait for page load successfully

2018-09-19 16:57:06 - [MESSAGE][PASSED] - beautytap.GeneralAction.logout is PASSED

2018-09-19 16:57:06 - [TEST_STEP][PASSED] - beautytap.GeneralAction.clickNavigationMenu: beautytap.GeneralAction.clickNavigationMenu is PASSED

2018-09-19 16:57:13 - [MESSAGE][PASSED] - Object: 'Object Repository/Page_General/link_login' is clicked on

2018-09-19 16:57:13 - [MESSAGE][PASSED] - Wait for page load successfully

2018-09-19 16:57:13 - [MESSAGE][PASSED] - beautytap.GeneralAction.clickNavigationMenu is PASSED

2018-09-19 16:57:13 - [TEST_STEP][PASSED] - beautytap.GeneralAction.login: beautytap.GeneralAction.login is PASSED

2018-09-19 16:57:13 - [MESSAGE][PASSED] - Text of object 'Object Repository/Page_login/txt_username' is cleared

2018-09-19 16:57:14 - [MESSAGE][PASSED] - Keys 'auto847097@mailinator.com' sent to object: 'Object Repository/Page_login/txt_username'

2018-09-19 16:57:14 - [MESSAGE][PASSED] - Text of object 'Object Repository/Page_login/txt_password' is cleared

2018-09-19 16:57:14 - [MESSAGE][PASSED] - Keys '123456' sent to object: 'Object Repository/Page_login/txt_password'

2018-09-19 16:57:14 - [MESSAGE][PASSED] - Object: 'Object Repository/Page_login/btn_login' is clicked on

2018-09-19 16:57:14 - [MESSAGE][PASSED] - Wait for page load successfully

2018-09-19 16:57:14 - [MESSAGE][PASSED] - beautytap.GeneralAction.login is PASSED

2018-09-19 16:57:14 - [TEST_STEP][PASSED] - verifyElementPresent: Object 'Object Repository/Page_General/link_avatar' is present

2018-09-19 16:57:22 - [MESSAGE][PASSED] - Object 'Object Repository/Page_General/link_avatar' is present

2018-09-19 16:57:22 - [TEST_STEP][PASSED] - beautytap.GeneralAction.logout: beautytap.GeneralAction.logout is PASSED

2018-09-19 16:57:22 - [MESSAGE][PASSED] - Object: 'Object Repository/Page_General/link_avatar' is clicked on

2018-09-19 16:57:22 - [MESSAGE][PASSED] - Object 'Object Repository/Page_General/menu_logout' is present

2018-09-19 16:57:23 - [MESSAGE][PASSED] - Object: 'Object Repository/Page_General/menu_logout' is clicked on

2018-09-19 16:57:23 - [MESSAGE][PASSED] - Wait for page load successfully

2018-09-19 16:57:23 - [MESSAGE][PASSED] - beautytap.GeneralAction.logout is PASSED

2018-09-19 16:57:23 - [TEST_STEP][PASSED] - beautytap.GeneralAction.clickNavigationMenu: beautytap.GeneralAction.clickNavigationMenu is PASSED

2018-09-19 16:57:29 - [MESSAGE][PASSED] - Object: 'Object Repository/Page_General/link_login' is clicked on

2018-09-19 16:57:29 - [MESSAGE][PASSED] - Wait for page load successfully

2018-09-19 16:57:29 - [MESSAGE][PASSED] - beautytap.GeneralAction.clickNavigationMenu is PASSED

2018-09-19 16:57:29 - [TEST_STEP][PASSED] - click: Object: 'Object Repository/Page_Login/link_forgotPassword' is clicked on

2018-09-19 16:57:32 - [MESSAGE][PASSED] - Object: 'Object Repository/Page_Login/link_forgotPassword' is clicked on

2018-09-19 16:57:32 - [TEST_STEP][PASSED] - sendKeys: Keys 'auto847097' sent to object: 'Object Repository/Page_ForgotPassword/txt_usernameOrEmail'

2018-09-19 16:57:32 - [MESSAGE][PASSED] - Keys 'auto847097' sent to object: 'Object Repository/Page_ForgotPassword/txt_usernameOrEmail'

2018-09-19 16:57:32 - [TEST_STEP][PASSED] - click: Object: 'Object Repository/Page_ForgotPassword/btn_forgotPassword' is clicked on

2018-09-19 16:57:32 - [MESSAGE][PASSED] - Object: 'Object Repository/Page_ForgotPassword/btn_forgotPassword' is clicked on

2018-09-19 16:57:32 - [TEST_STEP][PASSED] - verifyElementPresent: Object 'Object Repository/Page_ForgotPassword/lbl_sucessMessage' is present

2018-09-19 16:57:36 - [MESSAGE][PASSED] - Object 'Object Repository/Page_ForgotPassword/lbl_sucessMessage' is present

2018-09-19 16:57:36 - [TEST_STEP][PASSED] - beautytap.GeneralAction.openMailBox: beautytap.GeneralAction.openMailBox is PASSED

2018-09-19 16:57:38 - [MESSAGE][PASSED] - Navigate to 'https://www.mailinator.com' successfully

2018-09-19 16:57:38 - [MESSAGE][PASSED] - Wait for page load successfully

2018-09-19 16:57:38 - [MESSAGE][PASSED] - Keys 'auto847097' sent to object: 'Object Repository/Page_mailinator/txt_email'

2018-09-19 16:57:39 - [MESSAGE][PASSED] - Object: 'Object Repository/Page_mailinator/btn_go' is clicked on

2018-09-19 16:57:39 - [MESSAGE][PASSED] - Wait for page load successfully

2018-09-19 16:57:44 - [MESSAGE][PASSED] - Delayed 5 second(s)

2018-09-19 16:57:44 - [MESSAGE][PASSED] - beautytap.GeneralAction.openMailBox is PASSED

2018-09-19 16:57:44 - [TEST_STEP][PASSED] - beautytap.GeneralAction.verifyEmailExist: beautytap.GeneralAction.verifyEmailExist is PASSED

2018-09-19 16:57:44 - [MESSAGE][PASSED] - Object '' is present

2018-09-19 16:57:44 - [MESSAGE][PASSED] - beautytap.GeneralAction.verifyEmailExist is PASSED

2018-09-19 16:57:44 - [TEST_STEP][PASSED] - beautytap.GeneralAction.openEmail: beautytap.GeneralAction.openEmail is PASSED

2018-09-19 16:57:44 - [MESSAGE][PASSED] - Object: '' is clicked on

2018-09-19 16:57:44 - [MESSAGE][PASSED] - beautytap.GeneralAction.openEmail is PASSED

2018-09-19 16:57:44 - [TEST_STEP][PASSED] - beautytap.GeneralAction.clickEmailLink: beautytap.GeneralAction.clickEmailLink is PASSED

2018-09-19 16:57:45 - [MESSAGE][PASSED] - Text of object '' is: 'https://stage.beautytap.com/wp-login.php?action=rp&key=wqDXISqT7EpLzsS9VynG&login=auto847097'

2018-09-19 16:57:49 - [MESSAGE][PASSED] - Navigate to 'https://stage.beautytap.com/wp-login.php?action=rp&key=wqDXISqT7EpLzsS9VynG&login=auto847097' successfully

2018-09-19 16:57:49 - [MESSAGE][PASSED] - beautytap.GeneralAction.clickEmailLink is PASSED

2018-09-19 16:57:49 - [TEST_STEP][PASSED] - delay: Delayed 20 second(s)

2018-09-19 16:58:09 - [MESSAGE][PASSED] - Delayed 20 second(s)

2018-09-19 16:58:09 - [TEST_STEP][PASSED] - clearText: Text of object 'Object Repository/Page_ForgotPassword/txt_newPassword' is cleared

2018-09-19 16:58:09 - [MESSAGE][PASSED] - Text of object 'Object Repository/Page_ForgotPassword/txt_newPassword' is cleared

2018-09-19 16:58:09 - [TEST_STEP][PASSED] - sendKeys: Keys 'test123' sent to object: 'Object Repository/Page_ForgotPassword/txt_newPassword'

2018-09-19 16:58:09 - [MESSAGE][PASSED] - Keys 'test123' sent to object: 'Object Repository/Page_ForgotPassword/txt_newPassword'

2018-09-19 16:58:09 - [TEST_STEP][PASSED] - click: Object: 'Object Repository/Page_ForgotPassword/btn_resetPassword' is clicked on

2018-09-19 16:58:14 - [MESSAGE][PASSED] - Object: 'Object Repository/Page_ForgotPassword/btn_resetPassword' is clicked on

2018-09-19 16:58:14 - [TEST_STEP][PASSED] - verifyElementPresent: Object 'Object Repository/Page_ForgotPassword/lbl_resetPasswordMessage' is present

2018-09-19 16:58:14 - [MESSAGE][PASSED] - Object 'Object Repository/Page_ForgotPassword/lbl_resetPasswordMessage' is present

2018-09-19 16:58:14 - [TEST_STEP][PASSED] - beautytap.GeneralAction.clickNavigationMenu: beautytap.GeneralAction.clickNavigationMenu is PASSED

2018-09-19 16:58:17 - [MESSAGE][PASSED] - Object: 'Object Repository/Page_General/link_login' is clicked on

2018-09-19 16:58:17 - [MESSAGE][PASSED] - Wait for page load successfully

2018-09-19 16:58:17 - [MESSAGE][PASSED] - beautytap.GeneralAction.clickNavigationMenu is PASSED

2018-09-19 16:58:17 - [TEST_STEP][PASSED] - beautytap.GeneralAction.login: beautytap.GeneralAction.login is PASSED

2018-09-19 16:58:17 - [MESSAGE][PASSED] - Text of object 'Object Repository/Page_login/txt_username' is cleared

2018-09-19 16:58:17 - [MESSAGE][PASSED] - Keys 'auto847097' sent to object: 'Object Repository/Page_login/txt_username'

2018-09-19 16:58:18 - [MESSAGE][PASSED] - Text of object 'Object Repository/Page_login/txt_password' is cleared

2018-09-19 16:58:18 - [MESSAGE][PASSED] - Keys '123456' sent to object: 'Object Repository/Page_login/txt_password'

2018-09-19 16:58:18 - [MESSAGE][PASSED] - Object: 'Object Repository/Page_login/btn_login' is clicked on

2018-09-19 16:58:18 - [MESSAGE][PASSED] - Wait for page load successfully

2018-09-19 16:58:18 - [MESSAGE][PASSED] - beautytap.GeneralAction.login is PASSED

2018-09-19 16:58:18 - [TEST_STEP][PASSED] - verifyElementText: Actual text and expected text of test object 'Object Repository/Page_Login/lbl_errorMessage' are matched.

2018-09-19 16:58:18 - [MESSAGE][PASSED] - Actual text and expected text of test object 'Object Repository/Page_Login/lbl_errorMessage' are matched.

2018-09-19 16:58:18 - [TEST_STEP][PASSED] - beautytap.GeneralAction.login: beautytap.GeneralAction.login is PASSED

2018-09-19 16:58:18 - [MESSAGE][PASSED] - Text of object 'Object Repository/Page_login/txt_username' is cleared

2018-09-19 16:58:19 - [MESSAGE][PASSED] - Keys 'auto847097' sent to object: 'Object Repository/Page_login/txt_username'

2018-09-19 16:58:19 - [MESSAGE][PASSED] - Text of object 'Object Repository/Page_login/txt_password' is cleared

2018-09-19 16:58:19 - [MESSAGE][PASSED] - Keys 'test123' sent to object: 'Object Repository/Page_login/txt_password'

2018-09-19 16:58:19 - [MESSAGE][PASSED] - Object: 'Object Repository/Page_login/btn_login' is clicked on

2018-09-19 16:58:19 - [MESSAGE][PASSED] - Wait for page load successfully

2018-09-19 16:58:19 - [MESSAGE][PASSED] - beautytap.GeneralAction.login is PASSED

2018-09-19 16:58:19 - [TEST_STEP][PASSED] - verifyElementPresent: Object 'Object Repository/Page_General/link_avatar' is present

2018-09-19 16:58:26 - [MESSAGE][PASSED] - Object 'Object Repository/Page_General/link_avatar' is present

2018-09-19 16:58:26 - [TEST_STEP][PASSED] - beautytap.GeneralAction.logout: beautytap.GeneralAction.logout is PASSED

2018-09-19 16:58:26 - [MESSAGE][PASSED] - Object: 'Object Repository/Page_General/link_avatar' is clicked on

2018-09-19 16:58:27 - [MESSAGE][PASSED] - Object 'Object Repository/Page_General/menu_logout' is present

2018-09-19 16:58:27 - [MESSAGE][PASSED] - Object: 'Object Repository/Page_General/menu_logout' is clicked on

2018-09-19 16:58:27 - [MESSAGE][PASSED] - Wait for page load successfully

2018-09-19 16:58:27 - [MESSAGE][PASSED] - beautytap.GeneralAction.logout is PASSED

2018-09-19 16:58:27 - [TEST_STEP][PASSED] - beautytap.GeneralAction.clickNavigationMenu: beautytap.GeneralAction.clickNavigationMenu is PASSED

2018-09-19 16:58:34 - [MESSAGE][PASSED] - Object: 'Object Repository/Page_General/link_login' is clicked on

2018-09-19 16:58:34 - [MESSAGE][PASSED] - Wait for page load successfully

2018-09-19 16:58:34 - [MESSAGE][PASSED] - beautytap.GeneralAction.clickNavigationMenu is PASSED

2018-09-19 16:58:34 - [TEST_STEP][PASSED] - beautytap.GeneralAction.login: beautytap.GeneralAction.login is PASSED

2018-09-19 16:58:34 - [MESSAGE][PASSED] - Text of object 'Object Repository/Page_login/txt_username' is cleared

2018-09-19 16:58:35 - [MESSAGE][PASSED] - Keys 'auto847097@mailinator.com' sent to object: 'Object Repository/Page_login/txt_username'

2018-09-19 16:58:35 - [MESSAGE][PASSED] - Text of object 'Object Repository/Page_login/txt_password' is cleared

2018-09-19 16:58:35 - [MESSAGE][PASSED] - Keys 'test123' sent to object: 'Object Repository/Page_login/txt_password'

2018-09-19 16:58:35 - [MESSAGE][PASSED] - Object: 'Object Repository/Page_login/btn_login' is clicked on

2018-09-19 16:58:35 - [MESSAGE][PASSED] - Wait for page load successfully

2018-09-19 16:58:35 - [MESSAGE][PASSED] - beautytap.GeneralAction.login is PASSED

2018-09-19 16:58:35 - [TEST_STEP][PASSED] - verifyElementPresent: Object 'Object Repository/Page_General/link_avatar' is present

2018-09-19 16:58:42 - [MESSAGE][PASSED] - Object 'Object Repository/Page_General/link_avatar' is present

2018-09-19 16:58:42 - [TEST_STEP][PASSED] - beautytap.GeneralAction.logout: beautytap.GeneralAction.logout is PASSED

2018-09-19 16:58:43 - [MESSAGE][PASSED] - Object: 'Object Repository/Page_General/link_avatar' is clicked on

2018-09-19 16:58:43 - [MESSAGE][PASSED] - Object 'Object Repository/Page_General/menu_logout' is present

2018-09-19 16:58:43 - [MESSAGE][PASSED] - Object: 'Object Repository/Page_General/menu_logout' is clicked on

2018-09-19 16:58:43 - [MESSAGE][PASSED] - Wait for page load successfully

2018-09-19 16:58:44 - [MESSAGE][PASSED] - Browser is closed

2018-09-19 16:58:44 - [MESSAGE][PASSED] - beautytap.GeneralAction.logout is PASSED]]></system-out>
         <system-err><![CDATA[]]></system-err>
      </testcase>
      <testcase name="Test Cases/SignUp_Login_ResetPass/TC02_SignUp_Login_ViaFacebookEmail_NewUser_OldUser" classname="Test Cases/SignUp_Login_ResetPass/TC02_SignUp_Login_ViaFacebookEmail_NewUser_OldUser" status="FAILED">
         <failure type="FAILED" message="Unable to verify object 'Object Repository/Page_General/link_avatar' is present (Root cause: com.kms.katalon.core.webui.exception.WebElementNotFoundException: Web element with id: 'Object Repository/Page_General/link_avatar' located by 'By.xpath: //div[@class='header-right-top pull-right']/a[@class='user']' not found)"/>
         <system-out><![CDATA[2018-09-19 16:58:46 - [TEST_CASE][FAILED] - Test Cases/SignUp_Login_ResetPass/TC02_SignUp_Login_ViaFacebookEmail_NewUser_OldUser: Test Cases/SignUp_Login_ResetPass/TC02_SignUp_Login_ViaFacebookEmail_NewUser_OldUser FAILED because (of) Unable to verify object 'Object Repository/Page_General/link_avatar' is present (Root cause: com.kms.katalon.core.webui.exception.WebElementNotFoundException: Web element with id: 'Object Repository/Page_General/link_avatar' located by 'By.xpath: //div[@class='header-right-top pull-right']/a[@class='user']' not found)

2018-09-19 16:58:47 - [TEST_STEP][PASSED] - beautytap.AdminAction.deleteUser: beautytap.AdminAction.deleteUser is PASSED

2018-09-19 16:58:54 - [MESSAGE][PASSED] - Browser is opened with url: 'https://stage.beautytap.com/login'

2018-09-19 16:58:55 - [MESSAGE][PASSED] - Current window maximized

2018-09-19 16:58:56 - [MESSAGE][PASSED] - Text of object 'Object Repository/Page_login/txt_username' is cleared

2018-09-19 16:58:56 - [MESSAGE][PASSED] - Keys 'mrwhite' sent to object: 'Object Repository/Page_login/txt_username'

2018-09-19 16:58:56 - [MESSAGE][PASSED] - Text of object 'Object Repository/Page_login/txt_password' is cleared

2018-09-19 16:58:56 - [MESSAGE][PASSED] - Keys 'kgySM$Im' sent to object: 'Object Repository/Page_login/txt_password'

2018-09-19 16:58:56 - [MESSAGE][PASSED] - Object: 'Object Repository/Page_login/btn_login' is clicked on

2018-09-19 16:58:56 - [MESSAGE][PASSED] - Wait for page load successfully

2018-09-19 16:58:56 - [MESSAGE][PASSED] - Wait for page load successfully

2018-09-19 16:59:03 - [MESSAGE][PASSED] - Navigate to 'https://stage.beautytap.com/admin' successfully

2018-09-19 16:59:03 - [MESSAGE][PASSED] - Wait for page load successfully

2018-09-19 16:59:11 - [MESSAGE][PASSED] - Object: 'Object Repository/Page_Admin/menu_users' is clicked on

2018-09-19 16:59:11 - [MESSAGE][PASSED] - Wait for page load successfully

2018-09-19 16:59:11 - [MESSAGE][PASSED] - Text of object 'Object Repository/Page_Admin/txt_searchUser' is cleared

2018-09-19 16:59:11 - [MESSAGE][PASSED] - Keys 'g5.posiba@gmail.com' sent to object: 'Object Repository/Page_Admin/txt_searchUser'

2018-09-19 16:59:16 - [MESSAGE][PASSED] - Object: 'Object Repository/Page_Admin/btn_searchUser' is clicked on

2018-09-19 16:59:16 - [MESSAGE][PASSED] - Wait for page load successfully

2018-09-19 16:59:16 - [MESSAGE][PASSED] - Text of object '' is: 'g5.posiba@gmail.com'

2018-09-19 16:59:16 - [MESSAGE][PASSED] - Attribute 'id' of object '' is: 'user-64393'

2018-09-19 16:59:16 - [MESSAGE][PASSED] - Object: '' is hovered

2018-09-19 16:59:21 - [MESSAGE][PASSED] - Delayed 5 second(s)

2018-09-19 16:59:22 - [MESSAGE][PASSED] - Object: '' is clicked on

2018-09-19 16:59:22 - [MESSAGE][PASSED] - Alert accepted

2018-09-19 16:59:23 - [MESSAGE][PASSED] - Wait for page load successfully

2018-09-19 16:59:30 - [MESSAGE][PASSED] - Object: 'Object Repository/Page_Admin/btn_confirmDeleteUser' is clicked on

2018-09-19 16:59:30 - [MESSAGE][PASSED] - Wait for page load successfully

2018-09-19 16:59:30 - [MESSAGE][PASSED] - Browser is closed

2018-09-19 16:59:30 - [MESSAGE][PASSED] - beautytap.AdminAction.deleteUser is PASSED

2018-09-19 16:59:30 - [TEST_STEP][PASSED] - beautytap.GeneralAction.openBeautytap: beautytap.GeneralAction.openBeautytap is PASSED

2018-09-19 17:00:00 - [MESSAGE][PASSED] - Browser is opened with url: 'https://stage.beautytap.com'

2018-09-19 17:00:01 - [MESSAGE][PASSED] - Current window maximized

2018-09-19 17:00:04 - [MESSAGE][PASSED] - Refresh successfully

2018-09-19 17:00:04 - [MESSAGE][PASSED] - Wait for page load successfully

2018-09-19 17:00:04 - [MESSAGE][PASSED] - beautytap.GeneralAction.openBeautytap is PASSED

2018-09-19 17:00:04 - [TEST_STEP][PASSED] - beautytap.GeneralAction.clickNavigationMenu: beautytap.GeneralAction.clickNavigationMenu is PASSED

2018-09-19 17:00:07 - [MESSAGE][PASSED] - Object: 'Object Repository/Page_General/link_signup' is clicked on

2018-09-19 17:00:07 - [MESSAGE][PASSED] - Wait for page load successfully

2018-09-19 17:00:07 - [MESSAGE][PASSED] - beautytap.GeneralAction.clickNavigationMenu is PASSED

2018-09-19 17:00:07 - [TEST_STEP][PASSED] - beautytap.GeneralAction.signupViaFacebook: beautytap.GeneralAction.signupViaFacebook is PASSED

2018-09-19 17:00:07 - [MESSAGE][PASSED] - Object: 'Object Repository/Page_Signup/btn_signupFB' is clicked on

2018-09-19 17:00:07 - [MESSAGE][PASSED] - Switched to window with index: '1'

2018-09-19 17:00:09 - [MESSAGE][PASSED] - Keys 'g5.posiba@gmail.com' sent to object: 'Object Repository/Popup_FacebookLogin/txt_email'

2018-09-19 17:00:09 - [MESSAGE][PASSED] - Keys 'posiba123' sent to object: 'Object Repository/Popup_FacebookLogin/txt_password'

2018-09-19 17:00:11 - [MESSAGE][PASSED] - Object: 'Object Repository/Popup_FacebookLogin/btn_login' is clicked on

2018-09-19 17:00:13 - [MESSAGE][WARNING] - Cannot take screenshot

2018-09-19 17:00:13 - [MESSAGE][FAILED] - Unable to get text of object 'Object Repository/Popup_FacebookLogin/btn_confirmPermission' (Root cause: org.openqa.selenium.NoSuchWindowException: no such window: window was already closed
  (Session info: chrome=69.0.3497.100)
  (Driver info: chromedriver=2.35.528161 (5b82f2d2aae0ca24b877009200ced9065a772e73),platform=Windows NT 10.0.17134 x86_64) (WARNING: The server did not provide any stacktrace information)
Command duration or timeout: 0 milliseconds
Build info: version: '3.7.1', revision: '8a0099a', time: '2017-11-06T21:07:36.161Z'
System info: host: 'DESKTOP-G1UHP65', ip: '10.0.0.86', os.name: 'Windows 10', os.arch: 'amd64', os.version: '10.0', java.version: '1.8.0_102'
Driver info: com.kms.katalon.selenium.driver.CChromeDriver
Capabilities {acceptInsecureCerts: false, acceptSslCerts: false, applicationCacheEnabled: false, browserConnectionEnabled: false, browserName: chrome, chrome: {chromedriverVersion: 2.35.528161 (5b82f2d2aae0ca..., userDataDir: C:\Users\TRANGN~1\AppData\L...}, cssSelectorsEnabled: true, databaseEnabled: false, handlesAlerts: true, hasTouchScreen: false, javascriptEnabled: true, locationContextEnabled: true, mobileEmulationEnabled: false, nativeEvents: true, networkConnectionEnabled: false, pageLoadStrategy: normal, platform: XP, platformName: XP, rotatable: false, setWindowRect: true, takesHeapSnapshot: true, takesScreenshot: true, unexpectedAlertBehaviour: , unhandledPromptBehavior: , version: 69.0.3497.100, webStorageEnabled: true}
Session ID: b1e5ea942f7e2aa949f9a00f950cb330
*** Element info: {Using=xpath, value=//button[contains(@class,'layerConfirm') and contains(@name,'CONFIRM')]})

2018-09-19 17:00:13 - [MESSAGE][PASSED] - Switched to window with index: '0'

2018-09-19 17:00:28 - [MESSAGE][PASSED] - Delayed 15 second(s)

2018-09-19 17:00:34 - [MESSAGE][PASSED] - Wait for page load successfully

2018-09-19 17:00:34 - [MESSAGE][PASSED] - beautytap.GeneralAction.signupViaFacebook is PASSED

2018-09-19 17:00:34 - [TEST_STEP][PASSED] - verifyElementPresent: Object 'Object Repository/Page_General/link_avatar' is present

2018-09-19 17:00:34 - [MESSAGE][PASSED] - Object 'Object Repository/Page_General/link_avatar' is present

2018-09-19 17:00:34 - [TEST_STEP][PASSED] - beautytap.GeneralAction.logout: beautytap.GeneralAction.logout is PASSED

2018-09-19 17:00:35 - [MESSAGE][PASSED] - Object: 'Object Repository/Page_General/link_avatar' is clicked on

2018-09-19 17:00:35 - [MESSAGE][PASSED] - Object 'Object Repository/Page_General/menu_logout' is present

2018-09-19 17:00:35 - [MESSAGE][PASSED] - Object: 'Object Repository/Page_General/menu_logout' is clicked on

2018-09-19 17:00:35 - [MESSAGE][PASSED] - Wait for page load successfully

2018-09-19 17:00:36 - [MESSAGE][PASSED] - Browser is closed

2018-09-19 17:00:36 - [MESSAGE][PASSED] - beautytap.GeneralAction.logout is PASSED

2018-09-19 17:00:36 - [TEST_STEP][PASSED] - beautytap.AdminAction.deleteUser: beautytap.AdminAction.deleteUser is PASSED

2018-09-19 17:00:43 - [MESSAGE][PASSED] - Browser is opened with url: 'https://stage.beautytap.com/login'

2018-09-19 17:00:44 - [MESSAGE][PASSED] - Current window maximized

2018-09-19 17:00:44 - [MESSAGE][PASSED] - Text of object 'Object Repository/Page_login/txt_username' is cleared

2018-09-19 17:00:44 - [MESSAGE][PASSED] - Keys 'mrwhite' sent to object: 'Object Repository/Page_login/txt_username'

2018-09-19 17:00:44 - [MESSAGE][PASSED] - Text of object 'Object Repository/Page_login/txt_password' is cleared

2018-09-19 17:00:44 - [MESSAGE][PASSED] - Keys 'kgySM$Im' sent to object: 'Object Repository/Page_login/txt_password'

2018-09-19 17:00:45 - [MESSAGE][PASSED] - Object: 'Object Repository/Page_login/btn_login' is clicked on

2018-09-19 17:00:45 - [MESSAGE][PASSED] - Wait for page load successfully

2018-09-19 17:00:45 - [MESSAGE][PASSED] - Wait for page load successfully

2018-09-19 17:00:51 - [MESSAGE][PASSED] - Navigate to 'https://stage.beautytap.com/admin' successfully

2018-09-19 17:00:51 - [MESSAGE][PASSED] - Wait for page load successfully

2018-09-19 17:00:57 - [MESSAGE][PASSED] - Object: 'Object Repository/Page_Admin/menu_users' is clicked on

2018-09-19 17:00:57 - [MESSAGE][PASSED] - Wait for page load successfully

2018-09-19 17:00:57 - [MESSAGE][PASSED] - Text of object 'Object Repository/Page_Admin/txt_searchUser' is cleared

2018-09-19 17:00:57 - [MESSAGE][PASSED] - Keys 'g5.posiba@gmail.com' sent to object: 'Object Repository/Page_Admin/txt_searchUser'

2018-09-19 17:01:00 - [MESSAGE][PASSED] - Object: 'Object Repository/Page_Admin/btn_searchUser' is clicked on

2018-09-19 17:01:00 - [MESSAGE][PASSED] - Wait for page load successfully

2018-09-19 17:01:00 - [MESSAGE][PASSED] - Text of object '' is: 'g5.posiba@gmail.com'

2018-09-19 17:01:00 - [MESSAGE][PASSED] - Attribute 'id' of object '' is: 'user-64395'

2018-09-19 17:01:00 - [MESSAGE][PASSED] - Object: '' is hovered

2018-09-19 17:01:05 - [MESSAGE][PASSED] - Delayed 5 second(s)

2018-09-19 17:01:05 - [MESSAGE][PASSED] - Object: '' is clicked on

2018-09-19 17:01:05 - [MESSAGE][PASSED] - Alert accepted

2018-09-19 17:01:07 - [MESSAGE][PASSED] - Wait for page load successfully

2018-09-19 17:01:13 - [MESSAGE][PASSED] - Object: 'Object Repository/Page_Admin/btn_confirmDeleteUser' is clicked on

2018-09-19 17:01:13 - [MESSAGE][PASSED] - Wait for page load successfully

2018-09-19 17:01:13 - [MESSAGE][PASSED] - Browser is closed

2018-09-19 17:01:13 - [MESSAGE][PASSED] - beautytap.AdminAction.deleteUser is PASSED

2018-09-19 17:01:13 - [TEST_STEP][PASSED] - beautytap.GeneralAction.openBeautytap: beautytap.GeneralAction.openBeautytap is PASSED

2018-09-19 17:01:32 - [MESSAGE][PASSED] - Browser is opened with url: 'https://stage.beautytap.com'

2018-09-19 17:01:33 - [MESSAGE][PASSED] - Current window maximized

2018-09-19 17:01:37 - [MESSAGE][PASSED] - Refresh successfully

2018-09-19 17:01:37 - [MESSAGE][PASSED] - Wait for page load successfully

2018-09-19 17:01:37 - [MESSAGE][PASSED] - beautytap.GeneralAction.openBeautytap is PASSED

2018-09-19 17:01:37 - [TEST_STEP][PASSED] - beautytap.GeneralAction.clickNavigationMenu: beautytap.GeneralAction.clickNavigationMenu is PASSED

2018-09-19 17:01:40 - [MESSAGE][PASSED] - Object: 'Object Repository/Page_General/link_login' is clicked on

2018-09-19 17:01:40 - [MESSAGE][PASSED] - Wait for page load successfully

2018-09-19 17:01:40 - [MESSAGE][PASSED] - beautytap.GeneralAction.clickNavigationMenu is PASSED

2018-09-19 17:01:40 - [TEST_STEP][PASSED] - beautytap.GeneralAction.login: beautytap.GeneralAction.login is PASSED

2018-09-19 17:01:40 - [MESSAGE][PASSED] - Object: 'Object Repository/Page_Login/btn_loginFB' is clicked on

2018-09-19 17:01:40 - [MESSAGE][PASSED] - Switched to window with index: '1'

2018-09-19 17:01:41 - [MESSAGE][PASSED] - Object 'Object Repository/Popup_FacebookLogin/txt_email' is visible

2018-09-19 17:01:42 - [MESSAGE][PASSED] - Keys 'g5.posiba@gmail.com' sent to object: 'Object Repository/Popup_FacebookLogin/txt_email'

2018-09-19 17:01:42 - [MESSAGE][PASSED] - Keys 'posiba123' sent to object: 'Object Repository/Popup_FacebookLogin/txt_password'

2018-09-19 17:01:44 - [MESSAGE][PASSED] - Object: 'Object Repository/Popup_FacebookLogin/btn_login' is clicked on

2018-09-19 17:01:44 - [MESSAGE][PASSED] - Switched to window with index: '0'

2018-09-19 17:01:44 - [MESSAGE][PASSED] - Wait for page load successfully

2018-09-19 17:01:44 - [MESSAGE][PASSED] - beautytap.GeneralAction.login is PASSED

2018-09-19 17:01:44 - [TEST_STEP][PASSED] - verifyElementPresent: Object 'Object Repository/Page_General/link_avatar' is present

2018-09-19 17:02:07 - [MESSAGE][PASSED] - Object 'Object Repository/Page_General/link_avatar' is present

2018-09-19 17:02:07 - [TEST_STEP][PASSED] - beautytap.GeneralAction.logout: beautytap.GeneralAction.logout is PASSED

2018-09-19 17:02:07 - [MESSAGE][PASSED] - Object: 'Object Repository/Page_General/link_avatar' is clicked on

2018-09-19 17:02:07 - [MESSAGE][PASSED] - Object 'Object Repository/Page_General/menu_logout' is present

2018-09-19 17:02:07 - [MESSAGE][PASSED] - Object: 'Object Repository/Page_General/menu_logout' is clicked on

2018-09-19 17:02:07 - [MESSAGE][PASSED] - Wait for page load successfully

2018-09-19 17:02:08 - [MESSAGE][PASSED] - Browser is closed

2018-09-19 17:02:08 - [MESSAGE][PASSED] - beautytap.GeneralAction.logout is PASSED

2018-09-19 17:02:08 - [TEST_STEP][PASSED] - beautytap.GeneralAction.openBeautytap: beautytap.GeneralAction.openBeautytap is PASSED

2018-09-19 17:02:19 - [MESSAGE][PASSED] - Browser is opened with url: 'https://stage.beautytap.com'

2018-09-19 17:02:20 - [MESSAGE][PASSED] - Current window maximized

2018-09-19 17:02:24 - [MESSAGE][PASSED] - Refresh successfully

2018-09-19 17:02:24 - [MESSAGE][PASSED] - Wait for page load successfully

2018-09-19 17:02:24 - [MESSAGE][PASSED] - beautytap.GeneralAction.openBeautytap is PASSED

2018-09-19 17:02:24 - [TEST_STEP][PASSED] - beautytap.GeneralAction.clickNavigationMenu: beautytap.GeneralAction.clickNavigationMenu is PASSED

2018-09-19 17:02:26 - [MESSAGE][PASSED] - Object: 'Object Repository/Page_General/link_signup' is clicked on

2018-09-19 17:02:27 - [MESSAGE][PASSED] - Wait for page load successfully

2018-09-19 17:02:27 - [MESSAGE][PASSED] - beautytap.GeneralAction.clickNavigationMenu is PASSED

2018-09-19 17:02:27 - [TEST_STEP][PASSED] - beautytap.GeneralAction.signupViaFacebook: beautytap.GeneralAction.signupViaFacebook is PASSED

2018-09-19 17:02:27 - [MESSAGE][PASSED] - Object: 'Object Repository/Page_Signup/btn_signupFB' is clicked on

2018-09-19 17:02:27 - [MESSAGE][PASSED] - Switched to window with index: '1'

2018-09-19 17:02:29 - [MESSAGE][PASSED] - Keys 'g5.posiba@gmail.com' sent to object: 'Object Repository/Popup_FacebookLogin/txt_email'

2018-09-19 17:02:29 - [MESSAGE][PASSED] - Keys 'posiba123' sent to object: 'Object Repository/Popup_FacebookLogin/txt_password'

2018-09-19 17:02:30 - [MESSAGE][PASSED] - Object: 'Object Repository/Popup_FacebookLogin/btn_login' is clicked on

2018-09-19 17:02:32 - [MESSAGE][WARNING] - Cannot take screenshot

2018-09-19 17:02:32 - [MESSAGE][FAILED] - Unable to get text of object 'Object Repository/Popup_FacebookLogin/btn_confirmPermission' (Root cause: org.openqa.selenium.NoSuchWindowException: no such window: window was already closed
  (Session info: chrome=69.0.3497.100)
  (Driver info: chromedriver=2.35.528161 (5b82f2d2aae0ca24b877009200ced9065a772e73),platform=Windows NT 10.0.17134 x86_64) (WARNING: The server did not provide any stacktrace information)
Command duration or timeout: 0 milliseconds
Build info: version: '3.7.1', revision: '8a0099a', time: '2017-11-06T21:07:36.161Z'
System info: host: 'DESKTOP-G1UHP65', ip: '10.0.0.86', os.name: 'Windows 10', os.arch: 'amd64', os.version: '10.0', java.version: '1.8.0_102'
Driver info: com.kms.katalon.selenium.driver.CChromeDriver
Capabilities {acceptInsecureCerts: false, acceptSslCerts: false, applicationCacheEnabled: false, browserConnectionEnabled: false, browserName: chrome, chrome: {chromedriverVersion: 2.35.528161 (5b82f2d2aae0ca..., userDataDir: C:\Users\TRANGN~1\AppData\L...}, cssSelectorsEnabled: true, databaseEnabled: false, handlesAlerts: true, hasTouchScreen: false, javascriptEnabled: true, locationContextEnabled: true, mobileEmulationEnabled: false, nativeEvents: true, networkConnectionEnabled: false, pageLoadStrategy: normal, platform: XP, platformName: XP, rotatable: false, setWindowRect: true, takesHeapSnapshot: true, takesScreenshot: true, unexpectedAlertBehaviour: , unhandledPromptBehavior: , version: 69.0.3497.100, webStorageEnabled: true}
Session ID: d072dca7b776987e09f7039c16354078
*** Element info: {Using=xpath, value=//button[contains(@class,'layerConfirm') and contains(@name,'CONFIRM')]})

2018-09-19 17:02:32 - [MESSAGE][PASSED] - Switched to window with index: '0'

2018-09-19 17:02:47 - [MESSAGE][PASSED] - Delayed 15 second(s)

2018-09-19 17:02:47 - [MESSAGE][PASSED] - Wait for page load successfully

2018-09-19 17:02:47 - [MESSAGE][PASSED] - beautytap.GeneralAction.signupViaFacebook is PASSED

2018-09-19 17:02:47 - [TEST_STEP][PASSED] - verifyElementPresent: Object 'Object Repository/Page_General/link_avatar' is present

2018-09-19 17:02:47 - [MESSAGE][PASSED] - Object 'Object Repository/Page_General/link_avatar' is present

2018-09-19 17:02:47 - [TEST_STEP][PASSED] - beautytap.GeneralAction.logout: beautytap.GeneralAction.logout is PASSED

2018-09-19 17:02:48 - [MESSAGE][PASSED] - Object: 'Object Repository/Page_General/link_avatar' is clicked on

2018-09-19 17:02:48 - [MESSAGE][PASSED] - Object 'Object Repository/Page_General/menu_logout' is present

2018-09-19 17:02:48 - [MESSAGE][PASSED] - Object: 'Object Repository/Page_General/menu_logout' is clicked on

2018-09-19 17:02:48 - [MESSAGE][PASSED] - Wait for page load successfully

2018-09-19 17:02:49 - [MESSAGE][PASSED] - Browser is closed

2018-09-19 17:02:49 - [MESSAGE][PASSED] - beautytap.GeneralAction.logout is PASSED

2018-09-19 17:02:49 - [TEST_STEP][PASSED] - beautytap.GeneralAction.openBeautytap: beautytap.GeneralAction.openBeautytap is PASSED

2018-09-19 17:03:02 - [MESSAGE][PASSED] - Browser is opened with url: 'https://stage.beautytap.com'

2018-09-19 17:03:03 - [MESSAGE][PASSED] - Current window maximized

2018-09-19 17:03:06 - [MESSAGE][PASSED] - Refresh successfully

2018-09-19 17:03:06 - [MESSAGE][PASSED] - Wait for page load successfully

2018-09-19 17:03:06 - [MESSAGE][PASSED] - beautytap.GeneralAction.openBeautytap is PASSED

2018-09-19 17:03:06 - [TEST_STEP][PASSED] - beautytap.GeneralAction.clickNavigationMenu: beautytap.GeneralAction.clickNavigationMenu is PASSED

2018-09-19 17:03:09 - [MESSAGE][PASSED] - Object: 'Object Repository/Page_General/link_login' is clicked on

2018-09-19 17:03:09 - [MESSAGE][PASSED] - Wait for page load successfully

2018-09-19 17:03:09 - [MESSAGE][PASSED] - beautytap.GeneralAction.clickNavigationMenu is PASSED

2018-09-19 17:03:09 - [TEST_STEP][PASSED] - beautytap.GeneralAction.login: beautytap.GeneralAction.login is PASSED

2018-09-19 17:03:10 - [MESSAGE][PASSED] - Object: 'Object Repository/Page_Login/btn_loginFB' is clicked on

2018-09-19 17:03:10 - [MESSAGE][PASSED] - Switched to window with index: '1'

2018-09-19 17:03:13 - [MESSAGE][PASSED] - Object 'Object Repository/Popup_FacebookLogin/txt_email' is visible

2018-09-19 17:03:14 - [MESSAGE][PASSED] - Keys 'g5.posiba@gmail.com' sent to object: 'Object Repository/Popup_FacebookLogin/txt_email'

2018-09-19 17:03:14 - [MESSAGE][PASSED] - Keys 'posiba123' sent to object: 'Object Repository/Popup_FacebookLogin/txt_password'

2018-09-19 17:03:16 - [MESSAGE][PASSED] - Object: 'Object Repository/Popup_FacebookLogin/btn_login' is clicked on

2018-09-19 17:03:16 - [MESSAGE][PASSED] - Switched to window with index: '0'

2018-09-19 17:03:16 - [MESSAGE][PASSED] - Wait for page load successfully

2018-09-19 17:03:16 - [MESSAGE][PASSED] - beautytap.GeneralAction.login is PASSED

2018-09-19 17:03:16 - [TEST_STEP][FAILED] - verifyElementPresent: Unable to verify object 'Object Repository/Page_General/link_avatar' is present (Root cause: com.kms.katalon.core.webui.exception.WebElementNotFoundException: Web element with id: 'Object Repository/Page_General/link_avatar' located by 'By.xpath: //div[@class='header-right-top pull-right']/a[@class='user']' not found)

2018-09-19 17:03:48 - [MESSAGE][FAILED] - com.kms.katalon.core.webui.exception.WebElementNotFoundException: Web element with id: 'Object Repository/Page_General/link_avatar' located by 'By.xpath: //div[@class='header-right-top pull-right']/a[@class='user']' not found
[[ATTACHMENT|E:\\BeautytapAutomation\\beautytapAuto\\Beautytap\\Reports\\TS1\\20180919_165534\\1537351427906.png]]

2018-09-19 17:03:48 - [MESSAGE][FAILED] - Unable to verify object 'Object Repository/Page_General/link_avatar' is present (Root cause: com.kms.katalon.core.webui.exception.WebElementNotFoundException: Web element with id: 'Object Repository/Page_General/link_avatar' located by 'By.xpath: //div[@class='header-right-top pull-right']/a[@class='user']' not found)
[[ATTACHMENT|E:\\BeautytapAutomation\\beautytapAuto\\Beautytap\\Reports\\TS1\\20180919_165534\\1537351428191.png]]]]></system-out>
         <system-err><![CDATA[2018-09-19 16:58:46 - [TEST_CASE][FAILED] - Test Cases/SignUp_Login_ResetPass/TC02_SignUp_Login_ViaFacebookEmail_NewUser_OldUser: Test Cases/SignUp_Login_ResetPass/TC02_SignUp_Login_ViaFacebookEmail_NewUser_OldUser FAILED because (of) Unable to verify object 'Object Repository/Page_General/link_avatar' is present (Root cause: com.kms.katalon.core.webui.exception.WebElementNotFoundException: Web element with id: 'Object Repository/Page_General/link_avatar' located by 'By.xpath: //div[@class='header-right-top pull-right']/a[@class='user']' not found)]]></system-err>
      </testcase>
      <testcase name="Test Cases/Shop/TC03_Search_SimpleProduct_Sale_Creditcard_LessThan60_Normal" classname="Test Cases/Shop/TC03_Search_SimpleProduct_Sale_Creditcard_LessThan60_Normal" status="PASSED">
         <system-out><![CDATA[2018-09-19 17:03:50 - [TEST_CASE][PASSED] - Test Cases/Shop/TC03_Search_SimpleProduct_Sale_Creditcard_LessThan60_Normal: Test Cases/Shop/TC03_Search_SimpleProduct_Sale_Creditcard_LessThan60_Normal

2018-09-19 17:03:50 - [TEST_STEP][PASSED] - Statement - productName = SIMPLE_SALE_PRODUCT: null

2018-09-19 17:03:51 - [TEST_STEP][PASSED] - Statement - searchName = productName.substring(0, productName.indexOf("/")): null

2018-09-19 17:03:51 - [TEST_STEP][PASSED] - Statement - saleprice = SIMPLE_SALE_PRICE: null

2018-09-19 17:03:51 - [TEST_STEP][PASSED] - Statement - regularprice = SIMPLE_SALE_REGULAR_PRICE: null

2018-09-19 17:03:51 - [TEST_STEP][PASSED] - Statement - r_string = new java.lang.Math().random().toString().substring(2, 8): null

2018-09-19 17:03:51 - [TEST_STEP][PASSED] - Statement - email = "auto" + r_string + "@mailinator.com": null

2018-09-19 17:03:51 - [TEST_STEP][PASSED] - Statement - orderNote = "auto" + r_string + "Order": null

2018-09-19 17:03:51 - [TEST_STEP][PASSED] - Statement - currentNumberItemInCart = <not implemented yet for class: org.codehaus.groovy.ast.expr.EmptyExpression>: null

2018-09-19 17:03:51 - [TEST_STEP][PASSED] - Statement - quantity = 1: null

2018-09-19 17:03:51 - [TEST_STEP][PASSED] - Statement - subtotal = CustomKeywords.beautytap.ShopAction.calculateTotal(quantity, saleprice): beautytap.ShopAction.calculateTotal is PASSED

2018-09-19 17:03:51 - [MESSAGE][PASSED] - beautytap.ShopAction.calculateTotal is PASSED

2018-09-19 17:03:51 - [TEST_STEP][PASSED] - Statement - total = subtotal + SHIPPING_PRICE: null

2018-09-19 17:03:51 - [TEST_STEP][PASSED] - Statement - total = CustomKeywords.beautytap.ShopAction.calculateTotal(1, total): beautytap.ShopAction.calculateTotal is PASSED

2018-09-19 17:03:51 - [MESSAGE][PASSED] - beautytap.ShopAction.calculateTotal is PASSED

2018-09-19 17:03:51 - [TEST_STEP][PASSED] - Statement - products = new org.json.JSONArray((((((([{"productname":" + productName) + ","variation":"","quantity":") + quantity) + ","price":") + saleprice) + "}])): null

2018-09-19 17:03:51 - [TEST_STEP][PASSED] - Statement - billingInformation = new org.json.JSONObject((({"firstname":"Test","lastname":"Automation","country":"United States (US)","address":"123 Testing","city":"New York","state":"New York","zip":"90012","email":" + email) + "})): null

2018-09-19 17:03:51 - [TEST_STEP][PASSED] - Statement - shippingLabel = SHIPPING_LABEL: null

2018-09-19 17:03:51 - [TEST_STEP][PASSED] - Statement - shippingPrice = SHIPPING_PRICE: null

2018-09-19 17:03:51 - [TEST_STEP][PASSED] - Statement - shippingType = "normal": null

2018-09-19 17:03:51 - [TEST_STEP][PASSED] - Statement - paymentMethod = "Credit Card Payment": null

2018-09-19 17:03:51 - [TEST_STEP][PASSED] - beautytap.GeneralAction.openBeautytap: beautytap.GeneralAction.openBeautytap is PASSED

2018-09-19 17:03:51 - [MESSAGE][WARNING] - A browser is already opened. Closing browser and opening a new one

2018-09-19 17:04:20 - [MESSAGE][PASSED] - Browser is opened with url: 'https://stage.beautytap.com'

2018-09-19 17:04:21 - [MESSAGE][PASSED] - Current window maximized

2018-09-19 17:04:25 - [MESSAGE][PASSED] - Refresh successfully

2018-09-19 17:04:25 - [MESSAGE][PASSED] - Wait for page load successfully

2018-09-19 17:04:25 - [MESSAGE][PASSED] - beautytap.GeneralAction.openBeautytap is PASSED

2018-09-19 17:04:25 - [TEST_STEP][PASSED] - beautytap.ShopAction.globalSearch: beautytap.ShopAction.globalSearch is PASSED

2018-09-19 17:04:25 - [MESSAGE][PASSED] - Object: 'Object Repository/Page_General/icon_search' is clicked on

2018-09-19 17:04:30 - [MESSAGE][PASSED] - Delayed 5 second(s)

2018-09-19 17:04:30 - [MESSAGE][PASSED] - Text of object 'Object Repository/Page_General/txt_search' is cleared

2018-09-19 17:04:31 - [MESSAGE][PASSED] - Keys 'CONTROL + v' sent to object: 'Object Repository/Page_General/txt_search'

2018-09-19 17:04:33 - [MESSAGE][PASSED] - Object 'Object Repository/Page_General/div_searchResult' is present

2018-09-19 17:04:33 - [MESSAGE][PASSED] - beautytap.ShopAction.globalSearch is PASSED

2018-09-19 17:04:33 - [TEST_STEP][PASSED] - beautytap.ShopAction.VerifyProductOnSearchResult: Keyword VerifyProductOnSearchResult is Passed

2018-09-19 17:04:33 - [MESSAGE][PASSED] - Object '' is present

2018-09-19 17:04:33 - [MESSAGE][PASSED] - Text of object '' is: '$12.50'

2018-09-19 17:04:33 - [MESSAGE][PASSED] - Get CSS 'color' value on '' successfully: 'rgba(195, 195, 195, 1)'.

2018-09-19 17:04:33 - [MESSAGE][PASSED] - Get CSS 'color' value on '' successfully: 'rgba(195, 195, 195, 1)'.

2018-09-19 17:04:33 - [MESSAGE][PASSED] - Text of object '' is: '$11.99'

2018-09-19 17:04:33 - [MESSAGE][PASSED] - Get CSS 'color' value on '' successfully: 'rgba(255, 35, 134, 1)'.

2018-09-19 17:04:33 - [MESSAGE][PASSED] - Get CSS 'color' value on '' successfully: 'rgba(255, 35, 134, 1)'.

2018-09-19 17:04:33 - [MESSAGE][PASSED] - Keyword VerifyProductOnSearchResult is Passed

2018-09-19 17:04:33 - [TEST_STEP][PASSED] - beautytap.ShopAction.selectProductOnSearchResult: beautytap.ShopAction.selectProductOnSearchResult is PASSED

2018-09-19 17:04:39 - [MESSAGE][PASSED] - Object: '' is clicked on

2018-09-19 17:04:39 - [MESSAGE][PASSED] - Wait for page load successfully

2018-09-19 17:04:39 - [MESSAGE][PASSED] - beautytap.ShopAction.selectProductOnSearchResult is PASSED

2018-09-19 17:04:39 - [TEST_STEP][PASSED] - beautytap.ShopAction.VerifyProductDetails: Keyword VerifyProductDetails is Passed

2018-09-19 17:04:39 - [MESSAGE][PASSED] - Text of object '' is: 'Innisfree Perfect UV Protection Cream SPF50+/PA+++ (Long-Lasting For Oily Skin) 50ml'

2018-09-19 17:04:39 - [MESSAGE][PASSED] - Text of object '' is: '$12.50'

2018-09-19 17:04:39 - [MESSAGE][PASSED] - Get CSS 'color' value on '' successfully: 'rgba(195, 195, 195, 1)'.

2018-09-19 17:04:39 - [MESSAGE][PASSED] - Text of object '' is: '$11.99'

2018-09-19 17:04:39 - [MESSAGE][PASSED] - Get CSS 'color' value on '' successfully: 'rgba(255, 35, 134, 1)'.

2018-09-19 17:04:39 - [MESSAGE][PASSED] - Keyword VerifyProductDetails is Passed

2018-09-19 17:04:39 - [TEST_STEP][PASSED] - Statement - currentNumberItemInCart = CustomKeywords.beautytap.ShopAction.getNumberItemInCart(): beautytap.ShopAction.getNumberItemInCart is PASSED

2018-09-19 17:05:11 - [MESSAGE][WARNING] - com.kms.katalon.core.webui.exception.WebElementNotFoundException: Web element with id: '' located by 'By.xpath: //div[@class='header-right-top pull-right']/a[@class='shop-cart']/span[@class='number-cart']' not found
[[ATTACHMENT|E:\\BeautytapAutomation\\beautytapAuto\\Beautytap\\Reports\\TS1\\20180919_165534\\1537351510934.png]]

2018-09-19 17:05:11 - [MESSAGE][PASSED] - beautytap.ShopAction.getNumberItemInCart is PASSED

2018-09-19 17:05:11 - [TEST_STEP][PASSED] - beautytap.ShopAction.addProductToCart: beautytap.ShopAction.addProductToCart is PASSED

2018-09-19 17:05:11 - [MESSAGE][PASSED] - Text of object 'Object Repository/Page_Shop/txt_quantity' is cleared

2018-09-19 17:05:11 - [MESSAGE][PASSED] - Keys '1' sent to object: 'Object Repository/Page_Shop/txt_quantity'

2018-09-19 17:05:11 - [MESSAGE][PASSED] - Object: 'Object Repository/Page_Shop/btn_addToCart' is clicked on

2018-09-19 17:05:11 - [MESSAGE][PASSED] - Wait for page load successfully

2018-09-19 17:05:16 - [MESSAGE][PASSED] - Object 'Object Repository/Page_Shop/lbl_message' is present

2018-09-19 17:05:16 - [MESSAGE][PASSED] - beautytap.ShopAction.addProductToCart is PASSED

2018-09-19 17:05:16 - [TEST_STEP][PASSED] - beautytap.ShopAction.VerifyNumberItemInCart: Keyword VerifyNumberItemInCart is Passed, Number item in cart is 1, expected is 1

2018-09-19 17:05:16 - [MESSAGE][PASSED] - Object '' is present

2018-09-19 17:05:16 - [MESSAGE][PASSED] - Text of object '' is: '1'

2018-09-19 17:05:16 - [MESSAGE][PASSED] - Keyword VerifyNumberItemInCart is Passed, Number item in cart is 1, expected is 1

2018-09-19 17:05:16 - [TEST_STEP][PASSED] - beautytap.ShopAction.VerifyProductIsAddedToCart: beautytap.ShopAction.VerifyProductIsAddedToCart is PASSED

2018-09-19 17:05:48 - [MESSAGE][WARNING] - com.kms.katalon.core.webui.exception.WebElementNotFoundException: Web element with id: '' located by 'By.xpath: //div[@class='woocommerce-message' and contains(text(),'Innisfree Perfect UV Protection Cream SPF50+/PA+++ (Long-Lasting For Oily Skin) 50ml have been added to your cart.')]' not found
[[ATTACHMENT|E:\\BeautytapAutomation\\beautytapAuto\\Beautytap\\Reports\\TS1\\20180919_165534\\1537351547933.png]]

2018-09-19 17:05:48 - [MESSAGE][PASSED] - beautytap.ShopAction.VerifyProductIsAddedToCart is PASSED

2018-09-19 17:05:48 - [TEST_STEP][PASSED] - beautytap.ShopAction.goToCart: beautytap.ShopAction.goToCart is PASSED

2018-09-19 17:05:53 - [MESSAGE][PASSED] - Object: 'Object Repository/Page_General/icon_cart' is clicked on

2018-09-19 17:05:53 - [MESSAGE][PASSED] - Wait for page load successfully

2018-09-19 17:05:53 - [MESSAGE][PASSED] - beautytap.ShopAction.goToCart is PASSED

2018-09-19 17:05:53 - [TEST_STEP][PASSED] - beautytap.ShopAction.VerifyProductInCart: Keyword VerifyProductInCart is Passed

2018-09-19 17:05:53 - [MESSAGE][PASSED] - Object '' is present

2018-09-19 17:05:53 - [MESSAGE][PASSED] - Text of object '' is: '$11.99'

2018-09-19 17:05:53 - [MESSAGE][PASSED] - Attribute 'value' of object '' is: '1'

2018-09-19 17:05:53 - [MESSAGE][PASSED] - Text of object '' is: '$11.99'

2018-09-19 17:05:53 - [MESSAGE][PASSED] - Keyword VerifyProductInCart is Passed

2018-09-19 17:05:53 - [TEST_STEP][PASSED] - beautytap.ShopAction.processToCheckout: beautytap.ShopAction.processToCheckout is PASSED

2018-09-19 17:05:58 - [MESSAGE][PASSED] - Object: 'Object Repository/Page_Cart/btn_checkout' is clicked on

2018-09-19 17:05:59 - [MESSAGE][PASSED] - Wait for page load successfully

2018-09-19 17:05:59 - [MESSAGE][PASSED] - beautytap.ShopAction.processToCheckout is PASSED

2018-09-19 17:05:59 - [TEST_STEP][PASSED] - beautytap.ShopAction.fillCustomerInformation: beautytap.ShopAction.fillCustomerInformation is PASSED

2018-09-19 17:05:59 - [MESSAGE][PASSED] - Text of object 'Object Repository/Page_Checkout/txt_billingFirstName' is cleared

2018-09-19 17:05:59 - [MESSAGE][PASSED] - Keys 'Test' sent to object: 'Object Repository/Page_Checkout/txt_billingFirstName'

2018-09-19 17:05:59 - [MESSAGE][PASSED] - Text of object 'Object Repository/Page_Checkout/txt_billingLastName' is cleared

2018-09-19 17:05:59 - [MESSAGE][PASSED] - Keys 'Automation' sent to object: 'Object Repository/Page_Checkout/txt_billingLastName'

2018-09-19 17:06:00 - [MESSAGE][PASSED] - All options with label 'United States (US)' are selected in object 'Object Repository/Page_Checkout/drop_billingCountry' 

2018-09-19 17:06:05 - [MESSAGE][PASSED] - Delayed 5 second(s)

2018-09-19 17:06:05 - [MESSAGE][PASSED] - Text of object 'Object Repository/Page_Checkout/txt_billingAddress' is cleared

2018-09-19 17:06:05 - [MESSAGE][PASSED] - Keys '123 Testing' sent to object: 'Object Repository/Page_Checkout/txt_billingAddress'

2018-09-19 17:06:05 - [MESSAGE][PASSED] - Text of object 'Object Repository/Page_Checkout/txt_billingCity' is cleared

2018-09-19 17:06:05 - [MESSAGE][PASSED] - Keys 'New York' sent to object: 'Object Repository/Page_Checkout/txt_billingCity'

2018-09-19 17:06:06 - [MESSAGE][PASSED] - All options with label 'New York' are selected in object 'Object Repository/Page_Checkout/drop_billingState' 

2018-09-19 17:06:06 - [MESSAGE][PASSED] - Text of object 'Object Repository/Page_Checkout/txt_billingZip' is cleared

2018-09-19 17:06:06 - [MESSAGE][PASSED] - Keys '90012' sent to object: 'Object Repository/Page_Checkout/txt_billingZip'

2018-09-19 17:06:06 - [MESSAGE][PASSED] - Text of object 'Object Repository/Page_Checkout/txt_billingEmail' is cleared

2018-09-19 17:06:06 - [MESSAGE][PASSED] - Keys 'auto075941@mailinator.com' sent to object: 'Object Repository/Page_Checkout/txt_billingEmail'

2018-09-19 17:06:07 - [MESSAGE][PASSED] - Object 'Object Repository/Page_Checkout/chk_shipToDifferentAddress' is un-checked

2018-09-19 17:06:07 - [MESSAGE][PASSED] - Text of object 'Object Repository/Page_Checkout/txt_orderNote' is cleared

2018-09-19 17:06:07 - [MESSAGE][PASSED] - Keys 'auto075941Order' sent to object: 'Object Repository/Page_Checkout/txt_orderNote'

2018-09-19 17:06:07 - [MESSAGE][PASSED] - Object 'Object Repository/Page_Checkout/radio_creditCard' is checked

2018-09-19 17:06:12 - [MESSAGE][PASSED] - Delayed 5 second(s)

2018-09-19 17:06:12 - [MESSAGE][PASSED] - beautytap.ShopAction.fillCustomerInformation is PASSED

2018-09-19 17:06:12 - [TEST_STEP][PASSED] - beautytap.ShopAction.VerifyOrderDetailsOnCheckout: Keyword VerifyOrderDetailsOnCheckout is Passed

2018-09-19 17:06:12 - [MESSAGE][PASSED] - Object '' is present

2018-09-19 17:06:12 - [MESSAGE][PASSED] - Text of object '' is: '$11.99'

2018-09-19 17:06:12 - [MESSAGE][PASSED] - Object '' has attribute 'checked'

2018-09-19 17:06:12 - [MESSAGE][PASSED] - Text of object '' is: '($12.50) Pantos (est. 14-25 working days including processing): $12.50'

2018-09-19 17:06:12 - [MESSAGE][PASSED] - Text of object '' is: '$12.50'

2018-09-19 17:06:12 - [MESSAGE][PASSED] - Text of object '' is: '$24.49'

2018-09-19 17:06:12 - [MESSAGE][PASSED] - Keyword VerifyOrderDetailsOnCheckout is Passed

2018-09-19 17:06:12 - [TEST_STEP][PASSED] - beautytap.ShopAction.checkoutViaCreditCard: beautytap.ShopAction.checkoutViaCreditCard is PASSED

2018-09-19 17:06:12 - [MESSAGE][PASSED] - Object 'Object Repository/Page_Checkout/radio_creditCard' is checked

2018-09-19 17:06:22 - [MESSAGE][PASSED] - Delayed 10 second(s)

2018-09-19 17:06:23 - [MESSAGE][PASSED] - Text of object 'Object Repository/Page_Checkout/txt_cardNumber' is cleared

2018-09-19 17:06:23 - [MESSAGE][PASSED] - Keys '4032036248443549' sent to object: 'Object Repository/Page_Checkout/txt_cardNumber'

2018-09-19 17:06:23 - [MESSAGE][PASSED] - All options with label 'Visa' are selected in object 'Object Repository/Page_Checkout/drop_cardType' 

2018-09-19 17:06:23 - [MESSAGE][PASSED] - All options with label '07' are selected in object 'Object Repository/Page_Checkout/drop_expirationMonth' 

2018-09-19 17:06:23 - [MESSAGE][PASSED] - All options with label '2023' are selected in object 'Object Repository/Page_Checkout/drop_expirationYear' 

2018-09-19 17:06:23 - [MESSAGE][PASSED] - Text of object 'Object Repository/Page_Checkout/txt_cardCVV' is cleared

2018-09-19 17:06:24 - [MESSAGE][PASSED] - Keys '123' sent to object: 'Object Repository/Page_Checkout/txt_cardCVV'

2018-09-19 17:06:24 - [MESSAGE][PASSED] - Object 'Object Repository/Page_Checkout/chk_terms' is checked

2018-09-19 17:06:24 - [MESSAGE][PASSED] - Object: 'Object Repository/Page_Checkout/btn_placeOrder' is clicked on

2018-09-19 17:06:40 - [MESSAGE][PASSED] - Object 'Object Repository/Page_Checkout/lbl_orderReceived' is present

2018-09-19 17:06:40 - [MESSAGE][PASSED] - beautytap.ShopAction.checkoutViaCreditCard is PASSED

2018-09-19 17:06:40 - [TEST_STEP][PASSED] - beautytap.ShopAction.VerifyOrderReceivedDetails: Keyword VerifyOrderReceivedDetails is Passed

2018-09-19 17:06:40 - [MESSAGE][PASSED] - Object '' is present

2018-09-19 17:06:40 - [MESSAGE][PASSED] - Text of object '' is: '$11.99'

2018-09-19 17:06:41 - [MESSAGE][PASSED] - Text of object '' is: '$12.50 via ($12.50) Pantos (est. 14-25 working days including processing)'

2018-09-19 17:06:41 - [MESSAGE][PASSED] - Object '' is present

2018-09-19 17:06:41 - [MESSAGE][PASSED] - Text of object '' is: '$12.50'

2018-09-19 17:06:41 - [MESSAGE][PASSED] - Text of object '' is: 'Credit Card Payment'

2018-09-19 17:06:41 - [MESSAGE][PASSED] - Text of object '' is: '$24.49'

2018-09-19 17:06:41 - [MESSAGE][PASSED] - Keyword VerifyOrderReceivedDetails is Passed

2018-09-19 17:06:41 - [TEST_STEP][PASSED] - closeBrowser: Browser is closed

2018-09-19 17:06:42 - [MESSAGE][PASSED] - Browser is closed]]></system-out>
         <system-err><![CDATA[]]></system-err>
      </testcase>
      <testcase name="Test Cases/Shop/TC04_Search_VariationProduct_NotSale_AmazonPay_GreaterThan200" classname="Test Cases/Shop/TC04_Search_VariationProduct_NotSale_AmazonPay_GreaterThan200" status="PASSED">
         <system-out><![CDATA[2018-09-19 17:06:44 - [TEST_CASE][PASSED] - Test Cases/Shop/TC04_Search_VariationProduct_NotSale_AmazonPay_GreaterThan200: Test Cases/Shop/TC04_Search_VariationProduct_NotSale_AmazonPay_GreaterThan200

2018-09-19 17:06:44 - [TEST_STEP][PASSED] - Statement - productName = VARIATION_PRODUCT: null

2018-09-19 17:06:44 - [TEST_STEP][PASSED] - Statement - price = VARIATION_PRICE1: null

2018-09-19 17:06:44 - [TEST_STEP][PASSED] - Statement - variation = VARIATION_NAME1: null

2018-09-19 17:06:44 - [TEST_STEP][PASSED] - Statement - r_string = new java.lang.Math().random().toString().substring(2, 8): null

2018-09-19 17:06:44 - [TEST_STEP][PASSED] - Statement - email = "auto" + r_string + "@mailinator.com": null

2018-09-19 17:06:44 - [TEST_STEP][PASSED] - Statement - orderNote = "auto" + r_string + "Order": null

2018-09-19 17:06:44 - [TEST_STEP][PASSED] - Statement - currentNumberItemInCart = <not implemented yet for class: org.codehaus.groovy.ast.expr.EmptyExpression>: null

2018-09-19 17:06:44 - [TEST_STEP][PASSED] - Statement - quantity = 8: null

2018-09-19 17:06:44 - [TEST_STEP][PASSED] - Statement - subtotal = CustomKeywords.beautytap.ShopAction.calculateTotal(quantity, price): beautytap.ShopAction.calculateTotal is PASSED

2018-09-19 17:06:44 - [MESSAGE][PASSED] - beautytap.ShopAction.calculateTotal is PASSED

2018-09-19 17:06:44 - [TEST_STEP][PASSED] - Statement - total = subtotal: null

2018-09-19 17:06:44 - [TEST_STEP][PASSED] - Statement - total = CustomKeywords.beautytap.ShopAction.calculateTotal(1, total): beautytap.ShopAction.calculateTotal is PASSED

2018-09-19 17:06:44 - [MESSAGE][PASSED] - beautytap.ShopAction.calculateTotal is PASSED

2018-09-19 17:06:44 - [TEST_STEP][PASSED] - Statement - products = new org.json.JSONArray((((((((([{"productname":" + productName) + ","variation":") + variation) + ","quantity":") + quantity) + ","price":") + price) + "}])): null

2018-09-19 17:06:44 - [TEST_STEP][PASSED] - Statement - billingInformation = new org.json.JSONObject((({"firstname":"Test","lastname":"Automation","country":"United States (US)","address":"123 Testing","city":"New York","state":"New York","zip":"90012","email":" + email) + "})): null

2018-09-19 17:06:44 - [TEST_STEP][PASSED] - Statement - shippingLabel = FREE_EMS_SHIPPING_LABEL: null

2018-09-19 17:06:44 - [TEST_STEP][PASSED] - Statement - shippingPrice = 0: null

2018-09-19 17:06:44 - [TEST_STEP][PASSED] - Statement - shippingType = "freeEMS": null

2018-09-19 17:06:44 - [TEST_STEP][PASSED] - Statement - paymentMethod = "Amazon Pay": null

2018-09-19 17:06:44 - [TEST_STEP][PASSED] - beautytap.GeneralAction.openBeautytap: beautytap.GeneralAction.openBeautytap is PASSED

2018-09-19 17:07:09 - [MESSAGE][PASSED] - Browser is opened with url: 'https://stage.beautytap.com'

2018-09-19 17:07:10 - [MESSAGE][PASSED] - Current window maximized

2018-09-19 17:07:15 - [MESSAGE][PASSED] - Refresh successfully

2018-09-19 17:07:15 - [MESSAGE][PASSED] - Wait for page load successfully

2018-09-19 17:07:15 - [MESSAGE][PASSED] - beautytap.GeneralAction.openBeautytap is PASSED

2018-09-19 17:07:15 - [TEST_STEP][PASSED] - beautytap.ShopAction.globalSearch: beautytap.ShopAction.globalSearch is PASSED

2018-09-19 17:07:15 - [MESSAGE][PASSED] - Object: 'Object Repository/Page_General/icon_search' is clicked on

2018-09-19 17:07:20 - [MESSAGE][PASSED] - Delayed 5 second(s)

2018-09-19 17:07:20 - [MESSAGE][PASSED] - Text of object 'Object Repository/Page_General/txt_search' is cleared

2018-09-19 17:07:20 - [MESSAGE][PASSED] - Keys 'CONTROL + v' sent to object: 'Object Repository/Page_General/txt_search'

2018-09-19 17:07:24 - [MESSAGE][PASSED] - Object 'Object Repository/Page_General/div_searchResult' is present

2018-09-19 17:07:24 - [MESSAGE][PASSED] - beautytap.ShopAction.globalSearch is PASSED

2018-09-19 17:07:24 - [TEST_STEP][PASSED] - beautytap.ShopAction.VerifyProductOnSearchResult: Keyword VerifyProductOnSearchResult is Passed

2018-09-19 17:07:24 - [MESSAGE][PASSED] - Object '' is present

2018-09-19 17:07:24 - [MESSAGE][PASSED] - Text of object '' is: '$26.70'

2018-09-19 17:07:24 - [MESSAGE][PASSED] - Get CSS 'color' value on '' successfully: 'rgba(255, 35, 134, 1)'.

2018-09-19 17:07:24 - [MESSAGE][PASSED] - Get CSS 'color' value on '' successfully: 'rgba(255, 35, 134, 1)'.

2018-09-19 17:07:24 - [MESSAGE][PASSED] - Keyword VerifyProductOnSearchResult is Passed

2018-09-19 17:07:24 - [TEST_STEP][PASSED] - beautytap.ShopAction.selectProductOnSearchResult: beautytap.ShopAction.selectProductOnSearchResult is PASSED

2018-09-19 17:07:31 - [MESSAGE][PASSED] - Object: '' is clicked on

2018-09-19 17:07:31 - [MESSAGE][PASSED] - Wait for page load successfully

2018-09-19 17:07:31 - [MESSAGE][PASSED] - beautytap.ShopAction.selectProductOnSearchResult is PASSED

2018-09-19 17:07:31 - [TEST_STEP][PASSED] - beautytap.ShopAction.selectProductVariation: beautytap.ShopAction.selectProductVariation is PASSED

2018-09-19 17:07:31 - [MESSAGE][PASSED] - Object: 'Object Repository/Page_Shop/drop_chooseOption' is clicked on

2018-09-19 17:07:32 - [MESSAGE][PASSED] - Delayed 1 second(s)

2018-09-19 17:07:32 - [MESSAGE][PASSED] - Object: '' is clicked on

2018-09-19 17:07:32 - [MESSAGE][PASSED] - beautytap.ShopAction.selectProductVariation is PASSED

2018-09-19 17:07:32 - [TEST_STEP][PASSED] - beautytap.ShopAction.VerifyProductDetails: Keyword VerifyProductDetails is Passed

2018-09-19 17:07:32 - [MESSAGE][PASSED] - Text of object '' is: 'MeloMELI Unicorn Heart Lake Cushion  2 Choices'

2018-09-19 17:07:33 - [MESSAGE][PASSED] - All options with label 'Vanilla Beige' are selected in object 'Object Repository/Page_Shop/drop_chooseOption' 

2018-09-19 17:07:33 - [MESSAGE][PASSED] - Text of object '' is: '$26.70'

2018-09-19 17:07:33 - [MESSAGE][PASSED] - Get CSS 'color' value on '' successfully: 'rgba(255, 35, 134, 1)'.

2018-09-19 17:07:33 - [MESSAGE][PASSED] - Keyword VerifyProductDetails is Passed

2018-09-19 17:07:33 - [TEST_STEP][PASSED] - Statement - currentNumberItemInCart = CustomKeywords.beautytap.ShopAction.getNumberItemInCart(): beautytap.ShopAction.getNumberItemInCart is PASSED

2018-09-19 17:08:04 - [MESSAGE][WARNING] - com.kms.katalon.core.webui.exception.WebElementNotFoundException: Web element with id: '' located by 'By.xpath: //div[@class='header-right-top pull-right']/a[@class='shop-cart']/span[@class='number-cart']' not found
[[ATTACHMENT|E:\\BeautytapAutomation\\beautytapAuto\\Beautytap\\Reports\\TS1\\20180919_165534\\1537351684394.png]]

2018-09-19 17:08:04 - [MESSAGE][PASSED] - beautytap.ShopAction.getNumberItemInCart is PASSED

2018-09-19 17:08:04 - [TEST_STEP][PASSED] - beautytap.ShopAction.addProductToCart: beautytap.ShopAction.addProductToCart is PASSED

2018-09-19 17:08:04 - [MESSAGE][PASSED] - Text of object 'Object Repository/Page_Shop/txt_quantity' is cleared

2018-09-19 17:08:04 - [MESSAGE][PASSED] - Keys '8' sent to object: 'Object Repository/Page_Shop/txt_quantity'

2018-09-19 17:08:05 - [MESSAGE][PASSED] - Object: 'Object Repository/Page_Shop/btn_addToCart' is clicked on

2018-09-19 17:08:05 - [MESSAGE][PASSED] - Wait for page load successfully

2018-09-19 17:08:11 - [MESSAGE][PASSED] - Object 'Object Repository/Page_Shop/lbl_message' is present

2018-09-19 17:08:11 - [MESSAGE][PASSED] - beautytap.ShopAction.addProductToCart is PASSED

2018-09-19 17:08:11 - [TEST_STEP][PASSED] - beautytap.ShopAction.VerifyNumberItemInCart: Keyword VerifyNumberItemInCart is Passed, Number item in cart is 8, expected is 8

2018-09-19 17:08:11 - [MESSAGE][PASSED] - Object '' is present

2018-09-19 17:08:11 - [MESSAGE][PASSED] - Text of object '' is: '8'

2018-09-19 17:08:11 - [MESSAGE][PASSED] - Keyword VerifyNumberItemInCart is Passed, Number item in cart is 8, expected is 8

2018-09-19 17:08:11 - [TEST_STEP][PASSED] - beautytap.ShopAction.VerifyProductIsAddedToCart: beautytap.ShopAction.VerifyProductIsAddedToCart is PASSED

2018-09-19 17:08:12 - [MESSAGE][PASSED] - Object '' is present

2018-09-19 17:08:12 - [MESSAGE][PASSED] - beautytap.ShopAction.VerifyProductIsAddedToCart is PASSED

2018-09-19 17:08:12 - [TEST_STEP][PASSED] - beautytap.ShopAction.goToCart: beautytap.ShopAction.goToCart is PASSED

2018-09-19 17:08:18 - [MESSAGE][PASSED] - Object: 'Object Repository/Page_General/icon_cart' is clicked on

2018-09-19 17:08:18 - [MESSAGE][PASSED] - Wait for page load successfully

2018-09-19 17:08:18 - [MESSAGE][PASSED] - beautytap.ShopAction.goToCart is PASSED

2018-09-19 17:08:18 - [TEST_STEP][PASSED] - beautytap.ShopAction.VerifyProductInCart: Keyword VerifyProductInCart is Passed

2018-09-19 17:08:18 - [MESSAGE][PASSED] - Object '' is present

2018-09-19 17:08:18 - [MESSAGE][PASSED] - Text of object '' is: '$26.70'

2018-09-19 17:08:18 - [MESSAGE][PASSED] - Attribute 'value' of object '' is: '8'

2018-09-19 17:08:18 - [MESSAGE][PASSED] - Text of object '' is: '$213.60'

2018-09-19 17:08:18 - [MESSAGE][PASSED] - Keyword VerifyProductInCart is Passed

2018-09-19 17:08:18 - [TEST_STEP][PASSED] - beautytap.ShopAction.processToCheckout: beautytap.ShopAction.processToCheckout is PASSED

2018-09-19 17:08:21 - [MESSAGE][PASSED] - Object: 'Object Repository/Page_Cart/btn_checkout' is clicked on

2018-09-19 17:08:21 - [MESSAGE][PASSED] - Wait for page load successfully

2018-09-19 17:08:21 - [MESSAGE][PASSED] - beautytap.ShopAction.processToCheckout is PASSED

2018-09-19 17:08:21 - [TEST_STEP][PASSED] - beautytap.ShopAction.loginAmazonPay: beautytap.ShopAction.loginAmazonPay is PASSED

2018-09-19 17:08:22 - [MESSAGE][PASSED] - Object: 'Object Repository/Page_Checkout/btn_amazonPay' is clicked on

2018-09-19 17:08:22 - [MESSAGE][PASSED] - Switched to window with index: '1'

2018-09-19 17:08:23 - [MESSAGE][PASSED] - Object 'Object Repository/Popup_Amazon/txt_email' is present

2018-09-19 17:08:23 - [MESSAGE][PASSED] - Text of object 'Object Repository/Popup_Amazon/txt_email' is cleared

2018-09-19 17:08:23 - [MESSAGE][PASSED] - Keys 'amazontest1503@yopmail.com' sent to object: 'Object Repository/Popup_Amazon/txt_email'

2018-09-19 17:08:23 - [MESSAGE][PASSED] - Text of object 'Object Repository/Popup_Amazon/txt_password' is cleared

2018-09-19 17:08:24 - [MESSAGE][PASSED] - Keys '123456' sent to object: 'Object Repository/Popup_Amazon/txt_password'

2018-09-19 17:08:26 - [MESSAGE][PASSED] - Object: 'Object Repository/Popup_Amazon/btn_signin' is clicked on

2018-09-19 17:08:26 - [MESSAGE][PASSED] - Switched to window with index: '0'

2018-09-19 17:08:56 - [MESSAGE][PASSED] - Delayed 30 second(s)

2018-09-19 17:08:56 - [MESSAGE][PASSED] - beautytap.ShopAction.loginAmazonPay is PASSED

2018-09-19 17:08:56 - [TEST_STEP][PASSED] - beautytap.ShopAction.VerifyOrderDetailsOnCheckout: Keyword VerifyOrderDetailsOnCheckout is Passed

2018-09-19 17:08:56 - [MESSAGE][PASSED] - Object '' is present

2018-09-19 17:08:56 - [MESSAGE][PASSED] - Text of object '' is: '$213.60'

2018-09-19 17:08:56 - [MESSAGE][PASSED] - Text of object '' is: 'Free EMS shipping (over $200)
Why does shipping take this long?'

2018-09-19 17:08:56 - [MESSAGE][PASSED] - Text of object '' is: '$213.60'

2018-09-19 17:08:56 - [MESSAGE][PASSED] - Keyword VerifyOrderDetailsOnCheckout is Passed

2018-09-19 17:08:56 - [TEST_STEP][PASSED] - beautytap.ShopAction.checkoutViaAmazonPay: beautytap.ShopAction.checkoutViaAmazonPay is PASSED

2018-09-19 17:08:57 - [MESSAGE][PASSED] - Object 'Object Repository/Page_Checkout/chk_terms' is clickable

2018-09-19 17:08:57 - [MESSAGE][PASSED] - Object 'Object Repository/Page_Checkout/chk_terms' is checked

2018-09-19 17:08:57 - [MESSAGE][PASSED] - Object: 'Object Repository/Page_Checkout/btn_placeOrder' is clicked on

2018-09-19 17:09:11 - [MESSAGE][PASSED] - Object 'Object Repository/Page_Checkout/lbl_orderReceived' is present

2018-09-19 17:09:11 - [MESSAGE][PASSED] - beautytap.ShopAction.checkoutViaAmazonPay is PASSED

2018-09-19 17:09:11 - [TEST_STEP][PASSED] - beautytap.ShopAction.VerifyOrderReceivedDetails: Keyword VerifyOrderReceivedDetails is Passed

2018-09-19 17:09:11 - [MESSAGE][PASSED] - Object '' is present

2018-09-19 17:09:11 - [MESSAGE][PASSED] - Text of object '' is: '$213.60'

2018-09-19 17:09:12 - [MESSAGE][PASSED] - Text of object '' is: 'Free EMS shipping (over $200)'

2018-09-19 17:09:17 - [MESSAGE][WARNING] - com.kms.katalon.core.webui.exception.WebElementNotFoundException: Web element with id: '' located by 'By.xpath: //th[text()='Shipping:']/parent::tr/td/span' not found
[[ATTACHMENT|E:\\BeautytapAutomation\\beautytapAuto\\Beautytap\\Reports\\TS1\\20180919_165534\\1537351757146.png]]

2018-09-19 17:09:17 - [MESSAGE][PASSED] - Text of object '' is: 'Amazon Pay'

2018-09-19 17:09:17 - [MESSAGE][PASSED] - Text of object '' is: '$213.60'

2018-09-19 17:09:17 - [MESSAGE][PASSED] - Keyword VerifyOrderReceivedDetails is Passed

2018-09-19 17:09:17 - [TEST_STEP][PASSED] - closeBrowser: Browser is closed

2018-09-19 17:09:18 - [MESSAGE][PASSED] - Browser is closed]]></system-out>
         <system-err><![CDATA[]]></system-err>
      </testcase>
      <testcase name="Test Cases/Shop/TC05_Browse_SimpleProduct_NotSale_PayPal_GreaterThan60LessThan200" classname="Test Cases/Shop/TC05_Browse_SimpleProduct_NotSale_PayPal_GreaterThan60LessThan200" status="PASSED">
         <system-out><![CDATA[2018-09-19 17:09:20 - [TEST_CASE][PASSED] - Test Cases/Shop/TC05_Browse_SimpleProduct_NotSale_PayPal_GreaterThan60LessThan200: Test Cases/Shop/TC05_Browse_SimpleProduct_NotSale_PayPal_GreaterThan60LessThan200

2018-09-19 17:09:20 - [TEST_STEP][PASSED] - Statement - productName = SIMPLE_PRODUCT: null

2018-09-19 17:09:20 - [TEST_STEP][PASSED] - Statement - price = SIMPLE_PRODUCT_PRICE: null

2018-09-19 17:09:20 - [TEST_STEP][PASSED] - Statement - r_string = new java.lang.Math().random().toString().substring(2, 8): null

2018-09-19 17:09:20 - [TEST_STEP][PASSED] - Statement - email = "auto" + r_string + "@mailinator.com": null

2018-09-19 17:09:20 - [TEST_STEP][PASSED] - Statement - orderNote = "auto" + r_string + "Order": null

2018-09-19 17:09:20 - [TEST_STEP][PASSED] - Statement - currentNumberItemInCart = <not implemented yet for class: org.codehaus.groovy.ast.expr.EmptyExpression>: null

2018-09-19 17:09:20 - [TEST_STEP][PASSED] - Statement - quantity = 3: null

2018-09-19 17:09:20 - [TEST_STEP][PASSED] - Statement - subtotal = CustomKeywords.beautytap.ShopAction.calculateTotal(quantity, price): beautytap.ShopAction.calculateTotal is PASSED

2018-09-19 17:09:20 - [MESSAGE][PASSED] - beautytap.ShopAction.calculateTotal is PASSED

2018-09-19 17:09:20 - [TEST_STEP][PASSED] - Statement - total = subtotal: null

2018-09-19 17:09:21 - [TEST_STEP][PASSED] - Statement - total = CustomKeywords.beautytap.ShopAction.calculateTotal(1, total): beautytap.ShopAction.calculateTotal is PASSED

2018-09-19 17:09:21 - [MESSAGE][PASSED] - beautytap.ShopAction.calculateTotal is PASSED

2018-09-19 17:09:21 - [TEST_STEP][PASSED] - Statement - products = new org.json.JSONArray((((((([{"productname":" + productName) + ","variation":"","quantity":") + quantity) + ","price":") + price) + "}])): null

2018-09-19 17:09:21 - [TEST_STEP][PASSED] - Statement - billingInformation = new org.json.JSONObject((({"firstname":"Test","lastname":"Automation","country":"United States (US)","address":"123 Testing","city":"New York","state":"New York","zip":"90012","email":" + email) + "})): null

2018-09-19 17:09:21 - [TEST_STEP][PASSED] - Statement - shippingLabel = FREE_SHIPPING_LABEL: null

2018-09-19 17:09:21 - [TEST_STEP][PASSED] - Statement - shippingPrice = 0: null

2018-09-19 17:09:21 - [TEST_STEP][PASSED] - Statement - shippingType = "free": null

2018-09-19 17:09:21 - [TEST_STEP][PASSED] - Statement - paymentMethod = "PayPal": null

2018-09-19 17:09:21 - [TEST_STEP][PASSED] - Statement - category = "What's New": null

2018-09-19 17:09:21 - [TEST_STEP][PASSED] - beautytap.GeneralAction.openBeautytap: beautytap.GeneralAction.openBeautytap is PASSED

2018-09-19 17:09:31 - [MESSAGE][PASSED] - Browser is opened with url: 'https://stage.beautytap.com'

2018-09-19 17:09:32 - [MESSAGE][PASSED] - Current window maximized

2018-09-19 17:09:38 - [MESSAGE][PASSED] - Refresh successfully

2018-09-19 17:09:38 - [MESSAGE][PASSED] - Wait for page load successfully

2018-09-19 17:09:38 - [MESSAGE][PASSED] - beautytap.GeneralAction.openBeautytap is PASSED

2018-09-19 17:09:38 - [TEST_STEP][PASSED] - beautytap.ShopAction.selectCategory: beautytap.ShopAction.selectCategory is PASSED

2018-09-19 17:09:47 - [MESSAGE][PASSED] - Object: '' is clicked on

2018-09-19 17:09:47 - [MESSAGE][PASSED] - Wait for page load successfully

2018-09-19 17:09:47 - [MESSAGE][PASSED] - beautytap.ShopAction.selectCategory is PASSED

2018-09-19 17:09:47 - [TEST_STEP][PASSED] - beautytap.ShopAction.findProductOnProductList: beautytap.ShopAction.findProductOnProductList is PASSED

2018-09-19 17:09:47 - [MESSAGE][PASSED] - Text of object '' is: '76'

2018-09-19 17:09:52 - [MESSAGE][WARNING] - com.kms.katalon.core.webui.exception.WebElementNotFoundException: Web element with id: '' located by 'By.xpath: //a[text()='La Muse Correct Care Complete Cushion SPF50+']' not found
[[ATTACHMENT|E:\\BeautytapAutomation\\beautytapAuto\\Beautytap\\Reports\\TS1\\20180919_165534\\1537351792258.png]]

2018-09-19 17:10:01 - [MESSAGE][PASSED] - Object: '' is clicked on

2018-09-19 17:10:01 - [MESSAGE][PASSED] - Wait for page load successfully

2018-09-19 17:10:06 - [MESSAGE][WARNING] - com.kms.katalon.core.webui.exception.WebElementNotFoundException: Web element with id: '' located by 'By.xpath: //a[text()='La Muse Correct Care Complete Cushion SPF50+']' not found
[[ATTACHMENT|E:\\BeautytapAutomation\\beautytapAuto\\Beautytap\\Reports\\TS1\\20180919_165534\\1537351806667.png]]

2018-09-19 17:10:15 - [MESSAGE][PASSED] - Object: '' is clicked on

2018-09-19 17:10:15 - [MESSAGE][PASSED] - Wait for page load successfully

2018-09-19 17:10:15 - [MESSAGE][PASSED] - Object '' is present

2018-09-19 17:10:15 - [MESSAGE][PASSED] - beautytap.ShopAction.findProductOnProductList is PASSED

2018-09-19 17:10:15 - [TEST_STEP][PASSED] - beautytap.ShopAction.VerifyProductOnProductList: Keyword VerifyProductOnProductList is Passed

2018-09-19 17:10:15 - [MESSAGE][PASSED] - Object '' is present

2018-09-19 17:10:15 - [MESSAGE][PASSED] - Text of object '' is: '$31.80'

2018-09-19 17:10:15 - [MESSAGE][PASSED] - Get CSS 'color' value on '' successfully: 'rgba(255, 35, 134, 1)'.

2018-09-19 17:10:15 - [MESSAGE][PASSED] - Get CSS 'color' value on '' successfully: 'rgba(255, 35, 134, 1)'.

2018-09-19 17:10:15 - [MESSAGE][PASSED] - Keyword VerifyProductOnProductList is Passed

2018-09-19 17:10:15 - [TEST_STEP][PASSED] - beautytap.ShopAction.selectProductOnProductList: beautytap.ShopAction.selectProductOnProductList is PASSED

2018-09-19 17:10:21 - [MESSAGE][PASSED] - Object: '' is clicked on

2018-09-19 17:10:21 - [MESSAGE][PASSED] - Wait for page load successfully

2018-09-19 17:10:21 - [MESSAGE][PASSED] - beautytap.ShopAction.selectProductOnProductList is PASSED

2018-09-19 17:10:21 - [TEST_STEP][PASSED] - beautytap.ShopAction.VerifyProductDetails: Keyword VerifyProductDetails is Passed

2018-09-19 17:10:21 - [MESSAGE][PASSED] - Text of object '' is: 'La Muse Correct Care Complete Cushion SPF50+'

2018-09-19 17:10:21 - [MESSAGE][PASSED] - Text of object '' is: '$31.80'

2018-09-19 17:10:21 - [MESSAGE][PASSED] - Get CSS 'color' value on '' successfully: 'rgba(255, 35, 134, 1)'.

2018-09-19 17:10:21 - [MESSAGE][PASSED] - Keyword VerifyProductDetails is Passed

2018-09-19 17:10:21 - [TEST_STEP][PASSED] - Statement - currentNumberItemInCart = CustomKeywords.beautytap.ShopAction.getNumberItemInCart(): beautytap.ShopAction.getNumberItemInCart is PASSED

2018-09-19 17:10:52 - [MESSAGE][WARNING] - com.kms.katalon.core.webui.exception.WebElementNotFoundException: Web element with id: '' located by 'By.xpath: //div[@class='header-right-top pull-right']/a[@class='shop-cart']/span[@class='number-cart']' not found
[[ATTACHMENT|E:\\BeautytapAutomation\\beautytapAuto\\Beautytap\\Reports\\TS1\\20180919_165534\\1537351852524.png]]

2018-09-19 17:10:52 - [MESSAGE][PASSED] - beautytap.ShopAction.getNumberItemInCart is PASSED

2018-09-19 17:10:52 - [TEST_STEP][PASSED] - beautytap.ShopAction.addProductToCart: beautytap.ShopAction.addProductToCart is PASSED

2018-09-19 17:10:52 - [MESSAGE][PASSED] - Text of object 'Object Repository/Page_Shop/txt_quantity' is cleared

2018-09-19 17:10:53 - [MESSAGE][PASSED] - Keys '3' sent to object: 'Object Repository/Page_Shop/txt_quantity'

2018-09-19 17:10:53 - [MESSAGE][PASSED] - Object: 'Object Repository/Page_Shop/btn_addToCart' is clicked on

2018-09-19 17:10:53 - [MESSAGE][PASSED] - Wait for page load successfully

2018-09-19 17:11:00 - [MESSAGE][PASSED] - Object 'Object Repository/Page_Shop/lbl_message' is present

2018-09-19 17:11:00 - [MESSAGE][PASSED] - beautytap.ShopAction.addProductToCart is PASSED

2018-09-19 17:11:00 - [TEST_STEP][PASSED] - beautytap.ShopAction.VerifyNumberItemInCart: Keyword VerifyNumberItemInCart is Passed, Number item in cart is 3, expected is 3

2018-09-19 17:11:00 - [MESSAGE][PASSED] - Object '' is present

2018-09-19 17:11:00 - [MESSAGE][PASSED] - Text of object '' is: '3'

2018-09-19 17:11:00 - [MESSAGE][PASSED] - Keyword VerifyNumberItemInCart is Passed, Number item in cart is 3, expected is 3

2018-09-19 17:11:00 - [TEST_STEP][PASSED] - beautytap.ShopAction.VerifyProductIsAddedToCart: beautytap.ShopAction.VerifyProductIsAddedToCart is PASSED

2018-09-19 17:11:00 - [MESSAGE][PASSED] - Object '' is present

2018-09-19 17:11:00 - [MESSAGE][PASSED] - beautytap.ShopAction.VerifyProductIsAddedToCart is PASSED

2018-09-19 17:11:00 - [TEST_STEP][PASSED] - beautytap.ShopAction.goToCart: beautytap.ShopAction.goToCart is PASSED

2018-09-19 17:11:04 - [MESSAGE][PASSED] - Object: 'Object Repository/Page_General/icon_cart' is clicked on

2018-09-19 17:11:04 - [MESSAGE][PASSED] - Wait for page load successfully

2018-09-19 17:11:04 - [MESSAGE][PASSED] - beautytap.ShopAction.goToCart is PASSED

2018-09-19 17:11:04 - [TEST_STEP][PASSED] - beautytap.ShopAction.VerifyProductInCart: Keyword VerifyProductInCart is Passed

2018-09-19 17:11:04 - [MESSAGE][PASSED] - Object '' is present

2018-09-19 17:11:05 - [MESSAGE][PASSED] - Text of object '' is: '$31.80'

2018-09-19 17:11:05 - [MESSAGE][PASSED] - Attribute 'value' of object '' is: '3'

2018-09-19 17:11:05 - [MESSAGE][PASSED] - Text of object '' is: '$95.40'

2018-09-19 17:11:05 - [MESSAGE][PASSED] - Keyword VerifyProductInCart is Passed

2018-09-19 17:11:05 - [TEST_STEP][PASSED] - beautytap.ShopAction.processToCheckout: beautytap.ShopAction.processToCheckout is PASSED

2018-09-19 17:11:08 - [MESSAGE][PASSED] - Object: 'Object Repository/Page_Cart/btn_checkout' is clicked on

2018-09-19 17:11:08 - [MESSAGE][PASSED] - Wait for page load successfully

2018-09-19 17:11:08 - [MESSAGE][PASSED] - beautytap.ShopAction.processToCheckout is PASSED

2018-09-19 17:11:08 - [TEST_STEP][PASSED] - beautytap.ShopAction.fillCustomerInformation: beautytap.ShopAction.fillCustomerInformation is PASSED

2018-09-19 17:11:08 - [MESSAGE][PASSED] - Text of object 'Object Repository/Page_Checkout/txt_billingFirstName' is cleared

2018-09-19 17:11:08 - [MESSAGE][PASSED] - Keys 'Test' sent to object: 'Object Repository/Page_Checkout/txt_billingFirstName'

2018-09-19 17:11:09 - [MESSAGE][PASSED] - Text of object 'Object Repository/Page_Checkout/txt_billingLastName' is cleared

2018-09-19 17:11:09 - [MESSAGE][PASSED] - Keys 'Automation' sent to object: 'Object Repository/Page_Checkout/txt_billingLastName'

2018-09-19 17:11:09 - [MESSAGE][PASSED] - All options with label 'United States (US)' are selected in object 'Object Repository/Page_Checkout/drop_billingCountry' 

2018-09-19 17:11:14 - [MESSAGE][PASSED] - Delayed 5 second(s)

2018-09-19 17:11:14 - [MESSAGE][PASSED] - Text of object 'Object Repository/Page_Checkout/txt_billingAddress' is cleared

2018-09-19 17:11:15 - [MESSAGE][PASSED] - Keys '123 Testing' sent to object: 'Object Repository/Page_Checkout/txt_billingAddress'

2018-09-19 17:11:15 - [MESSAGE][PASSED] - Text of object 'Object Repository/Page_Checkout/txt_billingCity' is cleared

2018-09-19 17:11:15 - [MESSAGE][PASSED] - Keys 'New York' sent to object: 'Object Repository/Page_Checkout/txt_billingCity'

2018-09-19 17:11:15 - [MESSAGE][PASSED] - All options with label 'New York' are selected in object 'Object Repository/Page_Checkout/drop_billingState' 

2018-09-19 17:11:15 - [MESSAGE][PASSED] - Text of object 'Object Repository/Page_Checkout/txt_billingZip' is cleared

2018-09-19 17:11:15 - [MESSAGE][PASSED] - Keys '90012' sent to object: 'Object Repository/Page_Checkout/txt_billingZip'

2018-09-19 17:11:15 - [MESSAGE][PASSED] - Text of object 'Object Repository/Page_Checkout/txt_billingEmail' is cleared

2018-09-19 17:11:16 - [MESSAGE][PASSED] - Keys 'auto489770@mailinator.com' sent to object: 'Object Repository/Page_Checkout/txt_billingEmail'

2018-09-19 17:11:16 - [MESSAGE][PASSED] - Object 'Object Repository/Page_Checkout/chk_shipToDifferentAddress' is un-checked

2018-09-19 17:11:16 - [MESSAGE][PASSED] - Text of object 'Object Repository/Page_Checkout/txt_orderNote' is cleared

2018-09-19 17:11:17 - [MESSAGE][PASSED] - Keys 'auto489770Order' sent to object: 'Object Repository/Page_Checkout/txt_orderNote'

2018-09-19 17:11:17 - [MESSAGE][PASSED] - Object 'Object Repository/Page_Checkout/radio_creditCard' is checked

2018-09-19 17:11:22 - [MESSAGE][PASSED] - Delayed 5 second(s)

2018-09-19 17:11:22 - [MESSAGE][PASSED] - beautytap.ShopAction.fillCustomerInformation is PASSED

2018-09-19 17:11:22 - [TEST_STEP][PASSED] - beautytap.ShopAction.VerifyOrderDetailsOnCheckout: Keyword VerifyOrderDetailsOnCheckout is Passed

2018-09-19 17:11:22 - [MESSAGE][PASSED] - Object '' is present

2018-09-19 17:11:22 - [MESSAGE][PASSED] - Text of object '' is: '$95.40'

2018-09-19 17:11:22 - [MESSAGE][PASSED] - Text of object '' is: 'Free shipping for orders over $60
Why does shipping take this long?'

2018-09-19 17:11:22 - [MESSAGE][PASSED] - Text of object '' is: '$95.40'

2018-09-19 17:11:22 - [MESSAGE][PASSED] - Keyword VerifyOrderDetailsOnCheckout is Passed

2018-09-19 17:11:22 - [TEST_STEP][PASSED] - beautytap.ShopAction.checkoutViaPaypal: beautytap.ShopAction.checkoutViaPaypal is PASSED

2018-09-19 17:11:22 - [MESSAGE][PASSED] - Object 'Object Repository/Page_Checkout/radio_paypal' is checked

2018-09-19 17:11:27 - [MESSAGE][PASSED] - Delayed 5 second(s)

2018-09-19 17:11:27 - [MESSAGE][PASSED] - Object 'Object Repository/Page_Checkout/chk_terms' is checked

2018-09-19 17:11:27 - [MESSAGE][PASSED] - Object: 'Object Repository/Page_Checkout/btn_placeOrder' is clicked on

2018-09-19 17:11:36 - [MESSAGE][PASSED] - Object 'Object Repository/Page_Paypal/txt_email' is present

2018-09-19 17:11:37 - [MESSAGE][PASSED] - Text of object 'Object Repository/Page_Paypal/txt_email' is cleared

2018-09-19 17:11:37 - [MESSAGE][PASSED] - Keys 'g1.posiba@gmail.com' sent to object: 'Object Repository/Page_Paypal/txt_email'

2018-09-19 17:11:37 - [MESSAGE][PASSED] - Text of object 'Object Repository/Page_Paypal/txt_password' is cleared

2018-09-19 17:11:37 - [MESSAGE][PASSED] - Keys 'Tr@ng99%' sent to object: 'Object Repository/Page_Paypal/txt_password'

2018-09-19 17:11:50 - [MESSAGE][PASSED] - Object: 'Object Repository/Page_Paypal/btn_login' is clicked on

2018-09-19 17:11:58 - [MESSAGE][PASSED] - Object 'Object Repository/Page_Paypal/btn_payNow' is present

2018-09-19 17:12:03 - [MESSAGE][PASSED] - Delayed 5 second(s)

2018-09-19 17:12:03 - [MESSAGE][PASSED] - Object: 'Object Repository/Page_Paypal/btn_payNow' is clicked on

2018-09-19 17:12:23 - [MESSAGE][PASSED] - Object 'Object Repository/Page_Checkout/lbl_orderReceived' is present

2018-09-19 17:12:23 - [MESSAGE][PASSED] - beautytap.ShopAction.checkoutViaPaypal is PASSED

2018-09-19 17:12:23 - [TEST_STEP][PASSED] - beautytap.ShopAction.VerifyOrderReceivedDetails: Keyword VerifyOrderReceivedDetails is Passed

2018-09-19 17:12:23 - [MESSAGE][PASSED] - Object '' is present

2018-09-19 17:12:23 - [MESSAGE][PASSED] - Text of object '' is: '$95.40'

2018-09-19 17:12:23 - [MESSAGE][PASSED] - Text of object '' is: 'Free shipping for orders over $60'

2018-09-19 17:12:29 - [MESSAGE][WARNING] - com.kms.katalon.core.webui.exception.WebElementNotFoundException: Web element with id: '' located by 'By.xpath: //th[text()='Shipping:']/parent::tr/td/span' not found
[[ATTACHMENT|E:\\BeautytapAutomation\\beautytapAuto\\Beautytap\\Reports\\TS1\\20180919_165534\\1537351948944.png]]

2018-09-19 17:12:29 - [MESSAGE][PASSED] - Text of object '' is: 'PayPal'

2018-09-19 17:12:29 - [MESSAGE][PASSED] - Text of object '' is: '$95.40'

2018-09-19 17:12:29 - [MESSAGE][PASSED] - Keyword VerifyOrderReceivedDetails is Passed

2018-09-19 17:12:29 - [TEST_STEP][PASSED] - closeBrowser: Browser is closed

2018-09-19 17:12:30 - [MESSAGE][PASSED] - Browser is closed]]></system-out>
         <system-err><![CDATA[]]></system-err>
      </testcase>
      <testcase name="Test Cases/Shop/TC06_Browse_VariationProduct_Sale_AmazonPayAtCart_LessThan60_EMS" classname="Test Cases/Shop/TC06_Browse_VariationProduct_Sale_AmazonPayAtCart_LessThan60_EMS" status="PASSED">
         <system-out><![CDATA[2018-09-19 17:12:32 - [TEST_CASE][PASSED] - Test Cases/Shop/TC06_Browse_VariationProduct_Sale_AmazonPayAtCart_LessThan60_EMS: Test Cases/Shop/TC06_Browse_VariationProduct_Sale_AmazonPayAtCart_LessThan60_EMS

2018-09-19 17:12:32 - [TEST_STEP][PASSED] - Statement - productName = VARIATION_SALE_PRODUCT: null

2018-09-19 17:12:32 - [TEST_STEP][PASSED] - Statement - saleprice = VARIATION_SALE_PRICE1: null

2018-09-19 17:12:32 - [TEST_STEP][PASSED] - Statement - redularprice = VARIATION_SALE_REGULAR_PRICE1: null

2018-09-19 17:12:32 - [TEST_STEP][PASSED] - Statement - variation = VARIATION_SALE_NAME1: null

2018-09-19 17:12:32 - [TEST_STEP][PASSED] - Statement - r_string = new java.lang.Math().random().toString().substring(2, 8): null

2018-09-19 17:12:32 - [TEST_STEP][PASSED] - Statement - email = "auto" + r_string + "@mailinator.com": null

2018-09-19 17:12:32 - [TEST_STEP][PASSED] - Statement - orderNote = "auto" + r_string + "Order": null

2018-09-19 17:12:32 - [TEST_STEP][PASSED] - Statement - currentNumberItemInCart = <not implemented yet for class: org.codehaus.groovy.ast.expr.EmptyExpression>: null

2018-09-19 17:12:32 - [TEST_STEP][PASSED] - Statement - quantity = 5: null

2018-09-19 17:12:32 - [TEST_STEP][PASSED] - Statement - shippingLabel = EMS_SHIPPING_LABEL: null

2018-09-19 17:12:32 - [TEST_STEP][PASSED] - Statement - shippingPrice = EMS_SHIPPING_PRICE: null

2018-09-19 17:12:32 - [TEST_STEP][PASSED] - Statement - subtotal = CustomKeywords.beautytap.ShopAction.calculateTotal(quantity, saleprice): beautytap.ShopAction.calculateTotal is PASSED

2018-09-19 17:12:32 - [MESSAGE][PASSED] - beautytap.ShopAction.calculateTotal is PASSED

2018-09-19 17:12:32 - [TEST_STEP][PASSED] - Statement - total = subtotal + shippingPrice: null

2018-09-19 17:12:32 - [TEST_STEP][PASSED] - Statement - total = CustomKeywords.beautytap.ShopAction.calculateTotal(1, total): beautytap.ShopAction.calculateTotal is PASSED

2018-09-19 17:12:32 - [MESSAGE][PASSED] - beautytap.ShopAction.calculateTotal is PASSED

2018-09-19 17:12:32 - [TEST_STEP][PASSED] - Statement - products = new org.json.JSONArray((((((((([{"productname":" + productName) + ","variation":") + variation) + ","quantity":") + quantity) + ","price":") + saleprice) + "}])): null

2018-09-19 17:12:32 - [TEST_STEP][PASSED] - Statement - billingInformation = new org.json.JSONObject((({"firstname":"Test","lastname":"Automation","country":"United States (US)","address":"123 Testing","city":"New York","state":"New York","zip":"90012","email":" + email) + "})): null

2018-09-19 17:12:32 - [TEST_STEP][PASSED] - Statement - shippingType = "EMS": null

2018-09-19 17:12:32 - [TEST_STEP][PASSED] - Statement - paymentMethod = "Amazon Pay": null

2018-09-19 17:12:32 - [TEST_STEP][PASSED] - Statement - category = "Brands": null

2018-09-19 17:12:32 - [TEST_STEP][PASSED] - Statement - subcategory = "Innisfree": null

2018-09-19 17:12:32 - [TEST_STEP][PASSED] - beautytap.GeneralAction.openBeautytap: beautytap.GeneralAction.openBeautytap is PASSED

2018-09-19 17:13:03 - [MESSAGE][PASSED] - Browser is opened with url: 'https://stage.beautytap.com'

2018-09-19 17:13:04 - [MESSAGE][PASSED] - Current window maximized

2018-09-19 17:13:08 - [MESSAGE][PASSED] - Refresh successfully

2018-09-19 17:13:08 - [MESSAGE][PASSED] - Wait for page load successfully

2018-09-19 17:13:08 - [MESSAGE][PASSED] - beautytap.GeneralAction.openBeautytap is PASSED

2018-09-19 17:13:08 - [TEST_STEP][PASSED] - beautytap.ShopAction.selectCategory: beautytap.ShopAction.selectCategory is PASSED

2018-09-19 17:13:08 - [MESSAGE][PASSED] - Object: '' is clicked on

2018-09-19 17:13:10 - [MESSAGE][PASSED] - Delayed 2 second(s)

2018-09-19 17:13:20 - [MESSAGE][PASSED] - Object: '' is clicked on

2018-09-19 17:13:20 - [MESSAGE][PASSED] - Wait for page load successfully

2018-09-19 17:13:20 - [MESSAGE][PASSED] - beautytap.ShopAction.selectCategory is PASSED

2018-09-19 17:13:20 - [TEST_STEP][PASSED] - beautytap.ShopAction.findProductOnProductList: beautytap.ShopAction.findProductOnProductList is PASSED

2018-09-19 17:13:20 - [MESSAGE][PASSED] - Text of object '' is: '3'

2018-09-19 17:13:25 - [MESSAGE][WARNING] - com.kms.katalon.core.webui.exception.WebElementNotFoundException: Web element with id: '' located by 'By.xpath: //a[text()='Innisfree Eye Contouring Stick Round Shape 0.7g']' not found
[[ATTACHMENT|E:\\BeautytapAutomation\\beautytapAuto\\Beautytap\\Reports\\TS1\\20180919_165534\\1537352005485.png]]

2018-09-19 17:13:34 - [MESSAGE][PASSED] - Object: '' is clicked on

2018-09-19 17:13:34 - [MESSAGE][PASSED] - Wait for page load successfully

2018-09-19 17:13:34 - [MESSAGE][PASSED] - Object '' is present

2018-09-19 17:13:34 - [MESSAGE][PASSED] - beautytap.ShopAction.findProductOnProductList is PASSED

2018-09-19 17:13:34 - [TEST_STEP][PASSED] - beautytap.ShopAction.VerifyProductOnProductList: Keyword VerifyProductOnProductList is Passed

2018-09-19 17:13:34 - [MESSAGE][PASSED] - Object '' is present

2018-09-19 17:13:34 - [MESSAGE][PASSED] - Text of object '' is: '$4.95'

2018-09-19 17:13:34 - [MESSAGE][PASSED] - Get CSS 'color' value on '' successfully: 'rgba(255, 35, 134, 1)'.

2018-09-19 17:13:34 - [MESSAGE][PASSED] - Get CSS 'color' value on '' successfully: 'rgba(255, 35, 134, 1)'.

2018-09-19 17:13:35 - [MESSAGE][PASSED] - Text of object '' is: '$6.50'

2018-09-19 17:13:35 - [MESSAGE][PASSED] - Get CSS 'color' value on '' successfully: 'rgba(255, 35, 134, 1)'.

2018-09-19 17:13:35 - [MESSAGE][PASSED] - Get CSS 'color' value on '' successfully: 'rgba(255, 35, 134, 1)'.

2018-09-19 17:13:35 - [MESSAGE][PASSED] - Keyword VerifyProductOnProductList is Passed

2018-09-19 17:13:35 - [TEST_STEP][PASSED] - beautytap.ShopAction.selectProductOnProductList: beautytap.ShopAction.selectProductOnProductList is PASSED

2018-09-19 17:13:42 - [MESSAGE][PASSED] - Object: '' is clicked on

2018-09-19 17:13:42 - [MESSAGE][PASSED] - Wait for page load successfully

2018-09-19 17:13:42 - [MESSAGE][PASSED] - beautytap.ShopAction.selectProductOnProductList is PASSED

2018-09-19 17:13:42 - [TEST_STEP][PASSED] - beautytap.ShopAction.selectProductVariation: beautytap.ShopAction.selectProductVariation is PASSED

2018-09-19 17:13:42 - [MESSAGE][PASSED] - Object: 'Object Repository/Page_Shop/drop_chooseOption' is clicked on

2018-09-19 17:13:43 - [MESSAGE][PASSED] - Delayed 1 second(s)

2018-09-19 17:13:43 - [MESSAGE][PASSED] - Object: '' is clicked on

2018-09-19 17:13:43 - [MESSAGE][PASSED] - beautytap.ShopAction.selectProductVariation is PASSED

2018-09-19 17:13:43 - [TEST_STEP][PASSED] - beautytap.ShopAction.VerifyProductDetails: Keyword VerifyProductDetails is Passed

2018-09-19 17:13:43 - [MESSAGE][PASSED] - Text of object '' is: 'Innisfree Eye Contouring Stick Round Shape 0.7g'

2018-09-19 17:13:44 - [MESSAGE][PASSED] - All options with label '5' are selected in object 'Object Repository/Page_Shop/drop_chooseOption' 

2018-09-19 17:13:44 - [MESSAGE][PASSED] - Text of object '' is: '$6.50'

2018-09-19 17:13:44 - [MESSAGE][PASSED] - Get CSS 'color' value on '' successfully: 'rgba(195, 195, 195, 1)'.

2018-09-19 17:13:44 - [MESSAGE][PASSED] - Text of object '' is: '$4.95'

2018-09-19 17:13:44 - [MESSAGE][PASSED] - Get CSS 'color' value on '' successfully: 'rgba(255, 35, 134, 1)'.

2018-09-19 17:13:44 - [MESSAGE][PASSED] - Keyword VerifyProductDetails is Passed

2018-09-19 17:13:44 - [TEST_STEP][PASSED] - Statement - currentNumberItemInCart = CustomKeywords.beautytap.ShopAction.getNumberItemInCart(): beautytap.ShopAction.getNumberItemInCart is PASSED

2018-09-19 17:14:16 - [MESSAGE][WARNING] - com.kms.katalon.core.webui.exception.WebElementNotFoundException: Web element with id: '' located by 'By.xpath: //div[@class='header-right-top pull-right']/a[@class='shop-cart']/span[@class='number-cart']' not found
[[ATTACHMENT|E:\\BeautytapAutomation\\beautytapAuto\\Beautytap\\Reports\\TS1\\20180919_165534\\1537352055748.png]]

2018-09-19 17:14:16 - [MESSAGE][PASSED] - beautytap.ShopAction.getNumberItemInCart is PASSED

2018-09-19 17:14:16 - [TEST_STEP][PASSED] - beautytap.ShopAction.addProductToCart: beautytap.ShopAction.addProductToCart is PASSED

2018-09-19 17:14:16 - [MESSAGE][PASSED] - Text of object 'Object Repository/Page_Shop/txt_quantity' is cleared

2018-09-19 17:14:16 - [MESSAGE][PASSED] - Keys '5' sent to object: 'Object Repository/Page_Shop/txt_quantity'

2018-09-19 17:14:17 - [MESSAGE][PASSED] - Object: 'Object Repository/Page_Shop/btn_addToCart' is clicked on

2018-09-19 17:14:17 - [MESSAGE][PASSED] - Wait for page load successfully

2018-09-19 17:14:25 - [MESSAGE][PASSED] - Object 'Object Repository/Page_Shop/lbl_message' is present

2018-09-19 17:14:25 - [MESSAGE][PASSED] - beautytap.ShopAction.addProductToCart is PASSED

2018-09-19 17:14:25 - [TEST_STEP][PASSED] - beautytap.ShopAction.VerifyNumberItemInCart: Keyword VerifyNumberItemInCart is Passed, Number item in cart is 5, expected is 5

2018-09-19 17:14:25 - [MESSAGE][PASSED] - Object '' is present

2018-09-19 17:14:25 - [MESSAGE][PASSED] - Text of object '' is: '5'

2018-09-19 17:14:25 - [MESSAGE][PASSED] - Keyword VerifyNumberItemInCart is Passed, Number item in cart is 5, expected is 5

2018-09-19 17:14:25 - [TEST_STEP][PASSED] - beautytap.ShopAction.VerifyProductIsAddedToCart: beautytap.ShopAction.VerifyProductIsAddedToCart is PASSED

2018-09-19 17:14:25 - [MESSAGE][PASSED] - Object '' is present

2018-09-19 17:14:25 - [MESSAGE][PASSED] - beautytap.ShopAction.VerifyProductIsAddedToCart is PASSED

2018-09-19 17:14:25 - [TEST_STEP][PASSED] - beautytap.ShopAction.goToCart: beautytap.ShopAction.goToCart is PASSED

2018-09-19 17:14:30 - [MESSAGE][PASSED] - Object: 'Object Repository/Page_General/icon_cart' is clicked on

2018-09-19 17:14:30 - [MESSAGE][PASSED] - Wait for page load successfully

2018-09-19 17:14:30 - [MESSAGE][PASSED] - beautytap.ShopAction.goToCart is PASSED

2018-09-19 17:14:30 - [TEST_STEP][PASSED] - beautytap.ShopAction.VerifyProductInCart: Keyword VerifyProductInCart is Passed

2018-09-19 17:14:30 - [MESSAGE][PASSED] - Object '' is present

2018-09-19 17:14:30 - [MESSAGE][PASSED] - Text of object '' is: '$4.95'

2018-09-19 17:14:30 - [MESSAGE][PASSED] - Attribute 'value' of object '' is: '5'

2018-09-19 17:14:30 - [MESSAGE][PASSED] - Text of object '' is: '$24.75'

2018-09-19 17:14:30 - [MESSAGE][PASSED] - Keyword VerifyProductInCart is Passed

2018-09-19 17:14:30 - [TEST_STEP][PASSED] - beautytap.ShopAction.loginAmazonPay: beautytap.ShopAction.loginAmazonPay is PASSED

2018-09-19 17:14:31 - [MESSAGE][PASSED] - Object: 'Object Repository/Page_Cart/btn_payWithAmazon' is clicked on

2018-09-19 17:14:31 - [MESSAGE][PASSED] - Switched to window with index: '1'

2018-09-19 17:14:32 - [MESSAGE][PASSED] - Object 'Object Repository/Popup_Amazon/txt_email' is present

2018-09-19 17:14:32 - [MESSAGE][PASSED] - Text of object 'Object Repository/Popup_Amazon/txt_email' is cleared

2018-09-19 17:14:33 - [MESSAGE][PASSED] - Keys 'amazontest1503@yopmail.com' sent to object: 'Object Repository/Popup_Amazon/txt_email'

2018-09-19 17:14:33 - [MESSAGE][PASSED] - Text of object 'Object Repository/Popup_Amazon/txt_password' is cleared

2018-09-19 17:14:33 - [MESSAGE][PASSED] - Keys '123456' sent to object: 'Object Repository/Popup_Amazon/txt_password'

2018-09-19 17:14:36 - [MESSAGE][PASSED] - Object: 'Object Repository/Popup_Amazon/btn_signin' is clicked on

2018-09-19 17:14:36 - [MESSAGE][PASSED] - Switched to window with index: '0'

2018-09-19 17:15:06 - [MESSAGE][PASSED] - Delayed 30 second(s)

2018-09-19 17:15:06 - [MESSAGE][PASSED] - beautytap.ShopAction.loginAmazonPay is PASSED

2018-09-19 17:15:06 - [TEST_STEP][PASSED] - beautytap.ShopAction.selectShipping: beautytap.ShopAction.selectShipping is PASSED

2018-09-19 17:15:06 - [MESSAGE][PASSED] - Object '' is checked

2018-09-19 17:15:11 - [MESSAGE][PASSED] - Delayed 5 second(s)

2018-09-19 17:15:11 - [MESSAGE][PASSED] - beautytap.ShopAction.selectShipping is PASSED

2018-09-19 17:15:11 - [TEST_STEP][PASSED] - beautytap.ShopAction.VerifyOrderDetailsOnCheckout: Keyword VerifyOrderDetailsOnCheckout is Passed

2018-09-19 17:15:11 - [MESSAGE][PASSED] - Object '' is present

2018-09-19 17:15:11 - [MESSAGE][PASSED] - Text of object '' is: '$24.75'

2018-09-19 17:15:11 - [MESSAGE][PASSED] - Object '' has attribute 'checked'

2018-09-19 17:15:11 - [MESSAGE][PASSED] - Text of object '' is: '($25) - EMS Express shipping (est. 10-14 working days delivery including processing): $25.00'

2018-09-19 17:15:12 - [MESSAGE][PASSED] - Text of object '' is: '$25.00'

2018-09-19 17:15:12 - [MESSAGE][PASSED] - Text of object '' is: '$49.75'

2018-09-19 17:15:12 - [MESSAGE][PASSED] - Keyword VerifyOrderDetailsOnCheckout is Passed

2018-09-19 17:15:12 - [TEST_STEP][PASSED] - beautytap.ShopAction.checkoutViaAmazonPay: beautytap.ShopAction.checkoutViaAmazonPay is PASSED

2018-09-19 17:15:12 - [MESSAGE][PASSED] - Object 'Object Repository/Page_Checkout/chk_terms' is clickable

2018-09-19 17:15:12 - [MESSAGE][PASSED] - Object 'Object Repository/Page_Checkout/chk_terms' is checked

2018-09-19 17:15:12 - [MESSAGE][PASSED] - Object: 'Object Repository/Page_Checkout/btn_placeOrder' is clicked on

2018-09-19 17:15:25 - [MESSAGE][PASSED] - Object 'Object Repository/Page_Checkout/lbl_orderReceived' is present

2018-09-19 17:15:25 - [MESSAGE][PASSED] - beautytap.ShopAction.checkoutViaAmazonPay is PASSED

2018-09-19 17:15:25 - [TEST_STEP][PASSED] - beautytap.ShopAction.VerifyOrderReceivedDetails: Keyword VerifyOrderReceivedDetails is Passed

2018-09-19 17:15:25 - [MESSAGE][PASSED] - Object '' is present

2018-09-19 17:15:25 - [MESSAGE][PASSED] - Text of object '' is: '$24.75'

2018-09-19 17:15:26 - [MESSAGE][PASSED] - Text of object '' is: '$25.00 via ($25) - EMS Express shipping (est. 10-14 working days delivery including processing)'

2018-09-19 17:15:26 - [MESSAGE][PASSED] - Object '' is present

2018-09-19 17:15:26 - [MESSAGE][PASSED] - Text of object '' is: '$25.00'

2018-09-19 17:15:26 - [MESSAGE][PASSED] - Text of object '' is: 'Amazon Pay'

2018-09-19 17:15:26 - [MESSAGE][PASSED] - Text of object '' is: '$49.75'

2018-09-19 17:15:26 - [MESSAGE][PASSED] - Keyword VerifyOrderReceivedDetails is Passed

2018-09-19 17:15:26 - [TEST_STEP][PASSED] - closeBrowser: Browser is closed

2018-09-19 17:15:27 - [MESSAGE][PASSED] - Browser is closed]]></system-out>
         <system-err><![CDATA[]]></system-err>
      </testcase>
      <testcase name="Test Cases/Shop/TC07_BuyProduct_EarnPendingPoint_EarnRedeemablePoint" classname="Test Cases/Shop/TC07_BuyProduct_EarnPendingPoint_EarnRedeemablePoint" status="FAILED">
         <failure type="FAILED" message="Unable to click on object '' (Root cause: org.openqa.selenium.TimeoutException: timeout
  (Session info: chrome=69.0.3497.100)
  (Driver info: chromedriver=2.35.528161 (5b82f2d2aae0ca24b877009200ced9065a772e73),platform=Windows NT 10.0.17134 x86_64) (WARNING: The server did not provide any stacktrace information)
Command duration or timeout: 0 milliseconds
Build info: version: '3.7.1', revision: '8a0099a', time: '2017-11-06T21:07:36.161Z'
System info: host: 'DESKTOP-G1UHP65', ip: '10.0.0.86', os.name: 'Windows 10', os.arch: 'amd64', os.version: '10.0', java.version: '1.8.0_102'
Driver info: com.kms.katalon.selenium.driver.CChromeDriver
Capabilities {acceptInsecureCerts: false, acceptSslCerts: false, applicationCacheEnabled: false, browserConnectionEnabled: false, browserName: chrome, chrome: {chromedriverVersion: 2.35.528161 (5b82f2d2aae0ca..., userDataDir: C:\Users\TRANGN~1\AppData\L...}, cssSelectorsEnabled: true, databaseEnabled: false, handlesAlerts: true, hasTouchScreen: false, javascriptEnabled: true, locationContextEnabled: true, mobileEmulationEnabled: false, nativeEvents: true, networkConnectionEnabled: false, pageLoadStrategy: normal, platform: XP, platformName: XP, rotatable: false, setWindowRect: true, takesHeapSnapshot: true, takesScreenshot: true, unexpectedAlertBehaviour: , unhandledPromptBehavior: , version: 69.0.3497.100, webStorageEnabled: true}
Session ID: 3de846025884173f773ec62452d74f11)"/>
         <system-out><![CDATA[2018-09-19 17:15:29 - [TEST_CASE][FAILED] - Test Cases/Shop/TC07_BuyProduct_EarnPendingPoint_EarnRedeemablePoint: Test Cases/Shop/TC07_BuyProduct_EarnPendingPoint_EarnRedeemablePoint FAILED because (of) Unable to click on object '' (Root cause: org.openqa.selenium.TimeoutException: timeout
  (Session info: chrome=69.0.3497.100)
  (Driver info: chromedriver=2.35.528161 (5b82f2d2aae0ca24b877009200ced9065a772e73),platform=Windows NT 10.0.17134 x86_64) (WARNING: The server did not provide any stacktrace information)
Command duration or timeout: 0 milliseconds
Build info: version: '3.7.1', revision: '8a0099a', time: '2017-11-06T21:07:36.161Z'
System info: host: 'DESKTOP-G1UHP65', ip: '10.0.0.86', os.name: 'Windows 10', os.arch: 'amd64', os.version: '10.0', java.version: '1.8.0_102'
Driver info: com.kms.katalon.selenium.driver.CChromeDriver
Capabilities {acceptInsecureCerts: false, acceptSslCerts: false, applicationCacheEnabled: false, browserConnectionEnabled: false, browserName: chrome, chrome: {chromedriverVersion: 2.35.528161 (5b82f2d2aae0ca..., userDataDir: C:\Users\TRANGN~1\AppData\L...}, cssSelectorsEnabled: true, databaseEnabled: false, handlesAlerts: true, hasTouchScreen: false, javascriptEnabled: true, locationContextEnabled: true, mobileEmulationEnabled: false, nativeEvents: true, networkConnectionEnabled: false, pageLoadStrategy: normal, platform: XP, platformName: XP, rotatable: false, setWindowRect: true, takesHeapSnapshot: true, takesScreenshot: true, unexpectedAlertBehaviour: , unhandledPromptBehavior: , version: 69.0.3497.100, webStorageEnabled: true}
Session ID: 3de846025884173f773ec62452d74f11)

2018-09-19 17:15:30 - [TEST_STEP][PASSED] - Statement - username = USER_EMAIL: null

2018-09-19 17:15:30 - [TEST_STEP][PASSED] - Statement - password = USER_PASSWORD: null

2018-09-19 17:15:30 - [TEST_STEP][PASSED] - Statement - productName = SIMPLE_PRODUCT: null

2018-09-19 17:15:30 - [TEST_STEP][PASSED] - Statement - price = SIMPLE_PRODUCT_PRICE: null

2018-09-19 17:15:30 - [TEST_STEP][PASSED] - Statement - quantity = 3: null

2018-09-19 17:15:30 - [TEST_STEP][PASSED] - Statement - shippingLabel = FREE_SHIPPING_LABEL: null

2018-09-19 17:15:30 - [TEST_STEP][PASSED] - Statement - shippingPrice = 0: null

2018-09-19 17:15:30 - [TEST_STEP][PASSED] - Statement - subtotal = CustomKeywords.beautytap.ShopAction.calculateTotal(quantity, price): beautytap.ShopAction.calculateTotal is PASSED

2018-09-19 17:15:30 - [MESSAGE][PASSED] - beautytap.ShopAction.calculateTotal is PASSED

2018-09-19 17:15:30 - [TEST_STEP][PASSED] - Statement - total = subtotal + shippingPrice: null

2018-09-19 17:15:30 - [TEST_STEP][PASSED] - Statement - products = new org.json.JSONArray((((((([{"productname":" + productName) + ","variation":"","quantity":") + quantity) + ","price":") + price) + "}])): null

2018-09-19 17:15:30 - [TEST_STEP][PASSED] - Statement - billingInformation = new org.json.JSONObject((({"firstname":"Test","lastname":"Automation","country":"United States (US)","address":"123 Testing","city":"New York","state":"New York","zip":"90012","email":" + username) + "})): null

2018-09-19 17:15:30 - [TEST_STEP][PASSED] - Statement - paymentMethod = "Credit Card Payment": null

2018-09-19 17:15:30 - [TEST_STEP][PASSED] - beautytap.GeneralAction.openBeautytap: beautytap.GeneralAction.openBeautytap is PASSED

2018-09-19 17:15:40 - [MESSAGE][PASSED] - Browser is opened with url: 'https://stage.beautytap.com'

2018-09-19 17:15:41 - [MESSAGE][PASSED] - Current window maximized

2018-09-19 17:15:47 - [MESSAGE][PASSED] - Refresh successfully

2018-09-19 17:15:47 - [MESSAGE][PASSED] - Wait for page load successfully

2018-09-19 17:15:47 - [MESSAGE][PASSED] - beautytap.GeneralAction.openBeautytap is PASSED

2018-09-19 17:15:47 - [TEST_STEP][PASSED] - beautytap.GeneralAction.clickNavigationMenu: beautytap.GeneralAction.clickNavigationMenu is PASSED

2018-09-19 17:15:50 - [MESSAGE][PASSED] - Object: 'Object Repository/Page_General/link_login' is clicked on

2018-09-19 17:15:50 - [MESSAGE][PASSED] - Wait for page load successfully

2018-09-19 17:15:50 - [MESSAGE][PASSED] - beautytap.GeneralAction.clickNavigationMenu is PASSED

2018-09-19 17:15:50 - [TEST_STEP][PASSED] - beautytap.GeneralAction.login: beautytap.GeneralAction.login is PASSED

2018-09-19 17:15:50 - [MESSAGE][PASSED] - Text of object 'Object Repository/Page_login/txt_username' is cleared

2018-09-19 17:15:50 - [MESSAGE][PASSED] - Keys 'trang2408@mailinator.com' sent to object: 'Object Repository/Page_login/txt_username'

2018-09-19 17:15:50 - [MESSAGE][PASSED] - Text of object 'Object Repository/Page_login/txt_password' is cleared

2018-09-19 17:15:51 - [MESSAGE][PASSED] - Keys '123456' sent to object: 'Object Repository/Page_login/txt_password'

2018-09-19 17:15:51 - [MESSAGE][PASSED] - Object: 'Object Repository/Page_login/btn_login' is clicked on

2018-09-19 17:15:51 - [MESSAGE][PASSED] - Wait for page load successfully

2018-09-19 17:15:51 - [MESSAGE][PASSED] - beautytap.GeneralAction.login is PASSED

2018-09-19 17:15:51 - [TEST_STEP][PASSED] - beautytap.GeneralAction.selectProfileMenu: beautytap.GeneralAction.selectProfileMenu is PASSED

2018-09-19 17:15:59 - [MESSAGE][PASSED] - Object: 'Object Repository/Page_General/link_avatar' is clicked on

2018-09-19 17:16:01 - [MESSAGE][PASSED] - Delayed 2 second(s)

2018-09-19 17:16:05 - [MESSAGE][PASSED] - Object: '' is clicked on

2018-09-19 17:16:05 - [MESSAGE][PASSED] - Wait for page load successfully

2018-09-19 17:16:05 - [MESSAGE][PASSED] - beautytap.GeneralAction.selectProfileMenu is PASSED

2018-09-19 17:16:05 - [TEST_STEP][PASSED] - Statement - objRewoard = CustomKeywords.beautytap.ShopAction.getRewardDetails(): beautytap.ShopAction.getRewardDetails is PASSED

2018-09-19 17:16:05 - [MESSAGE][PASSED] - Text of object '' is: '1.1 x Rewards Multiplier!'

2018-09-19 17:16:05 - [MESSAGE][PASSED] - Text of object '' is: '1.1 x Rewards Multiplier!'

2018-09-19 17:16:05 - [MESSAGE][PASSED] - Text of object '' is: '3099.81'

2018-09-19 17:16:05 - [MESSAGE][PASSED] - Text of object '' is: '2432.20'

2018-09-19 17:16:05 - [MESSAGE][PASSED] - Text of object '' is: '1329.81'

2018-09-19 17:16:05 - [MESSAGE][PASSED] - Text of object '' is: '$67.00'

2018-09-19 17:16:05 - [MESSAGE][PASSED] - Text of object '' is: 'Beauty Bae'

2018-09-19 17:16:05 - [MESSAGE][PASSED] - beautytap.ShopAction.getRewardDetails is PASSED

2018-09-19 17:16:05 - [TEST_STEP][PASSED] - Statement - multiplier = java.lang.Float.parseFloat(objRewoard.get("multiplier")): null

2018-09-19 17:16:05 - [TEST_STEP][PASSED] - Statement - currentlevel = objRewoard.get("currentlevel"): null

2018-09-19 17:16:05 - [TEST_STEP][PASSED] - Statement - lifetime = java.lang.Float.parseFloat(objRewoard.get("lifetime")): null

2018-09-19 17:16:05 - [TEST_STEP][PASSED] - Statement - pending = java.lang.Float.parseFloat(objRewoard.get("pending")): null

2018-09-19 17:16:05 - [TEST_STEP][PASSED] - Statement - redeemable = java.lang.Float.parseFloat(objRewoard.get("redeemable")): null

2018-09-19 17:16:05 - [TEST_STEP][PASSED] - Statement - pointvalue = java.lang.Float.parseFloat(objRewoard.get("pointvalue")): null

2018-09-19 17:16:05 - [TEST_STEP][PASSED] - Statement - rewardEarned = java.lang.Float.parseFloat(java.lang.String.format("%.2f", multiplier * subtotal)): null

2018-09-19 17:16:05 - [TEST_STEP][PASSED] - Statement - notificationMessage = "You received " + rewardEarned + " redeemable points": null

2018-09-19 17:16:05 - [TEST_STEP][PASSED] - beautytap.ShopAction.globalSearch: beautytap.ShopAction.globalSearch is PASSED

2018-09-19 17:16:06 - [MESSAGE][PASSED] - Object: 'Object Repository/Page_General/icon_search' is clicked on

2018-09-19 17:16:11 - [MESSAGE][PASSED] - Delayed 5 second(s)

2018-09-19 17:16:11 - [MESSAGE][PASSED] - Text of object 'Object Repository/Page_General/txt_search' is cleared

2018-09-19 17:16:11 - [MESSAGE][PASSED] - Keys 'CONTROL + v' sent to object: 'Object Repository/Page_General/txt_search'

2018-09-19 17:16:13 - [MESSAGE][PASSED] - Object 'Object Repository/Page_General/div_searchResult' is present

2018-09-19 17:16:13 - [MESSAGE][PASSED] - beautytap.ShopAction.globalSearch is PASSED

2018-09-19 17:16:13 - [TEST_STEP][PASSED] - beautytap.ShopAction.selectProductOnSearchResult: beautytap.ShopAction.selectProductOnSearchResult is PASSED

2018-09-19 17:16:20 - [MESSAGE][PASSED] - Object: '' is clicked on

2018-09-19 17:16:20 - [MESSAGE][PASSED] - Wait for page load successfully

2018-09-19 17:16:20 - [MESSAGE][PASSED] - beautytap.ShopAction.selectProductOnSearchResult is PASSED

2018-09-19 17:16:20 - [TEST_STEP][PASSED] - beautytap.ShopAction.addProductToCart: beautytap.ShopAction.addProductToCart is PASSED

2018-09-19 17:16:20 - [MESSAGE][PASSED] - Text of object 'Object Repository/Page_Shop/txt_quantity' is cleared

2018-09-19 17:16:20 - [MESSAGE][PASSED] - Keys '3' sent to object: 'Object Repository/Page_Shop/txt_quantity'

2018-09-19 17:16:21 - [MESSAGE][PASSED] - Object: 'Object Repository/Page_Shop/btn_addToCart' is clicked on

2018-09-19 17:16:21 - [MESSAGE][PASSED] - Wait for page load successfully

2018-09-19 17:16:27 - [MESSAGE][PASSED] - Object 'Object Repository/Page_Shop/lbl_message' is present

2018-09-19 17:16:27 - [MESSAGE][PASSED] - beautytap.ShopAction.addProductToCart is PASSED

2018-09-19 17:16:27 - [TEST_STEP][PASSED] - beautytap.ShopAction.goToCart: beautytap.ShopAction.goToCart is PASSED

2018-09-19 17:16:32 - [MESSAGE][PASSED] - Object: 'Object Repository/Page_General/icon_cart' is clicked on

2018-09-19 17:16:32 - [MESSAGE][PASSED] - Wait for page load successfully

2018-09-19 17:16:32 - [MESSAGE][PASSED] - beautytap.ShopAction.goToCart is PASSED

2018-09-19 17:16:32 - [TEST_STEP][PASSED] - beautytap.ShopAction.processToCheckout: beautytap.ShopAction.processToCheckout is PASSED

2018-09-19 17:16:36 - [MESSAGE][PASSED] - Object: 'Object Repository/Page_Cart/btn_checkout' is clicked on

2018-09-19 17:16:36 - [MESSAGE][PASSED] - Wait for page load successfully

2018-09-19 17:16:36 - [MESSAGE][PASSED] - beautytap.ShopAction.processToCheckout is PASSED

2018-09-19 17:16:36 - [TEST_STEP][PASSED] - beautytap.ShopAction.fillCustomerInformation: beautytap.ShopAction.fillCustomerInformation is PASSED

2018-09-19 17:16:36 - [MESSAGE][PASSED] - Text of object 'Object Repository/Page_Checkout/txt_billingFirstName' is cleared

2018-09-19 17:16:37 - [MESSAGE][PASSED] - Keys 'Test' sent to object: 'Object Repository/Page_Checkout/txt_billingFirstName'

2018-09-19 17:16:37 - [MESSAGE][PASSED] - Text of object 'Object Repository/Page_Checkout/txt_billingLastName' is cleared

2018-09-19 17:16:37 - [MESSAGE][PASSED] - Keys 'Automation' sent to object: 'Object Repository/Page_Checkout/txt_billingLastName'

2018-09-19 17:16:37 - [MESSAGE][PASSED] - All options with label 'United States (US)' are selected in object 'Object Repository/Page_Checkout/drop_billingCountry' 

2018-09-19 17:16:42 - [MESSAGE][PASSED] - Delayed 5 second(s)

2018-09-19 17:16:43 - [MESSAGE][PASSED] - Text of object 'Object Repository/Page_Checkout/txt_billingAddress' is cleared

2018-09-19 17:16:43 - [MESSAGE][PASSED] - Keys '123 Testing' sent to object: 'Object Repository/Page_Checkout/txt_billingAddress'

2018-09-19 17:16:43 - [MESSAGE][PASSED] - Text of object 'Object Repository/Page_Checkout/txt_billingCity' is cleared

2018-09-19 17:16:43 - [MESSAGE][PASSED] - Keys 'New York' sent to object: 'Object Repository/Page_Checkout/txt_billingCity'

2018-09-19 17:16:43 - [MESSAGE][PASSED] - All options with label 'New York' are selected in object 'Object Repository/Page_Checkout/drop_billingState' 

2018-09-19 17:16:44 - [MESSAGE][PASSED] - Text of object 'Object Repository/Page_Checkout/txt_billingZip' is cleared

2018-09-19 17:16:44 - [MESSAGE][PASSED] - Keys '90012' sent to object: 'Object Repository/Page_Checkout/txt_billingZip'

2018-09-19 17:16:44 - [MESSAGE][PASSED] - Text of object 'Object Repository/Page_Checkout/txt_billingEmail' is cleared

2018-09-19 17:16:45 - [MESSAGE][PASSED] - Keys 'trang2408@mailinator.com' sent to object: 'Object Repository/Page_Checkout/txt_billingEmail'

2018-09-19 17:16:45 - [MESSAGE][PASSED] - Object 'Object Repository/Page_Checkout/chk_shipToDifferentAddress' is un-checked

2018-09-19 17:16:45 - [MESSAGE][PASSED] - Text of object 'Object Repository/Page_Checkout/txt_orderNote' is cleared

2018-09-19 17:16:45 - [MESSAGE][PASSED] - Keys 'TC07' sent to object: 'Object Repository/Page_Checkout/txt_orderNote'

2018-09-19 17:16:45 - [MESSAGE][PASSED] - Object 'Object Repository/Page_Checkout/radio_creditCard' is checked

2018-09-19 17:16:50 - [MESSAGE][PASSED] - Delayed 5 second(s)

2018-09-19 17:16:50 - [MESSAGE][PASSED] - beautytap.ShopAction.fillCustomerInformation is PASSED

2018-09-19 17:16:50 - [TEST_STEP][PASSED] - beautytap.ShopAction.VerifyOrderDetailsOnCheckout: Keyword VerifyOrderDetailsOnCheckout is Passed

2018-09-19 17:16:51 - [MESSAGE][PASSED] - Object '' is present

2018-09-19 17:16:51 - [MESSAGE][PASSED] - Text of object '' is: '$95.40'

2018-09-19 17:16:51 - [MESSAGE][PASSED] - Text of object '' is: 'Free shipping for orders over $60
Why does shipping take this long?'

2018-09-19 17:16:51 - [MESSAGE][PASSED] - Text of object '' is: '$95.40'

2018-09-19 17:16:51 - [MESSAGE][PASSED] - Keyword VerifyOrderDetailsOnCheckout is Passed

2018-09-19 17:16:51 - [TEST_STEP][PASSED] - beautytap.ShopAction.VerifyRewardEarned: Keyword VerifyRewardEarned is Passed

2018-09-19 17:16:51 - [MESSAGE][PASSED] - Text of object '' is: 'Status: Beauty Bae ( $95.4 x Rewards Multiplier )'

2018-09-19 17:16:51 - [MESSAGE][PASSED] - Text of object '' is: 'Status: Beauty Bae ( $95.4 x Rewards Multiplier )'

2018-09-19 17:16:51 - [MESSAGE][PASSED] - Text of object '' is: 'Status: Beauty Bae ( $95.4 x Rewards Multiplier )'

2018-09-19 17:16:51 - [MESSAGE][PASSED] - Text of object '' is: 'Multiplier: $95.4 x 1.1'

2018-09-19 17:16:51 - [MESSAGE][PASSED] - Text of object '' is: 'Multiplier: $95.4 x 1.1'

2018-09-19 17:16:51 - [MESSAGE][PASSED] - Text of object '' is: '104.9 Points!'

2018-09-19 17:16:51 - [MESSAGE][PASSED] - Text of object '' is: '104.9 Points!'

2018-09-19 17:16:51 - [MESSAGE][PASSED] - Text of object '' is: 'Multiplier: $95.4 x 1.1'

2018-09-19 17:16:51 - [MESSAGE][PASSED] - Text of object '' is: 'Multiplier: $95.4 x 1.1'

2018-09-19 17:16:51 - [MESSAGE][PASSED] - Text of object '' is: 'Multiplier: $95.4 x 1.1'

2018-09-19 17:16:51 - [MESSAGE][PASSED] - Keyword VerifyRewardEarned is Passed

2018-09-19 17:16:51 - [TEST_STEP][PASSED] - beautytap.ShopAction.checkoutViaCreditCard: beautytap.ShopAction.checkoutViaCreditCard is PASSED

2018-09-19 17:16:51 - [MESSAGE][PASSED] - Object 'Object Repository/Page_Checkout/radio_creditCard' is checked

2018-09-19 17:17:01 - [MESSAGE][PASSED] - Delayed 10 second(s)

2018-09-19 17:17:01 - [MESSAGE][PASSED] - Text of object 'Object Repository/Page_Checkout/txt_cardNumber' is cleared

2018-09-19 17:17:02 - [MESSAGE][PASSED] - Keys '4032036248443549' sent to object: 'Object Repository/Page_Checkout/txt_cardNumber'

2018-09-19 17:17:02 - [MESSAGE][PASSED] - All options with label 'Visa' are selected in object 'Object Repository/Page_Checkout/drop_cardType' 

2018-09-19 17:17:02 - [MESSAGE][PASSED] - All options with label '07' are selected in object 'Object Repository/Page_Checkout/drop_expirationMonth' 

2018-09-19 17:17:02 - [MESSAGE][PASSED] - All options with label '2023' are selected in object 'Object Repository/Page_Checkout/drop_expirationYear' 

2018-09-19 17:17:02 - [MESSAGE][PASSED] - Text of object 'Object Repository/Page_Checkout/txt_cardCVV' is cleared

2018-09-19 17:17:03 - [MESSAGE][PASSED] - Keys '123' sent to object: 'Object Repository/Page_Checkout/txt_cardCVV'

2018-09-19 17:17:03 - [MESSAGE][PASSED] - Object 'Object Repository/Page_Checkout/chk_terms' is checked

2018-09-19 17:17:03 - [MESSAGE][PASSED] - Object: 'Object Repository/Page_Checkout/btn_placeOrder' is clicked on

2018-09-19 17:17:17 - [MESSAGE][PASSED] - Object 'Object Repository/Page_Checkout/lbl_orderReceived' is present

2018-09-19 17:17:17 - [MESSAGE][PASSED] - beautytap.ShopAction.checkoutViaCreditCard is PASSED

2018-09-19 17:17:17 - [TEST_STEP][PASSED] - beautytap.ShopAction.VerifyOrderReceivedDetails: Keyword VerifyOrderReceivedDetails is Passed

2018-09-19 17:17:17 - [MESSAGE][PASSED] - Object '' is present

2018-09-19 17:17:17 - [MESSAGE][PASSED] - Text of object '' is: '$95.40'

2018-09-19 17:17:17 - [MESSAGE][PASSED] - Text of object '' is: 'Free shipping for orders over $60'

2018-09-19 17:17:22 - [MESSAGE][WARNING] - com.kms.katalon.core.webui.exception.WebElementNotFoundException: Web element with id: '' located by 'By.xpath: //th[text()='Shipping:']/parent::tr/td/span' not found
[[ATTACHMENT|E:\\BeautytapAutomation\\beautytapAuto\\Beautytap\\Reports\\TS1\\20180919_165534\\1537352242693.png]]

2018-09-19 17:17:23 - [MESSAGE][PASSED] - Text of object '' is: 'Credit Card Payment'

2018-09-19 17:17:23 - [MESSAGE][PASSED] - Text of object '' is: '$95.40'

2018-09-19 17:17:23 - [MESSAGE][PASSED] - Keyword VerifyOrderReceivedDetails is Passed

2018-09-19 17:17:23 - [TEST_STEP][PASSED] - beautytap.ShopAction.VerifyRewardEarned: Keyword VerifyRewardEarned is Passed

2018-09-19 17:17:23 - [MESSAGE][PASSED] - Text of object '' is: 'Status: Beauty Bae ( $95.40 x Rewards Multiplier )'

2018-09-19 17:17:23 - [MESSAGE][PASSED] - Text of object '' is: 'Status: Beauty Bae ( $95.40 x Rewards Multiplier )'

2018-09-19 17:17:23 - [MESSAGE][PASSED] - Text of object '' is: 'Status: Beauty Bae ( $95.40 x Rewards Multiplier )'

2018-09-19 17:17:23 - [MESSAGE][PASSED] - Text of object '' is: 'Multiplier: $95.40 x 1.1'

2018-09-19 17:17:23 - [MESSAGE][PASSED] - Text of object '' is: 'Multiplier: $95.40 x 1.1'

2018-09-19 17:17:23 - [MESSAGE][PASSED] - Text of object '' is: '104.9 Points!'

2018-09-19 17:17:23 - [MESSAGE][PASSED] - Text of object '' is: '104.9 Points!'

2018-09-19 17:17:23 - [MESSAGE][PASSED] - Text of object '' is: 'Multiplier: $95.40 x 1.1'

2018-09-19 17:17:23 - [MESSAGE][PASSED] - Text of object '' is: 'Multiplier: $95.40 x 1.1'

2018-09-19 17:17:23 - [MESSAGE][PASSED] - Text of object '' is: 'Multiplier: $95.40 x 1.1'

2018-09-19 17:17:23 - [MESSAGE][PASSED] - Keyword VerifyRewardEarned is Passed

2018-09-19 17:17:23 - [TEST_STEP][PASSED] - Statement - orderInfo = CustomKeywords.beautytap.ShopAction.getOrderInfoOnOrderReceived(): beautytap.ShopAction.getOrderInfoOnOrderReceived is PASSED

2018-09-19 17:17:23 - [MESSAGE][PASSED] - Text of object '' is: '136560'

2018-09-19 17:17:23 - [MESSAGE][PASSED] - Text of object '' is: 'September 19, 2018'

2018-09-19 17:17:23 - [MESSAGE][PASSED] - beautytap.ShopAction.getOrderInfoOnOrderReceived is PASSED

2018-09-19 17:17:23 - [TEST_STEP][PASSED] - Statement - orderNumber = orderInfo.get("ordernumber"): null

2018-09-19 17:17:23 - [TEST_STEP][PASSED] - Statement - orderDate = orderInfo.get("date"): null

2018-09-19 17:17:23 - [TEST_STEP][PASSED] - Statement - completeOrderSubject = "Your " + SITE_TITLE + " order from " + orderDate + " is complete": null

2018-09-19 17:17:23 - [TEST_STEP][PASSED] - Statement - completeOrderSubject = completeOrderSubject.replace("[", "").replace("]", ""): null

2018-09-19 17:17:23 - [TEST_STEP][PASSED] - beautytap.GeneralAction.selectProfileMenu: beautytap.GeneralAction.selectProfileMenu is PASSED

2018-09-19 17:17:23 - [MESSAGE][PASSED] - Object: 'Object Repository/Page_General/link_avatar' is clicked on

2018-09-19 17:17:25 - [MESSAGE][PASSED] - Delayed 2 second(s)

2018-09-19 17:17:30 - [MESSAGE][PASSED] - Object: '' is clicked on

2018-09-19 17:17:30 - [MESSAGE][PASSED] - Wait for page load successfully

2018-09-19 17:17:30 - [MESSAGE][PASSED] - beautytap.GeneralAction.selectProfileMenu is PASSED

2018-09-19 17:17:30 - [TEST_STEP][PASSED] - Statement - newPending = java.lang.Float.parseFloat(java.lang.String.format("%.2f", pending + rewardEarned)): null

2018-09-19 17:17:30 - [TEST_STEP][PASSED] - beautytap.ShopAction.VerifyRewardPointsDetails: Keyword VerifyRewardPoints is Passed

2018-09-19 17:17:30 - [MESSAGE][PASSED] - Text of object '' is: '3099.81'

2018-09-19 17:17:30 - [MESSAGE][PASSED] - Text of object '' is: '2537.14'

2018-09-19 17:17:30 - [MESSAGE][PASSED] - Text of object '' is: '1329.81'

2018-09-19 17:17:30 - [MESSAGE][PASSED] - Text of object '' is: '$67.00'

2018-09-19 17:17:30 - [MESSAGE][PASSED] - Keyword VerifyRewardPoints is Passed

2018-09-19 17:17:30 - [TEST_STEP][PASSED] - beautytap.ShopAction.VerifyRewardHistory: Keyword VerifyRewardHistory is Passed

2018-09-19 17:17:30 - [MESSAGE][PASSED] - Object '' is present

2018-09-19 17:17:30 - [MESSAGE][PASSED] - Text of object '' is: ''

2018-09-19 17:17:30 - [MESSAGE][PASSED] - Text of object '' is: '$95.40'

2018-09-19 17:17:30 - [MESSAGE][PASSED] - Text of object '' is: '1.1'

2018-09-19 17:17:30 - [MESSAGE][PASSED] - Text of object '' is: '0.00'

2018-09-19 17:17:30 - [MESSAGE][PASSED] - Text of object '' is: '1329.81'

2018-09-19 17:17:30 - [MESSAGE][PASSED] - Keyword VerifyRewardHistory is Passed

2018-09-19 17:17:30 - [TEST_STEP][PASSED] - beautytap.ShopAction.VerifyRewardHistory: Keyword VerifyRewardHistory is Passed

2018-09-19 17:17:30 - [MESSAGE][PASSED] - Object '' is present

2018-09-19 17:17:31 - [MESSAGE][PASSED] - Text of object '' is: ''

2018-09-19 17:17:31 - [MESSAGE][PASSED] - Text of object '' is: '$95.40'

2018-09-19 17:17:31 - [MESSAGE][PASSED] - Text of object '' is: '1.1'

2018-09-19 17:17:31 - [MESSAGE][PASSED] - Text of object '' is: '0.00'

2018-09-19 17:17:31 - [MESSAGE][PASSED] - Text of object '' is: '1329.81'

2018-09-19 17:17:31 - [MESSAGE][PASSED] - Keyword VerifyRewardHistory is Passed

2018-09-19 17:17:31 - [TEST_STEP][PASSED] - beautytap.GeneralAction.logout: beautytap.GeneralAction.logout is PASSED

2018-09-19 17:17:31 - [MESSAGE][PASSED] - Object: 'Object Repository/Page_General/link_avatar' is clicked on

2018-09-19 17:17:32 - [MESSAGE][PASSED] - Object 'Object Repository/Page_General/menu_logout' is present

2018-09-19 17:17:32 - [MESSAGE][PASSED] - Object: 'Object Repository/Page_General/menu_logout' is clicked on

2018-09-19 17:17:32 - [MESSAGE][PASSED] - Wait for page load successfully

2018-09-19 17:17:32 - [MESSAGE][PASSED] - beautytap.GeneralAction.logout is PASSED

2018-09-19 17:17:32 - [TEST_STEP][PASSED] - beautytap.GeneralAction.clickNavigationMenu: beautytap.GeneralAction.clickNavigationMenu is PASSED

2018-09-19 17:17:43 - [MESSAGE][PASSED] - Object: 'Object Repository/Page_General/link_login' is clicked on

2018-09-19 17:17:43 - [MESSAGE][PASSED] - Wait for page load successfully

2018-09-19 17:17:43 - [MESSAGE][PASSED] - beautytap.GeneralAction.clickNavigationMenu is PASSED

2018-09-19 17:17:43 - [TEST_STEP][PASSED] - beautytap.GeneralAction.login: beautytap.GeneralAction.login is PASSED

2018-09-19 17:17:43 - [MESSAGE][PASSED] - Text of object 'Object Repository/Page_login/txt_username' is cleared

2018-09-19 17:17:43 - [MESSAGE][PASSED] - Keys 'mrwhite' sent to object: 'Object Repository/Page_login/txt_username'

2018-09-19 17:17:44 - [MESSAGE][PASSED] - Text of object 'Object Repository/Page_login/txt_password' is cleared

2018-09-19 17:17:44 - [MESSAGE][PASSED] - Keys 'kgySM$Im' sent to object: 'Object Repository/Page_login/txt_password'

2018-09-19 17:17:44 - [MESSAGE][PASSED] - Object: 'Object Repository/Page_login/btn_login' is clicked on

2018-09-19 17:17:44 - [MESSAGE][PASSED] - Wait for page load successfully

2018-09-19 17:17:44 - [MESSAGE][PASSED] - beautytap.GeneralAction.login is PASSED

2018-09-19 17:17:44 - [TEST_STEP][PASSED] - navigateToUrl: Navigate to 'https://stage.beautytap.com/admin' successfully

2018-09-19 17:17:51 - [MESSAGE][PASSED] - Navigate to 'https://stage.beautytap.com/admin' successfully

2018-09-19 17:17:51 - [TEST_STEP][PASSED] - beautytap.AdminAction.changeOrderStatus: beautytap.AdminAction.changeOrderStatus is PASSED

2018-09-19 17:17:59 - [MESSAGE][PASSED] - Object: '' is clicked on

2018-09-19 17:17:59 - [MESSAGE][PASSED] - Wait for page load successfully

2018-09-19 17:18:04 - [MESSAGE][PASSED] - Object: '' is clicked on

2018-09-19 17:18:05 - [MESSAGE][PASSED] - Wait for page load successfully

2018-09-19 17:18:05 - [MESSAGE][PASSED] - Text of object 'Object Repository/Page_Admin/txt_searchOrder' is cleared

2018-09-19 17:18:05 - [MESSAGE][PASSED] - Keys '136560' sent to object: 'Object Repository/Page_Admin/txt_searchOrder'

2018-09-19 17:18:08 - [MESSAGE][PASSED] - Object: 'Object Repository/Page_Admin/btn_searchOrder' is clicked on

2018-09-19 17:18:08 - [MESSAGE][PASSED] - Wait for page load successfully

2018-09-19 17:18:14 - [MESSAGE][PASSED] - Object: '' is clicked on

2018-09-19 17:18:14 - [MESSAGE][PASSED] - Wait for page load successfully

2018-09-19 17:18:14 - [MESSAGE][PASSED] - All options with label 'Completed' are selected in object 'Object Repository/Page_Admin/drop_orderStatus' 

2018-09-19 17:18:14 - [MESSAGE][PASSED] - Object: 'Object Repository/Page_Admin/btn_saveOrder' is clicked on

2018-09-19 17:18:25 - [MESSAGE][PASSED] - Object 'Object Repository/Page_Admin/lbl_orderUpdatedMessage' is present

2018-09-19 17:18:25 - [MESSAGE][PASSED] - beautytap.AdminAction.changeOrderStatus is PASSED

2018-09-19 17:18:25 - [TEST_STEP][PASSED] - beautytap.GeneralAction.openMailBox: beautytap.GeneralAction.openMailBox is PASSED

2018-09-19 17:18:27 - [MESSAGE][PASSED] - Navigate to 'https://www.mailinator.com' successfully

2018-09-19 17:18:27 - [MESSAGE][PASSED] - Wait for page load successfully

2018-09-19 17:18:27 - [MESSAGE][PASSED] - Keys 'trang2408@mailinator.com' sent to object: 'Object Repository/Page_mailinator/txt_email'

2018-09-19 17:18:29 - [MESSAGE][PASSED] - Object: 'Object Repository/Page_mailinator/btn_go' is clicked on

2018-09-19 17:18:29 - [MESSAGE][PASSED] - Wait for page load successfully

2018-09-19 17:18:34 - [MESSAGE][PASSED] - Delayed 5 second(s)

2018-09-19 17:18:34 - [MESSAGE][PASSED] - beautytap.GeneralAction.openMailBox is PASSED

2018-09-19 17:18:34 - [TEST_STEP][PASSED] - beautytap.GeneralAction.verifyEmailExist: beautytap.GeneralAction.verifyEmailExist is PASSED

2018-09-19 17:18:34 - [MESSAGE][PASSED] - Object '' is present

2018-09-19 17:18:34 - [MESSAGE][PASSED] - beautytap.GeneralAction.verifyEmailExist is PASSED

2018-09-19 17:18:34 - [TEST_STEP][PASSED] - beautytap.GeneralAction.openEmail: beautytap.GeneralAction.openEmail is PASSED

2018-09-19 17:18:34 - [MESSAGE][PASSED] - Object: '' is clicked on

2018-09-19 17:18:34 - [MESSAGE][PASSED] - beautytap.GeneralAction.openEmail is PASSED

2018-09-19 17:18:34 - [TEST_STEP][PASSED] - beautytap.ShopAction.VerifyOrderCompleteEmail: Keyword VerifyOrderCompleteEmail is Passed

2018-09-19 17:18:35 - [MESSAGE][PASSED] - Object '' is present

2018-09-19 17:18:35 - [MESSAGE][PASSED] - Text of object '' is: 'La Muse Correct Care Complete Cushion SPF50+'

2018-09-19 17:18:35 - [MESSAGE][PASSED] - Text of object '' is: '3'

2018-09-19 17:18:35 - [MESSAGE][PASSED] - Text of object '' is: '$95.40'

2018-09-19 17:18:36 - [MESSAGE][PASSED] - Text of object '' is: '$95.40'

2018-09-19 17:18:36 - [MESSAGE][PASSED] - Text of object '' is: 'Free shipping for orders over $60'

2018-09-19 17:18:41 - [MESSAGE][WARNING] - com.kms.katalon.core.webui.exception.WebElementNotFoundException: Web element with id: '' located by 'By.xpath: //th[text()='Shipping:']/parent::tr/td/span' not found
[[ATTACHMENT|E:\\BeautytapAutomation\\beautytapAuto\\Beautytap\\Reports\\TS1\\20180919_165534\\1537352321351.png]]

2018-09-19 17:18:41 - [MESSAGE][PASSED] - Text of object '' is: 'Credit Card Payment'

2018-09-19 17:18:41 - [MESSAGE][PASSED] - Text of object '' is: '104.94'

2018-09-19 17:18:41 - [MESSAGE][PASSED] - Text of object '' is: '$95.40'

2018-09-19 17:18:41 - [MESSAGE][PASSED] - Keyword VerifyOrderCompleteEmail is Passed

2018-09-19 17:18:41 - [TEST_STEP][PASSED] - closeBrowser: Browser is closed

2018-09-19 17:18:42 - [MESSAGE][PASSED] - Browser is closed

2018-09-19 17:18:42 - [TEST_STEP][PASSED] - beautytap.GeneralAction.openBeautytap: beautytap.GeneralAction.openBeautytap is PASSED

2018-09-19 17:19:03 - [MESSAGE][PASSED] - Browser is opened with url: 'https://stage.beautytap.com'

2018-09-19 17:19:04 - [MESSAGE][PASSED] - Current window maximized

2018-09-19 17:19:10 - [MESSAGE][PASSED] - Refresh successfully

2018-09-19 17:19:10 - [MESSAGE][PASSED] - Wait for page load successfully

2018-09-19 17:19:10 - [MESSAGE][PASSED] - beautytap.GeneralAction.openBeautytap is PASSED

2018-09-19 17:19:10 - [TEST_STEP][PASSED] - beautytap.GeneralAction.clickNavigationMenu: beautytap.GeneralAction.clickNavigationMenu is PASSED

2018-09-19 17:19:13 - [MESSAGE][PASSED] - Object: 'Object Repository/Page_General/link_login' is clicked on

2018-09-19 17:19:13 - [MESSAGE][PASSED] - Wait for page load successfully

2018-09-19 17:19:13 - [MESSAGE][PASSED] - beautytap.GeneralAction.clickNavigationMenu is PASSED

2018-09-19 17:19:13 - [TEST_STEP][PASSED] - beautytap.GeneralAction.login: beautytap.GeneralAction.login is PASSED

2018-09-19 17:19:13 - [MESSAGE][PASSED] - Text of object 'Object Repository/Page_login/txt_username' is cleared

2018-09-19 17:19:14 - [MESSAGE][PASSED] - Keys 'trang2408@mailinator.com' sent to object: 'Object Repository/Page_login/txt_username'

2018-09-19 17:19:14 - [MESSAGE][PASSED] - Text of object 'Object Repository/Page_login/txt_password' is cleared

2018-09-19 17:19:14 - [MESSAGE][PASSED] - Keys '123456' sent to object: 'Object Repository/Page_login/txt_password'

2018-09-19 17:19:14 - [MESSAGE][PASSED] - Object: 'Object Repository/Page_login/btn_login' is clicked on

2018-09-19 17:19:14 - [MESSAGE][PASSED] - Wait for page load successfully

2018-09-19 17:19:14 - [MESSAGE][PASSED] - beautytap.GeneralAction.login is PASSED

2018-09-19 17:19:14 - [TEST_STEP][PASSED] - beautytap.GeneralAction.VerifyNotificationText: Keyword VerifyNotificationText is Passed

2018-09-19 17:19:23 - [MESSAGE][PASSED] - Object: 'Object Repository/Page_General/link_notificationIcon' is clicked on

2018-09-19 17:19:28 - [MESSAGE][PASSED] - Delayed 5 second(s)

2018-09-19 17:19:28 - [MESSAGE][PASSED] - Text of object '' is: 'You received 104.94 redeemable points'

2018-09-19 17:19:28 - [MESSAGE][PASSED] - Keyword VerifyNotificationText is Passed

2018-09-19 17:19:28 - [TEST_STEP][FAILED] - beautytap.GeneralAction.selectProfileMenu: Unable to click on object '' (Root cause: org.openqa.selenium.TimeoutException: timeout
  (Session info: chrome=69.0.3497.100)
  (Driver info: chromedriver=2.35.528161 (5b82f2d2aae0ca24b877009200ced9065a772e73),platform=Windows NT 10.0.17134 x86_64) (WARNING: The server did not provide any stacktrace information)
Command duration or timeout: 0 milliseconds
Build info: version: '3.7.1', revision: '8a0099a', time: '2017-11-06T21:07:36.161Z'
System info: host: 'DESKTOP-G1UHP65', ip: '10.0.0.86', os.name: 'Windows 10', os.arch: 'amd64', os.version: '10.0', java.version: '1.8.0_102'
Driver info: com.kms.katalon.selenium.driver.CChromeDriver
Capabilities {acceptInsecureCerts: false, acceptSslCerts: false, applicationCacheEnabled: false, browserConnectionEnabled: false, browserName: chrome, chrome: {chromedriverVersion: 2.35.528161 (5b82f2d2aae0ca..., userDataDir: C:\Users\TRANGN~1\AppData\L...}, cssSelectorsEnabled: true, databaseEnabled: false, handlesAlerts: true, hasTouchScreen: false, javascriptEnabled: true, locationContextEnabled: true, mobileEmulationEnabled: false, nativeEvents: true, networkConnectionEnabled: false, pageLoadStrategy: normal, platform: XP, platformName: XP, rotatable: false, setWindowRect: true, takesHeapSnapshot: true, takesScreenshot: true, unexpectedAlertBehaviour: , unhandledPromptBehavior: , version: 69.0.3497.100, webStorageEnabled: true}
Session ID: 3de846025884173f773ec62452d74f11)

2018-09-19 17:19:29 - [MESSAGE][PASSED] - Object: 'Object Repository/Page_General/link_avatar' is clicked on

2018-09-19 17:19:31 - [MESSAGE][PASSED] - Delayed 2 second(s)

2018-09-19 17:24:37 - [MESSAGE][FAILED] - Unable to click on object '' (Root cause: org.openqa.selenium.TimeoutException: timeout
  (Session info: chrome=69.0.3497.100)
  (Driver info: chromedriver=2.35.528161 (5b82f2d2aae0ca24b877009200ced9065a772e73),platform=Windows NT 10.0.17134 x86_64) (WARNING: The server did not provide any stacktrace information)
Command duration or timeout: 0 milliseconds
Build info: version: '3.7.1', revision: '8a0099a', time: '2017-11-06T21:07:36.161Z'
System info: host: 'DESKTOP-G1UHP65', ip: '10.0.0.86', os.name: 'Windows 10', os.arch: 'amd64', os.version: '10.0', java.version: '1.8.0_102'
Driver info: com.kms.katalon.selenium.driver.CChromeDriver
Capabilities {acceptInsecureCerts: false, acceptSslCerts: false, applicationCacheEnabled: false, browserConnectionEnabled: false, browserName: chrome, chrome: {chromedriverVersion: 2.35.528161 (5b82f2d2aae0ca..., userDataDir: C:\Users\TRANGN~1\AppData\L...}, cssSelectorsEnabled: true, databaseEnabled: false, handlesAlerts: true, hasTouchScreen: false, javascriptEnabled: true, locationContextEnabled: true, mobileEmulationEnabled: false, nativeEvents: true, networkConnectionEnabled: false, pageLoadStrategy: normal, platform: XP, platformName: XP, rotatable: false, setWindowRect: true, takesHeapSnapshot: true, takesScreenshot: true, unexpectedAlertBehaviour: , unhandledPromptBehavior: , version: 69.0.3497.100, webStorageEnabled: true}
Session ID: 3de846025884173f773ec62452d74f11)
[[ATTACHMENT|E:\\BeautytapAutomation\\beautytapAuto\\Beautytap\\Reports\\TS1\\20180919_165534\\1537352676592.png]]

2018-09-19 17:24:37 - [MESSAGE][FAILED] - Unable to click on object '' (Root cause: org.openqa.selenium.TimeoutException: timeout
  (Session info: chrome=69.0.3497.100)
  (Driver info: chromedriver=2.35.528161 (5b82f2d2aae0ca24b877009200ced9065a772e73),platform=Windows NT 10.0.17134 x86_64) (WARNING: The server did not provide any stacktrace information)
Command duration or timeout: 0 milliseconds
Build info: version: '3.7.1', revision: '8a0099a', time: '2017-11-06T21:07:36.161Z'
System info: host: 'DESKTOP-G1UHP65', ip: '10.0.0.86', os.name: 'Windows 10', os.arch: 'amd64', os.version: '10.0', java.version: '1.8.0_102'
Driver info: com.kms.katalon.selenium.driver.CChromeDriver
Capabilities {acceptInsecureCerts: false, acceptSslCerts: false, applicationCacheEnabled: false, browserConnectionEnabled: false, browserName: chrome, chrome: {chromedriverVersion: 2.35.528161 (5b82f2d2aae0ca..., userDataDir: C:\Users\TRANGN~1\AppData\L...}, cssSelectorsEnabled: true, databaseEnabled: false, handlesAlerts: true, hasTouchScreen: false, javascriptEnabled: true, locationContextEnabled: true, mobileEmulationEnabled: false, nativeEvents: true, networkConnectionEnabled: false, pageLoadStrategy: normal, platform: XP, platformName: XP, rotatable: false, setWindowRect: true, takesHeapSnapshot: true, takesScreenshot: true, unexpectedAlertBehaviour: , unhandledPromptBehavior: , version: 69.0.3497.100, webStorageEnabled: true}
Session ID: 3de846025884173f773ec62452d74f11)]]></system-out>
         <system-err><![CDATA[2018-09-19 17:15:29 - [TEST_CASE][FAILED] - Test Cases/Shop/TC07_BuyProduct_EarnPendingPoint_EarnRedeemablePoint: Test Cases/Shop/TC07_BuyProduct_EarnPendingPoint_EarnRedeemablePoint FAILED because (of) Unable to click on object '' (Root cause: org.openqa.selenium.TimeoutException: timeout
  (Session info: chrome=69.0.3497.100)
  (Driver info: chromedriver=2.35.528161 (5b82f2d2aae0ca24b877009200ced9065a772e73),platform=Windows NT 10.0.17134 x86_64) (WARNING: The server did not provide any stacktrace information)
Command duration or timeout: 0 milliseconds
Build info: version: '3.7.1', revision: '8a0099a', time: '2017-11-06T21:07:36.161Z'
System info: host: 'DESKTOP-G1UHP65', ip: '10.0.0.86', os.name: 'Windows 10', os.arch: 'amd64', os.version: '10.0', java.version: '1.8.0_102'
Driver info: com.kms.katalon.selenium.driver.CChromeDriver
Capabilities {acceptInsecureCerts: false, acceptSslCerts: false, applicationCacheEnabled: false, browserConnectionEnabled: false, browserName: chrome, chrome: {chromedriverVersion: 2.35.528161 (5b82f2d2aae0ca..., userDataDir: C:\Users\TRANGN~1\AppData\L...}, cssSelectorsEnabled: true, databaseEnabled: false, handlesAlerts: true, hasTouchScreen: false, javascriptEnabled: true, locationContextEnabled: true, mobileEmulationEnabled: false, nativeEvents: true, networkConnectionEnabled: false, pageLoadStrategy: normal, platform: XP, platformName: XP, rotatable: false, setWindowRect: true, takesHeapSnapshot: true, takesScreenshot: true, unexpectedAlertBehaviour: , unhandledPromptBehavior: , version: 69.0.3497.100, webStorageEnabled: true}
Session ID: 3de846025884173f773ec62452d74f11)]]></system-err>
      </testcase>
      <testcase name="Test Cases/Shop/TC08_BuyProduct_UsingRewardPoint" classname="Test Cases/Shop/TC08_BuyProduct_UsingRewardPoint" status="FAILED">
         <failure type="FAILED" message="Unable to get text of object '' (Root cause: com.kms.katalon.core.webui.exception.WebElementNotFoundException: Web element with id: '' located by 'By.xpath: //th[text()='Subtotal:']/parent::tr/td/span' not found)"/>
         <system-out><![CDATA[2018-09-19 17:24:39 - [TEST_CASE][FAILED] - Test Cases/Shop/TC08_BuyProduct_UsingRewardPoint: Test Cases/Shop/TC08_BuyProduct_UsingRewardPoint FAILED because (of) Unable to get text of object '' (Root cause: com.kms.katalon.core.webui.exception.WebElementNotFoundException: Web element with id: '' located by 'By.xpath: //th[text()='Subtotal:']/parent::tr/td/span' not found)

2018-09-19 17:24:39 - [TEST_STEP][PASSED] - Statement - username = USER_EMAIL: null

2018-09-19 17:24:39 - [TEST_STEP][PASSED] - Statement - password = USER_PASSWORD: null

2018-09-19 17:24:40 - [TEST_STEP][PASSED] - Statement - productName = SIMPLE_PRODUCT: null

2018-09-19 17:24:40 - [TEST_STEP][PASSED] - Statement - price = SIMPLE_PRODUCT_PRICE: null

2018-09-19 17:24:40 - [TEST_STEP][PASSED] - Statement - quantity = 3: null

2018-09-19 17:24:40 - [TEST_STEP][PASSED] - Statement - shippingLabel = FREE_SHIPPING_LABEL: null

2018-09-19 17:24:40 - [TEST_STEP][PASSED] - Statement - shippingPrice = 0: null

2018-09-19 17:24:40 - [TEST_STEP][PASSED] - Statement - pointUsed = 60: null

2018-09-19 17:24:40 - [TEST_STEP][PASSED] - Statement - pointValueUsed = 2: null

2018-09-19 17:24:40 - [TEST_STEP][PASSED] - Statement - subtotal = CustomKeywords.beautytap.ShopAction.calculateTotal(quantity, price): beautytap.ShopAction.calculateTotal is PASSED

2018-09-19 17:24:40 - [MESSAGE][PASSED] - beautytap.ShopAction.calculateTotal is PASSED

2018-09-19 17:24:40 - [TEST_STEP][PASSED] - Statement - subtotalApplyReward = java.lang.Float.parseFloat(java.lang.String.format("%.2f", subtotal - pointValueUsed)): null

2018-09-19 17:24:40 - [TEST_STEP][PASSED] - Statement - total = java.lang.Float.parseFloat(java.lang.String.format("%.2f", subtotal - pointValueUsed + shippingPrice)): null

2018-09-19 17:24:40 - [TEST_STEP][PASSED] - Statement - products = new org.json.JSONArray((((((([{"productname":" + productName) + ","variation":"","quantity":") + quantity) + ","price":") + price) + "}])): null

2018-09-19 17:24:40 - [TEST_STEP][PASSED] - Statement - billingInformation = new org.json.JSONObject((({"firstname":"Test","lastname":"Automation","country":"United States (US)","address":"123 Testing","city":"New York","state":"New York","zip":"90012","email":" + username) + "})): null

2018-09-19 17:24:40 - [TEST_STEP][PASSED] - Statement - paymentMethod = "Credit Card Payment": null

2018-09-19 17:24:40 - [TEST_STEP][PASSED] - beautytap.GeneralAction.openBeautytap: beautytap.GeneralAction.openBeautytap is PASSED

2018-09-19 17:24:40 - [MESSAGE][WARNING] - A browser is already opened. Closing browser and opening a new one

2018-09-19 17:25:05 - [MESSAGE][PASSED] - Browser is opened with url: 'https://stage.beautytap.com'

2018-09-19 17:25:06 - [MESSAGE][PASSED] - Current window maximized

2018-09-19 17:25:11 - [MESSAGE][PASSED] - Refresh successfully

2018-09-19 17:25:11 - [MESSAGE][PASSED] - Wait for page load successfully

2018-09-19 17:25:11 - [MESSAGE][PASSED] - beautytap.GeneralAction.openBeautytap is PASSED

2018-09-19 17:25:11 - [TEST_STEP][PASSED] - beautytap.GeneralAction.clickNavigationMenu: beautytap.GeneralAction.clickNavigationMenu is PASSED

2018-09-19 17:25:14 - [MESSAGE][PASSED] - Object: 'Object Repository/Page_General/link_login' is clicked on

2018-09-19 17:25:14 - [MESSAGE][PASSED] - Wait for page load successfully

2018-09-19 17:25:14 - [MESSAGE][PASSED] - beautytap.GeneralAction.clickNavigationMenu is PASSED

2018-09-19 17:25:14 - [TEST_STEP][PASSED] - beautytap.GeneralAction.login: beautytap.GeneralAction.login is PASSED

2018-09-19 17:25:14 - [MESSAGE][PASSED] - Text of object 'Object Repository/Page_login/txt_username' is cleared

2018-09-19 17:25:14 - [MESSAGE][PASSED] - Keys 'trang2408@mailinator.com' sent to object: 'Object Repository/Page_login/txt_username'

2018-09-19 17:25:14 - [MESSAGE][PASSED] - Text of object 'Object Repository/Page_login/txt_password' is cleared

2018-09-19 17:25:14 - [MESSAGE][PASSED] - Keys '123456' sent to object: 'Object Repository/Page_login/txt_password'

2018-09-19 17:25:14 - [MESSAGE][PASSED] - Object: 'Object Repository/Page_login/btn_login' is clicked on

2018-09-19 17:25:14 - [MESSAGE][PASSED] - Wait for page load successfully

2018-09-19 17:25:14 - [MESSAGE][PASSED] - beautytap.GeneralAction.login is PASSED

2018-09-19 17:25:14 - [TEST_STEP][PASSED] - beautytap.GeneralAction.selectProfileMenu: beautytap.GeneralAction.selectProfileMenu is PASSED

2018-09-19 17:25:23 - [MESSAGE][PASSED] - Object: 'Object Repository/Page_General/link_avatar' is clicked on

2018-09-19 17:25:25 - [MESSAGE][PASSED] - Delayed 2 second(s)

2018-09-19 17:25:29 - [MESSAGE][PASSED] - Object: '' is clicked on

2018-09-19 17:25:29 - [MESSAGE][PASSED] - Wait for page load successfully

2018-09-19 17:25:29 - [MESSAGE][PASSED] - beautytap.GeneralAction.selectProfileMenu is PASSED

2018-09-19 17:25:29 - [TEST_STEP][PASSED] - Statement - objReward = CustomKeywords.beautytap.ShopAction.getRewardDetails(): beautytap.ShopAction.getRewardDetails is PASSED

2018-09-19 17:25:29 - [MESSAGE][PASSED] - Text of object '' is: '1.1 x Rewards Multiplier!'

2018-09-19 17:25:30 - [MESSAGE][PASSED] - Text of object '' is: '1.1 x Rewards Multiplier!'

2018-09-19 17:25:30 - [MESSAGE][PASSED] - Text of object '' is: '3204.75'

2018-09-19 17:25:30 - [MESSAGE][PASSED] - Text of object '' is: '2432.20'

2018-09-19 17:25:30 - [MESSAGE][PASSED] - Text of object '' is: '1434.75'

2018-09-19 17:25:30 - [MESSAGE][PASSED] - Text of object '' is: '$71.00'

2018-09-19 17:25:30 - [MESSAGE][PASSED] - Text of object '' is: 'Beauty Bae'

2018-09-19 17:25:30 - [MESSAGE][PASSED] - beautytap.ShopAction.getRewardDetails is PASSED

2018-09-19 17:25:30 - [TEST_STEP][PASSED] - Statement - multiplier = java.lang.Float.parseFloat(objReward.get("multiplier")): null

2018-09-19 17:25:30 - [TEST_STEP][PASSED] - Statement - currentlevel = objReward.get("currentlevel"): null

2018-09-19 17:25:30 - [TEST_STEP][PASSED] - Statement - lifetime = java.lang.Float.parseFloat(objReward.get("lifetime")): null

2018-09-19 17:25:30 - [TEST_STEP][PASSED] - Statement - pending = java.lang.Float.parseFloat(objReward.get("pending")): null

2018-09-19 17:25:30 - [TEST_STEP][PASSED] - Statement - redeemable = java.lang.Float.parseFloat(objReward.get("redeemable")): null

2018-09-19 17:25:30 - [TEST_STEP][PASSED] - Statement - pointvalue = java.lang.Float.parseFloat(objReward.get("pointvalue")): null

2018-09-19 17:25:30 - [TEST_STEP][PASSED] - Statement - rewardEarned = java.lang.Float.parseFloat(java.lang.String.format("%.2f", multiplier * subtotal - pointValueUsed)): null

2018-09-19 17:25:30 - [TEST_STEP][PASSED] - beautytap.ShopAction.globalSearch: beautytap.ShopAction.globalSearch is PASSED

2018-09-19 17:25:31 - [MESSAGE][PASSED] - Object: 'Object Repository/Page_General/icon_search' is clicked on

2018-09-19 17:25:36 - [MESSAGE][PASSED] - Delayed 5 second(s)

2018-09-19 17:25:36 - [MESSAGE][PASSED] - Text of object 'Object Repository/Page_General/txt_search' is cleared

2018-09-19 17:25:36 - [MESSAGE][PASSED] - Keys 'CONTROL + v' sent to object: 'Object Repository/Page_General/txt_search'

2018-09-19 17:25:38 - [MESSAGE][PASSED] - Object 'Object Repository/Page_General/div_searchResult' is present

2018-09-19 17:25:38 - [MESSAGE][PASSED] - beautytap.ShopAction.globalSearch is PASSED

2018-09-19 17:25:38 - [TEST_STEP][PASSED] - beautytap.ShopAction.selectProductOnSearchResult: beautytap.ShopAction.selectProductOnSearchResult is PASSED

2018-09-19 17:25:45 - [MESSAGE][PASSED] - Object: '' is clicked on

2018-09-19 17:25:45 - [MESSAGE][PASSED] - Wait for page load successfully

2018-09-19 17:25:45 - [MESSAGE][PASSED] - beautytap.ShopAction.selectProductOnSearchResult is PASSED

2018-09-19 17:25:45 - [TEST_STEP][PASSED] - beautytap.ShopAction.addProductToCart: beautytap.ShopAction.addProductToCart is PASSED

2018-09-19 17:25:45 - [MESSAGE][PASSED] - Text of object 'Object Repository/Page_Shop/txt_quantity' is cleared

2018-09-19 17:25:45 - [MESSAGE][PASSED] - Keys '3' sent to object: 'Object Repository/Page_Shop/txt_quantity'

2018-09-19 17:25:45 - [MESSAGE][PASSED] - Object: 'Object Repository/Page_Shop/btn_addToCart' is clicked on

2018-09-19 17:25:45 - [MESSAGE][PASSED] - Wait for page load successfully

2018-09-19 17:25:50 - [MESSAGE][PASSED] - Object 'Object Repository/Page_Shop/lbl_message' is present

2018-09-19 17:25:50 - [MESSAGE][PASSED] - beautytap.ShopAction.addProductToCart is PASSED

2018-09-19 17:25:50 - [TEST_STEP][PASSED] - beautytap.ShopAction.goToCart: beautytap.ShopAction.goToCart is PASSED

2018-09-19 17:25:55 - [MESSAGE][PASSED] - Object: 'Object Repository/Page_General/icon_cart' is clicked on

2018-09-19 17:25:56 - [MESSAGE][PASSED] - Wait for page load successfully

2018-09-19 17:25:56 - [MESSAGE][PASSED] - beautytap.ShopAction.goToCart is PASSED

2018-09-19 17:25:56 - [TEST_STEP][PASSED] - beautytap.ShopAction.processToCheckout: beautytap.ShopAction.processToCheckout is PASSED

2018-09-19 17:26:02 - [MESSAGE][PASSED] - Object: 'Object Repository/Page_Cart/btn_checkout' is clicked on

2018-09-19 17:26:02 - [MESSAGE][PASSED] - Wait for page load successfully

2018-09-19 17:26:02 - [MESSAGE][PASSED] - beautytap.ShopAction.processToCheckout is PASSED

2018-09-19 17:26:02 - [TEST_STEP][PASSED] - beautytap.ShopAction.applyLoyaltyRewardPoint: beautytap.ShopAction.applyLoyaltyRewardPoint is PASSED

2018-09-19 17:26:02 - [MESSAGE][PASSED] - Object: 'Object Repository/Page_Checkout/link_clickToRedeem' is clicked on

2018-09-19 17:26:03 - [MESSAGE][PASSED] - Object '' is checked

2018-09-19 17:26:03 - [MESSAGE][PASSED] - Object: 'Object Repository/Page_Checkout/btn_applyReward' is clicked on

2018-09-19 17:26:03 - [MESSAGE][PASSED] - Object '' is present

2018-09-19 17:26:03 - [MESSAGE][PASSED] - beautytap.ShopAction.applyLoyaltyRewardPoint is PASSED

2018-09-19 17:26:03 - [TEST_STEP][PASSED] - beautytap.ShopAction.fillCustomerInformation: beautytap.ShopAction.fillCustomerInformation is PASSED

2018-09-19 17:26:03 - [MESSAGE][PASSED] - Text of object 'Object Repository/Page_Checkout/txt_billingFirstName' is cleared

2018-09-19 17:26:04 - [MESSAGE][PASSED] - Keys 'Test' sent to object: 'Object Repository/Page_Checkout/txt_billingFirstName'

2018-09-19 17:26:04 - [MESSAGE][PASSED] - Text of object 'Object Repository/Page_Checkout/txt_billingLastName' is cleared

2018-09-19 17:26:04 - [MESSAGE][PASSED] - Keys 'Automation' sent to object: 'Object Repository/Page_Checkout/txt_billingLastName'

2018-09-19 17:26:04 - [MESSAGE][PASSED] - All options with label 'United States (US)' are selected in object 'Object Repository/Page_Checkout/drop_billingCountry' 

2018-09-19 17:26:09 - [MESSAGE][PASSED] - Delayed 5 second(s)

2018-09-19 17:26:09 - [MESSAGE][PASSED] - Text of object 'Object Repository/Page_Checkout/txt_billingAddress' is cleared

2018-09-19 17:26:10 - [MESSAGE][PASSED] - Keys '123 Testing' sent to object: 'Object Repository/Page_Checkout/txt_billingAddress'

2018-09-19 17:26:10 - [MESSAGE][PASSED] - Text of object 'Object Repository/Page_Checkout/txt_billingCity' is cleared

2018-09-19 17:26:10 - [MESSAGE][PASSED] - Keys 'New York' sent to object: 'Object Repository/Page_Checkout/txt_billingCity'

2018-09-19 17:26:10 - [MESSAGE][PASSED] - All options with label 'New York' are selected in object 'Object Repository/Page_Checkout/drop_billingState' 

2018-09-19 17:26:10 - [MESSAGE][PASSED] - Text of object 'Object Repository/Page_Checkout/txt_billingZip' is cleared

2018-09-19 17:26:10 - [MESSAGE][PASSED] - Keys '90012' sent to object: 'Object Repository/Page_Checkout/txt_billingZip'

2018-09-19 17:26:10 - [MESSAGE][PASSED] - Text of object 'Object Repository/Page_Checkout/txt_billingEmail' is cleared

2018-09-19 17:26:11 - [MESSAGE][PASSED] - Keys 'trang2408@mailinator.com' sent to object: 'Object Repository/Page_Checkout/txt_billingEmail'

2018-09-19 17:26:11 - [MESSAGE][PASSED] - Object 'Object Repository/Page_Checkout/chk_shipToDifferentAddress' is un-checked

2018-09-19 17:26:11 - [MESSAGE][PASSED] - Text of object 'Object Repository/Page_Checkout/txt_orderNote' is cleared

2018-09-19 17:26:12 - [MESSAGE][PASSED] - Keys 'TC08_checkout with reward' sent to object: 'Object Repository/Page_Checkout/txt_orderNote'

2018-09-19 17:26:12 - [MESSAGE][PASSED] - Object 'Object Repository/Page_Checkout/radio_creditCard' is checked

2018-09-19 17:26:17 - [MESSAGE][PASSED] - Delayed 5 second(s)

2018-09-19 17:26:17 - [MESSAGE][PASSED] - beautytap.ShopAction.fillCustomerInformation is PASSED

2018-09-19 17:26:17 - [TEST_STEP][PASSED] - beautytap.ShopAction.VerifyOrderDetailsOnCheckout: Keyword VerifyOrderDetailsOnCheckout is Passed

2018-09-19 17:26:17 - [MESSAGE][PASSED] - Object '' is present

2018-09-19 17:26:17 - [MESSAGE][PASSED] - Text of object '' is: '$95.40'

2018-09-19 17:26:17 - [MESSAGE][PASSED] - Text of object '' is: '60 points used'

2018-09-19 17:26:17 - [MESSAGE][PASSED] - Text of object '' is: '60 points used'

2018-09-19 17:26:17 - [MESSAGE][PASSED] - Text of object '' is: '$2.00'

2018-09-19 17:26:17 - [MESSAGE][PASSED] - Text of object '' is: 'Free shipping for orders over $60
Why does shipping take this long?'

2018-09-19 17:26:17 - [MESSAGE][PASSED] - Text of object '' is: '$93.40'

2018-09-19 17:26:17 - [MESSAGE][PASSED] - Keyword VerifyOrderDetailsOnCheckout is Passed

2018-09-19 17:26:17 - [TEST_STEP][PASSED] - beautytap.ShopAction.VerifyRewardEarned: Keyword VerifyRewardEarned is Passed

2018-09-19 17:26:18 - [MESSAGE][PASSED] - Text of object '' is: 'Status: Beauty Bae ( $93.4 x Rewards Multiplier )'

2018-09-19 17:26:18 - [MESSAGE][PASSED] - Text of object '' is: 'Status: Beauty Bae ( $93.4 x Rewards Multiplier )'

2018-09-19 17:26:18 - [MESSAGE][PASSED] - Text of object '' is: 'Status: Beauty Bae ( $93.4 x Rewards Multiplier )'

2018-09-19 17:26:18 - [MESSAGE][PASSED] - Text of object '' is: 'Multiplier: $93.4 x 1.1'

2018-09-19 17:26:18 - [MESSAGE][PASSED] - Text of object '' is: 'Multiplier: $93.4 x 1.1'

2018-09-19 17:26:18 - [MESSAGE][PASSED] - Text of object '' is: '102.7 Points!'

2018-09-19 17:26:18 - [MESSAGE][PASSED] - Text of object '' is: '102.7 Points!'

2018-09-19 17:26:18 - [MESSAGE][PASSED] - Text of object '' is: 'Multiplier: $93.4 x 1.1'

2018-09-19 17:26:18 - [MESSAGE][PASSED] - Text of object '' is: 'Multiplier: $93.4 x 1.1'

2018-09-19 17:26:18 - [MESSAGE][PASSED] - Text of object '' is: 'Multiplier: $93.4 x 1.1'

2018-09-19 17:26:18 - [MESSAGE][PASSED] - Keyword VerifyRewardEarned is Passed

2018-09-19 17:26:18 - [TEST_STEP][PASSED] - beautytap.ShopAction.checkoutViaCreditCard: beautytap.ShopAction.checkoutViaCreditCard is PASSED

2018-09-19 17:26:18 - [MESSAGE][PASSED] - Object 'Object Repository/Page_Checkout/radio_creditCard' is checked

2018-09-19 17:26:28 - [MESSAGE][PASSED] - Delayed 10 second(s)

2018-09-19 17:26:28 - [MESSAGE][PASSED] - Text of object 'Object Repository/Page_Checkout/txt_cardNumber' is cleared

2018-09-19 17:26:28 - [MESSAGE][PASSED] - Keys '4032036248443549' sent to object: 'Object Repository/Page_Checkout/txt_cardNumber'

2018-09-19 17:26:28 - [MESSAGE][PASSED] - All options with label 'Visa' are selected in object 'Object Repository/Page_Checkout/drop_cardType' 

2018-09-19 17:26:29 - [MESSAGE][PASSED] - All options with label '07' are selected in object 'Object Repository/Page_Checkout/drop_expirationMonth' 

2018-09-19 17:26:29 - [MESSAGE][PASSED] - All options with label '2023' are selected in object 'Object Repository/Page_Checkout/drop_expirationYear' 

2018-09-19 17:26:29 - [MESSAGE][PASSED] - Text of object 'Object Repository/Page_Checkout/txt_cardCVV' is cleared

2018-09-19 17:26:29 - [MESSAGE][PASSED] - Keys '123' sent to object: 'Object Repository/Page_Checkout/txt_cardCVV'

2018-09-19 17:26:29 - [MESSAGE][PASSED] - Object 'Object Repository/Page_Checkout/chk_terms' is checked

2018-09-19 17:26:29 - [MESSAGE][PASSED] - Object: 'Object Repository/Page_Checkout/btn_placeOrder' is clicked on

2018-09-19 17:27:31 - [MESSAGE][WARNING] - Object 'Object Repository/Page_Checkout/lbl_orderReceived' is not present after 60 second(s)

2018-09-19 17:27:31 - [MESSAGE][PASSED] - beautytap.ShopAction.checkoutViaCreditCard is PASSED

2018-09-19 17:27:31 - [TEST_STEP][FAILED] - beautytap.ShopAction.VerifyOrderReceivedDetails: Unable to get text of object '' (Root cause: com.kms.katalon.core.webui.exception.WebElementNotFoundException: Web element with id: '' located by 'By.xpath: //th[text()='Subtotal:']/parent::tr/td/span' not found)

2018-09-19 17:28:03 - [MESSAGE][WARNING] - com.kms.katalon.core.webui.exception.WebElementNotFoundException: Web element with id: '' located by 'By.xpath: //td[@class='woocommerce-table__product-name product-name']/a[contains(text(),'La Muse Correct Care Complete Cushion SPF50+')]/following-sibling::strong[text()=' 3']/parent::td/parent::tr/td[@class='woocommerce-table__product-total product-total']/span[starts-with(text(),'95.4')]' not found
[[ATTACHMENT|E:\\BeautytapAutomation\\beautytapAuto\\Beautytap\\Reports\\TS1\\20180919_165534\\1537352882878.png]]

2018-09-19 17:28:34 - [MESSAGE][FAILED] - Unable to get text of object '' (Root cause: com.kms.katalon.core.webui.exception.WebElementNotFoundException: Web element with id: '' located by 'By.xpath: //th[text()='Subtotal:']/parent::tr/td/span' not found)
[[ATTACHMENT|E:\\BeautytapAutomation\\beautytapAuto\\Beautytap\\Reports\\TS1\\20180919_165534\\1537352914161.png]]

2018-09-19 17:28:34 - [MESSAGE][FAILED] - Unable to get text of object '' (Root cause: com.kms.katalon.core.webui.exception.WebElementNotFoundException: Web element with id: '' located by 'By.xpath: //th[text()='Subtotal:']/parent::tr/td/span' not found)]]></system-out>
         <system-err><![CDATA[2018-09-19 17:24:39 - [TEST_CASE][FAILED] - Test Cases/Shop/TC08_BuyProduct_UsingRewardPoint: Test Cases/Shop/TC08_BuyProduct_UsingRewardPoint FAILED because (of) Unable to get text of object '' (Root cause: com.kms.katalon.core.webui.exception.WebElementNotFoundException: Web element with id: '' located by 'By.xpath: //th[text()='Subtotal:']/parent::tr/td/span' not found)]]></system-err>
      </testcase>
      <system-out><![CDATA[2018-09-19 16:55:37 - [TEST_SUITE][FAILED] - TS1: Test Cases/SignUp_Login_ResetPass/TC02_SignUp_Login_ViaFacebookEmail_NewUser_OldUser FAILED because (of) Unable to verify object 'Object Repository/Page_General/link_avatar' is present (Root cause: com.kms.katalon.core.webui.exception.WebElementNotFoundException: Web element with id: 'Object Repository/Page_General/link_avatar' located by 'By.xpath: //div[@class='header-right-top pull-right']/a[@class='user']' not found)]]></system-out>
      <system-err><![CDATA[2018-09-19 16:55:37 - [TEST_SUITE][FAILED] - TS1: Test Cases/SignUp_Login_ResetPass/TC02_SignUp_Login_ViaFacebookEmail_NewUser_OldUser FAILED because (of) Unable to verify object 'Object Repository/Page_General/link_avatar' is present (Root cause: com.kms.katalon.core.webui.exception.WebElementNotFoundException: Web element with id: 'Object Repository/Page_General/link_avatar' located by 'By.xpath: //div[@class='header-right-top pull-right']/a[@class='user']' not found)]]></system-err>
   </testsuite>
</testsuites>
