<?xml version="1.0" encoding="UTF-8"?>
<testsuites name="Shop" time="601" tests="1" failures="3" errors="0">
   <testsuite name="Shop" tests="1" failures="3" errors="0" time="601" timestamp="2018-09-04 11:05:32" hostname="Trang Nguyen - DESKTOP-G1UHP65" id="Test Suites/Shop">
      <properties>
         <property name="deviceName" value=""/>
         <property name="devicePlatform" value=""/>
         <property name="logFolder" value="E:\\BeautytapAutomation\\beautytapAuto\\Beautytap\\Reports\\Shop\\20180904_110529"/>
         <property name="logFiles" value="E:\\BeautytapAutomation\\beautytapAuto\\Beautytap\\Reports\\Shop\\20180904_110529\\execution0.log"/>
         <property name="attachments" value="E:\\BeautytapAutomation\\beautytapAuto\\Beautytap\\Reports\\Shop\\20180904_110529\\1536034041295.png, E:\\BeautytapAutomation\\beautytapAuto\\Beautytap\\Reports\\Shop\\20180904_110529\\1536034072682.png, E:\\BeautytapAutomation\\beautytapAuto\\Beautytap\\Reports\\Shop\\20180904_110529\\1536034136944.png, E:\\BeautytapAutomation\\beautytapAuto\\Beautytap\\Reports\\Shop\\20180904_110529\\1536034163884.png, E:\\BeautytapAutomation\\beautytapAuto\\Beautytap\\Reports\\Shop\\20180904_110529\\1536034195312.png, E:\\BeautytapAutomation\\beautytapAuto\\Beautytap\\Reports\\Shop\\20180904_110529\\1536034240629.png, E:\\BeautytapAutomation\\beautytapAuto\\Beautytap\\Reports\\Shop\\20180904_110529\\1536034365671.png, E:\\BeautytapAutomation\\beautytapAuto\\Beautytap\\Reports\\Shop\\20180904_110529\\1536034411638.png, E:\\BeautytapAutomation\\beautytapAuto\\Beautytap\\Reports\\Shop\\20180904_110529\\1536034462321.png"/>
         <property name="hostName" value="Trang Nguyen - DESKTOP-G1UHP65"/>
         <property name="os" value="Windows 10 64bit"/>
         <property name="katalonVersion" value="5.5.0.1"/>
         <property name="browser" value="Chrome 68.0.3440.106"/>
         <property name="hostAddress" value="10.0.0.64"/>
         <property name="sessionId" value="3ad218a609b9f3954650052166ed0fbd"/>
         <property name="seleniumVersion" value="3.7.1"/>
         <property name="proxyInformation" value="ProxyInformation{proxyOption=NO_PROXY, proxyServerType=HTTP, password=, proxyServerAddress=, proxyServerPort=0}"/>
         <property name="platform" value="Windows 10"/>
      </properties>
      <testcase name="Test Cases/Shop/TC03_Search_SimpleProduct_Sale_Creditcard_LessThan60_Normal" classname="Test Cases/Shop/TC03_Search_SimpleProduct_Sale_Creditcard_LessThan60_Normal" status="FAILED">
         <failure type="FAILED" message="Keyword VerifyProductOnSearchResult is Failed"/>
         <system-out><![CDATA[2018-09-04 11:05:33 - [TEST_CASE][FAILED] - Test Cases/Shop/TC03_Search_SimpleProduct_Sale_Creditcard_LessThan60_Normal: Test Cases/Shop/TC03_Search_SimpleProduct_Sale_Creditcard_LessThan60_Normal FAILED because (of) Keyword VerifyProductOnSearchResult is Failed

2018-09-04 11:05:34 - [TEST_STEP][PASSED] - Statement - productName = SIMPLE_SALE_PRODUCT: null

2018-09-04 11:05:34 - [TEST_STEP][PASSED] - Statement - saleprice = SIMPLE_SALE_PRICE: null

2018-09-04 11:05:34 - [TEST_STEP][PASSED] - Statement - regularprice = SIMPLE_SALE_REGULAR_PRICE: null

2018-09-04 11:05:34 - [TEST_STEP][PASSED] - Statement - r_string = new java.lang.Math().random().toString().substring(2, 8): null

2018-09-04 11:05:34 - [TEST_STEP][PASSED] - Statement - email = "auto" + r_string + "@mailinator.com": null

2018-09-04 11:05:34 - [TEST_STEP][PASSED] - Statement - orderNote = "auto" + r_string + "Order": null

2018-09-04 11:05:34 - [TEST_STEP][PASSED] - Statement - currentNumberItemInCart = <not implemented yet for class: org.codehaus.groovy.ast.expr.EmptyExpression>: null

2018-09-04 11:05:34 - [TEST_STEP][PASSED] - Statement - quantity = 1: null

2018-09-04 11:05:34 - [TEST_STEP][PASSED] - Statement - subtotal = CustomKeywords.beautytap.ShopAction.calculateTotal(quantity, saleprice): beautytap.ShopAction.calculateTotal is PASSED

2018-09-04 11:05:34 - [MESSAGE][PASSED] - beautytap.ShopAction.calculateTotal is PASSED

2018-09-04 11:05:34 - [TEST_STEP][PASSED] - Statement - total = subtotal + SHIPPING_PRICE: null

2018-09-04 11:05:34 - [TEST_STEP][PASSED] - Statement - total = CustomKeywords.beautytap.ShopAction.calculateTotal(1, total): beautytap.ShopAction.calculateTotal is PASSED

2018-09-04 11:05:34 - [MESSAGE][PASSED] - beautytap.ShopAction.calculateTotal is PASSED

2018-09-04 11:05:34 - [TEST_STEP][PASSED] - Statement - products = new org.json.JSONArray((((((([{"productname":" + productName) + ","variation":"","quantity":") + quantity) + ","price":") + saleprice) + "}])): null

2018-09-04 11:05:34 - [TEST_STEP][PASSED] - Statement - billingInformation = new org.json.JSONObject((({"firstname":"Test","lastname":"Automation","country":"United States (US)","address":"123 Testing","city":"New York","state":"New York","zip":"90012","email":" + email) + "})): null

2018-09-04 11:05:34 - [TEST_STEP][PASSED] - Statement - shippingLabel = SHIPPING_LABEL: null

2018-09-04 11:05:34 - [TEST_STEP][PASSED] - Statement - shippingPrice = SHIPPING_PRICE: null

2018-09-04 11:05:34 - [TEST_STEP][PASSED] - Statement - shippingType = "normal": null

2018-09-04 11:05:34 - [TEST_STEP][PASSED] - Statement - paymentMethod = "Credit Card Payment": null

2018-09-04 11:05:34 - [TEST_STEP][PASSED] - beautytap.GeneralAction.openBeautytap: beautytap.GeneralAction.openBeautytap is PASSED

2018-09-04 11:06:04 - [MESSAGE][PASSED] - Browser is opened with url: 'https://stage.beautytap.com'

2018-09-04 11:06:06 - [MESSAGE][PASSED] - Current window maximized

2018-09-04 11:06:10 - [MESSAGE][PASSED] - Refresh successfully

2018-09-04 11:06:10 - [MESSAGE][PASSED] - Wait for page load successfully

2018-09-04 11:06:10 - [MESSAGE][PASSED] - beautytap.GeneralAction.openBeautytap is PASSED

2018-09-04 11:06:10 - [TEST_STEP][PASSED] - beautytap.ShopAction.globalSearch: beautytap.ShopAction.globalSearch is PASSED

2018-09-04 11:06:11 - [MESSAGE][PASSED] - Object: 'Object Repository/Page_General/icon_search' is clicked on

2018-09-04 11:06:16 - [MESSAGE][PASSED] - Delayed 5 second(s)

2018-09-04 11:06:17 - [MESSAGE][PASSED] - Text of object 'Object Repository/Page_General/txt_search' is cleared

2018-09-04 11:06:17 - [MESSAGE][PASSED] - Keys 'CONTROL + v' sent to object: 'Object Repository/Page_General/txt_search'

2018-09-04 11:06:18 - [MESSAGE][PASSED] - Object 'Object Repository/Page_General/div_searchResult' is present

2018-09-04 11:06:18 - [MESSAGE][PASSED] - beautytap.ShopAction.globalSearch is PASSED

2018-09-04 11:06:18 - [TEST_STEP][FAILED] - beautytap.ShopAction.VerifyProductOnSearchResult: Keyword VerifyProductOnSearchResult is Failed

2018-09-04 11:07:21 - [MESSAGE][WARNING] - com.kms.katalon.core.webui.exception.WebElementNotFoundException: Web element with id: '' located by 'By.xpath: //div[@id='searchNav' and @style='height: 100%;']/descendant::div[contains(@class,'row search-content scrollbar-macosx scroll-content')]/descendant::a[contains(text(),'Innisfree Perfect UV Protection Cream SPF50+/PA+++ (Long-Lasting For Oily Skin) 50ml')][1]' not found
[[ATTACHMENT|E:\\BeautytapAutomation\\beautytapAuto\\Beautytap\\Reports\\Shop\\20180904_110529\\1536034041295.png]]

2018-09-04 11:07:21 - [MESSAGE][FAILED] - Keyword VerifyProductOnSearchResult is Failed

2018-09-04 11:07:21 - [TEST_STEP][FAILED] - beautytap.ShopAction.selectProductOnSearchResult: Unable to click on object '' (Root cause: com.kms.katalon.core.webui.exception.WebElementNotFoundException: Web element with id: '' located by 'By.xpath: //div[@id='searchNav' and @style='height: 100%;']/descendant::div[contains(@class,'row search-content scrollbar-macosx scroll-content')]/descendant::a[contains(text(),'Innisfree Perfect UV Protection Cream SPF50+/PA+++ (Long-Lasting For Oily Skin) 50ml')][1]' not found)

2018-09-04 11:07:52 - [MESSAGE][FAILED] - Unable to click on object '' (Root cause: com.kms.katalon.core.webui.exception.WebElementNotFoundException: Web element with id: '' located by 'By.xpath: //div[@id='searchNav' and @style='height: 100%;']/descendant::div[contains(@class,'row search-content scrollbar-macosx scroll-content')]/descendant::a[contains(text(),'Innisfree Perfect UV Protection Cream SPF50+/PA+++ (Long-Lasting For Oily Skin) 50ml')][1]' not found)
[[ATTACHMENT|E:\\BeautytapAutomation\\beautytapAuto\\Beautytap\\Reports\\Shop\\20180904_110529\\1536034072682.png]]

2018-09-04 11:07:52 - [MESSAGE][FAILED] - Unable to click on object '' (Root cause: com.kms.katalon.core.webui.exception.WebElementNotFoundException: Web element with id: '' located by 'By.xpath: //div[@id='searchNav' and @style='height: 100%;']/descendant::div[contains(@class,'row search-content scrollbar-macosx scroll-content')]/descendant::a[contains(text(),'Innisfree Perfect UV Protection Cream SPF50+/PA+++ (Long-Lasting For Oily Skin) 50ml')][1]' not found)]]></system-out>
         <system-err><![CDATA[2018-09-04 11:05:33 - [TEST_CASE][FAILED] - Test Cases/Shop/TC03_Search_SimpleProduct_Sale_Creditcard_LessThan60_Normal: Test Cases/Shop/TC03_Search_SimpleProduct_Sale_Creditcard_LessThan60_Normal FAILED because (of) Keyword VerifyProductOnSearchResult is Failed]]></system-err>
      </testcase>
      <testcase name="Test Cases/Shop/TC04_Search_VariationProduct_NotSale_AmazonPay_GreaterThan200" classname="Test Cases/Shop/TC04_Search_VariationProduct_NotSale_AmazonPay_GreaterThan200" status="FAILED">
         <failure type="FAILED" message="Keyword VerifyNumberItemInCart is Failed, Number item in cart is 9, expected is 8"/>
         <system-out><![CDATA[2018-09-04 11:07:55 - [TEST_CASE][FAILED] - Test Cases/Shop/TC04_Search_VariationProduct_NotSale_AmazonPay_GreaterThan200: Test Cases/Shop/TC04_Search_VariationProduct_NotSale_AmazonPay_GreaterThan200 FAILED because (of) Keyword VerifyNumberItemInCart is Failed, Number item in cart is 9, expected is 8

2018-09-04 11:07:55 - [TEST_STEP][PASSED] - Statement - productName = VARIATION_PRODUCT: null

2018-09-04 11:07:55 - [TEST_STEP][PASSED] - Statement - price = VARIATION_PRICE1: null

2018-09-04 11:07:55 - [TEST_STEP][PASSED] - Statement - variation = VARIATION_NAME1: null

2018-09-04 11:07:55 - [TEST_STEP][PASSED] - Statement - r_string = new java.lang.Math().random().toString().substring(2, 8): null

2018-09-04 11:07:55 - [TEST_STEP][PASSED] - Statement - email = "auto" + r_string + "@mailinator.com": null

2018-09-04 11:07:55 - [TEST_STEP][PASSED] - Statement - orderNote = "auto" + r_string + "Order": null

2018-09-04 11:07:55 - [TEST_STEP][PASSED] - Statement - currentNumberItemInCart = <not implemented yet for class: org.codehaus.groovy.ast.expr.EmptyExpression>: null

2018-09-04 11:07:55 - [TEST_STEP][PASSED] - Statement - quantity = 8: null

2018-09-04 11:07:55 - [TEST_STEP][PASSED] - Statement - subtotal = CustomKeywords.beautytap.ShopAction.calculateTotal(quantity, price): beautytap.ShopAction.calculateTotal is PASSED

2018-09-04 11:07:55 - [MESSAGE][PASSED] - beautytap.ShopAction.calculateTotal is PASSED

2018-09-04 11:07:55 - [TEST_STEP][PASSED] - Statement - total = subtotal: null

2018-09-04 11:07:55 - [TEST_STEP][PASSED] - Statement - total = CustomKeywords.beautytap.ShopAction.calculateTotal(1, total): beautytap.ShopAction.calculateTotal is PASSED

2018-09-04 11:07:55 - [MESSAGE][PASSED] - beautytap.ShopAction.calculateTotal is PASSED

2018-09-04 11:07:55 - [TEST_STEP][PASSED] - Statement - products = new org.json.JSONArray((((((((([{"productname":" + productName) + ","variation":") + variation) + ","quantity":") + quantity) + ","price":") + price) + "}])): null

2018-09-04 11:07:55 - [TEST_STEP][PASSED] - Statement - billingInformation = new org.json.JSONObject((({"firstname":"Test","lastname":"Automation","country":"United States (US)","address":"123 Testing","city":"New York","state":"New York","zip":"90012","email":" + email) + "})): null

2018-09-04 11:07:55 - [TEST_STEP][PASSED] - Statement - shippingLabel = FREE_EMS_SHIPPING_LABEL: null

2018-09-04 11:07:55 - [TEST_STEP][PASSED] - Statement - shippingPrice = 0: null

2018-09-04 11:07:55 - [TEST_STEP][PASSED] - Statement - shippingType = "freeEMS": null

2018-09-04 11:07:55 - [TEST_STEP][PASSED] - Statement - paymentMethod = "Amazon Pay": null

2018-09-04 11:07:55 - [TEST_STEP][PASSED] - beautytap.GeneralAction.openBeautytap: beautytap.GeneralAction.openBeautytap is PASSED

2018-09-04 11:07:55 - [MESSAGE][WARNING] - A browser is already opened. Closing browser and opening a new one

2018-09-04 11:08:04 - [MESSAGE][PASSED] - Browser is opened with url: 'https://stage.beautytap.com'

2018-09-04 11:08:05 - [MESSAGE][PASSED] - Current window maximized

2018-09-04 11:08:08 - [MESSAGE][PASSED] - Refresh successfully

2018-09-04 11:08:08 - [MESSAGE][PASSED] - Wait for page load successfully

2018-09-04 11:08:08 - [MESSAGE][PASSED] - beautytap.GeneralAction.openBeautytap is PASSED

2018-09-04 11:08:08 - [TEST_STEP][PASSED] - beautytap.ShopAction.globalSearch: beautytap.ShopAction.globalSearch is PASSED

2018-09-04 11:08:09 - [MESSAGE][PASSED] - Object: 'Object Repository/Page_General/icon_search' is clicked on

2018-09-04 11:08:14 - [MESSAGE][PASSED] - Delayed 5 second(s)

2018-09-04 11:08:14 - [MESSAGE][PASSED] - Text of object 'Object Repository/Page_General/txt_search' is cleared

2018-09-04 11:08:14 - [MESSAGE][PASSED] - Keys 'CONTROL + v' sent to object: 'Object Repository/Page_General/txt_search'

2018-09-04 11:08:16 - [MESSAGE][PASSED] - Object 'Object Repository/Page_General/div_searchResult' is present

2018-09-04 11:08:16 - [MESSAGE][PASSED] - beautytap.ShopAction.globalSearch is PASSED

2018-09-04 11:08:16 - [TEST_STEP][PASSED] - beautytap.ShopAction.VerifyProductOnSearchResult: Keyword VerifyProductOnSearchResult is Passed

2018-09-04 11:08:16 - [MESSAGE][PASSED] - Object '' is present

2018-09-04 11:08:16 - [MESSAGE][PASSED] - Text of object '' is: '$26.70'

2018-09-04 11:08:16 - [MESSAGE][PASSED] - Get CSS 'color' value on '' successfully: 'rgba(255, 35, 134, 1)'.

2018-09-04 11:08:16 - [MESSAGE][PASSED] - Get CSS 'color' value on '' successfully: 'rgba(255, 35, 134, 1)'.

2018-09-04 11:08:16 - [MESSAGE][PASSED] - Keyword VerifyProductOnSearchResult is Passed

2018-09-04 11:08:16 - [TEST_STEP][PASSED] - beautytap.ShopAction.selectProductOnSearchResult: beautytap.ShopAction.selectProductOnSearchResult is PASSED

2018-09-04 11:08:23 - [MESSAGE][PASSED] - Object: '' is clicked on

2018-09-04 11:08:23 - [MESSAGE][PASSED] - Wait for page load successfully

2018-09-04 11:08:23 - [MESSAGE][PASSED] - beautytap.ShopAction.selectProductOnSearchResult is PASSED

2018-09-04 11:08:23 - [TEST_STEP][PASSED] - beautytap.ShopAction.selectProductVariation: beautytap.ShopAction.selectProductVariation is PASSED

2018-09-04 11:08:23 - [MESSAGE][PASSED] - Object: 'Object Repository/Page_Shop/drop_chooseOption' is clicked on

2018-09-04 11:08:24 - [MESSAGE][PASSED] - Delayed 1 second(s)

2018-09-04 11:08:24 - [MESSAGE][PASSED] - Object: '' is clicked on

2018-09-04 11:08:24 - [MESSAGE][PASSED] - beautytap.ShopAction.selectProductVariation is PASSED

2018-09-04 11:08:24 - [TEST_STEP][PASSED] - beautytap.ShopAction.VerifyProductDetails: Keyword VerifyProductDetails is Passed

2018-09-04 11:08:25 - [MESSAGE][PASSED] - Text of object '' is: 'MeloMELI Unicorn Heart Lake Cushion â€” 2 Choices'

2018-09-04 11:08:25 - [MESSAGE][PASSED] - All options with label 'Vanilla Beige' are selected in object 'Object Repository/Page_Shop/drop_chooseOption' 

2018-09-04 11:08:25 - [MESSAGE][PASSED] - Text of object '' is: '$26.70'

2018-09-04 11:08:25 - [MESSAGE][PASSED] - Get CSS 'color' value on '' successfully: 'rgba(255, 35, 134, 1)'.

2018-09-04 11:08:25 - [MESSAGE][PASSED] - Keyword VerifyProductDetails is Passed

2018-09-04 11:08:25 - [TEST_STEP][PASSED] - Statement - currentNumberItemInCart = CustomKeywords.beautytap.ShopAction.getNumberItemInCart(): beautytap.ShopAction.getNumberItemInCart is PASSED

2018-09-04 11:08:57 - [MESSAGE][WARNING] - com.kms.katalon.core.webui.exception.WebElementNotFoundException: Web element with id: '' located by 'By.xpath: //div[@class='header-right-top pull-right']/a[@class='shop-cart']/span[@class='number-cart']' not found
[[ATTACHMENT|E:\\BeautytapAutomation\\beautytapAuto\\Beautytap\\Reports\\Shop\\20180904_110529\\1536034136944.png]]

2018-09-04 11:08:57 - [MESSAGE][PASSED] - beautytap.ShopAction.getNumberItemInCart is PASSED

2018-09-04 11:08:57 - [TEST_STEP][PASSED] - beautytap.ShopAction.addProductToCart: beautytap.ShopAction.addProductToCart is PASSED

2018-09-04 11:08:57 - [MESSAGE][PASSED] - Text of object 'Object Repository/Page_Shop/txt_quantity' is cleared

2018-09-04 11:08:57 - [MESSAGE][PASSED] - Keys '8' sent to object: 'Object Repository/Page_Shop/txt_quantity'

2018-09-04 11:08:58 - [MESSAGE][PASSED] - Object: 'Object Repository/Page_Shop/btn_addToCart' is clicked on

2018-09-04 11:08:58 - [MESSAGE][PASSED] - Wait for page load successfully

2018-09-04 11:09:13 - [MESSAGE][PASSED] - Object 'Object Repository/Page_Shop/lbl_message' is present

2018-09-04 11:09:13 - [MESSAGE][PASSED] - beautytap.ShopAction.addProductToCart is PASSED

2018-09-04 11:09:13 - [TEST_STEP][FAILED] - beautytap.ShopAction.VerifyNumberItemInCart: Keyword VerifyNumberItemInCart is Failed, Number item in cart is 9, expected is 8

2018-09-04 11:09:13 - [MESSAGE][PASSED] - Object '' is present

2018-09-04 11:09:13 - [MESSAGE][PASSED] - Text of object '' is: '9'

2018-09-04 11:09:13 - [MESSAGE][FAILED] - Keyword VerifyNumberItemInCart is Failed, Number item in cart is 9, expected is 8

2018-09-04 11:09:13 - [TEST_STEP][PASSED] - beautytap.ShopAction.VerifyProductIsAddedToCart: beautytap.ShopAction.VerifyProductIsAddedToCart is PASSED

2018-09-04 11:09:13 - [MESSAGE][PASSED] - Object '' is present

2018-09-04 11:09:13 - [MESSAGE][PASSED] - beautytap.ShopAction.VerifyProductIsAddedToCart is PASSED

2018-09-04 11:09:13 - [TEST_STEP][PASSED] - beautytap.ShopAction.goToCart: beautytap.ShopAction.goToCart is PASSED

2018-09-04 11:09:18 - [MESSAGE][PASSED] - Object: 'Object Repository/Page_General/icon_cart' is clicked on

2018-09-04 11:09:18 - [MESSAGE][PASSED] - Wait for page load successfully

2018-09-04 11:09:18 - [MESSAGE][PASSED] - beautytap.ShopAction.goToCart is PASSED

2018-09-04 11:09:18 - [TEST_STEP][PASSED] - beautytap.ShopAction.VerifyProductInCart: Keyword VerifyProductInCart is Passed

2018-09-04 11:09:19 - [MESSAGE][PASSED] - Object '' is present

2018-09-04 11:09:19 - [MESSAGE][PASSED] - Text of object '' is: '$26.70'

2018-09-04 11:09:19 - [MESSAGE][PASSED] - Attribute 'value' of object '' is: '8'

2018-09-04 11:09:19 - [MESSAGE][PASSED] - Text of object '' is: '$213.60'

2018-09-04 11:09:19 - [MESSAGE][PASSED] - Keyword VerifyProductInCart is Passed

2018-09-04 11:09:19 - [TEST_STEP][PASSED] - beautytap.ShopAction.processToCheckout: beautytap.ShopAction.processToCheckout is PASSED

2018-09-04 11:09:23 - [MESSAGE][PASSED] - Object: 'Object Repository/Page_Cart/btn_checkout' is clicked on

2018-09-04 11:09:23 - [MESSAGE][PASSED] - Wait for page load successfully

2018-09-04 11:09:23 - [MESSAGE][PASSED] - beautytap.ShopAction.processToCheckout is PASSED

2018-09-04 11:09:23 - [TEST_STEP][FAILED] - beautytap.ShopAction.loginAmazonPay: Unable to click on object 'Object Repository/Page_Checkout/btn_amazonPay' (Root cause: org.openqa.selenium.WebDriverException: unknown error: Element <img class=" amazonpay-button-inner-image" style="cursor: pointer; max-height: 45px;" alt="AmazonPay" id="OffAmazonPaymentsWidgets0" src="https://d2ldlvi1yef00y.cloudfront.net/default/us/sandbox/lwa/gold/medium/PwA.png"> is not clickable at point (1146, 22). Other element would receive the click: <span class="number-cart">...</span>
  (Session info: chrome=68.0.3440.106)
  (Driver info: chromedriver=2.35.528161 (5b82f2d2aae0ca24b877009200ced9065a772e73),platform=Windows NT 10.0.17134 x86_64) (WARNING: The server did not provide any stacktrace information)
Command duration or timeout: 0 milliseconds
Build info: version: '3.7.1', revision: '8a0099a', time: '2017-11-06T21:07:36.161Z'
System info: host: 'DESKTOP-G1UHP65', ip: '10.0.0.64', os.name: 'Windows 10', os.arch: 'amd64', os.version: '10.0', java.version: '1.8.0_102'
Driver info: com.kms.katalon.selenium.driver.CChromeDriver
Capabilities {acceptInsecureCerts: false, acceptSslCerts: false, applicationCacheEnabled: false, browserConnectionEnabled: false, browserName: chrome, chrome: {chromedriverVersion: 2.35.528161 (5b82f2d2aae0ca..., userDataDir: C:\Users\TRANGN~1\AppData\L...}, cssSelectorsEnabled: true, databaseEnabled: false, handlesAlerts: true, hasTouchScreen: false, javascriptEnabled: true, locationContextEnabled: true, mobileEmulationEnabled: false, nativeEvents: true, networkConnectionEnabled: false, pageLoadStrategy: normal, platform: XP, platformName: XP, rotatable: false, setWindowRect: true, takesHeapSnapshot: true, takesScreenshot: true, unexpectedAlertBehaviour: , unhandledPromptBehavior: , version: 68.0.3440.106, webStorageEnabled: true}
Session ID: 0aa5764ec4a268fa7813362b2e59610a)

2018-09-04 11:09:24 - [MESSAGE][FAILED] - Unable to click on object 'Object Repository/Page_Checkout/btn_amazonPay' (Root cause: org.openqa.selenium.WebDriverException: unknown error: Element <img class=" amazonpay-button-inner-image" style="cursor: pointer; max-height: 45px;" alt="AmazonPay" id="OffAmazonPaymentsWidgets0" src="https://d2ldlvi1yef00y.cloudfront.net/default/us/sandbox/lwa/gold/medium/PwA.png"> is not clickable at point (1146, 22). Other element would receive the click: <span class="number-cart">...</span>
  (Session info: chrome=68.0.3440.106)
  (Driver info: chromedriver=2.35.528161 (5b82f2d2aae0ca24b877009200ced9065a772e73),platform=Windows NT 10.0.17134 x86_64) (WARNING: The server did not provide any stacktrace information)
Command duration or timeout: 0 milliseconds
Build info: version: '3.7.1', revision: '8a0099a', time: '2017-11-06T21:07:36.161Z'
System info: host: 'DESKTOP-G1UHP65', ip: '10.0.0.64', os.name: 'Windows 10', os.arch: 'amd64', os.version: '10.0', java.version: '1.8.0_102'
Driver info: com.kms.katalon.selenium.driver.CChromeDriver
Capabilities {acceptInsecureCerts: false, acceptSslCerts: false, applicationCacheEnabled: false, browserConnectionEnabled: false, browserName: chrome, chrome: {chromedriverVersion: 2.35.528161 (5b82f2d2aae0ca..., userDataDir: C:\Users\TRANGN~1\AppData\L...}, cssSelectorsEnabled: true, databaseEnabled: false, handlesAlerts: true, hasTouchScreen: false, javascriptEnabled: true, locationContextEnabled: true, mobileEmulationEnabled: false, nativeEvents: true, networkConnectionEnabled: false, pageLoadStrategy: normal, platform: XP, platformName: XP, rotatable: false, setWindowRect: true, takesHeapSnapshot: true, takesScreenshot: true, unexpectedAlertBehaviour: , unhandledPromptBehavior: , version: 68.0.3440.106, webStorageEnabled: true}
Session ID: 0aa5764ec4a268fa7813362b2e59610a)
[[ATTACHMENT|E:\\BeautytapAutomation\\beautytapAuto\\Beautytap\\Reports\\Shop\\20180904_110529\\1536034163884.png]]

2018-09-04 11:09:24 - [MESSAGE][FAILED] - Unable to click on object 'Object Repository/Page_Checkout/btn_amazonPay' (Root cause: org.openqa.selenium.WebDriverException: unknown error: Element <img class=" amazonpay-button-inner-image" style="cursor: pointer; max-height: 45px;" alt="AmazonPay" id="OffAmazonPaymentsWidgets0" src="https://d2ldlvi1yef00y.cloudfront.net/default/us/sandbox/lwa/gold/medium/PwA.png"> is not clickable at point (1146, 22). Other element would receive the click: <span class="number-cart">...</span>
  (Session info: chrome=68.0.3440.106)
  (Driver info: chromedriver=2.35.528161 (5b82f2d2aae0ca24b877009200ced9065a772e73),platform=Windows NT 10.0.17134 x86_64) (WARNING: The server did not provide any stacktrace information)
Command duration or timeout: 0 milliseconds
Build info: version: '3.7.1', revision: '8a0099a', time: '2017-11-06T21:07:36.161Z'
System info: host: 'DESKTOP-G1UHP65', ip: '10.0.0.64', os.name: 'Windows 10', os.arch: 'amd64', os.version: '10.0', java.version: '1.8.0_102'
Driver info: com.kms.katalon.selenium.driver.CChromeDriver
Capabilities {acceptInsecureCerts: false, acceptSslCerts: false, applicationCacheEnabled: false, browserConnectionEnabled: false, browserName: chrome, chrome: {chromedriverVersion: 2.35.528161 (5b82f2d2aae0ca..., userDataDir: C:\Users\TRANGN~1\AppData\L...}, cssSelectorsEnabled: true, databaseEnabled: false, handlesAlerts: true, hasTouchScreen: false, javascriptEnabled: true, locationContextEnabled: true, mobileEmulationEnabled: false, nativeEvents: true, networkConnectionEnabled: false, pageLoadStrategy: normal, platform: XP, platformName: XP, rotatable: false, setWindowRect: true, takesHeapSnapshot: true, takesScreenshot: true, unexpectedAlertBehaviour: , unhandledPromptBehavior: , version: 68.0.3440.106, webStorageEnabled: true}
Session ID: 0aa5764ec4a268fa7813362b2e59610a)]]></system-out>
         <system-err><![CDATA[2018-09-04 11:07:55 - [TEST_CASE][FAILED] - Test Cases/Shop/TC04_Search_VariationProduct_NotSale_AmazonPay_GreaterThan200: Test Cases/Shop/TC04_Search_VariationProduct_NotSale_AmazonPay_GreaterThan200 FAILED because (of) Keyword VerifyNumberItemInCart is Failed, Number item in cart is 9, expected is 8]]></system-err>
      </testcase>
      <testcase name="Test Cases/Shop/TC05_Browse_SimpleProduct_NotSale_PayPal_GreaterThan60LessThan200" classname="Test Cases/Shop/TC05_Browse_SimpleProduct_NotSale_PayPal_GreaterThan60LessThan200" status="FAILED">
         <failure type="FAILED" message="Keyword VerifyNumberItemInCart is Failed, Number item in cart is 4, expected is 3"/>
         <system-out><![CDATA[2018-09-04 11:09:26 - [TEST_CASE][FAILED] - Test Cases/Shop/TC05_Browse_SimpleProduct_NotSale_PayPal_GreaterThan60LessThan200: Test Cases/Shop/TC05_Browse_SimpleProduct_NotSale_PayPal_GreaterThan60LessThan200 FAILED because (of) Keyword VerifyNumberItemInCart is Failed, Number item in cart is 4, expected is 3

2018-09-04 11:09:26 - [TEST_STEP][PASSED] - Statement - productName = SIMPLE_PRODUCT: null

2018-09-04 11:09:26 - [TEST_STEP][PASSED] - Statement - price = SIMPLE_PRODUCT_PRICE: null

2018-09-04 11:09:26 - [TEST_STEP][PASSED] - Statement - r_string = new java.lang.Math().random().toString().substring(2, 8): null

2018-09-04 11:09:26 - [TEST_STEP][PASSED] - Statement - email = "auto" + r_string + "@mailinator.com": null

2018-09-04 11:09:26 - [TEST_STEP][PASSED] - Statement - orderNote = "auto" + r_string + "Order": null

2018-09-04 11:09:26 - [TEST_STEP][PASSED] - Statement - currentNumberItemInCart = <not implemented yet for class: org.codehaus.groovy.ast.expr.EmptyExpression>: null

2018-09-04 11:09:26 - [TEST_STEP][PASSED] - Statement - quantity = 3: null

2018-09-04 11:09:26 - [TEST_STEP][PASSED] - Statement - subtotal = CustomKeywords.beautytap.ShopAction.calculateTotal(quantity, price): beautytap.ShopAction.calculateTotal is PASSED

2018-09-04 11:09:26 - [MESSAGE][PASSED] - beautytap.ShopAction.calculateTotal is PASSED

2018-09-04 11:09:26 - [TEST_STEP][PASSED] - Statement - total = subtotal: null

2018-09-04 11:09:26 - [TEST_STEP][PASSED] - Statement - total = CustomKeywords.beautytap.ShopAction.calculateTotal(1, total): beautytap.ShopAction.calculateTotal is PASSED

2018-09-04 11:09:26 - [MESSAGE][PASSED] - beautytap.ShopAction.calculateTotal is PASSED

2018-09-04 11:09:26 - [TEST_STEP][PASSED] - Statement - products = new org.json.JSONArray((((((([{"productname":" + productName) + ","variation":"","quantity":") + quantity) + ","price":") + price) + "}])): null

2018-09-04 11:09:26 - [TEST_STEP][PASSED] - Statement - billingInformation = new org.json.JSONObject((({"firstname":"Test","lastname":"Automation","country":"United States (US)","address":"123 Testing","city":"New York","state":"New York","zip":"90012","email":" + email) + "})): null

2018-09-04 11:09:26 - [TEST_STEP][PASSED] - Statement - shippingLabel = FREE_SHIPPING_LABEL: null

2018-09-04 11:09:26 - [TEST_STEP][PASSED] - Statement - shippingPrice = 0: null

2018-09-04 11:09:26 - [TEST_STEP][PASSED] - Statement - shippingType = "free": null

2018-09-04 11:09:26 - [TEST_STEP][PASSED] - Statement - paymentMethod = "PayPal": null

2018-09-04 11:09:26 - [TEST_STEP][PASSED] - Statement - category = "What's New": null

2018-09-04 11:09:26 - [TEST_STEP][PASSED] - beautytap.GeneralAction.openBeautytap: beautytap.GeneralAction.openBeautytap is PASSED

2018-09-04 11:09:26 - [MESSAGE][WARNING] - A browser is already opened. Closing browser and opening a new one

2018-09-04 11:09:37 - [MESSAGE][PASSED] - Browser is opened with url: 'https://stage.beautytap.com'

2018-09-04 11:09:38 - [MESSAGE][PASSED] - Current window maximized

2018-09-04 11:09:41 - [MESSAGE][PASSED] - Refresh successfully

2018-09-04 11:09:41 - [MESSAGE][PASSED] - Wait for page load successfully

2018-09-04 11:09:41 - [MESSAGE][PASSED] - beautytap.GeneralAction.openBeautytap is PASSED

2018-09-04 11:09:41 - [TEST_STEP][PASSED] - beautytap.ShopAction.selectCategory: beautytap.ShopAction.selectCategory is PASSED

2018-09-04 11:09:50 - [MESSAGE][PASSED] - Object: '' is clicked on

2018-09-04 11:09:50 - [MESSAGE][PASSED] - Wait for page load successfully

2018-09-04 11:09:50 - [MESSAGE][PASSED] - beautytap.ShopAction.selectCategory is PASSED

2018-09-04 11:09:50 - [TEST_STEP][PASSED] - beautytap.ShopAction.findProductOnProductList: beautytap.ShopAction.findProductOnProductList is PASSED

2018-09-04 11:09:50 - [MESSAGE][PASSED] - Text of object '' is: '76'

2018-09-04 11:09:55 - [MESSAGE][WARNING] - com.kms.katalon.core.webui.exception.WebElementNotFoundException: Web element with id: '' located by 'By.xpath: //a[text()='La Muse Correct Care Complete Cushion SPF50+']' not found
[[ATTACHMENT|E:\\BeautytapAutomation\\beautytapAuto\\Beautytap\\Reports\\Shop\\20180904_110529\\1536034195312.png]]

2018-09-04 11:10:03 - [MESSAGE][PASSED] - Object: '' is clicked on

2018-09-04 11:10:03 - [MESSAGE][PASSED] - Wait for page load successfully

2018-09-04 11:10:03 - [MESSAGE][PASSED] - Object '' is present

2018-09-04 11:10:03 - [MESSAGE][PASSED] - beautytap.ShopAction.findProductOnProductList is PASSED

2018-09-04 11:10:03 - [TEST_STEP][PASSED] - beautytap.ShopAction.VerifyProductOnProductList: Keyword VerifyProductOnProductList is Passed

2018-09-04 11:10:03 - [MESSAGE][PASSED] - Object '' is present

2018-09-04 11:10:03 - [MESSAGE][PASSED] - Text of object '' is: '$31.80'

2018-09-04 11:10:03 - [MESSAGE][PASSED] - Get CSS 'color' value on '' successfully: 'rgba(255, 35, 134, 1)'.

2018-09-04 11:10:03 - [MESSAGE][PASSED] - Get CSS 'color' value on '' successfully: 'rgba(255, 35, 134, 1)'.

2018-09-04 11:10:03 - [MESSAGE][PASSED] - Keyword VerifyProductOnProductList is Passed

2018-09-04 11:10:03 - [TEST_STEP][PASSED] - beautytap.ShopAction.selectProductOnProductList: beautytap.ShopAction.selectProductOnProductList is PASSED

2018-09-04 11:10:09 - [MESSAGE][PASSED] - Object: '' is clicked on

2018-09-04 11:10:09 - [MESSAGE][PASSED] - Wait for page load successfully

2018-09-04 11:10:09 - [MESSAGE][PASSED] - beautytap.ShopAction.selectProductOnProductList is PASSED

2018-09-04 11:10:09 - [TEST_STEP][PASSED] - beautytap.ShopAction.VerifyProductDetails: Keyword VerifyProductDetails is Passed

2018-09-04 11:10:09 - [MESSAGE][PASSED] - Text of object '' is: 'La Muse Correct Care Complete Cushion SPF50+'

2018-09-04 11:10:09 - [MESSAGE][PASSED] - Text of object '' is: '$31.80'

2018-09-04 11:10:09 - [MESSAGE][PASSED] - Get CSS 'color' value on '' successfully: 'rgba(255, 35, 134, 1)'.

2018-09-04 11:10:09 - [MESSAGE][PASSED] - Keyword VerifyProductDetails is Passed

2018-09-04 11:10:09 - [TEST_STEP][PASSED] - Statement - currentNumberItemInCart = CustomKeywords.beautytap.ShopAction.getNumberItemInCart(): beautytap.ShopAction.getNumberItemInCart is PASSED

2018-09-04 11:10:40 - [MESSAGE][WARNING] - com.kms.katalon.core.webui.exception.WebElementNotFoundException: Web element with id: '' located by 'By.xpath: //div[@class='header-right-top pull-right']/a[@class='shop-cart']/span[@class='number-cart']' not found
[[ATTACHMENT|E:\\BeautytapAutomation\\beautytapAuto\\Beautytap\\Reports\\Shop\\20180904_110529\\1536034240629.png]]

2018-09-04 11:10:40 - [MESSAGE][PASSED] - beautytap.ShopAction.getNumberItemInCart is PASSED

2018-09-04 11:10:40 - [TEST_STEP][PASSED] - beautytap.ShopAction.addProductToCart: beautytap.ShopAction.addProductToCart is PASSED

2018-09-04 11:10:40 - [MESSAGE][PASSED] - Text of object 'Object Repository/Page_Shop/txt_quantity' is cleared

2018-09-04 11:10:41 - [MESSAGE][PASSED] - Keys '3' sent to object: 'Object Repository/Page_Shop/txt_quantity'

2018-09-04 11:10:41 - [MESSAGE][PASSED] - Object: 'Object Repository/Page_Shop/btn_addToCart' is clicked on

2018-09-04 11:10:41 - [MESSAGE][PASSED] - Wait for page load successfully

2018-09-04 11:10:54 - [MESSAGE][PASSED] - Object 'Object Repository/Page_Shop/lbl_message' is present

2018-09-04 11:10:54 - [MESSAGE][PASSED] - beautytap.ShopAction.addProductToCart is PASSED

2018-09-04 11:10:54 - [TEST_STEP][FAILED] - beautytap.ShopAction.VerifyNumberItemInCart: Keyword VerifyNumberItemInCart is Failed, Number item in cart is 4, expected is 3

2018-09-04 11:10:54 - [MESSAGE][PASSED] - Object '' is present

2018-09-04 11:10:54 - [MESSAGE][PASSED] - Text of object '' is: '4'

2018-09-04 11:10:54 - [MESSAGE][FAILED] - Keyword VerifyNumberItemInCart is Failed, Number item in cart is 4, expected is 3

2018-09-04 11:10:54 - [TEST_STEP][PASSED] - beautytap.ShopAction.VerifyProductIsAddedToCart: beautytap.ShopAction.VerifyProductIsAddedToCart is PASSED

2018-09-04 11:10:54 - [MESSAGE][PASSED] - Object '' is present

2018-09-04 11:10:54 - [MESSAGE][PASSED] - beautytap.ShopAction.VerifyProductIsAddedToCart is PASSED

2018-09-04 11:10:54 - [TEST_STEP][PASSED] - beautytap.ShopAction.goToCart: beautytap.ShopAction.goToCart is PASSED

2018-09-04 11:10:59 - [MESSAGE][PASSED] - Object: 'Object Repository/Page_General/icon_cart' is clicked on

2018-09-04 11:10:59 - [MESSAGE][PASSED] - Wait for page load successfully

2018-09-04 11:10:59 - [MESSAGE][PASSED] - beautytap.ShopAction.goToCart is PASSED

2018-09-04 11:10:59 - [TEST_STEP][PASSED] - beautytap.ShopAction.VerifyProductInCart: Keyword VerifyProductInCart is Passed

2018-09-04 11:10:59 - [MESSAGE][PASSED] - Object '' is present

2018-09-04 11:10:59 - [MESSAGE][PASSED] - Text of object '' is: '$31.80'

2018-09-04 11:10:59 - [MESSAGE][PASSED] - Attribute 'value' of object '' is: '3'

2018-09-04 11:10:59 - [MESSAGE][PASSED] - Text of object '' is: '$95.40'

2018-09-04 11:10:59 - [MESSAGE][PASSED] - Keyword VerifyProductInCart is Passed

2018-09-04 11:10:59 - [TEST_STEP][PASSED] - beautytap.ShopAction.processToCheckout: beautytap.ShopAction.processToCheckout is PASSED

2018-09-04 11:11:03 - [MESSAGE][PASSED] - Object: 'Object Repository/Page_Cart/btn_checkout' is clicked on

2018-09-04 11:11:03 - [MESSAGE][PASSED] - Wait for page load successfully

2018-09-04 11:11:03 - [MESSAGE][PASSED] - beautytap.ShopAction.processToCheckout is PASSED

2018-09-04 11:11:03 - [TEST_STEP][PASSED] - beautytap.ShopAction.fillCustomerInformation: beautytap.ShopAction.fillCustomerInformation is PASSED

2018-09-04 11:11:03 - [MESSAGE][PASSED] - Text of object 'Object Repository/Page_Checkout/txt_billingFirstName' is cleared

2018-09-04 11:11:03 - [MESSAGE][PASSED] - Keys 'Test' sent to object: 'Object Repository/Page_Checkout/txt_billingFirstName'

2018-09-04 11:11:03 - [MESSAGE][PASSED] - Text of object 'Object Repository/Page_Checkout/txt_billingLastName' is cleared

2018-09-04 11:11:03 - [MESSAGE][PASSED] - Keys 'Automation' sent to object: 'Object Repository/Page_Checkout/txt_billingLastName'

2018-09-04 11:11:04 - [MESSAGE][PASSED] - All options with label 'United States (US)' are selected in object 'Object Repository/Page_Checkout/drop_billingCountry' 

2018-09-04 11:11:09 - [MESSAGE][PASSED] - Delayed 5 second(s)

2018-09-04 11:11:09 - [MESSAGE][PASSED] - Text of object 'Object Repository/Page_Checkout/txt_billingAddress' is cleared

2018-09-04 11:11:09 - [MESSAGE][PASSED] - Keys '123 Testing' sent to object: 'Object Repository/Page_Checkout/txt_billingAddress'

2018-09-04 11:11:09 - [MESSAGE][PASSED] - Text of object 'Object Repository/Page_Checkout/txt_billingCity' is cleared

2018-09-04 11:11:09 - [MESSAGE][PASSED] - Keys 'New York' sent to object: 'Object Repository/Page_Checkout/txt_billingCity'

2018-09-04 11:11:10 - [MESSAGE][PASSED] - All options with label 'New York' are selected in object 'Object Repository/Page_Checkout/drop_billingState' 

2018-09-04 11:11:10 - [MESSAGE][PASSED] - Text of object 'Object Repository/Page_Checkout/txt_billingZip' is cleared

2018-09-04 11:11:10 - [MESSAGE][PASSED] - Keys '90012' sent to object: 'Object Repository/Page_Checkout/txt_billingZip'

2018-09-04 11:11:10 - [MESSAGE][PASSED] - Text of object 'Object Repository/Page_Checkout/txt_billingEmail' is cleared

2018-09-04 11:11:11 - [MESSAGE][PASSED] - Keys 'auto230576@mailinator.com' sent to object: 'Object Repository/Page_Checkout/txt_billingEmail'

2018-09-04 11:11:11 - [MESSAGE][PASSED] - Object 'Object Repository/Page_Checkout/chk_shipToDifferentAddress' is un-checked

2018-09-04 11:11:11 - [MESSAGE][PASSED] - Text of object 'Object Repository/Page_Checkout/txt_orderNote' is cleared

2018-09-04 11:11:11 - [MESSAGE][PASSED] - Keys 'auto230576Order' sent to object: 'Object Repository/Page_Checkout/txt_orderNote'

2018-09-04 11:11:11 - [MESSAGE][PASSED] - Object 'Object Repository/Page_Checkout/radio_creditCard' is checked

2018-09-04 11:11:16 - [MESSAGE][PASSED] - Delayed 5 second(s)

2018-09-04 11:11:16 - [MESSAGE][PASSED] - beautytap.ShopAction.fillCustomerInformation is PASSED

2018-09-04 11:11:16 - [TEST_STEP][PASSED] - beautytap.ShopAction.VerifyOrderDetailsOnCheckout: Keyword VerifyOrderDetailsOnCheckout is Passed

2018-09-04 11:11:17 - [MESSAGE][PASSED] - Object '' is present

2018-09-04 11:11:17 - [MESSAGE][PASSED] - Text of object '' is: '$95.40'

2018-09-04 11:11:17 - [MESSAGE][PASSED] - Text of object '' is: 'Free shipping for orders over $60
Why does shipping take this long?'

2018-09-04 11:11:17 - [MESSAGE][PASSED] - Text of object '' is: '$95.40'

2018-09-04 11:11:17 - [MESSAGE][PASSED] - Keyword VerifyOrderDetailsOnCheckout is Passed

2018-09-04 11:11:17 - [TEST_STEP][PASSED] - beautytap.ShopAction.checkoutViaPaypal: beautytap.ShopAction.checkoutViaPaypal is PASSED

2018-09-04 11:11:17 - [MESSAGE][PASSED] - Object 'Object Repository/Page_Checkout/radio_paypal' is checked

2018-09-04 11:11:22 - [MESSAGE][PASSED] - Delayed 5 second(s)

2018-09-04 11:11:22 - [MESSAGE][PASSED] - Object 'Object Repository/Page_Checkout/chk_terms' is checked

2018-09-04 11:11:22 - [MESSAGE][PASSED] - Object: 'Object Repository/Page_Checkout/btn_placeOrder' is clicked on

2018-09-04 11:11:30 - [MESSAGE][PASSED] - Object 'Object Repository/Page_Paypal/txt_email' is present

2018-09-04 11:11:30 - [MESSAGE][PASSED] - Text of object 'Object Repository/Page_Paypal/txt_email' is cleared

2018-09-04 11:11:30 - [MESSAGE][PASSED] - Keys 'g1.posiba@gmail.com' sent to object: 'Object Repository/Page_Paypal/txt_email'

2018-09-04 11:11:30 - [MESSAGE][PASSED] - Text of object 'Object Repository/Page_Paypal/txt_password' is cleared

2018-09-04 11:11:31 - [MESSAGE][PASSED] - Keys 'Tr@ng99%' sent to object: 'Object Repository/Page_Paypal/txt_password'

2018-09-04 11:11:41 - [MESSAGE][PASSED] - Object: 'Object Repository/Page_Paypal/btn_login' is clicked on

2018-09-04 11:11:48 - [MESSAGE][PASSED] - Object 'Object Repository/Page_Paypal/btn_payNow' is present

2018-09-04 11:11:53 - [MESSAGE][PASSED] - Delayed 5 second(s)

2018-09-04 11:11:53 - [MESSAGE][PASSED] - Object: 'Object Repository/Page_Paypal/btn_payNow' is clicked on

2018-09-04 11:12:14 - [MESSAGE][PASSED] - Object 'Object Repository/Page_Checkout/lbl_orderReceived' is present

2018-09-04 11:12:14 - [MESSAGE][PASSED] - beautytap.ShopAction.checkoutViaPaypal is PASSED

2018-09-04 11:12:14 - [TEST_STEP][PASSED] - beautytap.ShopAction.VerifyOrderReceivedDetails: Keyword VerifyOrderReceivedDetails is Passed

2018-09-04 11:12:14 - [MESSAGE][PASSED] - Object '' is present

2018-09-04 11:12:14 - [MESSAGE][PASSED] - Text of object '' is: '$95.40'

2018-09-04 11:12:14 - [MESSAGE][PASSED] - Text of object '' is: 'Free shipping for orders over $60'

2018-09-04 11:12:45 - [MESSAGE][WARNING] - com.kms.katalon.core.webui.exception.WebElementNotFoundException: Web element with id: '' located by 'By.xpath: //th[text()='Shipping:']/parent::tr/td/span' not found
[[ATTACHMENT|E:\\BeautytapAutomation\\beautytapAuto\\Beautytap\\Reports\\Shop\\20180904_110529\\1536034365671.png]]

2018-09-04 11:12:45 - [MESSAGE][PASSED] - Text of object '' is: 'PayPal'

2018-09-04 11:12:46 - [MESSAGE][PASSED] - Text of object '' is: '$95.40'

2018-09-04 11:12:46 - [MESSAGE][PASSED] - Keyword VerifyOrderReceivedDetails is Passed

2018-09-04 11:12:46 - [TEST_STEP][PASSED] - closeBrowser: Browser is closed

2018-09-04 11:12:47 - [MESSAGE][PASSED] - Browser is closed]]></system-out>
         <system-err><![CDATA[2018-09-04 11:09:26 - [TEST_CASE][FAILED] - Test Cases/Shop/TC05_Browse_SimpleProduct_NotSale_PayPal_GreaterThan60LessThan200: Test Cases/Shop/TC05_Browse_SimpleProduct_NotSale_PayPal_GreaterThan60LessThan200 FAILED because (of) Keyword VerifyNumberItemInCart is Failed, Number item in cart is 4, expected is 3]]></system-err>
      </testcase>
      <testcase name="Test Cases/Shop/TC06_Browse_VariationProduct_Sale_AmazonPayAtCart_LessThan60_EMS" classname="Test Cases/Shop/TC06_Browse_VariationProduct_Sale_AmazonPayAtCart_LessThan60_EMS" status="PASSED">
         <system-out><![CDATA[2018-09-04 11:12:49 - [TEST_CASE][PASSED] - Test Cases/Shop/TC06_Browse_VariationProduct_Sale_AmazonPayAtCart_LessThan60_EMS: Test Cases/Shop/TC06_Browse_VariationProduct_Sale_AmazonPayAtCart_LessThan60_EMS

2018-09-04 11:12:49 - [TEST_STEP][PASSED] - Statement - productName = VARIATION_SALE_PRODUCT: null

2018-09-04 11:12:49 - [TEST_STEP][PASSED] - Statement - saleprice = VARIATION_SALE_PRICE1: null

2018-09-04 11:12:49 - [TEST_STEP][PASSED] - Statement - redularprice = VARIATION_SALE_REGULAR_PRICE1: null

2018-09-04 11:12:49 - [TEST_STEP][PASSED] - Statement - variation = VARIATION_SALE_NAME1: null

2018-09-04 11:12:49 - [TEST_STEP][PASSED] - Statement - r_string = new java.lang.Math().random().toString().substring(2, 8): null

2018-09-04 11:12:49 - [TEST_STEP][PASSED] - Statement - email = "auto" + r_string + "@mailinator.com": null

2018-09-04 11:12:49 - [TEST_STEP][PASSED] - Statement - orderNote = "auto" + r_string + "Order": null

2018-09-04 11:12:49 - [TEST_STEP][PASSED] - Statement - currentNumberItemInCart = <not implemented yet for class: org.codehaus.groovy.ast.expr.EmptyExpression>: null

2018-09-04 11:12:49 - [TEST_STEP][PASSED] - Statement - quantity = 5: null

2018-09-04 11:12:50 - [TEST_STEP][PASSED] - Statement - shippingLabel = EMS_SHIPPING_LABEL: null

2018-09-04 11:12:50 - [TEST_STEP][PASSED] - Statement - shippingPrice = EMS_SHIPPING_PRICE: null

2018-09-04 11:12:50 - [TEST_STEP][PASSED] - Statement - subtotal = CustomKeywords.beautytap.ShopAction.calculateTotal(quantity, saleprice): beautytap.ShopAction.calculateTotal is PASSED

2018-09-04 11:12:50 - [MESSAGE][PASSED] - beautytap.ShopAction.calculateTotal is PASSED

2018-09-04 11:12:50 - [TEST_STEP][PASSED] - Statement - total = subtotal + shippingPrice: null

2018-09-04 11:12:50 - [TEST_STEP][PASSED] - Statement - total = CustomKeywords.beautytap.ShopAction.calculateTotal(1, total): beautytap.ShopAction.calculateTotal is PASSED

2018-09-04 11:12:50 - [MESSAGE][PASSED] - beautytap.ShopAction.calculateTotal is PASSED

2018-09-04 11:12:50 - [TEST_STEP][PASSED] - Statement - products = new org.json.JSONArray((((((((([{"productname":" + productName) + ","variation":") + variation) + ","quantity":") + quantity) + ","price":") + saleprice) + "}])): null

2018-09-04 11:12:50 - [TEST_STEP][PASSED] - Statement - billingInformation = new org.json.JSONObject((({"firstname":"Test","lastname":"Automation","country":"United States (US)","address":"123 Testing","city":"New York","state":"New York","zip":"90012","email":" + email) + "})): null

2018-09-04 11:12:50 - [TEST_STEP][PASSED] - Statement - shippingType = "EMS": null

2018-09-04 11:12:50 - [TEST_STEP][PASSED] - Statement - paymentMethod = "Amazon Pay": null

2018-09-04 11:12:50 - [TEST_STEP][PASSED] - Statement - category = "Brands": null

2018-09-04 11:12:50 - [TEST_STEP][PASSED] - Statement - subcategory = "Innisfree": null

2018-09-04 11:12:50 - [TEST_STEP][PASSED] - beautytap.GeneralAction.openBeautytap: beautytap.GeneralAction.openBeautytap is PASSED

2018-09-04 11:13:09 - [MESSAGE][PASSED] - Browser is opened with url: 'https://stage.beautytap.com'

2018-09-04 11:13:10 - [MESSAGE][PASSED] - Current window maximized

2018-09-04 11:13:14 - [MESSAGE][PASSED] - Refresh successfully

2018-09-04 11:13:14 - [MESSAGE][PASSED] - Wait for page load successfully

2018-09-04 11:13:14 - [MESSAGE][PASSED] - beautytap.GeneralAction.openBeautytap is PASSED

2018-09-04 11:13:14 - [TEST_STEP][PASSED] - beautytap.ShopAction.selectCategory: beautytap.ShopAction.selectCategory is PASSED

2018-09-04 11:13:14 - [MESSAGE][PASSED] - Object: '' is clicked on

2018-09-04 11:13:16 - [MESSAGE][PASSED] - Delayed 2 second(s)

2018-09-04 11:13:26 - [MESSAGE][PASSED] - Object: '' is clicked on

2018-09-04 11:13:26 - [MESSAGE][PASSED] - Wait for page load successfully

2018-09-04 11:13:26 - [MESSAGE][PASSED] - beautytap.ShopAction.selectCategory is PASSED

2018-09-04 11:13:26 - [TEST_STEP][PASSED] - beautytap.ShopAction.findProductOnProductList: beautytap.ShopAction.findProductOnProductList is PASSED

2018-09-04 11:13:26 - [MESSAGE][PASSED] - Text of object '' is: '3'

2018-09-04 11:13:31 - [MESSAGE][WARNING] - com.kms.katalon.core.webui.exception.WebElementNotFoundException: Web element with id: '' located by 'By.xpath: //a[text()='Innisfree Eye Contouring Stick Round Shape 0.7g']' not found
[[ATTACHMENT|E:\\BeautytapAutomation\\beautytapAuto\\Beautytap\\Reports\\Shop\\20180904_110529\\1536034411638.png]]

2018-09-04 11:13:40 - [MESSAGE][PASSED] - Object: '' is clicked on

2018-09-04 11:13:40 - [MESSAGE][PASSED] - Wait for page load successfully

2018-09-04 11:13:40 - [MESSAGE][PASSED] - Object '' is present

2018-09-04 11:13:40 - [MESSAGE][PASSED] - beautytap.ShopAction.findProductOnProductList is PASSED

2018-09-04 11:13:40 - [TEST_STEP][PASSED] - beautytap.ShopAction.VerifyProductOnProductList: Keyword VerifyProductOnProductList is Passed

2018-09-04 11:13:40 - [MESSAGE][PASSED] - Object '' is present

2018-09-04 11:13:40 - [MESSAGE][PASSED] - Text of object '' is: '$4.95'

2018-09-04 11:13:40 - [MESSAGE][PASSED] - Get CSS 'color' value on '' successfully: 'rgba(255, 35, 134, 1)'.

2018-09-04 11:13:40 - [MESSAGE][PASSED] - Get CSS 'color' value on '' successfully: 'rgba(255, 35, 134, 1)'.

2018-09-04 11:13:40 - [MESSAGE][PASSED] - Text of object '' is: '$6.50'

2018-09-04 11:13:40 - [MESSAGE][PASSED] - Get CSS 'color' value on '' successfully: 'rgba(255, 35, 134, 1)'.

2018-09-04 11:13:40 - [MESSAGE][PASSED] - Get CSS 'color' value on '' successfully: 'rgba(255, 35, 134, 1)'.

2018-09-04 11:13:40 - [MESSAGE][PASSED] - Keyword VerifyProductOnProductList is Passed

2018-09-04 11:13:40 - [TEST_STEP][PASSED] - beautytap.ShopAction.selectProductOnProductList: beautytap.ShopAction.selectProductOnProductList is PASSED

2018-09-04 11:13:48 - [MESSAGE][PASSED] - Object: '' is clicked on

2018-09-04 11:13:48 - [MESSAGE][PASSED] - Wait for page load successfully

2018-09-04 11:13:48 - [MESSAGE][PASSED] - beautytap.ShopAction.selectProductOnProductList is PASSED

2018-09-04 11:13:48 - [TEST_STEP][PASSED] - beautytap.ShopAction.selectProductVariation: beautytap.ShopAction.selectProductVariation is PASSED

2018-09-04 11:13:49 - [MESSAGE][PASSED] - Object: 'Object Repository/Page_Shop/drop_chooseOption' is clicked on

2018-09-04 11:13:50 - [MESSAGE][PASSED] - Delayed 1 second(s)

2018-09-04 11:13:50 - [MESSAGE][PASSED] - Object: '' is clicked on

2018-09-04 11:13:50 - [MESSAGE][PASSED] - beautytap.ShopAction.selectProductVariation is PASSED

2018-09-04 11:13:50 - [TEST_STEP][PASSED] - beautytap.ShopAction.VerifyProductDetails: Keyword VerifyProductDetails is Passed

2018-09-04 11:13:50 - [MESSAGE][PASSED] - Text of object '' is: 'Innisfree Eye Contouring Stick Round Shape 0.7g'

2018-09-04 11:13:51 - [MESSAGE][PASSED] - All options with label '5' are selected in object 'Object Repository/Page_Shop/drop_chooseOption' 

2018-09-04 11:13:51 - [MESSAGE][PASSED] - Text of object '' is: '$6.50'

2018-09-04 11:13:51 - [MESSAGE][PASSED] - Get CSS 'color' value on '' successfully: 'rgba(195, 195, 195, 1)'.

2018-09-04 11:13:51 - [MESSAGE][PASSED] - Text of object '' is: '$4.95'

2018-09-04 11:13:51 - [MESSAGE][PASSED] - Get CSS 'color' value on '' successfully: 'rgba(255, 35, 134, 1)'.

2018-09-04 11:13:51 - [MESSAGE][PASSED] - Keyword VerifyProductDetails is Passed

2018-09-04 11:13:51 - [TEST_STEP][PASSED] - Statement - currentNumberItemInCart = CustomKeywords.beautytap.ShopAction.getNumberItemInCart(): beautytap.ShopAction.getNumberItemInCart is PASSED

2018-09-04 11:14:22 - [MESSAGE][WARNING] - com.kms.katalon.core.webui.exception.WebElementNotFoundException: Web element with id: '' located by 'By.xpath: //div[@class='header-right-top pull-right']/a[@class='shop-cart']/span[@class='number-cart']' not found
[[ATTACHMENT|E:\\BeautytapAutomation\\beautytapAuto\\Beautytap\\Reports\\Shop\\20180904_110529\\1536034462321.png]]

2018-09-04 11:14:22 - [MESSAGE][PASSED] - beautytap.ShopAction.getNumberItemInCart is PASSED

2018-09-04 11:14:22 - [TEST_STEP][PASSED] - beautytap.ShopAction.addProductToCart: beautytap.ShopAction.addProductToCart is PASSED

2018-09-04 11:14:22 - [MESSAGE][PASSED] - Text of object 'Object Repository/Page_Shop/txt_quantity' is cleared

2018-09-04 11:14:22 - [MESSAGE][PASSED] - Keys '5' sent to object: 'Object Repository/Page_Shop/txt_quantity'

2018-09-04 11:14:22 - [MESSAGE][PASSED] - Object: 'Object Repository/Page_Shop/btn_addToCart' is clicked on

2018-09-04 11:14:22 - [MESSAGE][PASSED] - Wait for page load successfully

2018-09-04 11:14:31 - [MESSAGE][PASSED] - Object 'Object Repository/Page_Shop/lbl_message' is present

2018-09-04 11:14:31 - [MESSAGE][PASSED] - beautytap.ShopAction.addProductToCart is PASSED

2018-09-04 11:14:31 - [TEST_STEP][PASSED] - beautytap.ShopAction.VerifyNumberItemInCart: Keyword VerifyNumberItemInCart is Passed, Number item in cart is 5, expected is 5

2018-09-04 11:14:31 - [MESSAGE][PASSED] - Object '' is present

2018-09-04 11:14:31 - [MESSAGE][PASSED] - Text of object '' is: '5'

2018-09-04 11:14:31 - [MESSAGE][PASSED] - Keyword VerifyNumberItemInCart is Passed, Number item in cart is 5, expected is 5

2018-09-04 11:14:31 - [TEST_STEP][PASSED] - beautytap.ShopAction.VerifyProductIsAddedToCart: beautytap.ShopAction.VerifyProductIsAddedToCart is PASSED

2018-09-04 11:14:31 - [MESSAGE][PASSED] - Object '' is present

2018-09-04 11:14:31 - [MESSAGE][PASSED] - beautytap.ShopAction.VerifyProductIsAddedToCart is PASSED

2018-09-04 11:14:31 - [TEST_STEP][PASSED] - beautytap.ShopAction.goToCart: beautytap.ShopAction.goToCart is PASSED

2018-09-04 11:14:36 - [MESSAGE][PASSED] - Object: 'Object Repository/Page_General/icon_cart' is clicked on

2018-09-04 11:14:36 - [MESSAGE][PASSED] - Wait for page load successfully

2018-09-04 11:14:36 - [MESSAGE][PASSED] - beautytap.ShopAction.goToCart is PASSED

2018-09-04 11:14:36 - [TEST_STEP][PASSED] - beautytap.ShopAction.VerifyProductInCart: Keyword VerifyProductInCart is Passed

2018-09-04 11:14:36 - [MESSAGE][PASSED] - Object '' is present

2018-09-04 11:14:36 - [MESSAGE][PASSED] - Text of object '' is: '$4.95'

2018-09-04 11:14:36 - [MESSAGE][PASSED] - Attribute 'value' of object '' is: '5'

2018-09-04 11:14:36 - [MESSAGE][PASSED] - Text of object '' is: '$24.75'

2018-09-04 11:14:36 - [MESSAGE][PASSED] - Keyword VerifyProductInCart is Passed

2018-09-04 11:14:36 - [TEST_STEP][PASSED] - beautytap.ShopAction.loginAmazonPay: beautytap.ShopAction.loginAmazonPay is PASSED

2018-09-04 11:14:36 - [MESSAGE][PASSED] - Object: 'Object Repository/Page_Cart/btn_payWithAmazon' is clicked on

2018-09-04 11:14:36 - [MESSAGE][PASSED] - Switched to window with index: '1'

2018-09-04 11:14:37 - [MESSAGE][PASSED] - Object 'Object Repository/Popup_Amazon/txt_email' is present

2018-09-04 11:14:37 - [MESSAGE][PASSED] - Text of object 'Object Repository/Popup_Amazon/txt_email' is cleared

2018-09-04 11:14:38 - [MESSAGE][PASSED] - Keys 'amazontest1503@yopmail.com' sent to object: 'Object Repository/Popup_Amazon/txt_email'

2018-09-04 11:14:38 - [MESSAGE][PASSED] - Text of object 'Object Repository/Popup_Amazon/txt_password' is cleared

2018-09-04 11:14:38 - [MESSAGE][PASSED] - Keys '123456' sent to object: 'Object Repository/Popup_Amazon/txt_password'

2018-09-04 11:14:41 - [MESSAGE][PASSED] - Object: 'Object Repository/Popup_Amazon/btn_signin' is clicked on

2018-09-04 11:14:41 - [MESSAGE][PASSED] - Switched to window with index: '0'

2018-09-04 11:15:11 - [MESSAGE][PASSED] - Delayed 30 second(s)

2018-09-04 11:15:11 - [MESSAGE][PASSED] - beautytap.ShopAction.loginAmazonPay is PASSED

2018-09-04 11:15:11 - [TEST_STEP][PASSED] - beautytap.ShopAction.selectShipping: beautytap.ShopAction.selectShipping is PASSED

2018-09-04 11:15:11 - [MESSAGE][PASSED] - Object '' is checked

2018-09-04 11:15:16 - [MESSAGE][PASSED] - Delayed 5 second(s)

2018-09-04 11:15:16 - [MESSAGE][PASSED] - beautytap.ShopAction.selectShipping is PASSED

2018-09-04 11:15:16 - [TEST_STEP][PASSED] - beautytap.ShopAction.VerifyOrderDetailsOnCheckout: Keyword VerifyOrderDetailsOnCheckout is Passed

2018-09-04 11:15:16 - [MESSAGE][PASSED] - Object '' is present

2018-09-04 11:15:16 - [MESSAGE][PASSED] - Text of object '' is: '$24.75'

2018-09-04 11:15:16 - [MESSAGE][PASSED] - Object '' has attribute 'checked'

2018-09-04 11:15:16 - [MESSAGE][PASSED] - Text of object '' is: '($25) - EMS Express shipping (est. 10-14 working days delivery including processing): $25.00'

2018-09-04 11:15:16 - [MESSAGE][PASSED] - Text of object '' is: '$25.00'

2018-09-04 11:15:16 - [MESSAGE][PASSED] - Text of object '' is: '$49.75'

2018-09-04 11:15:16 - [MESSAGE][PASSED] - Keyword VerifyOrderDetailsOnCheckout is Passed

2018-09-04 11:15:16 - [TEST_STEP][PASSED] - beautytap.ShopAction.checkoutViaAmazonPay: beautytap.ShopAction.checkoutViaAmazonPay is PASSED

2018-09-04 11:15:16 - [MESSAGE][PASSED] - Object 'Object Repository/Page_Checkout/chk_terms' is clickable

2018-09-04 11:15:16 - [MESSAGE][PASSED] - Object 'Object Repository/Page_Checkout/chk_terms' is checked

2018-09-04 11:15:17 - [MESSAGE][PASSED] - Object: 'Object Repository/Page_Checkout/btn_placeOrder' is clicked on

2018-09-04 11:15:30 - [MESSAGE][PASSED] - Object 'Object Repository/Page_Checkout/lbl_orderReceived' is present

2018-09-04 11:15:30 - [MESSAGE][PASSED] - beautytap.ShopAction.checkoutViaAmazonPay is PASSED

2018-09-04 11:15:30 - [TEST_STEP][PASSED] - beautytap.ShopAction.VerifyOrderReceivedDetails: Keyword VerifyOrderReceivedDetails is Passed

2018-09-04 11:15:30 - [MESSAGE][PASSED] - Object '' is present

2018-09-04 11:15:30 - [MESSAGE][PASSED] - Text of object '' is: '$24.75'

2018-09-04 11:15:30 - [MESSAGE][PASSED] - Text of object '' is: '$25.00 via ($25) - EMS Express shipping (est. 10-14 working days delivery including processing)'

2018-09-04 11:15:30 - [MESSAGE][PASSED] - Object '' is present

2018-09-04 11:15:31 - [MESSAGE][PASSED] - Text of object '' is: '$25.00'

2018-09-04 11:15:31 - [MESSAGE][PASSED] - Text of object '' is: 'Amazon Pay'

2018-09-04 11:15:31 - [MESSAGE][PASSED] - Text of object '' is: '$49.75'

2018-09-04 11:15:31 - [MESSAGE][PASSED] - Keyword VerifyOrderReceivedDetails is Passed

2018-09-04 11:15:31 - [TEST_STEP][PASSED] - closeBrowser: Browser is closed

2018-09-04 11:15:32 - [MESSAGE][PASSED] - Browser is closed]]></system-out>
         <system-err><![CDATA[]]></system-err>
      </testcase>
      <system-out><![CDATA[2018-09-04 11:05:32 - [TEST_SUITE][FAILED] - Shop: Test Cases/Shop/TC03_Search_SimpleProduct_Sale_Creditcard_LessThan60_Normal FAILED because (of) Keyword VerifyProductOnSearchResult is Failed]]></system-out>
      <system-err><![CDATA[2018-09-04 11:05:32 - [TEST_SUITE][FAILED] - Shop: Test Cases/Shop/TC03_Search_SimpleProduct_Sale_Creditcard_LessThan60_Normal FAILED because (of) Keyword VerifyProductOnSearchResult is Failed]]></system-err>
   </testsuite>
</testsuites>
