<?xml version="1.0" encoding="UTF-8"?>
<testsuites name="Regression" time="1129" tests="6" failures="0" errors="0">
   <testsuite name="Regression" tests="6" failures="0" errors="0" time="1129" timestamp="2018-09-21 10:19:47" hostname="Trang Nguyen - DESKTOP-G1UHP65" id="Test Suites/Regression">
      <properties>
         <property name="deviceName" value=""/>
         <property name="devicePlatform" value=""/>
         <property name="logFolder" value="E:\\BeautytapAutomation\\beautytapAuto\\Beautytap\\Reports\\Regression\\20180921_101944"/>
         <property name="logFiles" value="E:\\BeautytapAutomation\\beautytapAuto\\Beautytap\\Reports\\Regression\\20180921_101944\\execution0.log"/>
         <property name="attachments" value="E:\\BeautytapAutomation\\beautytapAuto\\Beautytap\\Reports\\Regression\\20180921_101944\\1537500207446.png, E:\\BeautytapAutomation\\beautytapAuto\\Beautytap\\Reports\\Regression\\20180921_101944\\1537500207781.png, E:\\BeautytapAutomation\\beautytapAuto\\Beautytap\\Reports\\Regression\\20180921_101944\\1537500294736.png, E:\\BeautytapAutomation\\beautytapAuto\\Beautytap\\Reports\\Regression\\20180921_101944\\1537500295029.png, E:\\BeautytapAutomation\\beautytapAuto\\Beautytap\\Reports\\Regression\\20180921_101944\\1537500484724.png, E:\\BeautytapAutomation\\beautytapAuto\\Beautytap\\Reports\\Regression\\20180921_101944\\1537500523854.png, E:\\BeautytapAutomation\\beautytapAuto\\Beautytap\\Reports\\Regression\\20180921_101944\\1537500655454.png, E:\\BeautytapAutomation\\beautytapAuto\\Beautytap\\Reports\\Regression\\20180921_101944\\1537500728597.png, E:\\BeautytapAutomation\\beautytapAuto\\Beautytap\\Reports\\Regression\\20180921_101944\\1537500784803.png, E:\\BeautytapAutomation\\beautytapAuto\\Beautytap\\Reports\\Regression\\20180921_101944\\1537500798789.png, E:\\BeautytapAutomation\\beautytapAuto\\Beautytap\\Reports\\Regression\\20180921_101944\\1537500842606.png, E:\\BeautytapAutomation\\beautytapAuto\\Beautytap\\Reports\\Regression\\20180921_101944\\1537500933654.png, E:\\BeautytapAutomation\\beautytapAuto\\Beautytap\\Reports\\Regression\\20180921_101944\\1537500980948.png, E:\\BeautytapAutomation\\beautytapAuto\\Beautytap\\Reports\\Regression\\20180921_101944\\1537501035907.png"/>
         <property name="hostName" value="Trang Nguyen - DESKTOP-G1UHP65"/>
         <property name="os" value="Windows 10 64bit"/>
         <property name="katalonVersion" value="5.5.0.1"/>
         <property name="browser" value="Chrome 69.0.3497.100"/>
         <property name="hostAddress" value="10.0.0.86"/>
         <property name="sessionId" value="4c403a433bb491d0514c4d2e1ba137cb"/>
         <property name="seleniumVersion" value="3.7.1"/>
         <property name="proxyInformation" value="ProxyInformation{proxyOption=NO_PROXY, proxyServerType=HTTP, password=, proxyServerAddress=, proxyServerPort=0}"/>
         <property name="platform" value="Windows 10"/>
      </properties>
      <testcase name="Test Cases/SignUp_Login_ResetPass/TC01_SignUp_Login_ResetPassword_Via_Email" classname="Test Cases/SignUp_Login_ResetPass/TC01_SignUp_Login_ResetPassword_Via_Email" status="PASSED">
         <system-out><![CDATA[2018-09-21 10:19:47 - [TEST_CASE][PASSED] - Test Cases/SignUp_Login_ResetPass/TC01_SignUp_Login_ResetPassword_Via_Email: Test Cases/SignUp_Login_ResetPass/TC01_SignUp_Login_ResetPassword_Via_Email

2018-09-21 10:19:48 - [TEST_STEP][PASSED] - Statement - r_string = new java.lang.Math().random().toString().substring(2, 8): null

2018-09-21 10:19:48 - [TEST_STEP][PASSED] - Statement - username = "auto" + r_string: null

2018-09-21 10:19:48 - [TEST_STEP][PASSED] - Statement - email = username + "@mailinator.com": null

2018-09-21 10:19:48 - [TEST_STEP][PASSED] - Statement - password = "123456": null

2018-09-21 10:19:48 - [TEST_STEP][PASSED] - Statement - newpassword = "test123": null

2018-09-21 10:19:49 - [TEST_STEP][PASSED] - Statement - name = "Auto User " + r_string: null

2018-09-21 10:19:49 - [TEST_STEP][PASSED] - Statement - birthday = "01/01/1990": null

2018-09-21 10:19:49 - [TEST_STEP][PASSED] - Statement - activation_subject = SITE_TITLE + " Activate your account": null

2018-09-21 10:19:49 - [TEST_STEP][PASSED] - Statement - resetpass_subject = SITE_TITLE + " Password Reset": null

2018-09-21 10:19:49 - [TEST_STEP][PASSED] - beautytap.GeneralAction.openBeautytap: beautytap.GeneralAction.openBeautytap is PASSED

2018-09-21 10:20:06 - [MESSAGE][PASSED] - Browser is opened with url: 'https://stage.beautytap.com'

2018-09-21 10:20:07 - [MESSAGE][PASSED] - Current window maximized

2018-09-21 10:20:11 - [MESSAGE][PASSED] - Refresh successfully

2018-09-21 10:20:11 - [MESSAGE][PASSED] - Wait for page load successfully

2018-09-21 10:20:11 - [MESSAGE][PASSED] - beautytap.GeneralAction.openBeautytap is PASSED

2018-09-21 10:20:11 - [TEST_STEP][PASSED] - beautytap.GeneralAction.clickNavigationMenu: beautytap.GeneralAction.clickNavigationMenu is PASSED

2018-09-21 10:20:15 - [MESSAGE][PASSED] - Object: 'Object Repository/Page_General/link_signup' is clicked on

2018-09-21 10:20:15 - [MESSAGE][PASSED] - Wait for page load successfully

2018-09-21 10:20:15 - [MESSAGE][PASSED] - beautytap.GeneralAction.clickNavigationMenu is PASSED

2018-09-21 10:20:15 - [TEST_STEP][PASSED] - beautytap.GeneralAction.signup: beautytap.GeneralAction.signup is PASSED

2018-09-21 10:20:15 - [MESSAGE][PASSED] - Keys 'auto872257' sent to object: 'Object Repository/Page_Signup/txt_username'

2018-09-21 10:20:16 - [MESSAGE][PASSED] - Keys 'auto872257@mailinator.com' sent to object: 'Object Repository/Page_Signup/txt_email'

2018-09-21 10:20:16 - [MESSAGE][PASSED] - Keys '123456' sent to object: 'Object Repository/Page_Signup/txt_password'

2018-09-21 10:20:16 - [MESSAGE][PASSED] - Keys 'Auto User 872257' sent to object: 'Object Repository/Page_Signup/txt_name'

2018-09-21 10:20:17 - [MESSAGE][PASSED] - Keys '01/01/1990' sent to object: 'Object Repository/Page_Signup/txt_birthday'

2018-09-21 10:20:17 - [MESSAGE][PASSED] - Object: 'Object Repository/Page_Signup/btn_signup' is clicked on

2018-09-21 10:20:17 - [MESSAGE][PASSED] - Wait for page load successfully

2018-09-21 10:20:17 - [MESSAGE][PASSED] - beautytap.GeneralAction.signup is PASSED

2018-09-21 10:20:17 - [TEST_STEP][PASSED] - verifyElementPresent: Object 'Object Repository/Page_Signup/lbl_sucessMessage' is present

2018-09-21 10:20:22 - [MESSAGE][PASSED] - Object 'Object Repository/Page_Signup/lbl_sucessMessage' is present

2018-09-21 10:20:22 - [TEST_STEP][PASSED] - beautytap.GeneralAction.openMailBox: beautytap.GeneralAction.openMailBox is PASSED

2018-09-21 10:20:24 - [MESSAGE][PASSED] - Navigate to 'https://www.mailinator.com' successfully

2018-09-21 10:20:24 - [MESSAGE][PASSED] - Wait for page load successfully

2018-09-21 10:20:24 - [MESSAGE][PASSED] - Keys 'auto872257' sent to object: 'Object Repository/Page_mailinator/txt_email'

2018-09-21 10:20:26 - [MESSAGE][PASSED] - Object: 'Object Repository/Page_mailinator/btn_go' is clicked on

2018-09-21 10:20:26 - [MESSAGE][PASSED] - Wait for page load successfully

2018-09-21 10:20:31 - [MESSAGE][PASSED] - Delayed 5 second(s)

2018-09-21 10:20:31 - [MESSAGE][PASSED] - beautytap.GeneralAction.openMailBox is PASSED

2018-09-21 10:20:31 - [TEST_STEP][PASSED] - beautytap.GeneralAction.verifyEmailExist: beautytap.GeneralAction.verifyEmailExist is PASSED

2018-09-21 10:20:31 - [MESSAGE][PASSED] - Object '' is present

2018-09-21 10:20:31 - [MESSAGE][PASSED] - beautytap.GeneralAction.verifyEmailExist is PASSED

2018-09-21 10:20:31 - [TEST_STEP][PASSED] - beautytap.GeneralAction.openEmail: beautytap.GeneralAction.openEmail is PASSED

2018-09-21 10:20:31 - [MESSAGE][PASSED] - Object: '' is clicked on

2018-09-21 10:20:31 - [MESSAGE][PASSED] - beautytap.GeneralAction.openEmail is PASSED

2018-09-21 10:20:31 - [TEST_STEP][PASSED] - beautytap.GeneralAction.clickEmailLink: beautytap.GeneralAction.clickEmailLink is PASSED

2018-09-21 10:20:32 - [MESSAGE][PASSED] - Text of object '' is: 'https://stage.beautytap.com/activate/3oO3Uemuh1x8IrFSdQMA1IIRtq6QDtlA/'

2018-09-21 10:20:46 - [MESSAGE][PASSED] - Navigate to 'https://stage.beautytap.com/activate/3oO3Uemuh1x8IrFSdQMA1IIRtq6QDtlA/' successfully

2018-09-21 10:20:46 - [MESSAGE][PASSED] - beautytap.GeneralAction.clickEmailLink is PASSED

2018-09-21 10:20:46 - [TEST_STEP][PASSED] - waitForPageLoad: Wait for page load successfully

2018-09-21 10:20:46 - [MESSAGE][PASSED] - Wait for page load successfully

2018-09-21 10:20:46 - [TEST_STEP][PASSED] - verifyElementPresent: Object 'Object Repository/Page_General/lbl_activeSuccessMessage' is present

2018-09-21 10:20:46 - [MESSAGE][PASSED] - Object 'Object Repository/Page_General/lbl_activeSuccessMessage' is present

2018-09-21 10:20:46 - [TEST_STEP][PASSED] - beautytap.GeneralAction.clickNavigationMenu: beautytap.GeneralAction.clickNavigationMenu is PASSED

2018-09-21 10:20:49 - [MESSAGE][PASSED] - Object: 'Object Repository/Page_General/link_login' is clicked on

2018-09-21 10:20:49 - [MESSAGE][PASSED] - Wait for page load successfully

2018-09-21 10:20:49 - [MESSAGE][PASSED] - beautytap.GeneralAction.clickNavigationMenu is PASSED

2018-09-21 10:20:49 - [TEST_STEP][PASSED] - beautytap.GeneralAction.login: beautytap.GeneralAction.login is PASSED

2018-09-21 10:20:49 - [MESSAGE][PASSED] - Text of object 'Object Repository/Page_login/txt_username' is cleared

2018-09-21 10:20:50 - [MESSAGE][PASSED] - Keys 'auto872257' sent to object: 'Object Repository/Page_login/txt_username'

2018-09-21 10:20:50 - [MESSAGE][PASSED] - Text of object 'Object Repository/Page_login/txt_password' is cleared

2018-09-21 10:20:50 - [MESSAGE][PASSED] - Keys '123456' sent to object: 'Object Repository/Page_login/txt_password'

2018-09-21 10:20:50 - [MESSAGE][PASSED] - Object: 'Object Repository/Page_login/btn_login' is clicked on

2018-09-21 10:20:50 - [MESSAGE][PASSED] - Wait for page load successfully

2018-09-21 10:20:50 - [MESSAGE][PASSED] - beautytap.GeneralAction.login is PASSED

2018-09-21 10:20:50 - [TEST_STEP][PASSED] - verifyElementPresent: Object 'Object Repository/Page_General/link_avatar' is present

2018-09-21 10:20:59 - [MESSAGE][PASSED] - Object 'Object Repository/Page_General/link_avatar' is present

2018-09-21 10:20:59 - [TEST_STEP][PASSED] - beautytap.GeneralAction.logout: beautytap.GeneralAction.logout is PASSED

2018-09-21 10:20:59 - [MESSAGE][PASSED] - Object: 'Object Repository/Page_General/link_avatar' is clicked on

2018-09-21 10:20:59 - [MESSAGE][PASSED] - Object 'Object Repository/Page_General/menu_logout' is present

2018-09-21 10:21:00 - [MESSAGE][PASSED] - Object: 'Object Repository/Page_General/menu_logout' is clicked on

2018-09-21 10:21:01 - [MESSAGE][PASSED] - Wait for page load successfully

2018-09-21 10:21:01 - [MESSAGE][PASSED] - beautytap.GeneralAction.logout is PASSED

2018-09-21 10:21:01 - [TEST_STEP][PASSED] - beautytap.GeneralAction.clickNavigationMenu: beautytap.GeneralAction.clickNavigationMenu is PASSED

2018-09-21 10:21:07 - [MESSAGE][PASSED] - Object: 'Object Repository/Page_General/link_login' is clicked on

2018-09-21 10:21:07 - [MESSAGE][PASSED] - Wait for page load successfully

2018-09-21 10:21:07 - [MESSAGE][PASSED] - beautytap.GeneralAction.clickNavigationMenu is PASSED

2018-09-21 10:21:07 - [TEST_STEP][PASSED] - beautytap.GeneralAction.login: beautytap.GeneralAction.login is PASSED

2018-09-21 10:21:08 - [MESSAGE][PASSED] - Text of object 'Object Repository/Page_login/txt_username' is cleared

2018-09-21 10:21:08 - [MESSAGE][PASSED] - Keys 'auto872257@mailinator.com' sent to object: 'Object Repository/Page_login/txt_username'

2018-09-21 10:21:08 - [MESSAGE][PASSED] - Text of object 'Object Repository/Page_login/txt_password' is cleared

2018-09-21 10:21:08 - [MESSAGE][PASSED] - Keys '123456' sent to object: 'Object Repository/Page_login/txt_password'

2018-09-21 10:21:09 - [MESSAGE][PASSED] - Object: 'Object Repository/Page_login/btn_login' is clicked on

2018-09-21 10:21:09 - [MESSAGE][PASSED] - Wait for page load successfully

2018-09-21 10:21:09 - [MESSAGE][PASSED] - beautytap.GeneralAction.login is PASSED

2018-09-21 10:21:09 - [TEST_STEP][PASSED] - verifyElementPresent: Object 'Object Repository/Page_General/link_avatar' is present

2018-09-21 10:21:17 - [MESSAGE][PASSED] - Object 'Object Repository/Page_General/link_avatar' is present

2018-09-21 10:21:17 - [TEST_STEP][PASSED] - beautytap.GeneralAction.logout: beautytap.GeneralAction.logout is PASSED

2018-09-21 10:21:18 - [MESSAGE][PASSED] - Object: 'Object Repository/Page_General/link_avatar' is clicked on

2018-09-21 10:21:18 - [MESSAGE][PASSED] - Object 'Object Repository/Page_General/menu_logout' is present

2018-09-21 10:21:18 - [MESSAGE][PASSED] - Object: 'Object Repository/Page_General/menu_logout' is clicked on

2018-09-21 10:21:18 - [MESSAGE][PASSED] - Wait for page load successfully

2018-09-21 10:21:18 - [MESSAGE][PASSED] - beautytap.GeneralAction.logout is PASSED

2018-09-21 10:21:18 - [TEST_STEP][PASSED] - beautytap.GeneralAction.clickNavigationMenu: beautytap.GeneralAction.clickNavigationMenu is PASSED

2018-09-21 10:21:25 - [MESSAGE][PASSED] - Object: 'Object Repository/Page_General/link_login' is clicked on

2018-09-21 10:21:25 - [MESSAGE][PASSED] - Wait for page load successfully

2018-09-21 10:21:25 - [MESSAGE][PASSED] - beautytap.GeneralAction.clickNavigationMenu is PASSED

2018-09-21 10:21:25 - [TEST_STEP][PASSED] - click: Object: 'Object Repository/Page_Login/link_forgotPassword' is clicked on

2018-09-21 10:21:28 - [MESSAGE][PASSED] - Object: 'Object Repository/Page_Login/link_forgotPassword' is clicked on

2018-09-21 10:21:28 - [TEST_STEP][PASSED] - sendKeys: Keys 'auto872257' sent to object: 'Object Repository/Page_ForgotPassword/txt_usernameOrEmail'

2018-09-21 10:21:28 - [MESSAGE][PASSED] - Keys 'auto872257' sent to object: 'Object Repository/Page_ForgotPassword/txt_usernameOrEmail'

2018-09-21 10:21:28 - [TEST_STEP][PASSED] - click: Object: 'Object Repository/Page_ForgotPassword/btn_forgotPassword' is clicked on

2018-09-21 10:21:28 - [MESSAGE][PASSED] - Object: 'Object Repository/Page_ForgotPassword/btn_forgotPassword' is clicked on

2018-09-21 10:21:28 - [TEST_STEP][PASSED] - verifyElementPresent: Object 'Object Repository/Page_ForgotPassword/lbl_sucessMessage' is present

2018-09-21 10:21:32 - [MESSAGE][PASSED] - Object 'Object Repository/Page_ForgotPassword/lbl_sucessMessage' is present

2018-09-21 10:21:32 - [TEST_STEP][PASSED] - beautytap.GeneralAction.openMailBox: beautytap.GeneralAction.openMailBox is PASSED

2018-09-21 10:21:33 - [MESSAGE][PASSED] - Navigate to 'https://www.mailinator.com' successfully

2018-09-21 10:21:33 - [MESSAGE][PASSED] - Wait for page load successfully

2018-09-21 10:21:33 - [MESSAGE][PASSED] - Keys 'auto872257' sent to object: 'Object Repository/Page_mailinator/txt_email'

2018-09-21 10:21:35 - [MESSAGE][PASSED] - Object: 'Object Repository/Page_mailinator/btn_go' is clicked on

2018-09-21 10:21:35 - [MESSAGE][PASSED] - Wait for page load successfully

2018-09-21 10:21:40 - [MESSAGE][PASSED] - Delayed 5 second(s)

2018-09-21 10:21:40 - [MESSAGE][PASSED] - beautytap.GeneralAction.openMailBox is PASSED

2018-09-21 10:21:40 - [TEST_STEP][PASSED] - beautytap.GeneralAction.verifyEmailExist: beautytap.GeneralAction.verifyEmailExist is PASSED

2018-09-21 10:21:40 - [MESSAGE][PASSED] - Object '' is present

2018-09-21 10:21:40 - [MESSAGE][PASSED] - beautytap.GeneralAction.verifyEmailExist is PASSED

2018-09-21 10:21:40 - [TEST_STEP][PASSED] - beautytap.GeneralAction.openEmail: beautytap.GeneralAction.openEmail is PASSED

2018-09-21 10:21:40 - [MESSAGE][PASSED] - Object: '' is clicked on

2018-09-21 10:21:40 - [MESSAGE][PASSED] - beautytap.GeneralAction.openEmail is PASSED

2018-09-21 10:21:40 - [TEST_STEP][PASSED] - beautytap.GeneralAction.clickEmailLink: beautytap.GeneralAction.clickEmailLink is PASSED

2018-09-21 10:21:41 - [MESSAGE][PASSED] - Text of object '' is: 'https://stage.beautytap.com/wp-login.php?action=rp&key=2UdRhcA9asDK4FmB5xfM&login=auto872257'

2018-09-21 10:21:44 - [MESSAGE][PASSED] - Navigate to 'https://stage.beautytap.com/wp-login.php?action=rp&key=2UdRhcA9asDK4FmB5xfM&login=auto872257' successfully

2018-09-21 10:21:44 - [MESSAGE][PASSED] - beautytap.GeneralAction.clickEmailLink is PASSED

2018-09-21 10:21:44 - [TEST_STEP][PASSED] - delay: Delayed 20 second(s)

2018-09-21 10:22:04 - [MESSAGE][PASSED] - Delayed 20 second(s)

2018-09-21 10:22:04 - [TEST_STEP][PASSED] - clearText: Text of object 'Object Repository/Page_ForgotPassword/txt_newPassword' is cleared

2018-09-21 10:22:04 - [MESSAGE][PASSED] - Text of object 'Object Repository/Page_ForgotPassword/txt_newPassword' is cleared

2018-09-21 10:22:04 - [TEST_STEP][PASSED] - sendKeys: Keys 'test123' sent to object: 'Object Repository/Page_ForgotPassword/txt_newPassword'

2018-09-21 10:22:04 - [MESSAGE][PASSED] - Keys 'test123' sent to object: 'Object Repository/Page_ForgotPassword/txt_newPassword'

2018-09-21 10:22:04 - [TEST_STEP][PASSED] - click: Object: 'Object Repository/Page_ForgotPassword/btn_resetPassword' is clicked on

2018-09-21 10:22:10 - [MESSAGE][PASSED] - Object: 'Object Repository/Page_ForgotPassword/btn_resetPassword' is clicked on

2018-09-21 10:22:10 - [TEST_STEP][PASSED] - verifyElementPresent: Object 'Object Repository/Page_ForgotPassword/lbl_resetPasswordMessage' is present

2018-09-21 10:22:10 - [MESSAGE][PASSED] - Object 'Object Repository/Page_ForgotPassword/lbl_resetPasswordMessage' is present

2018-09-21 10:22:10 - [TEST_STEP][PASSED] - beautytap.GeneralAction.clickNavigationMenu: beautytap.GeneralAction.clickNavigationMenu is PASSED

2018-09-21 10:22:13 - [MESSAGE][PASSED] - Object: 'Object Repository/Page_General/link_login' is clicked on

2018-09-21 10:22:13 - [MESSAGE][PASSED] - Wait for page load successfully

2018-09-21 10:22:13 - [MESSAGE][PASSED] - beautytap.GeneralAction.clickNavigationMenu is PASSED

2018-09-21 10:22:13 - [TEST_STEP][PASSED] - beautytap.GeneralAction.login: beautytap.GeneralAction.login is PASSED

2018-09-21 10:22:13 - [MESSAGE][PASSED] - Text of object 'Object Repository/Page_login/txt_username' is cleared

2018-09-21 10:22:13 - [MESSAGE][PASSED] - Keys 'auto872257' sent to object: 'Object Repository/Page_login/txt_username'

2018-09-21 10:22:13 - [MESSAGE][PASSED] - Text of object 'Object Repository/Page_login/txt_password' is cleared

2018-09-21 10:22:13 - [MESSAGE][PASSED] - Keys '123456' sent to object: 'Object Repository/Page_login/txt_password'

2018-09-21 10:22:13 - [MESSAGE][PASSED] - Object: 'Object Repository/Page_login/btn_login' is clicked on

2018-09-21 10:22:13 - [MESSAGE][PASSED] - Wait for page load successfully

2018-09-21 10:22:13 - [MESSAGE][PASSED] - beautytap.GeneralAction.login is PASSED

2018-09-21 10:22:13 - [TEST_STEP][PASSED] - verifyElementText: Actual text and expected text of test object 'Object Repository/Page_Login/lbl_errorMessage' are matched.

2018-09-21 10:22:14 - [MESSAGE][PASSED] - Actual text and expected text of test object 'Object Repository/Page_Login/lbl_errorMessage' are matched.

2018-09-21 10:22:14 - [TEST_STEP][PASSED] - beautytap.GeneralAction.login: beautytap.GeneralAction.login is PASSED

2018-09-21 10:22:14 - [MESSAGE][PASSED] - Text of object 'Object Repository/Page_login/txt_username' is cleared

2018-09-21 10:22:14 - [MESSAGE][PASSED] - Keys 'auto872257' sent to object: 'Object Repository/Page_login/txt_username'

2018-09-21 10:22:14 - [MESSAGE][PASSED] - Text of object 'Object Repository/Page_login/txt_password' is cleared

2018-09-21 10:22:15 - [MESSAGE][PASSED] - Keys 'test123' sent to object: 'Object Repository/Page_login/txt_password'

2018-09-21 10:22:15 - [MESSAGE][PASSED] - Object: 'Object Repository/Page_login/btn_login' is clicked on

2018-09-21 10:22:15 - [MESSAGE][PASSED] - Wait for page load successfully

2018-09-21 10:22:15 - [MESSAGE][PASSED] - beautytap.GeneralAction.login is PASSED

2018-09-21 10:22:15 - [TEST_STEP][PASSED] - verifyElementPresent: Object 'Object Repository/Page_General/link_avatar' is present

2018-09-21 10:22:23 - [MESSAGE][PASSED] - Object 'Object Repository/Page_General/link_avatar' is present

2018-09-21 10:22:23 - [TEST_STEP][PASSED] - beautytap.GeneralAction.logout: beautytap.GeneralAction.logout is PASSED

2018-09-21 10:22:23 - [MESSAGE][PASSED] - Object: 'Object Repository/Page_General/link_avatar' is clicked on

2018-09-21 10:22:24 - [MESSAGE][PASSED] - Object 'Object Repository/Page_General/menu_logout' is present

2018-09-21 10:22:24 - [MESSAGE][PASSED] - Object: 'Object Repository/Page_General/menu_logout' is clicked on

2018-09-21 10:22:24 - [MESSAGE][PASSED] - Wait for page load successfully

2018-09-21 10:22:24 - [MESSAGE][PASSED] - beautytap.GeneralAction.logout is PASSED

2018-09-21 10:22:24 - [TEST_STEP][PASSED] - beautytap.GeneralAction.clickNavigationMenu: beautytap.GeneralAction.clickNavigationMenu is PASSED

2018-09-21 10:22:31 - [MESSAGE][PASSED] - Object: 'Object Repository/Page_General/link_login' is clicked on

2018-09-21 10:22:31 - [MESSAGE][PASSED] - Wait for page load successfully

2018-09-21 10:22:31 - [MESSAGE][PASSED] - beautytap.GeneralAction.clickNavigationMenu is PASSED

2018-09-21 10:22:31 - [TEST_STEP][PASSED] - beautytap.GeneralAction.login: beautytap.GeneralAction.login is PASSED

2018-09-21 10:22:31 - [MESSAGE][PASSED] - Text of object 'Object Repository/Page_login/txt_username' is cleared

2018-09-21 10:22:31 - [MESSAGE][PASSED] - Keys 'auto872257@mailinator.com' sent to object: 'Object Repository/Page_login/txt_username'

2018-09-21 10:22:31 - [MESSAGE][PASSED] - Text of object 'Object Repository/Page_login/txt_password' is cleared

2018-09-21 10:22:31 - [MESSAGE][PASSED] - Keys 'test123' sent to object: 'Object Repository/Page_login/txt_password'

2018-09-21 10:22:32 - [MESSAGE][PASSED] - Object: 'Object Repository/Page_login/btn_login' is clicked on

2018-09-21 10:22:32 - [MESSAGE][PASSED] - Wait for page load successfully

2018-09-21 10:22:32 - [MESSAGE][PASSED] - beautytap.GeneralAction.login is PASSED

2018-09-21 10:22:32 - [TEST_STEP][PASSED] - verifyElementPresent: Object 'Object Repository/Page_General/link_avatar' is present

2018-09-21 10:22:40 - [MESSAGE][PASSED] - Object 'Object Repository/Page_General/link_avatar' is present

2018-09-21 10:22:40 - [TEST_STEP][PASSED] - beautytap.GeneralAction.logout: beautytap.GeneralAction.logout is PASSED

2018-09-21 10:22:40 - [MESSAGE][PASSED] - Object: 'Object Repository/Page_General/link_avatar' is clicked on

2018-09-21 10:22:41 - [MESSAGE][PASSED] - Object 'Object Repository/Page_General/menu_logout' is present

2018-09-21 10:22:41 - [MESSAGE][PASSED] - Object: 'Object Repository/Page_General/menu_logout' is clicked on

2018-09-21 10:22:41 - [MESSAGE][PASSED] - Wait for page load successfully

2018-09-21 10:22:42 - [MESSAGE][PASSED] - Browser is closed

2018-09-21 10:22:42 - [MESSAGE][PASSED] - beautytap.GeneralAction.logout is PASSED]]></system-out>
         <system-err><![CDATA[]]></system-err>
      </testcase>
      <testcase name="Test Cases/SignUp_Login_ResetPass/TC02_SignUp_Login_ViaFacebookEmail_NewUser_OldUser" classname="Test Cases/SignUp_Login_ResetPass/TC02_SignUp_Login_ViaFacebookEmail_NewUser_OldUser" status="PASSED">
         <system-out><![CDATA[2018-09-21 10:22:44 - [TEST_CASE][PASSED] - Test Cases/SignUp_Login_ResetPass/TC02_SignUp_Login_ViaFacebookEmail_NewUser_OldUser: Test Cases/SignUp_Login_ResetPass/TC02_SignUp_Login_ViaFacebookEmail_NewUser_OldUser

2018-09-21 10:22:44 - [TEST_STEP][PASSED] - beautytap.AdminAction.deleteUser: beautytap.AdminAction.deleteUser is PASSED

2018-09-21 10:22:52 - [MESSAGE][PASSED] - Browser is opened with url: 'https://stage.beautytap.com/login'

2018-09-21 10:22:53 - [MESSAGE][PASSED] - Current window maximized

2018-09-21 10:22:53 - [MESSAGE][PASSED] - Text of object 'Object Repository/Page_login/txt_username' is cleared

2018-09-21 10:22:53 - [MESSAGE][PASSED] - Keys 'mrwhite' sent to object: 'Object Repository/Page_login/txt_username'

2018-09-21 10:22:54 - [MESSAGE][PASSED] - Text of object 'Object Repository/Page_login/txt_password' is cleared

2018-09-21 10:22:54 - [MESSAGE][PASSED] - Keys 'kgySM$Im' sent to object: 'Object Repository/Page_login/txt_password'

2018-09-21 10:22:54 - [MESSAGE][PASSED] - Object: 'Object Repository/Page_login/btn_login' is clicked on

2018-09-21 10:22:54 - [MESSAGE][PASSED] - Wait for page load successfully

2018-09-21 10:22:54 - [MESSAGE][PASSED] - Wait for page load successfully

2018-09-21 10:23:07 - [MESSAGE][PASSED] - Navigate to 'https://stage.beautytap.com/admin' successfully

2018-09-21 10:23:07 - [MESSAGE][PASSED] - Wait for page load successfully

2018-09-21 10:23:16 - [MESSAGE][PASSED] - Object: 'Object Repository/Page_Admin/menu_users' is clicked on

2018-09-21 10:23:16 - [MESSAGE][PASSED] - Wait for page load successfully

2018-09-21 10:23:16 - [MESSAGE][PASSED] - Text of object 'Object Repository/Page_Admin/txt_searchUser' is cleared

2018-09-21 10:23:16 - [MESSAGE][PASSED] - Keys 'g5.posiba@gmail.com' sent to object: 'Object Repository/Page_Admin/txt_searchUser'

2018-09-21 10:23:20 - [MESSAGE][PASSED] - Object: 'Object Repository/Page_Admin/btn_searchUser' is clicked on

2018-09-21 10:23:20 - [MESSAGE][PASSED] - Wait for page load successfully

2018-09-21 10:23:20 - [MESSAGE][PASSED] - Text of object '' is: 'g5.posiba@gmail.com'

2018-09-21 10:23:20 - [MESSAGE][PASSED] - Attribute 'id' of object '' is: 'user-64405'

2018-09-21 10:23:20 - [MESSAGE][PASSED] - Object: '' is hovered

2018-09-21 10:23:25 - [MESSAGE][PASSED] - Delayed 5 second(s)

2018-09-21 10:23:27 - [MESSAGE][PASSED] - Object: '' is clicked on

2018-09-21 10:23:27 - [MESSAGE][FAILED] - No alert found
[[ATTACHMENT|E:\\BeautytapAutomation\\beautytapAuto\\Beautytap\\Reports\\Regression\\20180921_101944\\1537500207446.png]]

2018-09-21 10:23:28 - [MESSAGE][FAILED] - Unable to accept alert (Root cause: No alert found)
[[ATTACHMENT|E:\\BeautytapAutomation\\beautytapAuto\\Beautytap\\Reports\\Regression\\20180921_101944\\1537500207781.png]]

2018-09-21 10:23:28 - [MESSAGE][PASSED] - Browser is closed

2018-09-21 10:23:28 - [MESSAGE][PASSED] - beautytap.AdminAction.deleteUser is PASSED

2018-09-21 10:23:28 - [TEST_STEP][PASSED] - beautytap.GeneralAction.openBeautytap: beautytap.GeneralAction.openBeautytap is PASSED

2018-09-21 10:23:51 - [MESSAGE][PASSED] - Browser is opened with url: 'https://stage.beautytap.com'

2018-09-21 10:23:52 - [MESSAGE][PASSED] - Current window maximized

2018-09-21 10:23:56 - [MESSAGE][PASSED] - Refresh successfully

2018-09-21 10:23:56 - [MESSAGE][PASSED] - Wait for page load successfully

2018-09-21 10:23:56 - [MESSAGE][PASSED] - beautytap.GeneralAction.openBeautytap is PASSED

2018-09-21 10:23:56 - [TEST_STEP][PASSED] - beautytap.GeneralAction.clickNavigationMenu: beautytap.GeneralAction.clickNavigationMenu is PASSED

2018-09-21 10:23:58 - [MESSAGE][PASSED] - Object: 'Object Repository/Page_General/link_signup' is clicked on

2018-09-21 10:23:58 - [MESSAGE][PASSED] - Wait for page load successfully

2018-09-21 10:23:58 - [MESSAGE][PASSED] - beautytap.GeneralAction.clickNavigationMenu is PASSED

2018-09-21 10:23:58 - [TEST_STEP][PASSED] - beautytap.GeneralAction.signupViaFacebook: beautytap.GeneralAction.signupViaFacebook is PASSED

2018-09-21 10:23:58 - [MESSAGE][PASSED] - Object: 'Object Repository/Page_Signup/btn_signupFB' is clicked on

2018-09-21 10:23:59 - [MESSAGE][PASSED] - Switched to window with index: '1'

2018-09-21 10:24:00 - [MESSAGE][PASSED] - Keys 'g5.posiba@gmail.com' sent to object: 'Object Repository/Popup_FacebookLogin/txt_email'

2018-09-21 10:24:00 - [MESSAGE][PASSED] - Keys 'posiba123' sent to object: 'Object Repository/Popup_FacebookLogin/txt_password'

2018-09-21 10:24:01 - [MESSAGE][PASSED] - Object: 'Object Repository/Popup_FacebookLogin/btn_login' is clicked on

2018-09-21 10:24:03 - [MESSAGE][WARNING] - Cannot take screenshot

2018-09-21 10:24:03 - [MESSAGE][FAILED] - Unable to get text of object 'Object Repository/Popup_FacebookLogin/btn_confirmPermission' (Root cause: org.openqa.selenium.NoSuchWindowException: no such window: window was already closed
  (Session info: chrome=69.0.3497.100)
  (Driver info: chromedriver=2.35.528161 (5b82f2d2aae0ca24b877009200ced9065a772e73),platform=Windows NT 10.0.17134 x86_64) (WARNING: The server did not provide any stacktrace information)
Command duration or timeout: 0 milliseconds
Build info: version: '3.7.1', revision: '8a0099a', time: '2017-11-06T21:07:36.161Z'
System info: host: 'DESKTOP-G1UHP65', ip: '10.0.0.86', os.name: 'Windows 10', os.arch: 'amd64', os.version: '10.0', java.version: '1.8.0_102'
Driver info: com.kms.katalon.selenium.driver.CChromeDriver
Capabilities {acceptInsecureCerts: false, acceptSslCerts: false, applicationCacheEnabled: false, browserConnectionEnabled: false, browserName: chrome, chrome: {chromedriverVersion: 2.35.528161 (5b82f2d2aae0ca..., userDataDir: C:\Users\TRANGN~1\AppData\L...}, cssSelectorsEnabled: true, databaseEnabled: false, handlesAlerts: true, hasTouchScreen: false, javascriptEnabled: true, locationContextEnabled: true, mobileEmulationEnabled: false, nativeEvents: true, networkConnectionEnabled: false, pageLoadStrategy: normal, platform: XP, platformName: XP, rotatable: false, setWindowRect: true, takesHeapSnapshot: true, takesScreenshot: true, unexpectedAlertBehaviour: , unhandledPromptBehavior: , version: 69.0.3497.100, webStorageEnabled: true}
Session ID: 6c5b0c87d8176c713fd27b94a907382a
*** Element info: {Using=xpath, value=//button[contains(@class,'layerConfirm') and contains(@name,'CONFIRM')]})

2018-09-21 10:24:03 - [MESSAGE][PASSED] - Switched to window with index: '0'

2018-09-21 10:24:18 - [MESSAGE][PASSED] - Delayed 15 second(s)

2018-09-21 10:24:18 - [MESSAGE][PASSED] - Wait for page load successfully

2018-09-21 10:24:18 - [MESSAGE][PASSED] - beautytap.GeneralAction.signupViaFacebook is PASSED

2018-09-21 10:24:18 - [TEST_STEP][PASSED] - verifyElementPresent: Object 'Object Repository/Page_General/link_avatar' is present

2018-09-21 10:24:18 - [MESSAGE][PASSED] - Object 'Object Repository/Page_General/link_avatar' is present

2018-09-21 10:24:18 - [TEST_STEP][PASSED] - beautytap.GeneralAction.logout: beautytap.GeneralAction.logout is PASSED

2018-09-21 10:24:19 - [MESSAGE][PASSED] - Object: 'Object Repository/Page_General/link_avatar' is clicked on

2018-09-21 10:24:19 - [MESSAGE][PASSED] - Object 'Object Repository/Page_General/menu_logout' is present

2018-09-21 10:24:19 - [MESSAGE][PASSED] - Object: 'Object Repository/Page_General/menu_logout' is clicked on

2018-09-21 10:24:19 - [MESSAGE][PASSED] - Wait for page load successfully

2018-09-21 10:24:20 - [MESSAGE][PASSED] - Browser is closed

2018-09-21 10:24:20 - [MESSAGE][PASSED] - beautytap.GeneralAction.logout is PASSED

2018-09-21 10:24:20 - [TEST_STEP][PASSED] - beautytap.AdminAction.deleteUser: beautytap.AdminAction.deleteUser is PASSED

2018-09-21 10:24:27 - [MESSAGE][PASSED] - Browser is opened with url: 'https://stage.beautytap.com/login'

2018-09-21 10:24:28 - [MESSAGE][PASSED] - Current window maximized

2018-09-21 10:24:28 - [MESSAGE][PASSED] - Text of object 'Object Repository/Page_login/txt_username' is cleared

2018-09-21 10:24:28 - [MESSAGE][PASSED] - Keys 'mrwhite' sent to object: 'Object Repository/Page_login/txt_username'

2018-09-21 10:24:28 - [MESSAGE][PASSED] - Text of object 'Object Repository/Page_login/txt_password' is cleared

2018-09-21 10:24:28 - [MESSAGE][PASSED] - Keys 'kgySM$Im' sent to object: 'Object Repository/Page_login/txt_password'

2018-09-21 10:24:29 - [MESSAGE][PASSED] - Object: 'Object Repository/Page_login/btn_login' is clicked on

2018-09-21 10:24:29 - [MESSAGE][PASSED] - Wait for page load successfully

2018-09-21 10:24:29 - [MESSAGE][PASSED] - Wait for page load successfully

2018-09-21 10:24:36 - [MESSAGE][PASSED] - Navigate to 'https://stage.beautytap.com/admin' successfully

2018-09-21 10:24:36 - [MESSAGE][PASSED] - Wait for page load successfully

2018-09-21 10:24:43 - [MESSAGE][PASSED] - Object: 'Object Repository/Page_Admin/menu_users' is clicked on

2018-09-21 10:24:43 - [MESSAGE][PASSED] - Wait for page load successfully

2018-09-21 10:24:43 - [MESSAGE][PASSED] - Text of object 'Object Repository/Page_Admin/txt_searchUser' is cleared

2018-09-21 10:24:44 - [MESSAGE][PASSED] - Keys 'g5.posiba@gmail.com' sent to object: 'Object Repository/Page_Admin/txt_searchUser'

2018-09-21 10:24:47 - [MESSAGE][PASSED] - Object: 'Object Repository/Page_Admin/btn_searchUser' is clicked on

2018-09-21 10:24:47 - [MESSAGE][PASSED] - Wait for page load successfully

2018-09-21 10:24:47 - [MESSAGE][PASSED] - Text of object '' is: 'g5.posiba@gmail.com'

2018-09-21 10:24:47 - [MESSAGE][PASSED] - Attribute 'id' of object '' is: 'user-64405'

2018-09-21 10:24:47 - [MESSAGE][PASSED] - Object: '' is hovered

2018-09-21 10:24:52 - [MESSAGE][PASSED] - Delayed 5 second(s)

2018-09-21 10:24:54 - [MESSAGE][PASSED] - Object: '' is clicked on

2018-09-21 10:24:55 - [MESSAGE][FAILED] - No alert found
[[ATTACHMENT|E:\\BeautytapAutomation\\beautytapAuto\\Beautytap\\Reports\\Regression\\20180921_101944\\1537500294736.png]]

2018-09-21 10:24:55 - [MESSAGE][FAILED] - Unable to accept alert (Root cause: No alert found)
[[ATTACHMENT|E:\\BeautytapAutomation\\beautytapAuto\\Beautytap\\Reports\\Regression\\20180921_101944\\1537500295029.png]]

2018-09-21 10:24:56 - [MESSAGE][PASSED] - Browser is closed

2018-09-21 10:24:56 - [MESSAGE][PASSED] - beautytap.AdminAction.deleteUser is PASSED

2018-09-21 10:24:56 - [TEST_STEP][PASSED] - beautytap.GeneralAction.openBeautytap: beautytap.GeneralAction.openBeautytap is PASSED

2018-09-21 10:25:12 - [MESSAGE][PASSED] - Browser is opened with url: 'https://stage.beautytap.com'

2018-09-21 10:25:14 - [MESSAGE][PASSED] - Current window maximized

2018-09-21 10:25:18 - [MESSAGE][PASSED] - Refresh successfully

2018-09-21 10:25:18 - [MESSAGE][PASSED] - Wait for page load successfully

2018-09-21 10:25:18 - [MESSAGE][PASSED] - beautytap.GeneralAction.openBeautytap is PASSED

2018-09-21 10:25:18 - [TEST_STEP][PASSED] - beautytap.GeneralAction.clickNavigationMenu: beautytap.GeneralAction.clickNavigationMenu is PASSED

2018-09-21 10:25:21 - [MESSAGE][PASSED] - Object: 'Object Repository/Page_General/link_login' is clicked on

2018-09-21 10:25:21 - [MESSAGE][PASSED] - Wait for page load successfully

2018-09-21 10:25:21 - [MESSAGE][PASSED] - beautytap.GeneralAction.clickNavigationMenu is PASSED

2018-09-21 10:25:21 - [TEST_STEP][PASSED] - beautytap.GeneralAction.login: beautytap.GeneralAction.login is PASSED

2018-09-21 10:25:21 - [MESSAGE][PASSED] - Object: 'Object Repository/Page_Login/btn_loginFB' is clicked on

2018-09-21 10:25:21 - [MESSAGE][PASSED] - Switched to window with index: '1'

2018-09-21 10:25:23 - [MESSAGE][PASSED] - Object 'Object Repository/Popup_FacebookLogin/txt_email' is visible

2018-09-21 10:25:24 - [MESSAGE][PASSED] - Keys 'g5.posiba@gmail.com' sent to object: 'Object Repository/Popup_FacebookLogin/txt_email'

2018-09-21 10:25:24 - [MESSAGE][PASSED] - Keys 'posiba123' sent to object: 'Object Repository/Popup_FacebookLogin/txt_password'

2018-09-21 10:25:25 - [MESSAGE][PASSED] - Object: 'Object Repository/Popup_FacebookLogin/btn_login' is clicked on

2018-09-21 10:25:25 - [MESSAGE][PASSED] - Switched to window with index: '0'

2018-09-21 10:25:25 - [MESSAGE][PASSED] - Wait for page load successfully

2018-09-21 10:25:25 - [MESSAGE][PASSED] - beautytap.GeneralAction.login is PASSED

2018-09-21 10:25:25 - [TEST_STEP][PASSED] - verifyElementPresent: Object 'Object Repository/Page_General/link_avatar' is present

2018-09-21 10:25:34 - [MESSAGE][PASSED] - Object 'Object Repository/Page_General/link_avatar' is present

2018-09-21 10:25:34 - [TEST_STEP][PASSED] - beautytap.GeneralAction.logout: beautytap.GeneralAction.logout is PASSED

2018-09-21 10:25:34 - [MESSAGE][PASSED] - Object: 'Object Repository/Page_General/link_avatar' is clicked on

2018-09-21 10:25:35 - [MESSAGE][PASSED] - Object 'Object Repository/Page_General/menu_logout' is present

2018-09-21 10:25:35 - [MESSAGE][PASSED] - Object: 'Object Repository/Page_General/menu_logout' is clicked on

2018-09-21 10:25:35 - [MESSAGE][PASSED] - Wait for page load successfully

2018-09-21 10:25:36 - [MESSAGE][PASSED] - Browser is closed

2018-09-21 10:25:36 - [MESSAGE][PASSED] - beautytap.GeneralAction.logout is PASSED

2018-09-21 10:25:36 - [TEST_STEP][PASSED] - beautytap.GeneralAction.openBeautytap: beautytap.GeneralAction.openBeautytap is PASSED

2018-09-21 10:25:50 - [MESSAGE][PASSED] - Browser is opened with url: 'https://stage.beautytap.com'

2018-09-21 10:25:51 - [MESSAGE][PASSED] - Current window maximized

2018-09-21 10:25:55 - [MESSAGE][PASSED] - Refresh successfully

2018-09-21 10:25:55 - [MESSAGE][PASSED] - Wait for page load successfully

2018-09-21 10:25:55 - [MESSAGE][PASSED] - beautytap.GeneralAction.openBeautytap is PASSED

2018-09-21 10:25:55 - [TEST_STEP][PASSED] - beautytap.GeneralAction.clickNavigationMenu: beautytap.GeneralAction.clickNavigationMenu is PASSED

2018-09-21 10:25:57 - [MESSAGE][PASSED] - Object: 'Object Repository/Page_General/link_signup' is clicked on

2018-09-21 10:25:57 - [MESSAGE][PASSED] - Wait for page load successfully

2018-09-21 10:25:57 - [MESSAGE][PASSED] - beautytap.GeneralAction.clickNavigationMenu is PASSED

2018-09-21 10:25:57 - [TEST_STEP][PASSED] - beautytap.GeneralAction.signupViaFacebook: beautytap.GeneralAction.signupViaFacebook is PASSED

2018-09-21 10:25:57 - [MESSAGE][PASSED] - Object: 'Object Repository/Page_Signup/btn_signupFB' is clicked on

2018-09-21 10:25:57 - [MESSAGE][PASSED] - Switched to window with index: '1'

2018-09-21 10:25:59 - [MESSAGE][PASSED] - Keys 'g5.posiba@gmail.com' sent to object: 'Object Repository/Popup_FacebookLogin/txt_email'

2018-09-21 10:25:59 - [MESSAGE][PASSED] - Keys 'posiba123' sent to object: 'Object Repository/Popup_FacebookLogin/txt_password'

2018-09-21 10:26:00 - [MESSAGE][PASSED] - Object: 'Object Repository/Popup_FacebookLogin/btn_login' is clicked on

2018-09-21 10:26:02 - [MESSAGE][WARNING] - Cannot take screenshot

2018-09-21 10:26:02 - [MESSAGE][FAILED] - Unable to get text of object 'Object Repository/Popup_FacebookLogin/btn_confirmPermission' (Root cause: org.openqa.selenium.NoSuchWindowException: no such window: window was already closed
  (Session info: chrome=69.0.3497.100)
  (Driver info: chromedriver=2.35.528161 (5b82f2d2aae0ca24b877009200ced9065a772e73),platform=Windows NT 10.0.17134 x86_64) (WARNING: The server did not provide any stacktrace information)
Command duration or timeout: 0 milliseconds
Build info: version: '3.7.1', revision: '8a0099a', time: '2017-11-06T21:07:36.161Z'
System info: host: 'DESKTOP-G1UHP65', ip: '10.0.0.86', os.name: 'Windows 10', os.arch: 'amd64', os.version: '10.0', java.version: '1.8.0_102'
Driver info: com.kms.katalon.selenium.driver.CChromeDriver
Capabilities {acceptInsecureCerts: false, acceptSslCerts: false, applicationCacheEnabled: false, browserConnectionEnabled: false, browserName: chrome, chrome: {chromedriverVersion: 2.35.528161 (5b82f2d2aae0ca..., userDataDir: C:\Users\TRANGN~1\AppData\L...}, cssSelectorsEnabled: true, databaseEnabled: false, handlesAlerts: true, hasTouchScreen: false, javascriptEnabled: true, locationContextEnabled: true, mobileEmulationEnabled: false, nativeEvents: true, networkConnectionEnabled: false, pageLoadStrategy: normal, platform: XP, platformName: XP, rotatable: false, setWindowRect: true, takesHeapSnapshot: true, takesScreenshot: true, unexpectedAlertBehaviour: , unhandledPromptBehavior: , version: 69.0.3497.100, webStorageEnabled: true}
Session ID: dca3a7243b032f70730e25c96df0db92
*** Element info: {Using=xpath, value=//button[contains(@class,'layerConfirm') and contains(@name,'CONFIRM')]})

2018-09-21 10:26:02 - [MESSAGE][PASSED] - Switched to window with index: '0'

2018-09-21 10:26:17 - [MESSAGE][PASSED] - Delayed 15 second(s)

2018-09-21 10:26:17 - [MESSAGE][PASSED] - Wait for page load successfully

2018-09-21 10:26:17 - [MESSAGE][PASSED] - beautytap.GeneralAction.signupViaFacebook is PASSED

2018-09-21 10:26:17 - [TEST_STEP][PASSED] - verifyElementPresent: Object 'Object Repository/Page_General/link_avatar' is present

2018-09-21 10:26:17 - [MESSAGE][PASSED] - Object 'Object Repository/Page_General/link_avatar' is present

2018-09-21 10:26:17 - [TEST_STEP][PASSED] - beautytap.GeneralAction.logout: beautytap.GeneralAction.logout is PASSED

2018-09-21 10:26:17 - [MESSAGE][PASSED] - Object: 'Object Repository/Page_General/link_avatar' is clicked on

2018-09-21 10:26:17 - [MESSAGE][PASSED] - Object 'Object Repository/Page_General/menu_logout' is present

2018-09-21 10:26:18 - [MESSAGE][PASSED] - Object: 'Object Repository/Page_General/menu_logout' is clicked on

2018-09-21 10:26:18 - [MESSAGE][PASSED] - Wait for page load successfully

2018-09-21 10:26:19 - [MESSAGE][PASSED] - Browser is closed

2018-09-21 10:26:19 - [MESSAGE][PASSED] - beautytap.GeneralAction.logout is PASSED

2018-09-21 10:26:19 - [TEST_STEP][PASSED] - beautytap.GeneralAction.openBeautytap: beautytap.GeneralAction.openBeautytap is PASSED

2018-09-21 10:26:29 - [MESSAGE][PASSED] - Browser is opened with url: 'https://stage.beautytap.com'

2018-09-21 10:26:30 - [MESSAGE][PASSED] - Current window maximized

2018-09-21 10:26:34 - [MESSAGE][PASSED] - Refresh successfully

2018-09-21 10:26:34 - [MESSAGE][PASSED] - Wait for page load successfully

2018-09-21 10:26:34 - [MESSAGE][PASSED] - beautytap.GeneralAction.openBeautytap is PASSED

2018-09-21 10:26:34 - [TEST_STEP][PASSED] - beautytap.GeneralAction.clickNavigationMenu: beautytap.GeneralAction.clickNavigationMenu is PASSED

2018-09-21 10:26:36 - [MESSAGE][PASSED] - Object: 'Object Repository/Page_General/link_login' is clicked on

2018-09-21 10:26:36 - [MESSAGE][PASSED] - Wait for page load successfully

2018-09-21 10:26:36 - [MESSAGE][PASSED] - beautytap.GeneralAction.clickNavigationMenu is PASSED

2018-09-21 10:26:36 - [TEST_STEP][PASSED] - beautytap.GeneralAction.login: beautytap.GeneralAction.login is PASSED

2018-09-21 10:26:36 - [MESSAGE][PASSED] - Object: 'Object Repository/Page_Login/btn_loginFB' is clicked on

2018-09-21 10:26:36 - [MESSAGE][PASSED] - Switched to window with index: '1'

2018-09-21 10:26:38 - [MESSAGE][PASSED] - Object 'Object Repository/Popup_FacebookLogin/txt_email' is visible

2018-09-21 10:26:38 - [MESSAGE][PASSED] - Keys 'g5.posiba@gmail.com' sent to object: 'Object Repository/Popup_FacebookLogin/txt_email'

2018-09-21 10:26:38 - [MESSAGE][PASSED] - Keys 'posiba123' sent to object: 'Object Repository/Popup_FacebookLogin/txt_password'

2018-09-21 10:26:39 - [MESSAGE][PASSED] - Object: 'Object Repository/Popup_FacebookLogin/btn_login' is clicked on

2018-09-21 10:26:39 - [MESSAGE][PASSED] - Switched to window with index: '0'

2018-09-21 10:26:39 - [MESSAGE][PASSED] - Wait for page load successfully

2018-09-21 10:26:39 - [MESSAGE][PASSED] - beautytap.GeneralAction.login is PASSED

2018-09-21 10:26:39 - [TEST_STEP][PASSED] - verifyElementPresent: Object 'Object Repository/Page_General/link_avatar' is present

2018-09-21 10:26:47 - [MESSAGE][PASSED] - Object 'Object Repository/Page_General/link_avatar' is present

2018-09-21 10:26:47 - [TEST_STEP][PASSED] - beautytap.GeneralAction.logout: beautytap.GeneralAction.logout is PASSED

2018-09-21 10:26:48 - [MESSAGE][PASSED] - Object: 'Object Repository/Page_General/link_avatar' is clicked on

2018-09-21 10:26:48 - [MESSAGE][PASSED] - Object 'Object Repository/Page_General/menu_logout' is present

2018-09-21 10:26:48 - [MESSAGE][PASSED] - Object: 'Object Repository/Page_General/menu_logout' is clicked on

2018-09-21 10:26:48 - [MESSAGE][PASSED] - Wait for page load successfully

2018-09-21 10:26:49 - [MESSAGE][PASSED] - Browser is closed

2018-09-21 10:26:49 - [MESSAGE][PASSED] - beautytap.GeneralAction.logout is PASSED]]></system-out>
         <system-err><![CDATA[]]></system-err>
      </testcase>
      <testcase name="Test Cases/Shop/TC03_Search_SimpleProduct_Sale_Creditcard_LessThan60_Normal" classname="Test Cases/Shop/TC03_Search_SimpleProduct_Sale_Creditcard_LessThan60_Normal" status="PASSED">
         <system-out><![CDATA[2018-09-21 10:26:51 - [TEST_CASE][PASSED] - Test Cases/Shop/TC03_Search_SimpleProduct_Sale_Creditcard_LessThan60_Normal: Test Cases/Shop/TC03_Search_SimpleProduct_Sale_Creditcard_LessThan60_Normal

2018-09-21 10:26:51 - [TEST_STEP][PASSED] - Statement - productName = SIMPLE_SALE_PRODUCT: null

2018-09-21 10:26:51 - [TEST_STEP][PASSED] - Statement - searchName = productName.substring(0, productName.indexOf("/")): null

2018-09-21 10:26:51 - [TEST_STEP][PASSED] - Statement - saleprice = SIMPLE_SALE_PRICE: null

2018-09-21 10:26:51 - [TEST_STEP][PASSED] - Statement - regularprice = SIMPLE_SALE_REGULAR_PRICE: null

2018-09-21 10:26:51 - [TEST_STEP][PASSED] - Statement - r_string = new java.lang.Math().random().toString().substring(2, 8): null

2018-09-21 10:26:51 - [TEST_STEP][PASSED] - Statement - email = "auto" + r_string + "@mailinator.com": null

2018-09-21 10:26:51 - [TEST_STEP][PASSED] - Statement - orderNote = "auto" + r_string + "Order": null

2018-09-21 10:26:51 - [TEST_STEP][PASSED] - Statement - currentNumberItemInCart = <not implemented yet for class: org.codehaus.groovy.ast.expr.EmptyExpression>: null

2018-09-21 10:26:51 - [TEST_STEP][PASSED] - Statement - quantity = 1: null

2018-09-21 10:26:51 - [TEST_STEP][PASSED] - Statement - subtotal = CustomKeywords.beautytap.ShopAction.calculateTotal(quantity, saleprice): beautytap.ShopAction.calculateTotal is PASSED

2018-09-21 10:26:51 - [MESSAGE][PASSED] - beautytap.ShopAction.calculateTotal is PASSED

2018-09-21 10:26:51 - [TEST_STEP][PASSED] - Statement - total = subtotal + SHIPPING_PRICE: null

2018-09-21 10:26:51 - [TEST_STEP][PASSED] - Statement - total = CustomKeywords.beautytap.ShopAction.calculateTotal(1, total): beautytap.ShopAction.calculateTotal is PASSED

2018-09-21 10:26:51 - [MESSAGE][PASSED] - beautytap.ShopAction.calculateTotal is PASSED

2018-09-21 10:26:51 - [TEST_STEP][PASSED] - Statement - products = new org.json.JSONArray((((((([{"productname":" + productName) + ","variation":"","quantity":") + quantity) + ","price":") + saleprice) + "}])): null

2018-09-21 10:26:51 - [TEST_STEP][PASSED] - Statement - billingInformation = new org.json.JSONObject((({"firstname":"Test","lastname":"Automation","country":"United States (US)","address":"123 Testing","city":"New York","state":"New York","zip":"90012","email":" + email) + "})): null

2018-09-21 10:26:51 - [TEST_STEP][PASSED] - Statement - shippingLabel = SHIPPING_LABEL: null

2018-09-21 10:26:51 - [TEST_STEP][PASSED] - Statement - shippingPrice = SHIPPING_PRICE: null

2018-09-21 10:26:51 - [TEST_STEP][PASSED] - Statement - shippingType = "normal": null

2018-09-21 10:26:51 - [TEST_STEP][PASSED] - Statement - paymentMethod = "Credit Card Payment": null

2018-09-21 10:26:51 - [TEST_STEP][PASSED] - beautytap.GeneralAction.openBeautytap: beautytap.GeneralAction.openBeautytap is PASSED

2018-09-21 10:27:14 - [MESSAGE][PASSED] - Browser is opened with url: 'https://stage.beautytap.com'

2018-09-21 10:27:15 - [MESSAGE][PASSED] - Current window maximized

2018-09-21 10:27:19 - [MESSAGE][PASSED] - Refresh successfully

2018-09-21 10:27:19 - [MESSAGE][PASSED] - Wait for page load successfully

2018-09-21 10:27:19 - [MESSAGE][PASSED] - beautytap.GeneralAction.openBeautytap is PASSED

2018-09-21 10:27:19 - [TEST_STEP][PASSED] - beautytap.ShopAction.globalSearch: beautytap.ShopAction.globalSearch is PASSED

2018-09-21 10:27:19 - [MESSAGE][PASSED] - Object: 'Object Repository/Page_General/icon_search' is clicked on

2018-09-21 10:27:24 - [MESSAGE][PASSED] - Delayed 5 second(s)

2018-09-21 10:27:24 - [MESSAGE][PASSED] - Text of object 'Object Repository/Page_General/txt_search' is cleared

2018-09-21 10:27:25 - [MESSAGE][PASSED] - Keys 'CONTROL + v' sent to object: 'Object Repository/Page_General/txt_search'

2018-09-21 10:27:27 - [MESSAGE][PASSED] - Object 'Object Repository/Page_General/div_searchResult' is present

2018-09-21 10:27:27 - [MESSAGE][PASSED] - beautytap.ShopAction.globalSearch is PASSED

2018-09-21 10:27:27 - [TEST_STEP][PASSED] - beautytap.ShopAction.VerifyProductOnSearchResult: Keyword VerifyProductOnSearchResult is Passed

2018-09-21 10:27:27 - [MESSAGE][PASSED] - Object '' is present

2018-09-21 10:27:27 - [MESSAGE][PASSED] - Text of object '' is: '$12.50'

2018-09-21 10:27:27 - [MESSAGE][PASSED] - Get CSS 'color' value on '' successfully: 'rgba(195, 195, 195, 1)'.

2018-09-21 10:27:27 - [MESSAGE][PASSED] - Get CSS 'color' value on '' successfully: 'rgba(195, 195, 195, 1)'.

2018-09-21 10:27:27 - [MESSAGE][PASSED] - Text of object '' is: '$11.99'

2018-09-21 10:27:27 - [MESSAGE][PASSED] - Get CSS 'color' value on '' successfully: 'rgba(255, 35, 134, 1)'.

2018-09-21 10:27:27 - [MESSAGE][PASSED] - Get CSS 'color' value on '' successfully: 'rgba(255, 35, 134, 1)'.

2018-09-21 10:27:27 - [MESSAGE][PASSED] - Keyword VerifyProductOnSearchResult is Passed

2018-09-21 10:27:27 - [TEST_STEP][PASSED] - beautytap.ShopAction.selectProductOnSearchResult: beautytap.ShopAction.selectProductOnSearchResult is PASSED

2018-09-21 10:27:32 - [MESSAGE][PASSED] - Object: '' is clicked on

2018-09-21 10:27:33 - [MESSAGE][PASSED] - Wait for page load successfully

2018-09-21 10:27:33 - [MESSAGE][PASSED] - beautytap.ShopAction.selectProductOnSearchResult is PASSED

2018-09-21 10:27:33 - [TEST_STEP][PASSED] - beautytap.ShopAction.VerifyProductDetails: Keyword VerifyProductDetails is Passed

2018-09-21 10:27:33 - [MESSAGE][PASSED] - Text of object '' is: 'Innisfree Perfect UV Protection Cream SPF50+/PA+++ (Long-Lasting For Oily Skin) 50ml'

2018-09-21 10:27:33 - [MESSAGE][PASSED] - Text of object '' is: '$12.50'

2018-09-21 10:27:33 - [MESSAGE][PASSED] - Get CSS 'color' value on '' successfully: 'rgba(195, 195, 195, 1)'.

2018-09-21 10:27:33 - [MESSAGE][PASSED] - Text of object '' is: '$11.99'

2018-09-21 10:27:33 - [MESSAGE][PASSED] - Get CSS 'color' value on '' successfully: 'rgba(255, 35, 134, 1)'.

2018-09-21 10:27:33 - [MESSAGE][PASSED] - Keyword VerifyProductDetails is Passed

2018-09-21 10:27:33 - [TEST_STEP][PASSED] - Statement - currentNumberItemInCart = CustomKeywords.beautytap.ShopAction.getNumberItemInCart(): beautytap.ShopAction.getNumberItemInCart is PASSED

2018-09-21 10:28:05 - [MESSAGE][WARNING] - com.kms.katalon.core.webui.exception.WebElementNotFoundException: Web element with id: '' located by 'By.xpath: //div[@class='header-right-top pull-right']/a[@class='shop-cart']/span[@class='number-cart']' not found
[[ATTACHMENT|E:\\BeautytapAutomation\\beautytapAuto\\Beautytap\\Reports\\Regression\\20180921_101944\\1537500484724.png]]

2018-09-21 10:28:05 - [MESSAGE][PASSED] - beautytap.ShopAction.getNumberItemInCart is PASSED

2018-09-21 10:28:05 - [TEST_STEP][PASSED] - beautytap.ShopAction.addProductToCart: beautytap.ShopAction.addProductToCart is PASSED

2018-09-21 10:28:05 - [MESSAGE][PASSED] - Text of object 'Object Repository/Page_Shop/txt_quantity' is cleared

2018-09-21 10:28:05 - [MESSAGE][PASSED] - Keys '1' sent to object: 'Object Repository/Page_Shop/txt_quantity'

2018-09-21 10:28:05 - [MESSAGE][PASSED] - Object: 'Object Repository/Page_Shop/btn_addToCart' is clicked on

2018-09-21 10:28:05 - [MESSAGE][PASSED] - Wait for page load successfully

2018-09-21 10:28:12 - [MESSAGE][PASSED] - Object 'Object Repository/Page_Shop/lbl_message' is present

2018-09-21 10:28:12 - [MESSAGE][PASSED] - beautytap.ShopAction.addProductToCart is PASSED

2018-09-21 10:28:12 - [TEST_STEP][PASSED] - beautytap.ShopAction.VerifyNumberItemInCart: Keyword VerifyNumberItemInCart is Passed, Number item in cart is 1, expected is 1

2018-09-21 10:28:12 - [MESSAGE][PASSED] - Object '' is present

2018-09-21 10:28:12 - [MESSAGE][PASSED] - Text of object '' is: '1'

2018-09-21 10:28:12 - [MESSAGE][PASSED] - Keyword VerifyNumberItemInCart is Passed, Number item in cart is 1, expected is 1

2018-09-21 10:28:12 - [TEST_STEP][PASSED] - beautytap.ShopAction.VerifyProductIsAddedToCart: beautytap.ShopAction.VerifyProductIsAddedToCart is PASSED

2018-09-21 10:28:44 - [MESSAGE][WARNING] - com.kms.katalon.core.webui.exception.WebElementNotFoundException: Web element with id: '' located by 'By.xpath: //div[@class='woocommerce-message' and contains(text(),'Innisfree Perfect UV Protection Cream SPF50+/PA+++ (Long-Lasting For Oily Skin) 50ml have been added to your cart.')]' not found
[[ATTACHMENT|E:\\BeautytapAutomation\\beautytapAuto\\Beautytap\\Reports\\Regression\\20180921_101944\\1537500523854.png]]

2018-09-21 10:28:44 - [MESSAGE][PASSED] - beautytap.ShopAction.VerifyProductIsAddedToCart is PASSED

2018-09-21 10:28:44 - [TEST_STEP][PASSED] - beautytap.ShopAction.goToCart: beautytap.ShopAction.goToCart is PASSED

2018-09-21 10:28:51 - [MESSAGE][PASSED] - Object: 'Object Repository/Page_General/icon_cart' is clicked on

2018-09-21 10:28:51 - [MESSAGE][PASSED] - Wait for page load successfully

2018-09-21 10:28:51 - [MESSAGE][PASSED] - beautytap.ShopAction.goToCart is PASSED

2018-09-21 10:28:51 - [TEST_STEP][PASSED] - beautytap.ShopAction.VerifyProductInCart: Keyword VerifyProductInCart is Passed

2018-09-21 10:28:51 - [MESSAGE][PASSED] - Object '' is present

2018-09-21 10:28:51 - [MESSAGE][PASSED] - Text of object '' is: '$11.99'

2018-09-21 10:28:51 - [MESSAGE][PASSED] - Attribute 'value' of object '' is: '1'

2018-09-21 10:28:51 - [MESSAGE][PASSED] - Text of object '' is: '$11.99'

2018-09-21 10:28:51 - [MESSAGE][PASSED] - Keyword VerifyProductInCart is Passed

2018-09-21 10:28:51 - [TEST_STEP][PASSED] - beautytap.ShopAction.processToCheckout: beautytap.ShopAction.processToCheckout is PASSED

2018-09-21 10:28:55 - [MESSAGE][PASSED] - Object: 'Object Repository/Page_Cart/btn_checkout' is clicked on

2018-09-21 10:28:55 - [MESSAGE][PASSED] - Wait for page load successfully

2018-09-21 10:28:55 - [MESSAGE][PASSED] - beautytap.ShopAction.processToCheckout is PASSED

2018-09-21 10:28:55 - [TEST_STEP][PASSED] - beautytap.ShopAction.fillCustomerInformation: beautytap.ShopAction.fillCustomerInformation is PASSED

2018-09-21 10:28:56 - [MESSAGE][PASSED] - Text of object 'Object Repository/Page_Checkout/txt_billingFirstName' is cleared

2018-09-21 10:28:56 - [MESSAGE][PASSED] - Keys 'Test' sent to object: 'Object Repository/Page_Checkout/txt_billingFirstName'

2018-09-21 10:28:56 - [MESSAGE][PASSED] - Text of object 'Object Repository/Page_Checkout/txt_billingLastName' is cleared

2018-09-21 10:28:57 - [MESSAGE][PASSED] - Keys 'Automation' sent to object: 'Object Repository/Page_Checkout/txt_billingLastName'

2018-09-21 10:28:57 - [MESSAGE][PASSED] - All options with label 'United States (US)' are selected in object 'Object Repository/Page_Checkout/drop_billingCountry' 

2018-09-21 10:29:02 - [MESSAGE][PASSED] - Delayed 5 second(s)

2018-09-21 10:29:02 - [MESSAGE][PASSED] - Text of object 'Object Repository/Page_Checkout/txt_billingAddress' is cleared

2018-09-21 10:29:03 - [MESSAGE][PASSED] - Keys '123 Testing' sent to object: 'Object Repository/Page_Checkout/txt_billingAddress'

2018-09-21 10:29:03 - [MESSAGE][PASSED] - Text of object 'Object Repository/Page_Checkout/txt_billingCity' is cleared

2018-09-21 10:29:03 - [MESSAGE][PASSED] - Keys 'New York' sent to object: 'Object Repository/Page_Checkout/txt_billingCity'

2018-09-21 10:29:04 - [MESSAGE][PASSED] - All options with label 'New York' are selected in object 'Object Repository/Page_Checkout/drop_billingState' 

2018-09-21 10:29:04 - [MESSAGE][PASSED] - Text of object 'Object Repository/Page_Checkout/txt_billingZip' is cleared

2018-09-21 10:29:04 - [MESSAGE][PASSED] - Keys '90012' sent to object: 'Object Repository/Page_Checkout/txt_billingZip'

2018-09-21 10:29:04 - [MESSAGE][PASSED] - Text of object 'Object Repository/Page_Checkout/txt_billingEmail' is cleared

2018-09-21 10:29:05 - [MESSAGE][PASSED] - Keys 'auto814052@mailinator.com' sent to object: 'Object Repository/Page_Checkout/txt_billingEmail'

2018-09-21 10:29:05 - [MESSAGE][PASSED] - Object 'Object Repository/Page_Checkout/chk_shipToDifferentAddress' is un-checked

2018-09-21 10:29:06 - [MESSAGE][PASSED] - Text of object 'Object Repository/Page_Checkout/txt_orderNote' is cleared

2018-09-21 10:29:06 - [MESSAGE][PASSED] - Keys 'auto814052Order' sent to object: 'Object Repository/Page_Checkout/txt_orderNote'

2018-09-21 10:29:06 - [MESSAGE][PASSED] - Object 'Object Repository/Page_Checkout/radio_creditCard' is checked

2018-09-21 10:29:11 - [MESSAGE][PASSED] - Delayed 5 second(s)

2018-09-21 10:29:11 - [MESSAGE][PASSED] - beautytap.ShopAction.fillCustomerInformation is PASSED

2018-09-21 10:29:11 - [TEST_STEP][PASSED] - beautytap.ShopAction.VerifyOrderDetailsOnCheckout: Keyword VerifyOrderDetailsOnCheckout is Passed

2018-09-21 10:29:12 - [MESSAGE][PASSED] - Object '' is present

2018-09-21 10:29:12 - [MESSAGE][PASSED] - Text of object '' is: '$11.99'

2018-09-21 10:29:12 - [MESSAGE][PASSED] - Object '' has attribute 'checked'

2018-09-21 10:29:12 - [MESSAGE][PASSED] - Text of object '' is: '($12.50) Pantos (est. 14-25 working days including processing): $12.50'

2018-09-21 10:29:12 - [MESSAGE][PASSED] - Text of object '' is: '$12.50'

2018-09-21 10:29:13 - [MESSAGE][PASSED] - Text of object '' is: '$24.49'

2018-09-21 10:29:13 - [MESSAGE][PASSED] - Keyword VerifyOrderDetailsOnCheckout is Passed

2018-09-21 10:29:13 - [TEST_STEP][PASSED] - beautytap.ShopAction.checkoutViaCreditCard: beautytap.ShopAction.checkoutViaCreditCard is PASSED

2018-09-21 10:29:13 - [MESSAGE][PASSED] - Object 'Object Repository/Page_Checkout/radio_creditCard' is checked

2018-09-21 10:29:23 - [MESSAGE][PASSED] - Delayed 10 second(s)

2018-09-21 10:29:23 - [MESSAGE][PASSED] - Text of object 'Object Repository/Page_Checkout/txt_cardNumber' is cleared

2018-09-21 10:29:24 - [MESSAGE][PASSED] - Keys '4032036248443549' sent to object: 'Object Repository/Page_Checkout/txt_cardNumber'

2018-09-21 10:29:24 - [MESSAGE][PASSED] - All options with label 'Visa' are selected in object 'Object Repository/Page_Checkout/drop_cardType' 

2018-09-21 10:29:24 - [MESSAGE][PASSED] - All options with label '07' are selected in object 'Object Repository/Page_Checkout/drop_expirationMonth' 

2018-09-21 10:29:24 - [MESSAGE][PASSED] - All options with label '2023' are selected in object 'Object Repository/Page_Checkout/drop_expirationYear' 

2018-09-21 10:29:25 - [MESSAGE][PASSED] - Text of object 'Object Repository/Page_Checkout/txt_cardCVV' is cleared

2018-09-21 10:29:25 - [MESSAGE][PASSED] - Keys '123' sent to object: 'Object Repository/Page_Checkout/txt_cardCVV'

2018-09-21 10:29:25 - [MESSAGE][PASSED] - Object 'Object Repository/Page_Checkout/chk_terms' is checked

2018-09-21 10:29:25 - [MESSAGE][PASSED] - Object: 'Object Repository/Page_Checkout/btn_placeOrder' is clicked on

2018-09-21 10:29:39 - [MESSAGE][PASSED] - Object 'Object Repository/Page_Checkout/lbl_orderReceived' is present

2018-09-21 10:29:39 - [MESSAGE][PASSED] - beautytap.ShopAction.checkoutViaCreditCard is PASSED

2018-09-21 10:29:39 - [TEST_STEP][PASSED] - beautytap.ShopAction.VerifyOrderReceivedDetails: Keyword VerifyOrderReceivedDetails is Passed

2018-09-21 10:29:39 - [MESSAGE][PASSED] - Object '' is present

2018-09-21 10:29:39 - [MESSAGE][PASSED] - Text of object '' is: '$11.99'

2018-09-21 10:29:39 - [MESSAGE][PASSED] - Text of object '' is: '$12.50 via ($12.50) Pantos (est. 14-25 working days including processing)'

2018-09-21 10:29:39 - [MESSAGE][PASSED] - Object '' is present

2018-09-21 10:29:39 - [MESSAGE][PASSED] - Text of object '' is: '$12.50'

2018-09-21 10:29:39 - [MESSAGE][PASSED] - Text of object '' is: 'Credit Card Payment'

2018-09-21 10:29:39 - [MESSAGE][PASSED] - Text of object '' is: '$24.49'

2018-09-21 10:29:39 - [MESSAGE][PASSED] - Keyword VerifyOrderReceivedDetails is Passed

2018-09-21 10:29:39 - [TEST_STEP][PASSED] - closeBrowser: Browser is closed

2018-09-21 10:29:40 - [MESSAGE][PASSED] - Browser is closed]]></system-out>
         <system-err><![CDATA[]]></system-err>
      </testcase>
      <testcase name="Test Cases/Shop/TC04_Search_VariationProduct_NotSale_AmazonPay_GreaterThan200" classname="Test Cases/Shop/TC04_Search_VariationProduct_NotSale_AmazonPay_GreaterThan200" status="PASSED">
         <system-out><![CDATA[2018-09-21 10:29:42 - [TEST_CASE][PASSED] - Test Cases/Shop/TC04_Search_VariationProduct_NotSale_AmazonPay_GreaterThan200: Test Cases/Shop/TC04_Search_VariationProduct_NotSale_AmazonPay_GreaterThan200

2018-09-21 10:29:42 - [TEST_STEP][PASSED] - Statement - productName = VARIATION_PRODUCT: null

2018-09-21 10:29:42 - [TEST_STEP][PASSED] - Statement - price = VARIATION_PRICE1: null

2018-09-21 10:29:42 - [TEST_STEP][PASSED] - Statement - variation = VARIATION_NAME1: null

2018-09-21 10:29:42 - [TEST_STEP][PASSED] - Statement - r_string = new java.lang.Math().random().toString().substring(2, 8): null

2018-09-21 10:29:42 - [TEST_STEP][PASSED] - Statement - email = "auto" + r_string + "@mailinator.com": null

2018-09-21 10:29:42 - [TEST_STEP][PASSED] - Statement - orderNote = "auto" + r_string + "Order": null

2018-09-21 10:29:42 - [TEST_STEP][PASSED] - Statement - currentNumberItemInCart = <not implemented yet for class: org.codehaus.groovy.ast.expr.EmptyExpression>: null

2018-09-21 10:29:42 - [TEST_STEP][PASSED] - Statement - quantity = 8: null

2018-09-21 10:29:42 - [TEST_STEP][PASSED] - Statement - subtotal = CustomKeywords.beautytap.ShopAction.calculateTotal(quantity, price): beautytap.ShopAction.calculateTotal is PASSED

2018-09-21 10:29:43 - [MESSAGE][PASSED] - beautytap.ShopAction.calculateTotal is PASSED

2018-09-21 10:29:43 - [TEST_STEP][PASSED] - Statement - total = subtotal: null

2018-09-21 10:29:43 - [TEST_STEP][PASSED] - Statement - total = CustomKeywords.beautytap.ShopAction.calculateTotal(1, total): beautytap.ShopAction.calculateTotal is PASSED

2018-09-21 10:29:43 - [MESSAGE][PASSED] - beautytap.ShopAction.calculateTotal is PASSED

2018-09-21 10:29:43 - [TEST_STEP][PASSED] - Statement - products = new org.json.JSONArray((((((((([{"productname":" + productName) + ","variation":") + variation) + ","quantity":") + quantity) + ","price":") + price) + "}])): null

2018-09-21 10:29:43 - [TEST_STEP][PASSED] - Statement - billingInformation = new org.json.JSONObject((({"firstname":"Test","lastname":"Automation","country":"United States (US)","address":"123 Testing","city":"New York","state":"New York","zip":"90012","email":" + email) + "})): null

2018-09-21 10:29:43 - [TEST_STEP][PASSED] - Statement - shippingLabel = FREE_EMS_SHIPPING_LABEL: null

2018-09-21 10:29:43 - [TEST_STEP][PASSED] - Statement - shippingPrice = 0: null

2018-09-21 10:29:43 - [TEST_STEP][PASSED] - Statement - shippingType = "freeEMS": null

2018-09-21 10:29:43 - [TEST_STEP][PASSED] - Statement - paymentMethod = "Amazon Pay": null

2018-09-21 10:29:43 - [TEST_STEP][PASSED] - beautytap.GeneralAction.openBeautytap: beautytap.GeneralAction.openBeautytap is PASSED

2018-09-21 10:30:04 - [MESSAGE][PASSED] - Browser is opened with url: 'https://stage.beautytap.com'

2018-09-21 10:30:05 - [MESSAGE][PASSED] - Current window maximized

2018-09-21 10:30:09 - [MESSAGE][PASSED] - Refresh successfully

2018-09-21 10:30:09 - [MESSAGE][PASSED] - Wait for page load successfully

2018-09-21 10:30:09 - [MESSAGE][PASSED] - beautytap.GeneralAction.openBeautytap is PASSED

2018-09-21 10:30:09 - [TEST_STEP][PASSED] - beautytap.ShopAction.globalSearch: beautytap.ShopAction.globalSearch is PASSED

2018-09-21 10:30:09 - [MESSAGE][PASSED] - Object: 'Object Repository/Page_General/icon_search' is clicked on

2018-09-21 10:30:14 - [MESSAGE][PASSED] - Delayed 5 second(s)

2018-09-21 10:30:15 - [MESSAGE][PASSED] - Text of object 'Object Repository/Page_General/txt_search' is cleared

2018-09-21 10:30:15 - [MESSAGE][PASSED] - Keys 'CONTROL + v' sent to object: 'Object Repository/Page_General/txt_search'

2018-09-21 10:30:16 - [MESSAGE][PASSED] - Object 'Object Repository/Page_General/div_searchResult' is present

2018-09-21 10:30:16 - [MESSAGE][PASSED] - beautytap.ShopAction.globalSearch is PASSED

2018-09-21 10:30:16 - [TEST_STEP][PASSED] - beautytap.ShopAction.VerifyProductOnSearchResult: Keyword VerifyProductOnSearchResult is Passed

2018-09-21 10:30:16 - [MESSAGE][PASSED] - Object '' is present

2018-09-21 10:30:16 - [MESSAGE][PASSED] - Text of object '' is: '$26.70'

2018-09-21 10:30:17 - [MESSAGE][PASSED] - Get CSS 'color' value on '' successfully: 'rgba(255, 35, 134, 1)'.

2018-09-21 10:30:17 - [MESSAGE][PASSED] - Get CSS 'color' value on '' successfully: 'rgba(255, 35, 134, 1)'.

2018-09-21 10:30:17 - [MESSAGE][PASSED] - Keyword VerifyProductOnSearchResult is Passed

2018-09-21 10:30:17 - [TEST_STEP][PASSED] - beautytap.ShopAction.selectProductOnSearchResult: beautytap.ShopAction.selectProductOnSearchResult is PASSED

2018-09-21 10:30:21 - [MESSAGE][PASSED] - Object: '' is clicked on

2018-09-21 10:30:21 - [MESSAGE][PASSED] - Wait for page load successfully

2018-09-21 10:30:21 - [MESSAGE][PASSED] - beautytap.ShopAction.selectProductOnSearchResult is PASSED

2018-09-21 10:30:21 - [TEST_STEP][PASSED] - beautytap.ShopAction.selectProductVariation: beautytap.ShopAction.selectProductVariation is PASSED

2018-09-21 10:30:22 - [MESSAGE][PASSED] - Object: 'Object Repository/Page_Shop/drop_chooseOption' is clicked on

2018-09-21 10:30:23 - [MESSAGE][PASSED] - Delayed 1 second(s)

2018-09-21 10:30:23 - [MESSAGE][PASSED] - Object: '' is clicked on

2018-09-21 10:30:23 - [MESSAGE][PASSED] - beautytap.ShopAction.selectProductVariation is PASSED

2018-09-21 10:30:23 - [TEST_STEP][PASSED] - beautytap.ShopAction.VerifyProductDetails: Keyword VerifyProductDetails is Passed

2018-09-21 10:30:23 - [MESSAGE][PASSED] - Text of object '' is: 'MeloMELI Unicorn Heart Lake Cushion  2 Choices'

2018-09-21 10:30:24 - [MESSAGE][PASSED] - All options with label 'Vanilla Beige' are selected in object 'Object Repository/Page_Shop/drop_chooseOption' 

2018-09-21 10:30:24 - [MESSAGE][PASSED] - Text of object '' is: '$26.70'

2018-09-21 10:30:24 - [MESSAGE][PASSED] - Get CSS 'color' value on '' successfully: 'rgba(255, 35, 134, 1)'.

2018-09-21 10:30:24 - [MESSAGE][PASSED] - Keyword VerifyProductDetails is Passed

2018-09-21 10:30:24 - [TEST_STEP][PASSED] - Statement - currentNumberItemInCart = CustomKeywords.beautytap.ShopAction.getNumberItemInCart(): beautytap.ShopAction.getNumberItemInCart is PASSED

2018-09-21 10:30:55 - [MESSAGE][WARNING] - com.kms.katalon.core.webui.exception.WebElementNotFoundException: Web element with id: '' located by 'By.xpath: //div[@class='header-right-top pull-right']/a[@class='shop-cart']/span[@class='number-cart']' not found
[[ATTACHMENT|E:\\BeautytapAutomation\\beautytapAuto\\Beautytap\\Reports\\Regression\\20180921_101944\\1537500655454.png]]

2018-09-21 10:30:55 - [MESSAGE][PASSED] - beautytap.ShopAction.getNumberItemInCart is PASSED

2018-09-21 10:30:55 - [TEST_STEP][PASSED] - beautytap.ShopAction.addProductToCart: beautytap.ShopAction.addProductToCart is PASSED

2018-09-21 10:30:55 - [MESSAGE][PASSED] - Text of object 'Object Repository/Page_Shop/txt_quantity' is cleared

2018-09-21 10:30:55 - [MESSAGE][PASSED] - Keys '8' sent to object: 'Object Repository/Page_Shop/txt_quantity'

2018-09-21 10:30:56 - [MESSAGE][PASSED] - Object: 'Object Repository/Page_Shop/btn_addToCart' is clicked on

2018-09-21 10:30:56 - [MESSAGE][PASSED] - Wait for page load successfully

2018-09-21 10:31:01 - [MESSAGE][PASSED] - Object 'Object Repository/Page_Shop/lbl_message' is present

2018-09-21 10:31:01 - [MESSAGE][PASSED] - beautytap.ShopAction.addProductToCart is PASSED

2018-09-21 10:31:01 - [TEST_STEP][PASSED] - beautytap.ShopAction.VerifyNumberItemInCart: Keyword VerifyNumberItemInCart is Passed, Number item in cart is 8, expected is 8

2018-09-21 10:31:01 - [MESSAGE][PASSED] - Object '' is present

2018-09-21 10:31:01 - [MESSAGE][PASSED] - Text of object '' is: '8'

2018-09-21 10:31:01 - [MESSAGE][PASSED] - Keyword VerifyNumberItemInCart is Passed, Number item in cart is 8, expected is 8

2018-09-21 10:31:01 - [TEST_STEP][PASSED] - beautytap.ShopAction.VerifyProductIsAddedToCart: beautytap.ShopAction.VerifyProductIsAddedToCart is PASSED

2018-09-21 10:31:01 - [MESSAGE][PASSED] - Object '' is present

2018-09-21 10:31:01 - [MESSAGE][PASSED] - beautytap.ShopAction.VerifyProductIsAddedToCart is PASSED

2018-09-21 10:31:01 - [TEST_STEP][PASSED] - beautytap.ShopAction.goToCart: beautytap.ShopAction.goToCart is PASSED

2018-09-21 10:31:06 - [MESSAGE][PASSED] - Object: 'Object Repository/Page_General/icon_cart' is clicked on

2018-09-21 10:31:06 - [MESSAGE][PASSED] - Wait for page load successfully

2018-09-21 10:31:06 - [MESSAGE][PASSED] - beautytap.ShopAction.goToCart is PASSED

2018-09-21 10:31:06 - [TEST_STEP][PASSED] - beautytap.ShopAction.VerifyProductInCart: Keyword VerifyProductInCart is Passed

2018-09-21 10:31:06 - [MESSAGE][PASSED] - Object '' is present

2018-09-21 10:31:06 - [MESSAGE][PASSED] - Text of object '' is: '$26.70'

2018-09-21 10:31:06 - [MESSAGE][PASSED] - Attribute 'value' of object '' is: '8'

2018-09-21 10:31:06 - [MESSAGE][PASSED] - Text of object '' is: '$213.60'

2018-09-21 10:31:06 - [MESSAGE][PASSED] - Keyword VerifyProductInCart is Passed

2018-09-21 10:31:06 - [TEST_STEP][PASSED] - beautytap.ShopAction.processToCheckout: beautytap.ShopAction.processToCheckout is PASSED

2018-09-21 10:31:09 - [MESSAGE][PASSED] - Object: 'Object Repository/Page_Cart/btn_checkout' is clicked on

2018-09-21 10:31:09 - [MESSAGE][PASSED] - Wait for page load successfully

2018-09-21 10:31:09 - [MESSAGE][PASSED] - beautytap.ShopAction.processToCheckout is PASSED

2018-09-21 10:31:09 - [TEST_STEP][PASSED] - beautytap.ShopAction.loginAmazonPay: beautytap.ShopAction.loginAmazonPay is PASSED

2018-09-21 10:31:10 - [MESSAGE][PASSED] - Object: 'Object Repository/Page_Checkout/btn_amazonPay' is clicked on

2018-09-21 10:31:10 - [MESSAGE][PASSED] - Switched to window with index: '1'

2018-09-21 10:31:11 - [MESSAGE][PASSED] - Object 'Object Repository/Popup_Amazon/txt_email' is present

2018-09-21 10:31:11 - [MESSAGE][PASSED] - Text of object 'Object Repository/Popup_Amazon/txt_email' is cleared

2018-09-21 10:31:11 - [MESSAGE][PASSED] - Keys 'amazontest1503@yopmail.com' sent to object: 'Object Repository/Popup_Amazon/txt_email'

2018-09-21 10:31:11 - [MESSAGE][PASSED] - Text of object 'Object Repository/Popup_Amazon/txt_password' is cleared

2018-09-21 10:31:11 - [MESSAGE][PASSED] - Keys '123456' sent to object: 'Object Repository/Popup_Amazon/txt_password'

2018-09-21 10:31:19 - [MESSAGE][PASSED] - Object: 'Object Repository/Popup_Amazon/btn_signin' is clicked on

2018-09-21 10:31:19 - [MESSAGE][PASSED] - Switched to window with index: '0'

2018-09-21 10:31:49 - [MESSAGE][PASSED] - Delayed 30 second(s)

2018-09-21 10:31:49 - [MESSAGE][PASSED] - beautytap.ShopAction.loginAmazonPay is PASSED

2018-09-21 10:31:49 - [TEST_STEP][PASSED] - beautytap.ShopAction.VerifyOrderDetailsOnCheckout: Keyword VerifyOrderDetailsOnCheckout is Passed

2018-09-21 10:31:49 - [MESSAGE][PASSED] - Object '' is present

2018-09-21 10:31:49 - [MESSAGE][PASSED] - Text of object '' is: '$213.60'

2018-09-21 10:31:49 - [MESSAGE][PASSED] - Text of object '' is: 'Free EMS shipping (over $200)
Why does shipping take this long?'

2018-09-21 10:31:49 - [MESSAGE][PASSED] - Text of object '' is: '$213.60'

2018-09-21 10:31:49 - [MESSAGE][PASSED] - Keyword VerifyOrderDetailsOnCheckout is Passed

2018-09-21 10:31:49 - [TEST_STEP][PASSED] - beautytap.ShopAction.checkoutViaAmazonPay: beautytap.ShopAction.checkoutViaAmazonPay is PASSED

2018-09-21 10:31:49 - [MESSAGE][PASSED] - Object 'Object Repository/Page_Checkout/chk_terms' is clickable

2018-09-21 10:31:49 - [MESSAGE][PASSED] - Object 'Object Repository/Page_Checkout/chk_terms' is checked

2018-09-21 10:31:50 - [MESSAGE][PASSED] - Object: 'Object Repository/Page_Checkout/btn_placeOrder' is clicked on

2018-09-21 10:32:03 - [MESSAGE][PASSED] - Object 'Object Repository/Page_Checkout/lbl_orderReceived' is present

2018-09-21 10:32:03 - [MESSAGE][PASSED] - beautytap.ShopAction.checkoutViaAmazonPay is PASSED

2018-09-21 10:32:03 - [TEST_STEP][PASSED] - beautytap.ShopAction.VerifyOrderReceivedDetails: Keyword VerifyOrderReceivedDetails is Passed

2018-09-21 10:32:03 - [MESSAGE][PASSED] - Object '' is present

2018-09-21 10:32:03 - [MESSAGE][PASSED] - Text of object '' is: '$213.60'

2018-09-21 10:32:03 - [MESSAGE][PASSED] - Text of object '' is: 'Free EMS shipping (over $200)'

2018-09-21 10:32:08 - [MESSAGE][WARNING] - com.kms.katalon.core.webui.exception.WebElementNotFoundException: Web element with id: '' located by 'By.xpath: //th[text()='Shipping:']/parent::tr/td/span' not found
[[ATTACHMENT|E:\\BeautytapAutomation\\beautytapAuto\\Beautytap\\Reports\\Regression\\20180921_101944\\1537500728597.png]]

2018-09-21 10:32:08 - [MESSAGE][PASSED] - Text of object '' is: 'Amazon Pay'

2018-09-21 10:32:08 - [MESSAGE][PASSED] - Text of object '' is: '$213.60'

2018-09-21 10:32:08 - [MESSAGE][PASSED] - Keyword VerifyOrderReceivedDetails is Passed

2018-09-21 10:32:08 - [TEST_STEP][PASSED] - closeBrowser: Browser is closed

2018-09-21 10:32:09 - [MESSAGE][PASSED] - Browser is closed]]></system-out>
         <system-err><![CDATA[]]></system-err>
      </testcase>
      <testcase name="Test Cases/Shop/TC05_Browse_SimpleProduct_NotSale_PayPal_GreaterThan60LessThan200" classname="Test Cases/Shop/TC05_Browse_SimpleProduct_NotSale_PayPal_GreaterThan60LessThan200" status="PASSED">
         <system-out><![CDATA[2018-09-21 10:32:12 - [TEST_CASE][PASSED] - Test Cases/Shop/TC05_Browse_SimpleProduct_NotSale_PayPal_GreaterThan60LessThan200: Test Cases/Shop/TC05_Browse_SimpleProduct_NotSale_PayPal_GreaterThan60LessThan200

2018-09-21 10:32:12 - [TEST_STEP][PASSED] - Statement - productName = SIMPLE_PRODUCT: null

2018-09-21 10:32:12 - [TEST_STEP][PASSED] - Statement - price = SIMPLE_PRODUCT_PRICE: null

2018-09-21 10:32:12 - [TEST_STEP][PASSED] - Statement - r_string = new java.lang.Math().random().toString().substring(2, 8): null

2018-09-21 10:32:12 - [TEST_STEP][PASSED] - Statement - email = "auto" + r_string + "@mailinator.com": null

2018-09-21 10:32:12 - [TEST_STEP][PASSED] - Statement - orderNote = "auto" + r_string + "Order": null

2018-09-21 10:32:12 - [TEST_STEP][PASSED] - Statement - currentNumberItemInCart = <not implemented yet for class: org.codehaus.groovy.ast.expr.EmptyExpression>: null

2018-09-21 10:32:12 - [TEST_STEP][PASSED] - Statement - quantity = 3: null

2018-09-21 10:32:12 - [TEST_STEP][PASSED] - Statement - subtotal = CustomKeywords.beautytap.ShopAction.calculateTotal(quantity, price): beautytap.ShopAction.calculateTotal is PASSED

2018-09-21 10:32:12 - [MESSAGE][PASSED] - beautytap.ShopAction.calculateTotal is PASSED

2018-09-21 10:32:12 - [TEST_STEP][PASSED] - Statement - total = subtotal: null

2018-09-21 10:32:12 - [TEST_STEP][PASSED] - Statement - total = CustomKeywords.beautytap.ShopAction.calculateTotal(1, total): beautytap.ShopAction.calculateTotal is PASSED

2018-09-21 10:32:12 - [MESSAGE][PASSED] - beautytap.ShopAction.calculateTotal is PASSED

2018-09-21 10:32:12 - [TEST_STEP][PASSED] - Statement - products = new org.json.JSONArray((((((([{"productname":" + productName) + ","variation":"","quantity":") + quantity) + ","price":") + price) + "}])): null

2018-09-21 10:32:12 - [TEST_STEP][PASSED] - Statement - billingInformation = new org.json.JSONObject((({"firstname":"Test","lastname":"Automation","country":"United States (US)","address":"123 Testing","city":"New York","state":"New York","zip":"90012","email":" + email) + "})): null

2018-09-21 10:32:12 - [TEST_STEP][PASSED] - Statement - shippingLabel = FREE_SHIPPING_LABEL: null

2018-09-21 10:32:12 - [TEST_STEP][PASSED] - Statement - shippingPrice = 0: null

2018-09-21 10:32:12 - [TEST_STEP][PASSED] - Statement - shippingType = "free": null

2018-09-21 10:32:12 - [TEST_STEP][PASSED] - Statement - paymentMethod = "PayPal": null

2018-09-21 10:32:12 - [TEST_STEP][PASSED] - Statement - category = "What's New": null

2018-09-21 10:32:12 - [TEST_STEP][PASSED] - beautytap.GeneralAction.openBeautytap: beautytap.GeneralAction.openBeautytap is PASSED

2018-09-21 10:32:45 - [MESSAGE][PASSED] - Browser is opened with url: 'https://stage.beautytap.com'

2018-09-21 10:32:46 - [MESSAGE][PASSED] - Current window maximized

2018-09-21 10:32:52 - [MESSAGE][PASSED] - Refresh successfully

2018-09-21 10:32:52 - [MESSAGE][PASSED] - Wait for page load successfully

2018-09-21 10:32:52 - [MESSAGE][PASSED] - beautytap.GeneralAction.openBeautytap is PASSED

2018-09-21 10:32:52 - [TEST_STEP][PASSED] - beautytap.ShopAction.selectCategory: beautytap.ShopAction.selectCategory is PASSED

2018-09-21 10:32:59 - [MESSAGE][PASSED] - Object: '' is clicked on

2018-09-21 10:32:59 - [MESSAGE][PASSED] - Wait for page load successfully

2018-09-21 10:32:59 - [MESSAGE][PASSED] - beautytap.ShopAction.selectCategory is PASSED

2018-09-21 10:32:59 - [TEST_STEP][PASSED] - beautytap.ShopAction.findProductOnProductList: beautytap.ShopAction.findProductOnProductList is PASSED

2018-09-21 10:32:59 - [MESSAGE][PASSED] - Text of object '' is: '77'

2018-09-21 10:33:05 - [MESSAGE][WARNING] - com.kms.katalon.core.webui.exception.WebElementNotFoundException: Web element with id: '' located by 'By.xpath: //a[text()='La Muse Correct Care Complete Cushion SPF50+']' not found
[[ATTACHMENT|E:\\BeautytapAutomation\\beautytapAuto\\Beautytap\\Reports\\Regression\\20180921_101944\\1537500784803.png]]

2018-09-21 10:33:13 - [MESSAGE][PASSED] - Object: '' is clicked on

2018-09-21 10:33:13 - [MESSAGE][PASSED] - Wait for page load successfully

2018-09-21 10:33:19 - [MESSAGE][WARNING] - com.kms.katalon.core.webui.exception.WebElementNotFoundException: Web element with id: '' located by 'By.xpath: //a[text()='La Muse Correct Care Complete Cushion SPF50+']' not found
[[ATTACHMENT|E:\\BeautytapAutomation\\beautytapAuto\\Beautytap\\Reports\\Regression\\20180921_101944\\1537500798789.png]]

2018-09-21 10:33:26 - [MESSAGE][PASSED] - Object: '' is clicked on

2018-09-21 10:33:26 - [MESSAGE][PASSED] - Wait for page load successfully

2018-09-21 10:33:26 - [MESSAGE][PASSED] - Object '' is present

2018-09-21 10:33:26 - [MESSAGE][PASSED] - beautytap.ShopAction.findProductOnProductList is PASSED

2018-09-21 10:33:26 - [TEST_STEP][PASSED] - beautytap.ShopAction.VerifyProductOnProductList: Keyword VerifyProductOnProductList is Passed

2018-09-21 10:33:26 - [MESSAGE][PASSED] - Object '' is present

2018-09-21 10:33:26 - [MESSAGE][PASSED] - Text of object '' is: '$31.80'

2018-09-21 10:33:26 - [MESSAGE][PASSED] - Get CSS 'color' value on '' successfully: 'rgba(255, 35, 134, 1)'.

2018-09-21 10:33:26 - [MESSAGE][PASSED] - Get CSS 'color' value on '' successfully: 'rgba(255, 35, 134, 1)'.

2018-09-21 10:33:26 - [MESSAGE][PASSED] - Keyword VerifyProductOnProductList is Passed

2018-09-21 10:33:26 - [TEST_STEP][PASSED] - beautytap.ShopAction.selectProductOnProductList: beautytap.ShopAction.selectProductOnProductList is PASSED

2018-09-21 10:33:31 - [MESSAGE][PASSED] - Object: '' is clicked on

2018-09-21 10:33:31 - [MESSAGE][PASSED] - Wait for page load successfully

2018-09-21 10:33:31 - [MESSAGE][PASSED] - beautytap.ShopAction.selectProductOnProductList is PASSED

2018-09-21 10:33:31 - [TEST_STEP][PASSED] - beautytap.ShopAction.VerifyProductDetails: Keyword VerifyProductDetails is Passed

2018-09-21 10:33:31 - [MESSAGE][PASSED] - Text of object '' is: 'La Muse Correct Care Complete Cushion SPF50+'

2018-09-21 10:33:31 - [MESSAGE][PASSED] - Text of object '' is: '$31.80'

2018-09-21 10:33:31 - [MESSAGE][PASSED] - Get CSS 'color' value on '' successfully: 'rgba(255, 35, 134, 1)'.

2018-09-21 10:33:31 - [MESSAGE][PASSED] - Keyword VerifyProductDetails is Passed

2018-09-21 10:33:31 - [TEST_STEP][PASSED] - Statement - currentNumberItemInCart = CustomKeywords.beautytap.ShopAction.getNumberItemInCart(): beautytap.ShopAction.getNumberItemInCart is PASSED

2018-09-21 10:34:02 - [MESSAGE][WARNING] - com.kms.katalon.core.webui.exception.WebElementNotFoundException: Web element with id: '' located by 'By.xpath: //div[@class='header-right-top pull-right']/a[@class='shop-cart']/span[@class='number-cart']' not found
[[ATTACHMENT|E:\\BeautytapAutomation\\beautytapAuto\\Beautytap\\Reports\\Regression\\20180921_101944\\1537500842606.png]]

2018-09-21 10:34:02 - [MESSAGE][PASSED] - beautytap.ShopAction.getNumberItemInCart is PASSED

2018-09-21 10:34:02 - [TEST_STEP][PASSED] - beautytap.ShopAction.addProductToCart: beautytap.ShopAction.addProductToCart is PASSED

2018-09-21 10:34:03 - [MESSAGE][PASSED] - Text of object 'Object Repository/Page_Shop/txt_quantity' is cleared

2018-09-21 10:34:03 - [MESSAGE][PASSED] - Keys '3' sent to object: 'Object Repository/Page_Shop/txt_quantity'

2018-09-21 10:34:03 - [MESSAGE][PASSED] - Object: 'Object Repository/Page_Shop/btn_addToCart' is clicked on

2018-09-21 10:34:03 - [MESSAGE][PASSED] - Wait for page load successfully

2018-09-21 10:34:08 - [MESSAGE][PASSED] - Object 'Object Repository/Page_Shop/lbl_message' is present

2018-09-21 10:34:08 - [MESSAGE][PASSED] - beautytap.ShopAction.addProductToCart is PASSED

2018-09-21 10:34:08 - [TEST_STEP][PASSED] - beautytap.ShopAction.VerifyNumberItemInCart: Keyword VerifyNumberItemInCart is Passed, Number item in cart is 3, expected is 3

2018-09-21 10:34:08 - [MESSAGE][PASSED] - Object '' is present

2018-09-21 10:34:08 - [MESSAGE][PASSED] - Text of object '' is: '3'

2018-09-21 10:34:08 - [MESSAGE][PASSED] - Keyword VerifyNumberItemInCart is Passed, Number item in cart is 3, expected is 3

2018-09-21 10:34:08 - [TEST_STEP][PASSED] - beautytap.ShopAction.VerifyProductIsAddedToCart: beautytap.ShopAction.VerifyProductIsAddedToCart is PASSED

2018-09-21 10:34:08 - [MESSAGE][PASSED] - Object '' is present

2018-09-21 10:34:08 - [MESSAGE][PASSED] - beautytap.ShopAction.VerifyProductIsAddedToCart is PASSED

2018-09-21 10:34:08 - [TEST_STEP][PASSED] - beautytap.ShopAction.goToCart: beautytap.ShopAction.goToCart is PASSED

2018-09-21 10:34:13 - [MESSAGE][PASSED] - Object: 'Object Repository/Page_General/icon_cart' is clicked on

2018-09-21 10:34:13 - [MESSAGE][PASSED] - Wait for page load successfully

2018-09-21 10:34:13 - [MESSAGE][PASSED] - beautytap.ShopAction.goToCart is PASSED

2018-09-21 10:34:13 - [TEST_STEP][PASSED] - beautytap.ShopAction.VerifyProductInCart: Keyword VerifyProductInCart is Passed

2018-09-21 10:34:13 - [MESSAGE][PASSED] - Object '' is present

2018-09-21 10:34:13 - [MESSAGE][PASSED] - Text of object '' is: '$31.80'

2018-09-21 10:34:13 - [MESSAGE][PASSED] - Attribute 'value' of object '' is: '3'

2018-09-21 10:34:13 - [MESSAGE][PASSED] - Text of object '' is: '$95.40'

2018-09-21 10:34:13 - [MESSAGE][PASSED] - Keyword VerifyProductInCart is Passed

2018-09-21 10:34:13 - [TEST_STEP][PASSED] - beautytap.ShopAction.processToCheckout: beautytap.ShopAction.processToCheckout is PASSED

2018-09-21 10:34:19 - [MESSAGE][PASSED] - Object: 'Object Repository/Page_Cart/btn_checkout' is clicked on

2018-09-21 10:34:19 - [MESSAGE][PASSED] - Wait for page load successfully

2018-09-21 10:34:19 - [MESSAGE][PASSED] - beautytap.ShopAction.processToCheckout is PASSED

2018-09-21 10:34:19 - [TEST_STEP][PASSED] - beautytap.ShopAction.fillCustomerInformation: beautytap.ShopAction.fillCustomerInformation is PASSED

2018-09-21 10:34:19 - [MESSAGE][PASSED] - Text of object 'Object Repository/Page_Checkout/txt_billingFirstName' is cleared

2018-09-21 10:34:19 - [MESSAGE][PASSED] - Keys 'Test' sent to object: 'Object Repository/Page_Checkout/txt_billingFirstName'

2018-09-21 10:34:19 - [MESSAGE][PASSED] - Text of object 'Object Repository/Page_Checkout/txt_billingLastName' is cleared

2018-09-21 10:34:19 - [MESSAGE][PASSED] - Keys 'Automation' sent to object: 'Object Repository/Page_Checkout/txt_billingLastName'

2018-09-21 10:34:20 - [MESSAGE][PASSED] - All options with label 'United States (US)' are selected in object 'Object Repository/Page_Checkout/drop_billingCountry' 

2018-09-21 10:34:25 - [MESSAGE][PASSED] - Delayed 5 second(s)

2018-09-21 10:34:25 - [MESSAGE][PASSED] - Text of object 'Object Repository/Page_Checkout/txt_billingAddress' is cleared

2018-09-21 10:34:25 - [MESSAGE][PASSED] - Keys '123 Testing' sent to object: 'Object Repository/Page_Checkout/txt_billingAddress'

2018-09-21 10:34:25 - [MESSAGE][PASSED] - Text of object 'Object Repository/Page_Checkout/txt_billingCity' is cleared

2018-09-21 10:34:25 - [MESSAGE][PASSED] - Keys 'New York' sent to object: 'Object Repository/Page_Checkout/txt_billingCity'

2018-09-21 10:34:26 - [MESSAGE][PASSED] - All options with label 'New York' are selected in object 'Object Repository/Page_Checkout/drop_billingState' 

2018-09-21 10:34:26 - [MESSAGE][PASSED] - Text of object 'Object Repository/Page_Checkout/txt_billingZip' is cleared

2018-09-21 10:34:26 - [MESSAGE][PASSED] - Keys '90012' sent to object: 'Object Repository/Page_Checkout/txt_billingZip'

2018-09-21 10:34:26 - [MESSAGE][PASSED] - Text of object 'Object Repository/Page_Checkout/txt_billingEmail' is cleared

2018-09-21 10:34:27 - [MESSAGE][PASSED] - Keys 'auto979440@mailinator.com' sent to object: 'Object Repository/Page_Checkout/txt_billingEmail'

2018-09-21 10:34:27 - [MESSAGE][PASSED] - Object 'Object Repository/Page_Checkout/chk_shipToDifferentAddress' is un-checked

2018-09-21 10:34:27 - [MESSAGE][PASSED] - Text of object 'Object Repository/Page_Checkout/txt_orderNote' is cleared

2018-09-21 10:34:27 - [MESSAGE][PASSED] - Keys 'auto979440Order' sent to object: 'Object Repository/Page_Checkout/txt_orderNote'

2018-09-21 10:34:27 - [MESSAGE][PASSED] - Object 'Object Repository/Page_Checkout/radio_creditCard' is checked

2018-09-21 10:34:32 - [MESSAGE][PASSED] - Delayed 5 second(s)

2018-09-21 10:34:32 - [MESSAGE][PASSED] - beautytap.ShopAction.fillCustomerInformation is PASSED

2018-09-21 10:34:32 - [TEST_STEP][PASSED] - beautytap.ShopAction.VerifyOrderDetailsOnCheckout: Keyword VerifyOrderDetailsOnCheckout is Passed

2018-09-21 10:34:32 - [MESSAGE][PASSED] - Object '' is present

2018-09-21 10:34:33 - [MESSAGE][PASSED] - Text of object '' is: '$95.40'

2018-09-21 10:34:33 - [MESSAGE][PASSED] - Text of object '' is: 'Free shipping for orders over $60
Why does shipping take this long?'

2018-09-21 10:34:33 - [MESSAGE][PASSED] - Text of object '' is: '$95.40'

2018-09-21 10:34:33 - [MESSAGE][PASSED] - Keyword VerifyOrderDetailsOnCheckout is Passed

2018-09-21 10:34:33 - [TEST_STEP][PASSED] - beautytap.ShopAction.checkoutViaPaypal: beautytap.ShopAction.checkoutViaPaypal is PASSED

2018-09-21 10:34:33 - [MESSAGE][PASSED] - Object 'Object Repository/Page_Checkout/radio_paypal' is checked

2018-09-21 10:34:38 - [MESSAGE][PASSED] - Delayed 5 second(s)

2018-09-21 10:34:38 - [MESSAGE][PASSED] - Object 'Object Repository/Page_Checkout/chk_terms' is checked

2018-09-21 10:34:38 - [MESSAGE][PASSED] - Object: 'Object Repository/Page_Checkout/btn_placeOrder' is clicked on

2018-09-21 10:34:45 - [MESSAGE][PASSED] - Object 'Object Repository/Page_Paypal/txt_email' is present

2018-09-21 10:34:45 - [MESSAGE][PASSED] - Text of object 'Object Repository/Page_Paypal/txt_email' is cleared

2018-09-21 10:34:46 - [MESSAGE][PASSED] - Keys 'g1.posiba@gmail.com' sent to object: 'Object Repository/Page_Paypal/txt_email'

2018-09-21 10:34:46 - [MESSAGE][PASSED] - Text of object 'Object Repository/Page_Paypal/txt_password' is cleared

2018-09-21 10:34:46 - [MESSAGE][PASSED] - Keys 'Tr@ng99%' sent to object: 'Object Repository/Page_Paypal/txt_password'

2018-09-21 10:34:56 - [MESSAGE][PASSED] - Object: 'Object Repository/Page_Paypal/btn_login' is clicked on

2018-09-21 10:35:04 - [MESSAGE][PASSED] - Object 'Object Repository/Page_Paypal/btn_payNow' is present

2018-09-21 10:35:09 - [MESSAGE][PASSED] - Delayed 5 second(s)

2018-09-21 10:35:09 - [MESSAGE][PASSED] - Object: 'Object Repository/Page_Paypal/btn_payNow' is clicked on

2018-09-21 10:35:28 - [MESSAGE][PASSED] - Object 'Object Repository/Page_Checkout/lbl_orderReceived' is present

2018-09-21 10:35:28 - [MESSAGE][PASSED] - beautytap.ShopAction.checkoutViaPaypal is PASSED

2018-09-21 10:35:28 - [TEST_STEP][PASSED] - beautytap.ShopAction.VerifyOrderReceivedDetails: Keyword VerifyOrderReceivedDetails is Passed

2018-09-21 10:35:28 - [MESSAGE][PASSED] - Object '' is present

2018-09-21 10:35:28 - [MESSAGE][PASSED] - Text of object '' is: '$95.40'

2018-09-21 10:35:28 - [MESSAGE][PASSED] - Text of object '' is: 'Free shipping for orders over $60'

2018-09-21 10:35:33 - [MESSAGE][WARNING] - com.kms.katalon.core.webui.exception.WebElementNotFoundException: Web element with id: '' located by 'By.xpath: //th[text()='Shipping:']/parent::tr/td/span' not found
[[ATTACHMENT|E:\\BeautytapAutomation\\beautytapAuto\\Beautytap\\Reports\\Regression\\20180921_101944\\1537500933654.png]]

2018-09-21 10:35:33 - [MESSAGE][PASSED] - Text of object '' is: 'PayPal'

2018-09-21 10:35:34 - [MESSAGE][PASSED] - Text of object '' is: '$95.40'

2018-09-21 10:35:34 - [MESSAGE][PASSED] - Keyword VerifyOrderReceivedDetails is Passed

2018-09-21 10:35:34 - [TEST_STEP][PASSED] - closeBrowser: Browser is closed

2018-09-21 10:35:34 - [MESSAGE][PASSED] - Browser is closed]]></system-out>
         <system-err><![CDATA[]]></system-err>
      </testcase>
      <testcase name="Test Cases/Shop/TC06_Browse_VariationProduct_Sale_AmazonPayAtCart_LessThan60_EMS" classname="Test Cases/Shop/TC06_Browse_VariationProduct_Sale_AmazonPayAtCart_LessThan60_EMS" status="PASSED">
         <system-out><![CDATA[2018-09-21 10:35:37 - [TEST_CASE][PASSED] - Test Cases/Shop/TC06_Browse_VariationProduct_Sale_AmazonPayAtCart_LessThan60_EMS: Test Cases/Shop/TC06_Browse_VariationProduct_Sale_AmazonPayAtCart_LessThan60_EMS

2018-09-21 10:35:37 - [TEST_STEP][PASSED] - Statement - productName = VARIATION_SALE_PRODUCT: null

2018-09-21 10:35:37 - [TEST_STEP][PASSED] - Statement - saleprice = VARIATION_SALE_PRICE1: null

2018-09-21 10:35:37 - [TEST_STEP][PASSED] - Statement - redularprice = VARIATION_SALE_REGULAR_PRICE1: null

2018-09-21 10:35:37 - [TEST_STEP][PASSED] - Statement - variation = VARIATION_SALE_NAME1: null

2018-09-21 10:35:37 - [TEST_STEP][PASSED] - Statement - r_string = new java.lang.Math().random().toString().substring(2, 8): null

2018-09-21 10:35:37 - [TEST_STEP][PASSED] - Statement - email = "auto" + r_string + "@mailinator.com": null

2018-09-21 10:35:37 - [TEST_STEP][PASSED] - Statement - orderNote = "auto" + r_string + "Order": null

2018-09-21 10:35:37 - [TEST_STEP][PASSED] - Statement - currentNumberItemInCart = <not implemented yet for class: org.codehaus.groovy.ast.expr.EmptyExpression>: null

2018-09-21 10:35:37 - [TEST_STEP][PASSED] - Statement - quantity = 5: null

2018-09-21 10:35:37 - [TEST_STEP][PASSED] - Statement - shippingLabel = EMS_SHIPPING_LABEL: null

2018-09-21 10:35:37 - [TEST_STEP][PASSED] - Statement - shippingPrice = EMS_SHIPPING_PRICE: null

2018-09-21 10:35:37 - [TEST_STEP][PASSED] - Statement - subtotal = CustomKeywords.beautytap.ShopAction.calculateTotal(quantity, saleprice): beautytap.ShopAction.calculateTotal is PASSED

2018-09-21 10:35:37 - [MESSAGE][PASSED] - beautytap.ShopAction.calculateTotal is PASSED

2018-09-21 10:35:37 - [TEST_STEP][PASSED] - Statement - total = subtotal + shippingPrice: null

2018-09-21 10:35:37 - [TEST_STEP][PASSED] - Statement - total = CustomKeywords.beautytap.ShopAction.calculateTotal(1, total): beautytap.ShopAction.calculateTotal is PASSED

2018-09-21 10:35:37 - [MESSAGE][PASSED] - beautytap.ShopAction.calculateTotal is PASSED

2018-09-21 10:35:37 - [TEST_STEP][PASSED] - Statement - products = new org.json.JSONArray((((((((([{"productname":" + productName) + ","variation":") + variation) + ","quantity":") + quantity) + ","price":") + saleprice) + "}])): null

2018-09-21 10:35:37 - [TEST_STEP][PASSED] - Statement - billingInformation = new org.json.JSONObject((({"firstname":"Test","lastname":"Automation","country":"United States (US)","address":"123 Testing","city":"New York","state":"New York","zip":"90012","email":" + email) + "})): null

2018-09-21 10:35:37 - [TEST_STEP][PASSED] - Statement - shippingType = "EMS": null

2018-09-21 10:35:37 - [TEST_STEP][PASSED] - Statement - paymentMethod = "Amazon Pay": null

2018-09-21 10:35:37 - [TEST_STEP][PASSED] - Statement - category = "Brands": null

2018-09-21 10:35:37 - [TEST_STEP][PASSED] - Statement - subcategory = "Innisfree": null

2018-09-21 10:35:37 - [TEST_STEP][PASSED] - beautytap.GeneralAction.openBeautytap: beautytap.GeneralAction.openBeautytap is PASSED

2018-09-21 10:35:55 - [MESSAGE][PASSED] - Browser is opened with url: 'https://stage.beautytap.com'

2018-09-21 10:35:56 - [MESSAGE][PASSED] - Current window maximized

2018-09-21 10:36:03 - [MESSAGE][PASSED] - Refresh successfully

2018-09-21 10:36:03 - [MESSAGE][PASSED] - Wait for page load successfully

2018-09-21 10:36:03 - [MESSAGE][PASSED] - beautytap.GeneralAction.openBeautytap is PASSED

2018-09-21 10:36:03 - [TEST_STEP][PASSED] - beautytap.ShopAction.selectCategory: beautytap.ShopAction.selectCategory is PASSED

2018-09-21 10:36:03 - [MESSAGE][PASSED] - Object: '' is clicked on

2018-09-21 10:36:05 - [MESSAGE][PASSED] - Delayed 2 second(s)

2018-09-21 10:36:15 - [MESSAGE][PASSED] - Object: '' is clicked on

2018-09-21 10:36:15 - [MESSAGE][PASSED] - Wait for page load successfully

2018-09-21 10:36:15 - [MESSAGE][PASSED] - beautytap.ShopAction.selectCategory is PASSED

2018-09-21 10:36:15 - [TEST_STEP][PASSED] - beautytap.ShopAction.findProductOnProductList: beautytap.ShopAction.findProductOnProductList is PASSED

2018-09-21 10:36:15 - [MESSAGE][PASSED] - Text of object '' is: '3'

2018-09-21 10:36:21 - [MESSAGE][WARNING] - com.kms.katalon.core.webui.exception.WebElementNotFoundException: Web element with id: '' located by 'By.xpath: //a[text()='Innisfree Eye Contouring Stick Round Shape 0.7g']' not found
[[ATTACHMENT|E:\\BeautytapAutomation\\beautytapAuto\\Beautytap\\Reports\\Regression\\20180921_101944\\1537500980948.png]]

2018-09-21 10:36:33 - [MESSAGE][PASSED] - Object: '' is clicked on

2018-09-21 10:36:33 - [MESSAGE][PASSED] - Wait for page load successfully

2018-09-21 10:36:33 - [MESSAGE][PASSED] - Object '' is present

2018-09-21 10:36:33 - [MESSAGE][PASSED] - beautytap.ShopAction.findProductOnProductList is PASSED

2018-09-21 10:36:33 - [TEST_STEP][PASSED] - beautytap.ShopAction.VerifyProductOnProductList: Keyword VerifyProductOnProductList is Passed

2018-09-21 10:36:33 - [MESSAGE][PASSED] - Object '' is present

2018-09-21 10:36:33 - [MESSAGE][PASSED] - Text of object '' is: '$4.95'

2018-09-21 10:36:33 - [MESSAGE][PASSED] - Get CSS 'color' value on '' successfully: 'rgba(255, 35, 134, 1)'.

2018-09-21 10:36:33 - [MESSAGE][PASSED] - Get CSS 'color' value on '' successfully: 'rgba(255, 35, 134, 1)'.

2018-09-21 10:36:33 - [MESSAGE][PASSED] - Text of object '' is: '$6.50'

2018-09-21 10:36:33 - [MESSAGE][PASSED] - Get CSS 'color' value on '' successfully: 'rgba(255, 35, 134, 1)'.

2018-09-21 10:36:33 - [MESSAGE][PASSED] - Get CSS 'color' value on '' successfully: 'rgba(255, 35, 134, 1)'.

2018-09-21 10:36:33 - [MESSAGE][PASSED] - Keyword VerifyProductOnProductList is Passed

2018-09-21 10:36:33 - [TEST_STEP][PASSED] - beautytap.ShopAction.selectProductOnProductList: beautytap.ShopAction.selectProductOnProductList is PASSED

2018-09-21 10:36:41 - [MESSAGE][PASSED] - Object: '' is clicked on

2018-09-21 10:36:41 - [MESSAGE][PASSED] - Wait for page load successfully

2018-09-21 10:36:41 - [MESSAGE][PASSED] - beautytap.ShopAction.selectProductOnProductList is PASSED

2018-09-21 10:36:41 - [TEST_STEP][PASSED] - beautytap.ShopAction.selectProductVariation: beautytap.ShopAction.selectProductVariation is PASSED

2018-09-21 10:36:42 - [MESSAGE][PASSED] - Object: 'Object Repository/Page_Shop/drop_chooseOption' is clicked on

2018-09-21 10:36:43 - [MESSAGE][PASSED] - Delayed 1 second(s)

2018-09-21 10:36:43 - [MESSAGE][PASSED] - Object: '' is clicked on

2018-09-21 10:36:43 - [MESSAGE][PASSED] - beautytap.ShopAction.selectProductVariation is PASSED

2018-09-21 10:36:43 - [TEST_STEP][PASSED] - beautytap.ShopAction.VerifyProductDetails: Keyword VerifyProductDetails is Passed

2018-09-21 10:36:44 - [MESSAGE][PASSED] - Text of object '' is: 'Innisfree Eye Contouring Stick Round Shape 0.7g'

2018-09-21 10:36:44 - [MESSAGE][PASSED] - All options with label '5' are selected in object 'Object Repository/Page_Shop/drop_chooseOption' 

2018-09-21 10:36:44 - [MESSAGE][PASSED] - Text of object '' is: '$6.50'

2018-09-21 10:36:44 - [MESSAGE][PASSED] - Get CSS 'color' value on '' successfully: 'rgba(195, 195, 195, 1)'.

2018-09-21 10:36:44 - [MESSAGE][PASSED] - Text of object '' is: '$4.95'

2018-09-21 10:36:44 - [MESSAGE][PASSED] - Get CSS 'color' value on '' successfully: 'rgba(255, 35, 134, 1)'.

2018-09-21 10:36:44 - [MESSAGE][PASSED] - Keyword VerifyProductDetails is Passed

2018-09-21 10:36:44 - [TEST_STEP][PASSED] - Statement - currentNumberItemInCart = CustomKeywords.beautytap.ShopAction.getNumberItemInCart(): beautytap.ShopAction.getNumberItemInCart is PASSED

2018-09-21 10:37:16 - [MESSAGE][WARNING] - com.kms.katalon.core.webui.exception.WebElementNotFoundException: Web element with id: '' located by 'By.xpath: //div[@class='header-right-top pull-right']/a[@class='shop-cart']/span[@class='number-cart']' not found
[[ATTACHMENT|E:\\BeautytapAutomation\\beautytapAuto\\Beautytap\\Reports\\Regression\\20180921_101944\\1537501035907.png]]

2018-09-21 10:37:16 - [MESSAGE][PASSED] - beautytap.ShopAction.getNumberItemInCart is PASSED

2018-09-21 10:37:16 - [TEST_STEP][PASSED] - beautytap.ShopAction.addProductToCart: beautytap.ShopAction.addProductToCart is PASSED

2018-09-21 10:37:16 - [MESSAGE][PASSED] - Text of object 'Object Repository/Page_Shop/txt_quantity' is cleared

2018-09-21 10:37:16 - [MESSAGE][PASSED] - Keys '5' sent to object: 'Object Repository/Page_Shop/txt_quantity'

2018-09-21 10:37:17 - [MESSAGE][PASSED] - Object: 'Object Repository/Page_Shop/btn_addToCart' is clicked on

2018-09-21 10:37:17 - [MESSAGE][PASSED] - Wait for page load successfully

2018-09-21 10:37:26 - [MESSAGE][PASSED] - Object 'Object Repository/Page_Shop/lbl_message' is present

2018-09-21 10:37:26 - [MESSAGE][PASSED] - beautytap.ShopAction.addProductToCart is PASSED

2018-09-21 10:37:26 - [TEST_STEP][PASSED] - beautytap.ShopAction.VerifyNumberItemInCart: Keyword VerifyNumberItemInCart is Passed, Number item in cart is 5, expected is 5

2018-09-21 10:37:26 - [MESSAGE][PASSED] - Object '' is present

2018-09-21 10:37:26 - [MESSAGE][PASSED] - Text of object '' is: '5'

2018-09-21 10:37:26 - [MESSAGE][PASSED] - Keyword VerifyNumberItemInCart is Passed, Number item in cart is 5, expected is 5

2018-09-21 10:37:26 - [TEST_STEP][PASSED] - beautytap.ShopAction.VerifyProductIsAddedToCart: beautytap.ShopAction.VerifyProductIsAddedToCart is PASSED

2018-09-21 10:37:26 - [MESSAGE][PASSED] - Object '' is present

2018-09-21 10:37:26 - [MESSAGE][PASSED] - beautytap.ShopAction.VerifyProductIsAddedToCart is PASSED

2018-09-21 10:37:26 - [TEST_STEP][PASSED] - beautytap.ShopAction.goToCart: beautytap.ShopAction.goToCart is PASSED

2018-09-21 10:37:36 - [MESSAGE][PASSED] - Object: 'Object Repository/Page_General/icon_cart' is clicked on

2018-09-21 10:37:36 - [MESSAGE][PASSED] - Wait for page load successfully

2018-09-21 10:37:36 - [MESSAGE][PASSED] - beautytap.ShopAction.goToCart is PASSED

2018-09-21 10:37:36 - [TEST_STEP][PASSED] - beautytap.ShopAction.VerifyProductInCart: Keyword VerifyProductInCart is Passed

2018-09-21 10:37:36 - [MESSAGE][PASSED] - Object '' is present

2018-09-21 10:37:37 - [MESSAGE][PASSED] - Text of object '' is: '$4.95'

2018-09-21 10:37:37 - [MESSAGE][PASSED] - Attribute 'value' of object '' is: '5'

2018-09-21 10:37:37 - [MESSAGE][PASSED] - Text of object '' is: '$24.75'

2018-09-21 10:37:37 - [MESSAGE][PASSED] - Keyword VerifyProductInCart is Passed

2018-09-21 10:37:37 - [TEST_STEP][PASSED] - beautytap.ShopAction.loginAmazonPay: beautytap.ShopAction.loginAmazonPay is PASSED

2018-09-21 10:37:37 - [MESSAGE][PASSED] - Object: 'Object Repository/Page_Cart/btn_payWithAmazon' is clicked on

2018-09-21 10:37:37 - [MESSAGE][PASSED] - Switched to window with index: '1'

2018-09-21 10:37:39 - [MESSAGE][PASSED] - Object 'Object Repository/Popup_Amazon/txt_email' is present

2018-09-21 10:37:39 - [MESSAGE][PASSED] - Text of object 'Object Repository/Popup_Amazon/txt_email' is cleared

2018-09-21 10:37:39 - [MESSAGE][PASSED] - Keys 'amazontest1503@yopmail.com' sent to object: 'Object Repository/Popup_Amazon/txt_email'

2018-09-21 10:37:39 - [MESSAGE][PASSED] - Text of object 'Object Repository/Popup_Amazon/txt_password' is cleared

2018-09-21 10:37:39 - [MESSAGE][PASSED] - Keys '123456' sent to object: 'Object Repository/Popup_Amazon/txt_password'

2018-09-21 10:37:43 - [MESSAGE][PASSED] - Object: 'Object Repository/Popup_Amazon/btn_signin' is clicked on

2018-09-21 10:37:43 - [MESSAGE][PASSED] - Switched to window with index: '0'

2018-09-21 10:38:13 - [MESSAGE][PASSED] - Delayed 30 second(s)

2018-09-21 10:38:13 - [MESSAGE][PASSED] - beautytap.ShopAction.loginAmazonPay is PASSED

2018-09-21 10:38:13 - [TEST_STEP][PASSED] - beautytap.ShopAction.selectShipping: beautytap.ShopAction.selectShipping is PASSED

2018-09-21 10:38:13 - [MESSAGE][PASSED] - Object '' is checked

2018-09-21 10:38:19 - [MESSAGE][PASSED] - Delayed 5 second(s)

2018-09-21 10:38:19 - [MESSAGE][PASSED] - beautytap.ShopAction.selectShipping is PASSED

2018-09-21 10:38:19 - [TEST_STEP][PASSED] - beautytap.ShopAction.VerifyOrderDetailsOnCheckout: Keyword VerifyOrderDetailsOnCheckout is Passed

2018-09-21 10:38:19 - [MESSAGE][PASSED] - Object '' is present

2018-09-21 10:38:19 - [MESSAGE][PASSED] - Text of object '' is: '$24.75'

2018-09-21 10:38:19 - [MESSAGE][PASSED] - Object '' has attribute 'checked'

2018-09-21 10:38:19 - [MESSAGE][PASSED] - Text of object '' is: '($25) - EMS Express shipping (est. 10-14 working days delivery including processing): $25.00'

2018-09-21 10:38:19 - [MESSAGE][PASSED] - Text of object '' is: '$25.00'

2018-09-21 10:38:19 - [MESSAGE][PASSED] - Text of object '' is: '$49.75'

2018-09-21 10:38:19 - [MESSAGE][PASSED] - Keyword VerifyOrderDetailsOnCheckout is Passed

2018-09-21 10:38:19 - [TEST_STEP][PASSED] - beautytap.ShopAction.checkoutViaAmazonPay: beautytap.ShopAction.checkoutViaAmazonPay is PASSED

2018-09-21 10:38:19 - [MESSAGE][PASSED] - Object 'Object Repository/Page_Checkout/chk_terms' is clickable

2018-09-21 10:38:19 - [MESSAGE][PASSED] - Object 'Object Repository/Page_Checkout/chk_terms' is checked

2018-09-21 10:38:19 - [MESSAGE][PASSED] - Object: 'Object Repository/Page_Checkout/btn_placeOrder' is clicked on

2018-09-21 10:38:33 - [MESSAGE][PASSED] - Object 'Object Repository/Page_Checkout/lbl_orderReceived' is present

2018-09-21 10:38:33 - [MESSAGE][PASSED] - beautytap.ShopAction.checkoutViaAmazonPay is PASSED

2018-09-21 10:38:33 - [TEST_STEP][PASSED] - beautytap.ShopAction.VerifyOrderReceivedDetails: Keyword VerifyOrderReceivedDetails is Passed

2018-09-21 10:38:33 - [MESSAGE][PASSED] - Object '' is present

2018-09-21 10:38:33 - [MESSAGE][PASSED] - Text of object '' is: '$24.75'

2018-09-21 10:38:33 - [MESSAGE][PASSED] - Text of object '' is: '$25.00 via ($25) - EMS Express shipping (est. 10-14 working days delivery including processing)'

2018-09-21 10:38:33 - [MESSAGE][PASSED] - Object '' is present

2018-09-21 10:38:33 - [MESSAGE][PASSED] - Text of object '' is: '$25.00'

2018-09-21 10:38:33 - [MESSAGE][PASSED] - Text of object '' is: 'Amazon Pay'

2018-09-21 10:38:33 - [MESSAGE][PASSED] - Text of object '' is: '$49.75'

2018-09-21 10:38:33 - [MESSAGE][PASSED] - Keyword VerifyOrderReceivedDetails is Passed

2018-09-21 10:38:33 - [TEST_STEP][PASSED] - closeBrowser: Browser is closed

2018-09-21 10:38:34 - [MESSAGE][PASSED] - Browser is closed]]></system-out>
         <system-err><![CDATA[]]></system-err>
      </testcase>
      <system-out><![CDATA[2018-09-21 10:19:47 - [TEST_SUITE][PASSED] - Regression: Test Cases/Shop/TC06_Browse_VariationProduct_Sale_AmazonPayAtCart_LessThan60_EMS]]></system-out>
      <system-err><![CDATA[]]></system-err>
   </testsuite>
</testsuites>
