<?xml version="1.0" encoding="UTF-8"?>
<testsuites name="TS1" time="743" tests="1" failures="2" errors="0">
   <testsuite name="TS1" tests="1" failures="2" errors="0" time="743" timestamp="2018-09-19 18:41:56" hostname="Trang Nguyen - DESKTOP-G1UHP65" id="Test Suites/TS1">
      <properties>
         <property name="deviceName" value=""/>
         <property name="devicePlatform" value=""/>
         <property name="logFolder" value="E:\\BeautytapAutomation\\beautytapAuto\\Beautytap\\Reports\\TS1\\20180919_184154"/>
         <property name="logFiles" value="E:\\BeautytapAutomation\\beautytapAuto\\Beautytap\\Reports\\TS1\\20180919_184154\\execution0.log"/>
         <property name="attachments" value="E:\\BeautytapAutomation\\beautytapAuto\\Beautytap\\Reports\\TS1\\20180919_184154\\1537357775898.png, E:\\BeautytapAutomation\\beautytapAuto\\Beautytap\\Reports\\TS1\\20180919_184154\\1537357807086.png, E:\\BeautytapAutomation\\beautytapAuto\\Beautytap\\Reports\\TS1\\20180919_184154\\1537357918897.png, E:\\BeautytapAutomation\\beautytapAuto\\Beautytap\\Reports\\TS1\\20180919_184154\\1537358024792.png, E:\\BeautytapAutomation\\beautytapAuto\\Beautytap\\Reports\\TS1\\20180919_184154\\1537358056069.png"/>
         <property name="hostName" value="Trang Nguyen - DESKTOP-G1UHP65"/>
         <property name="os" value="Windows 10 64bit"/>
         <property name="katalonVersion" value="5.5.0.1"/>
         <property name="browser" value="Chrome 69.0.3497.100"/>
         <property name="hostAddress" value="10.0.0.86"/>
         <property name="sessionId" value="ed2322be1b9dc3cdda11dc2b632a311c"/>
         <property name="seleniumVersion" value="3.7.1"/>
         <property name="proxyInformation" value="ProxyInformation{proxyOption=NO_PROXY, proxyServerType=HTTP, password=, proxyServerAddress=, proxyServerPort=0}"/>
         <property name="platform" value="Windows 10"/>
      </properties>
      <testcase name="Test Cases/SignUp_Login_ResetPass/TC02_SignUp_Login_ViaFacebookEmail_NewUser_OldUser" classname="Test Cases/SignUp_Login_ResetPass/TC02_SignUp_Login_ViaFacebookEmail_NewUser_OldUser" status="PASSED">
         <system-out><![CDATA[2018-09-19 18:41:57 - [TEST_CASE][PASSED] - Test Cases/SignUp_Login_ResetPass/TC02_SignUp_Login_ViaFacebookEmail_NewUser_OldUser: Test Cases/SignUp_Login_ResetPass/TC02_SignUp_Login_ViaFacebookEmail_NewUser_OldUser

2018-09-19 18:41:58 - [TEST_STEP][PASSED] - beautytap.AdminAction.deleteUser: beautytap.AdminAction.deleteUser is PASSED

2018-09-19 18:42:08 - [MESSAGE][PASSED] - Browser is opened with url: 'https://stage.beautytap.com/login'

2018-09-19 18:42:09 - [MESSAGE][PASSED] - Current window maximized

2018-09-19 18:42:10 - [MESSAGE][PASSED] - Text of object 'Object Repository/Page_login/txt_username' is cleared

2018-09-19 18:42:10 - [MESSAGE][PASSED] - Keys 'mrwhite' sent to object: 'Object Repository/Page_login/txt_username'

2018-09-19 18:42:10 - [MESSAGE][PASSED] - Text of object 'Object Repository/Page_login/txt_password' is cleared

2018-09-19 18:42:11 - [MESSAGE][PASSED] - Keys 'kgySM$Im' sent to object: 'Object Repository/Page_login/txt_password'

2018-09-19 18:42:11 - [MESSAGE][PASSED] - Object: 'Object Repository/Page_login/btn_login' is clicked on

2018-09-19 18:42:11 - [MESSAGE][PASSED] - Wait for page load successfully

2018-09-19 18:42:11 - [MESSAGE][PASSED] - Wait for page load successfully

2018-09-19 18:42:19 - [MESSAGE][PASSED] - Navigate to 'https://stage.beautytap.com/admin' successfully

2018-09-19 18:42:19 - [MESSAGE][PASSED] - Wait for page load successfully

2018-09-19 18:42:26 - [MESSAGE][PASSED] - Object: 'Object Repository/Page_Admin/menu_users' is clicked on

2018-09-19 18:42:26 - [MESSAGE][PASSED] - Wait for page load successfully

2018-09-19 18:42:26 - [MESSAGE][PASSED] - Text of object 'Object Repository/Page_Admin/txt_searchUser' is cleared

2018-09-19 18:42:26 - [MESSAGE][PASSED] - Keys 'g5.posiba@gmail.com' sent to object: 'Object Repository/Page_Admin/txt_searchUser'

2018-09-19 18:42:29 - [MESSAGE][PASSED] - Object: 'Object Repository/Page_Admin/btn_searchUser' is clicked on

2018-09-19 18:42:29 - [MESSAGE][PASSED] - Wait for page load successfully

2018-09-19 18:42:29 - [MESSAGE][PASSED] - Text of object '' is: 'g5.posiba@gmail.com'

2018-09-19 18:42:29 - [MESSAGE][PASSED] - Attribute 'id' of object '' is: 'user-64398'

2018-09-19 18:42:29 - [MESSAGE][PASSED] - Object: '' is hovered

2018-09-19 18:42:35 - [MESSAGE][PASSED] - Delayed 5 second(s)

2018-09-19 18:42:35 - [MESSAGE][PASSED] - Object: '' is clicked on

2018-09-19 18:42:35 - [MESSAGE][PASSED] - Alert accepted

2018-09-19 18:42:36 - [MESSAGE][PASSED] - Wait for page load successfully

2018-09-19 18:42:42 - [MESSAGE][PASSED] - Object: 'Object Repository/Page_Admin/btn_confirmDeleteUser' is clicked on

2018-09-19 18:42:42 - [MESSAGE][PASSED] - Wait for page load successfully

2018-09-19 18:42:43 - [MESSAGE][PASSED] - Browser is closed

2018-09-19 18:42:43 - [MESSAGE][PASSED] - beautytap.AdminAction.deleteUser is PASSED

2018-09-19 18:42:43 - [TEST_STEP][PASSED] - beautytap.GeneralAction.openBeautytap: beautytap.GeneralAction.openBeautytap is PASSED

2018-09-19 18:43:00 - [MESSAGE][PASSED] - Browser is opened with url: 'https://stage.beautytap.com'

2018-09-19 18:43:01 - [MESSAGE][PASSED] - Current window maximized

2018-09-19 18:43:08 - [MESSAGE][PASSED] - Refresh successfully

2018-09-19 18:43:08 - [MESSAGE][PASSED] - Wait for page load successfully

2018-09-19 18:43:08 - [MESSAGE][PASSED] - beautytap.GeneralAction.openBeautytap is PASSED

2018-09-19 18:43:08 - [TEST_STEP][PASSED] - beautytap.GeneralAction.clickNavigationMenu: beautytap.GeneralAction.clickNavigationMenu is PASSED

2018-09-19 18:43:11 - [MESSAGE][PASSED] - Object: 'Object Repository/Page_General/link_signup' is clicked on

2018-09-19 18:43:11 - [MESSAGE][PASSED] - Wait for page load successfully

2018-09-19 18:43:11 - [MESSAGE][PASSED] - beautytap.GeneralAction.clickNavigationMenu is PASSED

2018-09-19 18:43:11 - [TEST_STEP][PASSED] - beautytap.GeneralAction.signupViaFacebook: beautytap.GeneralAction.signupViaFacebook is PASSED

2018-09-19 18:43:11 - [MESSAGE][PASSED] - Object: 'Object Repository/Page_Signup/btn_signupFB' is clicked on

2018-09-19 18:43:11 - [MESSAGE][PASSED] - Switched to window with index: '1'

2018-09-19 18:43:13 - [MESSAGE][PASSED] - Keys 'g5.posiba@gmail.com' sent to object: 'Object Repository/Popup_FacebookLogin/txt_email'

2018-09-19 18:43:14 - [MESSAGE][PASSED] - Keys 'posiba123' sent to object: 'Object Repository/Popup_FacebookLogin/txt_password'

2018-09-19 18:43:15 - [MESSAGE][PASSED] - Object: 'Object Repository/Popup_FacebookLogin/btn_login' is clicked on

2018-09-19 18:43:17 - [MESSAGE][WARNING] - Cannot take screenshot

2018-09-19 18:43:17 - [MESSAGE][FAILED] - Unable to get text of object 'Object Repository/Popup_FacebookLogin/btn_confirmPermission' (Root cause: org.openqa.selenium.NoSuchWindowException: no such window: window was already closed
  (Session info: chrome=69.0.3497.100)
  (Driver info: chromedriver=2.35.528161 (5b82f2d2aae0ca24b877009200ced9065a772e73),platform=Windows NT 10.0.17134 x86_64) (WARNING: The server did not provide any stacktrace information)
Command duration or timeout: 0 milliseconds
Build info: version: '3.7.1', revision: '8a0099a', time: '2017-11-06T21:07:36.161Z'
System info: host: 'DESKTOP-G1UHP65', ip: '10.0.0.86', os.name: 'Windows 10', os.arch: 'amd64', os.version: '10.0', java.version: '1.8.0_102'
Driver info: com.kms.katalon.selenium.driver.CChromeDriver
Capabilities {acceptInsecureCerts: false, acceptSslCerts: false, applicationCacheEnabled: false, browserConnectionEnabled: false, browserName: chrome, chrome: {chromedriverVersion: 2.35.528161 (5b82f2d2aae0ca..., userDataDir: C:\Users\TRANGN~1\AppData\L...}, cssSelectorsEnabled: true, databaseEnabled: false, handlesAlerts: true, hasTouchScreen: false, javascriptEnabled: true, locationContextEnabled: true, mobileEmulationEnabled: false, nativeEvents: true, networkConnectionEnabled: false, pageLoadStrategy: normal, platform: XP, platformName: XP, rotatable: false, setWindowRect: true, takesHeapSnapshot: true, takesScreenshot: true, unexpectedAlertBehaviour: , unhandledPromptBehavior: , version: 69.0.3497.100, webStorageEnabled: true}
Session ID: 1b4d1baa603f6c2bc9b64c4783e411e2
*** Element info: {Using=xpath, value=//button[contains(@class,'layerConfirm') and contains(@name,'CONFIRM')]})

2018-09-19 18:43:17 - [MESSAGE][PASSED] - Switched to window with index: '0'

2018-09-19 18:43:32 - [MESSAGE][PASSED] - Delayed 15 second(s)

2018-09-19 18:43:39 - [MESSAGE][PASSED] - Wait for page load successfully

2018-09-19 18:43:39 - [MESSAGE][PASSED] - beautytap.GeneralAction.signupViaFacebook is PASSED

2018-09-19 18:43:39 - [TEST_STEP][PASSED] - verifyElementPresent: Object 'Object Repository/Page_General/link_avatar' is present

2018-09-19 18:43:39 - [MESSAGE][PASSED] - Object 'Object Repository/Page_General/link_avatar' is present

2018-09-19 18:43:39 - [TEST_STEP][PASSED] - beautytap.GeneralAction.logout: beautytap.GeneralAction.logout is PASSED

2018-09-19 18:43:39 - [MESSAGE][PASSED] - Object: 'Object Repository/Page_General/link_avatar' is clicked on

2018-09-19 18:43:39 - [MESSAGE][PASSED] - Object 'Object Repository/Page_General/menu_logout' is present

2018-09-19 18:43:40 - [MESSAGE][PASSED] - Object: 'Object Repository/Page_General/menu_logout' is clicked on

2018-09-19 18:43:40 - [MESSAGE][PASSED] - Wait for page load successfully

2018-09-19 18:43:41 - [MESSAGE][PASSED] - Browser is closed

2018-09-19 18:43:41 - [MESSAGE][PASSED] - beautytap.GeneralAction.logout is PASSED

2018-09-19 18:43:41 - [TEST_STEP][PASSED] - beautytap.AdminAction.deleteUser: beautytap.AdminAction.deleteUser is PASSED

2018-09-19 18:43:47 - [MESSAGE][PASSED] - Browser is opened with url: 'https://stage.beautytap.com/login'

2018-09-19 18:43:49 - [MESSAGE][PASSED] - Current window maximized

2018-09-19 18:43:49 - [MESSAGE][PASSED] - Text of object 'Object Repository/Page_login/txt_username' is cleared

2018-09-19 18:43:49 - [MESSAGE][PASSED] - Keys 'mrwhite' sent to object: 'Object Repository/Page_login/txt_username'

2018-09-19 18:43:49 - [MESSAGE][PASSED] - Text of object 'Object Repository/Page_login/txt_password' is cleared

2018-09-19 18:43:49 - [MESSAGE][PASSED] - Keys 'kgySM$Im' sent to object: 'Object Repository/Page_login/txt_password'

2018-09-19 18:43:49 - [MESSAGE][PASSED] - Object: 'Object Repository/Page_login/btn_login' is clicked on

2018-09-19 18:43:49 - [MESSAGE][PASSED] - Wait for page load successfully

2018-09-19 18:43:49 - [MESSAGE][PASSED] - Wait for page load successfully

2018-09-19 18:43:57 - [MESSAGE][PASSED] - Navigate to 'https://stage.beautytap.com/admin' successfully

2018-09-19 18:43:57 - [MESSAGE][PASSED] - Wait for page load successfully

2018-09-19 18:44:03 - [MESSAGE][PASSED] - Object: 'Object Repository/Page_Admin/menu_users' is clicked on

2018-09-19 18:44:03 - [MESSAGE][PASSED] - Wait for page load successfully

2018-09-19 18:44:03 - [MESSAGE][PASSED] - Text of object 'Object Repository/Page_Admin/txt_searchUser' is cleared

2018-09-19 18:44:04 - [MESSAGE][PASSED] - Keys 'g5.posiba@gmail.com' sent to object: 'Object Repository/Page_Admin/txt_searchUser'

2018-09-19 18:44:07 - [MESSAGE][PASSED] - Object: 'Object Repository/Page_Admin/btn_searchUser' is clicked on

2018-09-19 18:44:07 - [MESSAGE][PASSED] - Wait for page load successfully

2018-09-19 18:44:07 - [MESSAGE][PASSED] - Text of object '' is: 'g5.posiba@gmail.com'

2018-09-19 18:44:07 - [MESSAGE][PASSED] - Attribute 'id' of object '' is: 'user-64399'

2018-09-19 18:44:07 - [MESSAGE][PASSED] - Object: '' is hovered

2018-09-19 18:44:12 - [MESSAGE][PASSED] - Delayed 5 second(s)

2018-09-19 18:44:12 - [MESSAGE][PASSED] - Object: '' is clicked on

2018-09-19 18:44:12 - [MESSAGE][PASSED] - Alert accepted

2018-09-19 18:44:13 - [MESSAGE][PASSED] - Wait for page load successfully

2018-09-19 18:44:19 - [MESSAGE][PASSED] - Object: 'Object Repository/Page_Admin/btn_confirmDeleteUser' is clicked on

2018-09-19 18:44:19 - [MESSAGE][PASSED] - Wait for page load successfully

2018-09-19 18:44:20 - [MESSAGE][PASSED] - Browser is closed

2018-09-19 18:44:20 - [MESSAGE][PASSED] - beautytap.AdminAction.deleteUser is PASSED

2018-09-19 18:44:20 - [TEST_STEP][PASSED] - beautytap.GeneralAction.openBeautytap: beautytap.GeneralAction.openBeautytap is PASSED

2018-09-19 18:44:34 - [MESSAGE][PASSED] - Browser is opened with url: 'https://stage.beautytap.com'

2018-09-19 18:44:35 - [MESSAGE][PASSED] - Current window maximized

2018-09-19 18:44:39 - [MESSAGE][PASSED] - Refresh successfully

2018-09-19 18:44:39 - [MESSAGE][PASSED] - Wait for page load successfully

2018-09-19 18:44:39 - [MESSAGE][PASSED] - beautytap.GeneralAction.openBeautytap is PASSED

2018-09-19 18:44:39 - [TEST_STEP][PASSED] - beautytap.GeneralAction.clickNavigationMenu: beautytap.GeneralAction.clickNavigationMenu is PASSED

2018-09-19 18:44:42 - [MESSAGE][PASSED] - Object: 'Object Repository/Page_General/link_login' is clicked on

2018-09-19 18:44:42 - [MESSAGE][PASSED] - Wait for page load successfully

2018-09-19 18:44:42 - [MESSAGE][PASSED] - beautytap.GeneralAction.clickNavigationMenu is PASSED

2018-09-19 18:44:42 - [TEST_STEP][PASSED] - beautytap.GeneralAction.login: beautytap.GeneralAction.login is PASSED

2018-09-19 18:44:43 - [MESSAGE][PASSED] - Object: 'Object Repository/Page_Login/btn_loginFB' is clicked on

2018-09-19 18:44:43 - [MESSAGE][PASSED] - Switched to window with index: '1'

2018-09-19 18:44:44 - [MESSAGE][PASSED] - Object 'Object Repository/Popup_FacebookLogin/txt_email' is visible

2018-09-19 18:44:44 - [MESSAGE][PASSED] - Keys 'g5.posiba@gmail.com' sent to object: 'Object Repository/Popup_FacebookLogin/txt_email'

2018-09-19 18:44:45 - [MESSAGE][PASSED] - Keys 'posiba123' sent to object: 'Object Repository/Popup_FacebookLogin/txt_password'

2018-09-19 18:44:46 - [MESSAGE][PASSED] - Object: 'Object Repository/Popup_FacebookLogin/btn_login' is clicked on

2018-09-19 18:44:46 - [MESSAGE][PASSED] - Switched to window with index: '0'

2018-09-19 18:44:46 - [MESSAGE][PASSED] - Wait for page load successfully

2018-09-19 18:44:46 - [MESSAGE][PASSED] - beautytap.GeneralAction.login is PASSED

2018-09-19 18:44:46 - [TEST_STEP][PASSED] - verifyElementPresent: Object 'Object Repository/Page_General/link_avatar' is present

2018-09-19 18:45:10 - [MESSAGE][PASSED] - Object 'Object Repository/Page_General/link_avatar' is present

2018-09-19 18:45:10 - [TEST_STEP][PASSED] - beautytap.GeneralAction.logout: beautytap.GeneralAction.logout is PASSED

2018-09-19 18:45:11 - [MESSAGE][PASSED] - Object: 'Object Repository/Page_General/link_avatar' is clicked on

2018-09-19 18:45:11 - [MESSAGE][PASSED] - Object 'Object Repository/Page_General/menu_logout' is present

2018-09-19 18:45:12 - [MESSAGE][PASSED] - Object: 'Object Repository/Page_General/menu_logout' is clicked on

2018-09-19 18:45:12 - [MESSAGE][PASSED] - Wait for page load successfully

2018-09-19 18:45:12 - [MESSAGE][PASSED] - Browser is closed

2018-09-19 18:45:12 - [MESSAGE][PASSED] - beautytap.GeneralAction.logout is PASSED

2018-09-19 18:45:12 - [TEST_STEP][PASSED] - beautytap.GeneralAction.openBeautytap: beautytap.GeneralAction.openBeautytap is PASSED

2018-09-19 18:45:22 - [MESSAGE][PASSED] - Browser is opened with url: 'https://stage.beautytap.com'

2018-09-19 18:45:23 - [MESSAGE][PASSED] - Current window maximized

2018-09-19 18:45:28 - [MESSAGE][PASSED] - Refresh successfully

2018-09-19 18:45:28 - [MESSAGE][PASSED] - Wait for page load successfully

2018-09-19 18:45:28 - [MESSAGE][PASSED] - beautytap.GeneralAction.openBeautytap is PASSED

2018-09-19 18:45:28 - [TEST_STEP][PASSED] - beautytap.GeneralAction.clickNavigationMenu: beautytap.GeneralAction.clickNavigationMenu is PASSED

2018-09-19 18:45:31 - [MESSAGE][PASSED] - Object: 'Object Repository/Page_General/link_signup' is clicked on

2018-09-19 18:45:31 - [MESSAGE][PASSED] - Wait for page load successfully

2018-09-19 18:45:31 - [MESSAGE][PASSED] - beautytap.GeneralAction.clickNavigationMenu is PASSED

2018-09-19 18:45:31 - [TEST_STEP][PASSED] - beautytap.GeneralAction.signupViaFacebook: beautytap.GeneralAction.signupViaFacebook is PASSED

2018-09-19 18:45:31 - [MESSAGE][PASSED] - Object: 'Object Repository/Page_Signup/btn_signupFB' is clicked on

2018-09-19 18:45:31 - [MESSAGE][PASSED] - Switched to window with index: '1'

2018-09-19 18:45:33 - [MESSAGE][PASSED] - Keys 'g5.posiba@gmail.com' sent to object: 'Object Repository/Popup_FacebookLogin/txt_email'

2018-09-19 18:45:33 - [MESSAGE][PASSED] - Keys 'posiba123' sent to object: 'Object Repository/Popup_FacebookLogin/txt_password'

2018-09-19 18:45:35 - [MESSAGE][PASSED] - Object: 'Object Repository/Popup_FacebookLogin/btn_login' is clicked on

2018-09-19 18:45:37 - [MESSAGE][WARNING] - Cannot take screenshot

2018-09-19 18:45:37 - [MESSAGE][FAILED] - Unable to get text of object 'Object Repository/Popup_FacebookLogin/btn_confirmPermission' (Root cause: org.openqa.selenium.NoSuchWindowException: no such window: window was already closed
  (Session info: chrome=69.0.3497.100)
  (Driver info: chromedriver=2.35.528161 (5b82f2d2aae0ca24b877009200ced9065a772e73),platform=Windows NT 10.0.17134 x86_64) (WARNING: The server did not provide any stacktrace information)
Command duration or timeout: 0 milliseconds
Build info: version: '3.7.1', revision: '8a0099a', time: '2017-11-06T21:07:36.161Z'
System info: host: 'DESKTOP-G1UHP65', ip: '10.0.0.86', os.name: 'Windows 10', os.arch: 'amd64', os.version: '10.0', java.version: '1.8.0_102'
Driver info: com.kms.katalon.selenium.driver.CChromeDriver
Capabilities {acceptInsecureCerts: false, acceptSslCerts: false, applicationCacheEnabled: false, browserConnectionEnabled: false, browserName: chrome, chrome: {chromedriverVersion: 2.35.528161 (5b82f2d2aae0ca..., userDataDir: C:\Users\TRANGN~1\AppData\L...}, cssSelectorsEnabled: true, databaseEnabled: false, handlesAlerts: true, hasTouchScreen: false, javascriptEnabled: true, locationContextEnabled: true, mobileEmulationEnabled: false, nativeEvents: true, networkConnectionEnabled: false, pageLoadStrategy: normal, platform: XP, platformName: XP, rotatable: false, setWindowRect: true, takesHeapSnapshot: true, takesScreenshot: true, unexpectedAlertBehaviour: , unhandledPromptBehavior: , version: 69.0.3497.100, webStorageEnabled: true}
Session ID: abb4ba959aea4b8eea15e5f5fe73f7c5
*** Element info: {Using=xpath, value=//button[contains(@class,'layerConfirm') and contains(@name,'CONFIRM')]})

2018-09-19 18:45:37 - [MESSAGE][PASSED] - Switched to window with index: '0'

2018-09-19 18:45:52 - [MESSAGE][PASSED] - Delayed 15 second(s)

2018-09-19 18:45:52 - [MESSAGE][PASSED] - Wait for page load successfully

2018-09-19 18:45:52 - [MESSAGE][PASSED] - beautytap.GeneralAction.signupViaFacebook is PASSED

2018-09-19 18:45:52 - [TEST_STEP][PASSED] - verifyElementPresent: Object 'Object Repository/Page_General/link_avatar' is present

2018-09-19 18:45:52 - [MESSAGE][PASSED] - Object 'Object Repository/Page_General/link_avatar' is present

2018-09-19 18:45:52 - [TEST_STEP][PASSED] - beautytap.GeneralAction.logout: beautytap.GeneralAction.logout is PASSED

2018-09-19 18:45:52 - [MESSAGE][PASSED] - Object: 'Object Repository/Page_General/link_avatar' is clicked on

2018-09-19 18:45:52 - [MESSAGE][PASSED] - Object 'Object Repository/Page_General/menu_logout' is present

2018-09-19 18:45:52 - [MESSAGE][PASSED] - Object: 'Object Repository/Page_General/menu_logout' is clicked on

2018-09-19 18:45:57 - [MESSAGE][PASSED] - Wait for page load successfully

2018-09-19 18:45:58 - [MESSAGE][PASSED] - Browser is closed

2018-09-19 18:45:58 - [MESSAGE][PASSED] - beautytap.GeneralAction.logout is PASSED

2018-09-19 18:45:58 - [TEST_STEP][PASSED] - beautytap.GeneralAction.openBeautytap: beautytap.GeneralAction.openBeautytap is PASSED

2018-09-19 18:46:09 - [MESSAGE][PASSED] - Browser is opened with url: 'https://stage.beautytap.com'

2018-09-19 18:46:10 - [MESSAGE][PASSED] - Current window maximized

2018-09-19 18:46:14 - [MESSAGE][PASSED] - Refresh successfully

2018-09-19 18:46:14 - [MESSAGE][PASSED] - Wait for page load successfully

2018-09-19 18:46:14 - [MESSAGE][PASSED] - beautytap.GeneralAction.openBeautytap is PASSED

2018-09-19 18:46:14 - [TEST_STEP][PASSED] - beautytap.GeneralAction.clickNavigationMenu: beautytap.GeneralAction.clickNavigationMenu is PASSED

2018-09-19 18:46:17 - [MESSAGE][PASSED] - Object: 'Object Repository/Page_General/link_login' is clicked on

2018-09-19 18:46:17 - [MESSAGE][PASSED] - Wait for page load successfully

2018-09-19 18:46:17 - [MESSAGE][PASSED] - beautytap.GeneralAction.clickNavigationMenu is PASSED

2018-09-19 18:46:17 - [TEST_STEP][PASSED] - beautytap.GeneralAction.login: beautytap.GeneralAction.login is PASSED

2018-09-19 18:46:17 - [MESSAGE][PASSED] - Object: 'Object Repository/Page_Login/btn_loginFB' is clicked on

2018-09-19 18:46:17 - [MESSAGE][PASSED] - Switched to window with index: '1'

2018-09-19 18:46:19 - [MESSAGE][PASSED] - Object 'Object Repository/Popup_FacebookLogin/txt_email' is visible

2018-09-19 18:46:19 - [MESSAGE][PASSED] - Keys 'g5.posiba@gmail.com' sent to object: 'Object Repository/Popup_FacebookLogin/txt_email'

2018-09-19 18:46:20 - [MESSAGE][PASSED] - Keys 'posiba123' sent to object: 'Object Repository/Popup_FacebookLogin/txt_password'

2018-09-19 18:46:21 - [MESSAGE][PASSED] - Object: 'Object Repository/Popup_FacebookLogin/btn_login' is clicked on

2018-09-19 18:46:21 - [MESSAGE][PASSED] - Switched to window with index: '0'

2018-09-19 18:46:21 - [MESSAGE][PASSED] - Wait for page load successfully

2018-09-19 18:46:21 - [MESSAGE][PASSED] - beautytap.GeneralAction.login is PASSED

2018-09-19 18:46:21 - [TEST_STEP][PASSED] - verifyElementPresent: Object 'Object Repository/Page_General/link_avatar' is present

2018-09-19 18:46:30 - [MESSAGE][PASSED] - Object 'Object Repository/Page_General/link_avatar' is present

2018-09-19 18:46:30 - [TEST_STEP][PASSED] - beautytap.GeneralAction.logout: beautytap.GeneralAction.logout is PASSED

2018-09-19 18:46:30 - [MESSAGE][PASSED] - Object: 'Object Repository/Page_General/link_avatar' is clicked on

2018-09-19 18:46:30 - [MESSAGE][PASSED] - Object 'Object Repository/Page_General/menu_logout' is present

2018-09-19 18:46:31 - [MESSAGE][PASSED] - Object: 'Object Repository/Page_General/menu_logout' is clicked on

2018-09-19 18:46:31 - [MESSAGE][PASSED] - Wait for page load successfully

2018-09-19 18:46:32 - [MESSAGE][PASSED] - Browser is closed

2018-09-19 18:46:32 - [MESSAGE][PASSED] - beautytap.GeneralAction.logout is PASSED]]></system-out>
         <system-err><![CDATA[]]></system-err>
      </testcase>
      <testcase name="Test Cases/Shop/TC07_BuyProduct_EarnPendingPoint_EarnRedeemablePoint" classname="Test Cases/Shop/TC07_BuyProduct_EarnPendingPoint_EarnRedeemablePoint" status="FAILED">
         <failure type="FAILED" message="Unable to get text of object '' (Root cause: com.kms.katalon.core.webui.exception.WebElementNotFoundException: Web element with id: '' located by 'By.xpath: //th[text()='Subtotal:']/parent::tr/td/span' not found)"/>
         <system-out><![CDATA[2018-09-19 18:46:34 - [TEST_CASE][FAILED] - Test Cases/Shop/TC07_BuyProduct_EarnPendingPoint_EarnRedeemablePoint: Test Cases/Shop/TC07_BuyProduct_EarnPendingPoint_EarnRedeemablePoint FAILED because (of) Unable to get text of object '' (Root cause: com.kms.katalon.core.webui.exception.WebElementNotFoundException: Web element with id: '' located by 'By.xpath: //th[text()='Subtotal:']/parent::tr/td/span' not found)

2018-09-19 18:46:35 - [TEST_STEP][PASSED] - Statement - username = USER_EMAIL: null

2018-09-19 18:46:35 - [TEST_STEP][PASSED] - Statement - password = USER_PASSWORD: null

2018-09-19 18:46:35 - [TEST_STEP][PASSED] - Statement - productName = SIMPLE_PRODUCT: null

2018-09-19 18:46:35 - [TEST_STEP][PASSED] - Statement - price = SIMPLE_PRODUCT_PRICE: null

2018-09-19 18:46:35 - [TEST_STEP][PASSED] - Statement - quantity = 3: null

2018-09-19 18:46:35 - [TEST_STEP][PASSED] - Statement - shippingLabel = FREE_SHIPPING_LABEL: null

2018-09-19 18:46:35 - [TEST_STEP][PASSED] - Statement - shippingPrice = 0: null

2018-09-19 18:46:35 - [TEST_STEP][PASSED] - Statement - subtotal = CustomKeywords.beautytap.ShopAction.calculateTotal(quantity, price): beautytap.ShopAction.calculateTotal is PASSED

2018-09-19 18:46:35 - [MESSAGE][PASSED] - beautytap.ShopAction.calculateTotal is PASSED

2018-09-19 18:46:35 - [TEST_STEP][PASSED] - Statement - total = subtotal + shippingPrice: null

2018-09-19 18:46:35 - [TEST_STEP][PASSED] - Statement - products = new org.json.JSONArray((((((([{"productname":" + productName) + ","variation":"","quantity":") + quantity) + ","price":") + price) + "}])): null

2018-09-19 18:46:35 - [TEST_STEP][PASSED] - Statement - billingInformation = new org.json.JSONObject((({"firstname":"Test","lastname":"Automation","country":"United States (US)","address":"123 Testing","city":"New York","state":"New York","zip":"90012","email":" + username) + "})): null

2018-09-19 18:46:35 - [TEST_STEP][PASSED] - Statement - paymentMethod = "Credit Card Payment": null

2018-09-19 18:46:35 - [TEST_STEP][PASSED] - beautytap.GeneralAction.openBeautytap: beautytap.GeneralAction.openBeautytap is PASSED

2018-09-19 18:46:45 - [MESSAGE][PASSED] - Browser is opened with url: 'https://stage.beautytap.com'

2018-09-19 18:46:46 - [MESSAGE][PASSED] - Current window maximized

2018-09-19 18:46:50 - [MESSAGE][PASSED] - Refresh successfully

2018-09-19 18:46:50 - [MESSAGE][PASSED] - Wait for page load successfully

2018-09-19 18:46:50 - [MESSAGE][PASSED] - beautytap.GeneralAction.openBeautytap is PASSED

2018-09-19 18:46:50 - [TEST_STEP][PASSED] - beautytap.GeneralAction.clickNavigationMenu: beautytap.GeneralAction.clickNavigationMenu is PASSED

2018-09-19 18:46:53 - [MESSAGE][PASSED] - Object: 'Object Repository/Page_General/link_login' is clicked on

2018-09-19 18:46:53 - [MESSAGE][PASSED] - Wait for page load successfully

2018-09-19 18:46:53 - [MESSAGE][PASSED] - beautytap.GeneralAction.clickNavigationMenu is PASSED

2018-09-19 18:46:53 - [TEST_STEP][PASSED] - beautytap.GeneralAction.login: beautytap.GeneralAction.login is PASSED

2018-09-19 18:46:53 - [MESSAGE][PASSED] - Text of object 'Object Repository/Page_login/txt_username' is cleared

2018-09-19 18:46:53 - [MESSAGE][PASSED] - Keys 'trang2408@mailinator.com' sent to object: 'Object Repository/Page_login/txt_username'

2018-09-19 18:46:53 - [MESSAGE][PASSED] - Text of object 'Object Repository/Page_login/txt_password' is cleared

2018-09-19 18:46:54 - [MESSAGE][PASSED] - Keys '123456' sent to object: 'Object Repository/Page_login/txt_password'

2018-09-19 18:46:54 - [MESSAGE][PASSED] - Object: 'Object Repository/Page_login/btn_login' is clicked on

2018-09-19 18:46:54 - [MESSAGE][PASSED] - Wait for page load successfully

2018-09-19 18:46:54 - [MESSAGE][PASSED] - beautytap.GeneralAction.login is PASSED

2018-09-19 18:46:54 - [TEST_STEP][PASSED] - beautytap.GeneralAction.selectProfileMenu: beautytap.GeneralAction.selectProfileMenu is PASSED

2018-09-19 18:47:02 - [MESSAGE][PASSED] - Object: 'Object Repository/Page_General/link_avatar' is clicked on

2018-09-19 18:47:04 - [MESSAGE][PASSED] - Delayed 2 second(s)

2018-09-19 18:47:08 - [MESSAGE][PASSED] - Object: '' is clicked on

2018-09-19 18:47:08 - [MESSAGE][PASSED] - Wait for page load successfully

2018-09-19 18:47:08 - [MESSAGE][PASSED] - beautytap.GeneralAction.selectProfileMenu is PASSED

2018-09-19 18:47:08 - [TEST_STEP][PASSED] - Statement - objRewoard = CustomKeywords.beautytap.ShopAction.getRewardDetails(): beautytap.ShopAction.getRewardDetails is PASSED

2018-09-19 18:47:08 - [MESSAGE][PASSED] - Text of object '' is: '1.1 x Rewards Multiplier!'

2018-09-19 18:47:08 - [MESSAGE][PASSED] - Text of object '' is: '1.1 x Rewards Multiplier!'

2018-09-19 18:47:08 - [MESSAGE][PASSED] - Text of object '' is: '3727.25'

2018-09-19 18:47:08 - [MESSAGE][PASSED] - Text of object '' is: '2534.94'

2018-09-19 18:47:08 - [MESSAGE][PASSED] - Text of object '' is: '1837.25'

2018-09-19 18:47:08 - [MESSAGE][PASSED] - Text of object '' is: '$92.00'

2018-09-19 18:47:08 - [MESSAGE][PASSED] - Text of object '' is: 'Beauty Bae'

2018-09-19 18:47:08 - [MESSAGE][PASSED] - beautytap.ShopAction.getRewardDetails is PASSED

2018-09-19 18:47:08 - [TEST_STEP][PASSED] - Statement - multiplier = java.lang.Float.parseFloat(objRewoard.get("multiplier")): null

2018-09-19 18:47:08 - [TEST_STEP][PASSED] - Statement - currentlevel = objRewoard.get("currentlevel"): null

2018-09-19 18:47:08 - [TEST_STEP][PASSED] - Statement - lifetime = java.lang.Float.parseFloat(objRewoard.get("lifetime")): null

2018-09-19 18:47:08 - [TEST_STEP][PASSED] - Statement - pending = java.lang.Float.parseFloat(objRewoard.get("pending")): null

2018-09-19 18:47:08 - [TEST_STEP][PASSED] - Statement - redeemable = java.lang.Float.parseFloat(objRewoard.get("redeemable")): null

2018-09-19 18:47:08 - [TEST_STEP][PASSED] - Statement - pointvalue = java.lang.Float.parseFloat(objRewoard.get("pointvalue")): null

2018-09-19 18:47:08 - [TEST_STEP][PASSED] - Statement - rewardEarned = java.lang.Float.parseFloat(java.lang.String.format("%.2f", multiplier * subtotal)): null

2018-09-19 18:47:08 - [TEST_STEP][PASSED] - Statement - notificationMessage = "You received " + rewardEarned + " redeemable points": null

2018-09-19 18:47:08 - [TEST_STEP][PASSED] - beautytap.ShopAction.globalSearch: beautytap.ShopAction.globalSearch is PASSED

2018-09-19 18:47:09 - [MESSAGE][PASSED] - Object: 'Object Repository/Page_General/icon_search' is clicked on

2018-09-19 18:47:14 - [MESSAGE][PASSED] - Delayed 5 second(s)

2018-09-19 18:47:14 - [MESSAGE][PASSED] - Text of object 'Object Repository/Page_General/txt_search' is cleared

2018-09-19 18:47:14 - [MESSAGE][PASSED] - Keys 'CONTROL + v' sent to object: 'Object Repository/Page_General/txt_search'

2018-09-19 18:47:16 - [MESSAGE][PASSED] - Object 'Object Repository/Page_General/div_searchResult' is present

2018-09-19 18:47:16 - [MESSAGE][PASSED] - beautytap.ShopAction.globalSearch is PASSED

2018-09-19 18:47:16 - [TEST_STEP][PASSED] - beautytap.ShopAction.selectProductOnSearchResult: beautytap.ShopAction.selectProductOnSearchResult is PASSED

2018-09-19 18:47:22 - [MESSAGE][PASSED] - Object: '' is clicked on

2018-09-19 18:47:22 - [MESSAGE][PASSED] - Wait for page load successfully

2018-09-19 18:47:22 - [MESSAGE][PASSED] - beautytap.ShopAction.selectProductOnSearchResult is PASSED

2018-09-19 18:47:22 - [TEST_STEP][PASSED] - beautytap.ShopAction.addProductToCart: beautytap.ShopAction.addProductToCart is PASSED

2018-09-19 18:47:22 - [MESSAGE][PASSED] - Text of object 'Object Repository/Page_Shop/txt_quantity' is cleared

2018-09-19 18:47:22 - [MESSAGE][PASSED] - Keys '3' sent to object: 'Object Repository/Page_Shop/txt_quantity'

2018-09-19 18:47:22 - [MESSAGE][PASSED] - Object: 'Object Repository/Page_Shop/btn_addToCart' is clicked on

2018-09-19 18:47:22 - [MESSAGE][PASSED] - Wait for page load successfully

2018-09-19 18:47:27 - [MESSAGE][PASSED] - Object 'Object Repository/Page_Shop/lbl_message' is present

2018-09-19 18:47:27 - [MESSAGE][PASSED] - beautytap.ShopAction.addProductToCart is PASSED

2018-09-19 18:47:27 - [TEST_STEP][PASSED] - beautytap.ShopAction.goToCart: beautytap.ShopAction.goToCart is PASSED

2018-09-19 18:47:32 - [MESSAGE][PASSED] - Object: 'Object Repository/Page_General/icon_cart' is clicked on

2018-09-19 18:47:32 - [MESSAGE][PASSED] - Wait for page load successfully

2018-09-19 18:47:32 - [MESSAGE][PASSED] - beautytap.ShopAction.goToCart is PASSED

2018-09-19 18:47:32 - [TEST_STEP][PASSED] - beautytap.ShopAction.processToCheckout: beautytap.ShopAction.processToCheckout is PASSED

2018-09-19 18:47:36 - [MESSAGE][PASSED] - Object: 'Object Repository/Page_Cart/btn_checkout' is clicked on

2018-09-19 18:47:36 - [MESSAGE][PASSED] - Wait for page load successfully

2018-09-19 18:47:36 - [MESSAGE][PASSED] - beautytap.ShopAction.processToCheckout is PASSED

2018-09-19 18:47:36 - [TEST_STEP][PASSED] - beautytap.ShopAction.fillCustomerInformation: beautytap.ShopAction.fillCustomerInformation is PASSED

2018-09-19 18:47:36 - [MESSAGE][PASSED] - Text of object 'Object Repository/Page_Checkout/txt_billingFirstName' is cleared

2018-09-19 18:47:36 - [MESSAGE][PASSED] - Keys 'Test' sent to object: 'Object Repository/Page_Checkout/txt_billingFirstName'

2018-09-19 18:47:37 - [MESSAGE][PASSED] - Text of object 'Object Repository/Page_Checkout/txt_billingLastName' is cleared

2018-09-19 18:47:37 - [MESSAGE][PASSED] - Keys 'Automation' sent to object: 'Object Repository/Page_Checkout/txt_billingLastName'

2018-09-19 18:47:37 - [MESSAGE][PASSED] - All options with label 'United States (US)' are selected in object 'Object Repository/Page_Checkout/drop_billingCountry' 

2018-09-19 18:47:42 - [MESSAGE][PASSED] - Delayed 5 second(s)

2018-09-19 18:47:42 - [MESSAGE][PASSED] - Text of object 'Object Repository/Page_Checkout/txt_billingAddress' is cleared

2018-09-19 18:47:43 - [MESSAGE][PASSED] - Keys '123 Testing' sent to object: 'Object Repository/Page_Checkout/txt_billingAddress'

2018-09-19 18:47:43 - [MESSAGE][PASSED] - Text of object 'Object Repository/Page_Checkout/txt_billingCity' is cleared

2018-09-19 18:47:43 - [MESSAGE][PASSED] - Keys 'New York' sent to object: 'Object Repository/Page_Checkout/txt_billingCity'

2018-09-19 18:47:43 - [MESSAGE][PASSED] - All options with label 'New York' are selected in object 'Object Repository/Page_Checkout/drop_billingState' 

2018-09-19 18:47:43 - [MESSAGE][PASSED] - Text of object 'Object Repository/Page_Checkout/txt_billingZip' is cleared

2018-09-19 18:47:43 - [MESSAGE][PASSED] - Keys '90012' sent to object: 'Object Repository/Page_Checkout/txt_billingZip'

2018-09-19 18:47:43 - [MESSAGE][PASSED] - Text of object 'Object Repository/Page_Checkout/txt_billingEmail' is cleared

2018-09-19 18:47:44 - [MESSAGE][PASSED] - Keys 'trang2408@mailinator.com' sent to object: 'Object Repository/Page_Checkout/txt_billingEmail'

2018-09-19 18:47:44 - [MESSAGE][PASSED] - Object 'Object Repository/Page_Checkout/chk_shipToDifferentAddress' is un-checked

2018-09-19 18:47:44 - [MESSAGE][PASSED] - Text of object 'Object Repository/Page_Checkout/txt_orderNote' is cleared

2018-09-19 18:47:45 - [MESSAGE][PASSED] - Keys 'TC07' sent to object: 'Object Repository/Page_Checkout/txt_orderNote'

2018-09-19 18:47:45 - [MESSAGE][PASSED] - Object 'Object Repository/Page_Checkout/radio_creditCard' is checked

2018-09-19 18:47:50 - [MESSAGE][PASSED] - Delayed 5 second(s)

2018-09-19 18:47:50 - [MESSAGE][PASSED] - beautytap.ShopAction.fillCustomerInformation is PASSED

2018-09-19 18:47:50 - [TEST_STEP][PASSED] - beautytap.ShopAction.VerifyOrderDetailsOnCheckout: Keyword VerifyOrderDetailsOnCheckout is Passed

2018-09-19 18:47:50 - [MESSAGE][PASSED] - Object '' is present

2018-09-19 18:47:50 - [MESSAGE][PASSED] - Text of object '' is: '$95.40'

2018-09-19 18:47:50 - [MESSAGE][PASSED] - Text of object '' is: 'Free shipping for orders over $60
Why does shipping take this long?'

2018-09-19 18:47:50 - [MESSAGE][PASSED] - Text of object '' is: '$95.40'

2018-09-19 18:47:50 - [MESSAGE][PASSED] - Keyword VerifyOrderDetailsOnCheckout is Passed

2018-09-19 18:47:50 - [TEST_STEP][PASSED] - beautytap.ShopAction.VerifyRewardEarned: Keyword VerifyRewardEarned is Passed

2018-09-19 18:47:50 - [MESSAGE][PASSED] - Text of object '' is: 'Status: Beauty Bae ( $95.4 x Rewards Multiplier )'

2018-09-19 18:47:50 - [MESSAGE][PASSED] - Text of object '' is: 'Status: Beauty Bae ( $95.4 x Rewards Multiplier )'

2018-09-19 18:47:50 - [MESSAGE][PASSED] - Text of object '' is: 'Status: Beauty Bae ( $95.4 x Rewards Multiplier )'

2018-09-19 18:47:50 - [MESSAGE][PASSED] - Text of object '' is: 'Multiplier: $95.4 x 1.1'

2018-09-19 18:47:50 - [MESSAGE][PASSED] - Text of object '' is: 'Multiplier: $95.4 x 1.1'

2018-09-19 18:47:51 - [MESSAGE][PASSED] - Text of object '' is: '104.9 Points!'

2018-09-19 18:47:51 - [MESSAGE][PASSED] - Text of object '' is: '104.9 Points!'

2018-09-19 18:47:51 - [MESSAGE][PASSED] - Text of object '' is: 'Multiplier: $95.4 x 1.1'

2018-09-19 18:47:51 - [MESSAGE][PASSED] - Text of object '' is: 'Multiplier: $95.4 x 1.1'

2018-09-19 18:47:51 - [MESSAGE][PASSED] - Text of object '' is: 'Multiplier: $95.4 x 1.1'

2018-09-19 18:47:51 - [MESSAGE][PASSED] - Keyword VerifyRewardEarned is Passed

2018-09-19 18:47:51 - [TEST_STEP][PASSED] - beautytap.ShopAction.checkoutViaCreditCard: beautytap.ShopAction.checkoutViaCreditCard is PASSED

2018-09-19 18:47:51 - [MESSAGE][PASSED] - Object 'Object Repository/Page_Checkout/radio_creditCard' is checked

2018-09-19 18:48:01 - [MESSAGE][PASSED] - Delayed 10 second(s)

2018-09-19 18:48:01 - [MESSAGE][PASSED] - Text of object 'Object Repository/Page_Checkout/txt_cardNumber' is cleared

2018-09-19 18:48:02 - [MESSAGE][PASSED] - Keys '4032036248443549' sent to object: 'Object Repository/Page_Checkout/txt_cardNumber'

2018-09-19 18:48:02 - [MESSAGE][PASSED] - All options with label 'Visa' are selected in object 'Object Repository/Page_Checkout/drop_cardType' 

2018-09-19 18:48:02 - [MESSAGE][PASSED] - All options with label '07' are selected in object 'Object Repository/Page_Checkout/drop_expirationMonth' 

2018-09-19 18:48:02 - [MESSAGE][PASSED] - All options with label '2023' are selected in object 'Object Repository/Page_Checkout/drop_expirationYear' 

2018-09-19 18:48:02 - [MESSAGE][PASSED] - Text of object 'Object Repository/Page_Checkout/txt_cardCVV' is cleared

2018-09-19 18:48:02 - [MESSAGE][PASSED] - Keys '123' sent to object: 'Object Repository/Page_Checkout/txt_cardCVV'

2018-09-19 18:48:02 - [MESSAGE][PASSED] - Object 'Object Repository/Page_Checkout/chk_terms' is checked

2018-09-19 18:48:03 - [MESSAGE][PASSED] - Object: 'Object Repository/Page_Checkout/btn_placeOrder' is clicked on

2018-09-19 18:49:04 - [MESSAGE][WARNING] - Object 'Object Repository/Page_Checkout/lbl_orderReceived' is not present after 60 second(s)

2018-09-19 18:49:04 - [MESSAGE][PASSED] - beautytap.ShopAction.checkoutViaCreditCard is PASSED

2018-09-19 18:49:04 - [TEST_STEP][FAILED] - beautytap.ShopAction.VerifyOrderReceivedDetails: Unable to get text of object '' (Root cause: com.kms.katalon.core.webui.exception.WebElementNotFoundException: Web element with id: '' located by 'By.xpath: //th[text()='Subtotal:']/parent::tr/td/span' not found)

2018-09-19 18:49:36 - [MESSAGE][WARNING] - com.kms.katalon.core.webui.exception.WebElementNotFoundException: Web element with id: '' located by 'By.xpath: //td[@class='woocommerce-table__product-name product-name']/a[contains(text(),'La Muse Correct Care Complete Cushion SPF50+')]/following-sibling::strong[text()='Ã— 3']/parent::td/parent::tr/td[@class='woocommerce-table__product-total product-total']/span[starts-with(text(),'95.4')]' not found
[[ATTACHMENT|E:\\BeautytapAutomation\\beautytapAuto\\Beautytap\\Reports\\TS1\\20180919_184154\\1537357775898.png]]

2018-09-19 18:50:07 - [MESSAGE][FAILED] - Unable to get text of object '' (Root cause: com.kms.katalon.core.webui.exception.WebElementNotFoundException: Web element with id: '' located by 'By.xpath: //th[text()='Subtotal:']/parent::tr/td/span' not found)
[[ATTACHMENT|E:\\BeautytapAutomation\\beautytapAuto\\Beautytap\\Reports\\TS1\\20180919_184154\\1537357807086.png]]

2018-09-19 18:50:07 - [MESSAGE][FAILED] - Unable to get text of object '' (Root cause: com.kms.katalon.core.webui.exception.WebElementNotFoundException: Web element with id: '' located by 'By.xpath: //th[text()='Subtotal:']/parent::tr/td/span' not found)]]></system-out>
         <system-err><![CDATA[2018-09-19 18:46:34 - [TEST_CASE][FAILED] - Test Cases/Shop/TC07_BuyProduct_EarnPendingPoint_EarnRedeemablePoint: Test Cases/Shop/TC07_BuyProduct_EarnPendingPoint_EarnRedeemablePoint FAILED because (of) Unable to get text of object '' (Root cause: com.kms.katalon.core.webui.exception.WebElementNotFoundException: Web element with id: '' located by 'By.xpath: //th[text()='Subtotal:']/parent::tr/td/span' not found)]]></system-err>
      </testcase>
      <testcase name="Test Cases/Shop/TC08_BuyProduct_UsingRewardPoint" classname="Test Cases/Shop/TC08_BuyProduct_UsingRewardPoint" status="FAILED">
         <failure type="FAILED" message="Keyword VerifyOrderDetailsOnCheckout is Failed"/>
         <system-out><![CDATA[2018-09-19 18:50:09 - [TEST_CASE][FAILED] - Test Cases/Shop/TC08_BuyProduct_UsingRewardPoint: Test Cases/Shop/TC08_BuyProduct_UsingRewardPoint FAILED because (of) Keyword VerifyOrderDetailsOnCheckout is Failed

2018-09-19 18:50:09 - [TEST_STEP][PASSED] - Statement - username = USER_EMAIL: null

2018-09-19 18:50:09 - [TEST_STEP][PASSED] - Statement - password = USER_PASSWORD: null

2018-09-19 18:50:10 - [TEST_STEP][PASSED] - Statement - productName = SIMPLE_PRODUCT: null

2018-09-19 18:50:10 - [TEST_STEP][PASSED] - Statement - price = SIMPLE_PRODUCT_PRICE: null

2018-09-19 18:50:10 - [TEST_STEP][PASSED] - Statement - quantity = 3: null

2018-09-19 18:50:10 - [TEST_STEP][PASSED] - Statement - shippingLabel = FREE_SHIPPING_LABEL: null

2018-09-19 18:50:10 - [TEST_STEP][PASSED] - Statement - shippingPrice = 0: null

2018-09-19 18:50:10 - [TEST_STEP][PASSED] - Statement - pointUsed = 60: null

2018-09-19 18:50:10 - [TEST_STEP][PASSED] - Statement - pointValueUsed = 2: null

2018-09-19 18:50:10 - [TEST_STEP][PASSED] - Statement - subtotal = CustomKeywords.beautytap.ShopAction.calculateTotal(quantity, price): beautytap.ShopAction.calculateTotal is PASSED

2018-09-19 18:50:10 - [MESSAGE][PASSED] - beautytap.ShopAction.calculateTotal is PASSED

2018-09-19 18:50:10 - [TEST_STEP][PASSED] - Statement - subtotalApplyReward = java.lang.Float.parseFloat(java.lang.String.format("%.2f", subtotal - pointValueUsed)): null

2018-09-19 18:50:10 - [TEST_STEP][PASSED] - Statement - total = java.lang.Float.parseFloat(java.lang.String.format("%.2f", subtotal - pointValueUsed + shippingPrice)): null

2018-09-19 18:50:10 - [TEST_STEP][PASSED] - Statement - products = new org.json.JSONArray((((((([{"productname":" + productName) + ","variation":"","quantity":") + quantity) + ","price":") + price) + "}])): null

2018-09-19 18:50:10 - [TEST_STEP][PASSED] - Statement - billingInformation = new org.json.JSONObject((({"firstname":"Test","lastname":"Automation","country":"United States (US)","address":"123 Testing","city":"New York","state":"New York","zip":"90012","email":" + username) + "})): null

2018-09-19 18:50:10 - [TEST_STEP][PASSED] - Statement - paymentMethod = "Credit Card Payment": null

2018-09-19 18:50:10 - [TEST_STEP][PASSED] - beautytap.GeneralAction.openBeautytap: beautytap.GeneralAction.openBeautytap is PASSED

2018-09-19 18:50:10 - [MESSAGE][WARNING] - A browser is already opened. Closing browser and opening a new one

2018-09-19 18:50:23 - [MESSAGE][PASSED] - Browser is opened with url: 'https://stage.beautytap.com'

2018-09-19 18:50:24 - [MESSAGE][PASSED] - Current window maximized

2018-09-19 18:50:28 - [MESSAGE][PASSED] - Refresh successfully

2018-09-19 18:50:28 - [MESSAGE][PASSED] - Wait for page load successfully

2018-09-19 18:50:28 - [MESSAGE][PASSED] - beautytap.GeneralAction.openBeautytap is PASSED

2018-09-19 18:50:28 - [TEST_STEP][PASSED] - beautytap.GeneralAction.clickNavigationMenu: beautytap.GeneralAction.clickNavigationMenu is PASSED

2018-09-19 18:50:30 - [MESSAGE][PASSED] - Object: 'Object Repository/Page_General/link_login' is clicked on

2018-09-19 18:50:30 - [MESSAGE][PASSED] - Wait for page load successfully

2018-09-19 18:50:30 - [MESSAGE][PASSED] - beautytap.GeneralAction.clickNavigationMenu is PASSED

2018-09-19 18:50:30 - [TEST_STEP][PASSED] - beautytap.GeneralAction.login: beautytap.GeneralAction.login is PASSED

2018-09-19 18:50:30 - [MESSAGE][PASSED] - Text of object 'Object Repository/Page_login/txt_username' is cleared

2018-09-19 18:50:30 - [MESSAGE][PASSED] - Keys 'trang2408@mailinator.com' sent to object: 'Object Repository/Page_login/txt_username'

2018-09-19 18:50:31 - [MESSAGE][PASSED] - Text of object 'Object Repository/Page_login/txt_password' is cleared

2018-09-19 18:50:31 - [MESSAGE][PASSED] - Keys '123456' sent to object: 'Object Repository/Page_login/txt_password'

2018-09-19 18:50:31 - [MESSAGE][PASSED] - Object: 'Object Repository/Page_login/btn_login' is clicked on

2018-09-19 18:50:31 - [MESSAGE][PASSED] - Wait for page load successfully

2018-09-19 18:50:31 - [MESSAGE][PASSED] - beautytap.GeneralAction.login is PASSED

2018-09-19 18:50:31 - [TEST_STEP][PASSED] - beautytap.GeneralAction.selectProfileMenu: beautytap.GeneralAction.selectProfileMenu is PASSED

2018-09-19 18:50:40 - [MESSAGE][PASSED] - Object: 'Object Repository/Page_General/link_avatar' is clicked on

2018-09-19 18:50:42 - [MESSAGE][PASSED] - Delayed 2 second(s)

2018-09-19 18:50:45 - [MESSAGE][PASSED] - Object: '' is clicked on

2018-09-19 18:50:45 - [MESSAGE][PASSED] - Wait for page load successfully

2018-09-19 18:50:45 - [MESSAGE][PASSED] - beautytap.GeneralAction.selectProfileMenu is PASSED

2018-09-19 18:50:45 - [TEST_STEP][PASSED] - Statement - objReward = CustomKeywords.beautytap.ShopAction.getRewardDetails(): beautytap.ShopAction.getRewardDetails is PASSED

2018-09-19 18:50:45 - [MESSAGE][PASSED] - Text of object '' is: '1.1 x Rewards Multiplier!'

2018-09-19 18:50:45 - [MESSAGE][PASSED] - Text of object '' is: '1.1 x Rewards Multiplier!'

2018-09-19 18:50:45 - [MESSAGE][PASSED] - Text of object '' is: '3727.25'

2018-09-19 18:50:45 - [MESSAGE][PASSED] - Text of object '' is: '2744.82'

2018-09-19 18:50:45 - [MESSAGE][PASSED] - Text of object '' is: '1837.25'

2018-09-19 18:50:45 - [MESSAGE][PASSED] - Text of object '' is: '$92.00'

2018-09-19 18:50:45 - [MESSAGE][PASSED] - Text of object '' is: 'Beauty Bae'

2018-09-19 18:50:45 - [MESSAGE][PASSED] - beautytap.ShopAction.getRewardDetails is PASSED

2018-09-19 18:50:45 - [TEST_STEP][PASSED] - Statement - multiplier = java.lang.Float.parseFloat(objReward.get("multiplier")): null

2018-09-19 18:50:45 - [TEST_STEP][PASSED] - Statement - currentlevel = objReward.get("currentlevel"): null

2018-09-19 18:50:45 - [TEST_STEP][PASSED] - Statement - lifetime = java.lang.Float.parseFloat(objReward.get("lifetime")): null

2018-09-19 18:50:45 - [TEST_STEP][PASSED] - Statement - pending = java.lang.Float.parseFloat(objReward.get("pending")): null

2018-09-19 18:50:45 - [TEST_STEP][PASSED] - Statement - redeemable = java.lang.Float.parseFloat(objReward.get("redeemable")): null

2018-09-19 18:50:45 - [TEST_STEP][PASSED] - Statement - pointvalue = java.lang.Float.parseFloat(objReward.get("pointvalue")): null

2018-09-19 18:50:45 - [TEST_STEP][PASSED] - Statement - rewardEarned = java.lang.Float.parseFloat(java.lang.String.format("%.2f", multiplier * subtotal - pointValueUsed)): null

2018-09-19 18:50:45 - [TEST_STEP][PASSED] - beautytap.ShopAction.globalSearch: beautytap.ShopAction.globalSearch is PASSED

2018-09-19 18:50:46 - [MESSAGE][PASSED] - Object: 'Object Repository/Page_General/icon_search' is clicked on

2018-09-19 18:50:51 - [MESSAGE][PASSED] - Delayed 5 second(s)

2018-09-19 18:50:51 - [MESSAGE][PASSED] - Text of object 'Object Repository/Page_General/txt_search' is cleared

2018-09-19 18:50:51 - [MESSAGE][PASSED] - Keys 'CONTROL + v' sent to object: 'Object Repository/Page_General/txt_search'

2018-09-19 18:50:52 - [MESSAGE][PASSED] - Object 'Object Repository/Page_General/div_searchResult' is present

2018-09-19 18:50:52 - [MESSAGE][PASSED] - beautytap.ShopAction.globalSearch is PASSED

2018-09-19 18:50:52 - [TEST_STEP][PASSED] - beautytap.ShopAction.selectProductOnSearchResult: beautytap.ShopAction.selectProductOnSearchResult is PASSED

2018-09-19 18:50:58 - [MESSAGE][PASSED] - Object: '' is clicked on

2018-09-19 18:50:58 - [MESSAGE][PASSED] - Wait for page load successfully

2018-09-19 18:50:58 - [MESSAGE][PASSED] - beautytap.ShopAction.selectProductOnSearchResult is PASSED

2018-09-19 18:50:58 - [TEST_STEP][PASSED] - beautytap.ShopAction.addProductToCart: beautytap.ShopAction.addProductToCart is PASSED

2018-09-19 18:50:58 - [MESSAGE][PASSED] - Text of object 'Object Repository/Page_Shop/txt_quantity' is cleared

2018-09-19 18:50:58 - [MESSAGE][PASSED] - Keys '3' sent to object: 'Object Repository/Page_Shop/txt_quantity'

2018-09-19 18:50:59 - [MESSAGE][PASSED] - Object: 'Object Repository/Page_Shop/btn_addToCart' is clicked on

2018-09-19 18:50:59 - [MESSAGE][PASSED] - Wait for page load successfully

2018-09-19 18:51:04 - [MESSAGE][PASSED] - Object 'Object Repository/Page_Shop/lbl_message' is present

2018-09-19 18:51:04 - [MESSAGE][PASSED] - beautytap.ShopAction.addProductToCart is PASSED

2018-09-19 18:51:04 - [TEST_STEP][PASSED] - beautytap.ShopAction.goToCart: beautytap.ShopAction.goToCart is PASSED

2018-09-19 18:51:08 - [MESSAGE][PASSED] - Object: 'Object Repository/Page_General/icon_cart' is clicked on

2018-09-19 18:51:08 - [MESSAGE][PASSED] - Wait for page load successfully

2018-09-19 18:51:08 - [MESSAGE][PASSED] - beautytap.ShopAction.goToCart is PASSED

2018-09-19 18:51:08 - [TEST_STEP][PASSED] - beautytap.ShopAction.processToCheckout: beautytap.ShopAction.processToCheckout is PASSED

2018-09-19 18:51:12 - [MESSAGE][PASSED] - Object: 'Object Repository/Page_Cart/btn_checkout' is clicked on

2018-09-19 18:51:12 - [MESSAGE][PASSED] - Wait for page load successfully

2018-09-19 18:51:12 - [MESSAGE][PASSED] - beautytap.ShopAction.processToCheckout is PASSED

2018-09-19 18:51:12 - [TEST_STEP][PASSED] - beautytap.ShopAction.applyLoyaltyRewardPoint: beautytap.ShopAction.applyLoyaltyRewardPoint is PASSED

2018-09-19 18:51:13 - [MESSAGE][PASSED] - Object: 'Object Repository/Page_Checkout/link_clickToRedeem' is clicked on

2018-09-19 18:51:13 - [MESSAGE][PASSED] - Object '' is checked

2018-09-19 18:51:13 - [MESSAGE][PASSED] - Object: 'Object Repository/Page_Checkout/btn_applyReward' is clicked on

2018-09-19 18:51:14 - [MESSAGE][PASSED] - Object '' is present

2018-09-19 18:51:14 - [MESSAGE][PASSED] - beautytap.ShopAction.applyLoyaltyRewardPoint is PASSED

2018-09-19 18:51:14 - [TEST_STEP][PASSED] - beautytap.ShopAction.fillCustomerInformation: beautytap.ShopAction.fillCustomerInformation is PASSED

2018-09-19 18:51:14 - [MESSAGE][PASSED] - Text of object 'Object Repository/Page_Checkout/txt_billingFirstName' is cleared

2018-09-19 18:51:14 - [MESSAGE][PASSED] - Keys 'Test' sent to object: 'Object Repository/Page_Checkout/txt_billingFirstName'

2018-09-19 18:51:14 - [MESSAGE][PASSED] - Text of object 'Object Repository/Page_Checkout/txt_billingLastName' is cleared

2018-09-19 18:51:14 - [MESSAGE][PASSED] - Keys 'Automation' sent to object: 'Object Repository/Page_Checkout/txt_billingLastName'

2018-09-19 18:51:15 - [MESSAGE][PASSED] - All options with label 'United States (US)' are selected in object 'Object Repository/Page_Checkout/drop_billingCountry' 

2018-09-19 18:51:20 - [MESSAGE][PASSED] - Delayed 5 second(s)

2018-09-19 18:51:20 - [MESSAGE][PASSED] - Text of object 'Object Repository/Page_Checkout/txt_billingAddress' is cleared

2018-09-19 18:51:20 - [MESSAGE][PASSED] - Keys '123 Testing' sent to object: 'Object Repository/Page_Checkout/txt_billingAddress'

2018-09-19 18:51:20 - [MESSAGE][PASSED] - Text of object 'Object Repository/Page_Checkout/txt_billingCity' is cleared

2018-09-19 18:51:21 - [MESSAGE][PASSED] - Keys 'New York' sent to object: 'Object Repository/Page_Checkout/txt_billingCity'

2018-09-19 18:51:21 - [MESSAGE][PASSED] - All options with label 'New York' are selected in object 'Object Repository/Page_Checkout/drop_billingState' 

2018-09-19 18:51:21 - [MESSAGE][PASSED] - Text of object 'Object Repository/Page_Checkout/txt_billingZip' is cleared

2018-09-19 18:51:21 - [MESSAGE][PASSED] - Keys '90012' sent to object: 'Object Repository/Page_Checkout/txt_billingZip'

2018-09-19 18:51:21 - [MESSAGE][PASSED] - Text of object 'Object Repository/Page_Checkout/txt_billingEmail' is cleared

2018-09-19 18:51:22 - [MESSAGE][PASSED] - Keys 'trang2408@mailinator.com' sent to object: 'Object Repository/Page_Checkout/txt_billingEmail'

2018-09-19 18:51:22 - [MESSAGE][PASSED] - Object 'Object Repository/Page_Checkout/chk_shipToDifferentAddress' is un-checked

2018-09-19 18:51:22 - [MESSAGE][PASSED] - Text of object 'Object Repository/Page_Checkout/txt_orderNote' is cleared

2018-09-19 18:51:22 - [MESSAGE][PASSED] - Keys 'TC08_checkout with reward' sent to object: 'Object Repository/Page_Checkout/txt_orderNote'

2018-09-19 18:51:22 - [MESSAGE][PASSED] - Object 'Object Repository/Page_Checkout/radio_creditCard' is checked

2018-09-19 18:51:27 - [MESSAGE][PASSED] - Delayed 5 second(s)

2018-09-19 18:51:27 - [MESSAGE][PASSED] - beautytap.ShopAction.fillCustomerInformation is PASSED

2018-09-19 18:51:27 - [TEST_STEP][FAILED] - beautytap.ShopAction.VerifyOrderDetailsOnCheckout: Keyword VerifyOrderDetailsOnCheckout is Failed

2018-09-19 18:51:59 - [MESSAGE][WARNING] - com.kms.katalon.core.webui.exception.WebElementNotFoundException: Web element with id: '' located by 'By.xpath: //td[@class='product-name' and contains(text(),'La Muse Correct Care Complete Cushion SPF50+')]/strong[@class='product-quantity' and text()='Ã— 3']/ancestor::tr/td[@class='product-total']/span[starts-with(text(),'95.4')]' not found
[[ATTACHMENT|E:\\BeautytapAutomation\\beautytapAuto\\Beautytap\\Reports\\TS1\\20180919_184154\\1537357918897.png]]

2018-09-19 18:51:59 - [MESSAGE][PASSED] - Text of object '' is: '$190.80'

2018-09-19 18:51:59 - [MESSAGE][PASSED] - Text of object '' is: '60 points used'

2018-09-19 18:51:59 - [MESSAGE][PASSED] - Text of object '' is: '60 points used'

2018-09-19 18:51:59 - [MESSAGE][PASSED] - Text of object '' is: '$2.00'

2018-09-19 18:51:59 - [MESSAGE][PASSED] - Text of object '' is: 'Free shipping for orders over $60
Why does shipping take this long?'

2018-09-19 18:51:59 - [MESSAGE][PASSED] - Text of object '' is: '$188.80'

2018-09-19 18:51:59 - [MESSAGE][FAILED] - Keyword VerifyOrderDetailsOnCheckout is Failed

2018-09-19 18:51:59 - [TEST_STEP][FAILED] - beautytap.ShopAction.VerifyRewardEarned: Keyword VerifyRewardEarned is Failed

2018-09-19 18:51:59 - [MESSAGE][PASSED] - Text of object '' is: 'Status: Beauty Bae ( $188.8 x Rewards Multiplier )'

2018-09-19 18:51:59 - [MESSAGE][PASSED] - Text of object '' is: 'Status: Beauty Bae ( $188.8 x Rewards Multiplier )'

2018-09-19 18:51:59 - [MESSAGE][PASSED] - Text of object '' is: 'Status: Beauty Bae ( $188.8 x Rewards Multiplier )'

2018-09-19 18:51:59 - [MESSAGE][PASSED] - Text of object '' is: 'Multiplier: $188.8 x 1.1'

2018-09-19 18:51:59 - [MESSAGE][PASSED] - Text of object '' is: 'Multiplier: $188.8 x 1.1'

2018-09-19 18:51:59 - [MESSAGE][PASSED] - Text of object '' is: '207.7 Points!'

2018-09-19 18:51:59 - [MESSAGE][PASSED] - Text of object '' is: '207.7 Points!'

2018-09-19 18:51:59 - [MESSAGE][PASSED] - Text of object '' is: 'Multiplier: $188.8 x 1.1'

2018-09-19 18:51:59 - [MESSAGE][PASSED] - Text of object '' is: 'Multiplier: $188.8 x 1.1'

2018-09-19 18:51:59 - [MESSAGE][PASSED] - Text of object '' is: 'Multiplier: $188.8 x 1.1'

2018-09-19 18:51:59 - [MESSAGE][FAILED] - Keyword VerifyRewardEarned is Failed

2018-09-19 18:51:59 - [TEST_STEP][PASSED] - beautytap.ShopAction.checkoutViaCreditCard: beautytap.ShopAction.checkoutViaCreditCard is PASSED

2018-09-19 18:52:00 - [MESSAGE][PASSED] - Object 'Object Repository/Page_Checkout/radio_creditCard' is checked

2018-09-19 18:52:10 - [MESSAGE][PASSED] - Delayed 10 second(s)

2018-09-19 18:52:10 - [MESSAGE][PASSED] - Text of object 'Object Repository/Page_Checkout/txt_cardNumber' is cleared

2018-09-19 18:52:10 - [MESSAGE][PASSED] - Keys '4032036248443549' sent to object: 'Object Repository/Page_Checkout/txt_cardNumber'

2018-09-19 18:52:10 - [MESSAGE][PASSED] - All options with label 'Visa' are selected in object 'Object Repository/Page_Checkout/drop_cardType' 

2018-09-19 18:52:10 - [MESSAGE][PASSED] - All options with label '07' are selected in object 'Object Repository/Page_Checkout/drop_expirationMonth' 

2018-09-19 18:52:10 - [MESSAGE][PASSED] - All options with label '2023' are selected in object 'Object Repository/Page_Checkout/drop_expirationYear' 

2018-09-19 18:52:11 - [MESSAGE][PASSED] - Text of object 'Object Repository/Page_Checkout/txt_cardCVV' is cleared

2018-09-19 18:52:11 - [MESSAGE][PASSED] - Keys '123' sent to object: 'Object Repository/Page_Checkout/txt_cardCVV'

2018-09-19 18:52:11 - [MESSAGE][PASSED] - Object 'Object Repository/Page_Checkout/chk_terms' is checked

2018-09-19 18:52:11 - [MESSAGE][PASSED] - Object: 'Object Repository/Page_Checkout/btn_placeOrder' is clicked on

2018-09-19 18:53:13 - [MESSAGE][WARNING] - Object 'Object Repository/Page_Checkout/lbl_orderReceived' is not present after 60 second(s)

2018-09-19 18:53:13 - [MESSAGE][PASSED] - beautytap.ShopAction.checkoutViaCreditCard is PASSED

2018-09-19 18:53:13 - [TEST_STEP][FAILED] - beautytap.ShopAction.VerifyOrderReceivedDetails: Unable to get text of object '' (Root cause: com.kms.katalon.core.webui.exception.WebElementNotFoundException: Web element with id: '' located by 'By.xpath: //th[text()='Subtotal:']/parent::tr/td/span' not found)

2018-09-19 18:53:45 - [MESSAGE][WARNING] - com.kms.katalon.core.webui.exception.WebElementNotFoundException: Web element with id: '' located by 'By.xpath: //td[@class='woocommerce-table__product-name product-name']/a[contains(text(),'La Muse Correct Care Complete Cushion SPF50+')]/following-sibling::strong[text()='Ã— 3']/parent::td/parent::tr/td[@class='woocommerce-table__product-total product-total']/span[starts-with(text(),'95.4')]' not found
[[ATTACHMENT|E:\\BeautytapAutomation\\beautytapAuto\\Beautytap\\Reports\\TS1\\20180919_184154\\1537358024792.png]]

2018-09-19 18:54:16 - [MESSAGE][FAILED] - Unable to get text of object '' (Root cause: com.kms.katalon.core.webui.exception.WebElementNotFoundException: Web element with id: '' located by 'By.xpath: //th[text()='Subtotal:']/parent::tr/td/span' not found)
[[ATTACHMENT|E:\\BeautytapAutomation\\beautytapAuto\\Beautytap\\Reports\\TS1\\20180919_184154\\1537358056069.png]]

2018-09-19 18:54:16 - [MESSAGE][FAILED] - Unable to get text of object '' (Root cause: com.kms.katalon.core.webui.exception.WebElementNotFoundException: Web element with id: '' located by 'By.xpath: //th[text()='Subtotal:']/parent::tr/td/span' not found)]]></system-out>
         <system-err><![CDATA[2018-09-19 18:50:09 - [TEST_CASE][FAILED] - Test Cases/Shop/TC08_BuyProduct_UsingRewardPoint: Test Cases/Shop/TC08_BuyProduct_UsingRewardPoint FAILED because (of) Keyword VerifyOrderDetailsOnCheckout is Failed]]></system-err>
      </testcase>
      <system-out><![CDATA[2018-09-19 18:41:56 - [TEST_SUITE][FAILED] - TS1: Test Cases/Shop/TC07_BuyProduct_EarnPendingPoint_EarnRedeemablePoint FAILED because (of) Unable to get text of object '' (Root cause: com.kms.katalon.core.webui.exception.WebElementNotFoundException: Web element with id: '' located by 'By.xpath: //th[text()='Subtotal:']/parent::tr/td/span' not found)]]></system-out>
      <system-err><![CDATA[2018-09-19 18:41:56 - [TEST_SUITE][FAILED] - TS1: Test Cases/Shop/TC07_BuyProduct_EarnPendingPoint_EarnRedeemablePoint FAILED because (of) Unable to get text of object '' (Root cause: com.kms.katalon.core.webui.exception.WebElementNotFoundException: Web element with id: '' located by 'By.xpath: //th[text()='Subtotal:']/parent::tr/td/span' not found)]]></system-err>
   </testsuite>
</testsuites>
